2025-12-28 00:11:54.361 | INFO     | BLE Operation Logger iniciado: ble_operations_A08869B6F7D2_20251228_001154.log
2025-12-28 00:11:54.362 | INFO     | Scanner BLE iniciado: hci0 (A0:88:69:B6:F7:D2)
2025-12-28 00:11:54.362 | INFO     | BLE Client iniciado
2025-12-28 00:11:54.363 | INFO     | A fazer scan BLE durante 5000ms...
2025-12-28 00:11:54.363 | INFO     | [OP-20251228_001154-0001] SCAN_START | Duration: 5000ms | Filter_IoT: False
2025-12-28 00:11:59.569 | DEBUG    |   Encontrado: Unknown (4E:9F:32:BB:02:77) RSSI: -92 dBm
2025-12-28 00:11:59.570 | DEBUG    |   Encontrado: IoT-Node (E0:D3:62:D6:EE:A0) RSSI: -64 dBm
2025-12-28 00:11:59.571 | DEBUG    |   Encontrado: [TV] Samsung 7 Series (65) (FC:03:9F:1D:14:49) RSSI: -93 dBm
2025-12-28 00:11:59.571 | INFO     | Scan concluído: 3 dispositivos encontrados
2025-12-28 00:11:59.572 | INFO     | [OP-20251228_001154-0002] SCAN_RESULT | Devices_Found: 3
2025-12-28 00:11:59.573 | DEBUG    | [OP-20251228_001154-0002]   Device_1: Name: Unknown | Address: 4E:9F:32:BB:02:77 | RSSI: -92 dBm | Services: 0
2025-12-28 00:11:59.573 | DEBUG    | [OP-20251228_001154-0002]   Device_2: Name: IoT-Node | Address: E0:D3:62:D6:EE:A0 | RSSI: -64 dBm | Services: 4
2025-12-28 00:11:59.573 | DEBUG    | [OP-20251228_001154-0002]   Device_3: Name: [TV] Samsung 7 Series (65) | Address: FC:03:9F:1D:14:49 | RSSI: -93 dBm | Services: 0
2025-12-28 00:11:59.575 | DEBUG    | BLEConnection criada para E0:D3:62:D6:EE:A0
2025-12-28 00:11:59.575 | INFO     | A conectar a E0:D3:62:D6:EE:A0...
2025-12-28 00:11:59.576 | INFO     | [OP-20251228_001154-0003] CONNECT_ATTEMPT | Local: A0:88:69:B6:F7:D2 | Remote: E0:D3:62:D6:EE:A0
2025-12-28 00:12:03.926 | INFO     | ✅ Conectado a E0:D3:62:D6:EE:A0
2025-12-28 00:12:03.926 | INFO     | [OP-20251228_001154-0004] CONNECT_SUCCESS | Remote: E0:D3:62:D6:EE:A0 | Time: 4348.75ms
2025-12-28 00:12:06.659 | INFO     | Desconectado de E0:D3:62:D6:EE:A0
2025-12-28 00:12:06.661 | INFO     | [OP-20251228_001154-0005] DISCONNECT | Remote: E0:D3:62:D6:EE:A0 | Reason: normal
