2025-12-29 15:57:41.854 | INFO     | BLE Operation Logger iniciado: ble_operations_A08869B6F7D2_20251229_155741.log
2025-12-29 15:57:41.855 | INFO     | Scanner BLE iniciado: hci0 (A0:88:69:B6:F7:D2)
2025-12-29 15:57:41.855 | INFO     | BLE Client iniciado
2025-12-29 15:57:41.856 | INFO     | BLE Client criado
2025-12-29 15:57:41.856 | INFO     | NeighborDiscovery inicializado: scan_interval=30s, scan_duration=5000ms, timeout=120s
2025-12-29 15:57:41.856 | INFO     | NeighborDiscovery criado
2025-12-29 15:57:41.857 | INFO     | Link Manager iniciado
2025-12-29 15:57:41.857 | INFO     | LinkManager criado
2025-12-29 15:57:47.990 | INFO     | A iniciar scan de vizinhos...
2025-12-29 15:57:47.991 | DEBUG    | A limpar cache de scan BLE...
2025-12-29 15:57:48.102 | DEBUG    | Cache de scan limpo
2025-12-29 15:57:48.103 | INFO     | A fazer scan BLE durante 5000ms...
2025-12-29 15:57:48.104 | INFO     | [OP-20251229_155741-0001] SCAN_START | Duration: 5000ms | Filter_IoT: True
2025-12-29 15:57:53.126 | INFO     | Scan concluído: 0 dispositivos encontrados
2025-12-29 15:57:53.128 | INFO     | [OP-20251229_155741-0002] SCAN_RESULT | Devices_Found: 0
2025-12-29 15:57:53.130 | INFO     | Scan concluído: 0 dispositivos IoT encontrados
2025-12-29 15:57:55.676 | INFO     | A iniciar scan de vizinhos...
2025-12-29 15:57:55.678 | DEBUG    | A limpar cache de scan BLE...
2025-12-29 15:57:55.790 | DEBUG    | Cache de scan limpo
2025-12-29 15:57:55.791 | INFO     | A fazer scan BLE durante 5000ms...
2025-12-29 15:57:55.794 | INFO     | [OP-20251229_155741-0003] SCAN_START | Duration: 5000ms | Filter_IoT: True
2025-12-29 15:58:00.816 | INFO     | Scan concluído: 0 dispositivos encontrados
2025-12-29 15:58:00.817 | INFO     | [OP-20251229_155741-0004] SCAN_RESULT | Devices_Found: 0
2025-12-29 15:58:00.818 | INFO     | Scan concluído: 0 dispositivos IoT encontrados
2025-12-29 15:58:02.468 | INFO     | A iniciar scan de vizinhos...
2025-12-29 15:58:02.470 | DEBUG    | Aguardando 0.3s para limpar cache BLE...
2025-12-29 15:58:02.820 | DEBUG    | A limpar cache de scan BLE...
2025-12-29 15:58:02.950 | DEBUG    | Cache de scan limpo
2025-12-29 15:58:02.951 | INFO     | A fazer scan BLE durante 5000ms...
2025-12-29 15:58:02.953 | INFO     | [OP-20251229_155741-0005] SCAN_START | Duration: 5000ms | Filter_IoT: True
2025-12-29 15:58:07.977 | INFO     | Scan concluído: 0 dispositivos encontrados
2025-12-29 15:58:07.978 | INFO     | [OP-20251229_155741-0006] SCAN_RESULT | Devices_Found: 0
2025-12-29 15:58:07.980 | INFO     | Scan concluído: 0 dispositivos IoT encontrados
2025-12-29 15:58:12.715 | INFO     | A iniciar scan de vizinhos...
2025-12-29 15:58:12.716 | DEBUG    | A limpar cache de scan BLE...
2025-12-29 15:58:12.827 | DEBUG    | Cache de scan limpo
2025-12-29 15:58:12.828 | INFO     | A fazer scan BLE durante 5000ms...
2025-12-29 15:58:12.829 | INFO     | [OP-20251229_155741-0007] SCAN_START | Duration: 5000ms | Filter_IoT: True
2025-12-29 15:58:17.846 | INFO     | Scan concluído: 0 dispositivos encontrados
2025-12-29 15:58:17.848 | INFO     | [OP-20251229_155741-0008] SCAN_RESULT | Devices_Found: 0
2025-12-29 15:58:17.850 | INFO     | Scan concluído: 0 dispositivos IoT encontrados
2025-12-29 15:58:30.154 | INFO     | A iniciar scan de vizinhos...
2025-12-29 15:58:30.155 | DEBUG    | A limpar cache de scan BLE...
2025-12-29 15:58:30.268 | DEBUG    | Cache de scan limpo
2025-12-29 15:58:30.268 | INFO     | A fazer scan BLE durante 5000ms...
2025-12-29 15:58:30.270 | INFO     | [OP-20251229_155741-0009] SCAN_START | Duration: 5000ms | Filter_IoT: True
2025-12-29 15:58:35.294 | INFO     | Scan concluído: 0 dispositivos encontrados
2025-12-29 15:58:35.295 | INFO     | [OP-20251229_155741-0010] SCAN_RESULT | Devices_Found: 0
2025-12-29 15:58:35.296 | INFO     | Scan concluído: 0 dispositivos IoT encontrados
