2026-01-02 20:54:55.527 | INFO     | BLE Operation Logger iniciado: ble_operations_E0D362D6EEA0_20260102_205455.log
2026-01-02 20:54:55.528 | INFO     | Scanner BLE iniciado: hci0 (E0:D3:62:D6:EE:A0)
2026-01-02 20:54:55.529 | INFO     | BLE Client iniciado
2026-01-02 20:54:55.529 | DEBUG    | FragmentReassembler inicializado
2026-01-02 20:54:55.529 | INFO     | IoT Node inicializado (adapter=hci0)
2026-01-02 20:54:55.530 | INFO     | A configurar GATT Server...
2026-01-02 20:54:55.532 | INFO     | Application criada: /
2026-01-02 20:54:55.533 | INFO     | Service criado: /0 (UUID: 12340000-0000-1000-8000-00805f9b34fb, primary: True)
2026-01-02 20:54:55.533 | INFO     | A criar IoTNetworkService...
2026-01-02 20:54:55.534 | DEBUG    | Characteristic criada: /0/char0 (UUID: 12340001-0000-1000-8000-00805f9b34fb, flags: ['write', 'notify'])
2026-01-02 20:54:55.534 | INFO     | NetworkPacketCharacteristic criada
2026-01-02 20:54:55.535 | DEBUG    | Characteristic criada: /0/char1 (UUID: 12340002-0000-1000-8000-00805f9b34fb, flags: ['read'])
2026-01-02 20:54:55.535 | INFO     | DeviceInfoCharacteristic criada: NID=74383752..., type=node
2026-01-02 20:54:55.537 | DEBUG    | Characteristic criada: /0/char2 (UUID: 12340003-0000-1000-8000-00805f9b34fb, flags: ['read', 'notify'])
2026-01-02 20:54:55.538 | INFO     | NeighborTableCharacteristic criada
2026-01-02 20:54:55.539 | DEBUG    | Characteristic criada: /0/char3 (UUID: 12340004-0000-1000-8000-00805f9b34fb, flags: ['write', 'indicate'])
2026-01-02 20:54:55.539 | INFO     | AuthCharacteristic criada
2026-01-02 20:54:55.540 | DEBUG    | Characteristic adicionada a /0: /0/char0
2026-01-02 20:54:55.540 | DEBUG    | Characteristic adicionada a /0: /0/char1
2026-01-02 20:54:55.541 | DEBUG    | Characteristic adicionada a /0: /0/char2
2026-01-02 20:54:55.541 | DEBUG    | Characteristic adicionada a /0: /0/char3
2026-01-02 20:54:55.541 | INFO     | ✅ IoTNetworkService criado com sucesso!
2026-01-02 20:54:55.542 | INFO     | Service adicionado à aplicação: /0
2026-01-02 20:54:55.543 | DEBUG    | Packet callback definido
2026-01-02 20:54:55.543 | DEBUG    | Auth callback definido
2026-01-02 20:54:55.543 | INFO     | Advertisement criado: /org/bluez/iot/advertisement0 (type: peripheral)
2026-01-02 20:54:55.544 | INFO     | ✅ Service UUID adicionado ao advertising: 12340000-0000-1000-8000-00805f9b34fb
2026-01-02 20:54:55.544 | INFO     |    Lista atual de UUIDs: ['12340000-0000-1000-8000-00805f9b34fb']
2026-01-02 20:54:55.545 | DEBUG    | Local name definido: IoT-Node-74383752
2026-01-02 20:54:55.545 | DEBUG    | Manufacturer data adicionado: ID=65535
2026-01-02 20:54:55.545 | INFO     | ✅ GATT Server configurado
2026-01-02 20:54:55.546 | INFO     | A iniciar GATT Server...
2026-01-02 20:54:55.549 | INFO     | ✅ GATT Server iniciado em thread separada
2026-01-02 20:54:55.549 | INFO     | ✅ Node Device iniciado - CLI interativo pronto
2026-01-02 20:54:55.613 | DEBUG    | GetManagedObjects called
2026-01-02 20:54:55.614 | DEBUG    | GetManagedObjects returning 5 objects
2026-01-02 20:54:55.675 | INFO     | ✅ GATT application registada!
2026-01-02 20:54:55.676 | DEBUG    | GetAll called on /org/bluez/iot/advertisement0
2026-01-02 20:54:55.676 | INFO     | 📡 Advertising com ServiceUUIDs: ['12340000-0000-1000-8000-00805f9b34fb']
2026-01-02 20:54:55.779 | INFO     | ✅ Advertisement registado!
2026-01-02 20:55:02.504 | INFO     | A fazer scan BLE durante 5000ms...
2026-01-02 20:55:02.505 | INFO     | [OP-20260102_205455-0001] SCAN_START | Duration: 5000ms | Filter_IoT: True
2026-01-02 20:55:07.624 | DEBUG    |   Encontrado: IoT-Sink-54c225f2 (E0:D3:62:D7:47:03) RSSI: -44 dBm
2026-01-02 20:55:07.625 | INFO     | Scan concluído: 1 dispositivos encontrados
2026-01-02 20:55:07.627 | INFO     | [OP-20260102_205455-0002] SCAN_RESULT | Devices_Found: 1
2026-01-02 20:55:07.628 | DEBUG    | [OP-20260102_205455-0002]   Device_1: Name: IoT-Sink-54c225f2 | Address: E0:D3:62:D7:47:03 | RSSI: -44 dBm | Services: 1
2026-01-02 20:55:07.628 | INFO     | A fazer scan BLE durante 5000ms...
2026-01-02 20:55:07.630 | INFO     | [OP-20260102_205455-0003] SCAN_START | Duration: 5000ms | Filter_IoT: True
2026-01-02 20:55:12.649 | INFO     | Scan concluído: 0 dispositivos encontrados
2026-01-02 20:55:12.650 | INFO     | [OP-20260102_205455-0004] SCAN_RESULT | Devices_Found: 0
2026-01-02 20:55:15.999 | INFO     | A conectar ao Sink E0:D3:62:D7:47:03...
2026-01-02 20:55:16.000 | DEBUG    | Peripheral E0:D3:62:D7:47:03 não está em cache, fazendo scan rápido...
2026-01-02 20:55:18.111 | ERROR    | Dispositivo E0:D3:62:D7:47:03 não encontrado mesmo após scan
2026-01-02 20:55:18.112 | ERROR    | ❌ Falha ao conectar ao Sink
2026-01-02 20:55:24.143 | INFO     | A parar Node...
2026-01-02 20:55:24.144 | INFO     | A parar GATT Server...
2026-01-02 20:55:24.147 | INFO     | ✅ GATT Server parado
2026-01-02 20:55:24.148 | INFO     | ✅ Node parado
