2026-01-02 12:54:42.642 | INFO     | BLE Operation Logger iniciado: ble_operations_A08869B6F7D2_20260102_125442.log
2026-01-02 12:54:42.644 | INFO     | Scanner BLE iniciado: hci0 (A0:88:69:B6:F7:D2)
2026-01-02 12:54:42.644 | INFO     | BLE Client iniciado
2026-01-02 12:54:42.645 | DEBUG    | FragmentReassembler inicializado
2026-01-02 12:54:42.645 | INFO     | IoT Node inicializado (adapter=hci0)
2026-01-02 12:54:42.646 | INFO     | A configurar GATT Server...
2026-01-02 12:54:42.650 | INFO     | Application criada: /
2026-01-02 12:54:42.651 | INFO     | Service criado: /0 (UUID: 12340000-0000-1000-8000-00805f9b34fb, primary: True)
2026-01-02 12:54:42.652 | INFO     | A criar IoTNetworkService...
2026-01-02 12:54:42.652 | DEBUG    | Characteristic criada: /0/char0 (UUID: 12340001-0000-1000-8000-00805f9b34fb, flags: ['write', 'notify'])
2026-01-02 12:54:42.652 | INFO     | NetworkPacketCharacteristic criada
2026-01-02 12:54:42.653 | DEBUG    | Characteristic criada: /0/char1 (UUID: 12340002-0000-1000-8000-00805f9b34fb, flags: ['read'])
2026-01-02 12:54:42.653 | INFO     | DeviceInfoCharacteristic criada: NID=74383752..., type=node
2026-01-02 12:54:42.654 | DEBUG    | Characteristic criada: /0/char2 (UUID: 12340003-0000-1000-8000-00805f9b34fb, flags: ['read', 'notify'])
2026-01-02 12:54:42.654 | INFO     | NeighborTableCharacteristic criada
2026-01-02 12:54:42.654 | DEBUG    | Characteristic criada: /0/char3 (UUID: 12340004-0000-1000-8000-00805f9b34fb, flags: ['write', 'indicate'])
2026-01-02 12:54:42.655 | INFO     | AuthCharacteristic criada
2026-01-02 12:54:42.655 | DEBUG    | Characteristic adicionada a /0: /0/char0
2026-01-02 12:54:42.656 | DEBUG    | Characteristic adicionada a /0: /0/char1
2026-01-02 12:54:42.656 | DEBUG    | Characteristic adicionada a /0: /0/char2
2026-01-02 12:54:42.656 | DEBUG    | Characteristic adicionada a /0: /0/char3
2026-01-02 12:54:42.656 | INFO     | ✅ IoTNetworkService criado com sucesso!
2026-01-02 12:54:42.657 | INFO     | Service adicionado à aplicação: /0
2026-01-02 12:54:42.657 | DEBUG    | Packet callback definido
2026-01-02 12:54:42.658 | DEBUG    | Auth callback definido
2026-01-02 12:54:42.658 | INFO     | Advertisement criado: /org/bluez/iot/advertisement0 (type: peripheral)
2026-01-02 12:54:42.659 | INFO     | ✅ Service UUID adicionado ao advertising: 12340000-0000-1000-8000-00805f9b34fb
2026-01-02 12:54:42.659 | INFO     |    Lista atual de UUIDs: ['12340000-0000-1000-8000-00805f9b34fb']
2026-01-02 12:54:42.660 | DEBUG    | Local name definido: IoT-Node-74383752
2026-01-02 12:54:42.660 | DEBUG    | Manufacturer data adicionado: ID=65535
2026-01-02 12:54:42.660 | INFO     | ✅ GATT Server configurado
2026-01-02 12:54:42.661 | INFO     | A iniciar GATT Server...
2026-01-02 12:54:42.664 | INFO     | ✅ GATT Server iniciado em thread separada
2026-01-02 12:54:42.665 | INFO     | ✅ Node Device iniciado - CLI interativo pronto
2026-01-02 12:54:42.673 | DEBUG    | GetManagedObjects called
2026-01-02 12:54:42.673 | DEBUG    | GetManagedObjects returning 5 objects
2026-01-02 12:54:42.739 | INFO     | ✅ GATT application registada!
2026-01-02 12:54:42.740 | DEBUG    | GetAll called on /org/bluez/iot/advertisement0
2026-01-02 12:54:42.740 | INFO     | 📡 Advertising com ServiceUUIDs: ['12340000-0000-1000-8000-00805f9b34fb']
2026-01-02 12:54:42.838 | INFO     | ✅ Advertisement registado!
2026-01-02 12:54:46.493 | INFO     | A parar Node...
2026-01-02 12:54:46.494 | INFO     | A parar GATT Server...
2026-01-02 12:54:46.496 | INFO     | ✅ GATT Server parado
2026-01-02 12:54:46.498 | INFO     | ✅ Node parado
