2026-01-04 00:04:58.113 | INFO     | BLE Operation Logger iniciado: ble_operations_E0D362D6EEA0_20260104_000458.log
2026-01-04 00:04:58.114 | INFO     | Scanner BLE iniciado: hci0 (E0:D3:62:D6:EE:A0)
2026-01-04 00:04:58.114 | INFO     | BLE Client iniciado
2026-01-04 00:04:58.115 | DEBUG    | FragmentReassembler inicializado
2026-01-04 00:04:58.115 | INFO     | ReplayProtection iniciado (window_size=100)
2026-01-04 00:04:58.115 | INFO     | 🔀 Router Daemon inicializado para NID=74383752...
2026-01-04 00:04:58.115 | DEBUG    | ✅ Send callback configurado
2026-01-04 00:04:58.116 | DEBUG    | ✅ Handler registado para MessageType(1)
2026-01-04 00:04:58.116 | DEBUG    | ✅ Handler registado para MessageType(2)
2026-01-04 00:04:58.116 | INFO     | IoT Node inicializado (adapter=hci0)
2026-01-04 00:04:58.116 | INFO     | ✅ Router Daemon integrado
2026-01-04 00:04:58.117 | INFO     | A configurar GATT Server...
2026-01-04 00:04:58.118 | INFO     | Application criada: /
2026-01-04 00:04:58.119 | INFO     | Service criado: /0 (UUID: 12340000-0000-1000-8000-00805f9b34fb, primary: True)
2026-01-04 00:04:58.120 | INFO     | A criar IoTNetworkService...
2026-01-04 00:04:58.120 | DEBUG    | Characteristic criada: /0/char0 (UUID: 12340001-0000-1000-8000-00805f9b34fb, flags: ['write', 'notify'])
2026-01-04 00:04:58.120 | INFO     | NetworkPacketCharacteristic criada
2026-01-04 00:04:58.121 | DEBUG    | Characteristic criada: /0/char1 (UUID: 12340002-0000-1000-8000-00805f9b34fb, flags: ['read'])
2026-01-04 00:04:58.121 | INFO     | DeviceInfoCharacteristic criada: NID=74383752..., type=node
2026-01-04 00:04:58.121 | DEBUG    | Characteristic criada: /0/char2 (UUID: 12340003-0000-1000-8000-00805f9b34fb, flags: ['read', 'notify'])
2026-01-04 00:04:58.122 | INFO     | NeighborTableCharacteristic criada
2026-01-04 00:04:58.123 | DEBUG    | Characteristic criada: /0/char3 (UUID: 12340004-0000-1000-8000-00805f9b34fb, flags: ['write', 'indicate'])
2026-01-04 00:04:58.124 | INFO     | AuthCharacteristic criada
2026-01-04 00:04:58.126 | DEBUG    | Characteristic adicionada a /0: /0/char0
2026-01-04 00:04:58.126 | DEBUG    | Characteristic adicionada a /0: /0/char1
2026-01-04 00:04:58.126 | DEBUG    | Characteristic adicionada a /0: /0/char2
2026-01-04 00:04:58.126 | DEBUG    | Characteristic adicionada a /0: /0/char3
2026-01-04 00:04:58.126 | INFO     | ✅ IoTNetworkService criado com sucesso!
2026-01-04 00:04:58.127 | INFO     | Service adicionado à aplicação: /0
2026-01-04 00:04:58.128 | DEBUG    | Packet callback definido
2026-01-04 00:04:58.128 | DEBUG    | Auth callback definido
2026-01-04 00:04:58.128 | INFO     | Advertisement criado: /org/bluez/iot/advertisement0 (type: peripheral)
2026-01-04 00:04:58.129 | INFO     | ✅ Service UUID adicionado ao advertising: 12340000-0000-1000-8000-00805f9b34fb
2026-01-04 00:04:58.130 | INFO     |    Lista atual de UUIDs: ['12340000-0000-1000-8000-00805f9b34fb']
2026-01-04 00:04:58.130 | DEBUG    | Local name definido: IoT-Node-74383752
2026-01-04 00:04:58.131 | DEBUG    | Manufacturer data adicionado: ID=65535
2026-01-04 00:04:58.131 | INFO     | ✅ GATT Server configurado
2026-01-04 00:04:58.131 | INFO     | A iniciar GATT Server...
2026-01-04 00:04:58.134 | INFO     | ✅ GATT Server iniciado em thread separada
2026-01-04 00:04:58.136 | INFO     | ✅ Node Device iniciado - CLI interativo pronto
2026-01-04 00:04:58.522 | DEBUG    | GetManagedObjects called
2026-01-04 00:04:58.523 | DEBUG    | GetManagedObjects returning 5 objects
2026-01-04 00:04:58.938 | INFO     | ✅ GATT application registada!
2026-01-04 00:04:58.940 | DEBUG    | GetAll called on /org/bluez/iot/advertisement0
2026-01-04 00:04:58.940 | INFO     | 📡 Advertising com ServiceUUIDs: ['12340000-0000-1000-8000-00805f9b34fb']
2026-01-04 00:04:59.041 | INFO     | ✅ Advertisement registado!
2026-01-04 00:05:04.707 | INFO     | A fazer scan BLE durante 5000ms...
2026-01-04 00:05:04.708 | INFO     | [OP-20260104_000458-0001] SCAN_START | Duration: 5000ms | Filter_IoT: True
2026-01-04 00:05:09.833 | DEBUG    |   Encontrado: IoT-Node-74383752 (58:00:E3:66:74:7C) RSSI: -56 dBm
2026-01-04 00:05:09.839 | DEBUG    |   Encontrado: IoT-Sink-54c225f2 (E0:D3:62:D7:47:03) RSSI: -56 dBm
2026-01-04 00:05:09.840 | INFO     | Scan concluído: 2 dispositivos encontrados
2026-01-04 00:05:09.841 | INFO     | [OP-20260104_000458-0002] SCAN_RESULT | Devices_Found: 2
2026-01-04 00:05:09.842 | DEBUG    | [OP-20260104_000458-0002]   Device_1: Name: IoT-Node-74383752 | Address: 58:00:E3:66:74:7C | RSSI: -56 dBm | Services: 1
2026-01-04 00:05:09.842 | DEBUG    | [OP-20260104_000458-0002]   Device_2: Name: IoT-Sink-54c225f2 | Address: E0:D3:62:D7:47:03 | RSSI: -56 dBm | Services: 1
2026-01-04 00:05:09.843 | INFO     | A fazer scan BLE durante 5000ms...
2026-01-04 00:05:09.844 | INFO     | [OP-20260104_000458-0003] SCAN_START | Duration: 5000ms | Filter_IoT: True
2026-01-04 00:05:14.869 | DEBUG    |   Encontrado: IoT-Sink-54c225f2 (E0:D3:62:D7:47:03) RSSI: -54 dBm
2026-01-04 00:05:14.870 | INFO     | Scan concluído: 1 dispositivos encontrados
2026-01-04 00:05:14.871 | INFO     | [OP-20260104_000458-0004] SCAN_RESULT | Devices_Found: 1
2026-01-04 00:05:14.873 | DEBUG    | [OP-20260104_000458-0004]   Device_1: Name: IoT-Sink-54c225f2 | Address: E0:D3:62:D7:47:03 | RSSI: -54 dBm | Services: 1
2026-01-04 00:06:23.983 | INFO     | A conectar ao Sink 58:00:E3:66:74:7C...
2026-01-04 00:06:23.984 | DEBUG    | Peripheral 58:00:E3:66:74:7C não está em cache, fazendo scan rápido...
2026-01-04 00:06:26.095 | ERROR    | Dispositivo 58:00:E3:66:74:7C não encontrado mesmo após scan
2026-01-04 00:06:26.096 | ERROR    | ❌ Falha ao conectar ao Sink
2026-01-04 00:06:31.191 | INFO     | A fazer scan BLE durante 5000ms...
2026-01-04 00:06:31.193 | INFO     | [OP-20260104_000458-0005] SCAN_START | Duration: 5000ms | Filter_IoT: True
2026-01-04 00:06:36.305 | INFO     | Scan concluído: 0 dispositivos encontrados
2026-01-04 00:06:36.307 | INFO     | [OP-20260104_000458-0006] SCAN_RESULT | Devices_Found: 0
2026-01-04 00:06:36.308 | INFO     | A fazer scan BLE durante 5000ms...
2026-01-04 00:06:36.311 | INFO     | [OP-20260104_000458-0007] SCAN_START | Duration: 5000ms | Filter_IoT: True
2026-01-04 00:06:41.329 | INFO     | Scan concluído: 0 dispositivos encontrados
2026-01-04 00:06:41.330 | INFO     | [OP-20260104_000458-0008] SCAN_RESULT | Devices_Found: 0
2026-01-04 00:06:44.682 | INFO     | A fazer scan BLE durante 5000ms...
2026-01-04 00:06:44.684 | INFO     | [OP-20260104_000458-0009] SCAN_START | Duration: 5000ms | Filter_IoT: True
2026-01-04 00:06:49.895 | INFO     | Scan concluído: 0 dispositivos encontrados
2026-01-04 00:06:49.896 | INFO     | [OP-20260104_000458-0010] SCAN_RESULT | Devices_Found: 0
2026-01-04 00:06:49.897 | INFO     | A fazer scan BLE durante 5000ms...
2026-01-04 00:06:49.898 | INFO     | [OP-20260104_000458-0011] SCAN_START | Duration: 5000ms | Filter_IoT: True
2026-01-04 00:06:54.918 | INFO     | Scan concluído: 0 dispositivos encontrados
2026-01-04 00:06:54.919 | INFO     | [OP-20260104_000458-0012] SCAN_RESULT | Devices_Found: 0
2026-01-04 00:06:57.644 | INFO     | A parar Node...
2026-01-04 00:06:57.645 | INFO     | A parar GATT Server...
2026-01-04 00:06:57.648 | INFO     | ✅ GATT Server parado
2026-01-04 00:06:57.649 | INFO     | ✅ Node parado
