2025-12-27 20:19:20.363 | INFO     | BLE Operation Logger iniciado: ble_operations_A08869B6F7D2_20251227_201920.log
2025-12-27 20:19:20.364 | INFO     | Scanner BLE iniciado: hci0 (A0:88:69:B6:F7:D2)
2025-12-27 20:19:20.365 | INFO     | BLE Client iniciado
2025-12-27 20:19:20.365 | INFO     | ✅ BLE Client criado
2025-12-27 20:19:20.366 | INFO     | 
2025-12-27 20:19:20.367 | INFO     | NeighborDiscovery inicializado: scan_interval=30s, scan_duration=5000ms, timeout=120s
2025-12-27 20:19:20.367 | INFO     | ✅ NeighborDiscovery criado
2025-12-27 20:19:20.368 | INFO     |    Scan interval: 30s
2025-12-27 20:19:20.369 | INFO     |    Scan duration: 5000ms
2025-12-27 20:19:20.369 | INFO     |    Neighbor timeout: 120s
2025-12-27 20:19:20.370 | INFO     | 
2025-12-27 20:19:20.370 | INFO     | ======================================================================
2025-12-27 20:19:20.371 | INFO     | 🔍 A fazer primeiro scan...
2025-12-27 20:19:20.371 | INFO     | ======================================================================
2025-12-27 20:19:20.373 | INFO     | 
2025-12-27 20:19:20.373 | INFO     | A iniciar scan de vizinhos...
2025-12-27 20:19:20.374 | DEBUG    | A limpar cache de scan BLE...
2025-12-27 20:19:20.582 | DEBUG    | Cache de scan limpo
2025-12-27 20:19:20.583 | INFO     | A fazer scan BLE durante 5000ms...
2025-12-27 20:19:20.583 | INFO     | [OP-20251227_201920-0001] SCAN_START | Duration: 5000ms | Filter_IoT: True
2025-12-27 20:19:25.607 | DEBUG    |   Encontrado: IoT-Node (E0:D3:62:D6:EE:A0) RSSI: -64 dBm
2025-12-27 20:19:25.608 | INFO     | Scan concluído: 1 dispositivos encontrados
2025-12-27 20:19:25.609 | INFO     | [OP-20251227_201920-0002] SCAN_RESULT | Devices_Found: 1
2025-12-27 20:19:25.609 | DEBUG    | [OP-20251227_201920-0002]   Device_1: Name: IoT-Node | Address: E0:D3:62:D6:EE:A0 | RSSI: -64 dBm | Services: 1
2025-12-27 20:19:25.610 | INFO     | Scan concluído: 1 dispositivos IoT encontrados
2025-12-27 20:19:25.610 | DEBUG    | A conectar a E0:D3:62:D6:EE:A0 para ler DeviceInfo...
2025-12-27 20:19:25.611 | DEBUG    | BLEConnection criada para E0:D3:62:D6:EE:A0
2025-12-27 20:19:25.611 | INFO     | A conectar a E0:D3:62:D6:EE:A0...
2025-12-27 20:19:25.611 | INFO     | [OP-20251227_201920-0003] CONNECT_ATTEMPT | Local: A0:88:69:B6:F7:D2 | Remote: E0:D3:62:D6:EE:A0
2025-12-27 20:19:29.003 | INFO     | ✅ Conectado a E0:D3:62:D6:EE:A0
2025-12-27 20:19:29.004 | INFO     | [OP-20251227_201920-0004] CONNECT_SUCCESS | Remote: E0:D3:62:D6:EE:A0 | Time: 3387.55ms
2025-12-27 20:19:29.005 | DEBUG    | [OP-20251227_201920-0005] READ_REQUEST | Remote: E0:D3:62:D6:EE:A0 | Service: 12340000-0000-1000-8000-00805f9b34fb | Char: 12340002-0000-1000-8000-00805f9b34fb
2025-12-27 20:19:29.519 | DEBUG    | Read 12340002-0000-1000-8000-00805f9b34fb: 18 bytes
2025-12-27 20:19:29.520 | INFO     | [OP-20251227_201920-0006] READ_RESPONSE | Remote: E0:D3:62:D6:EE:A0 | Char: 12340002-0000-1000-8000-00805f9b34fb | Data: 18 bytes | Hex: aaf3a2eeabe447ac83c8e888f58fca430100 | ASCII: ......G........C..
2025-12-27 20:19:29.522 | INFO     | Vizinho descoberto: E0:D3:62:D6:EE:A0 (aaf3a2ee...) hop=1 rssi=-64dBm type=node disconnected seen=0.0s ago
2025-12-27 20:19:31.881 | INFO     | Desconectado de E0:D3:62:D6:EE:A0
2025-12-27 20:19:31.882 | INFO     | [OP-20251227_201920-0007] DISCONNECT | Remote: E0:D3:62:D6:EE:A0 | Reason: normal
2025-12-27 20:19:31.883 | INFO     | 
2025-12-27 20:19:31.884 | INFO     | 🆕 NOVO VIZINHO DESCOBERTO!
2025-12-27 20:19:31.885 | INFO     |    Address: E0:D3:62:D6:EE:A0
2025-12-27 20:19:31.887 | INFO     |    NID: aaf3a2ee...
2025-12-27 20:19:31.887 | INFO     |    Hop Count: 1
2025-12-27 20:19:31.889 | INFO     |    Device Type: node
2025-12-27 20:19:31.890 | INFO     |    RSSI: -64 dBm
2025-12-27 20:19:31.890 | INFO     | 
2025-12-27 20:19:31.891 | INFO     | Novo vizinho adicionado: E0:D3:62:D6:EE:A0
2025-12-27 20:19:31.891 | INFO     | 
2025-12-27 20:19:31.892 | INFO     | ======================================================================
2025-12-27 20:19:31.892 | INFO     | 📊 RESULTADO DO SCAN
2025-12-27 20:19:31.892 | INFO     | ======================================================================
2025-12-27 20:19:31.893 | INFO     | Total de vizinhos descobertos: 1
2025-12-27 20:19:31.894 | INFO     | 
2025-12-27 20:19:31.895 | INFO     | Lista de vizinhos:
2025-12-27 20:19:31.897 | INFO     |   1. E0:D3:62:D6:EE:A0 (aaf3a2ee...) hop=1 rssi=-64dBm type=node disconnected seen=2.4s ago
2025-12-27 20:19:31.897 | INFO     | 
2025-12-27 20:19:31.898 | INFO     | 🏆 Melhor vizinho (menor hop count):
2025-12-27 20:19:31.898 | INFO     |    E0:D3:62:D6:EE:A0 (aaf3a2ee...) hop=1 rssi=-64dBm type=node disconnected seen=2.4s ago
2025-12-27 20:19:31.899 | INFO     | 
2025-12-27 20:19:31.900 | INFO     | 📊 Estatísticas:
2025-12-27 20:19:31.901 | INFO     |    Total de vizinhos: 1
2025-12-27 20:19:31.902 | INFO     |    Vizinhos conectados: 0
2025-12-27 20:19:31.903 | INFO     |    Melhor hop count: 1
2025-12-27 20:19:31.903 | INFO     |    Última scan: 0.0s atrás
2025-12-27 20:19:31.903 | INFO     |    Vizinhos por hop count:
2025-12-27 20:19:31.904 | INFO     |       hop=1: 1 vizinhos
2025-12-27 20:19:31.906 | INFO     | 
2025-12-27 20:19:31.906 | INFO     | ======================================================================
2025-12-27 20:19:31.908 | INFO     | 🔄 MODO CONTÍNUO
2025-12-27 20:19:31.910 | INFO     | ======================================================================
2025-12-27 20:19:31.911 | INFO     | 
2025-12-27 20:19:31.913 | INFO     | Vou fazer scan a cada 30s.
2025-12-27 20:19:31.915 | INFO     | Pressiona Ctrl+C para terminar.
2025-12-27 20:19:31.916 | INFO     | 
2025-12-27 20:20:01.917 | INFO     | ======================================================================
2025-12-27 20:20:01.919 | INFO     | 🔍 Scan #2
2025-12-27 20:20:01.920 | INFO     | ======================================================================
2025-12-27 20:20:01.924 | INFO     | 
2025-12-27 20:20:01.925 | INFO     | A iniciar scan de vizinhos...
2025-12-27 20:20:01.927 | DEBUG    | A limpar cache de scan BLE...
2025-12-27 20:20:02.158 | DEBUG    | Cache de scan limpo
2025-12-27 20:20:02.158 | INFO     | A fazer scan BLE durante 5000ms...
2025-12-27 20:20:02.160 | INFO     | [OP-20251227_201920-0008] SCAN_START | Duration: 5000ms | Filter_IoT: True
2025-12-27 20:20:07.182 | INFO     | Scan concluído: 0 dispositivos encontrados
2025-12-27 20:20:07.183 | INFO     | [OP-20251227_201920-0009] SCAN_RESULT | Devices_Found: 0
2025-12-27 20:20:07.184 | INFO     | Scan concluído: 0 dispositivos IoT encontrados
2025-12-27 20:20:07.185 | INFO     | Scan concluído: 0 vizinhos encontrados
2025-12-27 20:20:07.186 | INFO     | Total de vizinhos conhecidos: 1
2025-12-27 20:20:07.189 | INFO     | Melhor rota: E0:D3:62:D6:EE:A0 (hop=1)
2025-12-27 20:20:07.190 | INFO     | 
2025-12-27 20:20:37.192 | INFO     | ======================================================================
2025-12-27 20:20:37.194 | INFO     | 🔍 Scan #3
2025-12-27 20:20:37.195 | INFO     | ======================================================================
2025-12-27 20:20:37.197 | INFO     | 
2025-12-27 20:20:37.198 | INFO     | A iniciar scan de vizinhos...
2025-12-27 20:20:37.201 | DEBUG    | A limpar cache de scan BLE...
2025-12-27 20:20:37.409 | DEBUG    | Cache de scan limpo
2025-12-27 20:20:37.410 | INFO     | A fazer scan BLE durante 5000ms...
2025-12-27 20:20:37.411 | INFO     | [OP-20251227_201920-0010] SCAN_START | Duration: 5000ms | Filter_IoT: True
2025-12-27 20:20:42.437 | DEBUG    |   Encontrado: IoT-Node (E0:D3:62:D6:EE:A0) RSSI: -50 dBm
2025-12-27 20:20:42.437 | INFO     | Scan concluído: 1 dispositivos encontrados
2025-12-27 20:20:42.438 | INFO     | [OP-20251227_201920-0011] SCAN_RESULT | Devices_Found: 1
2025-12-27 20:20:42.439 | DEBUG    | [OP-20251227_201920-0011]   Device_1: Name: IoT-Node | Address: E0:D3:62:D6:EE:A0 | RSSI: -50 dBm | Services: 1
2025-12-27 20:20:42.439 | INFO     | Scan concluído: 1 dispositivos IoT encontrados
2025-12-27 20:20:42.440 | DEBUG    | A conectar a E0:D3:62:D6:EE:A0 para ler DeviceInfo...
2025-12-27 20:20:42.441 | DEBUG    | BLEConnection criada para E0:D3:62:D6:EE:A0
2025-12-27 20:20:42.441 | INFO     | A conectar a E0:D3:62:D6:EE:A0...
2025-12-27 20:20:42.443 | INFO     | [OP-20251227_201920-0012] CONNECT_ATTEMPT | Local: A0:88:69:B6:F7:D2 | Remote: E0:D3:62:D6:EE:A0
2025-12-27 20:20:45.576 | INFO     | ✅ Conectado a E0:D3:62:D6:EE:A0
2025-12-27 20:20:45.577 | INFO     | [OP-20251227_201920-0013] CONNECT_SUCCESS | Remote: E0:D3:62:D6:EE:A0 | Time: 3129.05ms
2025-12-27 20:20:45.578 | DEBUG    | [OP-20251227_201920-0014] READ_REQUEST | Remote: E0:D3:62:D6:EE:A0 | Service: 12340000-0000-1000-8000-00805f9b34fb | Char: 12340002-0000-1000-8000-00805f9b34fb
2025-12-27 20:20:46.071 | DEBUG    | Read 12340002-0000-1000-8000-00805f9b34fb: 18 bytes
2025-12-27 20:20:46.072 | INFO     | [OP-20251227_201920-0015] READ_RESPONSE | Remote: E0:D3:62:D6:EE:A0 | Char: 12340002-0000-1000-8000-00805f9b34fb | Data: 18 bytes | Hex: aaf3a2eeabe447ac83c8e888f58fca430100 | ASCII: ......G........C..
2025-12-27 20:20:46.073 | INFO     | Vizinho descoberto: E0:D3:62:D6:EE:A0 (aaf3a2ee...) hop=1 rssi=-50dBm type=node disconnected seen=0.0s ago
2025-12-27 20:20:48.874 | INFO     | Desconectado de E0:D3:62:D6:EE:A0
2025-12-27 20:20:48.876 | INFO     | [OP-20251227_201920-0016] DISCONNECT | Remote: E0:D3:62:D6:EE:A0 | Reason: normal
2025-12-27 20:20:48.876 | DEBUG    | 🔄 Vizinho atualizado: E0:D3:62:D6:EE:A0
2025-12-27 20:20:48.877 | INFO     | Scan concluído: 1 vizinhos encontrados
2025-12-27 20:20:48.877 | INFO     | Total de vizinhos conhecidos: 1
2025-12-27 20:20:48.878 | INFO     | Melhor rota: E0:D3:62:D6:EE:A0 (hop=1)
2025-12-27 20:20:48.878 | INFO     | 
2025-12-27 20:21:18.878 | INFO     | ======================================================================
2025-12-27 20:21:18.880 | INFO     | 🔍 Scan #4
2025-12-27 20:21:18.881 | INFO     | ======================================================================
2025-12-27 20:21:18.882 | INFO     | 
2025-12-27 20:21:18.883 | INFO     | A iniciar scan de vizinhos...
2025-12-27 20:21:18.886 | DEBUG    | A limpar cache de scan BLE...
2025-12-27 20:21:19.154 | DEBUG    | Cache de scan limpo
2025-12-27 20:21:19.154 | INFO     | A fazer scan BLE durante 5000ms...
2025-12-27 20:21:19.155 | INFO     | [OP-20251227_201920-0017] SCAN_START | Duration: 5000ms | Filter_IoT: True
2025-12-27 20:21:24.165 | INFO     | Scan concluído: 0 dispositivos encontrados
2025-12-27 20:21:24.167 | INFO     | [OP-20251227_201920-0018] SCAN_RESULT | Devices_Found: 0
2025-12-27 20:21:24.169 | INFO     | Scan concluído: 0 dispositivos IoT encontrados
2025-12-27 20:21:24.170 | INFO     | Scan concluído: 0 vizinhos encontrados
2025-12-27 20:21:24.173 | INFO     | Total de vizinhos conhecidos: 1
2025-12-27 20:21:24.175 | INFO     | Melhor rota: E0:D3:62:D6:EE:A0 (hop=1)
2025-12-27 20:21:24.178 | INFO     | 
2025-12-27 20:21:31.380 | INFO     | 
2025-12-27 20:21:31.381 | INFO     | ======================================================================
2025-12-27 20:21:31.383 | INFO     | 👋 A terminar...
2025-12-27 20:21:31.384 | INFO     | ======================================================================
2025-12-27 20:21:31.385 | INFO     | 
2025-12-27 20:21:31.386 | INFO     | 📊 RESUMO FINAL:
2025-12-27 20:21:31.387 | INFO     |    Total de vizinhos descobertos: 1
2025-12-27 20:21:31.388 | INFO     | 
2025-12-27 20:21:31.390 | INFO     |    Lista final de vizinhos:
2025-12-27 20:21:31.392 | INFO     |       E0:D3:62:D6:EE:A0 (aaf3a2ee...) hop=1 rssi=-50dBm type=node disconnected seen=45.3s ago
2025-12-27 20:21:31.393 | INFO     | 
2025-12-27 20:21:31.394 | INFO     |    Melhor rota: E0:D3:62:D6:EE:A0 (hop=1)
2025-12-27 20:21:31.395 | INFO     | 
