2026-01-03 18:49:08.653 | INFO     | BLE Operation Logger iniciado: ble_operations_E0D362D6EEA0_20260103_184908.log
2026-01-03 18:49:08.654 | INFO     | Scanner BLE iniciado: hci0 (E0:D3:62:D6:EE:A0)
2026-01-03 18:49:08.654 | INFO     | BLE Client iniciado
2026-01-03 18:49:08.655 | DEBUG    | FragmentReassembler inicializado
2026-01-03 18:49:08.655 | INFO     | ReplayProtection iniciado (window_size=100)
2026-01-03 18:49:08.656 | INFO     | 🔀 Router Daemon inicializado para NID=74383752...
2026-01-03 18:49:08.656 | DEBUG    | ✅ Send callback configurado
2026-01-03 18:49:08.656 | DEBUG    | ✅ Handler registado para MessageType(1)
2026-01-03 18:49:08.656 | DEBUG    | ✅ Handler registado para MessageType(2)
2026-01-03 18:49:08.656 | INFO     | IoT Node inicializado (adapter=hci0)
2026-01-03 18:49:08.657 | INFO     | ✅ Router Daemon integrado
2026-01-03 18:49:08.657 | INFO     | A configurar GATT Server...
2026-01-03 18:49:08.659 | INFO     | Application criada: /
2026-01-03 18:49:08.660 | INFO     | Service criado: /0 (UUID: 12340000-0000-1000-8000-00805f9b34fb, primary: True)
2026-01-03 18:49:08.661 | INFO     | A criar IoTNetworkService...
2026-01-03 18:49:08.661 | DEBUG    | Characteristic criada: /0/char0 (UUID: 12340001-0000-1000-8000-00805f9b34fb, flags: ['write', 'notify'])
2026-01-03 18:49:08.662 | INFO     | NetworkPacketCharacteristic criada
2026-01-03 18:49:08.662 | DEBUG    | Characteristic criada: /0/char1 (UUID: 12340002-0000-1000-8000-00805f9b34fb, flags: ['read'])
2026-01-03 18:49:08.662 | INFO     | DeviceInfoCharacteristic criada: NID=74383752..., type=node
2026-01-03 18:49:08.663 | DEBUG    | Characteristic criada: /0/char2 (UUID: 12340003-0000-1000-8000-00805f9b34fb, flags: ['read', 'notify'])
2026-01-03 18:49:08.663 | INFO     | NeighborTableCharacteristic criada
2026-01-03 18:49:08.664 | DEBUG    | Characteristic criada: /0/char3 (UUID: 12340004-0000-1000-8000-00805f9b34fb, flags: ['write', 'indicate'])
2026-01-03 18:49:08.664 | INFO     | AuthCharacteristic criada
2026-01-03 18:49:08.664 | DEBUG    | Characteristic adicionada a /0: /0/char0
2026-01-03 18:49:08.664 | DEBUG    | Characteristic adicionada a /0: /0/char1
2026-01-03 18:49:08.664 | DEBUG    | Characteristic adicionada a /0: /0/char2
2026-01-03 18:49:08.665 | DEBUG    | Characteristic adicionada a /0: /0/char3
2026-01-03 18:49:08.665 | INFO     | ✅ IoTNetworkService criado com sucesso!
2026-01-03 18:49:08.666 | INFO     | Service adicionado à aplicação: /0
2026-01-03 18:49:08.666 | DEBUG    | Packet callback definido
2026-01-03 18:49:08.667 | DEBUG    | Auth callback definido
2026-01-03 18:49:08.667 | INFO     | Advertisement criado: /org/bluez/iot/advertisement0 (type: peripheral)
2026-01-03 18:49:08.667 | INFO     | ✅ Service UUID adicionado ao advertising: 12340000-0000-1000-8000-00805f9b34fb
2026-01-03 18:49:08.669 | INFO     |    Lista atual de UUIDs: ['12340000-0000-1000-8000-00805f9b34fb']
2026-01-03 18:49:08.671 | DEBUG    | Local name definido: IoT-Node-74383752
2026-01-03 18:49:08.672 | DEBUG    | Manufacturer data adicionado: ID=65535
2026-01-03 18:49:08.672 | INFO     | ✅ GATT Server configurado
2026-01-03 18:49:08.674 | INFO     | A iniciar GATT Server...
2026-01-03 18:49:08.676 | INFO     | ✅ GATT Server iniciado em thread separada
2026-01-03 18:49:08.676 | INFO     | ✅ Node Device iniciado - CLI interativo pronto
2026-01-03 18:49:08.696 | DEBUG    | GetManagedObjects called
2026-01-03 18:49:08.697 | DEBUG    | GetManagedObjects returning 5 objects
2026-01-03 18:49:08.794 | INFO     | ✅ GATT application registada!
2026-01-03 18:49:08.795 | DEBUG    | GetAll called on /org/bluez/iot/advertisement0
2026-01-03 18:49:08.795 | INFO     | 📡 Advertising com ServiceUUIDs: ['12340000-0000-1000-8000-00805f9b34fb']
2026-01-03 18:49:08.897 | INFO     | ✅ Advertisement registado!
2026-01-03 18:49:11.824 | INFO     | A fazer scan BLE durante 5000ms...
2026-01-03 18:49:11.826 | INFO     | [OP-20260103_184908-0001] SCAN_START | Duration: 5000ms | Filter_IoT: True
2026-01-03 18:49:17.036 | INFO     | Scan concluído: 0 dispositivos encontrados
2026-01-03 18:49:17.037 | INFO     | [OP-20260103_184908-0002] SCAN_RESULT | Devices_Found: 0
2026-01-03 18:49:17.038 | INFO     | A fazer scan BLE durante 5000ms...
2026-01-03 18:49:17.039 | INFO     | [OP-20260103_184908-0003] SCAN_START | Duration: 5000ms | Filter_IoT: True
2026-01-03 18:49:22.065 | DEBUG    |   Encontrado: IoT-Sink-54c225f2 (E0:D3:62:D7:47:03) RSSI: -50 dBm
2026-01-03 18:49:22.065 | INFO     | Scan concluído: 1 dispositivos encontrados
2026-01-03 18:49:22.066 | INFO     | [OP-20260103_184908-0004] SCAN_RESULT | Devices_Found: 1
2026-01-03 18:49:22.067 | DEBUG    | [OP-20260103_184908-0004]   Device_1: Name: IoT-Sink-54c225f2 | Address: E0:D3:62:D7:47:03 | RSSI: -50 dBm | Services: 1
2026-01-03 18:49:29.186 | INFO     | A conectar ao Sink E0:D3:62:D7:47:03...
2026-01-03 18:49:29.188 | DEBUG    | BLEConnection criada para E0:D3:62:D7:47:03
2026-01-03 18:49:29.189 | INFO     | A conectar a E0:D3:62:D7:47:03...
2026-01-03 18:49:29.192 | INFO     | [OP-20260103_184908-0005] CONNECT_ATTEMPT | Local: E0:D3:62:D6:EE:A0 | Remote: E0:D3:62:D7:47:03
2026-01-03 18:49:33.494 | INFO     | ✅ Conectado a E0:D3:62:D7:47:03
2026-01-03 18:49:33.495 | INFO     | [OP-20260103_184908-0006] CONNECT_SUCCESS | Remote: E0:D3:62:D7:47:03 | Time: 4298.38ms
2026-01-03 18:49:33.497 | DEBUG    | ✅ Conexão estabelecida. Operações GATT usarão D-Bus se necessário.
2026-01-03 18:49:33.497 | INFO     | ✅ Conectado ao Sink via GATT
2026-01-03 18:49:33.502 | DEBUG    | Descobertos 4 serviços
2026-01-03 18:49:33.506 | DEBUG    | Serviço 12340000-0000-1000-8000-00805f9b34fb encontrado
2026-01-03 18:49:33.507 | INFO     | ✅ Serviço IoT Network encontrado
2026-01-03 18:49:33.508 | INFO     | A subscrever a notificações...
2026-01-03 18:49:33.937 | INFO     | ✅ Subscrito a notificações: 12340001-0000-1000-8000-00805f9b34fb
2026-01-03 18:49:33.938 | INFO     | [OP-20260103_184908-0007] SUBSCRIBE_SUCCESS | Remote: E0:D3:62:D7:47:03 | Char: 12340001-0000-1000-8000-00805f9b34fb
2026-01-03 18:49:33.939 | INFO     | ✅ Subscrito a NETWORK_PACKET
2026-01-03 18:49:33.941 | DEBUG    | [OP-20260103_184908-0008] READ_REQUEST | Remote: E0:D3:62:D7:47:03 | Service: 12340000-0000-1000-8000-00805f9b34fb | Char: 12340002-0000-1000-8000-00805f9b34fb
2026-01-03 18:49:34.026 | DEBUG    | Read 12340002-0000-1000-8000-00805f9b34fb: 18 bytes
2026-01-03 18:49:34.026 | INFO     | [OP-20260103_184908-0009] READ_RESPONSE | Remote: E0:D3:62:D7:47:03 | Char: 12340002-0000-1000-8000-00805f9b34fb | Data: 18 bytes | Hex: 54c225f24e894134bf27c5e9148e17c1ff01 | ASCII: T.%.N.A4.'........
2026-01-03 18:49:34.027 | INFO     | ✅ Conectado ao Sink - hop_count=0
2026-01-03 18:49:34.029 | INFO     | 🔐 A iniciar autenticação com Sink...
2026-01-03 18:49:34.030 | DEBUG    | 📡 A subscrever a AUTH characteristic...
2026-01-03 18:49:34.161 | INFO     | ✅ Subscrito a notificações: 12340004-0000-1000-8000-00805f9b34fb
2026-01-03 18:49:34.162 | INFO     | [OP-20260103_184908-0010] SUBSCRIBE_SUCCESS | Remote: E0:D3:62:D7:47:03 | Char: 12340004-0000-1000-8000-00805f9b34fb
2026-01-03 18:49:34.163 | DEBUG    | ✅ Subscrito a AUTH indications
2026-01-03 18:49:34.163 | INFO     | AuthenticationProtocol inicializado para 74383752...
2026-01-03 18:49:34.164 | INFO     | 📤 Enviando certificado...
2026-01-03 18:49:34.165 | INFO     | 🔐 Iniciando autenticação - enviando certificado...
2026-01-03 18:49:34.166 | INFO     |    Certificado: 887 bytes
2026-01-03 18:49:34.166 | DEBUG    |    Estado: IDLE → CERT_SENT
2026-01-03 18:49:34.167 | INFO     | Fragmentando mensagem de 890 bytes em 5 fragmentos
2026-01-03 18:49:34.167 | DEBUG    |   Fragmento 1/5: 180 bytes, flags=0x01
2026-01-03 18:49:34.168 | DEBUG    |   Fragmento 2/5: 180 bytes, flags=0x00
2026-01-03 18:49:34.168 | DEBUG    |   Fragmento 3/5: 180 bytes, flags=0x00
2026-01-03 18:49:34.169 | DEBUG    |   Fragmento 4/5: 180 bytes, flags=0x00
2026-01-03 18:49:34.169 | DEBUG    |   Fragmento 5/5: 170 bytes, flags=0x02
2026-01-03 18:49:34.169 | DEBUG    | Enviando mensagem auth: 890 bytes em 5 fragmento(s)
2026-01-03 18:49:34.172 | INFO     | [OP-20260103_184908-0011] WRITE_REQUEST | Remote: E0:D3:62:D7:47:03 | Char: 12340004-0000-1000-8000-00805f9b34fb | Data: 183 bytes | Hex: 0100050103772d2d2d2d2d424547494e2043455254494649434154452d2d2d2d2d0a4d4949435954434341634b674177494241674955503456317a7156365177 | ASCII: .....w-----BEGIN CERTIFICATE-----.MIICYTCCAcKgAwIBAgIUP4V1zqV6Qw [TRUNCATED]
2026-01-03 18:49:34.250 | DEBUG    | ✅ Write via SimpleBLE: 12340004-0000-1000-8000-00805f9b34fb (183 bytes)
2026-01-03 18:49:34.250 | INFO     | [OP-20260103_184908-0012] WRITE_SUCCESS | Remote: E0:D3:62:D7:47:03 | Char: 12340004-0000-1000-8000-00805f9b34fb
2026-01-03 18:49:34.251 | DEBUG    |   Fragmento 1/5 enviado
2026-01-03 18:49:34.352 | INFO     | [OP-20260103_184908-0013] WRITE_REQUEST | Remote: E0:D3:62:D7:47:03 | Char: 12340004-0000-1000-8000-00805f9b34fb | Data: 183 bytes | Hex: 0001054d446b6c765643424f5a58523362334a7249454e424d423458445449324d4445774d6a45794e446b304d316f580a44544d314d54497a4d5445794e446b | ASCII: ...MDklvVCBOZXR3b3JrIENBMB4XDTI2MDEwMjEyNDk0M1oX.DTM1MTIzMTEyNDk [TRUNCATED]
2026-01-03 18:49:34.430 | DEBUG    | ✅ Write via SimpleBLE: 12340004-0000-1000-8000-00805f9b34fb (183 bytes)
2026-01-03 18:49:34.430 | INFO     | [OP-20260103_184908-0014] WRITE_SUCCESS | Remote: E0:D3:62:D7:47:03 | Char: 12340004-0000-1000-8000-00805f9b34fb
2026-01-03 18:49:34.431 | DEBUG    |   Fragmento 2/5 enviado
2026-01-03 18:49:34.532 | INFO     | [OP-20260103_184908-0015] WRITE_REQUEST | Remote: E0:D3:62:D7:47:03 | Char: 12340004-0000-1000-8000-00805f9b34fb | Data: 183 bytes | Hex: 000205675a7377454159484b6f5a497a6a3043415159464b34454541434d4467595941424145694e696357395555554c7a5a7a31477641556d77426e636f670a | ASCII: ...gZswEAYHKoZIzj0CAQYFK4EEACMDgYYABAEiNicW9UUULzZz1GvAUmwBncog. [TRUNCATED]
2026-01-03 18:49:34.610 | DEBUG    | ✅ Write via SimpleBLE: 12340004-0000-1000-8000-00805f9b34fb (183 bytes)
2026-01-03 18:49:34.610 | INFO     | [OP-20260103_184908-0016] WRITE_SUCCESS | Remote: E0:D3:62:D7:47:03 | Char: 12340004-0000-1000-8000-00805f9b34fb
2026-01-03 18:49:34.611 | DEBUG    |   Fragmento 3/5 enviado
2026-01-03 18:49:34.712 | INFO     | [OP-20260103_184908-0017] WRITE_REQUEST | Remote: E0:D3:62:D7:47:03 | Char: 12340004-0000-1000-8000-00805f9b34fb | Data: 183 bytes | Hex: 0003056f394a6e616a4d494f760a734344654e443674516a39337452687558446a6d524b4d344d44597744415944565230544151482f424149774144414f4267 | ASCII: ...o9JnajMIOv.sCDeND6tQj93tRhuXDjmRKM4MDYwDAYDVR0TAQH/BAIwADAOBg [TRUNCATED]
2026-01-03 18:49:34.790 | DEBUG    | ✅ Write via SimpleBLE: 12340004-0000-1000-8000-00805f9b34fb (183 bytes)
2026-01-03 18:49:34.790 | INFO     | [OP-20260103_184908-0018] WRITE_SUCCESS | Remote: E0:D3:62:D7:47:03 | Char: 12340004-0000-1000-8000-00805f9b34fb
2026-01-03 18:49:34.791 | DEBUG    |   Fragmento 4/5 enviado
2026-01-03 18:49:34.892 | INFO     | [OP-20260103_184908-0019] WRITE_REQUEST | Remote: E0:D3:62:D7:47:03 | Char: 12340004-0000-1000-8000-00805f9b34fb | Data: 173 bytes | Hex: 0204056c466935494f443142454578567254414b2b776c774e2b676a0a4e3249572b3450556a78466643654f6152762b794a3734435167452b4654787a433554 | ASCII: ...lFi5IOD1BEExVrTAK+wlwN+gj.N2IW+4PUjxFfCeOaRv+yJ74CQgE+FTxzC5T [TRUNCATED]
2026-01-03 18:49:35.016 | DEBUG    | ✅ Write via SimpleBLE: 12340004-0000-1000-8000-00805f9b34fb (173 bytes)
2026-01-03 18:49:35.017 | INFO     | [OP-20260103_184908-0020] NOTIFICATION | Remote: E0:D3:62:D7:47:03 | Char: 12340004-0000-1000-8000-00805f9b34fb | Data: 183 bytes | Hex: 0100060203b00000038c2d2d2d2d2d424547494e2043455254494649434154452d2d2d2d2d0a4d494943634443434164476741774942416749554a787a6b7455 | ASCII: ..........-----BEGIN CERTIFICATE-----.MIICcDCCAdGgAwIBAgIUJxzktU [TRUNCATED]
2026-01-03 18:49:35.018 | INFO     | [OP-20260103_184908-0021] WRITE_SUCCESS | Remote: E0:D3:62:D7:47:03 | Char: 12340004-0000-1000-8000-00805f9b34fb
2026-01-03 18:49:35.019 | DEBUG    | 🔐 AUTH indication recebida: 183 bytes
2026-01-03 18:49:35.020 | DEBUG    |   Fragmento 5/5 enviado
2026-01-03 18:49:35.021 | DEBUG    | Fragmento recebido: seq=0, total=6, payload=180 bytes, flags=0x01
2026-01-03 18:49:35.025 | INFO     | Iniciando recepção de 6 fragmentos
2026-01-03 18:49:35.026 | DEBUG    | Fragmento 1/6 armazenado (1 de 6 recebidos)
2026-01-03 18:49:35.027 | DEBUG    | 🔐 Aguardando mais fragmentos AUTH...
2026-01-03 18:49:35.106 | INFO     | [OP-20260103_184908-0022] NOTIFICATION | Remote: E0:D3:62:D7:47:03 | Char: 12340004-0000-1000-8000-00805f9b34fb | Data: 183 bytes | Hex: 0001065642414d4d446b6c765643424f5a58523362334a7249454e424d423458445449324d4445774d6a45794e446b7a4d6c6f580a44544d314d54497a4d5445 | ASCII: ...VBAMMDklvVCBOZXR3b3JrIENBMB4XDTI2MDEwMjEyNDkzMloX.DTM1MTIzMTE [TRUNCATED]
2026-01-03 18:49:35.107 | DEBUG    | 🔐 AUTH indication recebida: 183 bytes
2026-01-03 18:49:35.107 | DEBUG    | Fragmento recebido: seq=1, total=6, payload=180 bytes, flags=0x00
2026-01-03 18:49:35.107 | DEBUG    | Fragmento 2/6 armazenado (2 de 6 recebidos)
2026-01-03 18:49:35.108 | DEBUG    | 🔐 Aguardando mais fragmentos AUTH...
2026-01-03 18:49:35.124 | DEBUG    | Autenticação round 1/10
2026-01-03 18:49:35.198 | INFO     | [OP-20260103_184908-0023] NOTIFICATION | Remote: E0:D3:62:D7:47:03 | Char: 12340004-0000-1000-8000-00805f9b34fb | Data: 183 bytes | Hex: 000206597a45784454414c42674e564241734d42464e70626d7377675a7377454159484b6f5a497a6a3043415159464b34454541434d44675959414241415377 | ASCII: ...YzExDTALBgNVBAsMBFNpbmswgZswEAYHKoZIzj0CAQYFK4EEACMDgYYABAASw [TRUNCATED]
2026-01-03 18:49:35.198 | DEBUG    | 🔐 AUTH indication recebida: 183 bytes
2026-01-03 18:49:35.198 | DEBUG    | Fragmento recebido: seq=2, total=6, payload=180 bytes, flags=0x00
2026-01-03 18:49:35.199 | DEBUG    | Fragmento 3/6 armazenado (3 de 6 recebidos)
2026-01-03 18:49:35.199 | DEBUG    | 🔐 Aguardando mais fragmentos AUTH...
2026-01-03 18:49:35.288 | INFO     | [OP-20260103_184908-0024] NOTIFICATION | Remote: E0:D3:62:D7:47:03 | Char: 12340004-0000-1000-8000-00805f9b34fb | Data: 183 bytes | Hex: 000306386e6a795a48523051644f4375300a6f4e41363237777a484f3239624a6f6b67614b4c486e66436d2b505643727934344a64307a434d4e50614d344d44 | ASCII: ...8njyZHR0QdOCu0.oNA627wzHO29bJokgaKLHnfCm+PVCry44Jd0zCMNPaM4MD [TRUNCATED]
2026-01-03 18:49:35.288 | DEBUG    | 🔐 AUTH indication recebida: 183 bytes
2026-01-03 18:49:35.288 | DEBUG    | Fragmento recebido: seq=3, total=6, payload=180 bytes, flags=0x00
2026-01-03 18:49:35.288 | DEBUG    | Fragmento 4/6 armazenado (4 de 6 recebidos)
2026-01-03 18:49:35.289 | DEBUG    | 🔐 Aguardando mais fragmentos AUTH...
2026-01-03 18:49:35.378 | INFO     | [OP-20260103_184908-0025] NOTIFICATION | Remote: E0:D3:62:D7:47:03 | Char: 12340004-0000-1000-8000-00805f9b34fb | Data: 183 bytes | Hex: 00040634706d4967797a644e615a4e4a506a66796561623859385839394141680a6158316663585374655142344b476a74343969626571735a70734d59754675 | ASCII: ...4pmIgyzdNaZNJPjfyeab8Y8X99AAh.aX1fcXSteQB4KGjt49ibeqsZpsMYuFu [TRUNCATED]
2026-01-03 18:49:35.378 | DEBUG    | 🔐 AUTH indication recebida: 183 bytes
2026-01-03 18:49:35.379 | DEBUG    | Fragmento recebido: seq=4, total=6, payload=180 bytes, flags=0x00
2026-01-03 18:49:35.379 | DEBUG    | Fragmento 5/6 armazenado (5 de 6 recebidos)
2026-01-03 18:49:35.379 | DEBUG    | 🔐 Aguardando mais fragmentos AUTH...
2026-01-03 18:49:35.465 | INFO     | [OP-20260103_184908-0026] NOTIFICATION | Remote: E0:D3:62:D7:47:03 | Char: 12340004-0000-1000-8000-00805f9b34fb | Data: 50 bytes | Hex: 0205065254494649434154452d2d2d2d2d0a626b3959d45efb75bca7f30e1f90a7fe9e5b5fb062c20de3f471b48e903bc48c | ASCII: ...RTIFICATE-----.bk9Y.^.u.........[_.b....q...;..
2026-01-03 18:49:35.466 | DEBUG    | 🔐 AUTH indication recebida: 50 bytes
2026-01-03 18:49:35.466 | DEBUG    | Fragmento recebido: seq=5, total=6, payload=47 bytes, flags=0x02
2026-01-03 18:49:35.466 | DEBUG    | Fragmento 6/6 armazenado (6 de 6 recebidos)
2026-01-03 18:49:35.466 | INFO     | ✅ Mensagem reconstruída: 947 bytes (6 fragmentos)
2026-01-03 18:49:35.467 | DEBUG    | FragmentReassembler resetado
2026-01-03 18:49:35.467 | DEBUG    | 🔐 AUTH mensagem completa: 947 bytes
2026-01-03 18:49:35.625 | DEBUG    | Resposta auth lida do buffer: 947 bytes
2026-01-03 18:49:35.626 | DEBUG    | 📨 Recebido: AuthMessage(type=CHALLENGE, payload=944 bytes)
2026-01-03 18:49:35.626 | INFO     | 🎲 Challenge recebido - processando certificado + challenge...
2026-01-03 18:49:35.628 | INFO     | 📜 Extraindo certificado do peer do payload...
2026-01-03 18:49:35.638 | DEBUG    | ✅ Assinatura da CA válida
2026-01-03 18:49:35.640 | DEBUG    | ✅ Certificado válido temporalmente (expira em 2035-12-31 12:49:32+00:00)
2026-01-03 18:49:35.641 | INFO     | ✅ Certificado validado com sucesso
2026-01-03 18:49:35.642 | INFO     | ✅ Certificado do peer validado!
2026-01-03 18:49:35.643 | INFO     |    Peer NID: 54c225f2...
2026-01-03 18:49:35.643 | INFO     |    Peer tipo: SINK
2026-01-03 18:49:35.644 | DEBUG    |    Challenge: 626b3959d45efb75bca7f30e1f90a7fe...
2026-01-03 18:49:35.644 | INFO     | ✍️  Assinando dados:
2026-01-03 18:49:35.645 | INFO     |    Data: 32 bytes | 626b3959d45efb75bca7f30e1f90a7fe9e5b5fb062c20de3f471b48e903bc48c...
2026-01-03 18:49:35.648 | INFO     |    Signature: 138 bytes | 30818702415c835da7f8c7d8a14a2e5ec4078f5fbf934e414f44e542c4e3976c...
2026-01-03 18:49:35.649 | INFO     | ✍️  Response gerada: 138 bytes
2026-01-03 18:49:35.650 | DEBUG    |    Estado: CHALLENGE_RECEIVED
2026-01-03 18:49:35.650 | DEBUG    | 📤 Enviando resposta (141 bytes)
2026-01-03 18:49:35.650 | DEBUG    | Mensagem pequena (141 bytes), 1 fragmento
2026-01-03 18:49:35.650 | DEBUG    | Enviando mensagem auth: 141 bytes em 1 fragmento(s)
2026-01-03 18:49:35.652 | INFO     | [OP-20260103_184908-0027] WRITE_REQUEST | Remote: E0:D3:62:D7:47:03 | Char: 12340004-0000-1000-8000-00805f9b34fb | Data: 144 bytes | Hex: 03000103008a30818702415c835da7f8c7d8a14a2e5ec4078f5fbf934e414f44e542c4e3976cccecae93c06a125929c1cb56990778c10ecb3c2fc9e5113ecb2f | ASCII: ......0...A\.].....J.^..._..NAOD.B...l.....j.Y)..V..x...</...>./ [TRUNCATED]
2026-01-03 18:49:35.735 | DEBUG    | ✅ Write via SimpleBLE: 12340004-0000-1000-8000-00805f9b34fb (144 bytes)
2026-01-03 18:49:35.735 | INFO     | [OP-20260103_184908-0028] WRITE_SUCCESS | Remote: E0:D3:62:D7:47:03 | Char: 12340004-0000-1000-8000-00805f9b34fb
2026-01-03 18:49:35.736 | DEBUG    |   Fragmento 1/1 enviado
2026-01-03 18:49:35.736 | DEBUG    | Autenticação round 2/10
2026-01-03 18:49:35.736 | INFO     | [OP-20260103_184908-0029] NOTIFICATION | Remote: E0:D3:62:D7:47:03 | Char: 12340004-0000-1000-8000-00805f9b34fb | Data: 6 bytes | Hex: 030001040000 | ASCII: ......
2026-01-03 18:49:35.737 | DEBUG    | 🔐 AUTH indication recebida: 6 bytes
2026-01-03 18:49:35.737 | DEBUG    | Fragmento recebido: seq=0, total=1, payload=3 bytes, flags=0x03
2026-01-03 18:49:35.737 | INFO     | Iniciando recepção de 1 fragmentos
2026-01-03 18:49:35.737 | DEBUG    | Fragmento 1/1 armazenado (1 de 1 recebidos)
2026-01-03 18:49:35.737 | INFO     | ✅ Mensagem reconstruída: 3 bytes (1 fragmentos)
2026-01-03 18:49:35.738 | DEBUG    | FragmentReassembler resetado
2026-01-03 18:49:35.738 | DEBUG    | 🔐 AUTH mensagem completa: 3 bytes
2026-01-03 18:49:36.236 | DEBUG    | Resposta auth lida do buffer: 3 bytes
2026-01-03 18:49:36.237 | DEBUG    | 📨 Recebido: AuthMessage(type=AUTH_SUCCESS, payload=0 bytes)
2026-01-03 18:49:36.237 | INFO     | ✅ Peer confirmou autenticação bem sucedida!
2026-01-03 18:49:36.239 | INFO     | ✅ Autenticação bem-sucedida!
2026-01-03 18:49:36.242 | DEBUG    | 🔑 Session key derivada: 32 bytes
2026-01-03 18:49:36.243 | INFO     | 🔑 Session key estabelecida
2026-01-03 18:49:36.244 | DEBUG    | 🔑 Session key configurada para porta uplink
2026-01-03 18:49:36.245 | INFO     | 🔀 Session key configurada no Router Daemon
2026-01-03 18:49:36.247 | INFO     | ✅ Certificado do Sink armazenado para verificação de heartbeats
2026-01-03 18:49:36.249 | INFO     | DTLSChannel criado (client) com certificado node_74383752_cert.pem
2026-01-03 18:49:36.249 | INFO     | Iniciando handshake DTLS...
2026-01-03 18:49:36.250 | WARNING  | DTLS não disponível - operando em modo stub
2026-01-03 18:49:36.251 | INFO     | ✅ Canal DTLS (stub) estabelecido
2026-01-03 18:49:36.252 | INFO     | 🔐 Canal DTLS end-to-end estabelecido com Sink
2026-01-03 18:49:36.256 | INFO     | 🔑 Chave de encriptação end-to-end derivada (AES-256-GCM)
2026-01-03 18:49:36.261 | INFO     | 🔑 Chave de encriptação end-to-end derivada
2026-01-03 18:49:37.582 | INFO     | [OP-20260103_184908-0030] NOTIFICATION | Remote: E0:D3:62:D7:47:03 | Char: 12340001-0000-1000-8000-00805f9b34fb | Data: 236 bytes | Hex: 54c225f24e894134bf27c5e9148e17c154c225f24e894134bf27c5e9148e17c1020100000010917c1ad50e1849de1b4d09d4d9f29029e321d44a6bdcbf9b9428 | ASCII: T.%.N.A4.'......T.%.N.A4.'.............|....I..M.....).!.Jk....( [TRUNCATED]
2026-01-03 18:49:37.584 | DEBUG    | 📥 Pacote recebido de uplink: 54c225f2... → 54c225f2... (type=MessageType(2), ttl=1)
2026-01-03 18:49:37.584 | DEBUG    | Novo source 54c225f2...: seq=16 (primeiro pacote)
2026-01-03 18:49:37.585 | ERROR    | ❌ MAC verification failed for packet from uplink
   Source: 54c225f2...
   Dest: 54c225f2...
   Type: MessageType(2)
   Seq: 16
2026-01-03 18:49:37.586 | ERROR    | ❌ MAC inválido no pacote de uplink
2026-01-03 18:49:42.577 | INFO     | [OP-20260103_184908-0031] NOTIFICATION | Remote: E0:D3:62:D7:47:03 | Char: 12340001-0000-1000-8000-00805f9b34fb | Data: 236 bytes | Hex: 54c225f24e894134bf27c5e9148e17c154c225f24e894134bf27c5e9148e17c1020100000011c50949257e797725444877013c6fd5e94e9b6c0e99aee30d4579 | ASCII: T.%.N.A4.'......T.%.N.A4.'..............I%~yw%DHw.<o..N.l.....Ey [TRUNCATED]
2026-01-03 18:49:42.578 | DEBUG    | 📥 Pacote recebido de uplink: 54c225f2... → 54c225f2... (type=MessageType(2), ttl=1)
2026-01-03 18:49:42.579 | DEBUG    | Source 54c225f2...: seq=17 (novo highest, window: 2 seqs)
2026-01-03 18:49:42.579 | ERROR    | ❌ MAC verification failed for packet from uplink
   Source: 54c225f2...
   Dest: 54c225f2...
   Type: MessageType(2)
   Seq: 17
2026-01-03 18:49:42.580 | ERROR    | ❌ MAC inválido no pacote de uplink
2026-01-03 18:49:47.572 | INFO     | [OP-20260103_184908-0032] NOTIFICATION | Remote: E0:D3:62:D7:47:03 | Char: 12340001-0000-1000-8000-00805f9b34fb | Data: 236 bytes | Hex: 54c225f24e894134bf27c5e9148e17c154c225f24e894134bf27c5e9148e17c1020100000012b499594c9ab868768bd168a03a9eb783f1053a3121d1cc8a6e26 | ASCII: T.%.N.A4.'......T.%.N.A4.'..............YL..hv..h.:.....:1!...n& [TRUNCATED]
2026-01-03 18:49:47.574 | DEBUG    | 📥 Pacote recebido de uplink: 54c225f2... → 54c225f2... (type=MessageType(2), ttl=1)
2026-01-03 18:49:47.574 | DEBUG    | Source 54c225f2...: seq=18 (novo highest, window: 3 seqs)
2026-01-03 18:49:47.575 | ERROR    | ❌ MAC verification failed for packet from uplink
   Source: 54c225f2...
   Dest: 54c225f2...
   Type: MessageType(2)
   Seq: 18
2026-01-03 18:49:47.576 | ERROR    | ❌ MAC inválido no pacote de uplink
2026-01-03 18:49:52.566 | INFO     | [OP-20260103_184908-0033] NOTIFICATION | Remote: E0:D3:62:D7:47:03 | Char: 12340001-0000-1000-8000-00805f9b34fb | Data: 236 bytes | Hex: 54c225f24e894134bf27c5e9148e17c154c225f24e894134bf27c5e9148e17c102010000001398600202997cd175084926b724c3dfe47375ea4dc11f3aa14c1c | ASCII: T.%.N.A4.'......T.%.N.A4.'.............`...|.u.I&.$...su.M..:.L. [TRUNCATED]
2026-01-03 18:49:52.567 | DEBUG    | 📥 Pacote recebido de uplink: 54c225f2... → 54c225f2... (type=MessageType(2), ttl=1)
2026-01-03 18:49:52.567 | DEBUG    | Source 54c225f2...: seq=19 (novo highest, window: 4 seqs)
2026-01-03 18:49:52.567 | ERROR    | ❌ MAC verification failed for packet from uplink
   Source: 54c225f2...
   Dest: 54c225f2...
   Type: MessageType(2)
   Seq: 19
2026-01-03 18:49:52.568 | ERROR    | ❌ MAC inválido no pacote de uplink
2026-01-03 18:49:57.611 | INFO     | [OP-20260103_184908-0034] NOTIFICATION | Remote: E0:D3:62:D7:47:03 | Char: 12340001-0000-1000-8000-00805f9b34fb | Data: 236 bytes | Hex: 54c225f24e894134bf27c5e9148e17c154c225f24e894134bf27c5e9148e17c1020100000014e637349a318b406caeae99fb4b27c1109d298ff00bccf7f6822a | ASCII: T.%.N.A4.'......T.%.N.A4.'.............74.1.@l....K'...).......* [TRUNCATED]
2026-01-03 18:49:57.612 | DEBUG    | 📥 Pacote recebido de uplink: 54c225f2... → 54c225f2... (type=MessageType(2), ttl=1)
2026-01-03 18:49:57.612 | DEBUG    | Source 54c225f2...: seq=20 (novo highest, window: 5 seqs)
2026-01-03 18:49:57.612 | ERROR    | ❌ MAC verification failed for packet from uplink
   Source: 54c225f2...
   Dest: 54c225f2...
   Type: MessageType(2)
   Seq: 20
2026-01-03 18:49:57.613 | ERROR    | ❌ MAC inválido no pacote de uplink
2026-01-03 18:50:00.653 | DEBUG    | 🔐 End-to-end wrap: 6 → 34 bytes (AES-256-GCM)
2026-01-03 18:50:00.654 | INFO     | 🔐 Payload encriptado end-to-end: 6 → 34 bytes
2026-01-03 18:50:00.661 | INFO     | [OP-20260103_184908-0035] WRITE_REQUEST | Remote: E0:D3:62:D7:47:03 | Char: 12340001-0000-1000-8000-00805f9b34fb | Data: 104 bytes | Hex: 74383752110540b696ca02fb77fc4c7354c225f24e894134bf27c5e9148e17c1010a00000000776c03e191a09909ddb1b2fddaa942c60e223e0c0b72f3e792a3 | ASCII: t87R..@.....w.LsT.%.N.A4.'............wl............B..">..r.... [TRUNCATED]
2026-01-03 18:50:00.756 | DEBUG    | ✅ Write via SimpleBLE: 12340001-0000-1000-8000-00805f9b34fb (104 bytes)
2026-01-03 18:50:00.757 | INFO     | [OP-20260103_184908-0036] WRITE_SUCCESS | Remote: E0:D3:62:D7:47:03 | Char: 12340001-0000-1000-8000-00805f9b34fb
2026-01-03 18:50:00.757 | INFO     | ✅ Mensagem enviada para 54c225f2...
2026-01-03 18:50:02.603 | INFO     | [OP-20260103_184908-0037] NOTIFICATION | Remote: E0:D3:62:D7:47:03 | Char: 12340001-0000-1000-8000-00805f9b34fb | Data: 236 bytes | Hex: 54c225f24e894134bf27c5e9148e17c154c225f24e894134bf27c5e9148e17c10201000000156f41b159e914785c77011207ce9802ebefd2b13fe54a7c7ca2d0 | ASCII: T.%.N.A4.'......T.%.N.A4.'............oA.Y..x\w..........?.J||.. [TRUNCATED]
2026-01-03 18:50:02.604 | DEBUG    | 📥 Pacote recebido de uplink: 54c225f2... → 54c225f2... (type=MessageType(2), ttl=1)
2026-01-03 18:50:02.605 | DEBUG    | Source 54c225f2...: seq=21 (novo highest, window: 6 seqs)
2026-01-03 18:50:02.605 | ERROR    | ❌ MAC verification failed for packet from uplink
   Source: 54c225f2...
   Dest: 54c225f2...
   Type: MessageType(2)
   Seq: 21
2026-01-03 18:50:02.606 | ERROR    | ❌ MAC inválido no pacote de uplink
2026-01-03 18:50:07.598 | INFO     | [OP-20260103_184908-0038] NOTIFICATION | Remote: E0:D3:62:D7:47:03 | Char: 12340001-0000-1000-8000-00805f9b34fb | Data: 236 bytes | Hex: 54c225f24e894134bf27c5e9148e17c154c225f24e894134bf27c5e9148e17c102010000001677109ef126e963cecfd90451e79dcae1338d4ccf633f110e0dc0 | ASCII: T.%.N.A4.'......T.%.N.A4.'............w...&.c....Q....3.L.c?.... [TRUNCATED]
2026-01-03 18:50:07.600 | DEBUG    | 📥 Pacote recebido de uplink: 54c225f2... → 54c225f2... (type=MessageType(2), ttl=1)
2026-01-03 18:50:07.600 | DEBUG    | Source 54c225f2...: seq=22 (novo highest, window: 7 seqs)
2026-01-03 18:50:07.601 | ERROR    | ❌ MAC verification failed for packet from uplink
   Source: 54c225f2...
   Dest: 54c225f2...
   Type: MessageType(2)
   Seq: 22
2026-01-03 18:50:07.602 | ERROR    | ❌ MAC inválido no pacote de uplink
2026-01-03 18:50:12.595 | INFO     | [OP-20260103_184908-0039] NOTIFICATION | Remote: E0:D3:62:D7:47:03 | Char: 12340001-0000-1000-8000-00805f9b34fb | Data: 236 bytes | Hex: 54c225f24e894134bf27c5e9148e17c154c225f24e894134bf27c5e9148e17c1020100000017f73b77cbb5838ad22ab5a28591a9001802f107759eea5a3a751f | ASCII: T.%.N.A4.'......T.%.N.A4.'.............;w.....*..........u..Z:u. [TRUNCATED]
2026-01-03 18:50:12.596 | DEBUG    | 📥 Pacote recebido de uplink: 54c225f2... → 54c225f2... (type=MessageType(2), ttl=1)
2026-01-03 18:50:12.597 | DEBUG    | Source 54c225f2...: seq=23 (novo highest, window: 8 seqs)
2026-01-03 18:50:12.597 | ERROR    | ❌ MAC verification failed for packet from uplink
   Source: 54c225f2...
   Dest: 54c225f2...
   Type: MessageType(2)
   Seq: 23
2026-01-03 18:50:12.598 | ERROR    | ❌ MAC inválido no pacote de uplink
2026-01-03 18:50:12.988 | DEBUG    | 🔐 End-to-end wrap: 9 → 37 bytes (AES-256-GCM)
2026-01-03 18:50:12.989 | INFO     | 🔐 Payload encriptado end-to-end: 9 → 37 bytes
2026-01-03 18:50:12.996 | INFO     | [OP-20260103_184908-0040] WRITE_REQUEST | Remote: E0:D3:62:D7:47:03 | Char: 12340001-0000-1000-8000-00805f9b34fb | Data: 107 bytes | Hex: 74383752110540b696ca02fb77fc4c7354c225f24e894134bf27c5e9148e17c1010a00000001119271c67c2291913697c4ef94f53e7be44e6b67274bc017d781 | ASCII: t87R..@.....w.LsT.%.N.A4.'..............q.|"..6.....>{.Nkg'K.... [TRUNCATED]
2026-01-03 18:50:13.085 | DEBUG    | ✅ Write via SimpleBLE: 12340001-0000-1000-8000-00805f9b34fb (107 bytes)
2026-01-03 18:50:13.085 | INFO     | [OP-20260103_184908-0041] WRITE_SUCCESS | Remote: E0:D3:62:D7:47:03 | Char: 12340001-0000-1000-8000-00805f9b34fb
2026-01-03 18:50:13.086 | INFO     | ✅ Mensagem enviada para 54c225f2...
2026-01-03 18:50:17.588 | INFO     | [OP-20260103_184908-0042] NOTIFICATION | Remote: E0:D3:62:D7:47:03 | Char: 12340001-0000-1000-8000-00805f9b34fb | Data: 236 bytes | Hex: 54c225f24e894134bf27c5e9148e17c154c225f24e894134bf27c5e9148e17c1020100000018dd4469d2749812e876103640fb27e066b8bd0eab8ed5ef5782d3 | ASCII: T.%.N.A4.'......T.%.N.A4.'.............Di.t...v.6@.'.f.......W.. [TRUNCATED]
2026-01-03 18:50:17.589 | DEBUG    | 📥 Pacote recebido de uplink: 54c225f2... → 54c225f2... (type=MessageType(2), ttl=1)
2026-01-03 18:50:17.590 | DEBUG    | Source 54c225f2...: seq=24 (novo highest, window: 9 seqs)
2026-01-03 18:50:17.590 | ERROR    | ❌ MAC verification failed for packet from uplink
   Source: 54c225f2...
   Dest: 54c225f2...
   Type: MessageType(2)
   Seq: 24
2026-01-03 18:50:17.591 | ERROR    | ❌ MAC inválido no pacote de uplink
2026-01-03 18:50:19.064 | INFO     | A parar Node...
2026-01-03 18:50:19.065 | INFO     | A parar GATT Server...
