2025-12-28 13:42:00.250 | INFO     | BLE Operation Logger iniciado: ble_operations_A08869B6F7D2_20251228_134200.log
2025-12-28 13:42:00.251 | INFO     | Scanner BLE iniciado: hci0 (A0:88:69:B6:F7:D2)
2025-12-28 13:42:00.251 | INFO     | BLE Client iniciado
2025-12-28 13:42:00.252 | INFO     | A fazer scan BLE durante 5000ms...
2025-12-28 13:42:00.253 | INFO     | [OP-20251228_134200-0001] SCAN_START | Duration: 5000ms | Filter_IoT: True
2025-12-28 13:42:05.371 | DEBUG    |   Encontrado: rafa-ubuntu (E0:D3:62:D6:EE:A0) RSSI: -55 dBm
2025-12-28 13:42:05.373 | INFO     | Scan concluído: 1 dispositivos encontrados
2025-12-28 13:42:05.375 | INFO     | [OP-20251228_134200-0002] SCAN_RESULT | Devices_Found: 1
2025-12-28 13:42:05.376 | DEBUG    | [OP-20251228_134200-0002]   Device_1: Name: rafa-ubuntu | Address: E0:D3:62:D6:EE:A0 | RSSI: -55 dBm | Services: 1
2025-12-28 13:42:05.380 | DEBUG    | BLEConnection criada para E0:D3:62:D6:EE:A0
2025-12-28 13:42:05.380 | INFO     | A conectar a E0:D3:62:D6:EE:A0...
2025-12-28 13:42:05.381 | INFO     | [OP-20251228_134200-0003] CONNECT_ATTEMPT | Local: A0:88:69:B6:F7:D2 | Remote: E0:D3:62:D6:EE:A0
2025-12-28 13:42:11.633 | INFO     | ✅ Conectado a E0:D3:62:D6:EE:A0
2025-12-28 13:42:11.634 | INFO     | [OP-20251228_134200-0004] CONNECT_SUCCESS | Remote: E0:D3:62:D6:EE:A0 | Time: 6249.17ms
2025-12-28 13:42:11.636 | DEBUG    | A aguardar descoberta de serviços GATT...
2025-12-28 13:42:13.639 | DEBUG    | Tentativa 1/5: 0 serviços, 0 características
2025-12-28 13:42:13.640 | DEBUG    |   Nenhum serviço ainda, a tentar novamente...
2025-12-28 13:42:15.643 | DEBUG    | Tentativa 2/5: 0 serviços, 0 características
2025-12-28 13:42:15.643 | DEBUG    |   Nenhum serviço ainda, a tentar novamente...
2025-12-28 13:42:17.645 | DEBUG    | Tentativa 3/5: 13 serviços, 0 características
2025-12-28 13:42:17.645 | DEBUG    |   - 0000110a-0000-1000-8000-00805f9b34fb (0 características)
2025-12-28 13:42:17.645 | DEBUG    |   - 0000110b-0000-1000-8000-00805f9b34fb (0 características)
2025-12-28 13:42:17.646 | DEBUG    |   - 0000110c-0000-1000-8000-00805f9b34fb (0 características)
2025-12-28 13:42:17.646 | DEBUG    |   - 0000110e-0000-1000-8000-00805f9b34fb (0 características)
2025-12-28 13:42:17.646 | DEBUG    |   - 0000111e-0000-1000-8000-00805f9b34fb (0 características)
2025-12-28 13:42:17.646 | DEBUG    |   - 0000111f-0000-1000-8000-00805f9b34fb (0 características)
2025-12-28 13:42:17.647 | DEBUG    |   - 0000112d-0000-1000-8000-00805f9b34fb (0 características)
2025-12-28 13:42:17.647 | DEBUG    |   - 00001200-0000-1000-8000-00805f9b34fb (0 características)
2025-12-28 13:42:17.647 | DEBUG    |   - 00001800-0000-1000-8000-00805f9b34fb (0 características)
2025-12-28 13:42:17.647 | DEBUG    |   - 00001801-0000-1000-8000-00805f9b34fb (0 características)
2025-12-28 13:42:17.647 | DEBUG    |   - 0000180a-0000-1000-8000-00805f9b34fb (0 características)
2025-12-28 13:42:17.647 | DEBUG    |   - 03b80e5a-ede8-4b33-a751-6ce34ec4c700 (0 características)
2025-12-28 13:42:17.648 | DEBUG    |   - 12340000-0000-1000-8000-00805f9b34fb (0 características)
2025-12-28 13:42:17.648 | DEBUG    |   Serviços encontrados mas sem características, a tentar novamente...
2025-12-28 13:42:19.650 | DEBUG    | Tentativa 4/5: 13 serviços, 0 características
2025-12-28 13:42:19.650 | DEBUG    |   - 0000110a-0000-1000-8000-00805f9b34fb (0 características)
2025-12-28 13:42:19.651 | DEBUG    |   - 0000110b-0000-1000-8000-00805f9b34fb (0 características)
2025-12-28 13:42:19.651 | DEBUG    |   - 0000110c-0000-1000-8000-00805f9b34fb (0 características)
2025-12-28 13:42:19.651 | DEBUG    |   - 0000110e-0000-1000-8000-00805f9b34fb (0 características)
2025-12-28 13:42:19.652 | DEBUG    |   - 0000111e-0000-1000-8000-00805f9b34fb (0 características)
2025-12-28 13:42:19.653 | DEBUG    |   - 0000111f-0000-1000-8000-00805f9b34fb (0 características)
2025-12-28 13:42:19.653 | DEBUG    |   - 0000112d-0000-1000-8000-00805f9b34fb (0 características)
2025-12-28 13:42:19.654 | DEBUG    |   - 00001200-0000-1000-8000-00805f9b34fb (0 características)
2025-12-28 13:42:19.654 | DEBUG    |   - 00001800-0000-1000-8000-00805f9b34fb (0 características)
2025-12-28 13:42:19.655 | DEBUG    |   - 00001801-0000-1000-8000-00805f9b34fb (0 características)
2025-12-28 13:42:19.655 | DEBUG    |   - 0000180a-0000-1000-8000-00805f9b34fb (0 características)
2025-12-28 13:42:19.655 | DEBUG    |   - 03b80e5a-ede8-4b33-a751-6ce34ec4c700 (0 características)
2025-12-28 13:42:19.656 | DEBUG    |   - 12340000-0000-1000-8000-00805f9b34fb (0 características)
2025-12-28 13:42:19.656 | DEBUG    |   Serviços encontrados mas sem características, a tentar novamente...
2025-12-28 13:42:21.658 | DEBUG    | Tentativa 5/5: 13 serviços, 0 características
2025-12-28 13:42:21.659 | DEBUG    |   - 0000110a-0000-1000-8000-00805f9b34fb (0 características)
2025-12-28 13:42:21.659 | DEBUG    |   - 0000110b-0000-1000-8000-00805f9b34fb (0 características)
2025-12-28 13:42:21.659 | DEBUG    |   - 0000110c-0000-1000-8000-00805f9b34fb (0 características)
2025-12-28 13:42:21.660 | DEBUG    |   - 0000110e-0000-1000-8000-00805f9b34fb (0 características)
2025-12-28 13:42:21.661 | DEBUG    |   - 0000111e-0000-1000-8000-00805f9b34fb (0 características)
2025-12-28 13:42:21.661 | DEBUG    |   - 0000111f-0000-1000-8000-00805f9b34fb (0 características)
2025-12-28 13:42:21.662 | DEBUG    |   - 0000112d-0000-1000-8000-00805f9b34fb (0 características)
2025-12-28 13:42:21.662 | DEBUG    |   - 00001200-0000-1000-8000-00805f9b34fb (0 características)
2025-12-28 13:42:21.663 | DEBUG    |   - 00001800-0000-1000-8000-00805f9b34fb (0 características)
2025-12-28 13:42:21.664 | DEBUG    |   - 00001801-0000-1000-8000-00805f9b34fb (0 características)
2025-12-28 13:42:21.664 | DEBUG    |   - 0000180a-0000-1000-8000-00805f9b34fb (0 características)
2025-12-28 13:42:21.664 | DEBUG    |   - 03b80e5a-ede8-4b33-a751-6ce34ec4c700 (0 características)
2025-12-28 13:42:21.665 | DEBUG    |   - 12340000-0000-1000-8000-00805f9b34fb (0 características)
2025-12-28 13:42:21.665 | WARNING  | ⚠️  Serviços descobertos mas sem características - SimpleBLE pode ter limitações
2025-12-28 13:42:21.667 | INFO     | PacketManager iniciado para NID 7d39fb7f...
2025-12-28 13:42:21.670 | DEBUG    | Pacote criado: DATA -> f60b29cf... (seq=0)
2025-12-28 13:42:21.671 | INFO     | [OP-20251228_134200-0005] WRITE_REQUEST | Remote: E0:D3:62:D6:EE:A0 | Char: 12340001-0000-1000-8000-00805f9b34fb | Data: 122 bytes | Hex: 7d39fb7f4356448ea08be5ecd0b03583f60b29cfeb0e44c28bd8407757fc62ee010a00000000c2c2981832a769c086dfeed17336602484e0dcf8f7df20f9a42f | ASCII: }9..CVD.......5...)...D...@wW.b...........2.i.....s6`$...... ../ [TRUNCATED]
2025-12-28 13:42:21.675 | WARNING  | SimpleBLE falhou (Peripheral is not connected.), a tentar via D-Bus...
2025-12-28 13:42:21.677 | DEBUG    | Device path: /org/bluez/hci0/dev_E0_D3_62_D6_EE_A0
2025-12-28 13:42:21.689 | WARNING  | Característica 12340001-0000-1000-8000-00805f9b34fb não encontrada em /org/bluez/hci0/dev_E0_D3_62_D6_EE_A0
2025-12-28 13:42:21.692 | ERROR    | Característica 12340001-0000-1000-8000-00805f9b34fb não encontrada
2025-12-28 13:42:21.693 | ERROR    | Erro ao escrever em 12340001-0000-1000-8000-00805f9b34fb: Falha tanto em SimpleBLE quanto em D-Bus
2025-12-28 13:42:21.696 | ERROR    | [OP-20251228_134200-0006] WRITE_FAILED | Remote: E0:D3:62:D6:EE:A0 | Char: 12340001-0000-1000-8000-00805f9b34fb | Error: Falha tanto em SimpleBLE quanto em D-Bus
2025-12-28 13:42:21.702 | INFO     | Desconectado de E0:D3:62:D6:EE:A0
2025-12-28 13:42:21.703 | INFO     | [OP-20251228_134200-0007] DISCONNECT | Remote: E0:D3:62:D6:EE:A0 | Reason: normal
