2025-12-29 15:18:27.346 | INFO     | BLE Operation Logger iniciado: ble_operations_A08869B6F7D2_20251229_151827.log
2025-12-29 15:18:27.348 | INFO     | Scanner BLE iniciado: hci0 (A0:88:69:B6:F7:D2)
2025-12-29 15:18:27.348 | INFO     | BLE Client iniciado
2025-12-29 15:18:27.349 | INFO     | A fazer scan BLE durante 5000ms...
2025-12-29 15:18:27.349 | INFO     | [OP-20251229_151827-0001] SCAN_START | Duration: 5000ms | Filter_IoT: True
2025-12-29 15:18:32.366 | DEBUG    |   Encontrado: IoT-Node (E0:D3:62:D6:EE:A0) RSSI: -54 dBm
2025-12-29 15:18:32.367 | INFO     | Scan concluído: 1 dispositivos encontrados
2025-12-29 15:18:32.368 | INFO     | [OP-20251229_151827-0002] SCAN_RESULT | Devices_Found: 1
2025-12-29 15:18:32.368 | DEBUG    | [OP-20251229_151827-0002]   Device_1: Name: IoT-Node | Address: E0:D3:62:D6:EE:A0 | RSSI: -54 dBm | Services: 1
2025-12-29 15:18:32.370 | DEBUG    | BLEConnection criada para E0:D3:62:D6:EE:A0
2025-12-29 15:18:32.371 | INFO     | A conectar a E0:D3:62:D6:EE:A0...
2025-12-29 15:18:32.371 | INFO     | [OP-20251229_151827-0003] CONNECT_ATTEMPT | Local: A0:88:69:B6:F7:D2 | Remote: E0:D3:62:D6:EE:A0
2025-12-29 15:18:36.294 | INFO     | ✅ Conectado a E0:D3:62:D6:EE:A0
2025-12-29 15:18:36.295 | INFO     | [OP-20251229_151827-0004] CONNECT_SUCCESS | Remote: E0:D3:62:D6:EE:A0 | Time: 3920.07ms
2025-12-29 15:18:36.296 | DEBUG    | ✅ Conexão estabelecida. Operações GATT usarão D-Bus se necessário.
2025-12-29 15:18:36.297 | INFO     | PacketManager iniciado para NID 58594c73...
2025-12-29 15:18:36.301 | DEBUG    | Pacote criado: DATA -> 32a40dfb... (seq=0)
2025-12-29 15:18:36.307 | INFO     | [OP-20251229_151827-0005] WRITE_REQUEST | Remote: E0:D3:62:D6:EE:A0 | Char: 12340001-0000-1000-8000-00805f9b34fb | Data: 122 bytes | Hex: 58594c737d9f465787f9c7e97d5709c132a40dfb6c1d479aa2318c500c5bd881010a00000000049c557bdafc6e05fa9bd377da14a9ddd50f6cb3707cb0a7e1d4 | ASCII: XYLs}.FW....}W..2...l.G..1.P.[..........U{..n....w......l.p|.... [TRUNCATED]
2025-12-29 15:18:36.806 | DEBUG    | ✅ Write via SimpleBLE: 12340001-0000-1000-8000-00805f9b34fb (122 bytes)
2025-12-29 15:18:36.807 | INFO     | [OP-20251229_151827-0006] WRITE_SUCCESS | Remote: E0:D3:62:D6:EE:A0 | Char: 12340001-0000-1000-8000-00805f9b34fb
2025-12-29 15:18:39.015 | INFO     | Desconectado de E0:D3:62:D6:EE:A0
2025-12-29 15:18:39.017 | INFO     | [OP-20251229_151827-0007] DISCONNECT | Remote: E0:D3:62:D6:EE:A0 | Reason: normal
