2026-01-02 11:53:37.012 | INFO     | BLE Operation Logger iniciado: ble_operations_A08869B6F7D2_20260102_115336.log
2026-01-02 11:53:37.013 | INFO     | Scanner BLE iniciado: hci0 (A0:88:69:B6:F7:D2)
2026-01-02 11:53:37.014 | INFO     | BLE Client iniciado
2026-01-02 11:53:37.014 | DEBUG    | FragmentReassembler inicializado
2026-01-02 11:53:37.014 | INFO     | IoT Node inicializado (adapter=hci0)
2026-01-02 11:53:37.014 | INFO     | ============================================================
2026-01-02 11:53:37.015 | INFO     |   A iniciar IoT Node (dual-mode)
2026-01-02 11:53:37.015 | INFO     | ============================================================
2026-01-02 11:53:37.017 | INFO     | A configurar GATT Server...
2026-01-02 11:53:37.019 | INFO     | Application criada: /
2026-01-02 11:53:37.019 | INFO     | Service criado: /0 (UUID: 12340000-0000-1000-8000-00805f9b34fb, primary: True)
2026-01-02 11:53:37.020 | INFO     | A criar IoTNetworkService...
2026-01-02 11:53:37.021 | DEBUG    | Characteristic criada: /0/char0 (UUID: 12340001-0000-1000-8000-00805f9b34fb, flags: ['write', 'notify'])
2026-01-02 11:53:37.021 | INFO     | NetworkPacketCharacteristic criada
2026-01-02 11:53:37.022 | DEBUG    | Characteristic criada: /0/char1 (UUID: 12340002-0000-1000-8000-00805f9b34fb, flags: ['read'])
2026-01-02 11:53:37.022 | INFO     | DeviceInfoCharacteristic criada: NID=323b6aad..., type=node
2026-01-02 11:53:37.023 | DEBUG    | Characteristic criada: /0/char2 (UUID: 12340003-0000-1000-8000-00805f9b34fb, flags: ['read', 'notify'])
2026-01-02 11:53:37.023 | INFO     | NeighborTableCharacteristic criada
2026-01-02 11:53:37.024 | DEBUG    | Characteristic criada: /0/char3 (UUID: 12340004-0000-1000-8000-00805f9b34fb, flags: ['write', 'indicate'])
2026-01-02 11:53:37.024 | INFO     | AuthCharacteristic criada
2026-01-02 11:53:37.025 | DEBUG    | Characteristic adicionada a /0: /0/char0
2026-01-02 11:53:37.025 | DEBUG    | Characteristic adicionada a /0: /0/char1
2026-01-02 11:53:37.025 | DEBUG    | Characteristic adicionada a /0: /0/char2
2026-01-02 11:53:37.025 | DEBUG    | Characteristic adicionada a /0: /0/char3
2026-01-02 11:53:37.026 | INFO     | ✅ IoTNetworkService criado com sucesso!
2026-01-02 11:53:37.027 | INFO     | Service adicionado à aplicação: /0
2026-01-02 11:53:37.027 | DEBUG    | Packet callback definido
2026-01-02 11:53:37.028 | DEBUG    | Auth callback definido
2026-01-02 11:53:37.028 | INFO     | Advertisement criado: /org/bluez/iot/advertisement0 (type: peripheral)
2026-01-02 11:53:37.029 | INFO     | ✅ Service UUID adicionado ao advertising: 12340000-0000-1000-8000-00805f9b34fb
2026-01-02 11:53:37.029 | INFO     |    Lista atual de UUIDs: ['12340000-0000-1000-8000-00805f9b34fb']
2026-01-02 11:53:37.030 | DEBUG    | Local name definido: IoT-Node-323b6aad
2026-01-02 11:53:37.030 | DEBUG    | Manufacturer data adicionado: ID=65535
2026-01-02 11:53:37.030 | INFO     | ✅ GATT Server configurado
2026-01-02 11:53:37.031 | INFO     | A iniciar GATT Server...
2026-01-02 11:53:37.033 | INFO     | ✅ GATT Server iniciado em thread separada
2026-01-02 11:53:37.036 | INFO     | ✅ GATT Server ativo - aguardando downlinks
2026-01-02 11:53:37.037 | INFO     | 🔍 A procurar Sink...
2026-01-02 11:53:37.041 | DEBUG    | GetManagedObjects called
2026-01-02 11:53:37.041 | DEBUG    | GetManagedObjects returning 5 objects
2026-01-02 11:53:37.041 | INFO     | A fazer scan BLE durante 5000ms...
2026-01-02 11:53:37.043 | INFO     | [OP-20260102_115336-0001] SCAN_START | Duration: 5000ms | Filter_IoT: True
2026-01-02 11:53:37.117 | INFO     | ✅ GATT application registada!
2026-01-02 11:53:37.117 | DEBUG    | GetAll called on /org/bluez/iot/advertisement0
2026-01-02 11:53:37.118 | INFO     | 📡 Advertising com ServiceUUIDs: ['12340000-0000-1000-8000-00805f9b34fb']
2026-01-02 11:53:37.230 | INFO     | ✅ Advertisement registado!
2026-01-02 11:53:42.235 | DEBUG    |   Encontrado: IoT-Sink-af04ea89 (E0:D3:62:D6:EE:A0) RSSI: -49 dBm
2026-01-02 11:53:42.236 | INFO     | Scan concluído: 1 dispositivos encontrados
2026-01-02 11:53:42.237 | INFO     | [OP-20260102_115336-0002] SCAN_RESULT | Devices_Found: 1
2026-01-02 11:53:42.238 | DEBUG    | [OP-20260102_115336-0002]   Device_1: Name: IoT-Sink-af04ea89 | Address: E0:D3:62:D6:EE:A0 | RSSI: -49 dBm | Services: 5
2026-01-02 11:53:42.239 | INFO     | Encontrados 1 dispositivos IoT
2026-01-02 11:53:42.239 | DEBUG    |   Device: IoT-Sink-af04ea89 (E0:D3:62:D6:EE:A0) RSSI: -49 dBm
2026-01-02 11:53:42.240 | DEBUG    |     Type=0, HopCount=255
2026-01-02 11:53:42.240 | INFO     | ✅ Sink encontrado: IoT-Sink-af04ea89 (E0:D3:62:D6:EE:A0) RSSI: -49 dBm
2026-01-02 11:53:42.241 | INFO     | A conectar ao Sink E0:D3:62:D6:EE:A0...
2026-01-02 11:53:42.242 | DEBUG    | BLEConnection criada para E0:D3:62:D6:EE:A0
2026-01-02 11:53:42.242 | INFO     | A conectar a E0:D3:62:D6:EE:A0...
2026-01-02 11:53:42.244 | INFO     | [OP-20260102_115336-0003] CONNECT_ATTEMPT | Local: A0:88:69:B6:F7:D2 | Remote: E0:D3:62:D6:EE:A0
2026-01-02 11:53:45.105 | INFO     | ✅ Conectado a E0:D3:62:D6:EE:A0
2026-01-02 11:53:45.106 | INFO     | [OP-20260102_115336-0004] CONNECT_SUCCESS | Remote: E0:D3:62:D6:EE:A0 | Time: 2857.74ms
2026-01-02 11:53:45.107 | DEBUG    | ✅ Conexão estabelecida. Operações GATT usarão D-Bus se necessário.
2026-01-02 11:53:45.107 | INFO     | ✅ Conectado ao Sink via GATT
2026-01-02 11:53:45.111 | DEBUG    | Descobertos 4 serviços
2026-01-02 11:53:45.115 | DEBUG    | Serviço 12340000-0000-1000-8000-00805f9b34fb encontrado
2026-01-02 11:53:45.116 | INFO     | ✅ Serviço IoT Network encontrado
2026-01-02 11:53:45.118 | INFO     | A subscrever a notificações...
2026-01-02 11:53:45.305 | INFO     | ✅ Subscrito a notificações: 12340001-0000-1000-8000-00805f9b34fb
2026-01-02 11:53:45.306 | INFO     | [OP-20260102_115336-0005] SUBSCRIBE_SUCCESS | Remote: E0:D3:62:D6:EE:A0 | Char: 12340001-0000-1000-8000-00805f9b34fb
2026-01-02 11:53:45.307 | INFO     | ✅ Subscrito a NETWORK_PACKET
2026-01-02 11:53:45.308 | DEBUG    | [OP-20260102_115336-0006] READ_REQUEST | Remote: E0:D3:62:D6:EE:A0 | Service: 12340000-0000-1000-8000-00805f9b34fb | Char: 12340002-0000-1000-8000-00805f9b34fb
2026-01-02 11:53:45.404 | DEBUG    | Read 12340002-0000-1000-8000-00805f9b34fb: 18 bytes
2026-01-02 11:53:45.404 | INFO     | [OP-20260102_115336-0007] READ_RESPONSE | Remote: E0:D3:62:D6:EE:A0 | Char: 12340002-0000-1000-8000-00805f9b34fb | Data: 18 bytes | Hex: af04ea89a60e42f5b1e940dfed46b83aff01 | ASCII: ......B...@..F.:..
2026-01-02 11:53:45.405 | INFO     | ✅ Conectado ao Sink - hop_count=0
2026-01-02 11:53:45.405 | DEBUG    | Manufacturer data adicionado: ID=65535
2026-01-02 11:53:45.405 | DEBUG    | Advertisement atualizado: hop_count=0
2026-01-02 11:53:45.405 | INFO     | 🔐 A iniciar autenticação com Sink...
2026-01-02 11:53:45.406 | DEBUG    | 📡 A subscrever a AUTH characteristic...
2026-01-02 11:53:45.504 | INFO     | ✅ Subscrito a notificações: 12340004-0000-1000-8000-00805f9b34fb
2026-01-02 11:53:45.505 | INFO     | [OP-20260102_115336-0008] SUBSCRIBE_SUCCESS | Remote: E0:D3:62:D6:EE:A0 | Char: 12340004-0000-1000-8000-00805f9b34fb
2026-01-02 11:53:45.506 | DEBUG    | ✅ Subscrito a AUTH indications
2026-01-02 11:53:45.506 | INFO     | AuthenticationProtocol inicializado para 323b6aad...
2026-01-02 11:53:45.507 | INFO     | 📤 Enviando certificado...
2026-01-02 11:53:45.507 | INFO     | 🔐 Iniciando autenticação - enviando certificado...
2026-01-02 11:53:45.508 | INFO     |    Certificado: 883 bytes
2026-01-02 11:53:45.508 | DEBUG    |    Estado: IDLE → CERT_SENT
2026-01-02 11:53:45.509 | INFO     | Fragmentando mensagem de 886 bytes em 5 fragmentos
2026-01-02 11:53:45.509 | DEBUG    |   Fragmento 1/5: 180 bytes, flags=0x01
2026-01-02 11:53:45.509 | DEBUG    |   Fragmento 2/5: 180 bytes, flags=0x00
2026-01-02 11:53:45.510 | DEBUG    |   Fragmento 3/5: 180 bytes, flags=0x00
2026-01-02 11:53:45.510 | DEBUG    |   Fragmento 4/5: 180 bytes, flags=0x00
2026-01-02 11:53:45.510 | DEBUG    |   Fragmento 5/5: 166 bytes, flags=0x02
2026-01-02 11:53:45.510 | DEBUG    | Enviando mensagem auth: 886 bytes em 5 fragmento(s)
2026-01-02 11:53:45.513 | INFO     | [OP-20260102_115336-0009] WRITE_REQUEST | Remote: E0:D3:62:D6:EE:A0 | Char: 12340004-0000-1000-8000-00805f9b34fb | Data: 183 bytes | Hex: 0100050103732d2d2d2d2d424547494e2043455254494649434154452d2d2d2d2d0a4d4949435944434341634b674177494241674955486636554f3969687439 | ASCII: .....s-----BEGIN CERTIFICATE-----.MIICYDCCAcKgAwIBAgIUHf6UO9iht9 [TRUNCATED]
2026-01-02 11:53:45.653 | DEBUG    | ✅ Write via SimpleBLE: 12340004-0000-1000-8000-00805f9b34fb (183 bytes)
2026-01-02 11:53:45.653 | INFO     | [OP-20260102_115336-0010] WRITE_SUCCESS | Remote: E0:D3:62:D6:EE:A0 | Char: 12340004-0000-1000-8000-00805f9b34fb
2026-01-02 11:53:45.654 | DEBUG    |   Fragmento 1/5 enviado
2026-01-02 11:53:45.756 | INFO     | [OP-20260102_115336-0011] WRITE_REQUEST | Remote: E0:D3:62:D6:EE:A0 | Char: 12340004-0000-1000-8000-00805f9b34fb | Data: 183 bytes | Hex: 0001054d446b6c765643424f5a58523362334a7249454e424d423458445449314d5449794f54497a4e44517a4d6c6f580a44544d314d5449794e7a497a4e4451 | ASCII: ...MDklvVCBOZXR3b3JrIENBMB4XDTI1MTIyOTIzNDQzMloX.DTM1MTIyNzIzNDQ [TRUNCATED]
2026-01-02 11:53:45.903 | DEBUG    | ✅ Write via SimpleBLE: 12340004-0000-1000-8000-00805f9b34fb (183 bytes)
2026-01-02 11:53:45.904 | INFO     | [OP-20260102_115336-0012] WRITE_SUCCESS | Remote: E0:D3:62:D6:EE:A0 | Char: 12340004-0000-1000-8000-00805f9b34fb
2026-01-02 11:53:45.905 | DEBUG    |   Fragmento 2/5 enviado
2026-01-02 11:53:46.007 | INFO     | [OP-20260102_115336-0013] WRITE_REQUEST | Remote: E0:D3:62:D6:EE:A0 | Char: 12340004-0000-1000-8000-00805f9b34fb | Data: 183 bytes | Hex: 000205675a7377454159484b6f5a497a6a3043415159464b34454541434d4467595941424142664245354466352f3950305a36666765433779695630392f510a | ASCII: ...gZswEAYHKoZIzj0CAQYFK4EEACMDgYYABABfBE5Df5/9P0Z6fgeC7yiV09/Q. [TRUNCATED]
2026-01-02 11:53:46.153 | DEBUG    | ✅ Write via SimpleBLE: 12340004-0000-1000-8000-00805f9b34fb (183 bytes)
2026-01-02 11:53:46.153 | INFO     | [OP-20260102_115336-0014] WRITE_SUCCESS | Remote: E0:D3:62:D6:EE:A0 | Char: 12340004-0000-1000-8000-00805f9b34fb
2026-01-02 11:53:46.155 | DEBUG    |   Fragmento 3/5 enviado
2026-01-02 11:53:46.257 | INFO     | [OP-20260102_115336-0015] WRITE_REQUEST | Remote: E0:D3:62:D6:EE:A0 | Char: 12340004-0000-1000-8000-00805f9b34fb | Data: 183 bytes | Hex: 0003056d64736d77766d2b64490a68486d6a76306870486a314f74686b6f7172337052614d344d44597744415944565230544151482f424149774144414f4267 | ASCII: ...mdsmwvm+dI.hHmjv0hpHj1Othkoqr3pRaM4MDYwDAYDVR0TAQH/BAIwADAOBg [TRUNCATED]
2026-01-02 11:53:46.403 | DEBUG    | ✅ Write via SimpleBLE: 12340004-0000-1000-8000-00805f9b34fb (183 bytes)
2026-01-02 11:53:46.404 | INFO     | [OP-20260102_115336-0016] WRITE_SUCCESS | Remote: E0:D3:62:D6:EE:A0 | Char: 12340004-0000-1000-8000-00805f9b34fb
2026-01-02 11:53:46.405 | DEBUG    |   Fragmento 4/5 enviado
2026-01-02 11:53:46.506 | INFO     | [OP-20260102_115336-0017] WRITE_REQUEST | Remote: E0:D3:62:D6:EE:A0 | Char: 12340004-0000-1000-8000-00805f9b34fb | Data: 169 bytes | Hex: 02040538354d77556f4c79796e386b772f3437496f7053317a75452f0a673277354b562f58494c575949335556555768706e7334435153564e44655563397764 | ASCII: ...85MwUoLyyn8kw/47IopS1zuE/.g2w5KV/XILWYI3UVUWhpns4CQSVNDeUc9wd [TRUNCATED]
2026-01-02 11:53:46.653 | DEBUG    | ✅ Write via SimpleBLE: 12340004-0000-1000-8000-00805f9b34fb (169 bytes)
2026-01-02 11:53:46.654 | INFO     | [OP-20260102_115336-0018] WRITE_SUCCESS | Remote: E0:D3:62:D6:EE:A0 | Char: 12340004-0000-1000-8000-00805f9b34fb
2026-01-02 11:53:46.655 | DEBUG    |   Fragmento 5/5 enviado
2026-01-02 11:53:46.656 | INFO     | [OP-20260102_115336-0019] NOTIFICATION | Remote: E0:D3:62:D6:EE:A0 | Char: 12340004-0000-1000-8000-00805f9b34fb | Data: 183 bytes | Hex: 0100060203ac000003882d2d2d2d2d424547494e2043455254494649434154452d2d2d2d2d0a4d494943627a4343416447674177494241674955637a61794137 | ASCII: ..........-----BEGIN CERTIFICATE-----.MIICbzCCAdGgAwIBAgIUczayA7 [TRUNCATED]
2026-01-02 11:53:46.657 | DEBUG    | 🔐 AUTH indication recebida: 183 bytes
2026-01-02 11:53:46.658 | DEBUG    | Fragmento recebido: seq=0, total=6, payload=180 bytes, flags=0x01
2026-01-02 11:53:46.658 | INFO     | Iniciando recepção de 6 fragmentos
2026-01-02 11:53:46.659 | DEBUG    | Fragmento 1/6 armazenado (1 de 6 recebidos)
2026-01-02 11:53:46.659 | DEBUG    | 🔐 Aguardando mais fragmentos AUTH...
2026-01-02 11:53:46.754 | INFO     | [OP-20260102_115336-0020] NOTIFICATION | Remote: E0:D3:62:D6:EE:A0 | Char: 12340004-0000-1000-8000-00805f9b34fb | Data: 183 bytes | Hex: 0001065642414d4d446b6c765643424f5a58523362334a7249454e424d423458445449314d54497a4d4441784d6a67314e566f580a44544d314d5449794f4441 | ASCII: ...VBAMMDklvVCBOZXR3b3JrIENBMB4XDTI1MTIzMDAxMjg1NVoX.DTM1MTIyODA [TRUNCATED]
2026-01-02 11:53:46.755 | DEBUG    | 🔐 AUTH indication recebida: 183 bytes
2026-01-02 11:53:46.755 | DEBUG    | Autenticação round 1/10
2026-01-02 11:53:46.756 | DEBUG    | Fragmento recebido: seq=1, total=6, payload=180 bytes, flags=0x00
2026-01-02 11:53:46.757 | DEBUG    | Fragmento 2/6 armazenado (2 de 6 recebidos)
2026-01-02 11:53:46.758 | DEBUG    | 🔐 Aguardando mais fragmentos AUTH...
2026-01-02 11:53:46.858 | INFO     | [OP-20260102_115336-0021] NOTIFICATION | Remote: E0:D3:62:D6:EE:A0 | Char: 12340004-0000-1000-8000-00805f9b34fb | Data: 183 bytes | Hex: 0002064d3245784454414c42674e564241734d42464e70626d7377675a7377454159484b6f5a497a6a3043415159464b34454541434d4467595941424146636c | ASCII: ...M2ExDTALBgNVBAsMBFNpbmswgZswEAYHKoZIzj0CAQYFK4EEACMDgYYABAFcl [TRUNCATED]
2026-01-02 11:53:46.858 | DEBUG    | 🔐 AUTH indication recebida: 183 bytes
2026-01-02 11:53:46.858 | DEBUG    | Fragmento recebido: seq=2, total=6, payload=180 bytes, flags=0x00
2026-01-02 11:53:46.858 | DEBUG    | Fragmento 3/6 armazenado (3 de 6 recebidos)
2026-01-02 11:53:46.858 | DEBUG    | 🔐 Aguardando mais fragmentos AUTH...
2026-01-02 11:53:46.958 | INFO     | [OP-20260102_115336-0022] NOTIFICATION | Remote: E0:D3:62:D6:EE:A0 | Char: 12340004-0000-1000-8000-00805f9b34fb | Data: 183 bytes | Hex: 0003066f72476e2f714162545a42442f720a4263547470423468635a7a494b78594d383269486d74724b6f504f754b6846564c625031655750704c714d344d44 | ASCII: ...orGn/qAbTZBD/r.BcTtpB4hcZzIKxYM82iHmtrKoPOuKhFVLbP1eWPpLqM4MD [TRUNCATED]
2026-01-02 11:53:46.958 | DEBUG    | 🔐 AUTH indication recebida: 183 bytes
2026-01-02 11:53:46.958 | DEBUG    | Fragmento recebido: seq=3, total=6, payload=180 bytes, flags=0x00
2026-01-02 11:53:46.959 | DEBUG    | Fragmento 4/6 armazenado (4 de 6 recebidos)
2026-01-02 11:53:46.959 | DEBUG    | 🔐 Aguardando mais fragmentos AUTH...
2026-01-02 11:53:47.057 | INFO     | [OP-20260102_115336-0023] NOTIFICATION | Remote: E0:D3:62:D6:EE:A0 | Char: 12340004-0000-1000-8000-00805f9b34fb | Data: 183 bytes | Hex: 0004064d706d5553774731624a48304b52784a504a614a554830782f694c364e0a6c5263765068685a66393737766d44433452333958354f2f44534e31736264 | ASCII: ...MpmUSwG1bJH0KRxJPJaJUH0x/iL6N.lRcvPhhZf977vmDC4R39X5O/DSN1sbd [TRUNCATED]
2026-01-02 11:53:47.058 | DEBUG    | 🔐 AUTH indication recebida: 183 bytes
2026-01-02 11:53:47.058 | DEBUG    | Fragmento recebido: seq=4, total=6, payload=180 bytes, flags=0x00
2026-01-02 11:53:47.058 | DEBUG    | Fragmento 5/6 armazenado (5 de 6 recebidos)
2026-01-02 11:53:47.059 | DEBUG    | 🔐 Aguardando mais fragmentos AUTH...
2026-01-02 11:53:47.154 | INFO     | [OP-20260102_115336-0024] NOTIFICATION | Remote: E0:D3:62:D6:EE:A0 | Char: 12340004-0000-1000-8000-00805f9b34fb | Data: 46 bytes | Hex: 02050649434154452d2d2d2d2d0ae8cc81cd0b04c360abf165b826c3f1ad72b305adb3b5cc65be88cdd75240c8bf | ASCII: ...ICATE-----........`..e.&...r......e....R@..
2026-01-02 11:53:47.154 | DEBUG    | 🔐 AUTH indication recebida: 46 bytes
2026-01-02 11:53:47.154 | DEBUG    | Fragmento recebido: seq=5, total=6, payload=43 bytes, flags=0x02
2026-01-02 11:53:47.155 | DEBUG    | Fragmento 6/6 armazenado (6 de 6 recebidos)
2026-01-02 11:53:47.155 | INFO     | ✅ Mensagem reconstruída: 943 bytes (6 fragmentos)
2026-01-02 11:53:47.155 | DEBUG    | FragmentReassembler resetado
2026-01-02 11:53:47.155 | DEBUG    | 🔐 AUTH mensagem completa: 943 bytes
2026-01-02 11:53:47.257 | DEBUG    | Resposta auth lida do buffer: 943 bytes
2026-01-02 11:53:47.257 | DEBUG    | 📨 Recebido: AuthMessage(type=CHALLENGE, payload=940 bytes)
2026-01-02 11:53:47.257 | INFO     | 🎲 Challenge recebido - processando certificado + challenge...
2026-01-02 11:53:47.258 | INFO     | 📜 Extraindo certificado do peer do payload...
2026-01-02 11:53:47.261 | DEBUG    | ✅ Assinatura da CA válida
2026-01-02 11:53:47.261 | DEBUG    | ✅ Certificado válido temporalmente (expira em 2035-12-28 01:28:55+00:00)
2026-01-02 11:53:47.262 | INFO     | ✅ Certificado validado com sucesso
2026-01-02 11:53:47.262 | INFO     | ✅ Certificado do peer validado!
2026-01-02 11:53:47.263 | INFO     |    Peer NID: af04ea89...
2026-01-02 11:53:47.264 | INFO     |    Peer tipo: SINK
2026-01-02 11:53:47.264 | DEBUG    |    Challenge: e8cc81cd0b04c360abf165b826c3f1ad...
2026-01-02 11:53:47.266 | INFO     | ✍️  Response gerada: 138 bytes
2026-01-02 11:53:47.267 | DEBUG    |    Estado: CHALLENGE_RECEIVED
2026-01-02 11:53:47.267 | DEBUG    | 📤 Enviando resposta (141 bytes)
2026-01-02 11:53:47.267 | DEBUG    | Mensagem pequena (141 bytes), 1 fragmento
2026-01-02 11:53:47.267 | DEBUG    | Enviando mensagem auth: 141 bytes em 1 fragmento(s)
2026-01-02 11:53:47.269 | INFO     | [OP-20260102_115336-0025] WRITE_REQUEST | Remote: E0:D3:62:D6:EE:A0 | Char: 12340004-0000-1000-8000-00805f9b34fb | Data: 144 bytes | Hex: 03000103008a30818702417917749758a63717ac960d570f5b09990f91dd2039fdb4b6a3738080916a43bf606c63401dde201823cc92e7500ca1d4ac89087e0f | ASCII: ......0...Ay.t.X.7....W.[..... 9....s...jC.`lc@.. .#...P......~. [TRUNCATED]
2026-01-02 11:53:47.354 | DEBUG    | ✅ Write via SimpleBLE: 12340004-0000-1000-8000-00805f9b34fb (144 bytes)
2026-01-02 11:53:47.354 | INFO     | [OP-20260102_115336-0026] WRITE_SUCCESS | Remote: E0:D3:62:D6:EE:A0 | Char: 12340004-0000-1000-8000-00805f9b34fb
2026-01-02 11:53:47.355 | DEBUG    |   Fragmento 1/1 enviado
2026-01-02 11:53:47.355 | DEBUG    | Autenticação round 2/10
2026-01-02 11:53:47.355 | INFO     | [OP-20260102_115336-0027] NOTIFICATION | Remote: E0:D3:62:D6:EE:A0 | Char: 12340001-0000-1000-8000-00805f9b34fb | Data: 236 bytes | Hex: af04ea89a60e42f5b1e940dfed46b83aaf04ea89a60e42f5b1e940dfed46b83a020100000043be749ad7e231ba201be1338234772e2bd7447eff48effeb3c7aa | ASCII: ......B...@..F.:......B...@..F.:.....C.t...1. ..3.4w.+.D~.H..... [TRUNCATED]
2026-01-02 11:53:47.356 | INFO     | Sink NID identificado: af04ea89...
2026-01-02 11:53:47.356 | DEBUG    | Novo source af04ea89...: seq=67 (primeiro pacote)
2026-01-02 11:53:47.357 | WARNING  | ⚠️  Certificado do Sink não disponível para verificação
2026-01-02 11:53:47.357 | ERROR    | ❌ Assinatura de heartbeat inválida!
2026-01-02 11:53:47.358 | INFO     | [OP-20260102_115336-0028] NOTIFICATION | Remote: E0:D3:62:D6:EE:A0 | Char: 12340004-0000-1000-8000-00805f9b34fb | Data: 6 bytes | Hex: 030001040000 | ASCII: ......
2026-01-02 11:53:47.359 | DEBUG    | 🔐 AUTH indication recebida: 6 bytes
2026-01-02 11:53:47.359 | DEBUG    | Fragmento recebido: seq=0, total=1, payload=3 bytes, flags=0x03
2026-01-02 11:53:47.359 | INFO     | Iniciando recepção de 1 fragmentos
2026-01-02 11:53:47.359 | DEBUG    | Fragmento 1/1 armazenado (1 de 1 recebidos)
2026-01-02 11:53:47.359 | INFO     | ✅ Mensagem reconstruída: 3 bytes (1 fragmentos)
2026-01-02 11:53:47.360 | DEBUG    | FragmentReassembler resetado
2026-01-02 11:53:47.360 | DEBUG    | 🔐 AUTH mensagem completa: 3 bytes
2026-01-02 11:53:47.856 | DEBUG    | Resposta auth lida do buffer: 3 bytes
2026-01-02 11:53:47.856 | DEBUG    | 📨 Recebido: AuthMessage(type=AUTH_SUCCESS, payload=0 bytes)
2026-01-02 11:53:47.857 | INFO     | ✅ Peer confirmou autenticação bem sucedida!
2026-01-02 11:53:47.858 | INFO     | ✅ Autenticação bem-sucedida!
2026-01-02 11:53:47.867 | DEBUG    | 🔑 Session key derivada: 32 bytes
2026-01-02 11:53:47.867 | INFO     | 🔑 Session key estabelecida
2026-01-02 11:53:47.868 | DEBUG    | ✅ Certificado do Sink armazenado
2026-01-02 11:53:47.869 | INFO     | ============================================================
2026-01-02 11:53:47.870 | INFO     | ✅ Node pronto! Uplink conectado (hop=0)
2026-01-02 11:53:47.871 | INFO     | ============================================================
2026-01-02 11:53:52.355 | INFO     | [OP-20260102_115336-0029] NOTIFICATION | Remote: E0:D3:62:D6:EE:A0 | Char: 12340001-0000-1000-8000-00805f9b34fb | Data: 236 bytes | Hex: af04ea89a60e42f5b1e940dfed46b83aaf04ea89a60e42f5b1e940dfed46b83a0201000000448bfa25b609fc358809310314c383edb5cc3f0b013e6fc0add0b6 | ASCII: ......B...@..F.:......B...@..F.:.....D..%...5..1.......?..>o.... [TRUNCATED]
2026-01-02 11:53:52.357 | DEBUG    | Source af04ea89...: seq=68 (novo highest, window: 2 seqs)
2026-01-02 11:53:52.361 | WARNING  | ❌ Assinatura inválida
2026-01-02 11:53:52.362 | WARNING  | ❌ Assinatura de heartbeat inválida
2026-01-02 11:53:52.363 | ERROR    | ❌ Assinatura de heartbeat inválida!
2026-01-02 11:53:57.355 | INFO     | [OP-20260102_115336-0030] NOTIFICATION | Remote: E0:D3:62:D6:EE:A0 | Char: 12340001-0000-1000-8000-00805f9b34fb | Data: 236 bytes | Hex: af04ea89a60e42f5b1e940dfed46b83aaf04ea89a60e42f5b1e940dfed46b83a02010000004572d9d6cb179d5a2da14d5868db8b0d5c81e14f0415613bef760c | ASCII: ......B...@..F.:......B...@..F.:.....Er.....Z-.MXh...\..O..a;.v. [TRUNCATED]
2026-01-02 11:53:57.357 | DEBUG    | Source af04ea89...: seq=69 (novo highest, window: 3 seqs)
2026-01-02 11:53:57.361 | WARNING  | ❌ Assinatura inválida
2026-01-02 11:53:57.362 | WARNING  | ❌ Assinatura de heartbeat inválida
2026-01-02 11:53:57.363 | ERROR    | ❌ Assinatura de heartbeat inválida!
2026-01-02 11:54:02.355 | INFO     | [OP-20260102_115336-0031] NOTIFICATION | Remote: E0:D3:62:D6:EE:A0 | Char: 12340001-0000-1000-8000-00805f9b34fb | Data: 236 bytes | Hex: af04ea89a60e42f5b1e940dfed46b83aaf04ea89a60e42f5b1e940dfed46b83a020100000046f72ce6152080753e4a4141165d2ffac68558742c9c441f3fe94e | ASCII: ......B...@..F.:......B...@..F.:.....F.,.. .u>JAA.]/...Xt,.D.?.N [TRUNCATED]
2026-01-02 11:54:02.357 | DEBUG    | Source af04ea89...: seq=70 (novo highest, window: 4 seqs)
2026-01-02 11:54:02.359 | WARNING  | ❌ Assinatura inválida
2026-01-02 11:54:02.360 | WARNING  | ❌ Assinatura de heartbeat inválida
2026-01-02 11:54:02.363 | ERROR    | ❌ Assinatura de heartbeat inválida!
2026-01-02 11:54:03.783 | INFO     | 
Sinal 2 recebido, a parar...
2026-01-02 11:54:03.784 | INFO     | A parar Node...
2026-01-02 11:54:03.784 | INFO     | A parar GATT Server...
