2026-01-04 21:17:32.848 | INFO     | BLE Operation Logger iniciado: ble_operations_5800E366747C_20260104_211732.log
2026-01-04 21:17:32.848 | INFO     | Scanner BLE iniciado: hci0 (58:00:E3:66:74:7C)
2026-01-04 21:17:32.849 | INFO     | BLE Client iniciado
2026-01-04 21:17:32.849 | DEBUG    | FragmentReassembler inicializado
2026-01-04 21:17:32.849 | INFO     | ReplayProtection iniciado (window_size=100)
2026-01-04 21:17:32.849 | INFO     |  Router Daemon inicializado para NID=a40543fa...
2026-01-04 21:17:32.850 | DEBUG    |  Send callback configurado
2026-01-04 21:17:32.850 | DEBUG    |  Handler registado para MessageType(1)
2026-01-04 21:17:32.850 | DEBUG    |  Handler registado para MessageType(2)
2026-01-04 21:17:32.850 | INFO     | IoT Node inicializado (adapter=hci0)
2026-01-04 21:17:32.851 | INFO     |  Router Daemon integrado
2026-01-04 21:17:32.851 | INFO     | A configurar GATT Server...
2026-01-04 21:17:32.853 | INFO     | Application criada: /
2026-01-04 21:17:32.853 | INFO     | Service criado: /0 (UUID: 12340000-0000-1000-8000-00805f9b34fb, primary: True)
2026-01-04 21:17:32.853 | INFO     | A criar IoTNetworkService...
2026-01-04 21:17:32.854 | DEBUG    | Characteristic criada: /0/char0 (UUID: 12340001-0000-1000-8000-00805f9b34fb, flags: ['write', 'notify'])
2026-01-04 21:17:32.854 | INFO     | NetworkPacketCharacteristic criada
2026-01-04 21:17:32.854 | DEBUG    | Characteristic criada: /0/char1 (UUID: 12340002-0000-1000-8000-00805f9b34fb, flags: ['read'])
2026-01-04 21:17:32.854 | INFO     | DeviceInfoCharacteristic criada: NID=a40543fa..., type=node
2026-01-04 21:17:32.855 | DEBUG    | Characteristic criada: /0/char2 (UUID: 12340003-0000-1000-8000-00805f9b34fb, flags: ['read', 'notify'])
2026-01-04 21:17:32.855 | INFO     | NeighborTableCharacteristic criada
2026-01-04 21:17:32.855 | DEBUG    | Characteristic criada: /0/char3 (UUID: 12340004-0000-1000-8000-00805f9b34fb, flags: ['write', 'indicate'])
2026-01-04 21:17:32.856 | INFO     | AuthCharacteristic criada
2026-01-04 21:17:32.856 | DEBUG    | Characteristic adicionada a /0: /0/char0
2026-01-04 21:17:32.856 | DEBUG    | Characteristic adicionada a /0: /0/char1
2026-01-04 21:17:32.856 | DEBUG    | Characteristic adicionada a /0: /0/char2
2026-01-04 21:17:32.856 | DEBUG    | Characteristic adicionada a /0: /0/char3
2026-01-04 21:17:32.856 | INFO     |  IoTNetworkService criado com sucesso!
2026-01-04 21:17:32.857 | INFO     | Service adicionado à aplicação: /0
2026-01-04 21:17:32.857 | DEBUG    | Packet callback definido
2026-01-04 21:17:32.857 | DEBUG    | Auth callback definido
2026-01-04 21:17:32.857 | INFO     | Advertisement criado: /org/bluez/iot/advertisement0 (type: peripheral)
2026-01-04 21:17:32.858 | INFO     |  Service UUID adicionado ao advertising: 12340000-0000-1000-8000-00805f9b34fb
2026-01-04 21:17:32.858 | INFO     |    Lista atual de UUIDs: ['12340000-0000-1000-8000-00805f9b34fb']
2026-01-04 21:17:32.858 | DEBUG    | Local name definido: IoT-Node-a40543fa
2026-01-04 21:17:32.858 | DEBUG    | Manufacturer data adicionado: ID=65535
2026-01-04 21:17:32.858 | INFO     |  Advertising contínuo configurado (duration=0)
2026-01-04 21:17:32.859 | INFO     |  GATT Server configurado
2026-01-04 21:17:32.859 | INFO     | A iniciar GATT Server...
2026-01-04 21:17:32.863 | INFO     |  GATT Server iniciado em thread separada
2026-01-04 21:17:32.865 | INFO     |  Node Device iniciado - CLI interativo pronto
2026-01-04 21:17:32.867 | DEBUG    | GetManagedObjects called
2026-01-04 21:17:32.867 | DEBUG    | GetManagedObjects returning 5 objects
2026-01-04 21:17:32.870 | INFO     |  GATT application registada!
2026-01-04 21:17:32.870 | DEBUG    | GetAll called on /org/bluez/iot/advertisement0
2026-01-04 21:17:32.870 | INFO     |  Advertising com ServiceUUIDs: ['12340000-0000-1000-8000-00805f9b34fb']
2026-01-04 21:17:32.974 | INFO     |  Advertisement registado!
2026-01-04 21:20:11.277 | INFO     | A parar Node...
2026-01-04 21:20:11.279 | INFO     | A parar GATT Server...
2026-01-04 21:20:11.283 | INFO     |  GATT Server parado
2026-01-04 21:20:11.284 | INFO     |  Node parado
