2025-12-28 13:01:10.930 | INFO     | BLE Operation Logger iniciado: ble_operations_E0D362D74703_20251228_130110.log
2025-12-28 13:01:10.931 | INFO     | Scanner BLE iniciado: hci1 (E0:D3:62:D7:47:03)
2025-12-28 13:01:10.932 | INFO     | BLE Client iniciado
2025-12-28 13:01:10.935 | INFO     | A fazer scan BLE durante 10000ms...
2025-12-28 13:01:10.935 | INFO     | [OP-20251228_130110-0001] SCAN_START | Duration: 10000ms | Filter_IoT: False
2025-12-28 13:01:21.046 | DEBUG    |   Encontrado: Unknown (41:03:E2:D5:87:85) RSSI: -98 dBm
2025-12-28 13:01:21.046 | DEBUG    |   Encontrado: Unknown (62:98:1C:79:93:56) RSSI: -100 dBm
2025-12-28 13:01:21.047 | DEBUG    |   Encontrado: rafa-ubuntu (E0:D3:62:D6:EE:A0) RSSI: -62 dBm
2025-12-28 13:01:21.048 | DEBUG    |   Encontrado: [TV] Samsung 7 Series (65) (FC:03:9F:1D:14:49) RSSI: -92 dBm
2025-12-28 13:01:21.049 | INFO     | Scan concluído: 4 dispositivos encontrados
2025-12-28 13:01:21.049 | INFO     | [OP-20251228_130110-0002] SCAN_RESULT | Devices_Found: 4
2025-12-28 13:01:21.050 | DEBUG    | [OP-20251228_130110-0002]   Device_1: Name: Unknown | Address: 41:03:E2:D5:87:85 | RSSI: -98 dBm | Services: 0
2025-12-28 13:01:21.050 | DEBUG    | [OP-20251228_130110-0002]   Device_2: Name: Unknown | Address: 62:98:1C:79:93:56 | RSSI: -100 dBm | Services: 1
2025-12-28 13:01:21.050 | DEBUG    | [OP-20251228_130110-0002]   Device_3: Name: rafa-ubuntu | Address: E0:D3:62:D6:EE:A0 | RSSI: -62 dBm | Services: 5
2025-12-28 13:01:21.051 | DEBUG    | [OP-20251228_130110-0002]   Device_4: Name: [TV] Samsung 7 Series (65) | Address: FC:03:9F:1D:14:49 | RSSI: -92 dBm | Services: 5
2025-12-28 13:01:21.055 | INFO     | A fazer scan BLE durante 10000ms...
2025-12-28 13:01:21.055 | INFO     | [OP-20251228_130110-0003] SCAN_START | Duration: 10000ms | Filter_IoT: True
2025-12-28 13:01:31.174 | DEBUG    |   Encontrado: rafa-ubuntu (E0:D3:62:D6:EE:A0) RSSI: -64 dBm
2025-12-28 13:01:31.177 | INFO     | Scan concluído: 1 dispositivos encontrados
2025-12-28 13:01:31.178 | INFO     | [OP-20251228_130110-0004] SCAN_RESULT | Devices_Found: 1
2025-12-28 13:01:31.180 | DEBUG    | [OP-20251228_130110-0004]   Device_1: Name: rafa-ubuntu | Address: E0:D3:62:D6:EE:A0 | RSSI: -64 dBm | Services: 5
