2025-12-29 20:43:50.680 | INFO     | BLE Operation Logger iniciado: ble_operations_A08869B6F7D2_20251229_204350.log
2025-12-29 20:43:50.681 | INFO     | Scanner BLE iniciado: hci0 (A0:88:69:B6:F7:D2)
2025-12-29 20:43:50.681 | INFO     | BLE Client iniciado
2025-12-29 20:43:50.682 | INFO     | BLE Client criado
2025-12-29 20:43:50.682 | INFO     | NeighborDiscovery inicializado: scan_interval=30s, scan_duration=5000ms, timeout=120s
2025-12-29 20:43:50.683 | INFO     | NeighborDiscovery criado
2025-12-29 20:43:50.683 | INFO     | Link Manager iniciado
2025-12-29 20:43:50.683 | INFO     | LinkManager criado
2025-12-29 20:44:01.829 | INFO     | A iniciar scan de vizinhos...
2025-12-29 20:44:01.830 | DEBUG    | A limpar cache de scan BLE...
2025-12-29 20:44:02.036 | DEBUG    | Cache de scan limpo
2025-12-29 20:44:02.037 | INFO     | A fazer scan BLE durante 5000ms...
2025-12-29 20:44:02.038 | INFO     | [OP-20251229_204350-0001] SCAN_START | Duration: 5000ms | Filter_IoT: True
2025-12-29 20:44:07.165 | DEBUG    |   Encontrado: IoT-Node (E0:D3:62:D6:EE:A0) RSSI: -47 dBm
2025-12-29 20:44:07.165 | INFO     | Scan concluído: 1 dispositivos encontrados
2025-12-29 20:44:07.165 | INFO     | [OP-20251229_204350-0002] SCAN_RESULT | Devices_Found: 1
2025-12-29 20:44:07.166 | DEBUG    | [OP-20251229_204350-0002]   Device_1: Name: IoT-Node | Address: E0:D3:62:D6:EE:A0 | RSSI: -47 dBm | Services: 1
2025-12-29 20:44:07.166 | INFO     | Scan concluído: 1 dispositivos IoT encontrados
2025-12-29 20:44:07.166 | DEBUG    | A conectar a E0:D3:62:D6:EE:A0 para ler DeviceInfo...
2025-12-29 20:44:07.168 | DEBUG    | BLEConnection criada para E0:D3:62:D6:EE:A0
2025-12-29 20:44:07.168 | INFO     | A conectar a E0:D3:62:D6:EE:A0...
2025-12-29 20:44:07.168 | INFO     | [OP-20251229_204350-0003] CONNECT_ATTEMPT | Local: A0:88:69:B6:F7:D2 | Remote: E0:D3:62:D6:EE:A0
2025-12-29 20:44:12.048 | INFO     | ✅ Conectado a E0:D3:62:D6:EE:A0
2025-12-29 20:44:12.050 | INFO     | [OP-20251229_204350-0004] CONNECT_SUCCESS | Remote: E0:D3:62:D6:EE:A0 | Time: 4877.52ms
2025-12-29 20:44:12.051 | DEBUG    | ✅ Conexão estabelecida. Operações GATT usarão D-Bus se necessário.
2025-12-29 20:44:12.051 | DEBUG    | [OP-20251229_204350-0005] READ_REQUEST | Remote: E0:D3:62:D6:EE:A0 | Service: 12340000-0000-1000-8000-00805f9b34fb | Char: 12340002-0000-1000-8000-00805f9b34fb
2025-12-29 20:44:12.538 | DEBUG    | Read 12340002-0000-1000-8000-00805f9b34fb: 18 bytes
2025-12-29 20:44:12.539 | INFO     | [OP-20251229_204350-0006] READ_RESPONSE | Remote: E0:D3:62:D6:EE:A0 | Char: 12340002-0000-1000-8000-00805f9b34fb | Data: 18 bytes | Hex: 3e023f6c0f6c411b97b6e595e697bb5c0100 | ASCII: >.?l.lA........\..
2025-12-29 20:44:12.540 | INFO     | Vizinho descoberto: E0:D3:62:D6:EE:A0 (3e023f6c...) hop=1 rssi=-47dBm type=node disconnected seen=0.0s ago
2025-12-29 20:44:15.296 | INFO     | Desconectado de E0:D3:62:D6:EE:A0
2025-12-29 20:44:15.298 | INFO     | [OP-20251229_204350-0007] DISCONNECT | Remote: E0:D3:62:D6:EE:A0 | Reason: normal
2025-12-29 20:44:15.300 | INFO     | Novo vizinho adicionado: E0:D3:62:D6:EE:A0
2025-12-29 20:44:28.443 | INFO     | A conectar a vizinho E0:D3:62:D6:EE:A0...
2025-12-29 20:44:28.446 | DEBUG    | BLEConnection criada para E0:D3:62:D6:EE:A0
2025-12-29 20:44:28.447 | INFO     | A conectar a E0:D3:62:D6:EE:A0...
2025-12-29 20:44:28.449 | INFO     | [OP-20251229_204350-0008] CONNECT_ATTEMPT | Local: A0:88:69:B6:F7:D2 | Remote: E0:D3:62:D6:EE:A0
2025-12-29 20:44:31.747 | INFO     | ✅ Conectado a E0:D3:62:D6:EE:A0
2025-12-29 20:44:31.748 | INFO     | [OP-20251229_204350-0009] CONNECT_SUCCESS | Remote: E0:D3:62:D6:EE:A0 | Time: 3294.11ms
2025-12-29 20:44:31.749 | DEBUG    | ✅ Conexão estabelecida. Operações GATT usarão D-Bus se necessário.
2025-12-29 20:44:31.750 | INFO     | Link criado: Link[E0:D3:62:D6:EE:A0] -> NODE NID=3e023f6c... hop=1 (UPLINK)
2025-12-29 20:44:31.751 | INFO     | ✅ Uplink definido: Link[E0:D3:62:D6:EE:A0] -> NODE NID=3e023f6c... hop=1
2025-12-29 20:44:31.752 | DEBUG    | HeartbeatMonitor criado: interval=5.0s, max_missed=3
2025-12-29 20:44:31.938 | INFO     | ✅ Subscrito a notificações: 12340001-0000-1000-8000-00805f9b34fb
2025-12-29 20:44:31.939 | INFO     | [OP-20251229_204350-0010] SUBSCRIBE_SUCCESS | Remote: E0:D3:62:D6:EE:A0 | Char: 12340001-0000-1000-8000-00805f9b34fb
2025-12-29 20:44:31.941 | INFO     | 💓 HeartbeatMonitor iniciado: verificação a cada 5.0s, timeout após 3 misses
2025-12-29 20:44:31.942 | INFO     | 💓 Monitoramento de heartbeat iniciado
2025-12-29 20:44:31.942 | INFO     | ✅ Conectado a E0:D3:62:D6:EE:A0 e uplink estabelecido
2025-12-29 20:44:31.942 | DEBUG    | Vizinho E0:D3:62:D6:EE:A0 marcado como conectado
2025-12-29 20:44:36.192 | INFO     | [OP-20251229_204350-0011] NOTIFICATION | Remote: E0:D3:62:D6:EE:A0 | Char: 12340001-0000-1000-8000-00805f9b34fb | Data: 158 bytes | Hex: 3e023f6c0f6c411b97b6e595e697bb5c3e023f6c0f6c411b97b6e595e697bb5c02010000000b0000000000000000000000000000000000000000000000000000 | ASCII: >.?l.lA........\>.?l.lA........\................................ [TRUNCATED]
2025-12-29 20:44:36.194 | DEBUG    | 📦 Pacote recebido via E0:D3:62:D6:EE:A0: 3e023f6c... → 3e023f6c... (type=HEARTBEAT, seq=11)
2025-12-29 20:44:36.194 | DEBUG    | 💓 Heartbeat recebido: seq=11
2025-12-29 20:44:36.195 | DEBUG    | 💓 Heartbeat recebido (seq=11)
2025-12-29 20:44:41.192 | INFO     | [OP-20251229_204350-0012] NOTIFICATION | Remote: E0:D3:62:D6:EE:A0 | Char: 12340001-0000-1000-8000-00805f9b34fb | Data: 158 bytes | Hex: 3e023f6c0f6c411b97b6e595e697bb5c3e023f6c0f6c411b97b6e595e697bb5c02010000000c0000000000000000000000000000000000000000000000000000 | ASCII: >.?l.lA........\>.?l.lA........\................................ [TRUNCATED]
2025-12-29 20:44:41.194 | DEBUG    | 📦 Pacote recebido via E0:D3:62:D6:EE:A0: 3e023f6c... → 3e023f6c... (type=HEARTBEAT, seq=12)
2025-12-29 20:44:41.194 | DEBUG    | 💓 Heartbeat recebido: seq=12
2025-12-29 20:44:41.194 | DEBUG    | 💓 Heartbeat recebido (seq=12)
2025-12-29 20:44:46.191 | INFO     | [OP-20251229_204350-0013] NOTIFICATION | Remote: E0:D3:62:D6:EE:A0 | Char: 12340001-0000-1000-8000-00805f9b34fb | Data: 158 bytes | Hex: 3e023f6c0f6c411b97b6e595e697bb5c3e023f6c0f6c411b97b6e595e697bb5c02010000000d0000000000000000000000000000000000000000000000000000 | ASCII: >.?l.lA........\>.?l.lA........\................................ [TRUNCATED]
2025-12-29 20:44:46.193 | DEBUG    | 📦 Pacote recebido via E0:D3:62:D6:EE:A0: 3e023f6c... → 3e023f6c... (type=HEARTBEAT, seq=13)
2025-12-29 20:44:46.193 | DEBUG    | 💓 Heartbeat recebido: seq=13
2025-12-29 20:44:46.194 | DEBUG    | 💓 Heartbeat recebido (seq=13)
2025-12-29 20:44:51.192 | INFO     | [OP-20251229_204350-0014] NOTIFICATION | Remote: E0:D3:62:D6:EE:A0 | Char: 12340001-0000-1000-8000-00805f9b34fb | Data: 158 bytes | Hex: 3e023f6c0f6c411b97b6e595e697bb5c3e023f6c0f6c411b97b6e595e697bb5c02010000000e0000000000000000000000000000000000000000000000000000 | ASCII: >.?l.lA........\>.?l.lA........\................................ [TRUNCATED]
2025-12-29 20:44:51.193 | DEBUG    | 📦 Pacote recebido via E0:D3:62:D6:EE:A0: 3e023f6c... → 3e023f6c... (type=HEARTBEAT, seq=14)
2025-12-29 20:44:51.194 | DEBUG    | 💓 Heartbeat recebido: seq=14
2025-12-29 20:44:51.194 | DEBUG    | 💓 Heartbeat recebido (seq=14)
2025-12-29 20:44:56.192 | INFO     | [OP-20251229_204350-0015] NOTIFICATION | Remote: E0:D3:62:D6:EE:A0 | Char: 12340001-0000-1000-8000-00805f9b34fb | Data: 158 bytes | Hex: 3e023f6c0f6c411b97b6e595e697bb5c3e023f6c0f6c411b97b6e595e697bb5c02010000000f0000000000000000000000000000000000000000000000000000 | ASCII: >.?l.lA........\>.?l.lA........\................................ [TRUNCATED]
2025-12-29 20:44:56.193 | DEBUG    | 📦 Pacote recebido via E0:D3:62:D6:EE:A0: 3e023f6c... → 3e023f6c... (type=HEARTBEAT, seq=15)
2025-12-29 20:44:56.194 | DEBUG    | 💓 Heartbeat recebido: seq=15
2025-12-29 20:44:56.194 | DEBUG    | 💓 Heartbeat recebido (seq=15)
2025-12-29 20:45:01.192 | INFO     | [OP-20251229_204350-0016] NOTIFICATION | Remote: E0:D3:62:D6:EE:A0 | Char: 12340001-0000-1000-8000-00805f9b34fb | Data: 158 bytes | Hex: 3e023f6c0f6c411b97b6e595e697bb5c3e023f6c0f6c411b97b6e595e697bb5c0201000000100000000000000000000000000000000000000000000000000000 | ASCII: >.?l.lA........\>.?l.lA........\................................ [TRUNCATED]
2025-12-29 20:45:01.193 | DEBUG    | 📦 Pacote recebido via E0:D3:62:D6:EE:A0: 3e023f6c... → 3e023f6c... (type=HEARTBEAT, seq=16)
2025-12-29 20:45:01.193 | DEBUG    | 💓 Heartbeat recebido: seq=16
2025-12-29 20:45:01.194 | DEBUG    | 💓 Heartbeat recebido (seq=16)
2025-12-29 20:45:06.192 | INFO     | [OP-20251229_204350-0017] NOTIFICATION | Remote: E0:D3:62:D6:EE:A0 | Char: 12340001-0000-1000-8000-00805f9b34fb | Data: 158 bytes | Hex: 3e023f6c0f6c411b97b6e595e697bb5c3e023f6c0f6c411b97b6e595e697bb5c0201000000110000000000000000000000000000000000000000000000000000 | ASCII: >.?l.lA........\>.?l.lA........\................................ [TRUNCATED]
2025-12-29 20:45:06.193 | DEBUG    | 📦 Pacote recebido via E0:D3:62:D6:EE:A0: 3e023f6c... → 3e023f6c... (type=HEARTBEAT, seq=17)
2025-12-29 20:45:06.194 | DEBUG    | 💓 Heartbeat recebido: seq=17
2025-12-29 20:45:06.194 | DEBUG    | 💓 Heartbeat recebido (seq=17)
2025-12-29 20:45:11.190 | INFO     | [OP-20251229_204350-0018] NOTIFICATION | Remote: E0:D3:62:D6:EE:A0 | Char: 12340001-0000-1000-8000-00805f9b34fb | Data: 158 bytes | Hex: 3e023f6c0f6c411b97b6e595e697bb5c3e023f6c0f6c411b97b6e595e697bb5c0201000000120000000000000000000000000000000000000000000000000000 | ASCII: >.?l.lA........\>.?l.lA........\................................ [TRUNCATED]
2025-12-29 20:45:11.191 | DEBUG    | 📦 Pacote recebido via E0:D3:62:D6:EE:A0: 3e023f6c... → 3e023f6c... (type=HEARTBEAT, seq=18)
2025-12-29 20:45:11.191 | DEBUG    | 💓 Heartbeat recebido: seq=18
2025-12-29 20:45:11.191 | DEBUG    | 💓 Heartbeat recebido (seq=18)
2025-12-29 20:45:16.190 | INFO     | [OP-20251229_204350-0019] NOTIFICATION | Remote: E0:D3:62:D6:EE:A0 | Char: 12340001-0000-1000-8000-00805f9b34fb | Data: 158 bytes | Hex: 3e023f6c0f6c411b97b6e595e697bb5c3e023f6c0f6c411b97b6e595e697bb5c0201000000130000000000000000000000000000000000000000000000000000 | ASCII: >.?l.lA........\>.?l.lA........\................................ [TRUNCATED]
2025-12-29 20:45:16.191 | DEBUG    | 📦 Pacote recebido via E0:D3:62:D6:EE:A0: 3e023f6c... → 3e023f6c... (type=HEARTBEAT, seq=19)
2025-12-29 20:45:16.191 | DEBUG    | 💓 Heartbeat recebido: seq=19
2025-12-29 20:45:16.191 | DEBUG    | 💓 Heartbeat recebido (seq=19)
2025-12-29 20:45:17.255 | INFO     | [OP-20251229_204350-0020] WRITE_REQUEST | Remote: E0:D3:62:D6:EE:A0 | Char: 12340001-0000-1000-8000-00805f9b34fb | Data: 75 bytes | Hex: 7144b4d753c5459f9a2a2aa8880430db3e023f6c0f6c411b97b6e595e697bb5c0105000000010000000000000000000000000000000000000000000000000000 | ASCII: qD..S.E..**...0.>.?l.lA........\................................ [TRUNCATED]
2025-12-29 20:45:17.337 | DEBUG    | ✅ Write via SimpleBLE: 12340001-0000-1000-8000-00805f9b34fb (75 bytes)
2025-12-29 20:45:17.338 | INFO     | [OP-20251229_204350-0021] WRITE_SUCCESS | Remote: E0:D3:62:D6:EE:A0 | Char: 12340001-0000-1000-8000-00805f9b34fb
2025-12-29 20:45:21.190 | INFO     | [OP-20251229_204350-0022] NOTIFICATION | Remote: E0:D3:62:D6:EE:A0 | Char: 12340001-0000-1000-8000-00805f9b34fb | Data: 158 bytes | Hex: 3e023f6c0f6c411b97b6e595e697bb5c3e023f6c0f6c411b97b6e595e697bb5c0201000000140000000000000000000000000000000000000000000000000000 | ASCII: >.?l.lA........\>.?l.lA........\................................ [TRUNCATED]
2025-12-29 20:45:21.191 | DEBUG    | 📦 Pacote recebido via E0:D3:62:D6:EE:A0: 3e023f6c... → 3e023f6c... (type=HEARTBEAT, seq=20)
2025-12-29 20:45:21.191 | DEBUG    | 💓 Heartbeat recebido: seq=20
2025-12-29 20:45:21.191 | DEBUG    | 💓 Heartbeat recebido (seq=20)
2025-12-29 20:45:26.193 | INFO     | [OP-20251229_204350-0023] NOTIFICATION | Remote: E0:D3:62:D6:EE:A0 | Char: 12340001-0000-1000-8000-00805f9b34fb | Data: 158 bytes | Hex: 3e023f6c0f6c411b97b6e595e697bb5c3e023f6c0f6c411b97b6e595e697bb5c0201000000150000000000000000000000000000000000000000000000000000 | ASCII: >.?l.lA........\>.?l.lA........\................................ [TRUNCATED]
2025-12-29 20:45:26.194 | DEBUG    | 📦 Pacote recebido via E0:D3:62:D6:EE:A0: 3e023f6c... → 3e023f6c... (type=HEARTBEAT, seq=21)
2025-12-29 20:45:26.194 | DEBUG    | 💓 Heartbeat recebido: seq=21
2025-12-29 20:45:26.195 | DEBUG    | 💓 Heartbeat recebido (seq=21)
2025-12-29 20:45:31.193 | INFO     | [OP-20251229_204350-0024] NOTIFICATION | Remote: E0:D3:62:D6:EE:A0 | Char: 12340001-0000-1000-8000-00805f9b34fb | Data: 158 bytes | Hex: 3e023f6c0f6c411b97b6e595e697bb5c3e023f6c0f6c411b97b6e595e697bb5c0201000000160000000000000000000000000000000000000000000000000000 | ASCII: >.?l.lA........\>.?l.lA........\................................ [TRUNCATED]
2025-12-29 20:45:31.194 | DEBUG    | 📦 Pacote recebido via E0:D3:62:D6:EE:A0: 3e023f6c... → 3e023f6c... (type=HEARTBEAT, seq=22)
2025-12-29 20:45:31.195 | DEBUG    | 💓 Heartbeat recebido: seq=22
2025-12-29 20:45:31.195 | DEBUG    | 💓 Heartbeat recebido (seq=22)
2025-12-29 20:45:36.242 | INFO     | [OP-20251229_204350-0025] NOTIFICATION | Remote: E0:D3:62:D6:EE:A0 | Char: 12340001-0000-1000-8000-00805f9b34fb | Data: 158 bytes | Hex: 3e023f6c0f6c411b97b6e595e697bb5c3e023f6c0f6c411b97b6e595e697bb5c0201000000170000000000000000000000000000000000000000000000000000 | ASCII: >.?l.lA........\>.?l.lA........\................................ [TRUNCATED]
2025-12-29 20:45:36.243 | DEBUG    | 📦 Pacote recebido via E0:D3:62:D6:EE:A0: 3e023f6c... → 3e023f6c... (type=HEARTBEAT, seq=23)
2025-12-29 20:45:36.244 | DEBUG    | 💓 Heartbeat recebido: seq=23
2025-12-29 20:45:36.244 | DEBUG    | 💓 Heartbeat recebido (seq=23)
2025-12-29 20:45:41.192 | INFO     | [OP-20251229_204350-0026] NOTIFICATION | Remote: E0:D3:62:D6:EE:A0 | Char: 12340001-0000-1000-8000-00805f9b34fb | Data: 158 bytes | Hex: 3e023f6c0f6c411b97b6e595e697bb5c3e023f6c0f6c411b97b6e595e697bb5c0201000000180000000000000000000000000000000000000000000000000000 | ASCII: >.?l.lA........\>.?l.lA........\................................ [TRUNCATED]
2025-12-29 20:45:41.192 | DEBUG    | 📦 Pacote recebido via E0:D3:62:D6:EE:A0: 3e023f6c... → 3e023f6c... (type=HEARTBEAT, seq=24)
2025-12-29 20:45:41.192 | DEBUG    | 💓 Heartbeat recebido: seq=24
2025-12-29 20:45:41.192 | DEBUG    | 💓 Heartbeat recebido (seq=24)
2025-12-29 20:45:46.191 | INFO     | [OP-20251229_204350-0027] NOTIFICATION | Remote: E0:D3:62:D6:EE:A0 | Char: 12340001-0000-1000-8000-00805f9b34fb | Data: 158 bytes | Hex: 3e023f6c0f6c411b97b6e595e697bb5c3e023f6c0f6c411b97b6e595e697bb5c0201000000190000000000000000000000000000000000000000000000000000 | ASCII: >.?l.lA........\>.?l.lA........\................................ [TRUNCATED]
2025-12-29 20:45:46.192 | DEBUG    | 📦 Pacote recebido via E0:D3:62:D6:EE:A0: 3e023f6c... → 3e023f6c... (type=HEARTBEAT, seq=25)
2025-12-29 20:45:46.192 | DEBUG    | 💓 Heartbeat recebido: seq=25
2025-12-29 20:45:46.193 | DEBUG    | 💓 Heartbeat recebido (seq=25)
2025-12-29 20:45:51.192 | INFO     | [OP-20251229_204350-0028] NOTIFICATION | Remote: E0:D3:62:D6:EE:A0 | Char: 12340001-0000-1000-8000-00805f9b34fb | Data: 158 bytes | Hex: 3e023f6c0f6c411b97b6e595e697bb5c3e023f6c0f6c411b97b6e595e697bb5c02010000001a0000000000000000000000000000000000000000000000000000 | ASCII: >.?l.lA........\>.?l.lA........\................................ [TRUNCATED]
2025-12-29 20:45:51.194 | DEBUG    | 📦 Pacote recebido via E0:D3:62:D6:EE:A0: 3e023f6c... → 3e023f6c... (type=HEARTBEAT, seq=26)
2025-12-29 20:45:51.195 | DEBUG    | 💓 Heartbeat recebido: seq=26
2025-12-29 20:45:51.195 | DEBUG    | 💓 Heartbeat recebido (seq=26)
2025-12-29 20:45:56.192 | INFO     | [OP-20251229_204350-0029] NOTIFICATION | Remote: E0:D3:62:D6:EE:A0 | Char: 12340001-0000-1000-8000-00805f9b34fb | Data: 158 bytes | Hex: 3e023f6c0f6c411b97b6e595e697bb5c3e023f6c0f6c411b97b6e595e697bb5c02010000001b0000000000000000000000000000000000000000000000000000 | ASCII: >.?l.lA........\>.?l.lA........\................................ [TRUNCATED]
2025-12-29 20:45:56.193 | DEBUG    | 📦 Pacote recebido via E0:D3:62:D6:EE:A0: 3e023f6c... → 3e023f6c... (type=HEARTBEAT, seq=27)
2025-12-29 20:45:56.194 | DEBUG    | 💓 Heartbeat recebido: seq=27
2025-12-29 20:45:56.194 | DEBUG    | 💓 Heartbeat recebido (seq=27)
2025-12-29 20:46:01.193 | INFO     | [OP-20251229_204350-0030] NOTIFICATION | Remote: E0:D3:62:D6:EE:A0 | Char: 12340001-0000-1000-8000-00805f9b34fb | Data: 158 bytes | Hex: 3e023f6c0f6c411b97b6e595e697bb5c3e023f6c0f6c411b97b6e595e697bb5c02010000001c0000000000000000000000000000000000000000000000000000 | ASCII: >.?l.lA........\>.?l.lA........\................................ [TRUNCATED]
2025-12-29 20:46:01.194 | DEBUG    | 📦 Pacote recebido via E0:D3:62:D6:EE:A0: 3e023f6c... → 3e023f6c... (type=HEARTBEAT, seq=28)
2025-12-29 20:46:01.195 | DEBUG    | 💓 Heartbeat recebido: seq=28
2025-12-29 20:46:01.195 | DEBUG    | 💓 Heartbeat recebido (seq=28)
2025-12-29 20:46:06.192 | INFO     | [OP-20251229_204350-0031] NOTIFICATION | Remote: E0:D3:62:D6:EE:A0 | Char: 12340001-0000-1000-8000-00805f9b34fb | Data: 158 bytes | Hex: 3e023f6c0f6c411b97b6e595e697bb5c3e023f6c0f6c411b97b6e595e697bb5c02010000001d0000000000000000000000000000000000000000000000000000 | ASCII: >.?l.lA........\>.?l.lA........\................................ [TRUNCATED]
2025-12-29 20:46:06.193 | DEBUG    | 📦 Pacote recebido via E0:D3:62:D6:EE:A0: 3e023f6c... → 3e023f6c... (type=HEARTBEAT, seq=29)
2025-12-29 20:46:06.194 | DEBUG    | 💓 Heartbeat recebido: seq=29
2025-12-29 20:46:06.194 | DEBUG    | 💓 Heartbeat recebido (seq=29)
2025-12-29 20:46:10.480 | WARNING  | Vizinho E0:D não está conectado
2025-12-29 20:46:11.193 | INFO     | [OP-20251229_204350-0032] NOTIFICATION | Remote: E0:D3:62:D6:EE:A0 | Char: 12340001-0000-1000-8000-00805f9b34fb | Data: 158 bytes | Hex: 3e023f6c0f6c411b97b6e595e697bb5c3e023f6c0f6c411b97b6e595e697bb5c02010000001e0000000000000000000000000000000000000000000000000000 | ASCII: >.?l.lA........\>.?l.lA........\................................ [TRUNCATED]
2025-12-29 20:46:11.194 | DEBUG    | 📦 Pacote recebido via E0:D3:62:D6:EE:A0: 3e023f6c... → 3e023f6c... (type=HEARTBEAT, seq=30)
2025-12-29 20:46:11.194 | DEBUG    | 💓 Heartbeat recebido: seq=30
2025-12-29 20:46:11.195 | DEBUG    | 💓 Heartbeat recebido (seq=30)
2025-12-29 20:46:16.192 | INFO     | [OP-20251229_204350-0033] NOTIFICATION | Remote: E0:D3:62:D6:EE:A0 | Char: 12340001-0000-1000-8000-00805f9b34fb | Data: 158 bytes | Hex: 3e023f6c0f6c411b97b6e595e697bb5c3e023f6c0f6c411b97b6e595e697bb5c02010000001f0000000000000000000000000000000000000000000000000000 | ASCII: >.?l.lA........\>.?l.lA........\................................ [TRUNCATED]
2025-12-29 20:46:16.193 | DEBUG    | 📦 Pacote recebido via E0:D3:62:D6:EE:A0: 3e023f6c... → 3e023f6c... (type=HEARTBEAT, seq=31)
2025-12-29 20:46:16.194 | DEBUG    | 💓 Heartbeat recebido: seq=31
2025-12-29 20:46:16.194 | DEBUG    | 💓 Heartbeat recebido (seq=31)
2025-12-29 20:46:21.192 | INFO     | [OP-20251229_204350-0034] NOTIFICATION | Remote: E0:D3:62:D6:EE:A0 | Char: 12340001-0000-1000-8000-00805f9b34fb | Data: 158 bytes | Hex: 3e023f6c0f6c411b97b6e595e697bb5c3e023f6c0f6c411b97b6e595e697bb5c0201000000200000000000000000000000000000000000000000000000000000 | ASCII: >.?l.lA........\>.?l.lA........\..... .......................... [TRUNCATED]
2025-12-29 20:46:21.193 | DEBUG    | 📦 Pacote recebido via E0:D3:62:D6:EE:A0: 3e023f6c... → 3e023f6c... (type=HEARTBEAT, seq=32)
2025-12-29 20:46:21.193 | DEBUG    | 💓 Heartbeat recebido: seq=32
2025-12-29 20:46:21.193 | DEBUG    | 💓 Heartbeat recebido (seq=32)
2025-12-29 20:46:26.194 | INFO     | [OP-20251229_204350-0035] NOTIFICATION | Remote: E0:D3:62:D6:EE:A0 | Char: 12340001-0000-1000-8000-00805f9b34fb | Data: 158 bytes | Hex: 3e023f6c0f6c411b97b6e595e697bb5c3e023f6c0f6c411b97b6e595e697bb5c0201000000210000000000000000000000000000000000000000000000000000 | ASCII: >.?l.lA........\>.?l.lA........\.....!.......................... [TRUNCATED]
2025-12-29 20:46:26.195 | DEBUG    | 📦 Pacote recebido via E0:D3:62:D6:EE:A0: 3e023f6c... → 3e023f6c... (type=HEARTBEAT, seq=33)
2025-12-29 20:46:26.196 | DEBUG    | 💓 Heartbeat recebido: seq=33
2025-12-29 20:46:26.196 | DEBUG    | 💓 Heartbeat recebido (seq=33)
2025-12-29 20:46:29.516 | INFO     | A desconectar do uplink E0:D3:62:D6:EE:A0
2025-12-29 20:46:32.296 | INFO     | Desconectado de E0:D3:62:D6:EE:A0
2025-12-29 20:46:32.296 | WARNING  | ⚠️  Heartbeat perdido! Contador: 1/3 (último há 6.1s)
2025-12-29 20:46:32.301 | INFO     | [OP-20251229_204350-0036] DISCONNECT | Remote: E0:D3:62:D6:EE:A0 | Reason: normal
2025-12-29 20:46:32.303 | WARNING  | ⚠️  Uplink desconectado!
2025-12-29 20:46:32.308 | INFO     | HeartbeatMonitor parado
2025-12-29 20:46:32.308 | INFO     | Uplink removido
2025-12-29 20:46:32.310 | DEBUG    | Vizinho E0:D3:62:D6:EE:A0 marcado como desconectado
2025-12-29 20:50:19.575 | INFO     | A limpar recursos...
2025-12-29 20:50:19.577 | INFO     | ✅ Recursos limpos
