2026-01-03 19:11:53.125 | INFO     | BLE Operation Logger iniciado: ble_operations_E0D362D6EEA0_20260103_191153.log
2026-01-03 19:11:53.126 | INFO     | Scanner BLE iniciado: hci0 (E0:D3:62:D6:EE:A0)
2026-01-03 19:11:53.127 | INFO     | BLE Client iniciado
2026-01-03 19:11:53.128 | DEBUG    | FragmentReassembler inicializado
2026-01-03 19:11:53.129 | INFO     | ReplayProtection iniciado (window_size=100)
2026-01-03 19:11:53.130 | INFO     | 🔀 Router Daemon inicializado para NID=74383752...
2026-01-03 19:11:53.133 | DEBUG    | ✅ Send callback configurado
2026-01-03 19:11:53.133 | DEBUG    | ✅ Handler registado para MessageType(1)
2026-01-03 19:11:53.133 | DEBUG    | ✅ Handler registado para MessageType(2)
2026-01-03 19:11:53.133 | INFO     | IoT Node inicializado (adapter=hci0)
2026-01-03 19:11:53.135 | INFO     | ✅ Router Daemon integrado
2026-01-03 19:11:53.135 | INFO     | A configurar GATT Server...
2026-01-03 19:11:53.138 | INFO     | Application criada: /
2026-01-03 19:11:53.139 | INFO     | Service criado: /0 (UUID: 12340000-0000-1000-8000-00805f9b34fb, primary: True)
2026-01-03 19:11:53.139 | INFO     | A criar IoTNetworkService...
2026-01-03 19:11:53.140 | DEBUG    | Characteristic criada: /0/char0 (UUID: 12340001-0000-1000-8000-00805f9b34fb, flags: ['write', 'notify'])
2026-01-03 19:11:53.140 | INFO     | NetworkPacketCharacteristic criada
2026-01-03 19:11:53.144 | DEBUG    | Characteristic criada: /0/char1 (UUID: 12340002-0000-1000-8000-00805f9b34fb, flags: ['read'])
2026-01-03 19:11:53.144 | INFO     | DeviceInfoCharacteristic criada: NID=74383752..., type=node
2026-01-03 19:11:53.145 | DEBUG    | Characteristic criada: /0/char2 (UUID: 12340003-0000-1000-8000-00805f9b34fb, flags: ['read', 'notify'])
2026-01-03 19:11:53.145 | INFO     | NeighborTableCharacteristic criada
2026-01-03 19:11:53.147 | DEBUG    | Characteristic criada: /0/char3 (UUID: 12340004-0000-1000-8000-00805f9b34fb, flags: ['write', 'indicate'])
2026-01-03 19:11:53.147 | INFO     | AuthCharacteristic criada
2026-01-03 19:11:53.148 | DEBUG    | Characteristic adicionada a /0: /0/char0
2026-01-03 19:11:53.148 | DEBUG    | Characteristic adicionada a /0: /0/char1
2026-01-03 19:11:53.149 | DEBUG    | Characteristic adicionada a /0: /0/char2
2026-01-03 19:11:53.149 | DEBUG    | Characteristic adicionada a /0: /0/char3
2026-01-03 19:11:53.149 | INFO     | ✅ IoTNetworkService criado com sucesso!
2026-01-03 19:11:53.151 | INFO     | Service adicionado à aplicação: /0
2026-01-03 19:11:53.151 | DEBUG    | Packet callback definido
2026-01-03 19:11:53.151 | DEBUG    | Auth callback definido
2026-01-03 19:11:53.152 | INFO     | Advertisement criado: /org/bluez/iot/advertisement0 (type: peripheral)
2026-01-03 19:11:53.152 | INFO     | ✅ Service UUID adicionado ao advertising: 12340000-0000-1000-8000-00805f9b34fb
2026-01-03 19:11:53.154 | INFO     |    Lista atual de UUIDs: ['12340000-0000-1000-8000-00805f9b34fb']
2026-01-03 19:11:53.155 | DEBUG    | Local name definido: IoT-Node-74383752
2026-01-03 19:11:53.155 | DEBUG    | Manufacturer data adicionado: ID=65535
2026-01-03 19:11:53.156 | INFO     | ✅ GATT Server configurado
2026-01-03 19:11:53.157 | INFO     | A iniciar GATT Server...
2026-01-03 19:11:53.161 | INFO     | ✅ GATT Server iniciado em thread separada
2026-01-03 19:11:53.162 | INFO     | ✅ Node Device iniciado - CLI interativo pronto
2026-01-03 19:11:53.170 | DEBUG    | GetManagedObjects called
2026-01-03 19:11:53.171 | DEBUG    | GetManagedObjects returning 5 objects
2026-01-03 19:11:53.263 | INFO     | ✅ GATT application registada!
2026-01-03 19:11:53.265 | DEBUG    | GetAll called on /org/bluez/iot/advertisement0
2026-01-03 19:11:53.265 | INFO     | 📡 Advertising com ServiceUUIDs: ['12340000-0000-1000-8000-00805f9b34fb']
2026-01-03 19:11:53.367 | INFO     | ✅ Advertisement registado!
2026-01-03 19:12:00.789 | INFO     | A fazer scan BLE durante 5000ms...
2026-01-03 19:12:00.790 | INFO     | [OP-20260103_191153-0001] SCAN_START | Duration: 5000ms | Filter_IoT: True
2026-01-03 19:12:05.999 | DEBUG    |   Encontrado: IoT-Sink-54c225f2 (E0:D3:62:D7:47:03) RSSI: -54 dBm
2026-01-03 19:12:05.999 | INFO     | Scan concluído: 1 dispositivos encontrados
2026-01-03 19:12:06.000 | INFO     | [OP-20260103_191153-0002] SCAN_RESULT | Devices_Found: 1
2026-01-03 19:12:06.000 | DEBUG    | [OP-20260103_191153-0002]   Device_1: Name: IoT-Sink-54c225f2 | Address: E0:D3:62:D7:47:03 | RSSI: -54 dBm | Services: 1
2026-01-03 19:12:06.000 | INFO     | A fazer scan BLE durante 5000ms...
2026-01-03 19:12:06.001 | INFO     | [OP-20260103_191153-0003] SCAN_START | Duration: 5000ms | Filter_IoT: True
2026-01-03 19:12:11.025 | INFO     | Scan concluído: 0 dispositivos encontrados
2026-01-03 19:12:11.026 | INFO     | [OP-20260103_191153-0004] SCAN_RESULT | Devices_Found: 0
2026-01-03 19:12:16.240 | INFO     | A conectar ao Sink E0:D3:62:D7:47:03...
2026-01-03 19:12:16.241 | DEBUG    | Peripheral E0:D3:62:D7:47:03 não está em cache, fazendo scan rápido...
2026-01-03 19:12:18.353 | ERROR    | Dispositivo E0:D3:62:D7:47:03 não encontrado mesmo após scan
2026-01-03 19:12:18.355 | ERROR    | ❌ Falha ao conectar ao Sink
2026-01-03 19:12:25.118 | INFO     | A fazer scan BLE durante 5000ms...
2026-01-03 19:12:25.120 | INFO     | [OP-20260103_191153-0005] SCAN_START | Duration: 5000ms | Filter_IoT: True
2026-01-03 19:12:30.239 | DEBUG    |   Encontrado: IoT-Sink-54c225f2 (E0:D3:62:D7:47:03) RSSI: -48 dBm
2026-01-03 19:12:30.240 | INFO     | Scan concluído: 1 dispositivos encontrados
2026-01-03 19:12:30.241 | INFO     | [OP-20260103_191153-0006] SCAN_RESULT | Devices_Found: 1
2026-01-03 19:12:30.241 | DEBUG    | [OP-20260103_191153-0006]   Device_1: Name: IoT-Sink-54c225f2 | Address: E0:D3:62:D7:47:03 | RSSI: -48 dBm | Services: 1
2026-01-03 19:12:30.241 | INFO     | A fazer scan BLE durante 5000ms...
2026-01-03 19:12:30.242 | INFO     | [OP-20260103_191153-0007] SCAN_START | Duration: 5000ms | Filter_IoT: True
2026-01-03 19:12:35.363 | DEBUG    |   Encontrado: IoT-Sink-54c225f2 (E0:D3:62:D7:47:03) RSSI: -50 dBm
2026-01-03 19:12:35.364 | INFO     | Scan concluído: 1 dispositivos encontrados
2026-01-03 19:12:35.365 | INFO     | [OP-20260103_191153-0008] SCAN_RESULT | Devices_Found: 1
2026-01-03 19:12:35.366 | DEBUG    | [OP-20260103_191153-0008]   Device_1: Name: IoT-Sink-54c225f2 | Address: E0:D3:62:D7:47:03 | RSSI: -50 dBm | Services: 1
2026-01-03 19:12:38.011 | INFO     | A conectar ao Sink E0:D3:62:D7:47:03...
2026-01-03 19:12:38.012 | DEBUG    | BLEConnection criada para E0:D3:62:D7:47:03
2026-01-03 19:12:38.012 | INFO     | A conectar a E0:D3:62:D7:47:03...
2026-01-03 19:12:38.013 | INFO     | [OP-20260103_191153-0009] CONNECT_ATTEMPT | Local: E0:D3:62:D6:EE:A0 | Remote: E0:D3:62:D7:47:03
2026-01-03 19:12:42.490 | INFO     | ✅ Conectado a E0:D3:62:D7:47:03
2026-01-03 19:12:42.491 | INFO     | [OP-20260103_191153-0010] CONNECT_SUCCESS | Remote: E0:D3:62:D7:47:03 | Time: 4473.79ms
2026-01-03 19:12:42.493 | DEBUG    | ✅ Conexão estabelecida. Operações GATT usarão D-Bus se necessário.
2026-01-03 19:12:42.494 | INFO     | ✅ Conectado ao Sink via GATT
2026-01-03 19:12:42.498 | DEBUG    | Descobertos 4 serviços
2026-01-03 19:12:42.503 | DEBUG    | Serviço 12340000-0000-1000-8000-00805f9b34fb encontrado
2026-01-03 19:12:42.504 | INFO     | ✅ Serviço IoT Network encontrado
2026-01-03 19:12:42.505 | DEBUG    | 🔄 Timestamp de heartbeat resetado para nova conexão
2026-01-03 19:12:42.506 | INFO     | A subscrever a notificações...
2026-01-03 19:12:42.979 | INFO     | ✅ Subscrito a notificações: 12340001-0000-1000-8000-00805f9b34fb
2026-01-03 19:12:42.981 | INFO     | [OP-20260103_191153-0011] SUBSCRIBE_SUCCESS | Remote: E0:D3:62:D7:47:03 | Char: 12340001-0000-1000-8000-00805f9b34fb
2026-01-03 19:12:42.983 | INFO     | ✅ Subscrito a NETWORK_PACKET
2026-01-03 19:12:42.986 | DEBUG    | [OP-20260103_191153-0012] READ_REQUEST | Remote: E0:D3:62:D7:47:03 | Service: 12340000-0000-1000-8000-00805f9b34fb | Char: 12340002-0000-1000-8000-00805f9b34fb
2026-01-03 19:12:43.070 | DEBUG    | Read 12340002-0000-1000-8000-00805f9b34fb: 18 bytes
2026-01-03 19:12:43.071 | INFO     | [OP-20260103_191153-0013] READ_RESPONSE | Remote: E0:D3:62:D7:47:03 | Char: 12340002-0000-1000-8000-00805f9b34fb | Data: 18 bytes | Hex: 54c225f24e894134bf27c5e9148e17c1ff01 | ASCII: T.%.N.A4.'........
2026-01-03 19:12:43.072 | INFO     | ✅ Conectado ao Sink - hop_count=0
2026-01-03 19:12:43.073 | INFO     | 🔐 A iniciar autenticação com Sink...
2026-01-03 19:12:43.074 | DEBUG    | 📡 A subscrever a AUTH characteristic...
2026-01-03 19:12:43.158 | INFO     | ✅ Subscrito a notificações: 12340004-0000-1000-8000-00805f9b34fb
2026-01-03 19:12:43.159 | INFO     | [OP-20260103_191153-0014] SUBSCRIBE_SUCCESS | Remote: E0:D3:62:D7:47:03 | Char: 12340004-0000-1000-8000-00805f9b34fb
2026-01-03 19:12:43.159 | DEBUG    | ✅ Subscrito a AUTH indications
2026-01-03 19:12:43.159 | INFO     | AuthenticationProtocol inicializado para 74383752...
2026-01-03 19:12:43.160 | INFO     | 📤 Enviando certificado...
2026-01-03 19:12:43.160 | INFO     | 🔐 Iniciando autenticação - enviando certificado...
2026-01-03 19:12:43.160 | INFO     |    Certificado: 887 bytes
2026-01-03 19:12:43.161 | DEBUG    |    Estado: IDLE → CERT_SENT
2026-01-03 19:12:43.161 | INFO     | Fragmentando mensagem de 890 bytes em 5 fragmentos
2026-01-03 19:12:43.161 | DEBUG    |   Fragmento 1/5: 180 bytes, flags=0x01
2026-01-03 19:12:43.161 | DEBUG    |   Fragmento 2/5: 180 bytes, flags=0x00
2026-01-03 19:12:43.161 | DEBUG    |   Fragmento 3/5: 180 bytes, flags=0x00
2026-01-03 19:12:43.162 | DEBUG    |   Fragmento 4/5: 180 bytes, flags=0x00
2026-01-03 19:12:43.162 | DEBUG    |   Fragmento 5/5: 170 bytes, flags=0x02
2026-01-03 19:12:43.162 | DEBUG    | Enviando mensagem auth: 890 bytes em 5 fragmento(s)
2026-01-03 19:12:43.163 | INFO     | [OP-20260103_191153-0015] WRITE_REQUEST | Remote: E0:D3:62:D7:47:03 | Char: 12340004-0000-1000-8000-00805f9b34fb | Data: 183 bytes | Hex: 0100050103772d2d2d2d2d424547494e2043455254494649434154452d2d2d2d2d0a4d4949435954434341634b674177494241674955503456317a7156365177 | ASCII: .....w-----BEGIN CERTIFICATE-----.MIICYTCCAcKgAwIBAgIUP4V1zqV6Qw [TRUNCATED]
2026-01-03 19:12:43.248 | DEBUG    | ✅ Write via SimpleBLE: 12340004-0000-1000-8000-00805f9b34fb (183 bytes)
2026-01-03 19:12:43.248 | INFO     | [OP-20260103_191153-0016] WRITE_SUCCESS | Remote: E0:D3:62:D7:47:03 | Char: 12340004-0000-1000-8000-00805f9b34fb
2026-01-03 19:12:43.249 | DEBUG    |   Fragmento 1/5 enviado
2026-01-03 19:12:43.350 | INFO     | [OP-20260103_191153-0017] WRITE_REQUEST | Remote: E0:D3:62:D7:47:03 | Char: 12340004-0000-1000-8000-00805f9b34fb | Data: 183 bytes | Hex: 0001054d446b6c765643424f5a58523362334a7249454e424d423458445449324d4445774d6a45794e446b304d316f580a44544d314d54497a4d5445794e446b | ASCII: ...MDklvVCBOZXR3b3JrIENBMB4XDTI2MDEwMjEyNDk0M1oX.DTM1MTIzMTEyNDk [TRUNCATED]
2026-01-03 19:12:43.428 | DEBUG    | ✅ Write via SimpleBLE: 12340004-0000-1000-8000-00805f9b34fb (183 bytes)
2026-01-03 19:12:43.428 | INFO     | [OP-20260103_191153-0018] WRITE_SUCCESS | Remote: E0:D3:62:D7:47:03 | Char: 12340004-0000-1000-8000-00805f9b34fb
2026-01-03 19:12:43.429 | DEBUG    |   Fragmento 2/5 enviado
2026-01-03 19:12:43.530 | INFO     | [OP-20260103_191153-0019] WRITE_REQUEST | Remote: E0:D3:62:D7:47:03 | Char: 12340004-0000-1000-8000-00805f9b34fb | Data: 183 bytes | Hex: 000205675a7377454159484b6f5a497a6a3043415159464b34454541434d4467595941424145694e696357395555554c7a5a7a31477641556d77426e636f670a | ASCII: ...gZswEAYHKoZIzj0CAQYFK4EEACMDgYYABAEiNicW9UUULzZz1GvAUmwBncog. [TRUNCATED]
2026-01-03 19:12:43.608 | DEBUG    | ✅ Write via SimpleBLE: 12340004-0000-1000-8000-00805f9b34fb (183 bytes)
2026-01-03 19:12:43.608 | INFO     | [OP-20260103_191153-0020] WRITE_SUCCESS | Remote: E0:D3:62:D7:47:03 | Char: 12340004-0000-1000-8000-00805f9b34fb
2026-01-03 19:12:43.609 | DEBUG    |   Fragmento 3/5 enviado
2026-01-03 19:12:43.710 | INFO     | [OP-20260103_191153-0021] WRITE_REQUEST | Remote: E0:D3:62:D7:47:03 | Char: 12340004-0000-1000-8000-00805f9b34fb | Data: 183 bytes | Hex: 0003056f394a6e616a4d494f760a734344654e443674516a39337452687558446a6d524b4d344d44597744415944565230544151482f424149774144414f4267 | ASCII: ...o9JnajMIOv.sCDeND6tQj93tRhuXDjmRKM4MDYwDAYDVR0TAQH/BAIwADAOBg [TRUNCATED]
2026-01-03 19:12:43.788 | DEBUG    | ✅ Write via SimpleBLE: 12340004-0000-1000-8000-00805f9b34fb (183 bytes)
2026-01-03 19:12:43.788 | INFO     | [OP-20260103_191153-0022] WRITE_SUCCESS | Remote: E0:D3:62:D7:47:03 | Char: 12340004-0000-1000-8000-00805f9b34fb
2026-01-03 19:12:43.789 | DEBUG    |   Fragmento 4/5 enviado
2026-01-03 19:12:43.891 | INFO     | [OP-20260103_191153-0023] WRITE_REQUEST | Remote: E0:D3:62:D7:47:03 | Char: 12340004-0000-1000-8000-00805f9b34fb | Data: 173 bytes | Hex: 0204056c466935494f443142454578567254414b2b776c774e2b676a0a4e3249572b3450556a78466643654f6152762b794a3734435167452b4654787a433554 | ASCII: ...lFi5IOD1BEExVrTAK+wlwN+gj.N2IW+4PUjxFfCeOaRv+yJ74CQgE+FTxzC5T [TRUNCATED]
2026-01-03 19:12:44.013 | DEBUG    | ✅ Write via SimpleBLE: 12340004-0000-1000-8000-00805f9b34fb (173 bytes)
2026-01-03 19:12:44.014 | INFO     | [OP-20260103_191153-0024] WRITE_SUCCESS | Remote: E0:D3:62:D7:47:03 | Char: 12340004-0000-1000-8000-00805f9b34fb
2026-01-03 19:12:44.015 | DEBUG    |   Fragmento 5/5 enviado
2026-01-03 19:12:44.017 | INFO     | [OP-20260103_191153-0025] NOTIFICATION | Remote: E0:D3:62:D7:47:03 | Char: 12340004-0000-1000-8000-00805f9b34fb | Data: 183 bytes | Hex: 0100060203b00000038c2d2d2d2d2d424547494e2043455254494649434154452d2d2d2d2d0a4d494943634443434164476741774942416749554a787a6b7455 | ASCII: ..........-----BEGIN CERTIFICATE-----.MIICcDCCAdGgAwIBAgIUJxzktU [TRUNCATED]
2026-01-03 19:12:44.018 | DEBUG    | 🔐 AUTH indication recebida: 183 bytes
2026-01-03 19:12:44.019 | DEBUG    | Fragmento recebido: seq=0, total=6, payload=180 bytes, flags=0x01
2026-01-03 19:12:44.019 | INFO     | Iniciando recepção de 6 fragmentos
2026-01-03 19:12:44.022 | DEBUG    | Fragmento 1/6 armazenado (1 de 6 recebidos)
2026-01-03 19:12:44.022 | DEBUG    | 🔐 Aguardando mais fragmentos AUTH...
2026-01-03 19:12:44.102 | INFO     | [OP-20260103_191153-0026] NOTIFICATION | Remote: E0:D3:62:D7:47:03 | Char: 12340004-0000-1000-8000-00805f9b34fb | Data: 183 bytes | Hex: 0001065642414d4d446b6c765643424f5a58523362334a7249454e424d423458445449324d4445774d6a45794e446b7a4d6c6f580a44544d314d54497a4d5445 | ASCII: ...VBAMMDklvVCBOZXR3b3JrIENBMB4XDTI2MDEwMjEyNDkzMloX.DTM1MTIzMTE [TRUNCATED]
2026-01-03 19:12:44.105 | DEBUG    | 🔐 AUTH indication recebida: 183 bytes
2026-01-03 19:12:44.105 | DEBUG    | Fragmento recebido: seq=1, total=6, payload=180 bytes, flags=0x00
2026-01-03 19:12:44.105 | DEBUG    | Fragmento 2/6 armazenado (2 de 6 recebidos)
2026-01-03 19:12:44.108 | DEBUG    | 🔐 Aguardando mais fragmentos AUTH...
2026-01-03 19:12:44.116 | DEBUG    | Autenticação round 1/10
2026-01-03 19:12:44.196 | INFO     | [OP-20260103_191153-0027] NOTIFICATION | Remote: E0:D3:62:D7:47:03 | Char: 12340004-0000-1000-8000-00805f9b34fb | Data: 183 bytes | Hex: 000206597a45784454414c42674e564241734d42464e70626d7377675a7377454159484b6f5a497a6a3043415159464b34454541434d44675959414241415377 | ASCII: ...YzExDTALBgNVBAsMBFNpbmswgZswEAYHKoZIzj0CAQYFK4EEACMDgYYABAASw [TRUNCATED]
2026-01-03 19:12:44.196 | DEBUG    | 🔐 AUTH indication recebida: 183 bytes
2026-01-03 19:12:44.196 | DEBUG    | Fragmento recebido: seq=2, total=6, payload=180 bytes, flags=0x00
2026-01-03 19:12:44.197 | DEBUG    | Fragmento 3/6 armazenado (3 de 6 recebidos)
2026-01-03 19:12:44.197 | DEBUG    | 🔐 Aguardando mais fragmentos AUTH...
2026-01-03 19:12:44.286 | INFO     | [OP-20260103_191153-0028] NOTIFICATION | Remote: E0:D3:62:D7:47:03 | Char: 12340004-0000-1000-8000-00805f9b34fb | Data: 183 bytes | Hex: 000306386e6a795a48523051644f4375300a6f4e41363237777a484f3239624a6f6b67614b4c486e66436d2b505643727934344a64307a434d4e50614d344d44 | ASCII: ...8njyZHR0QdOCu0.oNA627wzHO29bJokgaKLHnfCm+PVCry44Jd0zCMNPaM4MD [TRUNCATED]
2026-01-03 19:12:44.286 | DEBUG    | 🔐 AUTH indication recebida: 183 bytes
2026-01-03 19:12:44.287 | DEBUG    | Fragmento recebido: seq=3, total=6, payload=180 bytes, flags=0x00
2026-01-03 19:12:44.287 | DEBUG    | Fragmento 4/6 armazenado (4 de 6 recebidos)
2026-01-03 19:12:44.287 | DEBUG    | 🔐 Aguardando mais fragmentos AUTH...
2026-01-03 19:12:44.376 | INFO     | [OP-20260103_191153-0029] NOTIFICATION | Remote: E0:D3:62:D7:47:03 | Char: 12340004-0000-1000-8000-00805f9b34fb | Data: 183 bytes | Hex: 00040634706d4967797a644e615a4e4a506a66796561623859385839394141680a6158316663585374655142344b476a74343969626571735a70734d59754675 | ASCII: ...4pmIgyzdNaZNJPjfyeab8Y8X99AAh.aX1fcXSteQB4KGjt49ibeqsZpsMYuFu [TRUNCATED]
2026-01-03 19:12:44.376 | DEBUG    | 🔐 AUTH indication recebida: 183 bytes
2026-01-03 19:12:44.376 | DEBUG    | Fragmento recebido: seq=4, total=6, payload=180 bytes, flags=0x00
2026-01-03 19:12:44.377 | DEBUG    | Fragmento 5/6 armazenado (5 de 6 recebidos)
2026-01-03 19:12:44.377 | DEBUG    | 🔐 Aguardando mais fragmentos AUTH...
2026-01-03 19:12:44.463 | INFO     | [OP-20260103_191153-0030] NOTIFICATION | Remote: E0:D3:62:D7:47:03 | Char: 12340004-0000-1000-8000-00805f9b34fb | Data: 50 bytes | Hex: 0205065254494649434154452d2d2d2d2d0a531ec1cb526488611cf219988dda2ab8b572f8dcddfbba1a814c1e3c7cf67bdc | ASCII: ...RTIFICATE-----.S...Rd.a......*..r.......L.<|.{.
2026-01-03 19:12:44.464 | DEBUG    | 🔐 AUTH indication recebida: 50 bytes
2026-01-03 19:12:44.464 | DEBUG    | Fragmento recebido: seq=5, total=6, payload=47 bytes, flags=0x02
2026-01-03 19:12:44.464 | DEBUG    | Fragmento 6/6 armazenado (6 de 6 recebidos)
2026-01-03 19:12:44.464 | INFO     | ✅ Mensagem reconstruída: 947 bytes (6 fragmentos)
2026-01-03 19:12:44.465 | DEBUG    | FragmentReassembler resetado
2026-01-03 19:12:44.465 | DEBUG    | 🔐 AUTH mensagem completa: 947 bytes
2026-01-03 19:12:44.600 | INFO     | [OP-20260103_191153-0031] NOTIFICATION | Remote: E0:D3:62:D7:47:03 | Char: 12340001-0000-1000-8000-00805f9b34fb | Data: 236 bytes | Hex: 54c225f24e894134bf27c5e9148e17c154c225f24e894134bf27c5e9148e17c102010000000b6554179f53e72a7d30645b9dc314ca51d8818c0b27145db8e242 | ASCII: T.%.N.A4.'......T.%.N.A4.'............eT..S.*}0d[....Q....'.]..B [TRUNCATED]
2026-01-03 19:12:44.601 | DEBUG    | 📥 Pacote recebido de uplink: 54c225f2... → 54c225f2... (type=MessageType(2), ttl=1)
2026-01-03 19:12:44.601 | DEBUG    | Novo source 54c225f2...: seq=11 (primeiro pacote)
2026-01-03 19:12:44.602 | DEBUG    | Learning new route: 54c225f2... → uplink
2026-01-03 19:12:44.603 | DEBUG    | 📚 Aprendido: 54c225f2... → uplink
2026-01-03 19:12:44.603 | INFO     | 📨 Entregando localmente: 54c225f2... → 54c225f2... (type=MessageType(2), 166 bytes)
2026-01-03 19:12:44.604 | INFO     | Sink NID identificado: 54c225f2...
2026-01-03 19:12:44.605 | DEBUG    | Novo source 54c225f2...: seq=11 (primeiro pacote)
2026-01-03 19:12:44.605 | WARNING  | ⚠️  Certificado do Sink não disponível para verificação
2026-01-03 19:12:44.606 | DEBUG    |    hasattr _sink_cert: False
2026-01-03 19:12:44.607 | ERROR    | ❌ Assinatura de heartbeat inválida!
2026-01-03 19:12:44.616 | DEBUG    | Resposta auth lida do buffer: 947 bytes
2026-01-03 19:12:44.617 | DEBUG    | 📨 Recebido: AuthMessage(type=CHALLENGE, payload=944 bytes)
2026-01-03 19:12:44.617 | INFO     | 🎲 Challenge recebido - processando certificado + challenge...
2026-01-03 19:12:44.617 | INFO     | 📜 Extraindo certificado do peer do payload...
2026-01-03 19:12:44.624 | DEBUG    | ✅ Assinatura da CA válida
2026-01-03 19:12:44.625 | DEBUG    | ✅ Certificado válido temporalmente (expira em 2035-12-31 12:49:32+00:00)
2026-01-03 19:12:44.626 | INFO     | ✅ Certificado validado com sucesso
2026-01-03 19:12:44.627 | INFO     | ✅ Certificado do peer validado!
2026-01-03 19:12:44.627 | INFO     |    Peer NID: 54c225f2...
2026-01-03 19:12:44.628 | INFO     |    Peer tipo: SINK
2026-01-03 19:12:44.629 | DEBUG    |    Challenge: 531ec1cb526488611cf219988dda2ab8...
2026-01-03 19:12:44.629 | INFO     | ✍️  Assinando dados:
2026-01-03 19:12:44.630 | INFO     |    Data: 32 bytes | 531ec1cb526488611cf219988dda2ab8b572f8dcddfbba1a814c1e3c7cf67bdc...
2026-01-03 19:12:44.633 | INFO     |    Signature: 138 bytes | 30818702412bc4c52af796ff20e476beb277d2b8a05cae9ea37a7d3d8338266b...
2026-01-03 19:12:44.635 | INFO     | ✍️  Response gerada: 138 bytes
2026-01-03 19:12:44.636 | DEBUG    |    Estado: CHALLENGE_RECEIVED
2026-01-03 19:12:44.637 | DEBUG    | 📤 Enviando resposta (141 bytes)
2026-01-03 19:12:44.637 | DEBUG    | Mensagem pequena (141 bytes), 1 fragmento
2026-01-03 19:12:44.638 | DEBUG    | Enviando mensagem auth: 141 bytes em 1 fragmento(s)
2026-01-03 19:12:44.641 | INFO     | [OP-20260103_191153-0032] WRITE_REQUEST | Remote: E0:D3:62:D7:47:03 | Char: 12340004-0000-1000-8000-00805f9b34fb | Data: 144 bytes | Hex: 03000103008a30818702412bc4c52af796ff20e476beb277d2b8a05cae9ea37a7d3d8338266bc5d71cb8084999d5f089c25796b21941bbd5a04d1916264cff97 | ASCII: ......0...A+..*... .v..w...\...z}=.8&k.....I.....W...A...M..&L.. [TRUNCATED]
2026-01-03 19:12:44.732 | DEBUG    | ✅ Write via SimpleBLE: 12340004-0000-1000-8000-00805f9b34fb (144 bytes)
2026-01-03 19:12:44.732 | INFO     | [OP-20260103_191153-0033] WRITE_SUCCESS | Remote: E0:D3:62:D7:47:03 | Char: 12340004-0000-1000-8000-00805f9b34fb
2026-01-03 19:12:44.733 | DEBUG    |   Fragmento 1/1 enviado
2026-01-03 19:12:44.733 | DEBUG    | Autenticação round 2/10
2026-01-03 19:12:44.733 | INFO     | [OP-20260103_191153-0034] NOTIFICATION | Remote: E0:D3:62:D7:47:03 | Char: 12340004-0000-1000-8000-00805f9b34fb | Data: 6 bytes | Hex: 030001040000 | ASCII: ......
2026-01-03 19:12:44.734 | DEBUG    | 🔐 AUTH indication recebida: 6 bytes
2026-01-03 19:12:44.734 | DEBUG    | Fragmento recebido: seq=0, total=1, payload=3 bytes, flags=0x03
2026-01-03 19:12:44.734 | INFO     | Iniciando recepção de 1 fragmentos
2026-01-03 19:12:44.734 | DEBUG    | Fragmento 1/1 armazenado (1 de 1 recebidos)
2026-01-03 19:12:44.735 | INFO     | ✅ Mensagem reconstruída: 3 bytes (1 fragmentos)
2026-01-03 19:12:44.735 | DEBUG    | FragmentReassembler resetado
2026-01-03 19:12:44.735 | DEBUG    | 🔐 AUTH mensagem completa: 3 bytes
2026-01-03 19:12:45.233 | DEBUG    | Resposta auth lida do buffer: 3 bytes
2026-01-03 19:12:45.234 | DEBUG    | 📨 Recebido: AuthMessage(type=AUTH_SUCCESS, payload=0 bytes)
2026-01-03 19:12:45.235 | INFO     | ✅ Peer confirmou autenticação bem sucedida!
2026-01-03 19:12:45.236 | INFO     | ✅ Autenticação bem-sucedida!
2026-01-03 19:12:45.241 | DEBUG    | 🔑 Session key derivada: 32 bytes
2026-01-03 19:12:45.242 | INFO     | 🔑 Session key estabelecida
2026-01-03 19:12:45.243 | DEBUG    | 🔑 Session key configurada para porta uplink
2026-01-03 19:12:45.244 | INFO     | 🔀 Session key configurada no Router Daemon
2026-01-03 19:12:45.245 | INFO     | ✅ Certificado do Sink armazenado para verificação de heartbeats
2026-01-03 19:12:45.246 | INFO     | DTLSChannel criado (client) com certificado node_74383752_cert.pem
2026-01-03 19:12:45.248 | INFO     | Iniciando handshake DTLS...
2026-01-03 19:12:45.251 | WARNING  | DTLS não disponível - operando em modo stub
2026-01-03 19:12:45.252 | INFO     | ✅ Canal DTLS (stub) estabelecido
2026-01-03 19:12:45.253 | INFO     | 🔐 Canal DTLS end-to-end estabelecido com Sink
2026-01-03 19:12:45.255 | INFO     | 🔑 Chave de encriptação end-to-end derivada (AES-256-GCM)
2026-01-03 19:12:45.256 | INFO     | 🔑 Chave de encriptação end-to-end derivada
2026-01-03 19:12:49.595 | INFO     | [OP-20260103_191153-0035] NOTIFICATION | Remote: E0:D3:62:D7:47:03 | Char: 12340001-0000-1000-8000-00805f9b34fb | Data: 236 bytes | Hex: 54c225f24e894134bf27c5e9148e17c154c225f24e894134bf27c5e9148e17c102010000000c5e3eb6b5f45f9adcd0c5a4840c756a22f0ca32f2ad1ab948c9e9 | ASCII: T.%.N.A4.'......T.%.N.A4.'............^>..._.......uj"..2....H.. [TRUNCATED]
2026-01-03 19:12:49.596 | DEBUG    | 📥 Pacote recebido de uplink: 54c225f2... → 54c225f2... (type=MessageType(2), ttl=1)
2026-01-03 19:12:49.597 | DEBUG    | Source 54c225f2...: seq=12 (novo highest, window: 2 seqs)
2026-01-03 19:12:49.597 | DEBUG    | 📚 Aprendido: 54c225f2... → uplink
2026-01-03 19:12:49.598 | INFO     | 📨 Entregando localmente: 54c225f2... → 54c225f2... (type=MessageType(2), 166 bytes)
2026-01-03 19:12:49.599 | DEBUG    | Source 54c225f2...: seq=12 (novo highest, window: 2 seqs)
2026-01-03 19:12:49.599 | DEBUG    | 🔍 Verificando assinatura: sig_len=139, signature_raw_len=139
2026-01-03 19:12:49.600 | INFO     | 💓 Verificando heartbeat:
2026-01-03 19:12:49.601 | INFO     |    Sink NID: 54c225f24e894134bf27c5e9148e17c1
2026-01-03 19:12:49.603 | INFO     |    Timestamp: 1767467569.4956574
2026-01-03 19:12:49.604 | INFO     |    Data to verify: 54c225f24e894134bf27c5e9148e17c141da565a8c5fb8da
2026-01-03 19:12:49.605 | INFO     | 🔍 Verificando assinatura:
2026-01-03 19:12:49.606 | INFO     |    Data: 24 bytes | 54c225f24e894134bf27c5e9148e17c141da565a8c5fb8da...
2026-01-03 19:12:49.607 | INFO     |    Signature: 139 bytes | 30818802420104c2ae75041541202c6d764f9b7afb5f01a0a6c35a125bf791cb...
2026-01-03 19:12:49.617 | INFO     | ✅ Assinatura verificada com sucesso!
2026-01-03 19:12:49.620 | DEBUG    | ✅ Assinatura de heartbeat válida
2026-01-03 19:12:49.620 | DEBUG    | 💓 Heartbeat recebido (seq=12, age=0.13s)
2026-01-03 19:12:54.590 | INFO     | [OP-20260103_191153-0036] NOTIFICATION | Remote: E0:D3:62:D7:47:03 | Char: 12340001-0000-1000-8000-00805f9b34fb | Data: 236 bytes | Hex: 54c225f24e894134bf27c5e9148e17c154c225f24e894134bf27c5e9148e17c102010000000d028a2e9474510c4e1d022b86014a9d91555124b1f3794bcb35f3 | ASCII: T.%.N.A4.'......T.%.N.A4.'................tQ.N..+..J..UQ$..yK.5. [TRUNCATED]
2026-01-03 19:12:54.591 | DEBUG    | 📥 Pacote recebido de uplink: 54c225f2... → 54c225f2... (type=MessageType(2), ttl=1)
2026-01-03 19:12:54.592 | DEBUG    | Source 54c225f2...: seq=13 (novo highest, window: 3 seqs)
2026-01-03 19:12:54.592 | DEBUG    | 📚 Aprendido: 54c225f2... → uplink
2026-01-03 19:12:54.593 | INFO     | 📨 Entregando localmente: 54c225f2... → 54c225f2... (type=MessageType(2), 166 bytes)
2026-01-03 19:12:54.594 | DEBUG    | Source 54c225f2...: seq=13 (novo highest, window: 3 seqs)
2026-01-03 19:12:54.594 | DEBUG    | 🔍 Verificando assinatura: sig_len=139, signature_raw_len=139
2026-01-03 19:12:54.594 | INFO     | 💓 Verificando heartbeat:
2026-01-03 19:12:54.595 | INFO     |    Sink NID: 54c225f24e894134bf27c5e9148e17c1
2026-01-03 19:12:54.596 | INFO     |    Timestamp: 1767467574.4943886
2026-01-03 19:12:54.598 | INFO     |    Data to verify: 54c225f24e894134bf27c5e9148e17c141da565a8d9fa410
2026-01-03 19:12:54.601 | INFO     | 🔍 Verificando assinatura:
2026-01-03 19:12:54.604 | INFO     |    Data: 24 bytes | 54c225f24e894134bf27c5e9148e17c141da565a8d9fa410...
2026-01-03 19:12:54.607 | INFO     |    Signature: 139 bytes | 3081880242010ecdcc3f686649fc8680fcf7fb023ab749c13442933e6cc45b5e...
2026-01-03 19:12:54.612 | INFO     | ✅ Assinatura verificada com sucesso!
2026-01-03 19:12:54.613 | DEBUG    | ✅ Assinatura de heartbeat válida
2026-01-03 19:12:54.614 | DEBUG    | 💓 Heartbeat recebido (seq=13, age=0.12s)
2026-01-03 19:12:59.579 | DEBUG    | 🔐 End-to-end wrap: 6 → 34 bytes (AES-256-GCM)
2026-01-03 19:12:59.580 | INFO     | 🔐 Payload encriptado end-to-end: 6 → 34 bytes
2026-01-03 19:12:59.590 | INFO     | [OP-20260103_191153-0038] NOTIFICATION | Remote: E0:D3:62:D7:47:03 | Char: 12340001-0000-1000-8000-00805f9b34fb | Data: 236 bytes | Hex: 54c225f24e894134bf27c5e9148e17c154c225f24e894134bf27c5e9148e17c102010000000efce0cc419cdc49b597da351d4d605dde8d191e75871ee16dba46 | ASCII: T.%.N.A4.'......T.%.N.A4.'...............A..I...5.M`]....u...m.F [TRUNCATED]
2026-01-03 19:12:59.593 | DEBUG    | 📥 Pacote recebido de uplink: 54c225f2... → 54c225f2... (type=MessageType(2), ttl=1)
2026-01-03 19:12:59.593 | DEBUG    | Source 54c225f2...: seq=14 (novo highest, window: 4 seqs)
2026-01-03 19:12:59.594 | DEBUG    | 📚 Aprendido: 54c225f2... → uplink
2026-01-03 19:12:59.588 | INFO     | [OP-20260103_191153-0037] WRITE_REQUEST | Remote: E0:D3:62:D7:47:03 | Char: 12340001-0000-1000-8000-00805f9b34fb | Data: 104 bytes | Hex: 74383752110540b696ca02fb77fc4c7354c225f24e894134bf27c5e9148e17c1010a000000003ec2c8c922221dbaee52137662df84a53bd4fd23cb9a4ec4cf21 | ASCII: t87R..@.....w.LsT.%.N.A4.'............>...""...R.vb...;..#..N..! [TRUNCATED]
2026-01-03 19:12:59.594 | INFO     | 📨 Entregando localmente: 54c225f2... → 54c225f2... (type=MessageType(2), 166 bytes)
2026-01-03 19:12:59.599 | DEBUG    | Source 54c225f2...: seq=14 (novo highest, window: 4 seqs)
2026-01-03 19:12:59.601 | DEBUG    | 🔍 Verificando assinatura: sig_len=139, signature_raw_len=139
2026-01-03 19:12:59.602 | INFO     | 💓 Verificando heartbeat:
2026-01-03 19:12:59.603 | INFO     |    Sink NID: 54c225f24e894134bf27c5e9148e17c1
2026-01-03 19:12:59.604 | INFO     |    Timestamp: 1767467579.4959624
2026-01-03 19:12:59.605 | INFO     |    Data to verify: 54c225f24e894134bf27c5e9148e17c141da565a8edfbdd9
2026-01-03 19:12:59.606 | INFO     | 🔍 Verificando assinatura:
2026-01-03 19:12:59.607 | INFO     |    Data: 24 bytes | 54c225f24e894134bf27c5e9148e17c141da565a8edfbdd9...
2026-01-03 19:12:59.611 | INFO     |    Signature: 139 bytes | 308188024200baccf9cde8119623ac50bf4bfc35bdd8bb13ef104d3a238cb166...
2026-01-03 19:12:59.614 | INFO     | ✅ Assinatura verificada com sucesso!
2026-01-03 19:12:59.615 | DEBUG    | ✅ Assinatura de heartbeat válida
2026-01-03 19:12:59.616 | DEBUG    | 💓 Heartbeat recebido (seq=14, age=0.12s)
2026-01-03 19:12:59.674 | DEBUG    | ✅ Write via SimpleBLE: 12340001-0000-1000-8000-00805f9b34fb (104 bytes)
2026-01-03 19:12:59.674 | INFO     | [OP-20260103_191153-0039] WRITE_SUCCESS | Remote: E0:D3:62:D7:47:03 | Char: 12340001-0000-1000-8000-00805f9b34fb
2026-01-03 19:12:59.675 | INFO     | ✅ Mensagem enviada para 54c225f2...
2026-01-03 19:13:04.580 | INFO     | [OP-20260103_191153-0040] NOTIFICATION | Remote: E0:D3:62:D7:47:03 | Char: 12340001-0000-1000-8000-00805f9b34fb | Data: 236 bytes | Hex: 54c225f24e894134bf27c5e9148e17c154c225f24e894134bf27c5e9148e17c102010000000ffcfd1ea964b66801f8ff92434b70ddafbbc33a4e98a221d9f8b1 | ASCII: T.%.N.A4.'......T.%.N.A4.'................d.h....CKp....:N..!... [TRUNCATED]
2026-01-03 19:13:04.581 | DEBUG    | 📥 Pacote recebido de uplink: 54c225f2... → 54c225f2... (type=MessageType(2), ttl=1)
2026-01-03 19:13:04.582 | DEBUG    | Source 54c225f2...: seq=15 (novo highest, window: 5 seqs)
2026-01-03 19:13:04.582 | DEBUG    | 📚 Aprendido: 54c225f2... → uplink
2026-01-03 19:13:04.583 | INFO     | 📨 Entregando localmente: 54c225f2... → 54c225f2... (type=MessageType(2), 166 bytes)
2026-01-03 19:13:04.584 | DEBUG    | Source 54c225f2...: seq=15 (novo highest, window: 5 seqs)
2026-01-03 19:13:04.584 | DEBUG    | 🔍 Verificando assinatura: sig_len=138, signature_raw_len=138
2026-01-03 19:13:04.585 | INFO     | 💓 Verificando heartbeat:
2026-01-03 19:13:04.586 | INFO     |    Sink NID: 54c225f24e894134bf27c5e9148e17c1
2026-01-03 19:13:04.590 | INFO     |    Timestamp: 1767467584.4952962
2026-01-03 19:13:04.593 | INFO     |    Data to verify: 54c225f24e894134bf27c5e9148e17c141da565a901fb2ef
2026-01-03 19:13:04.594 | INFO     | 🔍 Verificando assinatura:
2026-01-03 19:13:04.597 | INFO     |    Data: 24 bytes | 54c225f24e894134bf27c5e9148e17c141da565a901fb2ef...
2026-01-03 19:13:04.599 | INFO     |    Signature: 138 bytes | 3081870242017518909afbd162054e17a9ad94fa26fe3e7b3608f486a8a48169...
2026-01-03 19:13:04.604 | INFO     | ✅ Assinatura verificada com sucesso!
2026-01-03 19:13:04.607 | DEBUG    | ✅ Assinatura de heartbeat válida
2026-01-03 19:13:04.607 | DEBUG    | 💓 Heartbeat recebido (seq=15, age=0.11s)
2026-01-03 19:13:09.574 | INFO     | [OP-20260103_191153-0041] NOTIFICATION | Remote: E0:D3:62:D7:47:03 | Char: 12340001-0000-1000-8000-00805f9b34fb | Data: 236 bytes | Hex: 54c225f24e894134bf27c5e9148e17c154c225f24e894134bf27c5e9148e17c1020100000010e63be51ee477df4597a5837b6d674ed9a4a54dff9e0ac7a85911 | ASCII: T.%.N.A4.'......T.%.N.A4.'.............;...w.E...{mgN...M.....Y. [TRUNCATED]
2026-01-03 19:13:09.575 | DEBUG    | 📥 Pacote recebido de uplink: 54c225f2... → 54c225f2... (type=MessageType(2), ttl=1)
2026-01-03 19:13:09.576 | DEBUG    | Source 54c225f2...: seq=16 (novo highest, window: 6 seqs)
2026-01-03 19:13:09.576 | DEBUG    | 📚 Aprendido: 54c225f2... → uplink
2026-01-03 19:13:09.576 | INFO     | 📨 Entregando localmente: 54c225f2... → 54c225f2... (type=MessageType(2), 166 bytes)
2026-01-03 19:13:09.577 | DEBUG    | Source 54c225f2...: seq=16 (novo highest, window: 6 seqs)
2026-01-03 19:13:09.577 | DEBUG    | 🔍 Verificando assinatura: sig_len=138, signature_raw_len=138
2026-01-03 19:13:09.578 | INFO     | 💓 Verificando heartbeat:
2026-01-03 19:13:09.578 | INFO     |    Sink NID: 54c225f24e894134bf27c5e9148e17c1
2026-01-03 19:13:09.579 | INFO     |    Timestamp: 1767467589.4949949
2026-01-03 19:13:09.579 | INFO     |    Data to verify: 54c225f24e894134bf27c5e9148e17c141da565a915fadff
2026-01-03 19:13:09.580 | INFO     | 🔍 Verificando assinatura:
2026-01-03 19:13:09.580 | INFO     |    Data: 24 bytes | 54c225f24e894134bf27c5e9148e17c141da565a915fadff...
2026-01-03 19:13:09.582 | INFO     |    Signature: 138 bytes | 30818702420133186441389c0cc2d62f94be1b7171c7582b8a60d2dce7926411...
2026-01-03 19:13:09.586 | INFO     | ✅ Assinatura verificada com sucesso!
2026-01-03 19:13:09.588 | DEBUG    | ✅ Assinatura de heartbeat válida
2026-01-03 19:13:09.588 | DEBUG    | 💓 Heartbeat recebido (seq=16, age=0.09s)
2026-01-03 19:13:14.570 | INFO     | [OP-20260103_191153-0042] NOTIFICATION | Remote: E0:D3:62:D7:47:03 | Char: 12340001-0000-1000-8000-00805f9b34fb | Data: 236 bytes | Hex: 54c225f24e894134bf27c5e9148e17c154c225f24e894134bf27c5e9148e17c10201000000114ccd8a3c902b4d420d6bdbfd96137b5b0c2298f925a851059e44 | ASCII: T.%.N.A4.'......T.%.N.A4.'............L..<.+MB.k....{[."..%.Q..D [TRUNCATED]
2026-01-03 19:13:14.571 | DEBUG    | 📥 Pacote recebido de uplink: 54c225f2... → 54c225f2... (type=MessageType(2), ttl=1)
2026-01-03 19:13:14.572 | DEBUG    | Source 54c225f2...: seq=17 (novo highest, window: 7 seqs)
2026-01-03 19:13:14.572 | DEBUG    | 📚 Aprendido: 54c225f2... → uplink
2026-01-03 19:13:14.573 | INFO     | 📨 Entregando localmente: 54c225f2... → 54c225f2... (type=MessageType(2), 166 bytes)
2026-01-03 19:13:14.574 | DEBUG    | Source 54c225f2...: seq=17 (novo highest, window: 7 seqs)
2026-01-03 19:13:14.574 | DEBUG    | 🔍 Verificando assinatura: sig_len=139, signature_raw_len=139
2026-01-03 19:13:14.575 | INFO     | 💓 Verificando heartbeat:
2026-01-03 19:13:14.576 | INFO     |    Sink NID: 54c225f24e894134bf27c5e9148e17c1
2026-01-03 19:13:14.578 | INFO     |    Timestamp: 1767467594.496008
2026-01-03 19:13:14.580 | INFO     |    Data to verify: 54c225f24e894134bf27c5e9148e17c141da565a929fbe98
2026-01-03 19:13:14.581 | INFO     | 🔍 Verificando assinatura:
2026-01-03 19:13:14.584 | INFO     |    Data: 24 bytes | 54c225f24e894134bf27c5e9148e17c141da565a929fbe98...
2026-01-03 19:13:14.587 | INFO     |    Signature: 139 bytes | 3081880242018d6f0c12c72ee0c2314ec1d712039ce4d1cba0e36933e5d348e2...
2026-01-03 19:13:14.592 | INFO     | ✅ Assinatura verificada com sucesso!
2026-01-03 19:13:14.593 | DEBUG    | ✅ Assinatura de heartbeat válida
2026-01-03 19:13:14.594 | DEBUG    | 💓 Heartbeat recebido (seq=17, age=0.10s)
2026-01-03 19:13:19.565 | INFO     | [OP-20260103_191153-0043] NOTIFICATION | Remote: E0:D3:62:D7:47:03 | Char: 12340001-0000-1000-8000-00805f9b34fb | Data: 236 bytes | Hex: 54c225f24e894134bf27c5e9148e17c154c225f24e894134bf27c5e9148e17c10201000000123efb8f49a6735d778ccdbeb7c8cacba86bc6623841374c9af7e1 | ASCII: T.%.N.A4.'......T.%.N.A4.'............>..I.s]w........k.b8A7L... [TRUNCATED]
2026-01-03 19:13:19.566 | DEBUG    | 📥 Pacote recebido de uplink: 54c225f2... → 54c225f2... (type=MessageType(2), ttl=1)
2026-01-03 19:13:19.567 | DEBUG    | Source 54c225f2...: seq=18 (novo highest, window: 8 seqs)
2026-01-03 19:13:19.567 | DEBUG    | 📚 Aprendido: 54c225f2... → uplink
2026-01-03 19:13:19.568 | INFO     | 📨 Entregando localmente: 54c225f2... → 54c225f2... (type=MessageType(2), 166 bytes)
2026-01-03 19:13:19.569 | DEBUG    | Source 54c225f2...: seq=18 (novo highest, window: 8 seqs)
2026-01-03 19:13:19.569 | DEBUG    | 🔍 Verificando assinatura: sig_len=138, signature_raw_len=138
2026-01-03 19:13:19.570 | INFO     | 💓 Verificando heartbeat:
2026-01-03 19:13:19.571 | INFO     |    Sink NID: 54c225f24e894134bf27c5e9148e17c1
2026-01-03 19:13:19.572 | INFO     |    Timestamp: 1767467599.4959352
2026-01-03 19:13:19.574 | INFO     |    Data to verify: 54c225f24e894134bf27c5e9148e17c141da565a93dfbd67
2026-01-03 19:13:19.575 | INFO     | 🔍 Verificando assinatura:
2026-01-03 19:13:19.576 | INFO     |    Data: 24 bytes | 54c225f24e894134bf27c5e9148e17c141da565a93dfbd67...
2026-01-03 19:13:19.577 | INFO     |    Signature: 138 bytes | 308187024201e3d1bb11a1c5f66f83f9c3f477cb5492205f9ba55c48bd90cb07...
2026-01-03 19:13:19.582 | INFO     | ✅ Assinatura verificada com sucesso!
2026-01-03 19:13:19.587 | DEBUG    | ✅ Assinatura de heartbeat válida
2026-01-03 19:13:19.587 | DEBUG    | 💓 Heartbeat recebido (seq=18, age=0.09s)
2026-01-03 19:13:24.560 | INFO     | [OP-20260103_191153-0044] NOTIFICATION | Remote: E0:D3:62:D7:47:03 | Char: 12340001-0000-1000-8000-00805f9b34fb | Data: 236 bytes | Hex: 54c225f24e894134bf27c5e9148e17c154c225f24e894134bf27c5e9148e17c102010000001300e02731fc2a8443f469ab7f9f924d96e3283970cc15e3c1514c | ASCII: T.%.N.A4.'......T.%.N.A4.'..............'1.*.C.i....M..(9p....QL [TRUNCATED]
2026-01-03 19:13:24.561 | DEBUG    | 📥 Pacote recebido de uplink: 54c225f2... → 54c225f2... (type=MessageType(2), ttl=1)
2026-01-03 19:13:24.562 | DEBUG    | Source 54c225f2...: seq=19 (novo highest, window: 9 seqs)
2026-01-03 19:13:24.562 | DEBUG    | 📚 Aprendido: 54c225f2... → uplink
2026-01-03 19:13:24.563 | INFO     | 📨 Entregando localmente: 54c225f2... → 54c225f2... (type=MessageType(2), 166 bytes)
2026-01-03 19:13:24.564 | DEBUG    | Source 54c225f2...: seq=19 (novo highest, window: 9 seqs)
2026-01-03 19:13:24.564 | DEBUG    | 🔍 Verificando assinatura: sig_len=139, signature_raw_len=139
2026-01-03 19:13:24.565 | INFO     | 💓 Verificando heartbeat:
2026-01-03 19:13:24.565 | INFO     |    Sink NID: 54c225f24e894134bf27c5e9148e17c1
2026-01-03 19:13:24.566 | INFO     |    Timestamp: 1767467604.4958658
2026-01-03 19:13:24.568 | INFO     |    Data to verify: 54c225f24e894134bf27c5e9148e17c141da565a951fbc44
2026-01-03 19:13:24.569 | INFO     | 🔍 Verificando assinatura:
2026-01-03 19:13:24.570 | INFO     |    Data: 24 bytes | 54c225f24e894134bf27c5e9148e17c141da565a951fbc44...
2026-01-03 19:13:24.571 | INFO     |    Signature: 139 bytes | 308188024201359b759b726cafaf2284dccdbe56d88218fb94c542498c8ae5f5...
2026-01-03 19:13:24.577 | INFO     | ✅ Assinatura verificada com sucesso!
2026-01-03 19:13:24.579 | DEBUG    | ✅ Assinatura de heartbeat válida
2026-01-03 19:13:24.579 | DEBUG    | 💓 Heartbeat recebido (seq=19, age=0.08s)
2026-01-03 19:13:29.599 | INFO     | [OP-20260103_191153-0045] NOTIFICATION | Remote: E0:D3:62:D7:47:03 | Char: 12340001-0000-1000-8000-00805f9b34fb | Data: 236 bytes | Hex: 54c225f24e894134bf27c5e9148e17c154c225f24e894134bf27c5e9148e17c10201000000144ea61a12cd6bbd221da2316ba92c0fe0c575db19034a548666e0 | ASCII: T.%.N.A4.'......T.%.N.A4.'............N....k."..1k.,...u...JT.f. [TRUNCATED]
2026-01-03 19:13:29.599 | DEBUG    | 📥 Pacote recebido de uplink: 54c225f2... → 54c225f2... (type=MessageType(2), ttl=1)
2026-01-03 19:13:29.599 | DEBUG    | Source 54c225f2...: seq=20 (novo highest, window: 10 seqs)
2026-01-03 19:13:29.600 | DEBUG    | 📚 Aprendido: 54c225f2... → uplink
2026-01-03 19:13:29.600 | INFO     | 📨 Entregando localmente: 54c225f2... → 54c225f2... (type=MessageType(2), 166 bytes)
2026-01-03 19:13:29.600 | DEBUG    | Source 54c225f2...: seq=20 (novo highest, window: 10 seqs)
2026-01-03 19:13:29.600 | DEBUG    | 🔍 Verificando assinatura: sig_len=139, signature_raw_len=139
2026-01-03 19:13:29.600 | INFO     | 💓 Verificando heartbeat:
2026-01-03 19:13:29.601 | INFO     |    Sink NID: 54c225f24e894134bf27c5e9148e17c1
2026-01-03 19:13:29.601 | INFO     |    Timestamp: 1767467609.4951735
2026-01-03 19:13:29.601 | INFO     |    Data to verify: 54c225f24e894134bf27c5e9148e17c141da565a965fb0ec
2026-01-03 19:13:29.601 | INFO     | 🔍 Verificando assinatura:
2026-01-03 19:13:29.602 | INFO     |    Data: 24 bytes | 54c225f24e894134bf27c5e9148e17c141da565a965fb0ec...
2026-01-03 19:13:29.602 | INFO     |    Signature: 139 bytes | 30818802420109dfd98ddd057276c481f97b91f0ca43e4f387db54d6bd9f62fe...
2026-01-03 19:13:29.603 | INFO     | ✅ Assinatura verificada com sucesso!
2026-01-03 19:13:29.604 | DEBUG    | ✅ Assinatura de heartbeat válida
2026-01-03 19:13:29.605 | DEBUG    | 💓 Heartbeat recebido (seq=20, age=0.11s)
2026-01-03 19:13:34.595 | INFO     | [OP-20260103_191153-0046] NOTIFICATION | Remote: E0:D3:62:D7:47:03 | Char: 12340001-0000-1000-8000-00805f9b34fb | Data: 236 bytes | Hex: 54c225f24e894134bf27c5e9148e17c154c225f24e894134bf27c5e9148e17c1020100000015be058d490f15ac9947dfe2cb8e6d6fd66cc8ef2fe456b7328943 | ASCII: T.%.N.A4.'......T.%.N.A4.'...............I....G....mo.l../.V.2.C [TRUNCATED]
2026-01-03 19:13:34.597 | DEBUG    | 📥 Pacote recebido de uplink: 54c225f2... → 54c225f2... (type=MessageType(2), ttl=1)
2026-01-03 19:13:34.597 | DEBUG    | Source 54c225f2...: seq=21 (novo highest, window: 11 seqs)
2026-01-03 19:13:34.598 | DEBUG    | 📚 Aprendido: 54c225f2... → uplink
2026-01-03 19:13:34.598 | INFO     | 📨 Entregando localmente: 54c225f2... → 54c225f2... (type=MessageType(2), 166 bytes)
2026-01-03 19:13:34.599 | DEBUG    | Source 54c225f2...: seq=21 (novo highest, window: 11 seqs)
2026-01-03 19:13:34.600 | DEBUG    | 🔍 Verificando assinatura: sig_len=139, signature_raw_len=139
2026-01-03 19:13:34.600 | INFO     | 💓 Verificando heartbeat:
2026-01-03 19:13:34.601 | INFO     |    Sink NID: 54c225f24e894134bf27c5e9148e17c1
2026-01-03 19:13:34.605 | INFO     |    Timestamp: 1767467614.495889
2026-01-03 19:13:34.610 | INFO     |    Data to verify: 54c225f24e894134bf27c5e9148e17c141da565a979fbca5
2026-01-03 19:13:34.613 | INFO     | 🔍 Verificando assinatura:
2026-01-03 19:13:34.615 | INFO     |    Data: 24 bytes | 54c225f24e894134bf27c5e9148e17c141da565a979fbca5...
2026-01-03 19:13:34.616 | INFO     |    Signature: 139 bytes | 308188024200d77f4ac0e3e0bd0b2fa9f2102b916c0ad27ed4888b9dce7c258f...
2026-01-03 19:13:34.625 | INFO     | ✅ Assinatura verificada com sucesso!
2026-01-03 19:13:34.626 | DEBUG    | ✅ Assinatura de heartbeat válida
2026-01-03 19:13:34.627 | DEBUG    | 💓 Heartbeat recebido (seq=21, age=0.13s)
2026-01-03 19:13:39.589 | INFO     | [OP-20260103_191153-0047] NOTIFICATION | Remote: E0:D3:62:D7:47:03 | Char: 12340001-0000-1000-8000-00805f9b34fb | Data: 236 bytes | Hex: 54c225f24e894134bf27c5e9148e17c154c225f24e894134bf27c5e9148e17c102010000001615a46eb5bc26d5f6b7381af9f9141ddeb70437eae8feec143db8 | ASCII: T.%.N.A4.'......T.%.N.A4.'..............n..&...8........7.....=. [TRUNCATED]
2026-01-03 19:13:39.589 | DEBUG    | 📥 Pacote recebido de uplink: 54c225f2... → 54c225f2... (type=MessageType(2), ttl=1)
2026-01-03 19:13:39.590 | DEBUG    | Source 54c225f2...: seq=22 (novo highest, window: 12 seqs)
2026-01-03 19:13:39.590 | DEBUG    | 📚 Aprendido: 54c225f2... → uplink
2026-01-03 19:13:39.590 | INFO     | 📨 Entregando localmente: 54c225f2... → 54c225f2... (type=MessageType(2), 166 bytes)
2026-01-03 19:13:39.590 | DEBUG    | Source 54c225f2...: seq=22 (novo highest, window: 12 seqs)
2026-01-03 19:13:39.591 | DEBUG    | 🔍 Verificando assinatura: sig_len=138, signature_raw_len=138
2026-01-03 19:13:39.591 | INFO     | 💓 Verificando heartbeat:
2026-01-03 19:13:39.591 | INFO     |    Sink NID: 54c225f24e894134bf27c5e9148e17c1
2026-01-03 19:13:39.592 | INFO     |    Timestamp: 1767467619.495905
2026-01-03 19:13:39.592 | INFO     |    Data to verify: 54c225f24e894134bf27c5e9148e17c141da565a98dfbce8
2026-01-03 19:13:39.593 | INFO     | 🔍 Verificando assinatura:
2026-01-03 19:13:39.593 | INFO     |    Data: 24 bytes | 54c225f24e894134bf27c5e9148e17c141da565a98dfbce8...
2026-01-03 19:13:39.593 | INFO     |    Signature: 138 bytes | 3081870242013bf2410e447101d3c377aef0cb72708e8c5d0dbf666efd5daa12...
2026-01-03 19:13:39.596 | INFO     | ✅ Assinatura verificada com sucesso!
2026-01-03 19:13:39.600 | DEBUG    | ✅ Assinatura de heartbeat válida
2026-01-03 19:13:39.600 | DEBUG    | 💓 Heartbeat recebido (seq=22, age=0.10s)
2026-01-03 19:13:44.585 | INFO     | [OP-20260103_191153-0048] NOTIFICATION | Remote: E0:D3:62:D7:47:03 | Char: 12340001-0000-1000-8000-00805f9b34fb | Data: 236 bytes | Hex: 54c225f24e894134bf27c5e9148e17c154c225f24e894134bf27c5e9148e17c10201000000177de1e536d0157aa051b8d720e6757b03f2f2c7cc2c9bc4949e42 | ASCII: T.%.N.A4.'......T.%.N.A4.'............}..6..z.Q.. .u{.....,....B [TRUNCATED]
2026-01-03 19:13:44.586 | DEBUG    | 📥 Pacote recebido de uplink: 54c225f2... → 54c225f2... (type=MessageType(2), ttl=1)
2026-01-03 19:13:44.587 | DEBUG    | Source 54c225f2...: seq=23 (novo highest, window: 13 seqs)
2026-01-03 19:13:44.587 | DEBUG    | 📚 Aprendido: 54c225f2... → uplink
2026-01-03 19:13:44.588 | INFO     | 📨 Entregando localmente: 54c225f2... → 54c225f2... (type=MessageType(2), 166 bytes)
2026-01-03 19:13:44.589 | DEBUG    | Source 54c225f2...: seq=23 (novo highest, window: 13 seqs)
2026-01-03 19:13:44.589 | DEBUG    | 🔍 Verificando assinatura: sig_len=139, signature_raw_len=139
2026-01-03 19:13:44.590 | INFO     | 💓 Verificando heartbeat:
2026-01-03 19:13:44.591 | INFO     |    Sink NID: 54c225f24e894134bf27c5e9148e17c1
2026-01-03 19:13:44.592 | INFO     |    Timestamp: 1767467624.4959009
2026-01-03 19:13:44.593 | INFO     |    Data to verify: 54c225f24e894134bf27c5e9148e17c141da565a9a1fbcd7
2026-01-03 19:13:44.595 | INFO     | 🔍 Verificando assinatura:
2026-01-03 19:13:44.596 | INFO     |    Data: 24 bytes | 54c225f24e894134bf27c5e9148e17c141da565a9a1fbcd7...
2026-01-03 19:13:44.598 | INFO     |    Signature: 139 bytes | 3081880242018e000dce8ad82ddbf551280c84027f537ee4b5b9dac35f2189d9...
2026-01-03 19:13:44.603 | INFO     | ✅ Assinatura verificada com sucesso!
2026-01-03 19:13:44.606 | DEBUG    | ✅ Assinatura de heartbeat válida
2026-01-03 19:13:44.607 | DEBUG    | 💓 Heartbeat recebido (seq=23, age=0.11s)
2026-01-03 19:13:49.580 | INFO     | [OP-20260103_191153-0049] NOTIFICATION | Remote: E0:D3:62:D7:47:03 | Char: 12340001-0000-1000-8000-00805f9b34fb | Data: 236 bytes | Hex: 54c225f24e894134bf27c5e9148e17c154c225f24e894134bf27c5e9148e17c1020100000018f09749e5c305d226a4e335c2fca368e95ae5755da75257adc307 | ASCII: T.%.N.A4.'......T.%.N.A4.'..............I....&..5...h.Z.u].RW... [TRUNCATED]
2026-01-03 19:13:49.582 | DEBUG    | 📥 Pacote recebido de uplink: 54c225f2... → 54c225f2... (type=MessageType(2), ttl=1)
2026-01-03 19:13:49.582 | DEBUG    | Source 54c225f2...: seq=24 (novo highest, window: 14 seqs)
2026-01-03 19:13:49.583 | DEBUG    | 📚 Aprendido: 54c225f2... → uplink
2026-01-03 19:13:49.583 | INFO     | 📨 Entregando localmente: 54c225f2... → 54c225f2... (type=MessageType(2), 166 bytes)
2026-01-03 19:13:49.584 | DEBUG    | Source 54c225f2...: seq=24 (novo highest, window: 14 seqs)
2026-01-03 19:13:49.585 | DEBUG    | 🔍 Verificando assinatura: sig_len=138, signature_raw_len=138
2026-01-03 19:13:49.585 | INFO     | 💓 Verificando heartbeat:
2026-01-03 19:13:49.586 | INFO     |    Sink NID: 54c225f24e894134bf27c5e9148e17c1
2026-01-03 19:13:49.587 | INFO     |    Timestamp: 1767467629.4958665
2026-01-03 19:13:49.588 | INFO     |    Data to verify: 54c225f24e894134bf27c5e9148e17c141da565a9b5fbc47
2026-01-03 19:13:49.589 | INFO     | 🔍 Verificando assinatura:
2026-01-03 19:13:49.590 | INFO     |    Data: 24 bytes | 54c225f24e894134bf27c5e9148e17c141da565a9b5fbc47...
2026-01-03 19:13:49.591 | INFO     |    Signature: 138 bytes | 308187024200bba6cc95585d14ffdc7c14c9082b06f78838d67aa5b1b2772b02...
2026-01-03 19:13:49.596 | INFO     | ✅ Assinatura verificada com sucesso!
2026-01-03 19:13:49.596 | DEBUG    | ✅ Assinatura de heartbeat válida
2026-01-03 19:13:49.596 | DEBUG    | 💓 Heartbeat recebido (seq=24, age=0.10s)
2026-01-03 19:13:54.575 | INFO     | [OP-20260103_191153-0050] NOTIFICATION | Remote: E0:D3:62:D7:47:03 | Char: 12340001-0000-1000-8000-00805f9b34fb | Data: 236 bytes | Hex: 54c225f24e894134bf27c5e9148e17c154c225f24e894134bf27c5e9148e17c1020100000019dfa18584bc8a1031d055bdc836c438ff1129b140abe7a8a664d3 | ASCII: T.%.N.A4.'......T.%.N.A4.'...................1.U..6.8..).@....d. [TRUNCATED]
2026-01-03 19:13:54.576 | DEBUG    | 📥 Pacote recebido de uplink: 54c225f2... → 54c225f2... (type=MessageType(2), ttl=1)
2026-01-03 19:13:54.577 | DEBUG    | Source 54c225f2...: seq=25 (novo highest, window: 15 seqs)
2026-01-03 19:13:54.577 | DEBUG    | 📚 Aprendido: 54c225f2... → uplink
2026-01-03 19:13:54.578 | INFO     | 📨 Entregando localmente: 54c225f2... → 54c225f2... (type=MessageType(2), 166 bytes)
2026-01-03 19:13:54.579 | DEBUG    | Source 54c225f2...: seq=25 (novo highest, window: 15 seqs)
2026-01-03 19:13:54.579 | DEBUG    | 🔍 Verificando assinatura: sig_len=139, signature_raw_len=139
2026-01-03 19:13:54.579 | INFO     | 💓 Verificando heartbeat:
2026-01-03 19:13:54.580 | INFO     |    Sink NID: 54c225f24e894134bf27c5e9148e17c1
2026-01-03 19:13:54.581 | INFO     |    Timestamp: 1767467634.4957616
2026-01-03 19:13:54.583 | INFO     |    Data to verify: 54c225f24e894134bf27c5e9148e17c141da565a9c9fba8f
2026-01-03 19:13:54.584 | INFO     | 🔍 Verificando assinatura:
2026-01-03 19:13:54.585 | INFO     |    Data: 24 bytes | 54c225f24e894134bf27c5e9148e17c141da565a9c9fba8f...
2026-01-03 19:13:54.587 | INFO     |    Signature: 139 bytes | 308188024201426532054147f32c853dda8e4fb980bc1cbaa233fbc653981bb7...
2026-01-03 19:13:54.593 | INFO     | ✅ Assinatura verificada com sucesso!
2026-01-03 19:13:54.595 | DEBUG    | ✅ Assinatura de heartbeat válida
2026-01-03 19:13:54.595 | DEBUG    | 💓 Heartbeat recebido (seq=25, age=0.10s)
2026-01-03 19:13:59.572 | INFO     | [OP-20260103_191153-0051] NOTIFICATION | Remote: E0:D3:62:D7:47:03 | Char: 12340001-0000-1000-8000-00805f9b34fb | Data: 236 bytes | Hex: 54c225f24e894134bf27c5e9148e17c154c225f24e894134bf27c5e9148e17c102010000001a4a3dbc8b9814f908434d403eae4f58b4a23cb92dbcebb8d11a3c | ASCII: T.%.N.A4.'......T.%.N.A4.'............J=......CM@>.OX..<.-.....< [TRUNCATED]
2026-01-03 19:13:59.574 | DEBUG    | 📥 Pacote recebido de uplink: 54c225f2... → 54c225f2... (type=MessageType(2), ttl=1)
2026-01-03 19:13:59.575 | DEBUG    | Source 54c225f2...: seq=26 (novo highest, window: 16 seqs)
2026-01-03 19:13:59.576 | DEBUG    | 📚 Aprendido: 54c225f2... → uplink
2026-01-03 19:13:59.579 | INFO     | 📨 Entregando localmente: 54c225f2... → 54c225f2... (type=MessageType(2), 166 bytes)
2026-01-03 19:13:59.581 | DEBUG    | Source 54c225f2...: seq=26 (novo highest, window: 16 seqs)
2026-01-03 19:13:59.581 | DEBUG    | 🔍 Verificando assinatura: sig_len=137, signature_raw_len=137
2026-01-03 19:13:59.585 | INFO     | 💓 Verificando heartbeat:
2026-01-03 19:13:59.585 | INFO     |    Sink NID: 54c225f24e894134bf27c5e9148e17c1
2026-01-03 19:13:59.586 | INFO     |    Timestamp: 1767467639.4925148
2026-01-03 19:13:59.587 | INFO     |    Data to verify: 54c225f24e894134bf27c5e9148e17c141da565a9ddf855d
2026-01-03 19:13:59.587 | INFO     | 🔍 Verificando assinatura:
2026-01-03 19:13:59.588 | INFO     |    Data: 24 bytes | 54c225f24e894134bf27c5e9148e17c141da565a9ddf855d...
2026-01-03 19:13:59.588 | INFO     |    Signature: 137 bytes | 308186024110dc6853145d75b0c4d66654910d729279d9c142eee840b8d6a92e...
2026-01-03 19:13:59.592 | INFO     | ✅ Assinatura verificada com sucesso!
2026-01-03 19:13:59.597 | DEBUG    | ✅ Assinatura de heartbeat válida
2026-01-03 19:13:59.597 | DEBUG    | 💓 Heartbeat recebido (seq=26, age=0.10s)
2026-01-03 19:14:04.564 | INFO     | [OP-20260103_191153-0052] NOTIFICATION | Remote: E0:D3:62:D7:47:03 | Char: 12340001-0000-1000-8000-00805f9b34fb | Data: 236 bytes | Hex: 54c225f24e894134bf27c5e9148e17c154c225f24e894134bf27c5e9148e17c102010000001b0528f63b51f11c5363efb926fdabc736526e88d2e424cf39c8fe | ASCII: T.%.N.A4.'......T.%.N.A4.'.............(.;Q..Sc..&...6Rn...$.9.. [TRUNCATED]
2026-01-03 19:14:04.565 | DEBUG    | 📥 Pacote recebido de uplink: 54c225f2... → 54c225f2... (type=MessageType(2), ttl=1)
2026-01-03 19:14:04.565 | DEBUG    | Source 54c225f2...: seq=27 (novo highest, window: 17 seqs)
2026-01-03 19:14:04.566 | DEBUG    | 📚 Aprendido: 54c225f2... → uplink
2026-01-03 19:14:04.566 | INFO     | 📨 Entregando localmente: 54c225f2... → 54c225f2... (type=MessageType(2), 166 bytes)
2026-01-03 19:14:04.566 | DEBUG    | Source 54c225f2...: seq=27 (novo highest, window: 17 seqs)
2026-01-03 19:14:04.567 | DEBUG    | 🔍 Verificando assinatura: sig_len=138, signature_raw_len=138
2026-01-03 19:14:04.567 | INFO     | 💓 Verificando heartbeat:
2026-01-03 19:14:04.567 | INFO     |    Sink NID: 54c225f24e894134bf27c5e9148e17c1
2026-01-03 19:14:04.568 | INFO     |    Timestamp: 1767467644.495905
2026-01-03 19:14:04.569 | INFO     |    Data to verify: 54c225f24e894134bf27c5e9148e17c141da565a9f1fbce8
2026-01-03 19:14:04.569 | INFO     | 🔍 Verificando assinatura:
2026-01-03 19:14:04.570 | INFO     |    Data: 24 bytes | 54c225f24e894134bf27c5e9148e17c141da565a9f1fbce8...
2026-01-03 19:14:04.570 | INFO     |    Signature: 138 bytes | 3081870241095a39b0cd3fdc2183c5681ad3c8317f95d46986385feda4bf9615...
2026-01-03 19:14:04.572 | INFO     | ✅ Assinatura verificada com sucesso!
2026-01-03 19:14:04.573 | DEBUG    | ✅ Assinatura de heartbeat válida
2026-01-03 19:14:04.573 | DEBUG    | 💓 Heartbeat recebido (seq=27, age=0.08s)
2026-01-03 19:14:15.183 | WARNING  | ⚠️  Sem heartbeat há 10.6s (último seq=27)
2026-01-03 19:14:16.184 | WARNING  | ⚠️  Sem heartbeat há 11.6s (último seq=27)
2026-01-03 19:14:17.185 | WARNING  | ⚠️  Sem heartbeat há 12.6s (último seq=27)
2026-01-03 19:14:18.187 | WARNING  | ⚠️  Sem heartbeat há 13.6s (último seq=27)
2026-01-03 19:14:19.188 | WARNING  | ⚠️  Sem heartbeat há 14.6s (último seq=27)
2026-01-03 19:14:20.190 | ERROR    | ❌ Timeout de heartbeat! Sem heartbeat há 15.6s (último seq=27)
2026-01-03 19:14:20.190 | WARNING  | ⚠️  Desconectando do uplink devido a timeout de heartbeat...
2026-01-03 19:14:22.798 | INFO     | Desconectado de E0:D3:62:D7:47:03
2026-01-03 19:14:22.799 | INFO     | [OP-20260103_191153-0053] DISCONNECT | Remote: E0:D3:62:D7:47:03 | Reason: normal
2026-01-03 19:14:22.801 | DEBUG    | Nenhum downlink para desconectar
2026-01-03 19:14:23.801 | WARNING  | ⚠️  Conexão perdida com Sink
2026-01-03 19:14:23.804 | DEBUG    | Nenhum downlink para desconectar
2026-01-03 19:15:15.101 | INFO     | A conectar ao Sink E0:D3:62:D7:47:03...
2026-01-03 19:15:15.103 | DEBUG    | BLEConnection criada para E0:D3:62:D7:47:03
2026-01-03 19:15:15.104 | INFO     | A conectar a E0:D3:62:D7:47:03...
2026-01-03 19:15:15.105 | INFO     | [OP-20260103_191153-0054] CONNECT_ATTEMPT | Local: E0:D3:62:D6:EE:A0 | Remote: E0:D3:62:D7:47:03
2026-01-03 19:15:15.159 | ERROR    | Erro ao conectar a E0:D3:62:D7:47:03: The requested operation has failed.
2026-01-03 19:15:15.160 | ERROR    | [OP-20260103_191153-0055] CONNECT_FAILED | Remote: E0:D3:62:D7:47:03 | Error: The requested operation has failed.
2026-01-03 19:15:15.161 | DEBUG    | Conexão falhou, tentando refresh do cache e retry...
2026-01-03 19:15:17.269 | ERROR    | Falha ao conectar a E0:D3:62:D7:47:03 após todas as tentativas
2026-01-03 19:15:17.271 | ERROR    | ❌ Falha ao conectar ao Sink
2026-01-03 19:15:21.184 | INFO     | A fazer scan BLE durante 5000ms...
2026-01-03 19:15:21.185 | INFO     | [OP-20260103_191153-0056] SCAN_START | Duration: 5000ms | Filter_IoT: True
2026-01-03 19:15:26.294 | INFO     | Scan concluído: 0 dispositivos encontrados
2026-01-03 19:15:26.296 | INFO     | [OP-20260103_191153-0057] SCAN_RESULT | Devices_Found: 0
2026-01-03 19:15:26.298 | INFO     | A fazer scan BLE durante 5000ms...
2026-01-03 19:15:26.301 | INFO     | [OP-20260103_191153-0058] SCAN_START | Duration: 5000ms | Filter_IoT: True
2026-01-03 19:15:31.324 | DEBUG    |   Encontrado: IoT-Sink-54c225f2 (E0:D3:62:D7:47:03) RSSI: -46 dBm
2026-01-03 19:15:31.324 | INFO     | Scan concluído: 1 dispositivos encontrados
2026-01-03 19:15:31.326 | INFO     | [OP-20260103_191153-0059] SCAN_RESULT | Devices_Found: 1
2026-01-03 19:15:31.327 | DEBUG    | [OP-20260103_191153-0059]   Device_1: Name: IoT-Sink-54c225f2 | Address: E0:D3:62:D7:47:03 | RSSI: -46 dBm | Services: 1
2026-01-03 19:15:33.396 | INFO     | A conectar ao Sink E0:D3:62:D7:47:03...
2026-01-03 19:15:33.398 | DEBUG    | BLEConnection criada para E0:D3:62:D7:47:03
2026-01-03 19:15:33.399 | INFO     | A conectar a E0:D3:62:D7:47:03...
2026-01-03 19:15:33.400 | INFO     | [OP-20260103_191153-0060] CONNECT_ATTEMPT | Local: E0:D3:62:D6:EE:A0 | Remote: E0:D3:62:D7:47:03
2026-01-03 19:15:36.446 | INFO     | ✅ Conectado a E0:D3:62:D7:47:03
2026-01-03 19:15:36.447 | INFO     | [OP-20260103_191153-0061] CONNECT_SUCCESS | Remote: E0:D3:62:D7:47:03 | Time: 3042.51ms
2026-01-03 19:15:36.448 | DEBUG    | ✅ Conexão estabelecida. Operações GATT usarão D-Bus se necessário.
2026-01-03 19:15:36.448 | INFO     | ✅ Conectado ao Sink via GATT
2026-01-03 19:15:36.452 | DEBUG    | Descobertos 4 serviços
2026-01-03 19:15:36.455 | DEBUG    | Serviço 12340000-0000-1000-8000-00805f9b34fb encontrado
2026-01-03 19:15:36.456 | INFO     | ✅ Serviço IoT Network encontrado
2026-01-03 19:15:36.457 | DEBUG    | 🔄 Timestamp de heartbeat resetado para nova conexão
2026-01-03 19:15:36.458 | INFO     | A subscrever a notificações...
2026-01-03 19:15:36.896 | INFO     | ✅ Subscrito a notificações: 12340001-0000-1000-8000-00805f9b34fb
2026-01-03 19:15:36.897 | INFO     | [OP-20260103_191153-0062] SUBSCRIBE_SUCCESS | Remote: E0:D3:62:D7:47:03 | Char: 12340001-0000-1000-8000-00805f9b34fb
2026-01-03 19:15:36.898 | INFO     | ✅ Subscrito a NETWORK_PACKET
2026-01-03 19:15:36.899 | DEBUG    | [OP-20260103_191153-0063] READ_REQUEST | Remote: E0:D3:62:D7:47:03 | Service: 12340000-0000-1000-8000-00805f9b34fb | Char: 12340002-0000-1000-8000-00805f9b34fb
2026-01-03 19:15:36.986 | DEBUG    | Read 12340002-0000-1000-8000-00805f9b34fb: 18 bytes
2026-01-03 19:15:36.986 | INFO     | [OP-20260103_191153-0064] READ_RESPONSE | Remote: E0:D3:62:D7:47:03 | Char: 12340002-0000-1000-8000-00805f9b34fb | Data: 18 bytes | Hex: 54c225f24e894134bf27c5e9148e17c1ff01 | ASCII: T.%.N.A4.'........
2026-01-03 19:15:36.987 | INFO     | ✅ Conectado ao Sink - hop_count=0
2026-01-03 19:15:36.988 | INFO     | 🔐 A iniciar autenticação com Sink...
2026-01-03 19:15:36.989 | DEBUG    | 📡 A subscrever a AUTH characteristic...
2026-01-03 19:15:37.076 | INFO     | ✅ Subscrito a notificações: 12340004-0000-1000-8000-00805f9b34fb
2026-01-03 19:15:37.077 | INFO     | [OP-20260103_191153-0065] SUBSCRIBE_SUCCESS | Remote: E0:D3:62:D7:47:03 | Char: 12340004-0000-1000-8000-00805f9b34fb
2026-01-03 19:15:37.078 | DEBUG    | ✅ Subscrito a AUTH indications
2026-01-03 19:15:37.078 | INFO     | AuthenticationProtocol inicializado para 74383752...
2026-01-03 19:15:37.078 | INFO     | 📤 Enviando certificado...
2026-01-03 19:15:37.079 | INFO     | 🔐 Iniciando autenticação - enviando certificado...
2026-01-03 19:15:37.080 | INFO     |    Certificado: 887 bytes
2026-01-03 19:15:37.081 | DEBUG    |    Estado: IDLE → CERT_SENT
2026-01-03 19:15:37.081 | INFO     | Fragmentando mensagem de 890 bytes em 5 fragmentos
2026-01-03 19:15:37.083 | DEBUG    |   Fragmento 1/5: 180 bytes, flags=0x01
2026-01-03 19:15:37.083 | DEBUG    |   Fragmento 2/5: 180 bytes, flags=0x00
2026-01-03 19:15:37.083 | DEBUG    |   Fragmento 3/5: 180 bytes, flags=0x00
2026-01-03 19:15:37.083 | DEBUG    |   Fragmento 4/5: 180 bytes, flags=0x00
2026-01-03 19:15:37.084 | DEBUG    |   Fragmento 5/5: 170 bytes, flags=0x02
2026-01-03 19:15:37.084 | DEBUG    | Enviando mensagem auth: 890 bytes em 5 fragmento(s)
2026-01-03 19:15:37.085 | INFO     | [OP-20260103_191153-0066] WRITE_REQUEST | Remote: E0:D3:62:D7:47:03 | Char: 12340004-0000-1000-8000-00805f9b34fb | Data: 183 bytes | Hex: 0100050103772d2d2d2d2d424547494e2043455254494649434154452d2d2d2d2d0a4d4949435954434341634b674177494241674955503456317a7156365177 | ASCII: .....w-----BEGIN CERTIFICATE-----.MIICYTCCAcKgAwIBAgIUP4V1zqV6Qw [TRUNCATED]
2026-01-03 19:15:37.164 | DEBUG    | ✅ Write via SimpleBLE: 12340004-0000-1000-8000-00805f9b34fb (183 bytes)
2026-01-03 19:15:37.164 | INFO     | [OP-20260103_191153-0067] WRITE_SUCCESS | Remote: E0:D3:62:D7:47:03 | Char: 12340004-0000-1000-8000-00805f9b34fb
2026-01-03 19:15:37.165 | DEBUG    |   Fragmento 1/5 enviado
2026-01-03 19:15:37.267 | INFO     | [OP-20260103_191153-0068] WRITE_REQUEST | Remote: E0:D3:62:D7:47:03 | Char: 12340004-0000-1000-8000-00805f9b34fb | Data: 183 bytes | Hex: 0001054d446b6c765643424f5a58523362334a7249454e424d423458445449324d4445774d6a45794e446b304d316f580a44544d314d54497a4d5445794e446b | ASCII: ...MDklvVCBOZXR3b3JrIENBMB4XDTI2MDEwMjEyNDk0M1oX.DTM1MTIzMTEyNDk [TRUNCATED]
2026-01-03 19:15:37.344 | DEBUG    | ✅ Write via SimpleBLE: 12340004-0000-1000-8000-00805f9b34fb (183 bytes)
2026-01-03 19:15:37.344 | INFO     | [OP-20260103_191153-0069] WRITE_SUCCESS | Remote: E0:D3:62:D7:47:03 | Char: 12340004-0000-1000-8000-00805f9b34fb
2026-01-03 19:15:37.345 | DEBUG    |   Fragmento 2/5 enviado
2026-01-03 19:15:37.447 | INFO     | [OP-20260103_191153-0070] WRITE_REQUEST | Remote: E0:D3:62:D7:47:03 | Char: 12340004-0000-1000-8000-00805f9b34fb | Data: 183 bytes | Hex: 000205675a7377454159484b6f5a497a6a3043415159464b34454541434d4467595941424145694e696357395555554c7a5a7a31477641556d77426e636f670a | ASCII: ...gZswEAYHKoZIzj0CAQYFK4EEACMDgYYABAEiNicW9UUULzZz1GvAUmwBncog. [TRUNCATED]
2026-01-03 19:15:37.525 | DEBUG    | ✅ Write via SimpleBLE: 12340004-0000-1000-8000-00805f9b34fb (183 bytes)
2026-01-03 19:15:37.526 | INFO     | [OP-20260103_191153-0071] WRITE_SUCCESS | Remote: E0:D3:62:D7:47:03 | Char: 12340004-0000-1000-8000-00805f9b34fb
2026-01-03 19:15:37.527 | DEBUG    |   Fragmento 3/5 enviado
2026-01-03 19:15:37.629 | INFO     | [OP-20260103_191153-0072] WRITE_REQUEST | Remote: E0:D3:62:D7:47:03 | Char: 12340004-0000-1000-8000-00805f9b34fb | Data: 183 bytes | Hex: 0003056f394a6e616a4d494f760a734344654e443674516a39337452687558446a6d524b4d344d44597744415944565230544151482f424149774144414f4267 | ASCII: ...o9JnajMIOv.sCDeND6tQj93tRhuXDjmRKM4MDYwDAYDVR0TAQH/BAIwADAOBg [TRUNCATED]
2026-01-03 19:15:37.704 | DEBUG    | ✅ Write via SimpleBLE: 12340004-0000-1000-8000-00805f9b34fb (183 bytes)
2026-01-03 19:15:37.704 | INFO     | [OP-20260103_191153-0073] WRITE_SUCCESS | Remote: E0:D3:62:D7:47:03 | Char: 12340004-0000-1000-8000-00805f9b34fb
2026-01-03 19:15:37.705 | DEBUG    |   Fragmento 4/5 enviado
2026-01-03 19:15:37.807 | INFO     | [OP-20260103_191153-0074] WRITE_REQUEST | Remote: E0:D3:62:D7:47:03 | Char: 12340004-0000-1000-8000-00805f9b34fb | Data: 173 bytes | Hex: 0204056c466935494f443142454578567254414b2b776c774e2b676a0a4e3249572b3450556a78466643654f6152762b794a3734435167452b4654787a433554 | ASCII: ...lFi5IOD1BEExVrTAK+wlwN+gj.N2IW+4PUjxFfCeOaRv+yJ74CQgE+FTxzC5T [TRUNCATED]
2026-01-03 19:15:37.929 | DEBUG    | ✅ Write via SimpleBLE: 12340004-0000-1000-8000-00805f9b34fb (173 bytes)
2026-01-03 19:15:37.930 | INFO     | [OP-20260103_191153-0075] WRITE_SUCCESS | Remote: E0:D3:62:D7:47:03 | Char: 12340004-0000-1000-8000-00805f9b34fb
2026-01-03 19:15:37.931 | DEBUG    |   Fragmento 5/5 enviado
2026-01-03 19:15:37.933 | INFO     | [OP-20260103_191153-0076] NOTIFICATION | Remote: E0:D3:62:D7:47:03 | Char: 12340004-0000-1000-8000-00805f9b34fb | Data: 183 bytes | Hex: 0100060203b00000038c2d2d2d2d2d424547494e2043455254494649434154452d2d2d2d2d0a4d494943634443434164476741774942416749554a787a6b7455 | ASCII: ..........-----BEGIN CERTIFICATE-----.MIICcDCCAdGgAwIBAgIUJxzktU [TRUNCATED]
2026-01-03 19:15:37.934 | DEBUG    | 🔐 AUTH indication recebida: 183 bytes
2026-01-03 19:15:37.934 | DEBUG    | Fragmento recebido: seq=0, total=6, payload=180 bytes, flags=0x01
2026-01-03 19:15:37.935 | INFO     | Iniciando recepção de 6 fragmentos
2026-01-03 19:15:37.936 | DEBUG    | Fragmento 1/6 armazenado (1 de 6 recebidos)
2026-01-03 19:15:37.937 | DEBUG    | 🔐 Aguardando mais fragmentos AUTH...
2026-01-03 19:15:38.021 | INFO     | [OP-20260103_191153-0077] NOTIFICATION | Remote: E0:D3:62:D7:47:03 | Char: 12340004-0000-1000-8000-00805f9b34fb | Data: 183 bytes | Hex: 0001065642414d4d446b6c765643424f5a58523362334a7249454e424d423458445449324d4445774d6a45794e446b7a4d6c6f580a44544d314d54497a4d5445 | ASCII: ...VBAMMDklvVCBOZXR3b3JrIENBMB4XDTI2MDEwMjEyNDkzMloX.DTM1MTIzMTE [TRUNCATED]
2026-01-03 19:15:38.021 | DEBUG    | 🔐 AUTH indication recebida: 183 bytes
2026-01-03 19:15:38.021 | DEBUG    | Fragmento recebido: seq=1, total=6, payload=180 bytes, flags=0x00
2026-01-03 19:15:38.022 | DEBUG    | Fragmento 2/6 armazenado (2 de 6 recebidos)
2026-01-03 19:15:38.022 | DEBUG    | 🔐 Aguardando mais fragmentos AUTH...
2026-01-03 19:15:38.031 | DEBUG    | Autenticação round 1/10
2026-01-03 19:15:38.112 | INFO     | [OP-20260103_191153-0078] NOTIFICATION | Remote: E0:D3:62:D7:47:03 | Char: 12340004-0000-1000-8000-00805f9b34fb | Data: 183 bytes | Hex: 000206597a45784454414c42674e564241734d42464e70626d7377675a7377454159484b6f5a497a6a3043415159464b34454541434d44675959414241415377 | ASCII: ...YzExDTALBgNVBAsMBFNpbmswgZswEAYHKoZIzj0CAQYFK4EEACMDgYYABAASw [TRUNCATED]
2026-01-03 19:15:38.113 | DEBUG    | 🔐 AUTH indication recebida: 183 bytes
2026-01-03 19:15:38.113 | DEBUG    | Fragmento recebido: seq=2, total=6, payload=180 bytes, flags=0x00
2026-01-03 19:15:38.113 | DEBUG    | Fragmento 3/6 armazenado (3 de 6 recebidos)
2026-01-03 19:15:38.113 | DEBUG    | 🔐 Aguardando mais fragmentos AUTH...
2026-01-03 19:15:38.202 | INFO     | [OP-20260103_191153-0079] NOTIFICATION | Remote: E0:D3:62:D7:47:03 | Char: 12340004-0000-1000-8000-00805f9b34fb | Data: 183 bytes | Hex: 000306386e6a795a48523051644f4375300a6f4e41363237777a484f3239624a6f6b67614b4c486e66436d2b505643727934344a64307a434d4e50614d344d44 | ASCII: ...8njyZHR0QdOCu0.oNA627wzHO29bJokgaKLHnfCm+PVCry44Jd0zCMNPaM4MD [TRUNCATED]
2026-01-03 19:15:38.202 | DEBUG    | 🔐 AUTH indication recebida: 183 bytes
2026-01-03 19:15:38.202 | DEBUG    | Fragmento recebido: seq=3, total=6, payload=180 bytes, flags=0x00
2026-01-03 19:15:38.203 | DEBUG    | Fragmento 4/6 armazenado (4 de 6 recebidos)
2026-01-03 19:15:38.203 | DEBUG    | 🔐 Aguardando mais fragmentos AUTH...
2026-01-03 19:15:38.292 | INFO     | [OP-20260103_191153-0080] NOTIFICATION | Remote: E0:D3:62:D7:47:03 | Char: 12340004-0000-1000-8000-00805f9b34fb | Data: 183 bytes | Hex: 00040634706d4967797a644e615a4e4a506a66796561623859385839394141680a6158316663585374655142344b476a74343969626571735a70734d59754675 | ASCII: ...4pmIgyzdNaZNJPjfyeab8Y8X99AAh.aX1fcXSteQB4KGjt49ibeqsZpsMYuFu [TRUNCATED]
2026-01-03 19:15:38.292 | DEBUG    | 🔐 AUTH indication recebida: 183 bytes
2026-01-03 19:15:38.292 | DEBUG    | Fragmento recebido: seq=4, total=6, payload=180 bytes, flags=0x00
2026-01-03 19:15:38.293 | DEBUG    | Fragmento 5/6 armazenado (5 de 6 recebidos)
2026-01-03 19:15:38.293 | DEBUG    | 🔐 Aguardando mais fragmentos AUTH...
2026-01-03 19:15:38.380 | INFO     | [OP-20260103_191153-0081] NOTIFICATION | Remote: E0:D3:62:D7:47:03 | Char: 12340004-0000-1000-8000-00805f9b34fb | Data: 50 bytes | Hex: 0205065254494649434154452d2d2d2d2d0ad62133ea7b024b0d52506ed2ba180b4c54a29989139d098eefd4a4860f220073 | ASCII: ...RTIFICATE-----..!3.{.K.RPn....LT............".s
2026-01-03 19:15:38.380 | DEBUG    | 🔐 AUTH indication recebida: 50 bytes
2026-01-03 19:15:38.381 | DEBUG    | Fragmento recebido: seq=5, total=6, payload=47 bytes, flags=0x02
2026-01-03 19:15:38.381 | DEBUG    | Fragmento 6/6 armazenado (6 de 6 recebidos)
2026-01-03 19:15:38.381 | INFO     | ✅ Mensagem reconstruída: 947 bytes (6 fragmentos)
2026-01-03 19:15:38.382 | DEBUG    | FragmentReassembler resetado
2026-01-03 19:15:38.382 | DEBUG    | 🔐 AUTH mensagem completa: 947 bytes
2026-01-03 19:15:38.532 | DEBUG    | Resposta auth lida do buffer: 947 bytes
2026-01-03 19:15:38.532 | DEBUG    | 📨 Recebido: AuthMessage(type=CHALLENGE, payload=944 bytes)
2026-01-03 19:15:38.532 | INFO     | 🎲 Challenge recebido - processando certificado + challenge...
2026-01-03 19:15:38.533 | INFO     | 📜 Extraindo certificado do peer do payload...
2026-01-03 19:15:38.534 | DEBUG    | ✅ Assinatura da CA válida
2026-01-03 19:15:38.535 | DEBUG    | ✅ Certificado válido temporalmente (expira em 2035-12-31 12:49:32+00:00)
2026-01-03 19:15:38.535 | INFO     | ✅ Certificado validado com sucesso
2026-01-03 19:15:38.536 | INFO     | ✅ Certificado do peer validado!
2026-01-03 19:15:38.536 | INFO     |    Peer NID: 54c225f2...
2026-01-03 19:15:38.537 | INFO     |    Peer tipo: SINK
2026-01-03 19:15:38.537 | DEBUG    |    Challenge: d62133ea7b024b0d52506ed2ba180b4c...
2026-01-03 19:15:38.537 | INFO     | ✍️  Assinando dados:
2026-01-03 19:15:38.539 | INFO     |    Data: 32 bytes | d62133ea7b024b0d52506ed2ba180b4c54a29989139d098eefd4a4860f220073...
2026-01-03 19:15:38.540 | INFO     |    Signature: 138 bytes | 308187024201d6c9cb52104fc8f3114739436159ac0d0c02fbba266c70af46b6...
2026-01-03 19:15:38.541 | INFO     | ✍️  Response gerada: 138 bytes
2026-01-03 19:15:38.541 | DEBUG    |    Estado: CHALLENGE_RECEIVED
2026-01-03 19:15:38.541 | DEBUG    | 📤 Enviando resposta (141 bytes)
2026-01-03 19:15:38.541 | DEBUG    | Mensagem pequena (141 bytes), 1 fragmento
2026-01-03 19:15:38.541 | DEBUG    | Enviando mensagem auth: 141 bytes em 1 fragmento(s)
2026-01-03 19:15:38.543 | INFO     | [OP-20260103_191153-0082] WRITE_REQUEST | Remote: E0:D3:62:D7:47:03 | Char: 12340004-0000-1000-8000-00805f9b34fb | Data: 144 bytes | Hex: 03000103008a308187024201d6c9cb52104fc8f3114739436159ac0d0c02fbba266c70af46b645e783bffdddee100f8148031eef413ab17f39ece855a7c338a9 | ASCII: ......0...B....R.O...G9CaY......&lp.F.E.........H...A:..9..U..8. [TRUNCATED]
2026-01-03 19:15:38.605 | DEBUG    | ✅ Write via SimpleBLE: 12340004-0000-1000-8000-00805f9b34fb (144 bytes)
2026-01-03 19:15:38.605 | INFO     | [OP-20260103_191153-0083] NOTIFICATION | Remote: E0:D3:62:D7:47:03 | Char: 12340004-0000-1000-8000-00805f9b34fb | Data: 6 bytes | Hex: 030001040000 | ASCII: ......
2026-01-03 19:15:38.607 | DEBUG    | 🔐 AUTH indication recebida: 6 bytes
2026-01-03 19:15:38.607 | DEBUG    | Fragmento recebido: seq=0, total=1, payload=3 bytes, flags=0x03
2026-01-03 19:15:38.606 | INFO     | [OP-20260103_191153-0084] WRITE_SUCCESS | Remote: E0:D3:62:D7:47:03 | Char: 12340004-0000-1000-8000-00805f9b34fb
2026-01-03 19:15:38.607 | INFO     | Iniciando recepção de 1 fragmentos
2026-01-03 19:15:38.609 | DEBUG    | Fragmento 1/1 armazenado (1 de 1 recebidos)
2026-01-03 19:15:38.608 | DEBUG    |   Fragmento 1/1 enviado
2026-01-03 19:15:38.609 | DEBUG    | Autenticação round 2/10
2026-01-03 19:15:38.609 | INFO     | ✅ Mensagem reconstruída: 3 bytes (1 fragmentos)
2026-01-03 19:15:38.610 | DEBUG    | FragmentReassembler resetado
2026-01-03 19:15:38.610 | DEBUG    | 🔐 AUTH mensagem completa: 3 bytes
2026-01-03 19:15:39.109 | DEBUG    | Resposta auth lida do buffer: 3 bytes
2026-01-03 19:15:39.110 | DEBUG    | 📨 Recebido: AuthMessage(type=AUTH_SUCCESS, payload=0 bytes)
2026-01-03 19:15:39.110 | INFO     | ✅ Peer confirmou autenticação bem sucedida!
2026-01-03 19:15:39.111 | INFO     | ✅ Autenticação bem-sucedida!
2026-01-03 19:15:39.113 | DEBUG    | 🔑 Session key derivada: 32 bytes
2026-01-03 19:15:39.113 | INFO     | 🔑 Session key estabelecida
2026-01-03 19:15:39.116 | DEBUG    | 🔑 Session key configurada para porta uplink
2026-01-03 19:15:39.117 | INFO     | 🔀 Session key configurada no Router Daemon
2026-01-03 19:15:39.118 | INFO     | ✅ Certificado do Sink armazenado para verificação de heartbeats
2026-01-03 19:15:39.120 | INFO     | DTLSChannel criado (client) com certificado node_74383752_cert.pem
2026-01-03 19:15:39.122 | INFO     | Iniciando handshake DTLS...
2026-01-03 19:15:39.124 | WARNING  | DTLS não disponível - operando em modo stub
2026-01-03 19:15:39.126 | INFO     | ✅ Canal DTLS (stub) estabelecido
2026-01-03 19:15:39.129 | INFO     | 🔐 Canal DTLS end-to-end estabelecido com Sink
2026-01-03 19:15:39.130 | INFO     | 🔑 Chave de encriptação end-to-end derivada (AES-256-GCM)
2026-01-03 19:15:39.131 | INFO     | 🔑 Chave de encriptação end-to-end derivada
2026-01-03 19:15:39.596 | INFO     | [OP-20260103_191153-0085] NOTIFICATION | Remote: E0:D3:62:D7:47:03 | Char: 12340001-0000-1000-8000-00805f9b34fb | Data: 236 bytes | Hex: 54c225f24e894134bf27c5e9148e17c154c225f24e894134bf27c5e9148e17c102010000002e71622f04b53f68e5c538a07dd43da678544cf2f335bf191e7be8 | ASCII: T.%.N.A4.'......T.%.N.A4.'............qb/..?h..8.}.=.xTL..5...{. [TRUNCATED]
2026-01-03 19:15:39.597 | DEBUG    | 📥 Pacote recebido de uplink: 54c225f2... → 54c225f2... (type=MessageType(2), ttl=1)
2026-01-03 19:15:39.598 | DEBUG    | Source 54c225f2...: seq=46 (novo highest, window: 18 seqs)
2026-01-03 19:15:39.598 | DEBUG    | 📚 Aprendido: 54c225f2... → uplink
2026-01-03 19:15:39.599 | INFO     | 📨 Entregando localmente: 54c225f2... → 54c225f2... (type=MessageType(2), 166 bytes)
2026-01-03 19:15:39.600 | DEBUG    | Source 54c225f2...: seq=46 (novo highest, window: 18 seqs)
2026-01-03 19:15:39.600 | DEBUG    | 🔍 Verificando assinatura: sig_len=139, signature_raw_len=139
2026-01-03 19:15:39.601 | INFO     | 💓 Verificando heartbeat:
2026-01-03 19:15:39.601 | INFO     |    Sink NID: 54c225f24e894134bf27c5e9148e17c1
2026-01-03 19:15:39.602 | INFO     |    Timestamp: 1767467739.4917452
2026-01-03 19:15:39.604 | INFO     |    Data to verify: 54c225f24e894134bf27c5e9148e17c141da565ab6df78c1
2026-01-03 19:15:39.605 | INFO     | 🔍 Verificando assinatura:
2026-01-03 19:15:39.607 | INFO     |    Data: 24 bytes | 54c225f24e894134bf27c5e9148e17c141da565ab6df78c1...
2026-01-03 19:15:39.608 | INFO     |    Signature: 139 bytes | 308188024201d975896d64ba0e5afea870800ad14d7a47a8beae38ed24b5a286...
2026-01-03 19:15:39.616 | INFO     | ✅ Assinatura verificada com sucesso!
2026-01-03 19:15:39.618 | DEBUG    | ✅ Assinatura de heartbeat válida
2026-01-03 19:15:39.618 | DEBUG    | 💓 Heartbeat recebido (seq=46, age=0.13s)
2026-01-03 19:15:44.591 | INFO     | [OP-20260103_191153-0086] NOTIFICATION | Remote: E0:D3:62:D7:47:03 | Char: 12340001-0000-1000-8000-00805f9b34fb | Data: 236 bytes | Hex: 54c225f24e894134bf27c5e9148e17c154c225f24e894134bf27c5e9148e17c102010000002f003ce33d0982c90b9098060809885241c4d73e592c2b1b772b54 | ASCII: T.%.N.A4.'......T.%.N.A4.'.........../.<.=..........RA..>Y,+.w+T [TRUNCATED]
2026-01-03 19:15:44.592 | DEBUG    | 📥 Pacote recebido de uplink: 54c225f2... → 54c225f2... (type=MessageType(2), ttl=1)
2026-01-03 19:15:44.593 | DEBUG    | Source 54c225f2...: seq=47 (novo highest, window: 19 seqs)
2026-01-03 19:15:44.593 | DEBUG    | 📚 Aprendido: 54c225f2... → uplink
2026-01-03 19:15:44.594 | INFO     | 📨 Entregando localmente: 54c225f2... → 54c225f2... (type=MessageType(2), 166 bytes)
2026-01-03 19:15:44.595 | DEBUG    | Source 54c225f2...: seq=47 (novo highest, window: 19 seqs)
2026-01-03 19:15:44.596 | DEBUG    | 🔍 Verificando assinatura: sig_len=139, signature_raw_len=139
2026-01-03 19:15:44.596 | INFO     | 💓 Verificando heartbeat:
2026-01-03 19:15:44.597 | INFO     |    Sink NID: 54c225f24e894134bf27c5e9148e17c1
2026-01-03 19:15:44.598 | INFO     |    Timestamp: 1767467744.4959073
2026-01-03 19:15:44.599 | INFO     |    Data to verify: 54c225f24e894134bf27c5e9148e17c141da565ab81fbcf2
2026-01-03 19:15:44.600 | INFO     | 🔍 Verificando assinatura:
2026-01-03 19:15:44.601 | INFO     |    Data: 24 bytes | 54c225f24e894134bf27c5e9148e17c141da565ab81fbcf2...
2026-01-03 19:15:44.603 | INFO     |    Signature: 139 bytes | 30818802420117db2f332ca0416bbbf8b71d9cf7b4c18b16815d1241af797b05...
2026-01-03 19:15:44.606 | INFO     | ✅ Assinatura verificada com sucesso!
2026-01-03 19:15:44.607 | DEBUG    | ✅ Assinatura de heartbeat válida
2026-01-03 19:15:44.607 | DEBUG    | 💓 Heartbeat recebido (seq=47, age=0.11s)
2026-01-03 19:15:49.586 | INFO     | [OP-20260103_191153-0087] NOTIFICATION | Remote: E0:D3:62:D7:47:03 | Char: 12340001-0000-1000-8000-00805f9b34fb | Data: 236 bytes | Hex: 54c225f24e894134bf27c5e9148e17c154c225f24e894134bf27c5e9148e17c1020100000030432e33963b540390a9dfb97df0cca2efaee1605b026dc927d1c8 | ASCII: T.%.N.A4.'......T.%.N.A4.'...........0C.3.;T.....}......`[.m.'.. [TRUNCATED]
2026-01-03 19:15:49.587 | DEBUG    | 📥 Pacote recebido de uplink: 54c225f2... → 54c225f2... (type=MessageType(2), ttl=1)
2026-01-03 19:15:49.588 | DEBUG    | Source 54c225f2...: seq=48 (novo highest, window: 20 seqs)
2026-01-03 19:15:49.588 | DEBUG    | 📚 Aprendido: 54c225f2... → uplink
2026-01-03 19:15:49.589 | INFO     | 📨 Entregando localmente: 54c225f2... → 54c225f2... (type=MessageType(2), 166 bytes)
2026-01-03 19:15:49.590 | DEBUG    | Source 54c225f2...: seq=48 (novo highest, window: 20 seqs)
2026-01-03 19:15:49.590 | DEBUG    | 🔍 Verificando assinatura: sig_len=139, signature_raw_len=139
2026-01-03 19:15:49.590 | INFO     | 💓 Verificando heartbeat:
2026-01-03 19:15:49.591 | INFO     |    Sink NID: 54c225f24e894134bf27c5e9148e17c1
2026-01-03 19:15:49.592 | INFO     |    Timestamp: 1767467749.4953284
2026-01-03 19:15:49.594 | INFO     |    Data to verify: 54c225f24e894134bf27c5e9148e17c141da565ab95fb376
2026-01-03 19:15:49.595 | INFO     | 🔍 Verificando assinatura:
2026-01-03 19:15:49.596 | INFO     |    Data: 24 bytes | 54c225f24e894134bf27c5e9148e17c141da565ab95fb376...
2026-01-03 19:15:49.598 | INFO     |    Signature: 139 bytes | 30818802420087679daf84ee66e20b1fab0a1c67e03f7b0f8e5af5e73e77bcec...
2026-01-03 19:15:49.603 | INFO     | ✅ Assinatura verificada com sucesso!
2026-01-03 19:15:49.604 | DEBUG    | ✅ Assinatura de heartbeat válida
2026-01-03 19:15:49.604 | DEBUG    | 💓 Heartbeat recebido (seq=48, age=0.11s)
2026-01-03 19:15:52.879 | INFO     | A parar Node...
2026-01-03 19:15:52.881 | INFO     | A parar GATT Server...
