2025-12-29 20:50:32.882 | INFO     | BLE Operation Logger iniciado: ble_operations_A08869B6F7D2_20251229_205032.log
2025-12-29 20:50:32.883 | INFO     | Scanner BLE iniciado: hci0 (A0:88:69:B6:F7:D2)
2025-12-29 20:50:32.883 | INFO     | BLE Client iniciado
2025-12-29 20:50:32.883 | INFO     | BLE Client criado
2025-12-29 20:50:32.884 | INFO     | NeighborDiscovery inicializado: scan_interval=30s, scan_duration=5000ms, timeout=120s
2025-12-29 20:50:32.884 | INFO     | NeighborDiscovery criado
2025-12-29 20:50:32.885 | INFO     | Link Manager iniciado
2025-12-29 20:50:32.885 | INFO     | LinkManager criado
2025-12-29 20:50:35.051 | INFO     | A iniciar scan de vizinhos...
2025-12-29 20:50:35.051 | DEBUG    | A limpar cache de scan BLE...
2025-12-29 20:50:35.258 | DEBUG    | Cache de scan limpo
2025-12-29 20:50:35.259 | INFO     | A fazer scan BLE durante 5000ms...
2025-12-29 20:50:35.260 | INFO     | [OP-20251229_205032-0001] SCAN_START | Duration: 5000ms | Filter_IoT: True
2025-12-29 20:50:40.275 | DEBUG    |   Encontrado: IoT-Node (E0:D3:62:D6:EE:A0) RSSI: -47 dBm
2025-12-29 20:50:40.276 | INFO     | Scan concluído: 1 dispositivos encontrados
2025-12-29 20:50:40.277 | INFO     | [OP-20251229_205032-0002] SCAN_RESULT | Devices_Found: 1
2025-12-29 20:50:40.278 | DEBUG    | [OP-20251229_205032-0002]   Device_1: Name: IoT-Node | Address: E0:D3:62:D6:EE:A0 | RSSI: -47 dBm | Services: 1
2025-12-29 20:50:40.278 | INFO     | Scan concluído: 1 dispositivos IoT encontrados
2025-12-29 20:50:40.279 | DEBUG    | A conectar a E0:D3:62:D6:EE:A0 para ler DeviceInfo...
2025-12-29 20:50:40.283 | DEBUG    | BLEConnection criada para E0:D3:62:D6:EE:A0
2025-12-29 20:50:40.284 | INFO     | A conectar a E0:D3:62:D6:EE:A0...
2025-12-29 20:50:40.285 | INFO     | [OP-20251229_205032-0003] CONNECT_ATTEMPT | Local: A0:88:69:B6:F7:D2 | Remote: E0:D3:62:D6:EE:A0
2025-12-29 20:50:44.350 | INFO     | ✅ Conectado a E0:D3:62:D6:EE:A0
2025-12-29 20:50:44.351 | INFO     | [OP-20251229_205032-0004] CONNECT_SUCCESS | Remote: E0:D3:62:D6:EE:A0 | Time: 4059.09ms
2025-12-29 20:50:44.353 | DEBUG    | ✅ Conexão estabelecida. Operações GATT usarão D-Bus se necessário.
2025-12-29 20:50:44.353 | DEBUG    | [OP-20251229_205032-0005] READ_REQUEST | Remote: E0:D3:62:D6:EE:A0 | Service: 12340000-0000-1000-8000-00805f9b34fb | Char: 12340002-0000-1000-8000-00805f9b34fb
2025-12-29 20:50:44.847 | DEBUG    | Read 12340002-0000-1000-8000-00805f9b34fb: 18 bytes
2025-12-29 20:50:44.847 | INFO     | [OP-20251229_205032-0006] READ_RESPONSE | Remote: E0:D3:62:D6:EE:A0 | Char: 12340002-0000-1000-8000-00805f9b34fb | Data: 18 bytes | Hex: b4f680bf6e2a4d1fa4b9938568d31e2d0100 | ASCII: ....n*M.....h..-..
2025-12-29 20:50:44.848 | INFO     | Vizinho descoberto: E0:D3:62:D6:EE:A0 (b4f680bf...) hop=1 rssi=-47dBm type=node disconnected seen=0.0s ago
2025-12-29 20:50:47.306 | INFO     | Desconectado de E0:D3:62:D6:EE:A0
2025-12-29 20:50:47.310 | INFO     | [OP-20251229_205032-0007] DISCONNECT | Remote: E0:D3:62:D6:EE:A0 | Reason: normal
2025-12-29 20:50:47.313 | INFO     | Novo vizinho adicionado: E0:D3:62:D6:EE:A0
2025-12-29 20:50:59.379 | INFO     | A conectar a vizinho E0:D3:62:D6:EE:A0...
2025-12-29 20:50:59.382 | DEBUG    | BLEConnection criada para E0:D3:62:D6:EE:A0
2025-12-29 20:50:59.384 | INFO     | A conectar a E0:D3:62:D6:EE:A0...
2025-12-29 20:50:59.385 | INFO     | [OP-20251229_205032-0008] CONNECT_ATTEMPT | Local: A0:88:69:B6:F7:D2 | Remote: E0:D3:62:D6:EE:A0
2025-12-29 20:51:02.451 | INFO     | ✅ Conectado a E0:D3:62:D6:EE:A0
2025-12-29 20:51:02.452 | INFO     | [OP-20251229_205032-0009] CONNECT_SUCCESS | Remote: E0:D3:62:D6:EE:A0 | Time: 3062.09ms
2025-12-29 20:51:02.453 | DEBUG    | ✅ Conexão estabelecida. Operações GATT usarão D-Bus se necessário.
2025-12-29 20:51:02.453 | INFO     | Link criado: Link[E0:D3:62:D6:EE:A0] -> NODE NID=b4f680bf... hop=1 (UPLINK)
2025-12-29 20:51:02.454 | INFO     | ✅ Uplink definido: Link[E0:D3:62:D6:EE:A0] -> NODE NID=b4f680bf... hop=1
2025-12-29 20:51:02.456 | DEBUG    | HeartbeatMonitor criado: interval=5.0s, max_missed=3
2025-12-29 20:51:02.648 | INFO     | ✅ Subscrito a notificações: 12340001-0000-1000-8000-00805f9b34fb
2025-12-29 20:51:02.650 | INFO     | [OP-20251229_205032-0010] SUBSCRIBE_SUCCESS | Remote: E0:D3:62:D6:EE:A0 | Char: 12340001-0000-1000-8000-00805f9b34fb
2025-12-29 20:51:02.652 | INFO     | 💓 HeartbeatMonitor iniciado: verificação a cada 5.0s, timeout após 3 misses
2025-12-29 20:51:02.653 | INFO     | 💓 Monitoramento de heartbeat iniciado
2025-12-29 20:51:02.653 | INFO     | ✅ Conectado a E0:D3:62:D6:EE:A0 e uplink estabelecido
2025-12-29 20:51:02.653 | DEBUG    | Vizinho E0:D3:62:D6:EE:A0 marcado como conectado
2025-12-29 20:51:06.203 | INFO     | [OP-20251229_205032-0011] NOTIFICATION | Remote: E0:D3:62:D6:EE:A0 | Char: 12340001-0000-1000-8000-00805f9b34fb | Data: 158 bytes | Hex: b4f680bf6e2a4d1fa4b9938568d31e2db4f680bf6e2a4d1fa4b9938568d31e2d02010000000a0000000000000000000000000000000000000000000000000000 | ASCII: ....n*M.....h..-....n*M.....h..-................................ [TRUNCATED]
2025-12-29 20:51:06.204 | DEBUG    | 📦 Pacote recebido via E0:D3:62:D6:EE:A0: b4f680bf... → b4f680bf... (type=HEARTBEAT, seq=10)
2025-12-29 20:51:06.205 | DEBUG    | 💓 Heartbeat recebido: seq=10
2025-12-29 20:51:06.205 | DEBUG    | 💓 Heartbeat recebido (seq=10)
2025-12-29 20:51:11.202 | INFO     | [OP-20251229_205032-0012] NOTIFICATION | Remote: E0:D3:62:D6:EE:A0 | Char: 12340001-0000-1000-8000-00805f9b34fb | Data: 158 bytes | Hex: b4f680bf6e2a4d1fa4b9938568d31e2db4f680bf6e2a4d1fa4b9938568d31e2d02010000000b0000000000000000000000000000000000000000000000000000 | ASCII: ....n*M.....h..-....n*M.....h..-................................ [TRUNCATED]
2025-12-29 20:51:11.202 | DEBUG    | 📦 Pacote recebido via E0:D3:62:D6:EE:A0: b4f680bf... → b4f680bf... (type=HEARTBEAT, seq=11)
2025-12-29 20:51:11.203 | DEBUG    | 💓 Heartbeat recebido: seq=11
2025-12-29 20:51:11.203 | DEBUG    | 💓 Heartbeat recebido (seq=11)
2025-12-29 20:51:16.202 | INFO     | [OP-20251229_205032-0013] NOTIFICATION | Remote: E0:D3:62:D6:EE:A0 | Char: 12340001-0000-1000-8000-00805f9b34fb | Data: 158 bytes | Hex: b4f680bf6e2a4d1fa4b9938568d31e2db4f680bf6e2a4d1fa4b9938568d31e2d02010000000c0000000000000000000000000000000000000000000000000000 | ASCII: ....n*M.....h..-....n*M.....h..-................................ [TRUNCATED]
2025-12-29 20:51:16.203 | DEBUG    | 📦 Pacote recebido via E0:D3:62:D6:EE:A0: b4f680bf... → b4f680bf... (type=HEARTBEAT, seq=12)
2025-12-29 20:51:16.203 | DEBUG    | 💓 Heartbeat recebido: seq=12
2025-12-29 20:51:16.203 | DEBUG    | 💓 Heartbeat recebido (seq=12)
2025-12-29 20:51:21.203 | INFO     | [OP-20251229_205032-0014] NOTIFICATION | Remote: E0:D3:62:D6:EE:A0 | Char: 12340001-0000-1000-8000-00805f9b34fb | Data: 158 bytes | Hex: b4f680bf6e2a4d1fa4b9938568d31e2db4f680bf6e2a4d1fa4b9938568d31e2d02010000000d0000000000000000000000000000000000000000000000000000 | ASCII: ....n*M.....h..-....n*M.....h..-................................ [TRUNCATED]
2025-12-29 20:51:21.204 | DEBUG    | 📦 Pacote recebido via E0:D3:62:D6:EE:A0: b4f680bf... → b4f680bf... (type=HEARTBEAT, seq=13)
2025-12-29 20:51:21.204 | DEBUG    | 💓 Heartbeat recebido: seq=13
2025-12-29 20:51:21.205 | DEBUG    | 💓 Heartbeat recebido (seq=13)
2025-12-29 20:51:26.249 | INFO     | [OP-20251229_205032-0015] NOTIFICATION | Remote: E0:D3:62:D6:EE:A0 | Char: 12340001-0000-1000-8000-00805f9b34fb | Data: 158 bytes | Hex: b4f680bf6e2a4d1fa4b9938568d31e2db4f680bf6e2a4d1fa4b9938568d31e2d02010000000e0000000000000000000000000000000000000000000000000000 | ASCII: ....n*M.....h..-....n*M.....h..-................................ [TRUNCATED]
2025-12-29 20:51:26.250 | DEBUG    | 📦 Pacote recebido via E0:D3:62:D6:EE:A0: b4f680bf... → b4f680bf... (type=HEARTBEAT, seq=14)
2025-12-29 20:51:26.251 | DEBUG    | 💓 Heartbeat recebido: seq=14
2025-12-29 20:51:26.251 | DEBUG    | 💓 Heartbeat recebido (seq=14)
2025-12-29 20:51:31.202 | INFO     | [OP-20251229_205032-0016] NOTIFICATION | Remote: E0:D3:62:D6:EE:A0 | Char: 12340001-0000-1000-8000-00805f9b34fb | Data: 158 bytes | Hex: b4f680bf6e2a4d1fa4b9938568d31e2db4f680bf6e2a4d1fa4b9938568d31e2d02010000000f0000000000000000000000000000000000000000000000000000 | ASCII: ....n*M.....h..-....n*M.....h..-................................ [TRUNCATED]
2025-12-29 20:51:31.204 | DEBUG    | 📦 Pacote recebido via E0:D3:62:D6:EE:A0: b4f680bf... → b4f680bf... (type=HEARTBEAT, seq=15)
2025-12-29 20:51:31.204 | DEBUG    | 💓 Heartbeat recebido: seq=15
2025-12-29 20:51:31.205 | DEBUG    | 💓 Heartbeat recebido (seq=15)
2025-12-29 20:51:32.872 | ERROR    | Erro ao enviar pacote para E0:D3:62:D6:EE:A0: 'LinkManager' object has no attribute 'my_nid'
2025-12-29 20:51:36.204 | INFO     | [OP-20251229_205032-0017] NOTIFICATION | Remote: E0:D3:62:D6:EE:A0 | Char: 12340001-0000-1000-8000-00805f9b34fb | Data: 158 bytes | Hex: b4f680bf6e2a4d1fa4b9938568d31e2db4f680bf6e2a4d1fa4b9938568d31e2d0201000000100000000000000000000000000000000000000000000000000000 | ASCII: ....n*M.....h..-....n*M.....h..-................................ [TRUNCATED]
2025-12-29 20:51:36.206 | DEBUG    | 📦 Pacote recebido via E0:D3:62:D6:EE:A0: b4f680bf... → b4f680bf... (type=HEARTBEAT, seq=16)
2025-12-29 20:51:36.206 | DEBUG    | 💓 Heartbeat recebido: seq=16
2025-12-29 20:51:36.206 | DEBUG    | 💓 Heartbeat recebido (seq=16)
2025-12-29 20:51:41.203 | INFO     | [OP-20251229_205032-0018] NOTIFICATION | Remote: E0:D3:62:D6:EE:A0 | Char: 12340001-0000-1000-8000-00805f9b34fb | Data: 158 bytes | Hex: b4f680bf6e2a4d1fa4b9938568d31e2db4f680bf6e2a4d1fa4b9938568d31e2d0201000000110000000000000000000000000000000000000000000000000000 | ASCII: ....n*M.....h..-....n*M.....h..-................................ [TRUNCATED]
2025-12-29 20:51:41.204 | DEBUG    | 📦 Pacote recebido via E0:D3:62:D6:EE:A0: b4f680bf... → b4f680bf... (type=HEARTBEAT, seq=17)
2025-12-29 20:51:41.205 | DEBUG    | 💓 Heartbeat recebido: seq=17
2025-12-29 20:51:41.205 | DEBUG    | 💓 Heartbeat recebido (seq=17)
2025-12-29 20:51:46.204 | INFO     | [OP-20251229_205032-0019] NOTIFICATION | Remote: E0:D3:62:D6:EE:A0 | Char: 12340001-0000-1000-8000-00805f9b34fb | Data: 158 bytes | Hex: b4f680bf6e2a4d1fa4b9938568d31e2db4f680bf6e2a4d1fa4b9938568d31e2d0201000000120000000000000000000000000000000000000000000000000000 | ASCII: ....n*M.....h..-....n*M.....h..-................................ [TRUNCATED]
2025-12-29 20:51:46.205 | DEBUG    | 📦 Pacote recebido via E0:D3:62:D6:EE:A0: b4f680bf... → b4f680bf... (type=HEARTBEAT, seq=18)
2025-12-29 20:51:46.206 | DEBUG    | 💓 Heartbeat recebido: seq=18
2025-12-29 20:51:46.206 | DEBUG    | 💓 Heartbeat recebido (seq=18)
2025-12-29 20:51:51.250 | INFO     | [OP-20251229_205032-0020] NOTIFICATION | Remote: E0:D3:62:D6:EE:A0 | Char: 12340001-0000-1000-8000-00805f9b34fb | Data: 158 bytes | Hex: b4f680bf6e2a4d1fa4b9938568d31e2db4f680bf6e2a4d1fa4b9938568d31e2d0201000000130000000000000000000000000000000000000000000000000000 | ASCII: ....n*M.....h..-....n*M.....h..-................................ [TRUNCATED]
2025-12-29 20:51:51.251 | DEBUG    | 📦 Pacote recebido via E0:D3:62:D6:EE:A0: b4f680bf... → b4f680bf... (type=HEARTBEAT, seq=19)
2025-12-29 20:51:51.251 | DEBUG    | 💓 Heartbeat recebido: seq=19
2025-12-29 20:51:51.252 | DEBUG    | 💓 Heartbeat recebido (seq=19)
2025-12-29 20:51:51.374 | INFO     | A desconectar do uplink E0:D3:62:D6:EE:A0
2025-12-29 20:51:53.301 | INFO     | Desconectado de E0:D3:62:D6:EE:A0
2025-12-29 20:51:53.302 | INFO     | [OP-20251229_205032-0021] DISCONNECT | Remote: E0:D3:62:D6:EE:A0 | Reason: normal
2025-12-29 20:51:53.302 | WARNING  | ⚠️  Uplink desconectado!
2025-12-29 20:51:53.303 | INFO     | HeartbeatMonitor parado
2025-12-29 20:51:53.304 | INFO     | Uplink removido
2025-12-29 20:51:53.304 | DEBUG    | Vizinho E0:D3:62:D6:EE:A0 marcado como desconectado
2025-12-29 20:52:38.249 | INFO     | A limpar recursos...
2025-12-29 20:52:38.250 | INFO     | ✅ Recursos limpos
