2025-12-28 00:33:53.596 | INFO     | BLE Operation Logger iniciado: ble_operations_A08869B6F7D2_20251228_003353.log
2025-12-28 00:33:53.597 | INFO     | Scanner BLE iniciado: hci0 (A0:88:69:B6:F7:D2)
2025-12-28 00:33:53.597 | INFO     | BLE Client iniciado
2025-12-28 00:33:53.598 | INFO     | BLE Client criado
2025-12-28 00:33:53.598 | INFO     | NeighborDiscovery inicializado: scan_interval=30s, scan_duration=5000ms, timeout=120s
2025-12-28 00:33:53.598 | INFO     | NeighborDiscovery criado
2025-12-28 00:33:53.599 | INFO     | Link Manager iniciado
2025-12-28 00:33:53.599 | INFO     | LinkManager criado
2025-12-28 00:33:57.169 | INFO     | A iniciar scan de vizinhos...
2025-12-28 00:33:57.170 | DEBUG    | A limpar cache de scan BLE...
2025-12-28 00:33:57.378 | DEBUG    | Cache de scan limpo
2025-12-28 00:33:57.379 | INFO     | A fazer scan BLE durante 5000ms...
2025-12-28 00:33:57.380 | INFO     | [OP-20251228_003353-0001] SCAN_START | Duration: 5000ms | Filter_IoT: True
2025-12-28 00:34:02.399 | INFO     | Scan concluído: 0 dispositivos encontrados
2025-12-28 00:34:02.400 | INFO     | [OP-20251228_003353-0002] SCAN_RESULT | Devices_Found: 0
2025-12-28 00:34:02.401 | INFO     | Scan concluído: 0 dispositivos IoT encontrados
2025-12-28 00:34:08.370 | INFO     | A iniciar scan de vizinhos...
2025-12-28 00:34:08.372 | DEBUG    | A limpar cache de scan BLE...
2025-12-28 00:34:08.581 | DEBUG    | Cache de scan limpo
2025-12-28 00:34:08.582 | INFO     | A fazer scan BLE durante 5000ms...
2025-12-28 00:34:08.584 | INFO     | [OP-20251228_003353-0003] SCAN_START | Duration: 5000ms | Filter_IoT: True
2025-12-28 00:34:13.699 | INFO     | Scan concluído: 0 dispositivos encontrados
2025-12-28 00:34:13.700 | INFO     | [OP-20251228_003353-0004] SCAN_RESULT | Devices_Found: 0
2025-12-28 00:34:13.701 | INFO     | Scan concluído: 0 dispositivos IoT encontrados
2025-12-28 00:34:24.122 | INFO     | A iniciar scan de vizinhos...
2025-12-28 00:34:24.124 | DEBUG    | A limpar cache de scan BLE...
2025-12-28 00:34:24.332 | DEBUG    | Cache de scan limpo
2025-12-28 00:34:24.333 | INFO     | A fazer scan BLE durante 5000ms...
2025-12-28 00:34:24.334 | INFO     | [OP-20251228_003353-0005] SCAN_START | Duration: 5000ms | Filter_IoT: True
2025-12-28 00:34:29.352 | DEBUG    |   Encontrado: IoT-Node (E0:D3:62:D6:EE:A0) RSSI: -53 dBm
2025-12-28 00:34:29.352 | INFO     | Scan concluído: 1 dispositivos encontrados
2025-12-28 00:34:29.353 | INFO     | [OP-20251228_003353-0006] SCAN_RESULT | Devices_Found: 1
2025-12-28 00:34:29.354 | DEBUG    | [OP-20251228_003353-0006]   Device_1: Name: IoT-Node | Address: E0:D3:62:D6:EE:A0 | RSSI: -53 dBm | Services: 1
2025-12-28 00:34:29.355 | INFO     | Scan concluído: 1 dispositivos IoT encontrados
2025-12-28 00:34:29.356 | DEBUG    | A conectar a E0:D3:62:D6:EE:A0 para ler DeviceInfo...
2025-12-28 00:34:29.357 | DEBUG    | BLEConnection criada para E0:D3:62:D6:EE:A0
2025-12-28 00:34:29.357 | INFO     | A conectar a E0:D3:62:D6:EE:A0...
2025-12-28 00:34:29.358 | INFO     | [OP-20251228_003353-0007] CONNECT_ATTEMPT | Local: A0:88:69:B6:F7:D2 | Remote: E0:D3:62:D6:EE:A0
2025-12-28 00:34:33.398 | INFO     | ✅ Conectado a E0:D3:62:D6:EE:A0
2025-12-28 00:34:33.400 | INFO     | [OP-20251228_003353-0008] CONNECT_SUCCESS | Remote: E0:D3:62:D6:EE:A0 | Time: 4036.46ms
2025-12-28 00:34:33.401 | DEBUG    | [OP-20251228_003353-0009] READ_REQUEST | Remote: E0:D3:62:D6:EE:A0 | Service: 12340000-0000-1000-8000-00805f9b34fb | Char: 12340002-0000-1000-8000-00805f9b34fb
2025-12-28 00:34:33.914 | DEBUG    | Read 12340002-0000-1000-8000-00805f9b34fb: 18 bytes
2025-12-28 00:34:33.915 | INFO     | [OP-20251228_003353-0010] READ_RESPONSE | Remote: E0:D3:62:D6:EE:A0 | Char: 12340002-0000-1000-8000-00805f9b34fb | Data: 18 bytes | Hex: 84942b133fcd4c19ba44786ee9cb7f360100 | ASCII: ..+.?.L..Dxn...6..
2025-12-28 00:34:33.916 | INFO     | Vizinho descoberto: E0:D3:62:D6:EE:A0 (84942b13...) hop=1 rssi=-53dBm type=node disconnected seen=0.0s ago
2025-12-28 00:34:36.673 | INFO     | Desconectado de E0:D3:62:D6:EE:A0
2025-12-28 00:34:36.677 | INFO     | [OP-20251228_003353-0011] DISCONNECT | Remote: E0:D3:62:D6:EE:A0 | Reason: normal
2025-12-28 00:34:36.680 | INFO     | Novo vizinho adicionado: E0:D3:62:D6:EE:A0
2025-12-28 00:34:53.946 | INFO     | A conectar a vizinho E0:D3:62:D6:EE:A0...
2025-12-28 00:34:53.948 | DEBUG    | BLEConnection criada para E0:D3:62:D6:EE:A0
2025-12-28 00:34:53.949 | INFO     | A conectar a E0:D3:62:D6:EE:A0...
2025-12-28 00:34:53.951 | INFO     | [OP-20251228_003353-0012] CONNECT_ATTEMPT | Local: A0:88:69:B6:F7:D2 | Remote: E0:D3:62:D6:EE:A0
2025-12-28 00:34:56.990 | INFO     | ✅ Conectado a E0:D3:62:D6:EE:A0
2025-12-28 00:34:56.991 | INFO     | [OP-20251228_003353-0013] CONNECT_SUCCESS | Remote: E0:D3:62:D6:EE:A0 | Time: 3034.66ms
2025-12-28 00:34:56.992 | INFO     | Link criado: Link[E0:D3:62:D6:EE:A0] -> NODE NID=84942b13... hop=1 (UPLINK)
2025-12-28 00:34:56.993 | INFO     | ✅ Uplink definido: Link[E0:D3:62:D6:EE:A0] -> NODE NID=84942b13... hop=1
2025-12-28 00:34:56.994 | INFO     | ✅ Conectado a E0:D3:62:D6:EE:A0 e uplink estabelecido
2025-12-28 00:34:56.995 | DEBUG    | Vizinho E0:D3:62:D6:EE:A0 marcado como conectado
2025-12-28 00:35:22.976 | INFO     | A iniciar scan de vizinhos...
2025-12-28 00:35:22.978 | DEBUG    | A limpar cache de scan BLE...
2025-12-28 00:35:23.091 | DEBUG    | Cache de scan limpo
2025-12-28 00:35:23.091 | INFO     | A fazer scan BLE durante 5000ms...
2025-12-28 00:35:23.093 | INFO     | [OP-20251228_003353-0014] SCAN_START | Duration: 5000ms | Filter_IoT: True
2025-12-28 00:35:28.106 | INFO     | Scan concluído: 0 dispositivos encontrados
2025-12-28 00:35:28.108 | INFO     | [OP-20251228_003353-0015] SCAN_RESULT | Devices_Found: 0
2025-12-28 00:35:28.109 | INFO     | Scan concluído: 0 dispositivos IoT encontrados
2025-12-28 00:35:57.080 | INFO     | A desconectar do uplink E0:D3:62:D6:EE:A0
2025-12-28 00:35:59.630 | INFO     | Desconectado de E0:D3:62:D6:EE:A0
2025-12-28 00:35:59.632 | INFO     | [OP-20251228_003353-0016] DISCONNECT | Remote: E0:D3:62:D6:EE:A0 | Reason: normal
2025-12-28 00:35:59.633 | WARNING  | ⚠️  Uplink desconectado!
2025-12-28 00:35:59.634 | INFO     | Uplink removido
2025-12-28 00:35:59.635 | DEBUG    | Vizinho E0:D3:62:D6:EE:A0 marcado como desconectado
