2026-01-02 11:53:04.071 | INFO     | BLE Operation Logger iniciado: ble_operations_A08869B6F7D2_20260102_115304.log
2026-01-02 11:53:04.071 | INFO     | Scanner BLE iniciado: hci0 (A0:88:69:B6:F7:D2)
2026-01-02 11:53:04.072 | INFO     | BLE Client iniciado
2026-01-02 11:53:04.072 | DEBUG    | FragmentReassembler inicializado
2026-01-02 11:53:04.072 | INFO     | IoT Node inicializado (adapter=hci0)
2026-01-02 11:53:04.072 | INFO     | ============================================================
2026-01-02 11:53:04.073 | INFO     |   A iniciar IoT Node (dual-mode)
2026-01-02 11:53:04.073 | INFO     | ============================================================
2026-01-02 11:53:04.074 | INFO     | A configurar GATT Server...
2026-01-02 11:53:04.076 | INFO     | Application criada: /
2026-01-02 11:53:04.076 | INFO     | Service criado: /0 (UUID: 12340000-0000-1000-8000-00805f9b34fb, primary: True)
2026-01-02 11:53:04.077 | INFO     | A criar IoTNetworkService...
2026-01-02 11:53:04.077 | DEBUG    | Characteristic criada: /0/char0 (UUID: 12340001-0000-1000-8000-00805f9b34fb, flags: ['write', 'notify'])
2026-01-02 11:53:04.078 | INFO     | NetworkPacketCharacteristic criada
2026-01-02 11:53:04.078 | DEBUG    | Characteristic criada: /0/char1 (UUID: 12340002-0000-1000-8000-00805f9b34fb, flags: ['read'])
2026-01-02 11:53:04.078 | INFO     | DeviceInfoCharacteristic criada: NID=323b6aad..., type=node
2026-01-02 11:53:04.079 | DEBUG    | Characteristic criada: /0/char2 (UUID: 12340003-0000-1000-8000-00805f9b34fb, flags: ['read', 'notify'])
2026-01-02 11:53:04.079 | INFO     | NeighborTableCharacteristic criada
2026-01-02 11:53:04.079 | DEBUG    | Characteristic criada: /0/char3 (UUID: 12340004-0000-1000-8000-00805f9b34fb, flags: ['write', 'indicate'])
2026-01-02 11:53:04.079 | INFO     | AuthCharacteristic criada
2026-01-02 11:53:04.079 | DEBUG    | Characteristic adicionada a /0: /0/char0
2026-01-02 11:53:04.080 | DEBUG    | Characteristic adicionada a /0: /0/char1
2026-01-02 11:53:04.080 | DEBUG    | Characteristic adicionada a /0: /0/char2
2026-01-02 11:53:04.080 | DEBUG    | Characteristic adicionada a /0: /0/char3
2026-01-02 11:53:04.080 | INFO     | ✅ IoTNetworkService criado com sucesso!
2026-01-02 11:53:04.080 | INFO     | Service adicionado à aplicação: /0
2026-01-02 11:53:04.081 | DEBUG    | Packet callback definido
2026-01-02 11:53:04.081 | DEBUG    | Auth callback definido
2026-01-02 11:53:04.082 | INFO     | Advertisement criado: /org/bluez/iot/advertisement0 (type: peripheral)
2026-01-02 11:53:04.082 | INFO     | ✅ Service UUID adicionado ao advertising: 12340000-0000-1000-8000-00805f9b34fb
2026-01-02 11:53:04.083 | INFO     |    Lista atual de UUIDs: ['12340000-0000-1000-8000-00805f9b34fb']
2026-01-02 11:53:04.084 | DEBUG    | Local name definido: IoT-Node-323b6aad
2026-01-02 11:53:04.084 | DEBUG    | Manufacturer data adicionado: ID=65535
2026-01-02 11:53:04.085 | INFO     | ✅ GATT Server configurado
2026-01-02 11:53:04.085 | INFO     | A iniciar GATT Server...
2026-01-02 11:53:04.089 | INFO     | ✅ GATT Server iniciado em thread separada
2026-01-02 11:53:04.090 | INFO     | ✅ GATT Server ativo - aguardando downlinks
2026-01-02 11:53:04.090 | INFO     | 🔍 A procurar Sink...
2026-01-02 11:53:04.091 | INFO     | A fazer scan BLE durante 5000ms...
2026-01-02 11:53:04.092 | DEBUG    | GetManagedObjects called
2026-01-02 11:53:04.095 | DEBUG    | GetManagedObjects returning 5 objects
2026-01-02 11:53:04.094 | INFO     | [OP-20260102_115304-0001] SCAN_START | Duration: 5000ms | Filter_IoT: True
2026-01-02 11:53:04.244 | INFO     | ✅ GATT application registada!
2026-01-02 11:53:04.245 | DEBUG    | GetAll called on /org/bluez/iot/advertisement0
2026-01-02 11:53:04.245 | INFO     | 📡 Advertising com ServiceUUIDs: ['12340000-0000-1000-8000-00805f9b34fb']
2026-01-02 11:53:04.357 | INFO     | ✅ Advertisement registado!
2026-01-02 11:53:09.360 | DEBUG    |   Encontrado: IoT-Sink-af04ea89 (E0:D3:62:D6:EE:A0) RSSI: -50 dBm
2026-01-02 11:53:09.361 | INFO     | Scan concluído: 1 dispositivos encontrados
2026-01-02 11:53:09.361 | INFO     | [OP-20260102_115304-0002] SCAN_RESULT | Devices_Found: 1
2026-01-02 11:53:09.362 | DEBUG    | [OP-20260102_115304-0002]   Device_1: Name: IoT-Sink-af04ea89 | Address: E0:D3:62:D6:EE:A0 | RSSI: -50 dBm | Services: 1
2026-01-02 11:53:09.362 | INFO     | Encontrados 1 dispositivos IoT
2026-01-02 11:53:09.362 | DEBUG    |   Device: IoT-Sink-af04ea89 (E0:D3:62:D6:EE:A0) RSSI: -50 dBm
2026-01-02 11:53:09.363 | DEBUG    |     Type=0, HopCount=255
2026-01-02 11:53:09.363 | INFO     | ✅ Sink encontrado: IoT-Sink-af04ea89 (E0:D3:62:D6:EE:A0) RSSI: -50 dBm
2026-01-02 11:53:09.364 | INFO     | A conectar ao Sink E0:D3:62:D6:EE:A0...
2026-01-02 11:53:09.364 | DEBUG    | BLEConnection criada para E0:D3:62:D6:EE:A0
2026-01-02 11:53:09.365 | INFO     | A conectar a E0:D3:62:D6:EE:A0...
2026-01-02 11:53:09.365 | INFO     | [OP-20260102_115304-0003] CONNECT_ATTEMPT | Local: A0:88:69:B6:F7:D2 | Remote: E0:D3:62:D6:EE:A0
2026-01-02 11:53:13.367 | INFO     | ✅ Conectado a E0:D3:62:D6:EE:A0
2026-01-02 11:53:13.368 | INFO     | [OP-20260102_115304-0004] CONNECT_SUCCESS | Remote: E0:D3:62:D6:EE:A0 | Time: 4001.04ms
2026-01-02 11:53:13.370 | DEBUG    | ✅ Conexão estabelecida. Operações GATT usarão D-Bus se necessário.
2026-01-02 11:53:13.371 | INFO     | ✅ Conectado ao Sink via GATT
2026-01-02 11:53:13.378 | DEBUG    | Descobertos 4 serviços
2026-01-02 11:53:13.380 | DEBUG    | Serviço 12340000-0000-1000-8000-00805f9b34fb encontrado
2026-01-02 11:53:13.382 | INFO     | ✅ Serviço IoT Network encontrado
2026-01-02 11:53:13.384 | INFO     | A subscrever a notificações...
2026-01-02 11:53:13.853 | INFO     | ✅ Subscrito a notificações: 12340001-0000-1000-8000-00805f9b34fb
2026-01-02 11:53:13.853 | INFO     | [OP-20260102_115304-0005] SUBSCRIBE_SUCCESS | Remote: E0:D3:62:D6:EE:A0 | Char: 12340001-0000-1000-8000-00805f9b34fb
2026-01-02 11:53:13.855 | INFO     | ✅ Subscrito a NETWORK_PACKET
2026-01-02 11:53:13.856 | DEBUG    | [OP-20260102_115304-0006] READ_REQUEST | Remote: E0:D3:62:D6:EE:A0 | Service: 12340000-0000-1000-8000-00805f9b34fb | Char: 12340002-0000-1000-8000-00805f9b34fb
2026-01-02 11:53:13.954 | DEBUG    | Read 12340002-0000-1000-8000-00805f9b34fb: 18 bytes
2026-01-02 11:53:13.954 | INFO     | [OP-20260102_115304-0007] READ_RESPONSE | Remote: E0:D3:62:D6:EE:A0 | Char: 12340002-0000-1000-8000-00805f9b34fb | Data: 18 bytes | Hex: af04ea89a60e42f5b1e940dfed46b83aff01 | ASCII: ......B...@..F.:..
2026-01-02 11:53:13.955 | INFO     | ✅ Conectado ao Sink - hop_count=0
2026-01-02 11:53:13.955 | DEBUG    | Manufacturer data adicionado: ID=65535
2026-01-02 11:53:13.956 | DEBUG    | Advertisement atualizado: hop_count=0
2026-01-02 11:53:13.956 | INFO     | 🔐 A iniciar autenticação com Sink...
2026-01-02 11:53:13.956 | DEBUG    | 📡 A subscrever a AUTH characteristic...
2026-01-02 11:53:14.053 | INFO     | ✅ Subscrito a notificações: 12340004-0000-1000-8000-00805f9b34fb
2026-01-02 11:53:14.053 | INFO     | [OP-20260102_115304-0008] SUBSCRIBE_SUCCESS | Remote: E0:D3:62:D6:EE:A0 | Char: 12340004-0000-1000-8000-00805f9b34fb
2026-01-02 11:53:14.054 | DEBUG    | ✅ Subscrito a AUTH indications
2026-01-02 11:53:14.054 | INFO     | AuthenticationProtocol inicializado para 323b6aad...
2026-01-02 11:53:14.054 | INFO     | 📤 Enviando certificado...
2026-01-02 11:53:14.055 | INFO     | 🔐 Iniciando autenticação - enviando certificado...
2026-01-02 11:53:14.068 | INFO     |    Certificado: 883 bytes
2026-01-02 11:53:14.069 | DEBUG    |    Estado: IDLE → CERT_SENT
2026-01-02 11:53:14.069 | INFO     | Fragmentando mensagem de 886 bytes em 5 fragmentos
2026-01-02 11:53:14.069 | DEBUG    |   Fragmento 1/5: 180 bytes, flags=0x01
2026-01-02 11:53:14.070 | DEBUG    |   Fragmento 2/5: 180 bytes, flags=0x00
2026-01-02 11:53:14.070 | DEBUG    |   Fragmento 3/5: 180 bytes, flags=0x00
2026-01-02 11:53:14.070 | DEBUG    |   Fragmento 4/5: 180 bytes, flags=0x00
2026-01-02 11:53:14.070 | DEBUG    |   Fragmento 5/5: 166 bytes, flags=0x02
2026-01-02 11:53:14.070 | DEBUG    | Enviando mensagem auth: 886 bytes em 5 fragmento(s)
2026-01-02 11:53:14.073 | INFO     | [OP-20260102_115304-0009] WRITE_REQUEST | Remote: E0:D3:62:D6:EE:A0 | Char: 12340004-0000-1000-8000-00805f9b34fb | Data: 183 bytes | Hex: 0100050103732d2d2d2d2d424547494e2043455254494649434154452d2d2d2d2d0a4d4949435944434341634b674177494241674955486636554f3969687439 | ASCII: .....s-----BEGIN CERTIFICATE-----.MIICYDCCAcKgAwIBAgIUHf6UO9iht9 [TRUNCATED]
2026-01-02 11:53:14.202 | DEBUG    | ✅ Write via SimpleBLE: 12340004-0000-1000-8000-00805f9b34fb (183 bytes)
2026-01-02 11:53:14.203 | INFO     | [OP-20260102_115304-0010] WRITE_SUCCESS | Remote: E0:D3:62:D6:EE:A0 | Char: 12340004-0000-1000-8000-00805f9b34fb
2026-01-02 11:53:14.204 | DEBUG    |   Fragmento 1/5 enviado
2026-01-02 11:53:14.305 | INFO     | [OP-20260102_115304-0011] WRITE_REQUEST | Remote: E0:D3:62:D6:EE:A0 | Char: 12340004-0000-1000-8000-00805f9b34fb | Data: 183 bytes | Hex: 0001054d446b6c765643424f5a58523362334a7249454e424d423458445449314d5449794f54497a4e44517a4d6c6f580a44544d314d5449794e7a497a4e4451 | ASCII: ...MDklvVCBOZXR3b3JrIENBMB4XDTI1MTIyOTIzNDQzMloX.DTM1MTIyNzIzNDQ [TRUNCATED]
2026-01-02 11:53:14.452 | DEBUG    | ✅ Write via SimpleBLE: 12340004-0000-1000-8000-00805f9b34fb (183 bytes)
2026-01-02 11:53:14.453 | INFO     | [OP-20260102_115304-0012] WRITE_SUCCESS | Remote: E0:D3:62:D6:EE:A0 | Char: 12340004-0000-1000-8000-00805f9b34fb
2026-01-02 11:53:14.454 | DEBUG    |   Fragmento 2/5 enviado
2026-01-02 11:53:14.557 | INFO     | [OP-20260102_115304-0013] WRITE_REQUEST | Remote: E0:D3:62:D6:EE:A0 | Char: 12340004-0000-1000-8000-00805f9b34fb | Data: 183 bytes | Hex: 000205675a7377454159484b6f5a497a6a3043415159464b34454541434d4467595941424142664245354466352f3950305a36666765433779695630392f510a | ASCII: ...gZswEAYHKoZIzj0CAQYFK4EEACMDgYYABABfBE5Df5/9P0Z6fgeC7yiV09/Q. [TRUNCATED]
2026-01-02 11:53:14.703 | DEBUG    | ✅ Write via SimpleBLE: 12340004-0000-1000-8000-00805f9b34fb (183 bytes)
2026-01-02 11:53:14.703 | INFO     | [OP-20260102_115304-0014] WRITE_SUCCESS | Remote: E0:D3:62:D6:EE:A0 | Char: 12340004-0000-1000-8000-00805f9b34fb
2026-01-02 11:53:14.704 | DEBUG    |   Fragmento 3/5 enviado
2026-01-02 11:53:14.807 | INFO     | [OP-20260102_115304-0015] WRITE_REQUEST | Remote: E0:D3:62:D6:EE:A0 | Char: 12340004-0000-1000-8000-00805f9b34fb | Data: 183 bytes | Hex: 0003056d64736d77766d2b64490a68486d6a76306870486a314f74686b6f7172337052614d344d44597744415944565230544151482f424149774144414f4267 | ASCII: ...mdsmwvm+dI.hHmjv0hpHj1Othkoqr3pRaM4MDYwDAYDVR0TAQH/BAIwADAOBg [TRUNCATED]
2026-01-02 11:53:14.952 | DEBUG    | ✅ Write via SimpleBLE: 12340004-0000-1000-8000-00805f9b34fb (183 bytes)
2026-01-02 11:53:14.953 | INFO     | [OP-20260102_115304-0016] WRITE_SUCCESS | Remote: E0:D3:62:D6:EE:A0 | Char: 12340004-0000-1000-8000-00805f9b34fb
2026-01-02 11:53:14.954 | DEBUG    |   Fragmento 4/5 enviado
2026-01-02 11:53:15.056 | INFO     | [OP-20260102_115304-0017] WRITE_REQUEST | Remote: E0:D3:62:D6:EE:A0 | Char: 12340004-0000-1000-8000-00805f9b34fb | Data: 169 bytes | Hex: 02040538354d77556f4c79796e386b772f3437496f7053317a75452f0a673277354b562f58494c575949335556555768706e7334435153564e44655563397764 | ASCII: ...85MwUoLyyn8kw/47IopS1zuE/.g2w5KV/XILWYI3UVUWhpns4CQSVNDeUc9wd [TRUNCATED]
2026-01-02 11:53:15.203 | DEBUG    | ✅ Write via SimpleBLE: 12340004-0000-1000-8000-00805f9b34fb (169 bytes)
2026-01-02 11:53:15.204 | INFO     | [OP-20260102_115304-0018] WRITE_SUCCESS | Remote: E0:D3:62:D6:EE:A0 | Char: 12340004-0000-1000-8000-00805f9b34fb
2026-01-02 11:53:15.205 | DEBUG    |   Fragmento 5/5 enviado
2026-01-02 11:53:15.206 | INFO     | [OP-20260102_115304-0019] NOTIFICATION | Remote: E0:D3:62:D6:EE:A0 | Char: 12340004-0000-1000-8000-00805f9b34fb | Data: 183 bytes | Hex: 0100060203ac000003882d2d2d2d2d424547494e2043455254494649434154452d2d2d2d2d0a4d494943627a4343416447674177494241674955637a61794137 | ASCII: ..........-----BEGIN CERTIFICATE-----.MIICbzCCAdGgAwIBAgIUczayA7 [TRUNCATED]
2026-01-02 11:53:15.208 | DEBUG    | 🔐 AUTH indication recebida: 183 bytes
2026-01-02 11:53:15.208 | DEBUG    | Fragmento recebido: seq=0, total=6, payload=180 bytes, flags=0x01
2026-01-02 11:53:15.209 | INFO     | Iniciando recepção de 6 fragmentos
2026-01-02 11:53:15.210 | DEBUG    | Fragmento 1/6 armazenado (1 de 6 recebidos)
2026-01-02 11:53:15.210 | DEBUG    | 🔐 Aguardando mais fragmentos AUTH...
2026-01-02 11:53:15.306 | INFO     | [OP-20260102_115304-0020] NOTIFICATION | Remote: E0:D3:62:D6:EE:A0 | Char: 12340004-0000-1000-8000-00805f9b34fb | Data: 183 bytes | Hex: 0001065642414d4d446b6c765643424f5a58523362334a7249454e424d423458445449314d54497a4d4441784d6a67314e566f580a44544d314d5449794f4441 | ASCII: ...VBAMMDklvVCBOZXR3b3JrIENBMB4XDTI1MTIzMDAxMjg1NVoX.DTM1MTIyODA [TRUNCATED]
2026-01-02 11:53:15.307 | DEBUG    | 🔐 AUTH indication recebida: 183 bytes
2026-01-02 11:53:15.308 | DEBUG    | Fragmento recebido: seq=1, total=6, payload=180 bytes, flags=0x00
2026-01-02 11:53:15.308 | DEBUG    | Fragmento 2/6 armazenado (2 de 6 recebidos)
2026-01-02 11:53:15.308 | DEBUG    | 🔐 Aguardando mais fragmentos AUTH...
2026-01-02 11:53:15.310 | DEBUG    | Autenticação round 1/10
2026-01-02 11:53:15.409 | INFO     | [OP-20260102_115304-0021] NOTIFICATION | Remote: E0:D3:62:D6:EE:A0 | Char: 12340004-0000-1000-8000-00805f9b34fb | Data: 183 bytes | Hex: 0002064d3245784454414c42674e564241734d42464e70626d7377675a7377454159484b6f5a497a6a3043415159464b34454541434d4467595941424146636c | ASCII: ...M2ExDTALBgNVBAsMBFNpbmswgZswEAYHKoZIzj0CAQYFK4EEACMDgYYABAFcl [TRUNCATED]
2026-01-02 11:53:15.409 | DEBUG    | 🔐 AUTH indication recebida: 183 bytes
2026-01-02 11:53:15.409 | DEBUG    | Fragmento recebido: seq=2, total=6, payload=180 bytes, flags=0x00
2026-01-02 11:53:15.410 | DEBUG    | Fragmento 3/6 armazenado (3 de 6 recebidos)
2026-01-02 11:53:15.410 | DEBUG    | 🔐 Aguardando mais fragmentos AUTH...
2026-01-02 11:53:15.507 | INFO     | [OP-20260102_115304-0022] NOTIFICATION | Remote: E0:D3:62:D6:EE:A0 | Char: 12340004-0000-1000-8000-00805f9b34fb | Data: 183 bytes | Hex: 0003066f72476e2f714162545a42442f720a4263547470423468635a7a494b78594d383269486d74724b6f504f754b6846564c625031655750704c714d344d44 | ASCII: ...orGn/qAbTZBD/r.BcTtpB4hcZzIKxYM82iHmtrKoPOuKhFVLbP1eWPpLqM4MD [TRUNCATED]
2026-01-02 11:53:15.508 | DEBUG    | 🔐 AUTH indication recebida: 183 bytes
2026-01-02 11:53:15.509 | DEBUG    | Fragmento recebido: seq=3, total=6, payload=180 bytes, flags=0x00
2026-01-02 11:53:15.509 | DEBUG    | Fragmento 4/6 armazenado (4 de 6 recebidos)
2026-01-02 11:53:15.509 | DEBUG    | 🔐 Aguardando mais fragmentos AUTH...
2026-01-02 11:53:15.608 | INFO     | [OP-20260102_115304-0023] NOTIFICATION | Remote: E0:D3:62:D6:EE:A0 | Char: 12340004-0000-1000-8000-00805f9b34fb | Data: 183 bytes | Hex: 0004064d706d5553774731624a48304b52784a504a614a554830782f694c364e0a6c5263765068685a66393737766d44433452333958354f2f44534e31736264 | ASCII: ...MpmUSwG1bJH0KRxJPJaJUH0x/iL6N.lRcvPhhZf977vmDC4R39X5O/DSN1sbd [TRUNCATED]
2026-01-02 11:53:15.609 | DEBUG    | 🔐 AUTH indication recebida: 183 bytes
2026-01-02 11:53:15.609 | DEBUG    | Fragmento recebido: seq=4, total=6, payload=180 bytes, flags=0x00
2026-01-02 11:53:15.609 | DEBUG    | Fragmento 5/6 armazenado (5 de 6 recebidos)
2026-01-02 11:53:15.609 | DEBUG    | 🔐 Aguardando mais fragmentos AUTH...
2026-01-02 11:53:15.705 | INFO     | [OP-20260102_115304-0024] NOTIFICATION | Remote: E0:D3:62:D6:EE:A0 | Char: 12340004-0000-1000-8000-00805f9b34fb | Data: 46 bytes | Hex: 02050649434154452d2d2d2d2d0a35e52120436f99498ae828160332c0cae49b96c20bfb6dcc4f57ec73977a37f4 | ASCII: ...ICATE-----.5.! Co.I..(..2........m.OW.s.z7.
2026-01-02 11:53:15.706 | DEBUG    | 🔐 AUTH indication recebida: 46 bytes
2026-01-02 11:53:15.706 | DEBUG    | Fragmento recebido: seq=5, total=6, payload=43 bytes, flags=0x02
2026-01-02 11:53:15.706 | DEBUG    | Fragmento 6/6 armazenado (6 de 6 recebidos)
2026-01-02 11:53:15.707 | INFO     | ✅ Mensagem reconstruída: 943 bytes (6 fragmentos)
2026-01-02 11:53:15.708 | DEBUG    | FragmentReassembler resetado
2026-01-02 11:53:15.708 | DEBUG    | 🔐 AUTH mensagem completa: 943 bytes
2026-01-02 11:53:15.810 | DEBUG    | Resposta auth lida do buffer: 943 bytes
2026-01-02 11:53:15.811 | DEBUG    | 📨 Recebido: AuthMessage(type=CHALLENGE, payload=940 bytes)
2026-01-02 11:53:15.811 | INFO     | 🎲 Challenge recebido - processando certificado + challenge...
2026-01-02 11:53:15.812 | INFO     | 📜 Extraindo certificado do peer do payload...
2026-01-02 11:53:15.833 | DEBUG    | ✅ Assinatura da CA válida
2026-01-02 11:53:15.833 | DEBUG    | ✅ Certificado válido temporalmente (expira em 2035-12-28 01:28:55+00:00)
2026-01-02 11:53:15.833 | INFO     | ✅ Certificado validado com sucesso
2026-01-02 11:53:15.834 | INFO     | ✅ Certificado do peer validado!
2026-01-02 11:53:15.834 | INFO     |    Peer NID: af04ea89...
2026-01-02 11:53:15.835 | INFO     |    Peer tipo: SINK
2026-01-02 11:53:15.835 | DEBUG    |    Challenge: 35e52120436f99498ae828160332c0ca...
2026-01-02 11:53:15.851 | INFO     | ✍️  Response gerada: 139 bytes
2026-01-02 11:53:15.851 | DEBUG    |    Estado: CHALLENGE_RECEIVED
2026-01-02 11:53:15.851 | DEBUG    | 📤 Enviando resposta (142 bytes)
2026-01-02 11:53:15.851 | DEBUG    | Mensagem pequena (142 bytes), 1 fragmento
2026-01-02 11:53:15.853 | DEBUG    | Enviando mensagem auth: 142 bytes em 1 fragmento(s)
2026-01-02 11:53:15.855 | INFO     | [OP-20260102_115304-0025] WRITE_REQUEST | Remote: E0:D3:62:D6:EE:A0 | Char: 12340004-0000-1000-8000-00805f9b34fb | Data: 145 bytes | Hex: 03000103008b308188024201cec77f87942429e657bf1dc8e6d02bef393a401319de56aa5badf862aaf925feaff49b137e0c3c8d671e5ecbca3441d847da1a86 | ASCII: ......0...B......$).W.....+.9:@...V.[..b..%.....~.<.g.^..4A.G... [TRUNCATED]
2026-01-02 11:53:15.952 | DEBUG    | ✅ Write via SimpleBLE: 12340004-0000-1000-8000-00805f9b34fb (145 bytes)
2026-01-02 11:53:15.953 | INFO     | [OP-20260102_115304-0026] WRITE_SUCCESS | Remote: E0:D3:62:D6:EE:A0 | Char: 12340004-0000-1000-8000-00805f9b34fb
2026-01-02 11:53:15.956 | DEBUG    |   Fragmento 1/1 enviado
2026-01-02 11:53:15.957 | DEBUG    | Autenticação round 2/10
2026-01-02 11:53:15.955 | INFO     | [OP-20260102_115304-0027] NOTIFICATION | Remote: E0:D3:62:D6:EE:A0 | Char: 12340004-0000-1000-8000-00805f9b34fb | Data: 6 bytes | Hex: 030001040000 | ASCII: ......
2026-01-02 11:53:15.958 | DEBUG    | 🔐 AUTH indication recebida: 6 bytes
2026-01-02 11:53:15.959 | DEBUG    | Fragmento recebido: seq=0, total=1, payload=3 bytes, flags=0x03
2026-01-02 11:53:15.960 | INFO     | Iniciando recepção de 1 fragmentos
2026-01-02 11:53:15.960 | DEBUG    | Fragmento 1/1 armazenado (1 de 1 recebidos)
2026-01-02 11:53:15.961 | INFO     | ✅ Mensagem reconstruída: 3 bytes (1 fragmentos)
2026-01-02 11:53:15.962 | DEBUG    | FragmentReassembler resetado
2026-01-02 11:53:15.963 | DEBUG    | 🔐 AUTH mensagem completa: 3 bytes
2026-01-02 11:53:16.457 | DEBUG    | Resposta auth lida do buffer: 3 bytes
2026-01-02 11:53:16.458 | DEBUG    | 📨 Recebido: AuthMessage(type=AUTH_SUCCESS, payload=0 bytes)
2026-01-02 11:53:16.459 | INFO     | ✅ Peer confirmou autenticação bem sucedida!
2026-01-02 11:53:16.460 | INFO     | ✅ Autenticação bem-sucedida!
2026-01-02 11:53:16.498 | DEBUG    | 🔑 Session key derivada: 32 bytes
2026-01-02 11:53:16.499 | INFO     | 🔑 Session key estabelecida
2026-01-02 11:53:16.499 | DEBUG    | ✅ Certificado do Sink armazenado
2026-01-02 11:53:16.499 | INFO     | ============================================================
2026-01-02 11:53:16.500 | INFO     | ✅ Node pronto! Uplink conectado (hop=0)
2026-01-02 11:53:16.500 | INFO     | ============================================================
2026-01-02 11:53:17.354 | INFO     | [OP-20260102_115304-0028] NOTIFICATION | Remote: E0:D3:62:D6:EE:A0 | Char: 12340001-0000-1000-8000-00805f9b34fb | Data: 236 bytes | Hex: af04ea89a60e42f5b1e940dfed46b83aaf04ea89a60e42f5b1e940dfed46b83a02010000003da2c67165d78834fc6a95ee98d735dd421499336b432501693b61 | ASCII: ......B...@..F.:......B...@..F.:.....=..qe..4.j....5.B..3kC%.i;a [TRUNCATED]
2026-01-02 11:53:17.354 | DEBUG    | Novo source af04ea89...: seq=61 (primeiro pacote)
2026-01-02 11:53:17.356 | WARNING  | ❌ Assinatura inválida
2026-01-02 11:53:17.356 | WARNING  | ❌ Assinatura de heartbeat inválida
2026-01-02 11:53:17.356 | ERROR    | ❌ Assinatura de heartbeat inválida!
2026-01-02 11:53:18.340 | INFO     | 
Sinal 15 recebido, a parar...
2026-01-02 11:53:18.341 | INFO     | A parar Node...
2026-01-02 11:53:18.341 | INFO     | A parar GATT Server...
2026-01-02 11:53:18.344 | INFO     | ✅ GATT Server parado
2026-01-02 11:53:20.965 | INFO     | Desconectado de E0:D3:62:D6:EE:A0
2026-01-02 11:53:20.966 | INFO     | [OP-20260102_115304-0029] DISCONNECT | Remote: E0:D3:62:D6:EE:A0 | Reason: normal
2026-01-02 11:53:20.966 | INFO     | ✅ Node parado
2026-01-02 11:53:20.967 | WARNING  | ⚠️  Conexão perdida com Sink
2026-01-02 11:53:20.967 | INFO     | A parar Node...
2026-01-02 11:53:20.968 | INFO     | A parar GATT Server...
2026-01-02 11:53:20.968 | INFO     | ✅ GATT Server parado
2026-01-02 11:53:20.968 | INFO     | ✅ Node parado
