2026-01-04 03:05:57.147 | INFO     | BLE Operation Logger iniciado: ble_operations_5800E366747C_20260104_030557.log
2026-01-04 03:05:57.148 | INFO     | Scanner BLE iniciado: hci0 (58:00:E3:66:74:7C)
2026-01-04 03:05:57.148 | INFO     | BLE Client iniciado
2026-01-04 03:05:57.148 | DEBUG    | FragmentReassembler inicializado
2026-01-04 03:05:57.148 | INFO     | ReplayProtection iniciado (window_size=100)
2026-01-04 03:05:57.148 | INFO     | 🔀 Router Daemon inicializado para NID=a40543fa...
2026-01-04 03:05:57.149 | DEBUG    | ✅ Send callback configurado
2026-01-04 03:05:57.149 | DEBUG    | ✅ Handler registado para MessageType(1)
2026-01-04 03:05:57.149 | DEBUG    | ✅ Handler registado para MessageType(2)
2026-01-04 03:05:57.149 | INFO     | IoT Node inicializado (adapter=hci0)
2026-01-04 03:05:57.149 | INFO     | ✅ Router Daemon integrado
2026-01-04 03:05:57.150 | INFO     | A configurar GATT Server...
2026-01-04 03:05:57.152 | INFO     | Application criada: /
2026-01-04 03:05:57.152 | INFO     | Service criado: /0 (UUID: 12340000-0000-1000-8000-00805f9b34fb, primary: True)
2026-01-04 03:05:57.153 | INFO     | A criar IoTNetworkService...
2026-01-04 03:05:57.153 | DEBUG    | Characteristic criada: /0/char0 (UUID: 12340001-0000-1000-8000-00805f9b34fb, flags: ['write', 'notify'])
2026-01-04 03:05:57.153 | INFO     | NetworkPacketCharacteristic criada
2026-01-04 03:05:57.154 | DEBUG    | Characteristic criada: /0/char1 (UUID: 12340002-0000-1000-8000-00805f9b34fb, flags: ['read'])
2026-01-04 03:05:57.154 | INFO     | DeviceInfoCharacteristic criada: NID=a40543fa..., type=node
2026-01-04 03:05:57.154 | DEBUG    | Characteristic criada: /0/char2 (UUID: 12340003-0000-1000-8000-00805f9b34fb, flags: ['read', 'notify'])
2026-01-04 03:05:57.154 | INFO     | NeighborTableCharacteristic criada
2026-01-04 03:05:57.155 | DEBUG    | Characteristic criada: /0/char3 (UUID: 12340004-0000-1000-8000-00805f9b34fb, flags: ['write', 'indicate'])
2026-01-04 03:05:57.155 | INFO     | AuthCharacteristic criada
2026-01-04 03:05:57.155 | DEBUG    | Characteristic adicionada a /0: /0/char0
2026-01-04 03:05:57.155 | DEBUG    | Characteristic adicionada a /0: /0/char1
2026-01-04 03:05:57.156 | DEBUG    | Characteristic adicionada a /0: /0/char2
2026-01-04 03:05:57.156 | DEBUG    | Characteristic adicionada a /0: /0/char3
2026-01-04 03:05:57.156 | INFO     | ✅ IoTNetworkService criado com sucesso!
2026-01-04 03:05:57.156 | INFO     | Service adicionado à aplicação: /0
2026-01-04 03:05:57.158 | DEBUG    | Packet callback definido
2026-01-04 03:05:57.158 | DEBUG    | Auth callback definido
2026-01-04 03:05:57.159 | INFO     | Advertisement criado: /org/bluez/iot/advertisement0 (type: peripheral)
2026-01-04 03:05:57.159 | INFO     | ✅ Service UUID adicionado ao advertising: 12340000-0000-1000-8000-00805f9b34fb
2026-01-04 03:05:57.159 | INFO     |    Lista atual de UUIDs: ['12340000-0000-1000-8000-00805f9b34fb']
2026-01-04 03:05:57.160 | DEBUG    | Local name definido: IoT-Node-a40543fa
2026-01-04 03:05:57.160 | DEBUG    | Manufacturer data adicionado: ID=65535
2026-01-04 03:05:57.160 | INFO     | ✅ GATT Server configurado
2026-01-04 03:05:57.160 | INFO     | A iniciar GATT Server...
2026-01-04 03:05:57.162 | INFO     | ✅ GATT Server iniciado em thread separada
2026-01-04 03:05:57.163 | INFO     | ✅ Node Device iniciado - CLI interativo pronto
2026-01-04 03:05:57.165 | DEBUG    | GetManagedObjects called
2026-01-04 03:05:57.165 | DEBUG    | GetManagedObjects returning 5 objects
2026-01-04 03:05:57.168 | INFO     | ✅ GATT application registada!
2026-01-04 03:05:57.168 | DEBUG    | GetAll called on /org/bluez/iot/advertisement0
2026-01-04 03:05:57.169 | INFO     | 📡 Advertising com ServiceUUIDs: ['12340000-0000-1000-8000-00805f9b34fb']
2026-01-04 03:05:57.275 | INFO     | ✅ Advertisement registado!
2026-01-04 03:05:59.843 | INFO     | A fazer scan BLE durante 5000ms...
2026-01-04 03:05:59.845 | INFO     | [OP-20260104_030557-0001] SCAN_START | Duration: 5000ms | Filter_IoT: True
2026-01-04 03:06:04.966 | DEBUG    |   Encontrado: Unknown (E0:D3:62:D6:EE:A0) RSSI: -60 dBm
2026-01-04 03:06:04.967 | INFO     | Scan concluído: 1 dispositivos encontrados
2026-01-04 03:06:04.967 | INFO     | [OP-20260104_030557-0002] SCAN_RESULT | Devices_Found: 1
2026-01-04 03:06:04.968 | DEBUG    | [OP-20260104_030557-0002]   Device_1: Name: Unknown | Address: E0:D3:62:D6:EE:A0 | RSSI: -60 dBm | Services: 1
2026-01-04 03:06:04.968 | INFO     | A fazer scan BLE durante 5000ms...
2026-01-04 03:06:04.969 | INFO     | [OP-20260104_030557-0003] SCAN_START | Duration: 5000ms | Filter_IoT: True
2026-01-04 03:06:09.986 | DEBUG    |   Encontrado: Unknown (E0:D3:62:D7:47:03) RSSI: -60 dBm
2026-01-04 03:06:09.987 | INFO     | Scan concluído: 1 dispositivos encontrados
2026-01-04 03:06:09.988 | INFO     | [OP-20260104_030557-0004] SCAN_RESULT | Devices_Found: 1
2026-01-04 03:06:09.990 | DEBUG    | [OP-20260104_030557-0004]   Device_1: Name: Unknown | Address: E0:D3:62:D7:47:03 | RSSI: -60 dBm | Services: 1
2026-01-04 03:06:29.448 | INFO     | A conectar ao Sink E0:D3:62:D7:47:03...
2026-01-04 03:06:29.450 | DEBUG    | BLEConnection criada para E0:D3:62:D7:47:03
2026-01-04 03:06:29.451 | INFO     | A conectar a E0:D3:62:D7:47:03...
2026-01-04 03:06:29.452 | INFO     | [OP-20260104_030557-0005] CONNECT_ATTEMPT | Local: 58:00:E3:66:74:7C | Remote: E0:D3:62:D7:47:03
2026-01-04 03:06:41.935 | ERROR    | Erro ao conectar a E0:D3:62:D7:47:03: The requested operation has failed.
2026-01-04 03:06:41.936 | ERROR    | [OP-20260104_030557-0006] CONNECT_FAILED | Remote: E0:D3:62:D7:47:03 | Error: The requested operation has failed.
2026-01-04 03:06:41.938 | DEBUG    | Conexão falhou, tentando refresh do cache e retry...
2026-01-04 03:06:43.951 | ERROR    | Falha ao conectar a E0:D3:62:D7:47:03 após todas as tentativas
2026-01-04 03:06:43.952 | ERROR    | ❌ Falha ao conectar ao Sink
2026-01-04 03:06:53.654 | INFO     | A parar Node...
2026-01-04 03:06:53.655 | INFO     | A parar GATT Server...
2026-01-04 03:06:53.659 | INFO     | ✅ GATT Server parado
2026-01-04 03:06:53.661 | INFO     | ✅ Node parado
