2025-12-29 16:11:04.456 | INFO     | BLE Operation Logger iniciado: ble_operations_A08869B6F7D2_20251229_161104.log
2025-12-29 16:11:04.457 | INFO     | Scanner BLE iniciado: hci0 (A0:88:69:B6:F7:D2)
2025-12-29 16:11:04.457 | INFO     | BLE Client iniciado
2025-12-29 16:11:04.457 | INFO     | BLE Client criado
2025-12-29 16:11:04.458 | INFO     | NeighborDiscovery inicializado: scan_interval=30s, scan_duration=5000ms, timeout=120s
2025-12-29 16:11:04.458 | INFO     | NeighborDiscovery criado
2025-12-29 16:11:04.458 | INFO     | Link Manager iniciado
2025-12-29 16:11:04.459 | INFO     | LinkManager criado
2025-12-29 16:11:06.431 | INFO     | A iniciar scan de vizinhos...
2025-12-29 16:11:06.432 | DEBUG    | A limpar cache de scan BLE...
2025-12-29 16:11:06.542 | DEBUG    | Cache de scan limpo
2025-12-29 16:11:06.542 | INFO     | A fazer scan BLE durante 5000ms...
2025-12-29 16:11:06.543 | INFO     | [OP-20251229_161104-0001] SCAN_START | Duration: 5000ms | Filter_IoT: True
2025-12-29 16:11:11.555 | INFO     | Scan concluído: 0 dispositivos encontrados
2025-12-29 16:11:11.556 | INFO     | [OP-20251229_161104-0002] SCAN_RESULT | Devices_Found: 0
2025-12-29 16:11:11.557 | INFO     | Scan concluído: 0 dispositivos IoT encontrados
2025-12-29 16:11:13.773 | INFO     | A iniciar scan de vizinhos...
2025-12-29 16:11:13.774 | DEBUG    | A limpar cache de scan BLE...
2025-12-29 16:11:13.905 | DEBUG    | Cache de scan limpo
2025-12-29 16:11:13.906 | INFO     | A fazer scan BLE durante 5000ms...
2025-12-29 16:11:13.907 | INFO     | [OP-20251229_161104-0003] SCAN_START | Duration: 5000ms | Filter_IoT: True
2025-12-29 16:11:18.926 | INFO     | Scan concluído: 0 dispositivos encontrados
2025-12-29 16:11:18.927 | INFO     | [OP-20251229_161104-0004] SCAN_RESULT | Devices_Found: 0
2025-12-29 16:11:18.929 | INFO     | Scan concluído: 0 dispositivos IoT encontrados
2025-12-29 16:11:21.202 | INFO     | A iniciar scan de vizinhos...
2025-12-29 16:11:21.203 | DEBUG    | A limpar cache de scan BLE...
2025-12-29 16:11:21.313 | DEBUG    | Cache de scan limpo
2025-12-29 16:11:21.313 | INFO     | A fazer scan BLE durante 5000ms...
2025-12-29 16:11:21.315 | INFO     | [OP-20251229_161104-0005] SCAN_START | Duration: 5000ms | Filter_IoT: True
2025-12-29 16:11:26.331 | INFO     | Scan concluído: 0 dispositivos encontrados
2025-12-29 16:11:26.332 | INFO     | [OP-20251229_161104-0006] SCAN_RESULT | Devices_Found: 0
2025-12-29 16:11:26.333 | INFO     | Scan concluído: 0 dispositivos IoT encontrados
2025-12-29 16:11:53.523 | INFO     | A iniciar scan de vizinhos...
2025-12-29 16:11:53.525 | DEBUG    | A limpar cache de scan BLE...
2025-12-29 16:11:53.655 | DEBUG    | Cache de scan limpo
2025-12-29 16:11:53.656 | INFO     | A fazer scan BLE durante 5000ms...
2025-12-29 16:11:53.659 | INFO     | [OP-20251229_161104-0007] SCAN_START | Duration: 5000ms | Filter_IoT: True
2025-12-29 16:11:58.680 | DEBUG    |   Encontrado: IoT-Node (E0:D3:62:D6:EE:A0) RSSI: -51 dBm
2025-12-29 16:11:58.682 | INFO     | Scan concluído: 1 dispositivos encontrados
2025-12-29 16:11:58.683 | INFO     | [OP-20251229_161104-0008] SCAN_RESULT | Devices_Found: 1
2025-12-29 16:11:58.684 | DEBUG    | [OP-20251229_161104-0008]   Device_1: Name: IoT-Node | Address: E0:D3:62:D6:EE:A0 | RSSI: -51 dBm | Services: 4
2025-12-29 16:11:58.685 | INFO     | Scan concluído: 1 dispositivos IoT encontrados
2025-12-29 16:11:58.687 | DEBUG    | A conectar a E0:D3:62:D6:EE:A0 para ler DeviceInfo...
2025-12-29 16:11:58.692 | DEBUG    | BLEConnection criada para E0:D3:62:D6:EE:A0
2025-12-29 16:11:58.693 | INFO     | A conectar a E0:D3:62:D6:EE:A0...
2025-12-29 16:11:58.695 | INFO     | [OP-20251229_161104-0009] CONNECT_ATTEMPT | Local: A0:88:69:B6:F7:D2 | Remote: E0:D3:62:D6:EE:A0
2025-12-29 16:11:58.705 | INFO     | ✅ Conectado a E0:D3:62:D6:EE:A0
2025-12-29 16:11:58.707 | INFO     | [OP-20251229_161104-0010] CONNECT_SUCCESS | Remote: E0:D3:62:D6:EE:A0 | Time: 6.86ms
2025-12-29 16:11:58.708 | DEBUG    | ✅ Conexão estabelecida. Operações GATT usarão D-Bus se necessário.
2025-12-29 16:11:58.709 | DEBUG    | [OP-20251229_161104-0011] READ_REQUEST | Remote: E0:D3:62:D6:EE:A0 | Service: 12340000-0000-1000-8000-00805f9b34fb | Char: 12340002-0000-1000-8000-00805f9b34fb
2025-12-29 16:11:58.776 | DEBUG    | Read 12340002-0000-1000-8000-00805f9b34fb: 18 bytes
2025-12-29 16:11:58.776 | INFO     | [OP-20251229_161104-0012] READ_RESPONSE | Remote: E0:D3:62:D6:EE:A0 | Char: 12340002-0000-1000-8000-00805f9b34fb | Data: 18 bytes | Hex: a8a0f2cf1fb849f28e8e9bdc44d95ca90100 | ASCII: ......I.....D.\...
2025-12-29 16:11:58.777 | INFO     | Vizinho descoberto: E0:D3:62:D6:EE:A0 (a8a0f2cf...) hop=1 rssi=-51dBm type=node disconnected seen=0.0s ago
2025-12-29 16:12:01.035 | INFO     | Desconectado de E0:D3:62:D6:EE:A0
2025-12-29 16:12:01.036 | INFO     | [OP-20251229_161104-0013] DISCONNECT | Remote: E0:D3:62:D6:EE:A0 | Reason: normal
2025-12-29 16:12:01.038 | INFO     | Novo vizinho adicionado: E0:D3:62:D6:EE:A0
2025-12-29 16:12:39.830 | INFO     | A conectar a vizinho E0:D3:62:D6:EE:A0...
2025-12-29 16:12:39.832 | DEBUG    | BLEConnection criada para E0:D3:62:D6:EE:A0
2025-12-29 16:12:39.832 | INFO     | A conectar a E0:D3:62:D6:EE:A0...
2025-12-29 16:12:39.834 | INFO     | [OP-20251229_161104-0014] CONNECT_ATTEMPT | Local: A0:88:69:B6:F7:D2 | Remote: E0:D3:62:D6:EE:A0
2025-12-29 16:12:39.842 | ERROR    | Erro ao conectar a E0:D3:62:D6:EE:A0: The requested operation has failed.
2025-12-29 16:12:39.843 | ERROR    | [OP-20251229_161104-0015] CONNECT_FAILED | Remote: E0:D3:62:D6:EE:A0 | Error: The requested operation has failed.
2025-12-29 16:12:39.844 | ERROR    | Falha ao conectar a E0:D3:62:D6:EE:A0
2025-12-29 16:13:01.017 | INFO     | A conectar a vizinho E0:D3:62:D6:EE:A0...
2025-12-29 16:13:01.018 | DEBUG    | BLEConnection criada para E0:D3:62:D6:EE:A0
2025-12-29 16:13:01.019 | INFO     | A conectar a E0:D3:62:D6:EE:A0...
2025-12-29 16:13:01.020 | INFO     | [OP-20251229_161104-0016] CONNECT_ATTEMPT | Local: A0:88:69:B6:F7:D2 | Remote: E0:D3:62:D6:EE:A0
2025-12-29 16:13:01.027 | ERROR    | Erro ao conectar a E0:D3:62:D6:EE:A0: The requested operation has failed.
2025-12-29 16:13:01.029 | ERROR    | [OP-20251229_161104-0017] CONNECT_FAILED | Remote: E0:D3:62:D6:EE:A0 | Error: The requested operation has failed.
2025-12-29 16:13:01.030 | ERROR    | Falha ao conectar a E0:D3:62:D6:EE:A0
2025-12-29 16:13:10.729 | INFO     | A iniciar scan de vizinhos...
2025-12-29 16:13:10.731 | DEBUG    | A limpar cache de scan BLE...
2025-12-29 16:13:10.938 | DEBUG    | Cache de scan limpo
2025-12-29 16:13:10.939 | INFO     | A fazer scan BLE durante 5000ms...
2025-12-29 16:13:10.941 | INFO     | [OP-20251229_161104-0018] SCAN_START | Duration: 5000ms | Filter_IoT: True
2025-12-29 16:13:16.058 | INFO     | Scan concluído: 0 dispositivos encontrados
2025-12-29 16:13:16.059 | INFO     | [OP-20251229_161104-0019] SCAN_RESULT | Devices_Found: 0
2025-12-29 16:13:16.060 | INFO     | Scan concluído: 0 dispositivos IoT encontrados
2025-12-29 16:13:19.109 | INFO     | A iniciar scan de vizinhos...
2025-12-29 16:13:19.110 | DEBUG    | A limpar cache de scan BLE...
2025-12-29 16:13:19.318 | DEBUG    | Cache de scan limpo
2025-12-29 16:13:19.319 | INFO     | A fazer scan BLE durante 5000ms...
2025-12-29 16:13:19.320 | INFO     | [OP-20251229_161104-0020] SCAN_START | Duration: 5000ms | Filter_IoT: True
2025-12-29 16:13:24.435 | INFO     | Scan concluído: 0 dispositivos encontrados
2025-12-29 16:13:24.436 | INFO     | [OP-20251229_161104-0021] SCAN_RESULT | Devices_Found: 0
2025-12-29 16:13:24.437 | INFO     | Scan concluído: 0 dispositivos IoT encontrados
2025-12-29 16:13:27.497 | INFO     | A iniciar scan de vizinhos...
2025-12-29 16:13:27.498 | DEBUG    | A limpar cache de scan BLE...
2025-12-29 16:13:27.703 | DEBUG    | Cache de scan limpo
2025-12-29 16:13:27.704 | INFO     | A fazer scan BLE durante 5000ms...
2025-12-29 16:13:27.706 | INFO     | [OP-20251229_161104-0022] SCAN_START | Duration: 5000ms | Filter_IoT: True
2025-12-29 16:13:32.722 | INFO     | Scan concluído: 0 dispositivos encontrados
2025-12-29 16:13:32.722 | INFO     | [OP-20251229_161104-0023] SCAN_RESULT | Devices_Found: 0
2025-12-29 16:13:32.724 | INFO     | Scan concluído: 0 dispositivos IoT encontrados
