2025-12-27 19:28:14.420 | INFO     | BLE Operation Logger iniciado: ble_operations_A08869B6F7D2_20251227_192814.log
2025-12-27 19:28:14.421 | INFO     | Scanner BLE iniciado: hci0 (A0:88:69:B6:F7:D2)
2025-12-27 19:28:14.422 | INFO     | BLE Client iniciado
2025-12-27 19:28:14.422 | INFO     | 🔍 A fazer scan de dispositivos IoT...
2025-12-27 19:28:14.422 | INFO     |    (aguarda 5 segundos)
2025-12-27 19:28:14.423 | INFO     | 
2025-12-27 19:28:14.424 | INFO     | A fazer scan BLE durante 5000ms...
2025-12-27 19:28:14.425 | INFO     | [OP-20251227_192814-0001] SCAN_START | Duration: 5000ms | Filter_IoT: True
2025-12-27 19:28:19.441 | DEBUG    |   Encontrado: IoT-Node (E0:D3:62:D6:EE:A0) RSSI: -58 dBm
2025-12-27 19:28:19.442 | INFO     | Scan concluído: 1 dispositivos encontrados
2025-12-27 19:28:19.442 | INFO     | [OP-20251227_192814-0002] SCAN_RESULT | Devices_Found: 1
2025-12-27 19:28:19.443 | DEBUG    | [OP-20251227_192814-0002]   Device_1: Name: IoT-Node | Address: E0:D3:62:D6:EE:A0 | RSSI: -58 dBm | Services: 4
2025-12-27 19:28:19.443 | INFO     | ✅ Encontrados 1 dispositivos IoT:
2025-12-27 19:28:19.443 | INFO     | 
2025-12-27 19:28:19.444 | INFO     |   1. IoT-Node (E0:D3:62:D6:EE:A0) RSSI: -58 dBm
2025-12-27 19:28:19.444 | INFO     |      Address: E0:D3:62:D6:EE:A0
2025-12-27 19:28:19.444 | INFO     |      RSSI: -58 dBm
2025-12-27 19:28:19.444 | INFO     |      Services: 4
2025-12-27 19:28:19.445 | INFO     | 
2025-12-27 19:28:19.445 | INFO     | ============================================================
2025-12-27 19:28:19.445 | INFO     | 🔗 A conectar ao primeiro dispositivo: E0:D3:62:D6:EE:A0
2025-12-27 19:28:19.445 | INFO     | ============================================================
2025-12-27 19:28:19.446 | INFO     | 
2025-12-27 19:28:19.446 | ERROR    | Dispositivo E0:D3:62:D6:EE:A0 não encontrado
2025-12-27 19:28:19.446 | ERROR    | ❌ Falha ao conectar
