2025-12-29 20:36:34.941 | INFO     | BLE Operation Logger iniciado: ble_operations_A08869B6F7D2_20251229_203634.log
2025-12-29 20:36:34.942 | INFO     | Scanner BLE iniciado: hci0 (A0:88:69:B6:F7:D2)
2025-12-29 20:36:34.942 | INFO     | BLE Client iniciado
2025-12-29 20:36:34.943 | INFO     | BLE Client criado
2025-12-29 20:36:34.943 | INFO     | NeighborDiscovery inicializado: scan_interval=30s, scan_duration=5000ms, timeout=120s
2025-12-29 20:36:34.944 | INFO     | NeighborDiscovery criado
2025-12-29 20:36:34.944 | INFO     | Link Manager iniciado
2025-12-29 20:36:34.945 | INFO     | LinkManager criado
2025-12-29 20:36:46.022 | INFO     | A iniciar scan de vizinhos...
2025-12-29 20:36:46.024 | DEBUG    | A limpar cache de scan BLE...
2025-12-29 20:36:46.230 | DEBUG    | Cache de scan limpo
2025-12-29 20:36:46.231 | INFO     | A fazer scan BLE durante 5000ms...
2025-12-29 20:36:46.232 | INFO     | [OP-20251229_203634-0001] SCAN_START | Duration: 5000ms | Filter_IoT: True
2025-12-29 20:36:51.250 | INFO     | Scan concluído: 0 dispositivos encontrados
2025-12-29 20:36:51.251 | INFO     | [OP-20251229_203634-0002] SCAN_RESULT | Devices_Found: 0
2025-12-29 20:36:51.253 | INFO     | Scan concluído: 0 dispositivos IoT encontrados
2025-12-29 20:36:53.645 | INFO     | A iniciar scan de vizinhos...
2025-12-29 20:36:53.647 | DEBUG    | A limpar cache de scan BLE...
2025-12-29 20:36:53.871 | DEBUG    | Cache de scan limpo
2025-12-29 20:36:53.872 | INFO     | A fazer scan BLE durante 5000ms...
2025-12-29 20:36:53.874 | INFO     | [OP-20251229_203634-0003] SCAN_START | Duration: 5000ms | Filter_IoT: True
2025-12-29 20:36:58.988 | DEBUG    |   Encontrado: IoT-Node (E0:D3:62:D6:EE:A0) RSSI: -49 dBm
2025-12-29 20:36:58.989 | INFO     | Scan concluído: 1 dispositivos encontrados
2025-12-29 20:36:58.990 | INFO     | [OP-20251229_203634-0004] SCAN_RESULT | Devices_Found: 1
2025-12-29 20:36:58.991 | DEBUG    | [OP-20251229_203634-0004]   Device_1: Name: IoT-Node | Address: E0:D3:62:D6:EE:A0 | RSSI: -49 dBm | Services: 1
2025-12-29 20:36:58.992 | INFO     | Scan concluído: 1 dispositivos IoT encontrados
2025-12-29 20:36:58.995 | DEBUG    | A conectar a E0:D3:62:D6:EE:A0 para ler DeviceInfo...
2025-12-29 20:36:58.999 | DEBUG    | BLEConnection criada para E0:D3:62:D6:EE:A0
2025-12-29 20:36:59.000 | INFO     | A conectar a E0:D3:62:D6:EE:A0...
2025-12-29 20:36:59.001 | INFO     | [OP-20251229_203634-0005] CONNECT_ATTEMPT | Local: A0:88:69:B6:F7:D2 | Remote: E0:D3:62:D6:EE:A0
2025-12-29 20:37:04.413 | INFO     | ✅ Conectado a E0:D3:62:D6:EE:A0
2025-12-29 20:37:04.414 | INFO     | [OP-20251229_203634-0006] CONNECT_SUCCESS | Remote: E0:D3:62:D6:EE:A0 | Time: 5407.90ms
2025-12-29 20:37:04.415 | DEBUG    | ✅ Conexão estabelecida. Operações GATT usarão D-Bus se necessário.
2025-12-29 20:37:04.416 | DEBUG    | [OP-20251229_203634-0007] READ_REQUEST | Remote: E0:D3:62:D6:EE:A0 | Service: 12340000-0000-1000-8000-00805f9b34fb | Char: 12340002-0000-1000-8000-00805f9b34fb
2025-12-29 20:37:04.929 | DEBUG    | Read 12340002-0000-1000-8000-00805f9b34fb: 18 bytes
2025-12-29 20:37:04.930 | INFO     | [OP-20251229_203634-0008] READ_RESPONSE | Remote: E0:D3:62:D6:EE:A0 | Char: 12340002-0000-1000-8000-00805f9b34fb | Data: 18 bytes | Hex: 75c7b6697e254237a36556d1887f954f0100 | ASCII: u..i~%B7.eV....O..
2025-12-29 20:37:04.932 | INFO     | Vizinho descoberto: E0:D3:62:D6:EE:A0 (75c7b669...) hop=1 rssi=-49dBm type=node disconnected seen=0.0s ago
2025-12-29 20:37:07.288 | INFO     | Desconectado de E0:D3:62:D6:EE:A0
2025-12-29 20:37:07.290 | INFO     | [OP-20251229_203634-0009] DISCONNECT | Remote: E0:D3:62:D6:EE:A0 | Reason: normal
2025-12-29 20:37:07.291 | INFO     | Novo vizinho adicionado: E0:D3:62:D6:EE:A0
2025-12-29 20:37:21.198 | INFO     | A conectar a vizinho E0:D3:62:D6:EE:A0...
2025-12-29 20:37:21.200 | DEBUG    | BLEConnection criada para E0:D3:62:D6:EE:A0
2025-12-29 20:37:21.201 | INFO     | A conectar a E0:D3:62:D6:EE:A0...
2025-12-29 20:37:21.202 | INFO     | [OP-20251229_203634-0010] CONNECT_ATTEMPT | Local: A0:88:69:B6:F7:D2 | Remote: E0:D3:62:D6:EE:A0
2025-12-29 20:37:23.968 | INFO     | ✅ Conectado a E0:D3:62:D6:EE:A0
2025-12-29 20:37:23.969 | INFO     | [OP-20251229_203634-0011] CONNECT_SUCCESS | Remote: E0:D3:62:D6:EE:A0 | Time: 2761.97ms
2025-12-29 20:37:23.970 | DEBUG    | ✅ Conexão estabelecida. Operações GATT usarão D-Bus se necessário.
2025-12-29 20:37:23.970 | INFO     | Link criado: Link[E0:D3:62:D6:EE:A0] -> NODE NID=75c7b669... hop=1 (UPLINK)
2025-12-29 20:37:23.971 | INFO     | ✅ Uplink definido: Link[E0:D3:62:D6:EE:A0] -> NODE NID=75c7b669... hop=1
2025-12-29 20:37:23.972 | DEBUG    | HeartbeatMonitor criado: interval=5.0s, max_missed=3
2025-12-29 20:37:24.179 | INFO     | ✅ Subscrito a notificações: 12340001-0000-1000-8000-00805f9b34fb
2025-12-29 20:37:24.181 | INFO     | [OP-20251229_203634-0012] SUBSCRIBE_SUCCESS | Remote: E0:D3:62:D6:EE:A0 | Char: 12340001-0000-1000-8000-00805f9b34fb
2025-12-29 20:37:24.183 | INFO     | 💓 HeartbeatMonitor iniciado: verificação a cada 5.0s, timeout após 3 misses
2025-12-29 20:37:24.183 | INFO     | 💓 Monitoramento de heartbeat iniciado
2025-12-29 20:37:24.184 | INFO     | ✅ Conectado a E0:D3:62:D6:EE:A0 e uplink estabelecido
2025-12-29 20:37:24.184 | DEBUG    | Vizinho E0:D3:62:D6:EE:A0 marcado como conectado
2025-12-29 20:37:27.184 | INFO     | [OP-20251229_203634-0013] NOTIFICATION | Remote: E0:D3:62:D6:EE:A0 | Char: 12340001-0000-1000-8000-00805f9b34fb | Data: 158 bytes | Hex: 75c7b6697e254237a36556d1887f954f75c7b6697e254237a36556d1887f954f02010000002d0000000000000000000000000000000000000000000000000000 | ASCII: u..i~%B7.eV....Ou..i~%B7.eV....O.....-.......................... [TRUNCATED]
2025-12-29 20:37:27.185 | ERROR    | Erro ao processar pacote recebido: 'int' object has no attribute 'name'
2025-12-29 20:37:29.183 | WARNING  | ⚠️  Heartbeat perdido! Contador: 1/3 (último há 5.0s)
2025-12-29 20:37:32.185 | INFO     | [OP-20251229_203634-0014] NOTIFICATION | Remote: E0:D3:62:D6:EE:A0 | Char: 12340001-0000-1000-8000-00805f9b34fb | Data: 158 bytes | Hex: 75c7b6697e254237a36556d1887f954f75c7b6697e254237a36556d1887f954f02010000002e0000000000000000000000000000000000000000000000000000 | ASCII: u..i~%B7.eV....Ou..i~%B7.eV....O................................ [TRUNCATED]
2025-12-29 20:37:32.186 | ERROR    | Erro ao processar pacote recebido: 'int' object has no attribute 'name'
2025-12-29 20:37:34.184 | WARNING  | ⚠️  Heartbeat perdido! Contador: 2/3 (último há 10.0s)
2025-12-29 20:37:37.183 | INFO     | [OP-20251229_203634-0015] NOTIFICATION | Remote: E0:D3:62:D6:EE:A0 | Char: 12340001-0000-1000-8000-00805f9b34fb | Data: 158 bytes | Hex: 75c7b6697e254237a36556d1887f954f75c7b6697e254237a36556d1887f954f02010000002f0000000000000000000000000000000000000000000000000000 | ASCII: u..i~%B7.eV....Ou..i~%B7.eV....O...../.......................... [TRUNCATED]
2025-12-29 20:37:37.184 | ERROR    | Erro ao processar pacote recebido: 'int' object has no attribute 'name'
2025-12-29 20:37:39.185 | WARNING  | ⚠️  Heartbeat perdido! Contador: 3/3 (último há 15.0s)
2025-12-29 20:37:39.186 | ERROR    | ❌ TIMEOUT DE HEARTBEAT! Perdidos 3 heartbeats consecutivos
2025-12-29 20:37:39.187 | ERROR    | 💔 TIMEOUT DE HEARTBEAT DETETADO!
2025-12-29 20:37:39.189 | ERROR    |    Ações: desconectar uplink + todos os downlinks
2025-12-29 20:37:39.191 | INFO     |    A desconectar uplink: E0:D3:62:D6:EE:A0
2025-12-29 20:37:41.289 | INFO     | Desconectado de E0:D3:62:D6:EE:A0
2025-12-29 20:37:41.291 | INFO     | [OP-20251229_203634-0016] DISCONNECT | Remote: E0:D3:62:D6:EE:A0 | Reason: normal
2025-12-29 20:37:41.292 | WARNING  | ⚠️  Uplink desconectado!
2025-12-29 20:37:41.293 | INFO     | HeartbeatMonitor parado
2025-12-29 20:37:41.296 | WARNING  | ⚠️  Todos os links desconectados devido a timeout de heartbeat
2025-12-29 20:37:41.298 | INFO     |    TODO: Procurar novo uplink automaticamente
2025-12-29 20:37:46.666 | INFO     | A limpar recursos...
2025-12-29 20:37:46.667 | INFO     | ✅ Recursos limpos
