2026-01-03 21:56:42.114 | INFO     | BLE Operation Logger iniciado: ble_operations_5800E366747C_20260103_215642.log
2026-01-03 21:56:42.115 | INFO     | Scanner BLE iniciado: hci0 (58:00:E3:66:74:7C)
2026-01-03 21:56:42.115 | INFO     | BLE Client iniciado
2026-01-03 21:56:42.115 | DEBUG    | FragmentReassembler inicializado
2026-01-03 21:56:42.116 | INFO     | ReplayProtection iniciado (window_size=100)
2026-01-03 21:56:42.116 | INFO     | 🔀 Router Daemon inicializado para NID=74383752...
2026-01-03 21:56:42.117 | DEBUG    | ✅ Send callback configurado
2026-01-03 21:56:42.117 | DEBUG    | ✅ Handler registado para MessageType(1)
2026-01-03 21:56:42.118 | DEBUG    | ✅ Handler registado para MessageType(2)
2026-01-03 21:56:42.118 | INFO     | IoT Node inicializado (adapter=hci0)
2026-01-03 21:56:42.119 | INFO     | ✅ Router Daemon integrado
2026-01-03 21:56:42.119 | INFO     | A configurar GATT Server...
2026-01-03 21:56:42.121 | INFO     | Application criada: /
2026-01-03 21:56:42.121 | INFO     | Service criado: /0 (UUID: 12340000-0000-1000-8000-00805f9b34fb, primary: True)
2026-01-03 21:56:42.122 | INFO     | A criar IoTNetworkService...
2026-01-03 21:56:42.123 | DEBUG    | Characteristic criada: /0/char0 (UUID: 12340001-0000-1000-8000-00805f9b34fb, flags: ['write', 'notify'])
2026-01-03 21:56:42.124 | INFO     | NetworkPacketCharacteristic criada
2026-01-03 21:56:42.124 | DEBUG    | Characteristic criada: /0/char1 (UUID: 12340002-0000-1000-8000-00805f9b34fb, flags: ['read'])
2026-01-03 21:56:42.124 | INFO     | DeviceInfoCharacteristic criada: NID=74383752..., type=node
2026-01-03 21:56:42.125 | DEBUG    | Characteristic criada: /0/char2 (UUID: 12340003-0000-1000-8000-00805f9b34fb, flags: ['read', 'notify'])
2026-01-03 21:56:42.125 | INFO     | NeighborTableCharacteristic criada
2026-01-03 21:56:42.126 | DEBUG    | Characteristic criada: /0/char3 (UUID: 12340004-0000-1000-8000-00805f9b34fb, flags: ['write', 'indicate'])
2026-01-03 21:56:42.126 | INFO     | AuthCharacteristic criada
2026-01-03 21:56:42.127 | DEBUG    | Characteristic adicionada a /0: /0/char0
2026-01-03 21:56:42.127 | DEBUG    | Characteristic adicionada a /0: /0/char1
2026-01-03 21:56:42.127 | DEBUG    | Characteristic adicionada a /0: /0/char2
2026-01-03 21:56:42.128 | DEBUG    | Characteristic adicionada a /0: /0/char3
2026-01-03 21:56:42.128 | INFO     | ✅ IoTNetworkService criado com sucesso!
2026-01-03 21:56:42.128 | INFO     | Service adicionado à aplicação: /0
2026-01-03 21:56:42.129 | DEBUG    | Packet callback definido
2026-01-03 21:56:42.129 | DEBUG    | Auth callback definido
2026-01-03 21:56:42.129 | INFO     | Advertisement criado: /org/bluez/iot/advertisement0 (type: peripheral)
2026-01-03 21:56:42.129 | INFO     | ✅ Service UUID adicionado ao advertising: 12340000-0000-1000-8000-00805f9b34fb
2026-01-03 21:56:42.130 | INFO     |    Lista atual de UUIDs: ['12340000-0000-1000-8000-00805f9b34fb']
2026-01-03 21:56:42.130 | DEBUG    | Local name definido: IoT-Node-74383752
2026-01-03 21:56:42.130 | DEBUG    | Manufacturer data adicionado: ID=65535
2026-01-03 21:56:42.130 | INFO     | ✅ GATT Server configurado
2026-01-03 21:56:42.130 | INFO     | A iniciar GATT Server...
2026-01-03 21:56:42.132 | INFO     | ✅ GATT Server iniciado em thread separada
2026-01-03 21:56:42.134 | INFO     | ✅ Node Device iniciado - CLI interativo pronto
2026-01-03 21:56:42.164 | DEBUG    | GetManagedObjects called
2026-01-03 21:56:42.165 | DEBUG    | GetManagedObjects returning 5 objects
2026-01-03 21:56:42.178 | INFO     | ✅ GATT application registada!
2026-01-03 21:56:42.179 | DEBUG    | GetAll called on /org/bluez/iot/advertisement0
2026-01-03 21:56:42.179 | INFO     | 📡 Advertising com ServiceUUIDs: ['12340000-0000-1000-8000-00805f9b34fb']
2026-01-03 21:56:42.271 | INFO     | ✅ Advertisement registado!
2026-01-03 21:56:46.752 | INFO     | A parar Node...
2026-01-03 21:56:46.753 | INFO     | A parar GATT Server...
2026-01-03 21:56:46.755 | INFO     | ✅ GATT Server parado
2026-01-03 21:56:46.756 | INFO     | ✅ Node parado
