2026-01-02 12:53:04.180 | INFO     | BLE Operation Logger iniciado: ble_operations_A08869B6F7D2_20260102_125304.log
2026-01-02 12:53:04.181 | INFO     | Scanner BLE iniciado: hci0 (A0:88:69:B6:F7:D2)
2026-01-02 12:53:04.181 | INFO     | BLE Client iniciado
2026-01-02 12:53:04.182 | DEBUG    | FragmentReassembler inicializado
2026-01-02 12:53:04.182 | INFO     | IoT Node inicializado (adapter=hci0)
2026-01-02 12:53:04.183 | INFO     | A configurar GATT Server...
2026-01-02 12:53:04.186 | INFO     | Application criada: /
2026-01-02 12:53:04.187 | INFO     | Service criado: /0 (UUID: 12340000-0000-1000-8000-00805f9b34fb, primary: True)
2026-01-02 12:53:04.187 | INFO     | A criar IoTNetworkService...
2026-01-02 12:53:04.189 | DEBUG    | Characteristic criada: /0/char0 (UUID: 12340001-0000-1000-8000-00805f9b34fb, flags: ['write', 'notify'])
2026-01-02 12:53:04.189 | INFO     | NetworkPacketCharacteristic criada
2026-01-02 12:53:04.190 | DEBUG    | Characteristic criada: /0/char1 (UUID: 12340002-0000-1000-8000-00805f9b34fb, flags: ['read'])
2026-01-02 12:53:04.190 | INFO     | DeviceInfoCharacteristic criada: NID=74383752..., type=node
2026-01-02 12:53:04.193 | DEBUG    | Characteristic criada: /0/char2 (UUID: 12340003-0000-1000-8000-00805f9b34fb, flags: ['read', 'notify'])
2026-01-02 12:53:04.193 | INFO     | NeighborTableCharacteristic criada
2026-01-02 12:53:04.193 | DEBUG    | Characteristic criada: /0/char3 (UUID: 12340004-0000-1000-8000-00805f9b34fb, flags: ['write', 'indicate'])
2026-01-02 12:53:04.194 | INFO     | AuthCharacteristic criada
2026-01-02 12:53:04.194 | DEBUG    | Characteristic adicionada a /0: /0/char0
2026-01-02 12:53:04.194 | DEBUG    | Characteristic adicionada a /0: /0/char1
2026-01-02 12:53:04.195 | DEBUG    | Characteristic adicionada a /0: /0/char2
2026-01-02 12:53:04.195 | DEBUG    | Characteristic adicionada a /0: /0/char3
2026-01-02 12:53:04.195 | INFO     | ✅ IoTNetworkService criado com sucesso!
2026-01-02 12:53:04.195 | INFO     | Service adicionado à aplicação: /0
2026-01-02 12:53:04.197 | DEBUG    | Packet callback definido
2026-01-02 12:53:04.198 | DEBUG    | Auth callback definido
2026-01-02 12:53:04.198 | INFO     | Advertisement criado: /org/bluez/iot/advertisement0 (type: peripheral)
2026-01-02 12:53:04.199 | INFO     | ✅ Service UUID adicionado ao advertising: 12340000-0000-1000-8000-00805f9b34fb
2026-01-02 12:53:04.199 | INFO     |    Lista atual de UUIDs: ['12340000-0000-1000-8000-00805f9b34fb']
2026-01-02 12:53:04.200 | DEBUG    | Local name definido: IoT-Node-74383752
2026-01-02 12:53:04.200 | DEBUG    | Manufacturer data adicionado: ID=65535
2026-01-02 12:53:04.200 | INFO     | ✅ GATT Server configurado
2026-01-02 12:53:04.200 | INFO     | A iniciar GATT Server...
2026-01-02 12:53:04.203 | INFO     | ✅ GATT Server iniciado em thread separada
2026-01-02 12:53:04.204 | INFO     | ✅ Node Device iniciado - CLI interativo pronto
2026-01-02 12:53:04.210 | DEBUG    | GetManagedObjects called
2026-01-02 12:53:04.212 | DEBUG    | GetManagedObjects returning 5 objects
2026-01-02 12:53:04.275 | INFO     | ✅ GATT application registada!
2026-01-02 12:53:04.276 | DEBUG    | GetAll called on /org/bluez/iot/advertisement0
2026-01-02 12:53:04.276 | INFO     | 📡 Advertising com ServiceUUIDs: ['12340000-0000-1000-8000-00805f9b34fb']
2026-01-02 12:53:04.378 | INFO     | ✅ Advertisement registado!
2026-01-02 12:53:38.875 | INFO     | A fazer scan BLE durante 5000ms...
2026-01-02 12:53:38.876 | INFO     | [OP-20260102_125304-0001] SCAN_START | Duration: 5000ms | Filter_IoT: True
2026-01-02 12:53:43.995 | DEBUG    |   Encontrado: IoT-Sink-54c225f2 (E0:D3:62:D6:EE:A0) RSSI: -40 dBm
2026-01-02 12:53:43.996 | INFO     | Scan concluído: 1 dispositivos encontrados
2026-01-02 12:53:43.997 | INFO     | [OP-20260102_125304-0002] SCAN_RESULT | Devices_Found: 1
2026-01-02 12:53:43.999 | DEBUG    | [OP-20260102_125304-0002]   Device_1: Name: IoT-Sink-54c225f2 | Address: E0:D3:62:D6:EE:A0 | RSSI: -40 dBm | Services: 1
2026-01-02 12:53:43.999 | INFO     | A fazer scan BLE durante 5000ms...
2026-01-02 12:53:44.000 | INFO     | [OP-20260102_125304-0003] SCAN_START | Duration: 5000ms | Filter_IoT: True
2026-01-02 12:53:49.029 | DEBUG    |   Encontrado: IoT-Sink-54c225f2 (E0:D3:62:D6:EE:A0) RSSI: -44 dBm
2026-01-02 12:53:49.031 | INFO     | Scan concluído: 1 dispositivos encontrados
2026-01-02 12:53:49.032 | INFO     | [OP-20260102_125304-0004] SCAN_RESULT | Devices_Found: 1
2026-01-02 12:53:49.033 | DEBUG    | [OP-20260102_125304-0004]   Device_1: Name: IoT-Sink-54c225f2 | Address: E0:D3:62:D6:EE:A0 | RSSI: -44 dBm | Services: 1
2026-01-02 12:53:54.122 | INFO     | A conectar ao Sink E0:D3:62:D6:EE:A0...
2026-01-02 12:53:54.123 | DEBUG    | BLEConnection criada para E0:D3:62:D6:EE:A0
2026-01-02 12:53:54.124 | INFO     | A conectar a E0:D3:62:D6:EE:A0...
2026-01-02 12:53:54.125 | INFO     | [OP-20260102_125304-0005] CONNECT_ATTEMPT | Local: A0:88:69:B6:F7:D2 | Remote: E0:D3:62:D6:EE:A0
2026-01-02 12:53:57.750 | INFO     | ✅ Conectado a E0:D3:62:D6:EE:A0
2026-01-02 12:53:57.751 | INFO     | [OP-20260102_125304-0006] CONNECT_SUCCESS | Remote: E0:D3:62:D6:EE:A0 | Time: 3620.92ms
2026-01-02 12:53:57.752 | DEBUG    | ✅ Conexão estabelecida. Operações GATT usarão D-Bus se necessário.
2026-01-02 12:53:57.753 | INFO     | ✅ Conectado ao Sink via GATT
2026-01-02 12:53:57.756 | DEBUG    | Descobertos 4 serviços
2026-01-02 12:53:57.758 | DEBUG    | Serviço 12340000-0000-1000-8000-00805f9b34fb encontrado
2026-01-02 12:53:57.759 | INFO     | ✅ Serviço IoT Network encontrado
2026-01-02 12:53:57.760 | INFO     | A subscrever a notificações...
2026-01-02 12:53:58.265 | INFO     | ✅ Subscrito a notificações: 12340001-0000-1000-8000-00805f9b34fb
2026-01-02 12:53:58.266 | INFO     | [OP-20260102_125304-0007] SUBSCRIBE_SUCCESS | Remote: E0:D3:62:D6:EE:A0 | Char: 12340001-0000-1000-8000-00805f9b34fb
2026-01-02 12:53:58.267 | INFO     | ✅ Subscrito a NETWORK_PACKET
2026-01-02 12:53:58.268 | DEBUG    | [OP-20260102_125304-0008] READ_REQUEST | Remote: E0:D3:62:D6:EE:A0 | Service: 12340000-0000-1000-8000-00805f9b34fb | Char: 12340002-0000-1000-8000-00805f9b34fb
2026-01-02 12:53:58.365 | DEBUG    | Read 12340002-0000-1000-8000-00805f9b34fb: 18 bytes
2026-01-02 12:53:58.366 | INFO     | [OP-20260102_125304-0009] READ_RESPONSE | Remote: E0:D3:62:D6:EE:A0 | Char: 12340002-0000-1000-8000-00805f9b34fb | Data: 18 bytes | Hex: 54c225f24e894134bf27c5e9148e17c1ff01 | ASCII: T.%.N.A4.'........
2026-01-02 12:53:58.367 | INFO     | ✅ Conectado ao Sink - hop_count=0
2026-01-02 12:53:58.368 | INFO     | 🔐 A iniciar autenticação com Sink...
2026-01-02 12:53:58.369 | DEBUG    | 📡 A subscrever a AUTH characteristic...
2026-01-02 12:53:58.464 | INFO     | ✅ Subscrito a notificações: 12340004-0000-1000-8000-00805f9b34fb
2026-01-02 12:53:58.465 | INFO     | [OP-20260102_125304-0010] SUBSCRIBE_SUCCESS | Remote: E0:D3:62:D6:EE:A0 | Char: 12340004-0000-1000-8000-00805f9b34fb
2026-01-02 12:53:58.466 | DEBUG    | ✅ Subscrito a AUTH indications
2026-01-02 12:53:58.466 | INFO     | AuthenticationProtocol inicializado para 74383752...
2026-01-02 12:53:58.468 | INFO     | 📤 Enviando certificado...
2026-01-02 12:53:58.468 | INFO     | 🔐 Iniciando autenticação - enviando certificado...
2026-01-02 12:53:58.470 | INFO     |    Certificado: 887 bytes
2026-01-02 12:53:58.471 | DEBUG    |    Estado: IDLE → CERT_SENT
2026-01-02 12:53:58.471 | INFO     | Fragmentando mensagem de 890 bytes em 5 fragmentos
2026-01-02 12:53:58.473 | DEBUG    |   Fragmento 1/5: 180 bytes, flags=0x01
2026-01-02 12:53:58.473 | DEBUG    |   Fragmento 2/5: 180 bytes, flags=0x00
2026-01-02 12:53:58.473 | DEBUG    |   Fragmento 3/5: 180 bytes, flags=0x00
2026-01-02 12:53:58.474 | DEBUG    |   Fragmento 4/5: 180 bytes, flags=0x00
2026-01-02 12:53:58.474 | DEBUG    |   Fragmento 5/5: 170 bytes, flags=0x02
2026-01-02 12:53:58.474 | DEBUG    | Enviando mensagem auth: 890 bytes em 5 fragmento(s)
2026-01-02 12:53:58.476 | INFO     | [OP-20260102_125304-0011] WRITE_REQUEST | Remote: E0:D3:62:D6:EE:A0 | Char: 12340004-0000-1000-8000-00805f9b34fb | Data: 183 bytes | Hex: 0100050103772d2d2d2d2d424547494e2043455254494649434154452d2d2d2d2d0a4d4949435954434341634b674177494241674955503456317a7156365177 | ASCII: .....w-----BEGIN CERTIFICATE-----.MIICYTCCAcKgAwIBAgIUP4V1zqV6Qw [TRUNCATED]
2026-01-02 12:53:58.613 | DEBUG    | ✅ Write via SimpleBLE: 12340004-0000-1000-8000-00805f9b34fb (183 bytes)
2026-01-02 12:53:58.613 | INFO     | [OP-20260102_125304-0012] WRITE_SUCCESS | Remote: E0:D3:62:D6:EE:A0 | Char: 12340004-0000-1000-8000-00805f9b34fb
2026-01-02 12:53:58.614 | DEBUG    |   Fragmento 1/5 enviado
2026-01-02 12:53:58.716 | INFO     | [OP-20260102_125304-0013] WRITE_REQUEST | Remote: E0:D3:62:D6:EE:A0 | Char: 12340004-0000-1000-8000-00805f9b34fb | Data: 183 bytes | Hex: 0001054d446b6c765643424f5a58523362334a7249454e424d423458445449324d4445774d6a45794e446b304d316f580a44544d314d54497a4d5445794e446b | ASCII: ...MDklvVCBOZXR3b3JrIENBMB4XDTI2MDEwMjEyNDk0M1oX.DTM1MTIzMTEyNDk [TRUNCATED]
2026-01-02 12:53:58.863 | DEBUG    | ✅ Write via SimpleBLE: 12340004-0000-1000-8000-00805f9b34fb (183 bytes)
2026-01-02 12:53:58.863 | INFO     | [OP-20260102_125304-0014] WRITE_SUCCESS | Remote: E0:D3:62:D6:EE:A0 | Char: 12340004-0000-1000-8000-00805f9b34fb
2026-01-02 12:53:58.864 | DEBUG    |   Fragmento 2/5 enviado
2026-01-02 12:53:58.965 | INFO     | [OP-20260102_125304-0015] WRITE_REQUEST | Remote: E0:D3:62:D6:EE:A0 | Char: 12340004-0000-1000-8000-00805f9b34fb | Data: 183 bytes | Hex: 000205675a7377454159484b6f5a497a6a3043415159464b34454541434d4467595941424145694e696357395555554c7a5a7a31477641556d77426e636f670a | ASCII: ...gZswEAYHKoZIzj0CAQYFK4EEACMDgYYABAEiNicW9UUULzZz1GvAUmwBncog. [TRUNCATED]
2026-01-02 12:53:59.114 | DEBUG    | ✅ Write via SimpleBLE: 12340004-0000-1000-8000-00805f9b34fb (183 bytes)
2026-01-02 12:53:59.114 | INFO     | [OP-20260102_125304-0016] WRITE_SUCCESS | Remote: E0:D3:62:D6:EE:A0 | Char: 12340004-0000-1000-8000-00805f9b34fb
2026-01-02 12:53:59.118 | DEBUG    |   Fragmento 3/5 enviado
2026-01-02 12:53:59.226 | INFO     | [OP-20260102_125304-0017] WRITE_REQUEST | Remote: E0:D3:62:D6:EE:A0 | Char: 12340004-0000-1000-8000-00805f9b34fb | Data: 183 bytes | Hex: 0003056f394a6e616a4d494f760a734344654e443674516a39337452687558446a6d524b4d344d44597744415944565230544151482f424149774144414f4267 | ASCII: ...o9JnajMIOv.sCDeND6tQj93tRhuXDjmRKM4MDYwDAYDVR0TAQH/BAIwADAOBg [TRUNCATED]
2026-01-02 12:53:59.365 | DEBUG    | ✅ Write via SimpleBLE: 12340004-0000-1000-8000-00805f9b34fb (183 bytes)
2026-01-02 12:53:59.366 | INFO     | [OP-20260102_125304-0018] WRITE_SUCCESS | Remote: E0:D3:62:D6:EE:A0 | Char: 12340004-0000-1000-8000-00805f9b34fb
2026-01-02 12:53:59.367 | DEBUG    |   Fragmento 4/5 enviado
2026-01-02 12:53:59.468 | INFO     | [OP-20260102_125304-0019] WRITE_REQUEST | Remote: E0:D3:62:D6:EE:A0 | Char: 12340004-0000-1000-8000-00805f9b34fb | Data: 173 bytes | Hex: 0204056c466935494f443142454578567254414b2b776c774e2b676a0a4e3249572b3450556a78466643654f6152762b794a3734435167452b4654787a433554 | ASCII: ...lFi5IOD1BEExVrTAK+wlwN+gj.N2IW+4PUjxFfCeOaRv+yJ74CQgE+FTxzC5T [TRUNCATED]
2026-01-02 12:53:59.615 | DEBUG    | ✅ Write via SimpleBLE: 12340004-0000-1000-8000-00805f9b34fb (173 bytes)
2026-01-02 12:53:59.615 | INFO     | [OP-20260102_125304-0020] WRITE_SUCCESS | Remote: E0:D3:62:D6:EE:A0 | Char: 12340004-0000-1000-8000-00805f9b34fb
2026-01-02 12:53:59.618 | DEBUG    |   Fragmento 5/5 enviado
2026-01-02 12:53:59.621 | INFO     | [OP-20260102_125304-0021] NOTIFICATION | Remote: E0:D3:62:D6:EE:A0 | Char: 12340004-0000-1000-8000-00805f9b34fb | Data: 183 bytes | Hex: 0100060203b00000038c2d2d2d2d2d424547494e2043455254494649434154452d2d2d2d2d0a4d494943634443434164476741774942416749554a787a6b7455 | ASCII: ..........-----BEGIN CERTIFICATE-----.MIICcDCCAdGgAwIBAgIUJxzktU [TRUNCATED]
2026-01-02 12:53:59.622 | DEBUG    | 🔐 AUTH indication recebida: 183 bytes
2026-01-02 12:53:59.622 | DEBUG    | Fragmento recebido: seq=0, total=6, payload=180 bytes, flags=0x01
2026-01-02 12:53:59.622 | INFO     | Iniciando recepção de 6 fragmentos
2026-01-02 12:53:59.626 | DEBUG    | Fragmento 1/6 armazenado (1 de 6 recebidos)
2026-01-02 12:53:59.626 | DEBUG    | 🔐 Aguardando mais fragmentos AUTH...
2026-01-02 12:53:59.715 | INFO     | [OP-20260102_125304-0022] NOTIFICATION | Remote: E0:D3:62:D6:EE:A0 | Char: 12340004-0000-1000-8000-00805f9b34fb | Data: 183 bytes | Hex: 0001065642414d4d446b6c765643424f5a58523362334a7249454e424d423458445449324d4445774d6a45794e446b7a4d6c6f580a44544d314d54497a4d5445 | ASCII: ...VBAMMDklvVCBOZXR3b3JrIENBMB4XDTI2MDEwMjEyNDkzMloX.DTM1MTIzMTE [TRUNCATED]
2026-01-02 12:53:59.716 | DEBUG    | 🔐 AUTH indication recebida: 183 bytes
2026-01-02 12:53:59.716 | DEBUG    | Fragmento recebido: seq=1, total=6, payload=180 bytes, flags=0x00
2026-01-02 12:53:59.717 | DEBUG    | Fragmento 2/6 armazenado (2 de 6 recebidos)
2026-01-02 12:53:59.717 | DEBUG    | 🔐 Aguardando mais fragmentos AUTH...
2026-01-02 12:53:59.718 | DEBUG    | Autenticação round 1/10
2026-01-02 12:53:59.767 | INFO     | [OP-20260102_125304-0023] NOTIFICATION | Remote: E0:D3:62:D6:EE:A0 | Char: 12340001-0000-1000-8000-00805f9b34fb | Data: 236 bytes | Hex: 54c225f24e894134bf27c5e9148e17c154c225f24e894134bf27c5e9148e17c10201000000056889dc875860057caa1096846a56bc55fa6c76401a46500564e1 | ASCII: T.%.N.A4.'......T.%.N.A4.'............h...X`.|....jV.U.lv@.FP.d. [TRUNCATED]
2026-01-02 12:53:59.767 | INFO     | Sink NID identificado: 54c225f2...
2026-01-02 12:53:59.768 | DEBUG    | Novo source 54c225f2...: seq=5 (primeiro pacote)
2026-01-02 12:53:59.769 | WARNING  | ⚠️  Certificado do Sink não disponível para verificação
2026-01-02 12:53:59.769 | DEBUG    |    hasattr _sink_cert: False
2026-01-02 12:53:59.770 | ERROR    | ❌ Assinatura de heartbeat inválida!
2026-01-02 12:53:59.864 | INFO     | [OP-20260102_125304-0024] NOTIFICATION | Remote: E0:D3:62:D6:EE:A0 | Char: 12340004-0000-1000-8000-00805f9b34fb | Data: 183 bytes | Hex: 000206597a45784454414c42674e564241734d42464e70626d7377675a7377454159484b6f5a497a6a3043415159464b34454541434d44675959414241415377 | ASCII: ...YzExDTALBgNVBAsMBFNpbmswgZswEAYHKoZIzj0CAQYFK4EEACMDgYYABAASw [TRUNCATED]
2026-01-02 12:53:59.864 | DEBUG    | 🔐 AUTH indication recebida: 183 bytes
2026-01-02 12:53:59.864 | DEBUG    | Fragmento recebido: seq=2, total=6, payload=180 bytes, flags=0x00
2026-01-02 12:53:59.865 | DEBUG    | Fragmento 3/6 armazenado (3 de 6 recebidos)
2026-01-02 12:53:59.865 | DEBUG    | 🔐 Aguardando mais fragmentos AUTH...
2026-01-02 12:53:59.968 | INFO     | [OP-20260102_125304-0025] NOTIFICATION | Remote: E0:D3:62:D6:EE:A0 | Char: 12340004-0000-1000-8000-00805f9b34fb | Data: 183 bytes | Hex: 000306386e6a795a48523051644f4375300a6f4e41363237777a484f3239624a6f6b67614b4c486e66436d2b505643727934344a64307a434d4e50614d344d44 | ASCII: ...8njyZHR0QdOCu0.oNA627wzHO29bJokgaKLHnfCm+PVCry44Jd0zCMNPaM4MD [TRUNCATED]
2026-01-02 12:53:59.968 | DEBUG    | 🔐 AUTH indication recebida: 183 bytes
2026-01-02 12:53:59.969 | DEBUG    | Fragmento recebido: seq=3, total=6, payload=180 bytes, flags=0x00
2026-01-02 12:53:59.969 | DEBUG    | Fragmento 4/6 armazenado (4 de 6 recebidos)
2026-01-02 12:53:59.969 | DEBUG    | 🔐 Aguardando mais fragmentos AUTH...
2026-01-02 12:54:00.068 | INFO     | [OP-20260102_125304-0026] NOTIFICATION | Remote: E0:D3:62:D6:EE:A0 | Char: 12340004-0000-1000-8000-00805f9b34fb | Data: 183 bytes | Hex: 00040634706d4967797a644e615a4e4a506a66796561623859385839394141680a6158316663585374655142344b476a74343969626571735a70734d59754675 | ASCII: ...4pmIgyzdNaZNJPjfyeab8Y8X99AAh.aX1fcXSteQB4KGjt49ibeqsZpsMYuFu [TRUNCATED]
2026-01-02 12:54:00.068 | DEBUG    | 🔐 AUTH indication recebida: 183 bytes
2026-01-02 12:54:00.068 | DEBUG    | Fragmento recebido: seq=4, total=6, payload=180 bytes, flags=0x00
2026-01-02 12:54:00.068 | DEBUG    | Fragmento 5/6 armazenado (5 de 6 recebidos)
2026-01-02 12:54:00.069 | DEBUG    | 🔐 Aguardando mais fragmentos AUTH...
2026-01-02 12:54:00.164 | INFO     | [OP-20260102_125304-0027] NOTIFICATION | Remote: E0:D3:62:D6:EE:A0 | Char: 12340004-0000-1000-8000-00805f9b34fb | Data: 50 bytes | Hex: 0205065254494649434154452d2d2d2d2d0abfa5bff040169310cc214741e5e2cc21cb37146f373714d5d562da6227e14c99 | ASCII: ...RTIFICATE-----.....@....!GA...!.7.o77...b.b'.L.
2026-01-02 12:54:00.165 | DEBUG    | 🔐 AUTH indication recebida: 50 bytes
2026-01-02 12:54:00.165 | DEBUG    | Fragmento recebido: seq=5, total=6, payload=47 bytes, flags=0x02
2026-01-02 12:54:00.166 | DEBUG    | Fragmento 6/6 armazenado (6 de 6 recebidos)
2026-01-02 12:54:00.166 | INFO     | ✅ Mensagem reconstruída: 947 bytes (6 fragmentos)
2026-01-02 12:54:00.166 | DEBUG    | FragmentReassembler resetado
2026-01-02 12:54:00.166 | DEBUG    | 🔐 AUTH mensagem completa: 947 bytes
2026-01-02 12:54:00.219 | DEBUG    | Resposta auth lida do buffer: 947 bytes
2026-01-02 12:54:00.219 | DEBUG    | 📨 Recebido: AuthMessage(type=CHALLENGE, payload=944 bytes)
2026-01-02 12:54:00.219 | INFO     | 🎲 Challenge recebido - processando certificado + challenge...
2026-01-02 12:54:00.220 | INFO     | 📜 Extraindo certificado do peer do payload...
2026-01-02 12:54:00.224 | DEBUG    | ✅ Assinatura da CA válida
2026-01-02 12:54:00.224 | DEBUG    | ✅ Certificado válido temporalmente (expira em 2035-12-31 12:49:32+00:00)
2026-01-02 12:54:00.225 | INFO     | ✅ Certificado validado com sucesso
2026-01-02 12:54:00.225 | INFO     | ✅ Certificado do peer validado!
2026-01-02 12:54:00.226 | INFO     |    Peer NID: 54c225f2...
2026-01-02 12:54:00.228 | INFO     |    Peer tipo: SINK
2026-01-02 12:54:00.229 | DEBUG    |    Challenge: bfa5bff040169310cc214741e5e2cc21...
2026-01-02 12:54:00.229 | INFO     | ✍️  Assinando dados:
2026-01-02 12:54:00.230 | INFO     |    Data: 32 bytes | bfa5bff040169310cc214741e5e2cc21cb37146f373714d5d562da6227e14c99...
2026-01-02 12:54:00.232 | INFO     |    Signature: 139 bytes | 308188024200a2650a2e80743db4cdff56fcaaf3a3a110e14485e336d4e88c55...
2026-01-02 12:54:00.233 | INFO     | ✍️  Response gerada: 139 bytes
2026-01-02 12:54:00.233 | DEBUG    |    Estado: CHALLENGE_RECEIVED
2026-01-02 12:54:00.233 | DEBUG    | 📤 Enviando resposta (142 bytes)
2026-01-02 12:54:00.233 | DEBUG    | Mensagem pequena (142 bytes), 1 fragmento
2026-01-02 12:54:00.233 | DEBUG    | Enviando mensagem auth: 142 bytes em 1 fragmento(s)
2026-01-02 12:54:00.235 | INFO     | [OP-20260102_125304-0028] WRITE_REQUEST | Remote: E0:D3:62:D6:EE:A0 | Char: 12340004-0000-1000-8000-00805f9b34fb | Data: 145 bytes | Hex: 03000103008b308188024200a2650a2e80743db4cdff56fcaaf3a3a110e14485e336d4e88c55e686ff1a3c3627b2660020fcb6ec5e674866390f0e7f37b8bc52 | ASCII: ......0...B..e...t=...V.......D..6...U....<6'.f. ...^gHf9...7..R [TRUNCATED]
2026-01-02 12:54:00.313 | DEBUG    | ✅ Write via SimpleBLE: 12340004-0000-1000-8000-00805f9b34fb (145 bytes)
2026-01-02 12:54:00.313 | INFO     | [OP-20260102_125304-0029] WRITE_SUCCESS | Remote: E0:D3:62:D6:EE:A0 | Char: 12340004-0000-1000-8000-00805f9b34fb
2026-01-02 12:54:00.314 | DEBUG    |   Fragmento 1/1 enviado
2026-01-02 12:54:00.314 | DEBUG    | Autenticação round 2/10
2026-01-02 12:54:00.315 | INFO     | [OP-20260102_125304-0030] NOTIFICATION | Remote: E0:D3:62:D6:EE:A0 | Char: 12340004-0000-1000-8000-00805f9b34fb | Data: 6 bytes | Hex: 030001040000 | ASCII: ......
2026-01-02 12:54:00.316 | DEBUG    | 🔐 AUTH indication recebida: 6 bytes
2026-01-02 12:54:00.316 | DEBUG    | Fragmento recebido: seq=0, total=1, payload=3 bytes, flags=0x03
2026-01-02 12:54:00.316 | INFO     | Iniciando recepção de 1 fragmentos
2026-01-02 12:54:00.317 | DEBUG    | Fragmento 1/1 armazenado (1 de 1 recebidos)
2026-01-02 12:54:00.317 | INFO     | ✅ Mensagem reconstruída: 3 bytes (1 fragmentos)
2026-01-02 12:54:00.318 | DEBUG    | FragmentReassembler resetado
2026-01-02 12:54:00.318 | DEBUG    | 🔐 AUTH mensagem completa: 3 bytes
2026-01-02 12:54:00.814 | DEBUG    | Resposta auth lida do buffer: 3 bytes
2026-01-02 12:54:00.814 | DEBUG    | 📨 Recebido: AuthMessage(type=AUTH_SUCCESS, payload=0 bytes)
2026-01-02 12:54:00.815 | INFO     | ✅ Peer confirmou autenticação bem sucedida!
2026-01-02 12:54:00.815 | INFO     | ✅ Autenticação bem-sucedida!
2026-01-02 12:54:00.819 | DEBUG    | 🔑 Session key derivada: 32 bytes
2026-01-02 12:54:00.819 | INFO     | 🔑 Session key estabelecida
2026-01-02 12:54:00.820 | INFO     | ✅ Certificado do Sink armazenado para verificação de heartbeats
2026-01-02 12:54:04.714 | INFO     | [OP-20260102_125304-0031] NOTIFICATION | Remote: E0:D3:62:D6:EE:A0 | Char: 12340001-0000-1000-8000-00805f9b34fb | Data: 236 bytes | Hex: 54c225f24e894134bf27c5e9148e17c154c225f24e894134bf27c5e9148e17c1020100000006d9e6e803bf5ff032fb849ca880ea711137662895ea6319ef1846 | ASCII: T.%.N.A4.'......T.%.N.A4.'................._.2......q.7f(..c...F [TRUNCATED]
2026-01-02 12:54:04.715 | DEBUG    | Source 54c225f2...: seq=6 (novo highest, window: 2 seqs)
2026-01-02 12:54:04.715 | DEBUG    | 🔍 Verificando assinatura: sig_len=139, signature_raw_len=139
2026-01-02 12:54:04.715 | INFO     | 💓 Verificando heartbeat:
2026-01-02 12:54:04.715 | INFO     |    Sink NID: 54c225f24e894134bf27c5e9148e17c1
2026-01-02 12:54:04.716 | INFO     |    Timestamp: 1767358444.626556
2026-01-02 12:54:04.716 | INFO     |    Data to verify: 54c225f24e894134bf27c5e9148e17c141da55effb28197e
2026-01-02 12:54:04.716 | INFO     | 🔍 Verificando assinatura:
2026-01-02 12:54:04.717 | INFO     |    Data: 24 bytes | 54c225f24e894134bf27c5e9148e17c141da55effb28197e...
2026-01-02 12:54:04.717 | INFO     |    Signature: 139 bytes | 30818802420111a4f86c911f700ff85bfe180cbcdf80f46e2a46d028fee46c2a...
2026-01-02 12:54:04.718 | INFO     | ✅ Assinatura verificada com sucesso!
2026-01-02 12:54:04.719 | DEBUG    | ✅ Assinatura de heartbeat válida
2026-01-02 12:54:04.719 | DEBUG    | 💓 Heartbeat recebido (seq=6, age=0.09s)
2026-01-02 12:54:09.715 | INFO     | [OP-20260102_125304-0032] NOTIFICATION | Remote: E0:D3:62:D6:EE:A0 | Char: 12340001-0000-1000-8000-00805f9b34fb | Data: 236 bytes | Hex: 54c225f24e894134bf27c5e9148e17c154c225f24e894134bf27c5e9148e17c1020100000007cea85dc1aa669e7ba84bc669c88711ad60dffe74997a9aaace35 | ASCII: T.%.N.A4.'......T.%.N.A4.'..............]..f.{.K.i....`..t.z...5 [TRUNCATED]
2026-01-02 12:54:09.716 | DEBUG    | Source 54c225f2...: seq=7 (novo highest, window: 3 seqs)
2026-01-02 12:54:09.716 | DEBUG    | 🔍 Verificando assinatura: sig_len=139, signature_raw_len=139
2026-01-02 12:54:09.717 | INFO     | 💓 Verificando heartbeat:
2026-01-02 12:54:09.718 | INFO     |    Sink NID: 54c225f24e894134bf27c5e9148e17c1
2026-01-02 12:54:09.718 | INFO     |    Timestamp: 1767358449.6272368
2026-01-02 12:54:09.719 | INFO     |    Data to verify: 54c225f24e894134bf27c5e9148e17c141da55effc6824a6
2026-01-02 12:54:09.720 | INFO     | 🔍 Verificando assinatura:
2026-01-02 12:54:09.721 | INFO     |    Data: 24 bytes | 54c225f24e894134bf27c5e9148e17c141da55effc6824a6...
2026-01-02 12:54:09.722 | INFO     |    Signature: 139 bytes | 30818802420158efd866d8badb71a19b56ce713055b8ada535576b231ce263cc...
2026-01-02 12:54:09.724 | INFO     | ✅ Assinatura verificada com sucesso!
2026-01-02 12:54:09.730 | DEBUG    | ✅ Assinatura de heartbeat válida
2026-01-02 12:54:09.730 | DEBUG    | 💓 Heartbeat recebido (seq=7, age=0.10s)
2026-01-02 12:54:12.829 | INFO     | A parar Node...
2026-01-02 12:54:12.831 | INFO     | A parar GATT Server...
