2025-12-29 16:06:13.433 | INFO     | BLE Operation Logger iniciado: ble_operations_A08869B6F7D2_20251229_160613.log
2025-12-29 16:06:13.434 | INFO     | Scanner BLE iniciado: hci0 (A0:88:69:B6:F7:D2)
2025-12-29 16:06:13.434 | INFO     | ✅ Scanner BLE iniciado
2025-12-29 16:06:13.437 | INFO     |    Adaptador: hci0
2025-12-29 16:06:13.438 | INFO     |    Endereço: A0:88:69:B6:F7:D2
2025-12-29 16:06:13.439 | INFO     | 
2025-12-29 16:06:13.441 | INFO     | 🔍 A fazer scan de TODOS os dispositivos BLE...
2025-12-29 16:06:13.442 | INFO     |    Duração: 10 segundos (scan mais longo para aumentar chances)
2025-12-29 16:06:13.443 | INFO     |    ATENÇÃO: Sem filtro - vai mostrar tudo!
2025-12-29 16:06:13.444 | INFO     | 
2025-12-29 16:06:13.445 | INFO     | A fazer scan BLE durante 10000ms...
2025-12-29 16:06:13.447 | INFO     | [OP-20251229_160613-0001] SCAN_START | Duration: 10000ms | Filter_IoT: False
2025-12-29 16:06:23.461 | DEBUG    |   Encontrado: IoT-Node (E0:D3:62:D6:EE:A0) RSSI: -52 dBm
2025-12-29 16:06:23.462 | DEBUG    |   Encontrado: [TV] Samsung 7 Series (65) (FC:03:9F:1D:14:49) RSSI: -87 dBm
2025-12-29 16:06:23.463 | INFO     | Scan concluído: 2 dispositivos encontrados
2025-12-29 16:06:23.463 | INFO     | [OP-20251229_160613-0002] SCAN_RESULT | Devices_Found: 2
2025-12-29 16:06:23.465 | DEBUG    | [OP-20251229_160613-0002]   Device_1: Name: IoT-Node | Address: E0:D3:62:D6:EE:A0 | RSSI: -52 dBm | Services: 4
2025-12-29 16:06:23.466 | DEBUG    | [OP-20251229_160613-0002]   Device_2: Name: [TV] Samsung 7 Series (65) | Address: FC:03:9F:1D:14:49 | RSSI: -87 dBm | Services: 0
2025-12-29 16:06:23.467 | INFO     | ======================================================================
2025-12-29 16:06:23.467 | INFO     | 📊 RESULTADOS DO SCAN
2025-12-29 16:06:23.469 | INFO     | ======================================================================
2025-12-29 16:06:23.470 | INFO     | Total de dispositivos BLE encontrados: 2
2025-12-29 16:06:23.471 | INFO     | 
2025-12-29 16:06:23.472 | INFO     | ✅ DISPOSITIVOS IoT NETWORK ENCONTRADOS:
2025-12-29 16:06:23.473 | INFO     | 
2025-12-29 16:06:23.474 | INFO     |   [1] IoT-Node
2025-12-29 16:06:23.475 | INFO     |       Endereço BLE: E0:D3:62:D6:EE:A0
2025-12-29 16:06:23.476 | INFO     |       RSSI: -52 dBm
2025-12-29 16:06:23.477 | INFO     |       Service UUIDs anunciados:
2025-12-29 16:06:23.478 | INFO     |         - 00001801-0000-1000-8000-00805f9b34fb
2025-12-29 16:06:23.482 | INFO     |         - 0000180a-0000-1000-8000-00805f9b34fb
2025-12-29 16:06:23.483 | INFO     |         - 03b80e5a-ede8-4b33-a751-6ce34ec4c700
2025-12-29 16:06:23.484 | INFO     |         - 12340000-0000-1000-8000-00805f9b34fb  ← IoT Network Service
2025-12-29 16:06:23.485 | INFO     | 
2025-12-29 16:06:23.487 | INFO     | 📱 OUTROS DISPOSITIVOS BLE (não-IoT):
2025-12-29 16:06:23.488 | INFO     | 
2025-12-29 16:06:23.489 | INFO     |   [1] [TV] Samsung 7 Series (65)
2025-12-29 16:06:23.490 | INFO     |       Endereço BLE: FC:03:9F:1D:14:49
2025-12-29 16:06:23.491 | INFO     |       RSSI: -87 dBm
2025-12-29 16:06:23.492 | INFO     |       Service UUIDs: <nenhum UUID anunciado>
2025-12-29 16:06:23.493 | INFO     |       Manufacturer Data: 1 entries
2025-12-29 16:06:23.495 | INFO     | 
2025-12-29 16:06:23.496 | INFO     | ======================================================================
2025-12-29 16:06:23.497 | INFO     | 📋 RESUMO DO DIAGNÓSTICO
2025-12-29 16:06:23.498 | INFO     | ======================================================================
2025-12-29 16:06:23.498 | INFO     | Total de dispositivos: 2
2025-12-29 16:06:23.499 | INFO     | Dispositivos IoT Network: 1
2025-12-29 16:06:23.499 | INFO     | Outros dispositivos: 1
2025-12-29 16:06:23.500 | INFO     | 
2025-12-29 16:06:23.501 | INFO     | ✅ DIAGNÓSTICO: Tudo OK!
2025-12-29 16:06:23.501 | INFO     |    O GATT Server está a anunciar corretamente.
2025-12-29 16:06:23.502 | INFO     |    Podes usar test_ble_client.py para conectar.
2025-12-29 16:06:23.504 | INFO     | 
