2026-01-04 16:07:01.677 | INFO     | BLE Operation Logger iniciado: ble_operations_5800E366747C_20260104_160701.log
2026-01-04 16:07:01.678 | INFO     | Scanner BLE iniciado: hci0 (58:00:E3:66:74:7C)
2026-01-04 16:07:01.678 | INFO     | BLE Client iniciado
2026-01-04 16:07:01.678 | DEBUG    | FragmentReassembler inicializado
2026-01-04 16:07:01.678 | INFO     | ReplayProtection iniciado (window_size=100)
2026-01-04 16:07:01.678 | INFO     | 🔀 Router Daemon inicializado para NID=a40543fa...
2026-01-04 16:07:01.679 | DEBUG    | ✅ Send callback configurado
2026-01-04 16:07:01.679 | DEBUG    | ✅ Handler registado para MessageType(1)
2026-01-04 16:07:01.679 | DEBUG    | ✅ Handler registado para MessageType(2)
2026-01-04 16:07:01.679 | INFO     | IoT Node inicializado (adapter=hci0)
2026-01-04 16:07:01.679 | INFO     | ✅ Router Daemon integrado
2026-01-04 16:07:01.680 | INFO     | A configurar GATT Server...
2026-01-04 16:07:01.681 | INFO     | Application criada: /
2026-01-04 16:07:01.682 | INFO     | Service criado: /0 (UUID: 12340000-0000-1000-8000-00805f9b34fb, primary: True)
2026-01-04 16:07:01.682 | INFO     | A criar IoTNetworkService...
2026-01-04 16:07:01.682 | DEBUG    | Characteristic criada: /0/char0 (UUID: 12340001-0000-1000-8000-00805f9b34fb, flags: ['write', 'notify'])
2026-01-04 16:07:01.682 | INFO     | NetworkPacketCharacteristic criada
2026-01-04 16:07:01.683 | DEBUG    | Characteristic criada: /0/char1 (UUID: 12340002-0000-1000-8000-00805f9b34fb, flags: ['read'])
2026-01-04 16:07:01.683 | INFO     | DeviceInfoCharacteristic criada: NID=a40543fa..., type=node
2026-01-04 16:07:01.683 | DEBUG    | Characteristic criada: /0/char2 (UUID: 12340003-0000-1000-8000-00805f9b34fb, flags: ['read', 'notify'])
2026-01-04 16:07:01.683 | INFO     | NeighborTableCharacteristic criada
2026-01-04 16:07:01.683 | DEBUG    | Characteristic criada: /0/char3 (UUID: 12340004-0000-1000-8000-00805f9b34fb, flags: ['write', 'indicate'])
2026-01-04 16:07:01.683 | INFO     | AuthCharacteristic criada
2026-01-04 16:07:01.684 | DEBUG    | Characteristic adicionada a /0: /0/char0
2026-01-04 16:07:01.684 | DEBUG    | Characteristic adicionada a /0: /0/char1
2026-01-04 16:07:01.684 | DEBUG    | Characteristic adicionada a /0: /0/char2
2026-01-04 16:07:01.684 | DEBUG    | Characteristic adicionada a /0: /0/char3
2026-01-04 16:07:01.685 | INFO     | ✅ IoTNetworkService criado com sucesso!
2026-01-04 16:07:01.685 | INFO     | Service adicionado à aplicação: /0
2026-01-04 16:07:01.686 | DEBUG    | Packet callback definido
2026-01-04 16:07:01.686 | DEBUG    | Auth callback definido
2026-01-04 16:07:01.686 | INFO     | Advertisement criado: /org/bluez/iot/advertisement0 (type: peripheral)
2026-01-04 16:07:01.686 | INFO     | ✅ Service UUID adicionado ao advertising: 12340000-0000-1000-8000-00805f9b34fb
2026-01-04 16:07:01.687 | INFO     |    Lista atual de UUIDs: ['12340000-0000-1000-8000-00805f9b34fb']
2026-01-04 16:07:01.687 | DEBUG    | Local name definido: IoT-Node-a40543fa
2026-01-04 16:07:01.687 | DEBUG    | Manufacturer data adicionado: ID=65535
2026-01-04 16:07:01.687 | INFO     | 🔄 Advertising contínuo configurado (duration=0)
2026-01-04 16:07:01.688 | INFO     | ✅ GATT Server configurado
2026-01-04 16:07:01.688 | INFO     | A iniciar GATT Server...
2026-01-04 16:07:01.691 | INFO     | ✅ GATT Server iniciado em thread separada
2026-01-04 16:07:01.692 | INFO     | ✅ Node Device iniciado - CLI interativo pronto
2026-01-04 16:07:01.694 | DEBUG    | GetManagedObjects called
2026-01-04 16:07:01.695 | DEBUG    | GetManagedObjects returning 5 objects
2026-01-04 16:07:01.697 | INFO     | ✅ GATT application registada!
2026-01-04 16:07:01.698 | DEBUG    | GetAll called on /org/bluez/iot/advertisement0
2026-01-04 16:07:01.698 | INFO     | 📡 Advertising com ServiceUUIDs: ['12340000-0000-1000-8000-00805f9b34fb']
2026-01-04 16:07:01.802 | INFO     | ✅ Advertisement registado!
2026-01-04 16:08:25.445 | INFO     | Cliente :1.328 subscreveu notificações de pacotes
2026-01-04 16:08:25.536 | DEBUG    | DeviceInfo lida: NID=a40543fa..., hops=-1, type=0
2026-01-04 16:08:25.625 | INFO     | Cliente :1.328 subscreveu auth indications
2026-01-04 16:08:25.720 | DEBUG    | Auth data recebida de :1.328: 183 bytes
2026-01-04 16:08:25.721 | DEBUG    | FragmentReassembler inicializado
2026-01-04 16:08:25.721 | DEBUG    | Criado reassembler para cliente :1.328
2026-01-04 16:08:25.722 | DEBUG    | Fragmento recebido: seq=0, total=5, payload=180 bytes, flags=0x01
2026-01-04 16:08:25.723 | INFO     | Iniciando recepção de 5 fragmentos
2026-01-04 16:08:25.725 | DEBUG    | Fragmento 1/5 armazenado (1 de 5 recebidos)
2026-01-04 16:08:25.726 | DEBUG    | Aguardando mais fragmentos de :1.328
2026-01-04 16:08:25.902 | DEBUG    | Auth data recebida de :1.328: 183 bytes
2026-01-04 16:08:25.903 | DEBUG    | Fragmento recebido: seq=1, total=5, payload=180 bytes, flags=0x00
2026-01-04 16:08:25.903 | DEBUG    | Fragmento 2/5 armazenado (2 de 5 recebidos)
2026-01-04 16:08:25.904 | DEBUG    | Aguardando mais fragmentos de :1.328
2026-01-04 16:08:26.081 | DEBUG    | Auth data recebida de :1.328: 183 bytes
2026-01-04 16:08:26.082 | DEBUG    | Fragmento recebido: seq=2, total=5, payload=180 bytes, flags=0x00
2026-01-04 16:08:26.082 | DEBUG    | Fragmento 3/5 armazenado (3 de 5 recebidos)
2026-01-04 16:08:26.083 | DEBUG    | Aguardando mais fragmentos de :1.328
2026-01-04 16:08:26.261 | DEBUG    | Auth data recebida de :1.328: 183 bytes
2026-01-04 16:08:26.262 | DEBUG    | Fragmento recebido: seq=3, total=5, payload=180 bytes, flags=0x00
2026-01-04 16:08:26.262 | DEBUG    | Fragmento 4/5 armazenado (4 de 5 recebidos)
2026-01-04 16:08:26.263 | DEBUG    | Aguardando mais fragmentos de :1.328
2026-01-04 16:08:26.440 | DEBUG    | Auth data recebida de :1.328: 173 bytes
2026-01-04 16:08:26.441 | DEBUG    | Fragmento recebido: seq=4, total=5, payload=170 bytes, flags=0x02
2026-01-04 16:08:26.441 | DEBUG    | Fragmento 5/5 armazenado (5 de 5 recebidos)
2026-01-04 16:08:26.442 | INFO     | ✅ Mensagem reconstruída: 890 bytes (5 fragmentos)
2026-01-04 16:08:26.443 | DEBUG    | FragmentReassembler resetado
2026-01-04 16:08:26.444 | INFO     | Mensagem completa recebida de :1.328: 890 bytes
2026-01-04 16:08:26.445 | INFO     | 🔐 Mensagem de autenticação recebida de downlink (sender: :1.328)
2026-01-04 16:08:26.447 | WARNING  | ⚠️  Autenticação de downlinks não totalmente implementada - usando placeholder
2026-01-04 16:08:26.460 | INFO     | 📤 Enviando resposta AUTH_SUCCESS placeholder (autenticação aceite sem validação)
2026-01-04 16:08:26.462 | DEBUG    | Mensagem pequena (3 bytes), 1 fragmento
2026-01-04 16:08:26.463 | DEBUG    | Enviando fragmento 1/1 da resposta
2026-01-04 16:08:26.465 | DEBUG    | Auth response indicada
2026-01-04 16:08:26.469 | DEBUG    | GetAll called on /org/bluez/iot/advertisement0
2026-01-04 16:08:26.469 | INFO     | 📡 Advertising com ServiceUUIDs: ['12340000-0000-1000-8000-00805f9b34fb']
2026-01-04 16:08:26.472 | WARNING  | ⚠️  Falha ao re-registar advertising: org.bluez.Error.Failed: Failed to register advertisement
2026-01-04 16:08:52.268 | INFO     | Cliente :1.328 cancelou subscrição de pacotes
2026-01-04 16:08:52.358 | INFO     | Cliente :1.328 cancelou subscrição de auth
2026-01-04 16:09:12.885 | INFO     | A parar Node...
2026-01-04 16:09:12.887 | INFO     | A parar GATT Server...
2026-01-04 16:09:12.891 | INFO     | ✅ GATT Server parado
2026-01-04 16:09:12.892 | INFO     | ✅ Node parado
