2025-12-27 23:22:11.201 | INFO     | BLE Operation Logger iniciado: ble_operations_A08869B6F7D2_20251227_232211.log
2025-12-27 23:22:11.201 | INFO     | Scanner BLE iniciado: hci0 (A0:88:69:B6:F7:D2)
2025-12-27 23:22:11.202 | INFO     | BLE Client iniciado
2025-12-27 23:22:11.202 | INFO     | BLE Client criado
2025-12-27 23:22:11.203 | INFO     | NeighborDiscovery inicializado: scan_interval=30s, scan_duration=5000ms, timeout=120s
2025-12-27 23:22:11.204 | INFO     | NeighborDiscovery criado
2025-12-27 23:22:11.204 | INFO     | Link Manager iniciado
2025-12-27 23:22:11.205 | INFO     | LinkManager criado
2025-12-27 23:22:28.492 | INFO     | A iniciar scan de vizinhos...
2025-12-27 23:22:28.494 | DEBUG    | A limpar cache de scan BLE...
2025-12-27 23:22:28.700 | DEBUG    | Cache de scan limpo
2025-12-27 23:22:28.700 | INFO     | A fazer scan BLE durante 5000ms...
2025-12-27 23:22:28.703 | INFO     | [OP-20251227_232211-0001] SCAN_START | Duration: 5000ms | Filter_IoT: True
2025-12-27 23:22:33.723 | INFO     | Scan concluído: 0 dispositivos encontrados
2025-12-27 23:22:33.724 | INFO     | [OP-20251227_232211-0002] SCAN_RESULT | Devices_Found: 0
2025-12-27 23:22:33.726 | INFO     | Scan concluído: 0 dispositivos IoT encontrados
2025-12-27 23:22:41.146 | INFO     | A iniciar scan de vizinhos...
2025-12-27 23:22:41.147 | DEBUG    | A limpar cache de scan BLE...
2025-12-27 23:22:41.356 | DEBUG    | Cache de scan limpo
2025-12-27 23:22:41.357 | INFO     | A fazer scan BLE durante 5000ms...
2025-12-27 23:22:41.358 | INFO     | [OP-20251227_232211-0003] SCAN_START | Duration: 5000ms | Filter_IoT: True
2025-12-27 23:22:46.384 | INFO     | Scan concluído: 0 dispositivos encontrados
2025-12-27 23:22:46.386 | INFO     | [OP-20251227_232211-0004] SCAN_RESULT | Devices_Found: 0
2025-12-27 23:22:46.387 | INFO     | Scan concluído: 0 dispositivos IoT encontrados
2025-12-27 23:23:03.729 | INFO     | A iniciar scan de vizinhos...
2025-12-27 23:23:03.731 | DEBUG    | A limpar cache de scan BLE...
2025-12-27 23:23:03.938 | DEBUG    | Cache de scan limpo
2025-12-27 23:23:03.939 | INFO     | A fazer scan BLE durante 5000ms...
2025-12-27 23:23:03.942 | INFO     | [OP-20251227_232211-0005] SCAN_START | Duration: 5000ms | Filter_IoT: True
2025-12-27 23:23:08.968 | INFO     | Scan concluído: 0 dispositivos encontrados
2025-12-27 23:23:08.969 | INFO     | [OP-20251227_232211-0006] SCAN_RESULT | Devices_Found: 0
2025-12-27 23:23:08.970 | INFO     | Scan concluído: 0 dispositivos IoT encontrados
2025-12-27 23:23:17.135 | INFO     | A iniciar scan de vizinhos...
2025-12-27 23:23:17.137 | DEBUG    | A limpar cache de scan BLE...
2025-12-27 23:23:17.346 | DEBUG    | Cache de scan limpo
2025-12-27 23:23:17.346 | INFO     | A fazer scan BLE durante 5000ms...
2025-12-27 23:23:17.347 | INFO     | [OP-20251227_232211-0007] SCAN_START | Duration: 5000ms | Filter_IoT: True
2025-12-27 23:23:22.369 | INFO     | Scan concluído: 0 dispositivos encontrados
2025-12-27 23:23:22.370 | INFO     | [OP-20251227_232211-0008] SCAN_RESULT | Devices_Found: 0
2025-12-27 23:23:22.371 | INFO     | Scan concluído: 0 dispositivos IoT encontrados
2025-12-27 23:23:45.685 | INFO     | A iniciar scan de vizinhos...
2025-12-27 23:23:45.687 | DEBUG    | A limpar cache de scan BLE...
2025-12-27 23:23:45.895 | DEBUG    | Cache de scan limpo
2025-12-27 23:23:45.895 | INFO     | A fazer scan BLE durante 5000ms...
2025-12-27 23:23:45.897 | INFO     | [OP-20251227_232211-0009] SCAN_START | Duration: 5000ms | Filter_IoT: True
2025-12-27 23:23:51.015 | INFO     | Scan concluído: 0 dispositivos encontrados
2025-12-27 23:23:51.016 | INFO     | [OP-20251227_232211-0010] SCAN_RESULT | Devices_Found: 0
2025-12-27 23:23:51.017 | INFO     | Scan concluído: 0 dispositivos IoT encontrados
2025-12-27 23:24:12.453 | INFO     | A iniciar scan de vizinhos...
2025-12-27 23:24:12.453 | DEBUG    | A limpar cache de scan BLE...
2025-12-27 23:24:12.658 | DEBUG    | Cache de scan limpo
2025-12-27 23:24:12.659 | INFO     | A fazer scan BLE durante 5000ms...
2025-12-27 23:24:12.662 | INFO     | [OP-20251227_232211-0011] SCAN_START | Duration: 5000ms | Filter_IoT: True
2025-12-27 23:24:17.684 | INFO     | Scan concluído: 0 dispositivos encontrados
2025-12-27 23:24:17.686 | INFO     | [OP-20251227_232211-0012] SCAN_RESULT | Devices_Found: 0
2025-12-27 23:24:17.687 | INFO     | Scan concluído: 0 dispositivos IoT encontrados
