2026-01-04 16:39:30.451 | INFO     | BLE Operation Logger iniciado: ble_operations_E0D362D6EEA0_20260104_163930.log
2026-01-04 16:39:30.452 | INFO     | Scanner BLE iniciado: hci0 (E0:D3:62:D6:EE:A0)
2026-01-04 16:39:30.452 | INFO     | BLE Client iniciado
2026-01-04 16:39:30.453 | DEBUG    | FragmentReassembler inicializado
2026-01-04 16:39:30.453 | INFO     | ReplayProtection iniciado (window_size=100)
2026-01-04 16:39:30.453 | INFO     | 🔀 Router Daemon inicializado para NID=0abd8260...
2026-01-04 16:39:30.454 | DEBUG    | ✅ Send callback configurado
2026-01-04 16:39:30.455 | DEBUG    | ✅ Handler registado para MessageType(1)
2026-01-04 16:39:30.456 | DEBUG    | ✅ Handler registado para MessageType(2)
2026-01-04 16:39:30.457 | INFO     | IoT Node inicializado (adapter=hci0)
2026-01-04 16:39:30.457 | INFO     | ✅ Router Daemon integrado
2026-01-04 16:39:30.457 | INFO     | A configurar GATT Server...
2026-01-04 16:39:30.461 | INFO     | Application criada: /
2026-01-04 16:39:30.461 | INFO     | Service criado: /0 (UUID: 12340000-0000-1000-8000-00805f9b34fb, primary: True)
2026-01-04 16:39:30.462 | INFO     | A criar IoTNetworkService...
2026-01-04 16:39:30.463 | DEBUG    | Characteristic criada: /0/char0 (UUID: 12340001-0000-1000-8000-00805f9b34fb, flags: ['write', 'notify'])
2026-01-04 16:39:30.463 | INFO     | NetworkPacketCharacteristic criada
2026-01-04 16:39:30.464 | DEBUG    | Characteristic criada: /0/char1 (UUID: 12340002-0000-1000-8000-00805f9b34fb, flags: ['read'])
2026-01-04 16:39:30.464 | INFO     | DeviceInfoCharacteristic criada: NID=0abd8260..., type=node
2026-01-04 16:39:30.465 | DEBUG    | Characteristic criada: /0/char2 (UUID: 12340003-0000-1000-8000-00805f9b34fb, flags: ['read', 'notify'])
2026-01-04 16:39:30.465 | INFO     | NeighborTableCharacteristic criada
2026-01-04 16:39:30.466 | DEBUG    | Characteristic criada: /0/char3 (UUID: 12340004-0000-1000-8000-00805f9b34fb, flags: ['write', 'indicate'])
2026-01-04 16:39:30.467 | INFO     | AuthCharacteristic criada
2026-01-04 16:39:30.468 | DEBUG    | Characteristic adicionada a /0: /0/char0
2026-01-04 16:39:30.468 | DEBUG    | Characteristic adicionada a /0: /0/char1
2026-01-04 16:39:30.468 | DEBUG    | Characteristic adicionada a /0: /0/char2
2026-01-04 16:39:30.468 | DEBUG    | Characteristic adicionada a /0: /0/char3
2026-01-04 16:39:30.468 | INFO     | ✅ IoTNetworkService criado com sucesso!
2026-01-04 16:39:30.469 | INFO     | Service adicionado à aplicação: /0
2026-01-04 16:39:30.470 | DEBUG    | Packet callback definido
2026-01-04 16:39:30.470 | DEBUG    | Auth callback definido
2026-01-04 16:39:30.471 | INFO     | Advertisement criado: /org/bluez/iot/advertisement0 (type: peripheral)
2026-01-04 16:39:30.471 | INFO     | ✅ Service UUID adicionado ao advertising: 12340000-0000-1000-8000-00805f9b34fb
2026-01-04 16:39:30.472 | INFO     |    Lista atual de UUIDs: ['12340000-0000-1000-8000-00805f9b34fb']
2026-01-04 16:39:30.473 | DEBUG    | Local name definido: IoT-Node-0abd8260
2026-01-04 16:39:30.473 | DEBUG    | Manufacturer data adicionado: ID=65535
2026-01-04 16:39:30.473 | INFO     | 🔄 Advertising contínuo configurado (duration=0)
2026-01-04 16:39:30.474 | INFO     | ✅ GATT Server configurado
2026-01-04 16:39:30.474 | INFO     | A iniciar GATT Server...
2026-01-04 16:39:30.492 | DEBUG    | GetManagedObjects called
2026-01-04 16:39:30.493 | DEBUG    | GetManagedObjects returning 5 objects
2026-01-04 16:39:30.493 | INFO     | ✅ GATT Server iniciado em thread separada
2026-01-04 16:39:30.494 | INFO     | ✅ Node Device iniciado - CLI interativo pronto
2026-01-04 16:39:30.633 | INFO     | ✅ GATT application registada!
2026-01-04 16:39:30.634 | DEBUG    | GetAll called on /org/bluez/iot/advertisement0
2026-01-04 16:39:30.634 | INFO     | 📡 Advertising com ServiceUUIDs: ['12340000-0000-1000-8000-00805f9b34fb']
2026-01-04 16:39:30.736 | INFO     | ✅ Advertisement registado!
2026-01-04 16:39:31.857 | INFO     | A fazer scan BLE durante 5000ms...
2026-01-04 16:39:31.858 | INFO     | [OP-20260104_163930-0001] SCAN_START | Duration: 5000ms | Filter_IoT: True
2026-01-04 16:39:36.881 | DEBUG    |   Encontrado: IoT-Sink-4e127252 (E0:D3:62:D7:47:03) RSSI: -48 dBm
2026-01-04 16:39:36.882 | INFO     | Scan concluído: 1 dispositivos encontrados
2026-01-04 16:39:36.883 | INFO     | [OP-20260104_163930-0002] SCAN_RESULT | Devices_Found: 1
2026-01-04 16:39:36.884 | DEBUG    | [OP-20260104_163930-0002]   Device_1: Name: IoT-Sink-4e127252 | Address: E0:D3:62:D7:47:03 | RSSI: -48 dBm | Services: 1
2026-01-04 16:39:36.884 | INFO     | A fazer scan BLE durante 5000ms...
2026-01-04 16:39:36.885 | INFO     | [OP-20260104_163930-0003] SCAN_START | Duration: 5000ms | Filter_IoT: True
2026-01-04 16:39:41.912 | DEBUG    |   Encontrado: IoT-Node-a40543fa (58:00:E3:66:74:7C) RSSI: -54 dBm
2026-01-04 16:39:41.918 | DEBUG    |   Encontrado: IoT-Sink-4e127252 (E0:D3:62:D7:47:03) RSSI: -46 dBm
2026-01-04 16:39:41.918 | INFO     | Scan concluído: 2 dispositivos encontrados
2026-01-04 16:39:41.919 | INFO     | [OP-20260104_163930-0004] SCAN_RESULT | Devices_Found: 2
2026-01-04 16:39:41.920 | DEBUG    | [OP-20260104_163930-0004]   Device_1: Name: IoT-Node-a40543fa | Address: 58:00:E3:66:74:7C | RSSI: -54 dBm | Services: 1
2026-01-04 16:39:41.921 | DEBUG    | [OP-20260104_163930-0004]   Device_2: Name: IoT-Sink-4e127252 | Address: E0:D3:62:D7:47:03 | RSSI: -46 dBm | Services: 1
2026-01-04 16:41:18.227 | INFO     | A fazer scan BLE durante 5000ms...
2026-01-04 16:41:18.229 | INFO     | [OP-20260104_163930-0005] SCAN_START | Duration: 5000ms | Filter_IoT: True
2026-01-04 16:41:23.341 | INFO     | Scan concluído: 0 dispositivos encontrados
2026-01-04 16:41:23.342 | INFO     | [OP-20260104_163930-0006] SCAN_RESULT | Devices_Found: 0
2026-01-04 16:41:23.345 | INFO     | A fazer scan BLE durante 5000ms...
2026-01-04 16:41:23.346 | INFO     | [OP-20260104_163930-0007] SCAN_START | Duration: 5000ms | Filter_IoT: True
2026-01-04 16:41:28.374 | DEBUG    |   Encontrado: IoT-Sink-4e127252 (E0:D3:62:D7:47:03) RSSI: -52 dBm
2026-01-04 16:41:28.374 | INFO     | Scan concluído: 1 dispositivos encontrados
2026-01-04 16:41:28.376 | INFO     | [OP-20260104_163930-0008] SCAN_RESULT | Devices_Found: 1
2026-01-04 16:41:28.377 | DEBUG    | [OP-20260104_163930-0008]   Device_1: Name: IoT-Sink-4e127252 | Address: E0:D3:62:D7:47:03 | RSSI: -52 dBm | Services: 1
2026-01-04 16:41:30.959 | INFO     | A fazer scan BLE durante 5000ms...
2026-01-04 16:41:30.960 | INFO     | [OP-20260104_163930-0009] SCAN_START | Duration: 5000ms | Filter_IoT: True
2026-01-04 16:41:36.081 | INFO     | Scan concluído: 0 dispositivos encontrados
2026-01-04 16:41:36.083 | INFO     | [OP-20260104_163930-0010] SCAN_RESULT | Devices_Found: 0
2026-01-04 16:41:36.084 | INFO     | A fazer scan BLE durante 5000ms...
2026-01-04 16:41:36.086 | INFO     | [OP-20260104_163930-0011] SCAN_START | Duration: 5000ms | Filter_IoT: True
2026-01-04 16:41:41.109 | DEBUG    |   Encontrado: IoT-Sink-4e127252 (E0:D3:62:D7:47:03) RSSI: -46 dBm
2026-01-04 16:41:41.109 | INFO     | Scan concluído: 1 dispositivos encontrados
2026-01-04 16:41:41.110 | INFO     | [OP-20260104_163930-0012] SCAN_RESULT | Devices_Found: 1
2026-01-04 16:41:41.112 | DEBUG    | [OP-20260104_163930-0012]   Device_1: Name: IoT-Sink-4e127252 | Address: E0:D3:62:D7:47:03 | RSSI: -46 dBm | Services: 1
2026-01-04 16:41:43.951 | INFO     | A fazer scan BLE durante 5000ms...
2026-01-04 16:41:43.952 | INFO     | [OP-20260104_163930-0013] SCAN_START | Duration: 5000ms | Filter_IoT: True
2026-01-04 16:41:49.195 | DEBUG    |   Encontrado: IoT-Sink-4e127252 (E0:D3:62:D7:47:03) RSSI: -48 dBm
2026-01-04 16:41:49.195 | INFO     | Scan concluído: 1 dispositivos encontrados
2026-01-04 16:41:49.196 | INFO     | [OP-20260104_163930-0014] SCAN_RESULT | Devices_Found: 1
2026-01-04 16:41:49.197 | DEBUG    | [OP-20260104_163930-0014]   Device_1: Name: IoT-Sink-4e127252 | Address: E0:D3:62:D7:47:03 | RSSI: -48 dBm | Services: 1
2026-01-04 16:41:49.198 | INFO     | A fazer scan BLE durante 5000ms...
2026-01-04 16:41:49.199 | INFO     | [OP-20260104_163930-0015] SCAN_START | Duration: 5000ms | Filter_IoT: True
2026-01-04 16:41:54.224 | DEBUG    |   Encontrado: IoT-Sink-4e127252 (E0:D3:62:D7:47:03) RSSI: -44 dBm
2026-01-04 16:41:54.225 | INFO     | Scan concluído: 1 dispositivos encontrados
2026-01-04 16:41:54.226 | INFO     | [OP-20260104_163930-0016] SCAN_RESULT | Devices_Found: 1
2026-01-04 16:41:54.227 | DEBUG    | [OP-20260104_163930-0016]   Device_1: Name: IoT-Sink-4e127252 | Address: E0:D3:62:D7:47:03 | RSSI: -44 dBm | Services: 1
2026-01-04 16:42:28.645 | INFO     | A parar Node...
2026-01-04 16:42:28.646 | INFO     | A parar GATT Server...
2026-01-04 16:42:28.649 | INFO     | ✅ GATT Server parado
2026-01-04 16:42:28.651 | INFO     | ✅ Node parado
