2026-01-02 20:45:35.862 | INFO     | BLE Operation Logger iniciado: ble_operations_E0D362D6EEA0_20260102_204535.log
2026-01-02 20:45:35.862 | INFO     | Scanner BLE iniciado: hci0 (E0:D3:62:D6:EE:A0)
2026-01-02 20:45:35.863 | INFO     | BLE Client iniciado
2026-01-02 20:45:35.863 | DEBUG    | FragmentReassembler inicializado
2026-01-02 20:45:35.863 | INFO     | IoT Node inicializado (adapter=hci0)
2026-01-02 20:45:35.864 | INFO     | A configurar GATT Server...
2026-01-02 20:45:35.867 | INFO     | Application criada: /
2026-01-02 20:45:35.867 | INFO     | Service criado: /0 (UUID: 12340000-0000-1000-8000-00805f9b34fb, primary: True)
2026-01-02 20:45:35.868 | INFO     | A criar IoTNetworkService...
2026-01-02 20:45:35.868 | DEBUG    | Characteristic criada: /0/char0 (UUID: 12340001-0000-1000-8000-00805f9b34fb, flags: ['write', 'notify'])
2026-01-02 20:45:35.869 | INFO     | NetworkPacketCharacteristic criada
2026-01-02 20:45:35.869 | DEBUG    | Characteristic criada: /0/char1 (UUID: 12340002-0000-1000-8000-00805f9b34fb, flags: ['read'])
2026-01-02 20:45:35.870 | INFO     | DeviceInfoCharacteristic criada: NID=74383752..., type=node
2026-01-02 20:45:35.870 | DEBUG    | Characteristic criada: /0/char2 (UUID: 12340003-0000-1000-8000-00805f9b34fb, flags: ['read', 'notify'])
2026-01-02 20:45:35.870 | INFO     | NeighborTableCharacteristic criada
2026-01-02 20:45:35.871 | DEBUG    | Characteristic criada: /0/char3 (UUID: 12340004-0000-1000-8000-00805f9b34fb, flags: ['write', 'indicate'])
2026-01-02 20:45:35.871 | INFO     | AuthCharacteristic criada
2026-01-02 20:45:35.872 | DEBUG    | Characteristic adicionada a /0: /0/char0
2026-01-02 20:45:35.872 | DEBUG    | Characteristic adicionada a /0: /0/char1
2026-01-02 20:45:35.872 | DEBUG    | Characteristic adicionada a /0: /0/char2
2026-01-02 20:45:35.872 | DEBUG    | Characteristic adicionada a /0: /0/char3
2026-01-02 20:45:35.872 | INFO     | ✅ IoTNetworkService criado com sucesso!
2026-01-02 20:45:35.873 | INFO     | Service adicionado à aplicação: /0
2026-01-02 20:45:35.874 | DEBUG    | Packet callback definido
2026-01-02 20:45:35.874 | DEBUG    | Auth callback definido
2026-01-02 20:45:35.875 | INFO     | Advertisement criado: /org/bluez/iot/advertisement0 (type: peripheral)
2026-01-02 20:45:35.875 | INFO     | ✅ Service UUID adicionado ao advertising: 12340000-0000-1000-8000-00805f9b34fb
2026-01-02 20:45:35.876 | INFO     |    Lista atual de UUIDs: ['12340000-0000-1000-8000-00805f9b34fb']
2026-01-02 20:45:35.877 | DEBUG    | Local name definido: IoT-Node-74383752
2026-01-02 20:45:35.877 | DEBUG    | Manufacturer data adicionado: ID=65535
2026-01-02 20:45:35.877 | INFO     | ✅ GATT Server configurado
2026-01-02 20:45:35.877 | INFO     | A iniciar GATT Server...
2026-01-02 20:45:35.881 | INFO     | ✅ GATT Server iniciado em thread separada
2026-01-02 20:45:35.881 | INFO     | ✅ Node Device iniciado - CLI interativo pronto
2026-01-02 20:45:35.886 | DEBUG    | GetManagedObjects called
2026-01-02 20:45:35.887 | DEBUG    | GetManagedObjects returning 5 objects
2026-01-02 20:45:35.954 | INFO     | ✅ GATT application registada!
2026-01-02 20:45:35.955 | DEBUG    | GetAll called on /org/bluez/iot/advertisement0
2026-01-02 20:45:35.955 | INFO     | 📡 Advertising com ServiceUUIDs: ['12340000-0000-1000-8000-00805f9b34fb']
2026-01-02 20:45:36.056 | INFO     | ✅ Advertisement registado!
2026-01-02 20:45:38.678 | INFO     | A parar Node...
2026-01-02 20:45:38.679 | INFO     | A parar GATT Server...
2026-01-02 20:45:38.680 | INFO     | ✅ GATT Server parado
2026-01-02 20:45:38.680 | INFO     | ✅ Node parado
