2026-01-02 02:32:38.149 | INFO     | BLE Operation Logger iniciado: ble_operations_A08869B6F7D2_20260102_023238.log
2026-01-02 02:32:38.149 | INFO     | Scanner BLE iniciado: hci0 (A0:88:69:B6:F7:D2)
2026-01-02 02:32:38.150 | INFO     | BLE Client iniciado
2026-01-02 02:32:38.151 | DEBUG    | FragmentReassembler inicializado
2026-01-02 02:32:38.152 | INFO     | IoT Node inicializado (adapter=hci0)
2026-01-02 02:32:38.153 | INFO     | ============================================================
2026-01-02 02:32:38.154 | INFO     |   A iniciar IoT Node (dual-mode)
2026-01-02 02:32:38.155 | INFO     | ============================================================
2026-01-02 02:32:38.156 | INFO     | A configurar GATT Server...
2026-01-02 02:32:38.159 | INFO     | Application criada: /
2026-01-02 02:32:38.160 | INFO     | Service criado: /0 (UUID: 12340000-0000-1000-8000-00805f9b34fb, primary: True)
2026-01-02 02:32:38.161 | INFO     | A criar IoTNetworkService...
2026-01-02 02:32:38.162 | DEBUG    | Characteristic criada: /0/char0 (UUID: 12340001-0000-1000-8000-00805f9b34fb, flags: ['write', 'notify'])
2026-01-02 02:32:38.162 | INFO     | NetworkPacketCharacteristic criada
2026-01-02 02:32:38.162 | DEBUG    | Characteristic criada: /0/char1 (UUID: 12340002-0000-1000-8000-00805f9b34fb, flags: ['read'])
2026-01-02 02:32:38.162 | INFO     | DeviceInfoCharacteristic criada: NID=53a84472..., type=node
2026-01-02 02:32:38.163 | DEBUG    | Characteristic criada: /0/char2 (UUID: 12340003-0000-1000-8000-00805f9b34fb, flags: ['read', 'notify'])
2026-01-02 02:32:38.163 | INFO     | NeighborTableCharacteristic criada
2026-01-02 02:32:38.165 | DEBUG    | Characteristic criada: /0/char3 (UUID: 12340004-0000-1000-8000-00805f9b34fb, flags: ['write', 'indicate'])
2026-01-02 02:32:38.165 | INFO     | AuthCharacteristic criada
2026-01-02 02:32:38.166 | DEBUG    | Characteristic adicionada a /0: /0/char0
2026-01-02 02:32:38.166 | DEBUG    | Characteristic adicionada a /0: /0/char1
2026-01-02 02:32:38.166 | DEBUG    | Characteristic adicionada a /0: /0/char2
2026-01-02 02:32:38.166 | DEBUG    | Characteristic adicionada a /0: /0/char3
2026-01-02 02:32:38.167 | INFO     | ✅ IoTNetworkService criado com sucesso!
2026-01-02 02:32:38.167 | INFO     | Service adicionado à aplicação: /0
2026-01-02 02:32:38.168 | DEBUG    | Packet callback definido
2026-01-02 02:32:38.168 | DEBUG    | Auth callback definido
2026-01-02 02:32:38.168 | INFO     | Advertisement criado: /org/bluez/iot/advertisement0 (type: peripheral)
2026-01-02 02:32:38.169 | INFO     | ✅ Service UUID adicionado ao advertising: 12340000-0000-1000-8000-00805f9b34fb
2026-01-02 02:32:38.169 | INFO     |    Lista atual de UUIDs: ['12340000-0000-1000-8000-00805f9b34fb']
2026-01-02 02:32:38.170 | DEBUG    | Local name definido: IoT-Node-53a84472
2026-01-02 02:32:38.170 | DEBUG    | Manufacturer data adicionado: ID=65535
2026-01-02 02:32:38.171 | INFO     | ✅ GATT Server configurado
2026-01-02 02:32:38.171 | INFO     | A iniciar GATT Server...
2026-01-02 02:32:38.173 | INFO     | ✅ GATT Server iniciado em thread separada
2026-01-02 02:32:38.174 | INFO     | ✅ GATT Server ativo - aguardando downlinks
2026-01-02 02:32:38.175 | INFO     | 🔍 A procurar Sink...
2026-01-02 02:32:38.178 | INFO     | A fazer scan BLE durante 5000ms...
2026-01-02 02:32:38.179 | INFO     | [OP-20260102_023238-0001] SCAN_START | Duration: 5000ms | Filter_IoT: True
2026-01-02 02:32:38.182 | DEBUG    | GetManagedObjects called
2026-01-02 02:32:38.183 | DEBUG    | GetManagedObjects returning 5 objects
2026-01-02 02:32:38.246 | INFO     | ✅ GATT application registada!
2026-01-02 02:32:38.248 | DEBUG    | GetAll called on /org/bluez/iot/advertisement0
2026-01-02 02:32:38.248 | INFO     | 📡 Advertising com ServiceUUIDs: ['12340000-0000-1000-8000-00805f9b34fb']
2026-01-02 02:32:38.296 | INFO     | ✅ Advertisement registado!
2026-01-02 02:32:43.389 | DEBUG    |   Encontrado: IoT-Sink-c5c55ab2 (E0:D3:62:D6:EE:A0) RSSI: -58 dBm
2026-01-02 02:32:43.391 | INFO     | Scan concluído: 1 dispositivos encontrados
2026-01-02 02:32:43.392 | INFO     | [OP-20260102_023238-0002] SCAN_RESULT | Devices_Found: 1
2026-01-02 02:32:43.393 | DEBUG    | [OP-20260102_023238-0002]   Device_1: Name: IoT-Sink-c5c55ab2 | Address: E0:D3:62:D6:EE:A0 | RSSI: -58 dBm | Services: 1
2026-01-02 02:32:43.393 | INFO     | Encontrados 1 dispositivos IoT
2026-01-02 02:32:43.394 | DEBUG    |   Device: IoT-Sink-c5c55ab2 (E0:D3:62:D6:EE:A0) RSSI: -58 dBm
2026-01-02 02:32:43.394 | DEBUG    |     Type=0, HopCount=255
2026-01-02 02:32:43.395 | INFO     | ✅ Sink encontrado: IoT-Sink-c5c55ab2 (E0:D3:62:D6:EE:A0) RSSI: -58 dBm
2026-01-02 02:32:43.395 | INFO     | A conectar ao Sink E0:D3:62:D6:EE:A0...
2026-01-02 02:32:43.397 | DEBUG    | BLEConnection criada para E0:D3:62:D6:EE:A0
2026-01-02 02:32:43.397 | INFO     | A conectar a E0:D3:62:D6:EE:A0...
2026-01-02 02:32:43.400 | INFO     | [OP-20260102_023238-0003] CONNECT_ATTEMPT | Local: A0:88:69:B6:F7:D2 | Remote: E0:D3:62:D6:EE:A0
2026-01-02 02:32:46.499 | INFO     | ✅ Conectado a E0:D3:62:D6:EE:A0
2026-01-02 02:32:46.500 | INFO     | [OP-20260102_023238-0004] CONNECT_SUCCESS | Remote: E0:D3:62:D6:EE:A0 | Time: 3096.39ms
2026-01-02 02:32:46.501 | DEBUG    | ✅ Conexão estabelecida. Operações GATT usarão D-Bus se necessário.
2026-01-02 02:32:46.502 | INFO     | ✅ Conectado ao Sink via GATT
2026-01-02 02:32:46.505 | DEBUG    | Descobertos 4 serviços
2026-01-02 02:32:46.509 | DEBUG    | Serviço 12340000-0000-1000-8000-00805f9b34fb encontrado
2026-01-02 02:32:46.510 | INFO     | ✅ Serviço IoT Network encontrado
2026-01-02 02:32:46.513 | INFO     | A subscrever a notificações...
2026-01-02 02:32:47.031 | INFO     | ✅ Subscrito a notificações: 12340001-0000-1000-8000-00805f9b34fb
2026-01-02 02:32:47.032 | INFO     | [OP-20260102_023238-0005] SUBSCRIBE_SUCCESS | Remote: E0:D3:62:D6:EE:A0 | Char: 12340001-0000-1000-8000-00805f9b34fb
2026-01-02 02:32:47.032 | INFO     | ✅ Subscrito a NETWORK_PACKET
2026-01-02 02:32:47.033 | DEBUG    | [OP-20260102_023238-0006] READ_REQUEST | Remote: E0:D3:62:D6:EE:A0 | Service: 12340000-0000-1000-8000-00805f9b34fb | Char: 12340002-0000-1000-8000-00805f9b34fb
2026-01-02 02:32:47.113 | DEBUG    | Read 12340002-0000-1000-8000-00805f9b34fb: 18 bytes
2026-01-02 02:32:47.114 | INFO     | [OP-20260102_023238-0007] READ_RESPONSE | Remote: E0:D3:62:D6:EE:A0 | Char: 12340002-0000-1000-8000-00805f9b34fb | Data: 18 bytes | Hex: c5c55ab2c469427db40fbf51ab0af380ff01 | ASCII: ..Z..iB}...Q......
2026-01-02 02:32:47.114 | INFO     | ✅ Conectado ao Sink - hop_count=0
2026-01-02 02:32:47.115 | DEBUG    | Manufacturer data adicionado: ID=65535
2026-01-02 02:32:47.115 | DEBUG    | Advertisement atualizado: hop_count=0
2026-01-02 02:32:47.117 | INFO     | 🔐 A iniciar autenticação com Sink...
2026-01-02 02:32:47.118 | DEBUG    | 📡 A subscrever a AUTH characteristic...
2026-01-02 02:32:47.212 | INFO     | ✅ Subscrito a notificações: 12340004-0000-1000-8000-00805f9b34fb
2026-01-02 02:32:47.213 | INFO     | [OP-20260102_023238-0008] SUBSCRIBE_SUCCESS | Remote: E0:D3:62:D6:EE:A0 | Char: 12340004-0000-1000-8000-00805f9b34fb
2026-01-02 02:32:47.214 | DEBUG    | ✅ Subscrito a AUTH indications
2026-01-02 02:32:47.214 | INFO     | AuthenticationProtocol inicializado para 53a84472...
2026-01-02 02:32:47.214 | INFO     | 📤 Enviando certificado...
2026-01-02 02:32:47.214 | INFO     | 🔐 Iniciando autenticação - enviando certificado...
2026-01-02 02:32:47.215 | INFO     |    Certificado: 887 bytes
2026-01-02 02:32:47.215 | DEBUG    |    Estado: IDLE → CERT_SENT
2026-01-02 02:32:47.215 | INFO     | Fragmentando mensagem de 890 bytes em 5 fragmentos
2026-01-02 02:32:47.215 | DEBUG    |   Fragmento 1/5: 180 bytes, flags=0x01
2026-01-02 02:32:47.216 | DEBUG    |   Fragmento 2/5: 180 bytes, flags=0x00
2026-01-02 02:32:47.216 | DEBUG    |   Fragmento 3/5: 180 bytes, flags=0x00
2026-01-02 02:32:47.216 | DEBUG    |   Fragmento 4/5: 180 bytes, flags=0x00
2026-01-02 02:32:47.216 | DEBUG    |   Fragmento 5/5: 170 bytes, flags=0x02
2026-01-02 02:32:47.216 | DEBUG    | Enviando mensagem auth: 890 bytes em 5 fragmento(s)
2026-01-02 02:32:47.217 | INFO     | [OP-20260102_023238-0009] WRITE_REQUEST | Remote: E0:D3:62:D6:EE:A0 | Char: 12340004-0000-1000-8000-00805f9b34fb | Data: 183 bytes | Hex: 0100050103772d2d2d2d2d424547494e2043455254494649434154452d2d2d2d2d0a4d4949435954434341634b674177494241674955657479325a6c55354642 | ASCII: .....w-----BEGIN CERTIFICATE-----.MIICYTCCAcKgAwIBAgIUety2ZlU5FB [TRUNCATED]
2026-01-02 02:32:47.362 | DEBUG    | ✅ Write via SimpleBLE: 12340004-0000-1000-8000-00805f9b34fb (183 bytes)
2026-01-02 02:32:47.362 | INFO     | [OP-20260102_023238-0010] WRITE_SUCCESS | Remote: E0:D3:62:D6:EE:A0 | Char: 12340004-0000-1000-8000-00805f9b34fb
2026-01-02 02:32:47.363 | DEBUG    |   Fragmento 1/5 enviado
2026-01-02 02:32:47.464 | INFO     | [OP-20260102_023238-0011] WRITE_REQUEST | Remote: E0:D3:62:D6:EE:A0 | Char: 12340004-0000-1000-8000-00805f9b34fb | Data: 183 bytes | Hex: 0001054d446b6c765643424f5a58523362334a7249454e424d423458445449314d5449794f54497a4e44517a4d6c6f580a44544d314d5449794e7a497a4e4451 | ASCII: ...MDklvVCBOZXR3b3JrIENBMB4XDTI1MTIyOTIzNDQzMloX.DTM1MTIyNzIzNDQ [TRUNCATED]
2026-01-02 02:32:47.612 | DEBUG    | ✅ Write via SimpleBLE: 12340004-0000-1000-8000-00805f9b34fb (183 bytes)
2026-01-02 02:32:47.612 | INFO     | [OP-20260102_023238-0012] WRITE_SUCCESS | Remote: E0:D3:62:D6:EE:A0 | Char: 12340004-0000-1000-8000-00805f9b34fb
2026-01-02 02:32:47.612 | DEBUG    |   Fragmento 2/5 enviado
2026-01-02 02:32:47.714 | INFO     | [OP-20260102_023238-0013] WRITE_REQUEST | Remote: E0:D3:62:D6:EE:A0 | Char: 12340004-0000-1000-8000-00805f9b34fb | Data: 183 bytes | Hex: 000205675a7377454159484b6f5a497a6a3043415159464b34454541434d44675959414241456a5a664e4f582f456157716c626755424372633971676b43350a | ASCII: ...gZswEAYHKoZIzj0CAQYFK4EEACMDgYYABAEjZfNOX/EaWqlbgUBCrc9qgkC5. [TRUNCATED]
2026-01-02 02:32:47.862 | DEBUG    | ✅ Write via SimpleBLE: 12340004-0000-1000-8000-00805f9b34fb (183 bytes)
2026-01-02 02:32:47.863 | INFO     | [OP-20260102_023238-0014] WRITE_SUCCESS | Remote: E0:D3:62:D6:EE:A0 | Char: 12340004-0000-1000-8000-00805f9b34fb
2026-01-02 02:32:47.864 | DEBUG    |   Fragmento 3/5 enviado
2026-01-02 02:32:47.965 | INFO     | [OP-20260102_023238-0015] WRITE_REQUEST | Remote: E0:D3:62:D6:EE:A0 | Char: 12340004-0000-1000-8000-00805f9b34fb | Data: 183 bytes | Hex: 000305322b7557522b624835560a3147525a7964677179532f365a50456b4778617937714d344d44597744415944565230544151482f424149774144414f4267 | ASCII: ...2+uWR+bH5V.1GRZydgqyS/6ZPEkGxay7qM4MDYwDAYDVR0TAQH/BAIwADAOBg [TRUNCATED]
2026-01-02 02:32:48.111 | DEBUG    | ✅ Write via SimpleBLE: 12340004-0000-1000-8000-00805f9b34fb (183 bytes)
2026-01-02 02:32:48.112 | INFO     | [OP-20260102_023238-0016] WRITE_SUCCESS | Remote: E0:D3:62:D6:EE:A0 | Char: 12340004-0000-1000-8000-00805f9b34fb
2026-01-02 02:32:48.112 | DEBUG    |   Fragmento 4/5 enviado
2026-01-02 02:32:48.215 | INFO     | [OP-20260102_023238-0017] WRITE_REQUEST | Remote: E0:D3:62:D6:EE:A0 | Char: 12340004-0000-1000-8000-00805f9b34fb | Data: 173 bytes | Hex: 0204057a4233785053466831484d2f79427553464f702f794b5767580a69446f397832696f457134374b4e51567878794859475143516744444c625662666e58 | ASCII: ...zB3xPSFh1HM/yBuSFOp/yKWgX.iDo9x2ioEq47KNQVxxyHYGQCQgDDLbVbfnX [TRUNCATED]
2026-01-02 02:32:48.312 | DEBUG    | ✅ Write via SimpleBLE: 12340004-0000-1000-8000-00805f9b34fb (173 bytes)
2026-01-02 02:32:48.312 | INFO     | [OP-20260102_023238-0018] WRITE_SUCCESS | Remote: E0:D3:62:D6:EE:A0 | Char: 12340004-0000-1000-8000-00805f9b34fb
2026-01-02 02:32:48.313 | DEBUG    |   Fragmento 5/5 enviado
2026-01-02 02:32:48.312 | INFO     | [OP-20260102_023238-0019] NOTIFICATION | Remote: E0:D3:62:D6:EE:A0 | Char: 12340004-0000-1000-8000-00805f9b34fb | Data: 38 bytes | Hex: 030001020020330c774d44b33abca467820f0a7bf05f2c566deffb5828489a3f2a290d70f886 | ASCII: ..... 3.wMD.:..g...{._,Vm..X(H.?*).p..
2026-01-02 02:32:48.314 | DEBUG    | 🔐 AUTH indication recebida: 38 bytes
2026-01-02 02:32:48.314 | DEBUG    | Fragmento recebido: seq=0, total=1, payload=35 bytes, flags=0x03
2026-01-02 02:32:48.314 | INFO     | Iniciando recepção de 1 fragmentos
2026-01-02 02:32:48.314 | DEBUG    | Fragmento 1/1 armazenado (1 de 1 recebidos)
2026-01-02 02:32:48.315 | INFO     | ✅ Mensagem reconstruída: 35 bytes (1 fragmentos)
2026-01-02 02:32:48.315 | DEBUG    | FragmentReassembler resetado
2026-01-02 02:32:48.315 | DEBUG    | 🔐 AUTH mensagem completa: 35 bytes
2026-01-02 02:32:48.413 | DEBUG    | Autenticação round 1/10
2026-01-02 02:32:48.914 | DEBUG    | Resposta auth lida do buffer: 35 bytes
2026-01-02 02:32:48.914 | DEBUG    | 📨 Recebido: AuthMessage(type=CHALLENGE, payload=32 bytes)
2026-01-02 02:32:48.915 | INFO     | 🎲 Challenge recebido - gerando response...
2026-01-02 02:32:48.916 | DEBUG    |    Challenge: 330c774d44b33abca467820f0a7bf05f...
2026-01-02 02:32:48.926 | INFO     | ✍️  Response gerada: 139 bytes
2026-01-02 02:32:48.927 | DEBUG    |    Estado: CHALLENGE_RECEIVED
2026-01-02 02:32:48.928 | DEBUG    | 📤 Enviando resposta (142 bytes)
2026-01-02 02:32:48.928 | DEBUG    | Mensagem pequena (142 bytes), 1 fragmento
2026-01-02 02:32:48.929 | DEBUG    | Enviando mensagem auth: 142 bytes em 1 fragmento(s)
2026-01-02 02:32:48.932 | INFO     | [OP-20260102_023238-0020] WRITE_REQUEST | Remote: E0:D3:62:D6:EE:A0 | Char: 12340004-0000-1000-8000-00805f9b34fb | Data: 145 bytes | Hex: 03000103008b30818802420114e803c140cc1c314f1cdae4ef2d1c8e652a80468f99109ee6e0e8f9af96dad8bff1f7cad3cba7f1e62dc32d1e606fc905913efe | ASCII: ......0...B.....@..1O....-..e*.F.....................-.-.`o...>. [TRUNCATED]
2026-01-02 02:32:49.012 | DEBUG    | ✅ Write via SimpleBLE: 12340004-0000-1000-8000-00805f9b34fb (145 bytes)
2026-01-02 02:32:49.013 | INFO     | [OP-20260102_023238-0021] WRITE_SUCCESS | Remote: E0:D3:62:D6:EE:A0 | Char: 12340004-0000-1000-8000-00805f9b34fb
2026-01-02 02:32:49.014 | DEBUG    |   Fragmento 1/1 enviado
2026-01-02 02:32:49.014 | DEBUG    | Autenticação round 2/10
2026-01-02 02:32:49.014 | INFO     | [OP-20260102_023238-0022] NOTIFICATION | Remote: E0:D3:62:D6:EE:A0 | Char: 12340004-0000-1000-8000-00805f9b34fb | Data: 6 bytes | Hex: 030001040000 | ASCII: ......
2026-01-02 02:32:49.015 | DEBUG    | 🔐 AUTH indication recebida: 6 bytes
2026-01-02 02:32:49.015 | DEBUG    | Fragmento recebido: seq=0, total=1, payload=3 bytes, flags=0x03
2026-01-02 02:32:49.015 | INFO     | Iniciando recepção de 1 fragmentos
2026-01-02 02:32:49.015 | DEBUG    | Fragmento 1/1 armazenado (1 de 1 recebidos)
2026-01-02 02:32:49.015 | INFO     | ✅ Mensagem reconstruída: 3 bytes (1 fragmentos)
2026-01-02 02:32:49.016 | DEBUG    | FragmentReassembler resetado
2026-01-02 02:32:49.016 | DEBUG    | 🔐 AUTH mensagem completa: 3 bytes
2026-01-02 02:32:49.514 | DEBUG    | Resposta auth lida do buffer: 3 bytes
2026-01-02 02:32:49.515 | DEBUG    | 📨 Recebido: AuthMessage(type=AUTH_SUCCESS, payload=0 bytes)
2026-01-02 02:32:49.515 | INFO     | ✅ Peer confirmou autenticação bem sucedida!
2026-01-02 02:32:49.516 | INFO     | ✅ Autenticação bem-sucedida!
2026-01-02 02:32:49.517 | ERROR    | Certificados não disponíveis para derivar session key
2026-01-02 02:32:49.518 | INFO     | ============================================================
2026-01-02 02:32:49.522 | INFO     | ✅ Node pronto! Uplink conectado (hop=0)
2026-01-02 02:32:49.523 | INFO     | ============================================================
2026-01-02 02:32:49.767 | INFO     | [OP-20260102_023238-0023] NOTIFICATION | Remote: E0:D3:62:D6:EE:A0 | Char: 12340001-0000-1000-8000-00805f9b34fb | Data: 158 bytes | Hex: c5c55ab2c469427db40fbf51ab0af380c5c55ab2c469427db40fbf51ab0af380020100000003041e85338ce1e8b8327b0283c8229b860d6a0344f8a852176fb8 | ASCII: ..Z..iB}...Q......Z..iB}...Q.............3....2{..."...j.D..R.o. [TRUNCATED]
2026-01-02 02:32:49.768 | INFO     | Sink NID identificado: c5c55ab2...
2026-01-02 02:32:49.768 | DEBUG    | Novo source c5c55ab2...: seq=3 (primeiro pacote)
2026-01-02 02:32:49.769 | DEBUG    | 💓 Heartbeat recebido (seq=3, age=0.84s)
2026-01-02 02:32:54.768 | INFO     | [OP-20260102_023238-0024] NOTIFICATION | Remote: E0:D3:62:D6:EE:A0 | Char: 12340001-0000-1000-8000-00805f9b34fb | Data: 158 bytes | Hex: c5c55ab2c469427db40fbf51ab0af380c5c55ab2c469427db40fbf51ab0af38002010000000403d7cd7b40ad969dd6ce6c1bf2a7a8e415b61b32e9b2a98f39dd | ASCII: ..Z..iB}...Q......Z..iB}...Q.............{@.....l........2....9. [TRUNCATED]
2026-01-02 02:32:54.769 | DEBUG    | Source c5c55ab2...: seq=4 (novo highest, window: 2 seqs)
2026-01-02 02:32:54.770 | DEBUG    | 💓 Heartbeat recebido (seq=4, age=0.84s)
2026-01-02 02:32:59.768 | INFO     | [OP-20260102_023238-0025] NOTIFICATION | Remote: E0:D3:62:D6:EE:A0 | Char: 12340001-0000-1000-8000-00805f9b34fb | Data: 158 bytes | Hex: c5c55ab2c469427db40fbf51ab0af380c5c55ab2c469427db40fbf51ab0af380020100000005c463aceb7a6261553a70db3d08f93942ad3c777b91dd779b1cdb | ASCII: ..Z..iB}...Q......Z..iB}...Q...........c..zbaU:p.=..9B.<w{..w... [TRUNCATED]
2026-01-02 02:32:59.769 | DEBUG    | Source c5c55ab2...: seq=5 (novo highest, window: 3 seqs)
2026-01-02 02:32:59.770 | DEBUG    | 💓 Heartbeat recebido (seq=5, age=0.84s)
2026-01-02 02:33:02.971 | INFO     | 
Sinal 2 recebido, a parar...
2026-01-02 02:33:02.971 | INFO     | A parar Node...
2026-01-02 02:33:02.972 | INFO     | A parar GATT Server...
2026-01-02 02:33:02.972 | INFO     | ✅ GATT Server parado
2026-01-02 02:33:05.023 | INFO     | Desconectado de E0:D3:62:D6:EE:A0
2026-01-02 02:33:05.024 | INFO     | [OP-20260102_023238-0026] DISCONNECT | Remote: E0:D3:62:D6:EE:A0 | Reason: normal
2026-01-02 02:33:05.026 | INFO     | ✅ Node parado
2026-01-02 02:33:05.028 | WARNING  | ⚠️  Conexão perdida com Sink
2026-01-02 02:33:05.029 | INFO     | A parar Node...
2026-01-02 02:33:05.030 | INFO     | A parar GATT Server...
2026-01-02 02:33:05.030 | INFO     | ✅ GATT Server parado
2026-01-02 02:33:05.034 | INFO     | ✅ Node parado
