2026-01-04 04:13:47.191 | INFO     | BLE Operation Logger iniciado: ble_operations_E0D362D6EEA0_20260104_041347.log
2026-01-04 04:13:47.192 | INFO     | Scanner BLE iniciado: hci0 (E0:D3:62:D6:EE:A0)
2026-01-04 04:13:47.193 | INFO     | BLE Client iniciado
2026-01-04 04:13:47.193 | DEBUG    | FragmentReassembler inicializado
2026-01-04 04:13:47.193 | INFO     | ReplayProtection iniciado (window_size=100)
2026-01-04 04:13:47.194 | INFO     | 🔀 Router Daemon inicializado para NID=0abd8260...
2026-01-04 04:13:47.196 | DEBUG    | ✅ Send callback configurado
2026-01-04 04:13:47.196 | DEBUG    | ✅ Handler registado para MessageType(1)
2026-01-04 04:13:47.196 | DEBUG    | ✅ Handler registado para MessageType(2)
2026-01-04 04:13:47.196 | INFO     | IoT Node inicializado (adapter=hci0)
2026-01-04 04:13:47.197 | INFO     | ✅ Router Daemon integrado
2026-01-04 04:13:47.197 | INFO     | A configurar GATT Server...
2026-01-04 04:13:47.200 | INFO     | Application criada: /
2026-01-04 04:13:47.201 | INFO     | Service criado: /0 (UUID: 12340000-0000-1000-8000-00805f9b34fb, primary: True)
2026-01-04 04:13:47.202 | INFO     | A criar IoTNetworkService...
2026-01-04 04:13:47.203 | DEBUG    | Characteristic criada: /0/char0 (UUID: 12340001-0000-1000-8000-00805f9b34fb, flags: ['write', 'notify'])
2026-01-04 04:13:47.204 | INFO     | NetworkPacketCharacteristic criada
2026-01-04 04:13:47.205 | DEBUG    | Characteristic criada: /0/char1 (UUID: 12340002-0000-1000-8000-00805f9b34fb, flags: ['read'])
2026-01-04 04:13:47.206 | INFO     | DeviceInfoCharacteristic criada: NID=0abd8260..., type=node
2026-01-04 04:13:47.206 | DEBUG    | Characteristic criada: /0/char2 (UUID: 12340003-0000-1000-8000-00805f9b34fb, flags: ['read', 'notify'])
2026-01-04 04:13:47.206 | INFO     | NeighborTableCharacteristic criada
2026-01-04 04:13:47.207 | DEBUG    | Characteristic criada: /0/char3 (UUID: 12340004-0000-1000-8000-00805f9b34fb, flags: ['write', 'indicate'])
2026-01-04 04:13:47.207 | INFO     | AuthCharacteristic criada
2026-01-04 04:13:47.208 | DEBUG    | Characteristic adicionada a /0: /0/char0
2026-01-04 04:13:47.208 | DEBUG    | Characteristic adicionada a /0: /0/char1
2026-01-04 04:13:47.208 | DEBUG    | Characteristic adicionada a /0: /0/char2
2026-01-04 04:13:47.208 | DEBUG    | Characteristic adicionada a /0: /0/char3
2026-01-04 04:13:47.209 | INFO     | ✅ IoTNetworkService criado com sucesso!
2026-01-04 04:13:47.209 | INFO     | Service adicionado à aplicação: /0
2026-01-04 04:13:47.210 | DEBUG    | Packet callback definido
2026-01-04 04:13:47.210 | DEBUG    | Auth callback definido
2026-01-04 04:13:47.211 | INFO     | Advertisement criado: /org/bluez/iot/advertisement0 (type: peripheral)
2026-01-04 04:13:47.211 | INFO     | ✅ Service UUID adicionado ao advertising: 12340000-0000-1000-8000-00805f9b34fb
2026-01-04 04:13:47.211 | INFO     |    Lista atual de UUIDs: ['12340000-0000-1000-8000-00805f9b34fb']
2026-01-04 04:13:47.212 | DEBUG    | Local name definido: IoT-Node-0abd8260
2026-01-04 04:13:47.212 | DEBUG    | Manufacturer data adicionado: ID=65535
2026-01-04 04:13:47.212 | INFO     | ✅ GATT Server configurado
2026-01-04 04:13:47.213 | INFO     | A iniciar GATT Server...
2026-01-04 04:13:47.219 | INFO     | ✅ GATT Server iniciado em thread separada
2026-01-04 04:13:47.219 | INFO     | ✅ Node Device iniciado - CLI interativo pronto
2026-01-04 04:13:47.224 | DEBUG    | GetManagedObjects called
2026-01-04 04:13:47.225 | DEBUG    | GetManagedObjects returning 5 objects
2026-01-04 04:13:47.289 | INFO     | ✅ GATT application registada!
2026-01-04 04:13:47.290 | DEBUG    | GetAll called on /org/bluez/iot/advertisement0
2026-01-04 04:13:47.291 | INFO     | 📡 Advertising com ServiceUUIDs: ['12340000-0000-1000-8000-00805f9b34fb']
2026-01-04 04:13:47.409 | INFO     | ✅ Advertisement registado!
2026-01-04 04:13:51.033 | INFO     | A fazer scan BLE durante 5000ms...
2026-01-04 04:13:51.033 | INFO     | [OP-20260104_041347-0001] SCAN_START | Duration: 5000ms | Filter_IoT: True
2026-01-04 04:13:56.257 | DEBUG    |   Encontrado: IoT-Sink-4e127252 (E0:D3:62:D7:47:03) RSSI: -48 dBm
2026-01-04 04:13:56.257 | INFO     | Scan concluído: 1 dispositivos encontrados
2026-01-04 04:13:56.258 | INFO     | [OP-20260104_041347-0002] SCAN_RESULT | Devices_Found: 1
2026-01-04 04:13:56.259 | DEBUG    | [OP-20260104_041347-0002]   Device_1: Name: IoT-Sink-4e127252 | Address: E0:D3:62:D7:47:03 | RSSI: -48 dBm | Services: 1
2026-01-04 04:13:56.260 | INFO     | A fazer scan BLE durante 5000ms...
2026-01-04 04:13:56.261 | INFO     | [OP-20260104_041347-0003] SCAN_START | Duration: 5000ms | Filter_IoT: True
2026-01-04 04:14:01.285 | DEBUG    |   Encontrado: IoT-Sink-4e127252 (E0:D3:62:D7:47:03) RSSI: -48 dBm
2026-01-04 04:14:01.285 | INFO     | Scan concluído: 1 dispositivos encontrados
2026-01-04 04:14:01.286 | INFO     | [OP-20260104_041347-0004] SCAN_RESULT | Devices_Found: 1
2026-01-04 04:14:01.288 | DEBUG    | [OP-20260104_041347-0004]   Device_1: Name: IoT-Sink-4e127252 | Address: E0:D3:62:D7:47:03 | RSSI: -48 dBm | Services: 1
2026-01-04 04:14:55.632 | INFO     | A fazer scan BLE durante 5000ms...
2026-01-04 04:14:55.633 | INFO     | [OP-20260104_041347-0005] SCAN_START | Duration: 5000ms | Filter_IoT: True
2026-01-04 04:15:00.751 | INFO     | Scan concluído: 0 dispositivos encontrados
2026-01-04 04:15:00.753 | INFO     | [OP-20260104_041347-0006] SCAN_RESULT | Devices_Found: 0
2026-01-04 04:15:00.754 | INFO     | A fazer scan BLE durante 5000ms...
2026-01-04 04:15:00.758 | INFO     | [OP-20260104_041347-0007] SCAN_START | Duration: 5000ms | Filter_IoT: True
2026-01-04 04:15:05.788 | DEBUG    |   Encontrado: IoT-Sink-4e127252 (E0:D3:62:D7:47:03) RSSI: -54 dBm
2026-01-04 04:15:05.789 | INFO     | Scan concluído: 1 dispositivos encontrados
2026-01-04 04:15:05.791 | INFO     | [OP-20260104_041347-0008] SCAN_RESULT | Devices_Found: 1
2026-01-04 04:15:05.792 | DEBUG    | [OP-20260104_041347-0008]   Device_1: Name: IoT-Sink-4e127252 | Address: E0:D3:62:D7:47:03 | RSSI: -54 dBm | Services: 1
2026-01-04 04:15:10.313 | INFO     | A conectar ao Sink E0:D3:62:D7:47:03...
2026-01-04 04:15:10.314 | DEBUG    | BLEConnection criada para E0:D3:62:D7:47:03
2026-01-04 04:15:10.315 | INFO     | A conectar a E0:D3:62:D7:47:03...
2026-01-04 04:15:10.316 | INFO     | [OP-20260104_041347-0009] CONNECT_ATTEMPT | Local: E0:D3:62:D6:EE:A0 | Remote: E0:D3:62:D7:47:03
2026-01-04 04:15:13.867 | INFO     | ✅ Conectado a E0:D3:62:D7:47:03
2026-01-04 04:15:13.869 | INFO     | [OP-20260104_041347-0010] CONNECT_SUCCESS | Remote: E0:D3:62:D7:47:03 | Time: 3548.46ms
2026-01-04 04:15:13.870 | DEBUG    | ✅ Conexão estabelecida. Operações GATT usarão D-Bus se necessário.
2026-01-04 04:15:13.870 | INFO     | ✅ Conectado ao Sink via GATT
2026-01-04 04:15:13.873 | DEBUG    | Descobertos 4 serviços
2026-01-04 04:15:13.877 | DEBUG    | Serviço 12340000-0000-1000-8000-00805f9b34fb encontrado
2026-01-04 04:15:13.879 | INFO     | ✅ Serviço IoT Network encontrado
2026-01-04 04:15:13.880 | DEBUG    | 🔄 Timestamp de heartbeat resetado para nova conexão
2026-01-04 04:15:13.881 | INFO     | A subscrever a notificações...
2026-01-04 04:15:14.325 | INFO     | ✅ Subscrito a notificações: 12340001-0000-1000-8000-00805f9b34fb
2026-01-04 04:15:14.326 | INFO     | [OP-20260104_041347-0011] SUBSCRIBE_SUCCESS | Remote: E0:D3:62:D7:47:03 | Char: 12340001-0000-1000-8000-00805f9b34fb
2026-01-04 04:15:14.326 | INFO     | ✅ Subscrito a NETWORK_PACKET
2026-01-04 04:15:14.327 | DEBUG    | [OP-20260104_041347-0012] READ_REQUEST | Remote: E0:D3:62:D7:47:03 | Service: 12340000-0000-1000-8000-00805f9b34fb | Char: 12340002-0000-1000-8000-00805f9b34fb
2026-01-04 04:15:14.418 | DEBUG    | Read 12340002-0000-1000-8000-00805f9b34fb: 18 bytes
2026-01-04 04:15:14.421 | INFO     | [OP-20260104_041347-0013] READ_RESPONSE | Remote: E0:D3:62:D7:47:03 | Char: 12340002-0000-1000-8000-00805f9b34fb | Data: 18 bytes | Hex: 4e127252bd1a4c50860cf05dce3e7b17ff01 | ASCII: N.rR..LP...].>{...
2026-01-04 04:15:14.421 | INFO     | ✅ Conectado ao Sink - hop_count=0
2026-01-04 04:15:14.422 | INFO     | 🔐 A iniciar autenticação com Sink...
2026-01-04 04:15:14.422 | DEBUG    | 📡 A subscrever a AUTH characteristic...
2026-01-04 04:15:14.507 | INFO     | ✅ Subscrito a notificações: 12340004-0000-1000-8000-00805f9b34fb
2026-01-04 04:15:14.509 | INFO     | [OP-20260104_041347-0014] SUBSCRIBE_SUCCESS | Remote: E0:D3:62:D7:47:03 | Char: 12340004-0000-1000-8000-00805f9b34fb
2026-01-04 04:15:14.509 | DEBUG    | ✅ Subscrito a AUTH indications
2026-01-04 04:15:14.510 | INFO     | AuthenticationProtocol inicializado para 0abd8260...
2026-01-04 04:15:14.510 | INFO     | 📤 Enviando certificado...
2026-01-04 04:15:14.511 | INFO     | 🔐 Iniciando autenticação - enviando certificado...
2026-01-04 04:15:14.512 | INFO     |    Certificado: 887 bytes
2026-01-04 04:15:14.513 | DEBUG    |    Estado: IDLE → CERT_SENT
2026-01-04 04:15:14.513 | INFO     | Fragmentando mensagem de 890 bytes em 5 fragmentos
2026-01-04 04:15:14.514 | DEBUG    |   Fragmento 1/5: 180 bytes, flags=0x01
2026-01-04 04:15:14.516 | DEBUG    |   Fragmento 2/5: 180 bytes, flags=0x00
2026-01-04 04:15:14.516 | DEBUG    |   Fragmento 3/5: 180 bytes, flags=0x00
2026-01-04 04:15:14.517 | DEBUG    |   Fragmento 4/5: 180 bytes, flags=0x00
2026-01-04 04:15:14.517 | DEBUG    |   Fragmento 5/5: 170 bytes, flags=0x02
2026-01-04 04:15:14.517 | DEBUG    | Enviando mensagem auth: 890 bytes em 5 fragmento(s)
2026-01-04 04:15:14.518 | INFO     | [OP-20260104_041347-0015] WRITE_REQUEST | Remote: E0:D3:62:D7:47:03 | Char: 12340004-0000-1000-8000-00805f9b34fb | Data: 183 bytes | Hex: 0100050103772d2d2d2d2d424547494e2043455254494649434154452d2d2d2d2d0a4d4949435954434341634b674177494241674955425269314a556f385272 | ASCII: .....w-----BEGIN CERTIFICATE-----.MIICYTCCAcKgAwIBAgIUBRi1JUo8Rr [TRUNCATED]
2026-01-04 04:15:14.595 | DEBUG    | ✅ Write via SimpleBLE: 12340004-0000-1000-8000-00805f9b34fb (183 bytes)
2026-01-04 04:15:14.595 | INFO     | [OP-20260104_041347-0016] WRITE_SUCCESS | Remote: E0:D3:62:D7:47:03 | Char: 12340004-0000-1000-8000-00805f9b34fb
2026-01-04 04:15:14.596 | DEBUG    |   Fragmento 1/5 enviado
2026-01-04 04:15:14.699 | INFO     | [OP-20260104_041347-0017] WRITE_REQUEST | Remote: E0:D3:62:D7:47:03 | Char: 12340004-0000-1000-8000-00805f9b34fb | Data: 183 bytes | Hex: 0001054d446b6c765643424f5a58523362334a7249454e424d423458445449324d4445774e4441774e5463784e566f580a44544d324d4445774d6a41774e5463 | ASCII: ...MDklvVCBOZXR3b3JrIENBMB4XDTI2MDEwNDAwNTcxNVoX.DTM2MDEwMjAwNTc [TRUNCATED]
2026-01-04 04:15:14.777 | DEBUG    | ✅ Write via SimpleBLE: 12340004-0000-1000-8000-00805f9b34fb (183 bytes)
2026-01-04 04:15:14.778 | INFO     | [OP-20260104_041347-0018] WRITE_SUCCESS | Remote: E0:D3:62:D7:47:03 | Char: 12340004-0000-1000-8000-00805f9b34fb
2026-01-04 04:15:14.779 | DEBUG    |   Fragmento 2/5 enviado
2026-01-04 04:15:14.884 | INFO     | [OP-20260104_041347-0019] WRITE_REQUEST | Remote: E0:D3:62:D7:47:03 | Char: 12340004-0000-1000-8000-00805f9b34fb | Data: 183 bytes | Hex: 000205675a7377454159484b6f5a497a6a3043415159464b34454541434d44675959414241415a47726f48704c3249416f6e354f56414d2f534c41433941790a | ASCII: ...gZswEAYHKoZIzj0CAQYFK4EEACMDgYYABAAZGroHpL2IAon5OVAM/SLAC9Ay. [TRUNCATED]
2026-01-04 04:15:14.955 | DEBUG    | ✅ Write via SimpleBLE: 12340004-0000-1000-8000-00805f9b34fb (183 bytes)
2026-01-04 04:15:14.955 | INFO     | [OP-20260104_041347-0020] WRITE_SUCCESS | Remote: E0:D3:62:D7:47:03 | Char: 12340004-0000-1000-8000-00805f9b34fb
2026-01-04 04:15:14.962 | DEBUG    |   Fragmento 3/5 enviado
2026-01-04 04:15:15.066 | INFO     | [OP-20260104_041347-0021] WRITE_REQUEST | Remote: E0:D3:62:D7:47:03 | Char: 12340004-0000-1000-8000-00805f9b34fb | Data: 183 bytes | Hex: 000305594d574c6568665250740a4e64354f775453414a4e694f3069637059514f355a614d344d44597744415944565230544151482f424149774144414f4267 | ASCII: ...YMWLehfRPt.Nd5OwTSAJNiO0icpYQO5ZaM4MDYwDAYDVR0TAQH/BAIwADAOBg [TRUNCATED]
2026-01-04 04:15:15.135 | DEBUG    | ✅ Write via SimpleBLE: 12340004-0000-1000-8000-00805f9b34fb (183 bytes)
2026-01-04 04:15:15.135 | INFO     | [OP-20260104_041347-0022] WRITE_SUCCESS | Remote: E0:D3:62:D7:47:03 | Char: 12340004-0000-1000-8000-00805f9b34fb
2026-01-04 04:15:15.136 | DEBUG    |   Fragmento 4/5 enviado
2026-01-04 04:15:15.238 | INFO     | [OP-20260104_041347-0023] WRITE_REQUEST | Remote: E0:D3:62:D7:47:03 | Char: 12340004-0000-1000-8000-00805f9b34fb | Data: 173 bytes | Hex: 020405653836677866637859446f747047433179376761726a6850680a547133775375714333506b30754371454b3853702f5345435167456a385939726a546f | ASCII: ...e86gxfcxYDotpGC1y7garjhPh.Tq3wSuqC3Pk0uCqEK8Sp/SECQgEj8Y9rjTo [TRUNCATED]
2026-01-04 04:15:15.360 | DEBUG    | ✅ Write via SimpleBLE: 12340004-0000-1000-8000-00805f9b34fb (173 bytes)
2026-01-04 04:15:15.360 | INFO     | [OP-20260104_041347-0024] WRITE_SUCCESS | Remote: E0:D3:62:D7:47:03 | Char: 12340004-0000-1000-8000-00805f9b34fb
2026-01-04 04:15:15.365 | DEBUG    |   Fragmento 5/5 enviado
2026-01-04 04:15:15.364 | INFO     | [OP-20260104_041347-0025] NOTIFICATION | Remote: E0:D3:62:D7:47:03 | Char: 12340004-0000-1000-8000-00805f9b34fb | Data: 183 bytes | Hex: 0100060203b00000038c2d2d2d2d2d424547494e2043455254494649434154452d2d2d2d2d0a4d494943634443434164476741774942416749554847374f5a74 | ASCII: ..........-----BEGIN CERTIFICATE-----.MIICcDCCAdGgAwIBAgIUHG7OZt [TRUNCATED]
2026-01-04 04:15:15.367 | DEBUG    | 🔐 AUTH indication recebida: 183 bytes
2026-01-04 04:15:15.367 | DEBUG    | Fragmento recebido: seq=0, total=6, payload=180 bytes, flags=0x01
2026-01-04 04:15:15.368 | INFO     | Iniciando recepção de 6 fragmentos
2026-01-04 04:15:15.369 | DEBUG    | Fragmento 1/6 armazenado (1 de 6 recebidos)
2026-01-04 04:15:15.369 | DEBUG    | 🔐 Aguardando mais fragmentos AUTH...
2026-01-04 04:15:15.466 | DEBUG    | Autenticação round 1/10
2026-01-04 04:15:15.495 | INFO     | [OP-20260104_041347-0026] NOTIFICATION | Remote: E0:D3:62:D7:47:03 | Char: 12340004-0000-1000-8000-00805f9b34fb | Data: 183 bytes | Hex: 0001065642414d4d446b6c765643424f5a58523362334a7249454e424d423458445449324d4445774e4441774e44517a4e466f580a44544d324d4445774d6a41 | ASCII: ...VBAMMDklvVCBOZXR3b3JrIENBMB4XDTI2MDEwNDAwNDQzNFoX.DTM2MDEwMjA [TRUNCATED]
2026-01-04 04:15:15.497 | DEBUG    | 🔐 AUTH indication recebida: 183 bytes
2026-01-04 04:15:15.498 | DEBUG    | Fragmento recebido: seq=1, total=6, payload=180 bytes, flags=0x00
2026-01-04 04:15:15.498 | DEBUG    | Fragmento 2/6 armazenado (2 de 6 recebidos)
2026-01-04 04:15:15.498 | DEBUG    | 🔐 Aguardando mais fragmentos AUTH...
2026-01-04 04:15:15.631 | INFO     | [OP-20260104_041347-0027] NOTIFICATION | Remote: E0:D3:62:D7:47:03 | Char: 12340001-0000-1000-8000-00805f9b34fb | Data: 236 bytes | Hex: 4e127252bd1a4c50860cf05dce3e7b174e127252bd1a4c50860cf05dce3e7b17020100000013d07d1c7182c09af7071a78b998b72012dd422e469f16098dbdea | ASCII: N.rR..LP...].>{.N.rR..LP...].>{........}.q......x... ..B.F...... [TRUNCATED]
2026-01-04 04:15:15.632 | DEBUG    | 📥 Pacote recebido de uplink: 4e127252... → 4e127252... (type=MessageType(2), ttl=1)
2026-01-04 04:15:15.632 | DEBUG    | Novo source 4e127252...: seq=19 (primeiro pacote)
2026-01-04 04:15:15.633 | DEBUG    | Learning new route: 4e127252... → uplink
2026-01-04 04:15:15.633 | DEBUG    | 📚 Aprendido: 4e127252... → uplink
2026-01-04 04:15:15.633 | INFO     | 📨 Entregando localmente: 4e127252... → 4e127252... (type=MessageType(2), 166 bytes)
2026-01-04 04:15:15.637 | INFO     | Sink NID identificado: 4e127252...
2026-01-04 04:15:15.640 | DEBUG    | Novo source 4e127252...: seq=19 (primeiro pacote)
2026-01-04 04:15:15.641 | WARNING  | ⚠️  Certificado do Sink não disponível para verificação
2026-01-04 04:15:15.641 | DEBUG    |    hasattr _sink_cert: False
2026-01-04 04:15:15.641 | ERROR    | ❌ Assinatura de heartbeat inválida!
2026-01-04 04:15:15.810 | INFO     | [OP-20260104_041347-0028] NOTIFICATION | Remote: E0:D3:62:D7:47:03 | Char: 12340004-0000-1000-8000-00805f9b34fb | Data: 183 bytes | Hex: 0002064d5463784454414c42674e564241734d42464e70626d7377675a7377454159484b6f5a497a6a3043415159464b34454541434d44675959414241416965 | ASCII: ...MTcxDTALBgNVBAsMBFNpbmswgZswEAYHKoZIzj0CAQYFK4EEACMDgYYABAAie [TRUNCATED]
2026-01-04 04:15:15.811 | DEBUG    | 🔐 AUTH indication recebida: 183 bytes
2026-01-04 04:15:15.811 | DEBUG    | Fragmento recebido: seq=2, total=6, payload=180 bytes, flags=0x00
2026-01-04 04:15:15.812 | DEBUG    | Fragmento 3/6 armazenado (3 de 6 recebidos)
2026-01-04 04:15:15.813 | DEBUG    | 🔐 Aguardando mais fragmentos AUTH...
2026-01-04 04:15:15.945 | INFO     | [OP-20260104_041347-0029] NOTIFICATION | Remote: E0:D3:62:D7:47:03 | Char: 12340004-0000-1000-8000-00805f9b34fb | Data: 183 bytes | Hex: 000306744e5338774d764f4b683338524e0a68474a6a584d4c4678794e3148747658795a6a6b546f6e452f454b6d542f4f2f676e544b3246515946364d344d44 | ASCII: ...tNS8wMvOKh38RN.hGJjXMLFxyN1HtvXyZjkTonE/EKmT/O/gnTK2FQYF6M4MD [TRUNCATED]
2026-01-04 04:15:15.947 | DEBUG    | 🔐 AUTH indication recebida: 183 bytes
2026-01-04 04:15:15.947 | DEBUG    | Fragmento recebido: seq=3, total=6, payload=180 bytes, flags=0x00
2026-01-04 04:15:15.948 | DEBUG    | Fragmento 4/6 armazenado (4 de 6 recebidos)
2026-01-04 04:15:15.948 | DEBUG    | 🔐 Aguardando mais fragmentos AUTH...
2026-01-04 04:15:15.967 | DEBUG    | Sem resposta ainda, continuando...
2026-01-04 04:15:15.968 | DEBUG    | Autenticação round 2/10
2026-01-04 04:15:16.037 | INFO     | [OP-20260104_041347-0030] NOTIFICATION | Remote: E0:D3:62:D7:47:03 | Char: 12340004-0000-1000-8000-00805f9b34fb | Data: 183 bytes | Hex: 0004067147634b4e4f617968672f445975705336566f6269315549565972784e0a6b5258466b4e49746558616456426f6d324b326a397350446f307978766142 | ASCII: ...qGcKNOayhg/DYupS6Vobi1UIVYrxN.kRXFkNIteXadVBom2K2j9sPDo0yxvaB [TRUNCATED]
2026-01-04 04:15:16.038 | DEBUG    | 🔐 AUTH indication recebida: 183 bytes
2026-01-04 04:15:16.038 | DEBUG    | Fragmento recebido: seq=4, total=6, payload=180 bytes, flags=0x00
2026-01-04 04:15:16.038 | DEBUG    | Fragmento 5/6 armazenado (5 de 6 recebidos)
2026-01-04 04:15:16.038 | DEBUG    | 🔐 Aguardando mais fragmentos AUTH...
2026-01-04 04:15:16.125 | INFO     | [OP-20260104_041347-0031] NOTIFICATION | Remote: E0:D3:62:D7:47:03 | Char: 12340004-0000-1000-8000-00805f9b34fb | Data: 50 bytes | Hex: 0205065254494649434154452d2d2d2d2d0a91d883c7966e88eaf116e522f14b72a24488cf42faf2941eaeef820834ff0378 | ASCII: ...RTIFICATE-----......n.....".Kr.D..B........4..x
2026-01-04 04:15:16.126 | DEBUG    | 🔐 AUTH indication recebida: 50 bytes
2026-01-04 04:15:16.126 | DEBUG    | Fragmento recebido: seq=5, total=6, payload=47 bytes, flags=0x02
2026-01-04 04:15:16.126 | DEBUG    | Fragmento 6/6 armazenado (6 de 6 recebidos)
2026-01-04 04:15:16.126 | INFO     | ✅ Mensagem reconstruída: 947 bytes (6 fragmentos)
2026-01-04 04:15:16.127 | DEBUG    | FragmentReassembler resetado
2026-01-04 04:15:16.127 | DEBUG    | 🔐 AUTH mensagem completa: 947 bytes
2026-01-04 04:15:16.469 | DEBUG    | Resposta auth lida do buffer: 947 bytes
2026-01-04 04:15:16.469 | DEBUG    | 📨 Recebido: AuthMessage(type=CHALLENGE, payload=944 bytes)
2026-01-04 04:15:16.469 | INFO     | 🎲 Challenge recebido - processando certificado + challenge...
2026-01-04 04:15:16.471 | INFO     | 📜 Extraindo certificado do peer do payload...
2026-01-04 04:15:16.529 | DEBUG    | ✅ Assinatura da CA válida
2026-01-04 04:15:16.530 | DEBUG    | ✅ Certificado válido temporalmente (expira em 2036-01-02 00:44:34+00:00)
2026-01-04 04:15:16.530 | INFO     | ✅ Certificado validado com sucesso
2026-01-04 04:15:16.531 | INFO     | ✅ Certificado do peer validado!
2026-01-04 04:15:16.532 | INFO     |    Peer NID: 4e127252...
2026-01-04 04:15:16.533 | INFO     |    Peer tipo: SINK
2026-01-04 04:15:16.533 | DEBUG    |    Challenge: 91d883c7966e88eaf116e522f14b72a2...
2026-01-04 04:15:16.533 | INFO     | ✍️  Assinando dados:
2026-01-04 04:15:16.533 | INFO     |    Data: 32 bytes | 91d883c7966e88eaf116e522f14b72a24488cf42faf2941eaeef820834ff0378...
2026-01-04 04:15:16.553 | INFO     |    Signature: 139 bytes | 308188024201fc8b6076c0b58e9cc9a4a9f8c2c129f06bf66168d17702f33d89...
2026-01-04 04:15:16.554 | INFO     | ✍️  Response gerada: 139 bytes
2026-01-04 04:15:16.555 | DEBUG    |    Estado: CHALLENGE_RECEIVED
2026-01-04 04:15:16.555 | DEBUG    | 📤 Enviando resposta (142 bytes)
2026-01-04 04:15:16.555 | DEBUG    | Mensagem pequena (142 bytes), 1 fragmento
2026-01-04 04:15:16.555 | DEBUG    | Enviando mensagem auth: 142 bytes em 1 fragmento(s)
2026-01-04 04:15:16.557 | INFO     | [OP-20260104_041347-0032] WRITE_REQUEST | Remote: E0:D3:62:D7:47:03 | Char: 12340004-0000-1000-8000-00805f9b34fb | Data: 145 bytes | Hex: 03000103008b308188024201fc8b6076c0b58e9cc9a4a9f8c2c129f06bf66168d17702f33d896c6d1d09f5d045408573993c23f80b01017d4d5c5ac68fa87a8e | ASCII: ......0...B...`v..........).k.ah.w..=.lm....E@.s.<#....}M\Z...z. [TRUNCATED]
2026-01-04 04:15:16.620 | DEBUG    | ✅ Write via SimpleBLE: 12340004-0000-1000-8000-00805f9b34fb (145 bytes)
2026-01-04 04:15:16.621 | INFO     | [OP-20260104_041347-0033] WRITE_SUCCESS | Remote: E0:D3:62:D7:47:03 | Char: 12340004-0000-1000-8000-00805f9b34fb
2026-01-04 04:15:16.622 | DEBUG    |   Fragmento 1/1 enviado
2026-01-04 04:15:16.622 | DEBUG    | Autenticação round 3/10
2026-01-04 04:15:16.621 | INFO     | [OP-20260104_041347-0034] NOTIFICATION | Remote: E0:D3:62:D7:47:03 | Char: 12340004-0000-1000-8000-00805f9b34fb | Data: 6 bytes | Hex: 030001040000 | ASCII: ......
2026-01-04 04:15:16.622 | DEBUG    | 🔐 AUTH indication recebida: 6 bytes
2026-01-04 04:15:16.622 | DEBUG    | Fragmento recebido: seq=0, total=1, payload=3 bytes, flags=0x03
2026-01-04 04:15:16.623 | INFO     | Iniciando recepção de 1 fragmentos
2026-01-04 04:15:16.623 | DEBUG    | Fragmento 1/1 armazenado (1 de 1 recebidos)
2026-01-04 04:15:16.623 | INFO     | ✅ Mensagem reconstruída: 3 bytes (1 fragmentos)
2026-01-04 04:15:16.623 | DEBUG    | FragmentReassembler resetado
2026-01-04 04:15:16.624 | DEBUG    | 🔐 AUTH mensagem completa: 3 bytes
2026-01-04 04:15:17.122 | DEBUG    | Resposta auth lida do buffer: 3 bytes
2026-01-04 04:15:17.122 | DEBUG    | 📨 Recebido: AuthMessage(type=AUTH_SUCCESS, payload=0 bytes)
2026-01-04 04:15:17.123 | INFO     | ✅ Peer confirmou autenticação bem sucedida!
2026-01-04 04:15:17.123 | INFO     | ✅ Autenticação bem-sucedida!
2026-01-04 04:15:17.144 | DEBUG    | 🔑 Session key derivada: 32 bytes
2026-01-04 04:15:17.144 | INFO     | 🔑 Session key estabelecida
2026-01-04 04:15:17.144 | DEBUG    | 🔑 Session key configurada para porta uplink
2026-01-04 04:15:17.146 | INFO     | 🔀 Session key configurada no Router Daemon
2026-01-04 04:15:17.148 | INFO     | ✅ Certificado do Sink armazenado para verificação de heartbeats
2026-01-04 04:15:17.149 | INFO     | DTLSChannel criado (client) com certificado node_0abd8260_cert.pem
2026-01-04 04:15:17.150 | INFO     | Iniciando handshake DTLS...
2026-01-04 04:15:17.151 | WARNING  | DTLS não disponível - operando em modo stub
2026-01-04 04:15:17.152 | INFO     | ✅ Canal DTLS (stub) estabelecido
2026-01-04 04:15:17.153 | INFO     | 🔐 Canal DTLS end-to-end estabelecido com Sink
2026-01-04 04:15:17.153 | INFO     | 🔑 Chave de encriptação end-to-end derivada (AES-256-GCM)
2026-01-04 04:15:17.154 | INFO     | 🔑 Chave de encriptação end-to-end derivada
2026-01-04 04:15:20.627 | INFO     | [OP-20260104_041347-0035] NOTIFICATION | Remote: E0:D3:62:D7:47:03 | Char: 12340001-0000-1000-8000-00805f9b34fb | Data: 236 bytes | Hex: 4e127252bd1a4c50860cf05dce3e7b174e127252bd1a4c50860cf05dce3e7b170201000000144899decfc725012f094f40e4f2a5c61be980c6f74d58acce8570 | ASCII: N.rR..LP...].>{.N.rR..LP...].>{.......H....%./.O@.........MX...p [TRUNCATED]
2026-01-04 04:15:20.629 | DEBUG    | 📥 Pacote recebido de uplink: 4e127252... → 4e127252... (type=MessageType(2), ttl=1)
2026-01-04 04:15:20.629 | DEBUG    | Source 4e127252...: seq=20 (novo highest, window: 2 seqs)
2026-01-04 04:15:20.630 | DEBUG    | 📚 Aprendido: 4e127252... → uplink
2026-01-04 04:15:20.631 | INFO     | 📨 Entregando localmente: 4e127252... → 4e127252... (type=MessageType(2), 166 bytes)
2026-01-04 04:15:20.632 | DEBUG    | Source 4e127252...: seq=20 (novo highest, window: 2 seqs)
2026-01-04 04:15:20.633 | DEBUG    | 🔍 Verificando assinatura: sig_len=137, signature_raw_len=137
2026-01-04 04:15:20.633 | INFO     | 💓 Verificando heartbeat:
2026-01-04 04:15:20.634 | INFO     |    Sink NID: 4e127252bd1a4c50860cf05dce3e7b17
2026-01-04 04:15:20.635 | INFO     |    Timestamp: 1767500120.494453
2026-01-04 04:15:20.635 | INFO     |    Data to verify: 4e127252bd1a4c50860cf05dce3e7b1741da567a561fa51e
2026-01-04 04:15:20.635 | INFO     | 🔍 Verificando assinatura:
2026-01-04 04:15:20.636 | INFO     |    Data: 24 bytes | 4e127252bd1a4c50860cf05dce3e7b1741da567a561fa51e...
2026-01-04 04:15:20.636 | INFO     |    Signature: 137 bytes | 3081860241485eca95ecee8a199ee6da6cb98fe8e4e04443d700ed7f0063996f...
2026-01-04 04:15:20.638 | INFO     | ✅ Assinatura verificada com sucesso!
2026-01-04 04:15:20.638 | DEBUG    | ✅ Assinatura de heartbeat válida
2026-01-04 04:15:20.638 | DEBUG    | 💓 Heartbeat recebido (seq=20, age=0.14s)
2026-01-04 04:15:25.622 | INFO     | [OP-20260104_041347-0036] NOTIFICATION | Remote: E0:D3:62:D7:47:03 | Char: 12340001-0000-1000-8000-00805f9b34fb | Data: 236 bytes | Hex: 4e127252bd1a4c50860cf05dce3e7b174e127252bd1a4c50860cf05dce3e7b170201000000150c980a473ad22a450238277b55c987b840ab8d22d25ce26880cf | ASCII: N.rR..LP...].>{.N.rR..LP...].>{..........G:.*E.8'{U...@..".\.h.. [TRUNCATED]
2026-01-04 04:15:25.623 | DEBUG    | 📥 Pacote recebido de uplink: 4e127252... → 4e127252... (type=MessageType(2), ttl=1)
2026-01-04 04:15:25.624 | DEBUG    | Source 4e127252...: seq=21 (novo highest, window: 3 seqs)
2026-01-04 04:15:25.624 | DEBUG    | 📚 Aprendido: 4e127252... → uplink
2026-01-04 04:15:25.625 | INFO     | 📨 Entregando localmente: 4e127252... → 4e127252... (type=MessageType(2), 166 bytes)
2026-01-04 04:15:25.626 | DEBUG    | Source 4e127252...: seq=21 (novo highest, window: 3 seqs)
2026-01-04 04:15:25.626 | DEBUG    | 🔍 Verificando assinatura: sig_len=139, signature_raw_len=139
2026-01-04 04:15:25.626 | INFO     | 💓 Verificando heartbeat:
2026-01-04 04:15:25.627 | INFO     |    Sink NID: 4e127252bd1a4c50860cf05dce3e7b17
2026-01-04 04:15:25.628 | INFO     |    Timestamp: 1767500125.4953907
2026-01-04 04:15:25.629 | INFO     |    Data to verify: 4e127252bd1a4c50860cf05dce3e7b1741da567a575fb47b
2026-01-04 04:15:25.630 | INFO     | 🔍 Verificando assinatura:
2026-01-04 04:15:25.630 | INFO     |    Data: 24 bytes | 4e127252bd1a4c50860cf05dce3e7b1741da567a575fb47b...
2026-01-04 04:15:25.632 | INFO     |    Signature: 139 bytes | 308188024200c31d2356086f0580916e179103b435391ed2960170e6755d4402...
2026-01-04 04:15:25.637 | INFO     | ✅ Assinatura verificada com sucesso!
2026-01-04 04:15:25.637 | DEBUG    | ✅ Assinatura de heartbeat válida
2026-01-04 04:15:25.637 | DEBUG    | 💓 Heartbeat recebido (seq=21, age=0.14s)
2026-01-04 04:15:30.618 | INFO     | [OP-20260104_041347-0037] NOTIFICATION | Remote: E0:D3:62:D7:47:03 | Char: 12340001-0000-1000-8000-00805f9b34fb | Data: 236 bytes | Hex: 4e127252bd1a4c50860cf05dce3e7b174e127252bd1a4c50860cf05dce3e7b17020100000016d5d613056869b586f6ca23db6b4fe95bf403bf03101a0270920c | ASCII: N.rR..LP...].>{.N.rR..LP...].>{...........hi....#.kO.[.......p.. [TRUNCATED]
2026-01-04 04:15:30.620 | DEBUG    | 📥 Pacote recebido de uplink: 4e127252... → 4e127252... (type=MessageType(2), ttl=1)
2026-01-04 04:15:30.621 | DEBUG    | Source 4e127252...: seq=22 (novo highest, window: 4 seqs)
2026-01-04 04:15:30.621 | DEBUG    | 📚 Aprendido: 4e127252... → uplink
2026-01-04 04:15:30.622 | INFO     | 📨 Entregando localmente: 4e127252... → 4e127252... (type=MessageType(2), 166 bytes)
2026-01-04 04:15:30.623 | DEBUG    | Source 4e127252...: seq=22 (novo highest, window: 4 seqs)
2026-01-04 04:15:30.623 | DEBUG    | 🔍 Verificando assinatura: sig_len=138, signature_raw_len=138
2026-01-04 04:15:30.623 | INFO     | 💓 Verificando heartbeat:
2026-01-04 04:15:30.624 | INFO     |    Sink NID: 4e127252bd1a4c50860cf05dce3e7b17
2026-01-04 04:15:30.625 | INFO     |    Timestamp: 1767500130.4953537
2026-01-04 04:15:30.626 | INFO     |    Data to verify: 4e127252bd1a4c50860cf05dce3e7b1741da567a589fb3e0
2026-01-04 04:15:30.628 | INFO     | 🔍 Verificando assinatura:
2026-01-04 04:15:30.629 | INFO     |    Data: 24 bytes | 4e127252bd1a4c50860cf05dce3e7b1741da567a589fb3e0...
2026-01-04 04:15:30.633 | INFO     |    Signature: 138 bytes | 308187024201c1fdb9022a714c5d66a041ac3c23031bf8b1b84794d1b2d27687...
2026-01-04 04:15:30.639 | INFO     | ✅ Assinatura verificada com sucesso!
2026-01-04 04:15:30.640 | DEBUG    | ✅ Assinatura de heartbeat válida
2026-01-04 04:15:30.640 | DEBUG    | 💓 Heartbeat recebido (seq=22, age=0.14s)
2026-01-04 04:15:35.657 | INFO     | [OP-20260104_041347-0038] NOTIFICATION | Remote: E0:D3:62:D7:47:03 | Char: 12340001-0000-1000-8000-00805f9b34fb | Data: 236 bytes | Hex: 4e127252bd1a4c50860cf05dce3e7b174e127252bd1a4c50860cf05dce3e7b17020100000017aa8a08b63523502670491435818bb3f87963b4bd3b94d812cd86 | ASCII: N.rR..LP...].>{.N.rR..LP...].>{...........5#P&pI.5....yc..;..... [TRUNCATED]
2026-01-04 04:15:35.657 | DEBUG    | 📥 Pacote recebido de uplink: 4e127252... → 4e127252... (type=MessageType(2), ttl=1)
2026-01-04 04:15:35.658 | DEBUG    | Source 4e127252...: seq=23 (novo highest, window: 5 seqs)
2026-01-04 04:15:35.658 | DEBUG    | 📚 Aprendido: 4e127252... → uplink
2026-01-04 04:15:35.659 | INFO     | 📨 Entregando localmente: 4e127252... → 4e127252... (type=MessageType(2), 166 bytes)
2026-01-04 04:15:35.659 | DEBUG    | Source 4e127252...: seq=23 (novo highest, window: 5 seqs)
2026-01-04 04:15:35.659 | DEBUG    | 🔍 Verificando assinatura: sig_len=139, signature_raw_len=139
2026-01-04 04:15:35.660 | INFO     | 💓 Verificando heartbeat:
2026-01-04 04:15:35.660 | INFO     |    Sink NID: 4e127252bd1a4c50860cf05dce3e7b17
2026-01-04 04:15:35.660 | INFO     |    Timestamp: 1767500135.4915376
2026-01-04 04:15:35.661 | INFO     |    Data to verify: 4e127252bd1a4c50860cf05dce3e7b1741da567a59df755a
2026-01-04 04:15:35.662 | INFO     | 🔍 Verificando assinatura:
2026-01-04 04:15:35.663 | INFO     |    Data: 24 bytes | 4e127252bd1a4c50860cf05dce3e7b1741da567a59df755a...
2026-01-04 04:15:35.663 | INFO     |    Signature: 139 bytes | 308188024201670278ae67d888beb3afc925a036700d6f1618ff98938d981f3b...
2026-01-04 04:15:35.667 | INFO     | ✅ Assinatura verificada com sucesso!
2026-01-04 04:15:35.668 | DEBUG    | ✅ Assinatura de heartbeat válida
2026-01-04 04:15:35.668 | DEBUG    | 💓 Heartbeat recebido (seq=23, age=0.18s)
2026-01-04 04:15:40.650 | INFO     | [OP-20260104_041347-0039] NOTIFICATION | Remote: E0:D3:62:D7:47:03 | Char: 12340001-0000-1000-8000-00805f9b34fb | Data: 236 bytes | Hex: 4e127252bd1a4c50860cf05dce3e7b174e127252bd1a4c50860cf05dce3e7b170201000000180b59c7f9cb4ce60bb904e7264cfb206d6485356f2c5bb026742f | ASCII: N.rR..LP...].>{.N.rR..LP...].>{........Y...L.....&L. md.5o,[.&t/ [TRUNCATED]
2026-01-04 04:15:40.651 | DEBUG    | 📥 Pacote recebido de uplink: 4e127252... → 4e127252... (type=MessageType(2), ttl=1)
2026-01-04 04:15:40.651 | DEBUG    | Source 4e127252...: seq=24 (novo highest, window: 6 seqs)
2026-01-04 04:15:40.651 | DEBUG    | 📚 Aprendido: 4e127252... → uplink
2026-01-04 04:15:40.651 | INFO     | 📨 Entregando localmente: 4e127252... → 4e127252... (type=MessageType(2), 166 bytes)
2026-01-04 04:15:40.651 | DEBUG    | Source 4e127252...: seq=24 (novo highest, window: 6 seqs)
2026-01-04 04:15:40.652 | DEBUG    | 🔍 Verificando assinatura: sig_len=139, signature_raw_len=139
2026-01-04 04:15:40.652 | INFO     | 💓 Verificando heartbeat:
2026-01-04 04:15:40.652 | INFO     |    Sink NID: 4e127252bd1a4c50860cf05dce3e7b17
2026-01-04 04:15:40.653 | INFO     |    Timestamp: 1767500140.4959598
2026-01-04 04:15:40.653 | INFO     |    Data to verify: 4e127252bd1a4c50860cf05dce3e7b1741da567a5b1fbdce
2026-01-04 04:15:40.653 | INFO     | 🔍 Verificando assinatura:
2026-01-04 04:15:40.653 | INFO     |    Data: 24 bytes | 4e127252bd1a4c50860cf05dce3e7b1741da567a5b1fbdce...
2026-01-04 04:15:40.654 | INFO     |    Signature: 139 bytes | 308188024201134d020d126b573f2d77a39e24a5a135c0954ff28834ab1304c7...
2026-01-04 04:15:40.655 | INFO     | ✅ Assinatura verificada com sucesso!
2026-01-04 04:15:40.657 | DEBUG    | ✅ Assinatura de heartbeat válida
2026-01-04 04:15:40.657 | DEBUG    | 💓 Heartbeat recebido (seq=24, age=0.16s)
2026-01-04 04:15:45.604 | INFO     | [OP-20260104_041347-0040] NOTIFICATION | Remote: E0:D3:62:D7:47:03 | Char: 12340001-0000-1000-8000-00805f9b34fb | Data: 236 bytes | Hex: 4e127252bd1a4c50860cf05dce3e7b174e127252bd1a4c50860cf05dce3e7b170201000000194a5b9bcc578a75af1ba38bfd50dc766d187bb269e02251385141 | ASCII: N.rR..LP...].>{.N.rR..LP...].>{.......J[..W.u.....P.vm.{.i."Q8QA [TRUNCATED]
2026-01-04 04:15:45.605 | DEBUG    | 📥 Pacote recebido de uplink: 4e127252... → 4e127252... (type=MessageType(2), ttl=1)
2026-01-04 04:15:45.605 | DEBUG    | Source 4e127252...: seq=25 (novo highest, window: 7 seqs)
2026-01-04 04:15:45.606 | DEBUG    | 📚 Aprendido: 4e127252... → uplink
2026-01-04 04:15:45.606 | INFO     | 📨 Entregando localmente: 4e127252... → 4e127252... (type=MessageType(2), 166 bytes)
2026-01-04 04:15:45.607 | DEBUG    | Source 4e127252...: seq=25 (novo highest, window: 7 seqs)
2026-01-04 04:15:45.608 | DEBUG    | 🔍 Verificando assinatura: sig_len=139, signature_raw_len=139
2026-01-04 04:15:45.608 | INFO     | 💓 Verificando heartbeat:
2026-01-04 04:15:45.609 | INFO     |    Sink NID: 4e127252bd1a4c50860cf05dce3e7b17
2026-01-04 04:15:45.610 | INFO     |    Timestamp: 1767500145.493004
2026-01-04 04:15:45.611 | INFO     |    Data to verify: 4e127252bd1a4c50860cf05dce3e7b1741da567a5c5f8d61
2026-01-04 04:15:45.611 | INFO     | 🔍 Verificando assinatura:
2026-01-04 04:15:45.612 | INFO     |    Data: 24 bytes | 4e127252bd1a4c50860cf05dce3e7b1741da567a5c5f8d61...
2026-01-04 04:15:45.612 | INFO     |    Signature: 139 bytes | 3081880242016b1864892d309136471879ae5d945aefcc3e08ecb39c3bac7acd...
2026-01-04 04:15:45.614 | INFO     | ✅ Assinatura verificada com sucesso!
2026-01-04 04:15:45.615 | DEBUG    | ✅ Assinatura de heartbeat válida
2026-01-04 04:15:45.615 | DEBUG    | 💓 Heartbeat recebido (seq=25, age=0.12s)
2026-01-04 04:15:50.599 | INFO     | [OP-20260104_041347-0041] NOTIFICATION | Remote: E0:D3:62:D7:47:03 | Char: 12340001-0000-1000-8000-00805f9b34fb | Data: 236 bytes | Hex: 4e127252bd1a4c50860cf05dce3e7b174e127252bd1a4c50860cf05dce3e7b1702010000001a311df4726eb455ef6fecfda2212c58f755a8e94d415e51a8697c | ASCII: N.rR..LP...].>{.N.rR..LP...].>{.......1..rn.U.o...!,X.U..MA^Q.i| [TRUNCATED]
2026-01-04 04:15:50.600 | DEBUG    | 📥 Pacote recebido de uplink: 4e127252... → 4e127252... (type=MessageType(2), ttl=1)
2026-01-04 04:15:50.601 | DEBUG    | Source 4e127252...: seq=26 (novo highest, window: 8 seqs)
2026-01-04 04:15:50.602 | DEBUG    | 📚 Aprendido: 4e127252... → uplink
2026-01-04 04:15:50.602 | INFO     | 📨 Entregando localmente: 4e127252... → 4e127252... (type=MessageType(2), 166 bytes)
2026-01-04 04:15:50.603 | DEBUG    | Source 4e127252...: seq=26 (novo highest, window: 8 seqs)
2026-01-04 04:15:50.604 | DEBUG    | 🔍 Verificando assinatura: sig_len=139, signature_raw_len=139
2026-01-04 04:15:50.604 | INFO     | 💓 Verificando heartbeat:
2026-01-04 04:15:50.605 | INFO     |    Sink NID: 4e127252bd1a4c50860cf05dce3e7b17
2026-01-04 04:15:50.606 | INFO     |    Timestamp: 1767500150.4959176
2026-01-04 04:15:50.607 | INFO     |    Data to verify: 4e127252bd1a4c50860cf05dce3e7b1741da567a5d9fbd1d
2026-01-04 04:15:50.610 | INFO     | 🔍 Verificando assinatura:
2026-01-04 04:15:50.611 | INFO     |    Data: 24 bytes | 4e127252bd1a4c50860cf05dce3e7b1741da567a5d9fbd1d...
2026-01-04 04:15:50.612 | INFO     |    Signature: 139 bytes | 308188024201b4bdc8b3be3748ed154b93defe8105a9218b5cb643f7a11570ff...
2026-01-04 04:15:50.617 | INFO     | ✅ Assinatura verificada com sucesso!
2026-01-04 04:15:50.618 | DEBUG    | ✅ Assinatura de heartbeat válida
2026-01-04 04:15:50.618 | DEBUG    | 💓 Heartbeat recebido (seq=26, age=0.12s)
2026-01-04 04:15:55.637 | INFO     | [OP-20260104_041347-0042] NOTIFICATION | Remote: E0:D3:62:D7:47:03 | Char: 12340001-0000-1000-8000-00805f9b34fb | Data: 236 bytes | Hex: 4e127252bd1a4c50860cf05dce3e7b174e127252bd1a4c50860cf05dce3e7b1702010000001b066515dfbc411e435ea6840024152efa2e568d8ecd717094dd80 | ASCII: N.rR..LP...].>{.N.rR..LP...].>{........e...A.C^...$....V...qp... [TRUNCATED]
2026-01-04 04:15:55.638 | DEBUG    | 📥 Pacote recebido de uplink: 4e127252... → 4e127252... (type=MessageType(2), ttl=1)
2026-01-04 04:15:55.638 | DEBUG    | Source 4e127252...: seq=27 (novo highest, window: 9 seqs)
2026-01-04 04:15:55.638 | DEBUG    | 📚 Aprendido: 4e127252... → uplink
2026-01-04 04:15:55.638 | INFO     | 📨 Entregando localmente: 4e127252... → 4e127252... (type=MessageType(2), 166 bytes)
2026-01-04 04:15:55.638 | DEBUG    | Source 4e127252...: seq=27 (novo highest, window: 9 seqs)
2026-01-04 04:15:55.638 | DEBUG    | 🔍 Verificando assinatura: sig_len=139, signature_raw_len=139
2026-01-04 04:15:55.639 | INFO     | 💓 Verificando heartbeat:
2026-01-04 04:15:55.639 | INFO     |    Sink NID: 4e127252bd1a4c50860cf05dce3e7b17
2026-01-04 04:15:55.640 | INFO     |    Timestamp: 1767500155.4919376
2026-01-04 04:15:55.640 | INFO     |    Data to verify: 4e127252bd1a4c50860cf05dce3e7b1741da567a5edf7be8
2026-01-04 04:15:55.641 | INFO     | 🔍 Verificando assinatura:
2026-01-04 04:15:55.641 | INFO     |    Data: 24 bytes | 4e127252bd1a4c50860cf05dce3e7b1741da567a5edf7be8...
2026-01-04 04:15:55.641 | INFO     |    Signature: 139 bytes | 3081880242013f74123a494981407c8326564a389d593aefb74f01972c937e05...
2026-01-04 04:15:55.643 | INFO     | ✅ Assinatura verificada com sucesso!
2026-01-04 04:15:55.644 | DEBUG    | ✅ Assinatura de heartbeat válida
2026-01-04 04:15:55.644 | DEBUG    | 💓 Heartbeat recebido (seq=27, age=0.15s)
2026-01-04 04:16:00.588 | INFO     | [OP-20260104_041347-0043] NOTIFICATION | Remote: E0:D3:62:D7:47:03 | Char: 12340001-0000-1000-8000-00805f9b34fb | Data: 236 bytes | Hex: 4e127252bd1a4c50860cf05dce3e7b174e127252bd1a4c50860cf05dce3e7b1702010000001cf45ce861bd26848c9e7b1f0f4aa16a2e41aa913bb4b519f705eb | ASCII: N.rR..LP...].>{.N.rR..LP...].>{........\.a.&...{..J.j.A..;...... [TRUNCATED]
2026-01-04 04:16:00.589 | DEBUG    | 📥 Pacote recebido de uplink: 4e127252... → 4e127252... (type=MessageType(2), ttl=1)
2026-01-04 04:16:00.589 | DEBUG    | Source 4e127252...: seq=28 (novo highest, window: 10 seqs)
2026-01-04 04:16:00.589 | DEBUG    | 📚 Aprendido: 4e127252... → uplink
2026-01-04 04:16:00.590 | INFO     | 📨 Entregando localmente: 4e127252... → 4e127252... (type=MessageType(2), 166 bytes)
2026-01-04 04:16:00.590 | DEBUG    | Source 4e127252...: seq=28 (novo highest, window: 10 seqs)
2026-01-04 04:16:00.591 | DEBUG    | 🔍 Verificando assinatura: sig_len=138, signature_raw_len=138
2026-01-04 04:16:00.591 | INFO     | 💓 Verificando heartbeat:
2026-01-04 04:16:00.592 | INFO     |    Sink NID: 4e127252bd1a4c50860cf05dce3e7b17
2026-01-04 04:16:00.593 | INFO     |    Timestamp: 1767500160.4958007
2026-01-04 04:16:00.596 | INFO     |    Data to verify: 4e127252bd1a4c50860cf05dce3e7b1741da567a601fbb33
2026-01-04 04:16:00.597 | INFO     | 🔍 Verificando assinatura:
2026-01-04 04:16:00.598 | INFO     |    Data: 24 bytes | 4e127252bd1a4c50860cf05dce3e7b1741da567a601fbb33...
2026-01-04 04:16:00.599 | INFO     |    Signature: 138 bytes | 30818702420115bda340c10593cc6a3fd301819878826b9fb62ca2ace20f6594...
2026-01-04 04:16:00.602 | INFO     | ✅ Assinatura verificada com sucesso!
2026-01-04 04:16:00.603 | DEBUG    | ✅ Assinatura de heartbeat válida
2026-01-04 04:16:00.604 | DEBUG    | 💓 Heartbeat recebido (seq=28, age=0.11s)
2026-01-04 04:16:04.676 | DEBUG    | 🔐 End-to-end wrap: 10 → 38 bytes (AES-256-GCM)
2026-01-04 04:16:04.676 | INFO     | 🔐 Payload encriptado end-to-end: 10 → 38 bytes
2026-01-04 04:16:04.678 | INFO     | [OP-20260104_041347-0044] WRITE_REQUEST | Remote: E0:D3:62:D7:47:03 | Char: 12340001-0000-1000-8000-00805f9b34fb | Data: 108 bytes | Hex: 0abd826034354e24aa128bf5d40cc2194e127252bd1a4c50860cf05dce3e7b17010a00000000acae9d106f13b58739a3051f27e62ebc580f42f67b3574b37ab4 | ASCII: ...`45N$........N.rR..LP...].>{...........o...9...'...X.B.{5t.z. [TRUNCATED]
2026-01-04 04:16:04.774 | DEBUG    | ✅ Write via SimpleBLE: 12340001-0000-1000-8000-00805f9b34fb (108 bytes)
2026-01-04 04:16:04.775 | INFO     | [OP-20260104_041347-0045] WRITE_SUCCESS | Remote: E0:D3:62:D7:47:03 | Char: 12340001-0000-1000-8000-00805f9b34fb
2026-01-04 04:16:04.775 | INFO     | ✅ Mensagem enviada para 4e127252...
2026-01-04 04:16:05.627 | INFO     | [OP-20260104_041347-0046] NOTIFICATION | Remote: E0:D3:62:D7:47:03 | Char: 12340001-0000-1000-8000-00805f9b34fb | Data: 236 bytes | Hex: 4e127252bd1a4c50860cf05dce3e7b174e127252bd1a4c50860cf05dce3e7b1702010000001df733166a69408b94cb8e5f57dd258c3b5b7696271b549867dbca | ASCII: N.rR..LP...].>{.N.rR..LP...].>{........3.ji@...._W.%.;[v.'.T.g.. [TRUNCATED]
2026-01-04 04:16:05.630 | DEBUG    | 📥 Pacote recebido de uplink: 4e127252... → 4e127252... (type=MessageType(2), ttl=1)
2026-01-04 04:16:05.631 | DEBUG    | Source 4e127252...: seq=29 (novo highest, window: 11 seqs)
2026-01-04 04:16:05.632 | DEBUG    | 📚 Aprendido: 4e127252... → uplink
2026-01-04 04:16:05.633 | INFO     | 📨 Entregando localmente: 4e127252... → 4e127252... (type=MessageType(2), 166 bytes)
2026-01-04 04:16:05.634 | DEBUG    | Source 4e127252...: seq=29 (novo highest, window: 11 seqs)
2026-01-04 04:16:05.635 | DEBUG    | 🔍 Verificando assinatura: sig_len=138, signature_raw_len=138
2026-01-04 04:16:05.636 | INFO     | 💓 Verificando heartbeat:
2026-01-04 04:16:05.638 | INFO     |    Sink NID: 4e127252bd1a4c50860cf05dce3e7b17
2026-01-04 04:16:05.639 | INFO     |    Timestamp: 1767500165.4917042
2026-01-04 04:16:05.640 | INFO     |    Data to verify: 4e127252bd1a4c50860cf05dce3e7b1741da567a615f7815
2026-01-04 04:16:05.642 | INFO     | 🔍 Verificando assinatura:
2026-01-04 04:16:05.644 | INFO     |    Data: 24 bytes | 4e127252bd1a4c50860cf05dce3e7b1741da567a615f7815...
2026-01-04 04:16:05.645 | INFO     |    Signature: 138 bytes | 308187024201721128152ceeb6bd36a44e9974354e55257d0bb0f91a090a60f1...
2026-01-04 04:16:05.650 | INFO     | ✅ Assinatura verificada com sucesso!
2026-01-04 04:16:05.651 | DEBUG    | ✅ Assinatura de heartbeat válida
2026-01-04 04:16:05.651 | DEBUG    | 💓 Heartbeat recebido (seq=29, age=0.16s)
2026-01-04 04:16:10.621 | INFO     | [OP-20260104_041347-0047] NOTIFICATION | Remote: E0:D3:62:D7:47:03 | Char: 12340001-0000-1000-8000-00805f9b34fb | Data: 236 bytes | Hex: 4e127252bd1a4c50860cf05dce3e7b174e127252bd1a4c50860cf05dce3e7b1702010000001e0a32f92ccf791a6066b46c32e98a94276d82f9206a3818232ee7 | ASCII: N.rR..LP...].>{.N.rR..LP...].>{........2.,.y.`f.l2...'m.. j8.#.. [TRUNCATED]
2026-01-04 04:16:10.623 | DEBUG    | 📥 Pacote recebido de uplink: 4e127252... → 4e127252... (type=MessageType(2), ttl=1)
2026-01-04 04:16:10.623 | DEBUG    | Source 4e127252...: seq=30 (novo highest, window: 12 seqs)
2026-01-04 04:16:10.624 | DEBUG    | 📚 Aprendido: 4e127252... → uplink
2026-01-04 04:16:10.624 | INFO     | 📨 Entregando localmente: 4e127252... → 4e127252... (type=MessageType(2), 166 bytes)
2026-01-04 04:16:10.625 | DEBUG    | Source 4e127252...: seq=30 (novo highest, window: 12 seqs)
2026-01-04 04:16:10.626 | DEBUG    | 🔍 Verificando assinatura: sig_len=137, signature_raw_len=137
2026-01-04 04:16:10.626 | INFO     | 💓 Verificando heartbeat:
2026-01-04 04:16:10.627 | INFO     |    Sink NID: 4e127252bd1a4c50860cf05dce3e7b17
2026-01-04 04:16:10.629 | INFO     |    Timestamp: 1767500170.4958854
2026-01-04 04:16:10.630 | INFO     |    Data to verify: 4e127252bd1a4c50860cf05dce3e7b1741da567a629fbc96
2026-01-04 04:16:10.631 | INFO     | 🔍 Verificando assinatura:
2026-01-04 04:16:10.633 | INFO     |    Data: 24 bytes | 4e127252bd1a4c50860cf05dce3e7b1741da567a629fbc96...
2026-01-04 04:16:10.636 | INFO     |    Signature: 137 bytes | 30818602414545a1668396a4df39b242195ece01b0c0b0ed01a1c1682f12c432...
2026-01-04 04:16:10.645 | INFO     | ✅ Assinatura verificada com sucesso!
2026-01-04 04:16:10.645 | DEBUG    | ✅ Assinatura de heartbeat válida
2026-01-04 04:16:10.646 | DEBUG    | 💓 Heartbeat recebido (seq=30, age=0.15s)
2026-01-04 04:16:15.617 | INFO     | [OP-20260104_041347-0048] NOTIFICATION | Remote: E0:D3:62:D7:47:03 | Char: 12340001-0000-1000-8000-00805f9b34fb | Data: 236 bytes | Hex: 4e127252bd1a4c50860cf05dce3e7b174e127252bd1a4c50860cf05dce3e7b1702010000001fd7bf80d4d0d349c9e0f7ff0ca43e6f71d611858866dc7176abac | ASCII: N.rR..LP...].>{.N.rR..LP...].>{.............I......>oq....f.qv.. [TRUNCATED]
2026-01-04 04:16:15.619 | DEBUG    | 📥 Pacote recebido de uplink: 4e127252... → 4e127252... (type=MessageType(2), ttl=1)
2026-01-04 04:16:15.619 | DEBUG    | Source 4e127252...: seq=31 (novo highest, window: 13 seqs)
2026-01-04 04:16:15.620 | DEBUG    | 📚 Aprendido: 4e127252... → uplink
2026-01-04 04:16:15.620 | INFO     | 📨 Entregando localmente: 4e127252... → 4e127252... (type=MessageType(2), 166 bytes)
2026-01-04 04:16:15.622 | DEBUG    | Source 4e127252...: seq=31 (novo highest, window: 13 seqs)
2026-01-04 04:16:15.622 | DEBUG    | 🔍 Verificando assinatura: sig_len=138, signature_raw_len=138
2026-01-04 04:16:15.623 | INFO     | 💓 Verificando heartbeat:
2026-01-04 04:16:15.624 | INFO     |    Sink NID: 4e127252bd1a4c50860cf05dce3e7b17
2026-01-04 04:16:15.625 | INFO     |    Timestamp: 1767500175.4957407
2026-01-04 04:16:15.626 | INFO     |    Data to verify: 4e127252bd1a4c50860cf05dce3e7b1741da567a63dfba37
2026-01-04 04:16:15.628 | INFO     | 🔍 Verificando assinatura:
2026-01-04 04:16:15.629 | INFO     |    Data: 24 bytes | 4e127252bd1a4c50860cf05dce3e7b1741da567a63dfba37...
2026-01-04 04:16:15.629 | INFO     |    Signature: 138 bytes | 3081870241284f44a708895c6252ba813db0a7e299302580cca200a022f41a33...
2026-01-04 04:16:15.636 | INFO     | ✅ Assinatura verificada com sucesso!
2026-01-04 04:16:15.640 | DEBUG    | ✅ Assinatura de heartbeat válida
2026-01-04 04:16:15.640 | DEBUG    | 💓 Heartbeat recebido (seq=31, age=0.14s)
2026-01-04 04:16:19.676 | INFO     | A parar Node...
2026-01-04 04:16:19.678 | INFO     | A parar GATT Server...
2026-01-04 04:16:19.681 | INFO     | ✅ GATT Server parado
2026-01-04 04:16:22.238 | INFO     | Desconectado de E0:D3:62:D7:47:03
2026-01-04 04:16:22.240 | WARNING  | ⚠️  Conexão perdida com Sink
2026-01-04 04:16:22.242 | INFO     | [OP-20260104_041347-0049] DISCONNECT | Remote: E0:D3:62:D7:47:03 | Reason: normal
2026-01-04 04:16:22.244 | INFO     | ✅ Node parado
2026-01-04 04:16:22.246 | DEBUG    | Nenhum downlink para desconectar
