2026-01-02 02:21:26.271 | INFO     | BLE Operation Logger iniciado: ble_operations_A08869B6F7D2_20260102_022126.log
2026-01-02 02:21:26.272 | INFO     | Scanner BLE iniciado: hci0 (A0:88:69:B6:F7:D2)
2026-01-02 02:21:26.273 | INFO     | BLE Client iniciado
2026-01-02 02:21:26.273 | INFO     | IoT Node inicializado (adapter=hci0)
2026-01-02 02:21:26.274 | INFO     | ============================================================
2026-01-02 02:21:26.274 | INFO     |   A iniciar IoT Node (dual-mode)
2026-01-02 02:21:26.274 | INFO     | ============================================================
2026-01-02 02:21:26.275 | INFO     | A configurar GATT Server...
2026-01-02 02:21:26.277 | INFO     | Application criada: /
2026-01-02 02:21:26.277 | INFO     | Service criado: /0 (UUID: 12340000-0000-1000-8000-00805f9b34fb, primary: True)
2026-01-02 02:21:26.278 | INFO     | A criar IoTNetworkService...
2026-01-02 02:21:26.279 | DEBUG    | Characteristic criada: /0/char0 (UUID: 12340001-0000-1000-8000-00805f9b34fb, flags: ['write', 'notify'])
2026-01-02 02:21:26.280 | INFO     | NetworkPacketCharacteristic criada
2026-01-02 02:21:26.280 | DEBUG    | Characteristic criada: /0/char1 (UUID: 12340002-0000-1000-8000-00805f9b34fb, flags: ['read'])
2026-01-02 02:21:26.280 | INFO     | DeviceInfoCharacteristic criada: NID=53a84472..., type=node
2026-01-02 02:21:26.281 | DEBUG    | Characteristic criada: /0/char2 (UUID: 12340003-0000-1000-8000-00805f9b34fb, flags: ['read', 'notify'])
2026-01-02 02:21:26.281 | INFO     | NeighborTableCharacteristic criada
2026-01-02 02:21:26.281 | DEBUG    | Characteristic criada: /0/char3 (UUID: 12340004-0000-1000-8000-00805f9b34fb, flags: ['write', 'indicate'])
2026-01-02 02:21:26.281 | INFO     | AuthCharacteristic criada
2026-01-02 02:21:26.283 | DEBUG    | Characteristic adicionada a /0: /0/char0
2026-01-02 02:21:26.283 | DEBUG    | Characteristic adicionada a /0: /0/char1
2026-01-02 02:21:26.284 | DEBUG    | Characteristic adicionada a /0: /0/char2
2026-01-02 02:21:26.284 | DEBUG    | Characteristic adicionada a /0: /0/char3
2026-01-02 02:21:26.284 | INFO     | ✅ IoTNetworkService criado com sucesso!
2026-01-02 02:21:26.284 | INFO     | Service adicionado à aplicação: /0
2026-01-02 02:21:26.285 | DEBUG    | Packet callback definido
2026-01-02 02:21:26.285 | DEBUG    | Auth callback definido
2026-01-02 02:21:26.287 | INFO     | Advertisement criado: /org/bluez/iot/advertisement0 (type: peripheral)
2026-01-02 02:21:26.287 | INFO     | ✅ Service UUID adicionado ao advertising: 12340000-0000-1000-8000-00805f9b34fb
2026-01-02 02:21:26.287 | INFO     |    Lista atual de UUIDs: ['12340000-0000-1000-8000-00805f9b34fb']
2026-01-02 02:21:26.288 | DEBUG    | Local name definido: IoT-Node-53a84472
2026-01-02 02:21:26.288 | DEBUG    | Manufacturer data adicionado: ID=65535
2026-01-02 02:21:26.288 | INFO     | ✅ GATT Server configurado
2026-01-02 02:21:26.289 | INFO     | A iniciar GATT Server...
2026-01-02 02:21:26.293 | INFO     | ✅ GATT Server iniciado em thread separada
2026-01-02 02:21:26.294 | INFO     | ✅ GATT Server ativo - aguardando downlinks
2026-01-02 02:21:26.295 | INFO     | 🔍 A procurar Sink...
2026-01-02 02:21:26.296 | INFO     | A fazer scan BLE durante 5000ms...
2026-01-02 02:21:26.299 | INFO     | [OP-20260102_022126-0001] SCAN_START | Duration: 5000ms | Filter_IoT: True
2026-01-02 02:21:26.298 | DEBUG    | GetManagedObjects called
2026-01-02 02:21:26.301 | DEBUG    | GetManagedObjects returning 5 objects
2026-01-02 02:21:26.377 | INFO     | ✅ GATT application registada!
2026-01-02 02:21:26.377 | DEBUG    | GetAll called on /org/bluez/iot/advertisement0
2026-01-02 02:21:26.378 | INFO     | 📡 Advertising com ServiceUUIDs: ['12340000-0000-1000-8000-00805f9b34fb']
2026-01-02 02:21:26.490 | INFO     | ✅ Advertisement registado!
2026-01-02 02:21:31.577 | INFO     | Scan concluído: 0 dispositivos encontrados
2026-01-02 02:21:31.578 | INFO     | [OP-20260102_022126-0002] SCAN_RESULT | Devices_Found: 0
2026-01-02 02:21:31.578 | INFO     | Encontrados 0 dispositivos IoT
2026-01-02 02:21:31.579 | INFO     | A fazer scan BLE durante 5000ms...
2026-01-02 02:21:31.580 | INFO     | [OP-20260102_022126-0003] SCAN_START | Duration: 5000ms | Filter_IoT: True
2026-01-02 02:21:36.686 | INFO     | Scan concluído: 0 dispositivos encontrados
2026-01-02 02:21:36.688 | INFO     | [OP-20260102_022126-0004] SCAN_RESULT | Devices_Found: 0
2026-01-02 02:21:36.689 | INFO     | Encontrados 0 dispositivos IoT
2026-01-02 02:21:36.690 | INFO     | A fazer scan BLE durante 5000ms...
2026-01-02 02:21:36.691 | INFO     | [OP-20260102_022126-0005] SCAN_START | Duration: 5000ms | Filter_IoT: True
2026-01-02 02:21:41.800 | INFO     | Scan concluído: 0 dispositivos encontrados
2026-01-02 02:21:41.801 | INFO     | [OP-20260102_022126-0006] SCAN_RESULT | Devices_Found: 0
2026-01-02 02:21:41.803 | INFO     | Encontrados 0 dispositivos IoT
2026-01-02 02:21:41.805 | INFO     | A fazer scan BLE durante 5000ms...
2026-01-02 02:21:41.807 | INFO     | [OP-20260102_022126-0007] SCAN_START | Duration: 5000ms | Filter_IoT: True
2026-01-02 02:21:46.925 | DEBUG    |   Encontrado: IoT-Sink-c5c55ab2 (E0:D3:62:D6:EE:A0) RSSI: -44 dBm
2026-01-02 02:21:46.926 | INFO     | Scan concluído: 1 dispositivos encontrados
2026-01-02 02:21:46.927 | INFO     | [OP-20260102_022126-0008] SCAN_RESULT | Devices_Found: 1
2026-01-02 02:21:46.929 | DEBUG    | [OP-20260102_022126-0008]   Device_1: Name: IoT-Sink-c5c55ab2 | Address: E0:D3:62:D6:EE:A0 | RSSI: -44 dBm | Services: 1
2026-01-02 02:21:46.929 | INFO     | Encontrados 1 dispositivos IoT
2026-01-02 02:21:46.931 | DEBUG    |   Device: IoT-Sink-c5c55ab2 (E0:D3:62:D6:EE:A0) RSSI: -44 dBm
2026-01-02 02:21:46.931 | DEBUG    |     Type=0, HopCount=255
2026-01-02 02:21:46.931 | INFO     | ✅ Sink encontrado: IoT-Sink-c5c55ab2 (E0:D3:62:D6:EE:A0) RSSI: -44 dBm
2026-01-02 02:21:46.932 | INFO     | A conectar ao Sink E0:D3:62:D6:EE:A0...
2026-01-02 02:21:46.935 | DEBUG    | BLEConnection criada para E0:D3:62:D6:EE:A0
2026-01-02 02:21:46.936 | INFO     | A conectar a E0:D3:62:D6:EE:A0...
2026-01-02 02:21:46.937 | INFO     | [OP-20260102_022126-0009] CONNECT_ATTEMPT | Local: A0:88:69:B6:F7:D2 | Remote: E0:D3:62:D6:EE:A0
2026-01-02 02:21:51.141 | INFO     | ✅ Conectado a E0:D3:62:D6:EE:A0
2026-01-02 02:21:51.143 | INFO     | [OP-20260102_022126-0010] CONNECT_SUCCESS | Remote: E0:D3:62:D6:EE:A0 | Time: 4201.06ms
2026-01-02 02:21:51.144 | DEBUG    | ✅ Conexão estabelecida. Operações GATT usarão D-Bus se necessário.
2026-01-02 02:21:51.144 | INFO     | ✅ Conectado ao Sink via GATT
2026-01-02 02:21:51.147 | DEBUG    | Descobertos 4 serviços
2026-01-02 02:21:51.152 | DEBUG    | Serviço 12340000-0000-1000-8000-00805f9b34fb encontrado
2026-01-02 02:21:51.153 | INFO     | ✅ Serviço IoT Network encontrado
2026-01-02 02:21:51.154 | INFO     | A subscrever a notificações...
2026-01-02 02:21:51.662 | INFO     | ✅ Subscrito a notificações: 12340001-0000-1000-8000-00805f9b34fb
2026-01-02 02:21:51.663 | INFO     | [OP-20260102_022126-0011] SUBSCRIBE_SUCCESS | Remote: E0:D3:62:D6:EE:A0 | Char: 12340001-0000-1000-8000-00805f9b34fb
2026-01-02 02:21:51.664 | INFO     | ✅ Subscrito a NETWORK_PACKET
2026-01-02 02:21:51.665 | DEBUG    | [OP-20260102_022126-0012] READ_REQUEST | Remote: E0:D3:62:D6:EE:A0 | Service: 12340000-0000-1000-8000-00805f9b34fb | Char: 12340002-0000-1000-8000-00805f9b34fb
2026-01-02 02:21:51.761 | DEBUG    | Read 12340002-0000-1000-8000-00805f9b34fb: 18 bytes
2026-01-02 02:21:51.762 | INFO     | [OP-20260102_022126-0013] READ_RESPONSE | Remote: E0:D3:62:D6:EE:A0 | Char: 12340002-0000-1000-8000-00805f9b34fb | Data: 18 bytes | Hex: c5c55ab2c469427db40fbf51ab0af380ff01 | ASCII: ..Z..iB}...Q......
2026-01-02 02:21:51.763 | INFO     | ✅ Conectado ao Sink - hop_count=0
2026-01-02 02:21:51.764 | DEBUG    | Manufacturer data adicionado: ID=65535
2026-01-02 02:21:51.764 | DEBUG    | Advertisement atualizado: hop_count=0
2026-01-02 02:21:51.765 | INFO     | 🔐 A iniciar autenticação com Sink...
2026-01-02 02:21:51.766 | INFO     | AuthenticationProtocol inicializado para 53a84472...
2026-01-02 02:21:51.767 | INFO     | 📤 Enviando certificado...
2026-01-02 02:21:51.769 | INFO     | 🔐 Iniciando autenticação - enviando certificado...
2026-01-02 02:21:51.771 | INFO     |    Certificado: 887 bytes
2026-01-02 02:21:51.773 | DEBUG    |    Estado: IDLE → CERT_SENT
2026-01-02 02:21:51.774 | INFO     | Fragmentando mensagem de 890 bytes em 5 fragmentos
2026-01-02 02:21:51.775 | DEBUG    |   Fragmento 1/5: 180 bytes, flags=0x01
2026-01-02 02:21:51.775 | DEBUG    |   Fragmento 2/5: 180 bytes, flags=0x00
2026-01-02 02:21:51.776 | DEBUG    |   Fragmento 3/5: 180 bytes, flags=0x00
2026-01-02 02:21:51.777 | DEBUG    |   Fragmento 4/5: 180 bytes, flags=0x00
2026-01-02 02:21:51.781 | DEBUG    |   Fragmento 5/5: 170 bytes, flags=0x02
2026-01-02 02:21:51.781 | DEBUG    | Enviando mensagem auth: 890 bytes em 5 fragmento(s)
2026-01-02 02:21:51.784 | INFO     | [OP-20260102_022126-0014] WRITE_REQUEST | Remote: E0:D3:62:D6:EE:A0 | Char: 12340004-0000-1000-8000-00805f9b34fb | Data: 183 bytes | Hex: 0100050103772d2d2d2d2d424547494e2043455254494649434154452d2d2d2d2d0a4d4949435954434341634b674177494241674955657479325a6c55354642 | ASCII: .....w-----BEGIN CERTIFICATE-----.MIICYTCCAcKgAwIBAgIUety2ZlU5FB [TRUNCATED]
2026-01-02 02:21:51.910 | DEBUG    | ✅ Write via SimpleBLE: 12340004-0000-1000-8000-00805f9b34fb (183 bytes)
2026-01-02 02:21:51.910 | INFO     | [OP-20260102_022126-0015] WRITE_SUCCESS | Remote: E0:D3:62:D6:EE:A0 | Char: 12340004-0000-1000-8000-00805f9b34fb
2026-01-02 02:21:51.910 | DEBUG    |   Fragmento 1/5 enviado
2026-01-02 02:21:52.012 | INFO     | [OP-20260102_022126-0016] WRITE_REQUEST | Remote: E0:D3:62:D6:EE:A0 | Char: 12340004-0000-1000-8000-00805f9b34fb | Data: 183 bytes | Hex: 0001054d446b6c765643424f5a58523362334a7249454e424d423458445449314d5449794f54497a4e44517a4d6c6f580a44544d314d5449794e7a497a4e4451 | ASCII: ...MDklvVCBOZXR3b3JrIENBMB4XDTI1MTIyOTIzNDQzMloX.DTM1MTIyNzIzNDQ [TRUNCATED]
2026-01-02 02:21:52.160 | DEBUG    | ✅ Write via SimpleBLE: 12340004-0000-1000-8000-00805f9b34fb (183 bytes)
2026-01-02 02:21:52.161 | INFO     | [OP-20260102_022126-0017] WRITE_SUCCESS | Remote: E0:D3:62:D6:EE:A0 | Char: 12340004-0000-1000-8000-00805f9b34fb
2026-01-02 02:21:52.163 | DEBUG    |   Fragmento 2/5 enviado
2026-01-02 02:21:52.265 | INFO     | [OP-20260102_022126-0018] WRITE_REQUEST | Remote: E0:D3:62:D6:EE:A0 | Char: 12340004-0000-1000-8000-00805f9b34fb | Data: 183 bytes | Hex: 000205675a7377454159484b6f5a497a6a3043415159464b34454541434d44675959414241456a5a664e4f582f456157716c626755424372633971676b43350a | ASCII: ...gZswEAYHKoZIzj0CAQYFK4EEACMDgYYABAEjZfNOX/EaWqlbgUBCrc9qgkC5. [TRUNCATED]
2026-01-02 02:21:52.410 | DEBUG    | ✅ Write via SimpleBLE: 12340004-0000-1000-8000-00805f9b34fb (183 bytes)
2026-01-02 02:21:52.411 | INFO     | [OP-20260102_022126-0019] WRITE_SUCCESS | Remote: E0:D3:62:D6:EE:A0 | Char: 12340004-0000-1000-8000-00805f9b34fb
2026-01-02 02:21:52.412 | DEBUG    |   Fragmento 3/5 enviado
2026-01-02 02:21:52.513 | INFO     | [OP-20260102_022126-0020] WRITE_REQUEST | Remote: E0:D3:62:D6:EE:A0 | Char: 12340004-0000-1000-8000-00805f9b34fb | Data: 183 bytes | Hex: 000305322b7557522b624835560a3147525a7964677179532f365a50456b4778617937714d344d44597744415944565230544151482f424149774144414f4267 | ASCII: ...2+uWR+bH5V.1GRZydgqyS/6ZPEkGxay7qM4MDYwDAYDVR0TAQH/BAIwADAOBg [TRUNCATED]
2026-01-02 02:21:52.660 | DEBUG    | ✅ Write via SimpleBLE: 12340004-0000-1000-8000-00805f9b34fb (183 bytes)
2026-01-02 02:21:52.661 | INFO     | [OP-20260102_022126-0021] WRITE_SUCCESS | Remote: E0:D3:62:D6:EE:A0 | Char: 12340004-0000-1000-8000-00805f9b34fb
2026-01-02 02:21:52.663 | DEBUG    |   Fragmento 4/5 enviado
2026-01-02 02:21:52.765 | INFO     | [OP-20260102_022126-0022] WRITE_REQUEST | Remote: E0:D3:62:D6:EE:A0 | Char: 12340004-0000-1000-8000-00805f9b34fb | Data: 173 bytes | Hex: 0204057a4233785053466831484d2f79427553464f702f794b5767580a69446f397832696f457134374b4e51567878794859475143516744444c625662666e58 | ASCII: ...zB3xPSFh1HM/yBuSFOp/yKWgX.iDo9x2ioEq47KNQVxxyHYGQCQgDDLbVbfnX [TRUNCATED]
2026-01-02 02:21:52.860 | DEBUG    | ✅ Write via SimpleBLE: 12340004-0000-1000-8000-00805f9b34fb (173 bytes)
2026-01-02 02:21:52.860 | INFO     | [OP-20260102_022126-0023] WRITE_SUCCESS | Remote: E0:D3:62:D6:EE:A0 | Char: 12340004-0000-1000-8000-00805f9b34fb
2026-01-02 02:21:52.861 | DEBUG    |   Fragmento 5/5 enviado
2026-01-02 02:21:52.962 | DEBUG    | Autenticação round 1/10
2026-01-02 02:21:53.462 | DEBUG    | [OP-20260102_022126-0024] READ_REQUEST | Remote: E0:D3:62:D6:EE:A0 | Service: 12340000-0000-1000-8000-00805f9b34fb | Char: 12340004-0000-1000-8000-00805f9b34fb
2026-01-02 02:21:53.560 | ERROR    | Erro ao ler 12340004-0000-1000-8000-00805f9b34fb: org.bluez.Error.NotPermitted: Read not permitted
[166] method call[(null)->org.bluez] /org/bluez/hci0/dev_E0_D3_62_D6_EE_A0/service001a/char0023 org.bluez.GattCharacteristic1 ReadValue
2026-01-02 02:21:53.562 | ERROR    | [OP-20260102_022126-0025] READ_FAILED | Remote: E0:D3:62:D6:EE:A0 | Char: 12340004-0000-1000-8000-00805f9b34fb
2026-01-02 02:21:53.563 | DEBUG    | Sem resposta ainda, continuando...
2026-01-02 02:21:53.563 | DEBUG    | Autenticação round 2/10
2026-01-02 02:21:53.716 | INFO     | [OP-20260102_022126-0026] NOTIFICATION | Remote: E0:D3:62:D6:EE:A0 | Char: 12340001-0000-1000-8000-00805f9b34fb | Data: 158 bytes | Hex: c5c55ab2c469427db40fbf51ab0af380c5c55ab2c469427db40fbf51ab0af380020100000007152d0cb382d1b9b157f0ce567c1ee9f8ff081d7132783a8b20bc | ASCII: ..Z..iB}...Q......Z..iB}...Q...........-......W..V|......q2x:. . [TRUNCATED]
2026-01-02 02:21:53.718 | INFO     | Sink NID identificado: c5c55ab2...
2026-01-02 02:21:53.719 | DEBUG    | Novo source c5c55ab2...: seq=7 (primeiro pacote)
2026-01-02 02:21:53.720 | DEBUG    | 💓 Heartbeat recebido (seq=7, age=0.79s)
2026-01-02 02:21:54.064 | DEBUG    | [OP-20260102_022126-0027] READ_REQUEST | Remote: E0:D3:62:D6:EE:A0 | Service: 12340000-0000-1000-8000-00805f9b34fb | Char: 12340004-0000-1000-8000-00805f9b34fb
2026-01-02 02:21:54.160 | ERROR    | Erro ao ler 12340004-0000-1000-8000-00805f9b34fb: org.bluez.Error.NotPermitted: Read not permitted
[172] method call[(null)->org.bluez] /org/bluez/hci0/dev_E0_D3_62_D6_EE_A0/service001a/char0023 org.bluez.GattCharacteristic1 ReadValue
2026-01-02 02:21:54.161 | ERROR    | [OP-20260102_022126-0028] READ_FAILED | Remote: E0:D3:62:D6:EE:A0 | Char: 12340004-0000-1000-8000-00805f9b34fb
2026-01-02 02:21:54.162 | DEBUG    | Sem resposta ainda, continuando...
2026-01-02 02:21:54.163 | DEBUG    | Autenticação round 3/10
2026-01-02 02:21:54.663 | DEBUG    | [OP-20260102_022126-0029] READ_REQUEST | Remote: E0:D3:62:D6:EE:A0 | Service: 12340000-0000-1000-8000-00805f9b34fb | Char: 12340004-0000-1000-8000-00805f9b34fb
2026-01-02 02:21:54.760 | ERROR    | Erro ao ler 12340004-0000-1000-8000-00805f9b34fb: org.bluez.Error.NotPermitted: Read not permitted
[177] method call[(null)->org.bluez] /org/bluez/hci0/dev_E0_D3_62_D6_EE_A0/service001a/char0023 org.bluez.GattCharacteristic1 ReadValue
2026-01-02 02:21:54.761 | ERROR    | [OP-20260102_022126-0030] READ_FAILED | Remote: E0:D3:62:D6:EE:A0 | Char: 12340004-0000-1000-8000-00805f9b34fb
2026-01-02 02:21:54.762 | DEBUG    | Sem resposta ainda, continuando...
2026-01-02 02:21:54.763 | DEBUG    | Autenticação round 4/10
2026-01-02 02:21:55.263 | DEBUG    | [OP-20260102_022126-0031] READ_REQUEST | Remote: E0:D3:62:D6:EE:A0 | Service: 12340000-0000-1000-8000-00805f9b34fb | Char: 12340004-0000-1000-8000-00805f9b34fb
2026-01-02 02:21:55.360 | ERROR    | Erro ao ler 12340004-0000-1000-8000-00805f9b34fb: org.bluez.Error.NotPermitted: Read not permitted
[182] method call[(null)->org.bluez] /org/bluez/hci0/dev_E0_D3_62_D6_EE_A0/service001a/char0023 org.bluez.GattCharacteristic1 ReadValue
2026-01-02 02:21:55.362 | ERROR    | [OP-20260102_022126-0032] READ_FAILED | Remote: E0:D3:62:D6:EE:A0 | Char: 12340004-0000-1000-8000-00805f9b34fb
2026-01-02 02:21:55.362 | DEBUG    | Sem resposta ainda, continuando...
2026-01-02 02:21:55.363 | DEBUG    | Autenticação round 5/10
2026-01-02 02:21:55.864 | DEBUG    | [OP-20260102_022126-0033] READ_REQUEST | Remote: E0:D3:62:D6:EE:A0 | Service: 12340000-0000-1000-8000-00805f9b34fb | Char: 12340004-0000-1000-8000-00805f9b34fb
2026-01-02 02:21:55.960 | ERROR    | Erro ao ler 12340004-0000-1000-8000-00805f9b34fb: org.bluez.Error.NotPermitted: Read not permitted
[187] method call[(null)->org.bluez] /org/bluez/hci0/dev_E0_D3_62_D6_EE_A0/service001a/char0023 org.bluez.GattCharacteristic1 ReadValue
2026-01-02 02:21:55.961 | ERROR    | [OP-20260102_022126-0034] READ_FAILED | Remote: E0:D3:62:D6:EE:A0 | Char: 12340004-0000-1000-8000-00805f9b34fb
2026-01-02 02:21:55.962 | DEBUG    | Sem resposta ainda, continuando...
2026-01-02 02:21:55.963 | DEBUG    | Autenticação round 6/10
2026-01-02 02:21:56.463 | DEBUG    | [OP-20260102_022126-0035] READ_REQUEST | Remote: E0:D3:62:D6:EE:A0 | Service: 12340000-0000-1000-8000-00805f9b34fb | Char: 12340004-0000-1000-8000-00805f9b34fb
2026-01-02 02:21:56.561 | ERROR    | Erro ao ler 12340004-0000-1000-8000-00805f9b34fb: org.bluez.Error.NotPermitted: Read not permitted
[192] method call[(null)->org.bluez] /org/bluez/hci0/dev_E0_D3_62_D6_EE_A0/service001a/char0023 org.bluez.GattCharacteristic1 ReadValue
2026-01-02 02:21:56.564 | ERROR    | [OP-20260102_022126-0036] READ_FAILED | Remote: E0:D3:62:D6:EE:A0 | Char: 12340004-0000-1000-8000-00805f9b34fb
2026-01-02 02:21:56.565 | DEBUG    | Sem resposta ainda, continuando...
2026-01-02 02:21:56.566 | DEBUG    | Autenticação round 7/10
2026-01-02 02:21:57.066 | DEBUG    | [OP-20260102_022126-0037] READ_REQUEST | Remote: E0:D3:62:D6:EE:A0 | Service: 12340000-0000-1000-8000-00805f9b34fb | Char: 12340004-0000-1000-8000-00805f9b34fb
2026-01-02 02:21:57.160 | ERROR    | Erro ao ler 12340004-0000-1000-8000-00805f9b34fb: org.bluez.Error.NotPermitted: Read not permitted
[197] method call[(null)->org.bluez] /org/bluez/hci0/dev_E0_D3_62_D6_EE_A0/service001a/char0023 org.bluez.GattCharacteristic1 ReadValue
2026-01-02 02:21:57.161 | ERROR    | [OP-20260102_022126-0038] READ_FAILED | Remote: E0:D3:62:D6:EE:A0 | Char: 12340004-0000-1000-8000-00805f9b34fb
2026-01-02 02:21:57.162 | DEBUG    | Sem resposta ainda, continuando...
2026-01-02 02:21:57.163 | DEBUG    | Autenticação round 8/10
2026-01-02 02:21:57.663 | DEBUG    | [OP-20260102_022126-0039] READ_REQUEST | Remote: E0:D3:62:D6:EE:A0 | Service: 12340000-0000-1000-8000-00805f9b34fb | Char: 12340004-0000-1000-8000-00805f9b34fb
2026-01-02 02:21:57.760 | ERROR    | Erro ao ler 12340004-0000-1000-8000-00805f9b34fb: org.bluez.Error.NotPermitted: Read not permitted
[202] method call[(null)->org.bluez] /org/bluez/hci0/dev_E0_D3_62_D6_EE_A0/service001a/char0023 org.bluez.GattCharacteristic1 ReadValue
2026-01-02 02:21:57.761 | ERROR    | [OP-20260102_022126-0040] READ_FAILED | Remote: E0:D3:62:D6:EE:A0 | Char: 12340004-0000-1000-8000-00805f9b34fb
2026-01-02 02:21:57.762 | DEBUG    | Sem resposta ainda, continuando...
2026-01-02 02:21:57.763 | DEBUG    | Autenticação round 9/10
2026-01-02 02:21:58.263 | DEBUG    | [OP-20260102_022126-0041] READ_REQUEST | Remote: E0:D3:62:D6:EE:A0 | Service: 12340000-0000-1000-8000-00805f9b34fb | Char: 12340004-0000-1000-8000-00805f9b34fb
2026-01-02 02:21:58.410 | ERROR    | Erro ao ler 12340004-0000-1000-8000-00805f9b34fb: org.bluez.Error.NotPermitted: Read not permitted
[207] method call[(null)->org.bluez] /org/bluez/hci0/dev_E0_D3_62_D6_EE_A0/service001a/char0023 org.bluez.GattCharacteristic1 ReadValue
2026-01-02 02:21:58.411 | ERROR    | [OP-20260102_022126-0042] READ_FAILED | Remote: E0:D3:62:D6:EE:A0 | Char: 12340004-0000-1000-8000-00805f9b34fb
2026-01-02 02:21:58.412 | DEBUG    | Sem resposta ainda, continuando...
2026-01-02 02:21:58.413 | DEBUG    | Autenticação round 10/10
2026-01-02 02:21:58.716 | INFO     | [OP-20260102_022126-0043] NOTIFICATION | Remote: E0:D3:62:D6:EE:A0 | Char: 12340001-0000-1000-8000-00805f9b34fb | Data: 158 bytes | Hex: c5c55ab2c469427db40fbf51ab0af380c5c55ab2c469427db40fbf51ab0af380020100000008b096f38a7eb2765c90041cd0dfca8390bfc36294ec35ee93a293 | ASCII: ..Z..iB}...Q......Z..iB}...Q..............~.v\..........b..5.... [TRUNCATED]
2026-01-02 02:21:58.717 | DEBUG    | Source c5c55ab2...: seq=8 (novo highest, window: 2 seqs)
2026-01-02 02:21:58.718 | DEBUG    | 💓 Heartbeat recebido (seq=8, age=0.78s)
2026-01-02 02:21:58.913 | DEBUG    | [OP-20260102_022126-0044] READ_REQUEST | Remote: E0:D3:62:D6:EE:A0 | Service: 12340000-0000-1000-8000-00805f9b34fb | Char: 12340004-0000-1000-8000-00805f9b34fb
2026-01-02 02:21:59.010 | ERROR    | Erro ao ler 12340004-0000-1000-8000-00805f9b34fb: org.bluez.Error.NotPermitted: Read not permitted
[213] method call[(null)->org.bluez] /org/bluez/hci0/dev_E0_D3_62_D6_EE_A0/service001a/char0023 org.bluez.GattCharacteristic1 ReadValue
2026-01-02 02:21:59.012 | ERROR    | [OP-20260102_022126-0045] READ_FAILED | Remote: E0:D3:62:D6:EE:A0 | Char: 12340004-0000-1000-8000-00805f9b34fb
2026-01-02 02:21:59.014 | DEBUG    | Sem resposta ainda, continuando...
2026-01-02 02:21:59.014 | ERROR    | ❌ Autenticação expirou (timeout)
2026-01-02 02:21:59.015 | ERROR    | ❌ Falha na autenticação
2026-01-02 02:21:59.016 | INFO     | A parar Node...
2026-01-02 02:21:59.017 | INFO     | A parar GATT Server...
2026-01-02 02:21:59.020 | INFO     | ✅ GATT Server parado
2026-01-02 02:22:01.020 | INFO     | Desconectado de E0:D3:62:D6:EE:A0
2026-01-02 02:22:01.022 | INFO     | [OP-20260102_022126-0046] DISCONNECT | Remote: E0:D3:62:D6:EE:A0 | Reason: normal
2026-01-02 02:22:01.025 | INFO     | ✅ Node parado
