2026-01-04 20:54:55.840 | INFO     | BLE Operation Logger iniciado: ble_operations_5800E366747C_20260104_205455.log
2026-01-04 20:54:55.841 | INFO     | Scanner BLE iniciado: hci0 (58:00:E3:66:74:7C)
2026-01-04 20:54:55.841 | INFO     | BLE Client iniciado
2026-01-04 20:54:55.842 | DEBUG    | FragmentReassembler inicializado
2026-01-04 20:54:55.842 | INFO     | ReplayProtection iniciado (window_size=100)
2026-01-04 20:54:55.842 | INFO     |  Router Daemon inicializado para NID=a40543fa...
2026-01-04 20:54:55.842 | DEBUG    |  Send callback configurado
2026-01-04 20:54:55.842 | DEBUG    |  Handler registado para MessageType(1)
2026-01-04 20:54:55.843 | DEBUG    |  Handler registado para MessageType(2)
2026-01-04 20:54:55.843 | INFO     | IoT Node inicializado (adapter=hci0)
2026-01-04 20:54:55.843 | INFO     |  Router Daemon integrado
2026-01-04 20:54:55.843 | INFO     | A configurar GATT Server...
2026-01-04 20:54:55.845 | INFO     | Application criada: /
2026-01-04 20:54:55.845 | INFO     | Service criado: /0 (UUID: 12340000-0000-1000-8000-00805f9b34fb, primary: True)
2026-01-04 20:54:55.845 | INFO     | A criar IoTNetworkService...
2026-01-04 20:54:55.845 | DEBUG    | Characteristic criada: /0/char0 (UUID: 12340001-0000-1000-8000-00805f9b34fb, flags: ['write', 'notify'])
2026-01-04 20:54:55.845 | INFO     | NetworkPacketCharacteristic criada
2026-01-04 20:54:55.846 | DEBUG    | Characteristic criada: /0/char1 (UUID: 12340002-0000-1000-8000-00805f9b34fb, flags: ['read'])
2026-01-04 20:54:55.846 | INFO     | DeviceInfoCharacteristic criada: NID=a40543fa..., type=node
2026-01-04 20:54:55.847 | DEBUG    | Characteristic criada: /0/char2 (UUID: 12340003-0000-1000-8000-00805f9b34fb, flags: ['read', 'notify'])
2026-01-04 20:54:55.847 | INFO     | NeighborTableCharacteristic criada
2026-01-04 20:54:55.847 | DEBUG    | Characteristic criada: /0/char3 (UUID: 12340004-0000-1000-8000-00805f9b34fb, flags: ['write', 'indicate'])
2026-01-04 20:54:55.847 | INFO     | AuthCharacteristic criada
2026-01-04 20:54:55.847 | DEBUG    | Characteristic adicionada a /0: /0/char0
2026-01-04 20:54:55.848 | DEBUG    | Characteristic adicionada a /0: /0/char1
2026-01-04 20:54:55.848 | DEBUG    | Characteristic adicionada a /0: /0/char2
2026-01-04 20:54:55.848 | DEBUG    | Characteristic adicionada a /0: /0/char3
2026-01-04 20:54:55.848 | INFO     |  IoTNetworkService criado com sucesso!
2026-01-04 20:54:55.848 | INFO     | Service adicionado à aplicação: /0
2026-01-04 20:54:55.849 | DEBUG    | Packet callback definido
2026-01-04 20:54:55.849 | DEBUG    | Auth callback definido
2026-01-04 20:54:55.849 | INFO     | Advertisement criado: /org/bluez/iot/advertisement0 (type: peripheral)
2026-01-04 20:54:55.849 | INFO     |  Service UUID adicionado ao advertising: 12340000-0000-1000-8000-00805f9b34fb
2026-01-04 20:54:55.850 | INFO     |    Lista atual de UUIDs: ['12340000-0000-1000-8000-00805f9b34fb']
2026-01-04 20:54:55.850 | DEBUG    | Local name definido: IoT-Node-a40543fa
2026-01-04 20:54:55.850 | DEBUG    | Manufacturer data adicionado: ID=65535
2026-01-04 20:54:55.851 | INFO     |  Advertising contínuo configurado (duration=0)
2026-01-04 20:54:55.851 | INFO     |  GATT Server configurado
2026-01-04 20:54:55.851 | INFO     | A iniciar GATT Server...
2026-01-04 20:54:55.854 | INFO     |  GATT Server iniciado em thread separada
2026-01-04 20:54:55.855 | INFO     |  Node Device iniciado - CLI interativo pronto
2026-01-04 20:54:55.857 | DEBUG    | GetManagedObjects called
2026-01-04 20:54:55.857 | DEBUG    | GetManagedObjects returning 5 objects
2026-01-04 20:54:55.861 | INFO     |  GATT application registada!
2026-01-04 20:54:55.861 | DEBUG    | GetAll called on /org/bluez/iot/advertisement0
2026-01-04 20:54:55.861 | INFO     |  Advertising com ServiceUUIDs: ['12340000-0000-1000-8000-00805f9b34fb']
2026-01-04 20:54:55.965 | INFO     |  Advertisement registado!
2026-01-04 20:55:25.903 | INFO     | A fazer scan BLE durante 5000ms...
2026-01-04 20:55:25.904 | INFO     | [OP-20260104_205455-0001] SCAN_START | Duration: 5000ms | Filter_IoT: True
2026-01-04 20:55:31.045 | DEBUG    |   Encontrado: IoT-Node-0abd8260 (E0:D3:62:D6:EE:A0) RSSI: -48 dBm
2026-01-04 20:55:31.049 | DEBUG    |   Encontrado: IoT-Sink-4e127252 (E0:D3:62:D7:47:03) RSSI: -60 dBm
2026-01-04 20:55:31.050 | INFO     | Scan concluído: 2 dispositivos encontrados
2026-01-04 20:55:31.052 | INFO     | [OP-20260104_205455-0002] SCAN_RESULT | Devices_Found: 2
2026-01-04 20:55:31.053 | DEBUG    | [OP-20260104_205455-0002]   Device_1: Name: IoT-Node-0abd8260 | Address: E0:D3:62:D6:EE:A0 | RSSI: -48 dBm | Services: 1
2026-01-04 20:55:31.053 | DEBUG    | [OP-20260104_205455-0002]   Device_2: Name: IoT-Sink-4e127252 | Address: E0:D3:62:D7:47:03 | RSSI: -60 dBm | Services: 1
2026-01-04 20:55:31.054 | INFO     | A fazer scan BLE durante 5000ms...
2026-01-04 20:55:31.054 | INFO     | [OP-20260104_205455-0003] SCAN_START | Duration: 5000ms | Filter_IoT: True
2026-01-04 20:55:36.087 | DEBUG    |   Encontrado: IoT-Sink-4e127252 (E0:D3:62:D7:47:03) RSSI: -58 dBm
2026-01-04 20:55:36.088 | INFO     | Scan concluído: 1 dispositivos encontrados
2026-01-04 20:55:36.090 | INFO     | [OP-20260104_205455-0004] SCAN_RESULT | Devices_Found: 1
2026-01-04 20:55:36.092 | DEBUG    | [OP-20260104_205455-0004]   Device_1: Name: IoT-Sink-4e127252 | Address: E0:D3:62:D7:47:03 | RSSI: -58 dBm | Services: 1
2026-01-04 20:55:58.245 | INFO     | Cliente :1.328 subscreveu notificações de pacotes
2026-01-04 20:55:58.333 | DEBUG    | DeviceInfo lida: NID=a40543fa..., hops=-1, type=0
2026-01-04 20:55:58.422 | INFO     | Cliente :1.328 subscreveu auth indications
2026-01-04 20:55:58.517 | DEBUG    | Auth data recebida de :1.328: 183 bytes
2026-01-04 20:55:58.518 | DEBUG    | FragmentReassembler inicializado
2026-01-04 20:55:58.518 | DEBUG    | Criado reassembler para cliente :1.328
2026-01-04 20:55:58.519 | DEBUG    | Fragmento recebido: seq=0, total=5, payload=180 bytes, flags=0x01
2026-01-04 20:55:58.519 | INFO     | Iniciando recepção de 5 fragmentos
2026-01-04 20:55:58.520 | DEBUG    | Fragmento 1/5 armazenado (1 de 5 recebidos)
2026-01-04 20:55:58.521 | DEBUG    | Aguardando mais fragmentos de :1.328
2026-01-04 20:55:58.697 | DEBUG    | Auth data recebida de :1.328: 183 bytes
2026-01-04 20:55:58.698 | DEBUG    | Fragmento recebido: seq=1, total=5, payload=180 bytes, flags=0x00
2026-01-04 20:55:58.699 | DEBUG    | Fragmento 2/5 armazenado (2 de 5 recebidos)
2026-01-04 20:55:58.699 | DEBUG    | Aguardando mais fragmentos de :1.328
2026-01-04 20:55:58.877 | DEBUG    | Auth data recebida de :1.328: 183 bytes
2026-01-04 20:55:58.877 | DEBUG    | Fragmento recebido: seq=2, total=5, payload=180 bytes, flags=0x00
2026-01-04 20:55:58.878 | DEBUG    | Fragmento 3/5 armazenado (3 de 5 recebidos)
2026-01-04 20:55:58.878 | DEBUG    | Aguardando mais fragmentos de :1.328
2026-01-04 20:55:59.058 | DEBUG    | Auth data recebida de :1.328: 183 bytes
2026-01-04 20:55:59.059 | DEBUG    | Fragmento recebido: seq=3, total=5, payload=180 bytes, flags=0x00
2026-01-04 20:55:59.059 | DEBUG    | Fragmento 4/5 armazenado (4 de 5 recebidos)
2026-01-04 20:55:59.060 | DEBUG    | Aguardando mais fragmentos de :1.328
2026-01-04 20:55:59.236 | DEBUG    | Auth data recebida de :1.328: 173 bytes
2026-01-04 20:55:59.236 | DEBUG    | Fragmento recebido: seq=4, total=5, payload=170 bytes, flags=0x02
2026-01-04 20:55:59.236 | DEBUG    | Fragmento 5/5 armazenado (5 de 5 recebidos)
2026-01-04 20:55:59.236 | INFO     |  Mensagem reconstruída: 890 bytes (5 fragmentos)
2026-01-04 20:55:59.236 | DEBUG    | FragmentReassembler resetado
2026-01-04 20:55:59.236 | INFO     | Mensagem completa recebida de :1.328: 890 bytes
2026-01-04 20:55:59.237 | INFO     |  Mensagem de autenticação recebida de downlink (sender: :1.328)
2026-01-04 20:55:59.237 | WARNING  |   Autenticação de downlinks não totalmente implementada - usando placeholder
2026-01-04 20:55:59.240 | INFO     |  Enviando resposta AUTH_SUCCESS placeholder (autenticação aceite sem validação)
2026-01-04 20:55:59.240 | DEBUG    | Mensagem pequena (3 bytes), 1 fragmento
2026-01-04 20:55:59.240 | DEBUG    | Enviando fragmento 1/1 da resposta
2026-01-04 20:55:59.241 | DEBUG    | Auth response indicada
2026-01-04 20:55:59.242 | DEBUG    | GetAll called on /org/bluez/iot/advertisement0
2026-01-04 20:55:59.242 | INFO     |  Advertising com ServiceUUIDs: ['12340000-0000-1000-8000-00805f9b34fb']
2026-01-04 20:55:59.242 | WARNING  |   Falha ao re-registar advertising: org.bluez.Error.Failed: Failed to register advertisement
2026-01-04 20:56:08.591 | INFO     | Cliente :1.328 cancelou subscrição de pacotes
2026-01-04 20:56:08.682 | INFO     | Cliente :1.328 cancelou subscrição de auth
2026-01-04 20:56:35.545 | INFO     | A fazer scan BLE durante 5000ms...
2026-01-04 20:56:35.547 | INFO     | [OP-20260104_205455-0005] SCAN_START | Duration: 5000ms | Filter_IoT: True
2026-01-04 20:56:40.668 | DEBUG    |   Encontrado: ubuntors #1 (E0:D3:62:D6:EE:A0) RSSI: -46 dBm
2026-01-04 20:56:40.668 | INFO     | Scan concluído: 1 dispositivos encontrados
2026-01-04 20:56:40.668 | INFO     | [OP-20260104_205455-0006] SCAN_RESULT | Devices_Found: 1
2026-01-04 20:56:40.669 | DEBUG    | [OP-20260104_205455-0006]   Device_1: Name: ubuntors #1 | Address: E0:D3:62:D6:EE:A0 | RSSI: -46 dBm | Services: 4
2026-01-04 20:56:40.669 | INFO     | A fazer scan BLE durante 5000ms...
2026-01-04 20:56:40.669 | INFO     | [OP-20260104_205455-0007] SCAN_START | Duration: 5000ms | Filter_IoT: True
2026-01-04 20:56:45.687 | DEBUG    |   Encontrado: ubuntors #1 (E0:D3:62:D6:EE:A0) RSSI: -52 dBm
2026-01-04 20:56:45.687 | INFO     | Scan concluído: 1 dispositivos encontrados
2026-01-04 20:56:45.687 | INFO     | [OP-20260104_205455-0008] SCAN_RESULT | Devices_Found: 1
2026-01-04 20:56:45.688 | DEBUG    | [OP-20260104_205455-0008]   Device_1: Name: ubuntors #1 | Address: E0:D3:62:D6:EE:A0 | RSSI: -52 dBm | Services: 4
2026-01-04 20:56:47.870 | INFO     | A fazer scan BLE durante 5000ms...
2026-01-04 20:56:47.872 | INFO     | [OP-20260104_205455-0009] SCAN_START | Duration: 5000ms | Filter_IoT: True
2026-01-04 20:56:52.992 | DEBUG    |   Encontrado: ubuntors #1 (E0:D3:62:D6:EE:A0) RSSI: -60 dBm
2026-01-04 20:56:52.993 | DEBUG    |   Encontrado: IoT-Sink-4e127252 (E0:D3:62:D7:47:03) RSSI: -62 dBm
2026-01-04 20:56:52.993 | INFO     | Scan concluído: 2 dispositivos encontrados
2026-01-04 20:56:52.994 | INFO     | [OP-20260104_205455-0010] SCAN_RESULT | Devices_Found: 2
2026-01-04 20:56:52.994 | DEBUG    | [OP-20260104_205455-0010]   Device_1: Name: ubuntors #1 | Address: E0:D3:62:D6:EE:A0 | RSSI: -60 dBm | Services: 4
2026-01-04 20:56:52.994 | DEBUG    | [OP-20260104_205455-0010]   Device_2: Name: IoT-Sink-4e127252 | Address: E0:D3:62:D7:47:03 | RSSI: -62 dBm | Services: 1
2026-01-04 20:56:52.994 | INFO     | A fazer scan BLE durante 5000ms...
2026-01-04 20:56:52.995 | INFO     | [OP-20260104_205455-0011] SCAN_START | Duration: 5000ms | Filter_IoT: True
2026-01-04 20:56:58.033 | DEBUG    |   Encontrado: ubuntors #1 (E0:D3:62:D6:EE:A0) RSSI: -46 dBm
2026-01-04 20:56:58.034 | INFO     | Scan concluído: 1 dispositivos encontrados
2026-01-04 20:56:58.036 | INFO     | [OP-20260104_205455-0012] SCAN_RESULT | Devices_Found: 1
2026-01-04 20:56:58.038 | DEBUG    | [OP-20260104_205455-0012]   Device_1: Name: ubuntors #1 | Address: E0:D3:62:D6:EE:A0 | RSSI: -46 dBm | Services: 4
2026-01-04 20:57:00.579 | INFO     | A conectar ao Sink E0:D3:62:D6:EE:A0...
2026-01-04 20:57:00.582 | DEBUG    | BLEConnection criada para E0:D3:62:D6:EE:A0
2026-01-04 20:57:00.582 | INFO     | A conectar a E0:D3:62:D6:EE:A0...
2026-01-04 20:57:00.584 | INFO     | [OP-20260104_205455-0013] CONNECT_ATTEMPT | Local: 58:00:E3:66:74:7C | Remote: E0:D3:62:D6:EE:A0
2026-01-04 20:57:15.924 | ERROR    | Erro ao conectar a E0:D3:62:D6:EE:A0: The requested operation has failed.
2026-01-04 20:57:15.926 | ERROR    | [OP-20260104_205455-0014] CONNECT_FAILED | Remote: E0:D3:62:D6:EE:A0 | Error: The requested operation has failed.
2026-01-04 20:57:15.927 | DEBUG    | Conexão falhou, tentando refresh do cache e retry...
2026-01-04 20:57:17.939 | DEBUG    | Peripheral refreshed, tentando conectar novamente...
2026-01-04 20:57:17.940 | DEBUG    | BLEConnection criada para E0:D3:62:D6:EE:A0
2026-01-04 20:57:17.941 | INFO     | A conectar a E0:D3:62:D6:EE:A0...
2026-01-04 20:57:17.944 | INFO     | [OP-20260104_205455-0015] CONNECT_ATTEMPT | Local: 58:00:E3:66:74:7C | Remote: E0:D3:62:D6:EE:A0
2026-01-04 20:57:36.748 | ERROR    | Erro ao conectar a E0:D3:62:D6:EE:A0: The requested operation has failed.
2026-01-04 20:57:36.749 | ERROR    | [OP-20260104_205455-0016] CONNECT_FAILED | Remote: E0:D3:62:D6:EE:A0 | Error: The requested operation has failed.
2026-01-04 20:57:36.751 | ERROR    | Falha ao conectar a E0:D3:62:D6:EE:A0 após todas as tentativas
2026-01-04 20:57:36.753 | ERROR    |  Falha ao conectar ao Sink
2026-01-04 20:57:40.516 | INFO     | A fazer scan BLE durante 5000ms...
2026-01-04 20:57:40.517 | INFO     | [OP-20260104_205455-0017] SCAN_START | Duration: 5000ms | Filter_IoT: True
2026-01-04 20:57:45.661 | DEBUG    |   Encontrado: ubuntors #1 (E0:D3:62:D6:EE:A0) RSSI: -48 dBm
2026-01-04 20:57:45.662 | INFO     | Scan concluído: 1 dispositivos encontrados
2026-01-04 20:57:45.663 | INFO     | [OP-20260104_205455-0018] SCAN_RESULT | Devices_Found: 1
2026-01-04 20:57:45.665 | DEBUG    | [OP-20260104_205455-0018]   Device_1: Name: ubuntors #1 | Address: E0:D3:62:D6:EE:A0 | RSSI: -48 dBm | Services: 4
2026-01-04 20:57:45.665 | INFO     | A fazer scan BLE durante 5000ms...
2026-01-04 20:57:45.665 | INFO     | [OP-20260104_205455-0019] SCAN_START | Duration: 5000ms | Filter_IoT: True
2026-01-04 20:57:50.705 | INFO     | Scan concluído: 0 dispositivos encontrados
2026-01-04 20:57:50.706 | INFO     | [OP-20260104_205455-0020] SCAN_RESULT | Devices_Found: 0
2026-01-04 20:57:54.212 | INFO     | A fazer scan BLE durante 5000ms...
2026-01-04 20:57:54.214 | INFO     | [OP-20260104_205455-0021] SCAN_START | Duration: 5000ms | Filter_IoT: True
2026-01-04 20:57:59.335 | DEBUG    |   Encontrado: ubuntors #1 (E0:D3:62:D6:EE:A0) RSSI: -60 dBm
2026-01-04 20:57:59.336 | INFO     | Scan concluído: 1 dispositivos encontrados
2026-01-04 20:57:59.336 | INFO     | [OP-20260104_205455-0022] SCAN_RESULT | Devices_Found: 1
2026-01-04 20:57:59.336 | DEBUG    | [OP-20260104_205455-0022]   Device_1: Name: ubuntors #1 | Address: E0:D3:62:D6:EE:A0 | RSSI: -60 dBm | Services: 4
2026-01-04 20:57:59.336 | INFO     | A fazer scan BLE durante 5000ms...
2026-01-04 20:57:59.337 | INFO     | [OP-20260104_205455-0023] SCAN_START | Duration: 5000ms | Filter_IoT: True
2026-01-04 20:58:04.357 | DEBUG    |   Encontrado: ubuntors #1 (E0:D3:62:D6:EE:A0) RSSI: -56 dBm
2026-01-04 20:58:04.357 | DEBUG    |   Encontrado: IoT-Sink-4e127252 (E0:D3:62:D7:47:03) RSSI: -58 dBm
2026-01-04 20:58:04.357 | INFO     | Scan concluído: 2 dispositivos encontrados
2026-01-04 20:58:04.358 | INFO     | [OP-20260104_205455-0024] SCAN_RESULT | Devices_Found: 2
2026-01-04 20:58:04.358 | DEBUG    | [OP-20260104_205455-0024]   Device_1: Name: ubuntors #1 | Address: E0:D3:62:D6:EE:A0 | RSSI: -56 dBm | Services: 4
2026-01-04 20:58:04.358 | DEBUG    | [OP-20260104_205455-0024]   Device_2: Name: IoT-Sink-4e127252 | Address: E0:D3:62:D7:47:03 | RSSI: -58 dBm | Services: 1
2026-01-04 20:58:06.996 | INFO     | A conectar ao Sink E0:D3:62:D7:47:03...
2026-01-04 20:58:06.998 | DEBUG    | BLEConnection criada para E0:D3:62:D7:47:03
2026-01-04 20:58:06.998 | INFO     | A conectar a E0:D3:62:D7:47:03...
2026-01-04 20:58:06.999 | INFO     | [OP-20260104_205455-0025] CONNECT_ATTEMPT | Local: 58:00:E3:66:74:7C | Remote: E0:D3:62:D7:47:03
2026-01-04 20:58:12.583 | INFO     |  Conectado a E0:D3:62:D7:47:03
2026-01-04 20:58:12.584 | INFO     | [OP-20260104_205455-0026] CONNECT_SUCCESS | Remote: E0:D3:62:D7:47:03 | Time: 5581.92ms
2026-01-04 20:58:12.585 | DEBUG    |  Conexão estabelecida. Operações GATT usarão D-Bus se necessário.
2026-01-04 20:58:12.585 | INFO     |  Conectado ao Sink via GATT
2026-01-04 20:58:12.586 | DEBUG    | Descobertos 4 serviços
2026-01-04 20:58:12.588 | DEBUG    | Serviço 12340000-0000-1000-8000-00805f9b34fb encontrado
2026-01-04 20:58:12.588 | INFO     |  Serviço IoT Network encontrado
2026-01-04 20:58:12.588 | DEBUG    |  Timestamp de heartbeat resetado para nova conexão
2026-01-04 20:58:12.588 | INFO     | A subscrever a notificações...
2026-01-04 20:58:13.018 | INFO     |  Subscrito a notificações: 12340001-0000-1000-8000-00805f9b34fb
2026-01-04 20:58:13.020 | INFO     | [OP-20260104_205455-0027] SUBSCRIBE_SUCCESS | Remote: E0:D3:62:D7:47:03 | Char: 12340001-0000-1000-8000-00805f9b34fb
2026-01-04 20:58:13.023 | INFO     |  Subscrito a NETWORK_PACKET
2026-01-04 20:58:13.024 | DEBUG    | [OP-20260104_205455-0028] READ_REQUEST | Remote: E0:D3:62:D7:47:03 | Service: 12340000-0000-1000-8000-00805f9b34fb | Char: 12340002-0000-1000-8000-00805f9b34fb
2026-01-04 20:58:13.108 | DEBUG    | Read 12340002-0000-1000-8000-00805f9b34fb: 18 bytes
2026-01-04 20:58:13.110 | INFO     | [OP-20260104_205455-0029] READ_RESPONSE | Remote: E0:D3:62:D7:47:03 | Char: 12340002-0000-1000-8000-00805f9b34fb | Data: 18 bytes | Hex: 4e127252bd1a4c50860cf05dce3e7b17ff01 | ASCII: N.rR..LP...].>{...
2026-01-04 20:58:13.112 | INFO     |  Conectado ao Sink - hop_count=0
2026-01-04 20:58:13.114 | INFO     |  A iniciar autenticação com Sink...
2026-01-04 20:58:13.116 | DEBUG    |  A subscrever a AUTH characteristic...
2026-01-04 20:58:13.198 | INFO     |  Subscrito a notificações: 12340004-0000-1000-8000-00805f9b34fb
2026-01-04 20:58:13.200 | INFO     | [OP-20260104_205455-0030] SUBSCRIBE_SUCCESS | Remote: E0:D3:62:D7:47:03 | Char: 12340004-0000-1000-8000-00805f9b34fb
2026-01-04 20:58:13.202 | DEBUG    |  Subscrito a AUTH indications
2026-01-04 20:58:13.202 | INFO     | AuthenticationProtocol inicializado para a40543fa...
2026-01-04 20:58:13.204 | INFO     |  Enviando certificado...
2026-01-04 20:58:13.206 | INFO     |  Iniciando autenticação - enviando certificado...
2026-01-04 20:58:13.209 | INFO     |    Certificado: 887 bytes
2026-01-04 20:58:13.211 | DEBUG    |    Estado: IDLE → CERT_SENT
2026-01-04 20:58:13.211 | INFO     | Fragmentando mensagem de 890 bytes em 5 fragmentos
2026-01-04 20:58:13.214 | DEBUG    |   Fragmento 1/5: 180 bytes, flags=0x01
2026-01-04 20:58:13.215 | DEBUG    |   Fragmento 2/5: 180 bytes, flags=0x00
2026-01-04 20:58:13.216 | DEBUG    |   Fragmento 3/5: 180 bytes, flags=0x00
2026-01-04 20:58:13.217 | DEBUG    |   Fragmento 4/5: 180 bytes, flags=0x00
2026-01-04 20:58:13.218 | DEBUG    |   Fragmento 5/5: 170 bytes, flags=0x02
2026-01-04 20:58:13.218 | DEBUG    | Enviando mensagem auth: 890 bytes em 5 fragmento(s)
2026-01-04 20:58:13.222 | INFO     | [OP-20260104_205455-0031] WRITE_REQUEST | Remote: E0:D3:62:D7:47:03 | Char: 12340004-0000-1000-8000-00805f9b34fb | Data: 183 bytes | Hex: 0100050103772d2d2d2d2d424547494e2043455254494649434154452d2d2d2d2d0a4d4949435954434341634b67417749424167495547784b34596a38596e6c | ASCII: .....w-----BEGIN CERTIFICATE-----.MIICYTCCAcKgAwIBAgIUGxK4Yj8Ynl [TRUNCATED]
2026-01-04 20:58:13.286 | DEBUG    |  Write via SimpleBLE: 12340004-0000-1000-8000-00805f9b34fb (183 bytes)
2026-01-04 20:58:13.287 | INFO     | [OP-20260104_205455-0032] WRITE_SUCCESS | Remote: E0:D3:62:D7:47:03 | Char: 12340004-0000-1000-8000-00805f9b34fb
2026-01-04 20:58:13.288 | DEBUG    |   Fragmento 1/5 enviado
2026-01-04 20:58:13.391 | INFO     | [OP-20260104_205455-0033] WRITE_REQUEST | Remote: E0:D3:62:D7:47:03 | Char: 12340004-0000-1000-8000-00805f9b34fb | Data: 183 bytes | Hex: 0001054d446b6c765643424f5a58523362334a7249454e424d423458445449324d4445774e4441774e546b774e466f580a44544d324d4445774d6a41774e546b | ASCII: ...MDklvVCBOZXR3b3JrIENBMB4XDTI2MDEwNDAwNTkwNFoX.DTM2MDEwMjAwNTk [TRUNCATED]
2026-01-04 20:58:13.467 | DEBUG    |  Write via SimpleBLE: 12340004-0000-1000-8000-00805f9b34fb (183 bytes)
2026-01-04 20:58:13.468 | INFO     | [OP-20260104_205455-0034] WRITE_SUCCESS | Remote: E0:D3:62:D7:47:03 | Char: 12340004-0000-1000-8000-00805f9b34fb
2026-01-04 20:58:13.469 | DEBUG    |   Fragmento 2/5 enviado
2026-01-04 20:58:13.573 | INFO     | [OP-20260104_205455-0035] WRITE_REQUEST | Remote: E0:D3:62:D7:47:03 | Char: 12340004-0000-1000-8000-00805f9b34fb | Data: 183 bytes | Hex: 000205675a7377454159484b6f5a497a6a3043415159464b34454541434d44675959414241466d4779734c45465a4953455936583562416f44472b4138332b0a | ASCII: ...gZswEAYHKoZIzj0CAQYFK4EEACMDgYYABAFmGysLEFZISEY6X5bAoDG+A83+. [TRUNCATED]
2026-01-04 20:58:13.646 | DEBUG    |  Write via SimpleBLE: 12340004-0000-1000-8000-00805f9b34fb (183 bytes)
2026-01-04 20:58:13.647 | INFO     | [OP-20260104_205455-0036] WRITE_SUCCESS | Remote: E0:D3:62:D7:47:03 | Char: 12340004-0000-1000-8000-00805f9b34fb
2026-01-04 20:58:13.648 | DEBUG    |   Fragmento 3/5 enviado
2026-01-04 20:58:13.752 | INFO     | [OP-20260104_205455-0037] WRITE_REQUEST | Remote: E0:D3:62:D7:47:03 | Char: 12340004-0000-1000-8000-00805f9b34fb | Data: 183 bytes | Hex: 000305456d6d4654724a6148340a533231634d4f67325877557a6a54544e61754b3750714d344d44597744415944565230544151482f424149774144414f4267 | ASCII: ...EmmFTrJaH4.S21cMOg2XwUzjTTNauK7PqM4MDYwDAYDVR0TAQH/BAIwADAOBg [TRUNCATED]
2026-01-04 20:58:13.826 | DEBUG    |  Write via SimpleBLE: 12340004-0000-1000-8000-00805f9b34fb (183 bytes)
2026-01-04 20:58:13.827 | INFO     | [OP-20260104_205455-0038] WRITE_SUCCESS | Remote: E0:D3:62:D7:47:03 | Char: 12340004-0000-1000-8000-00805f9b34fb
2026-01-04 20:58:13.829 | DEBUG    |   Fragmento 4/5 enviado
2026-01-04 20:58:13.932 | INFO     | [OP-20260104_205455-0039] WRITE_REQUEST | Remote: E0:D3:62:D7:47:03 | Char: 12340004-0000-1000-8000-00805f9b34fb | Data: 173 bytes | Hex: 02040571754f437562724d66446a575936386b542f6779345a63634d0a546e457775416d736e466742614976584a2b4e656e423843516748637873576a6d7579 | ASCII: ...quOCubrMfDjWY68kT/gy4ZccM.TnEwuAmsnFgBaIvXJ+NenB8CQgHcxsWjmuy [TRUNCATED]
2026-01-04 20:58:14.050 | DEBUG    |  Write via SimpleBLE: 12340004-0000-1000-8000-00805f9b34fb (173 bytes)
2026-01-04 20:58:14.051 | INFO     | [OP-20260104_205455-0040] WRITE_SUCCESS | Remote: E0:D3:62:D7:47:03 | Char: 12340004-0000-1000-8000-00805f9b34fb
2026-01-04 20:58:14.052 | DEBUG    |   Fragmento 5/5 enviado
2026-01-04 20:58:14.054 | INFO     | [OP-20260104_205455-0041] NOTIFICATION | Remote: E0:D3:62:D7:47:03 | Char: 12340004-0000-1000-8000-00805f9b34fb | Data: 183 bytes | Hex: 0100060203b00000038c2d2d2d2d2d424547494e2043455254494649434154452d2d2d2d2d0a4d494943634443434164476741774942416749554847374f5a74 | ASCII: ..........-----BEGIN CERTIFICATE-----.MIICcDCCAdGgAwIBAgIUHG7OZt [TRUNCATED]
2026-01-04 20:58:14.056 | DEBUG    |  AUTH indication recebida: 183 bytes
2026-01-04 20:58:14.056 | DEBUG    | Fragmento recebido: seq=0, total=6, payload=180 bytes, flags=0x01
2026-01-04 20:58:14.057 | INFO     | Iniciando recepção de 6 fragmentos
2026-01-04 20:58:14.058 | DEBUG    | Fragmento 1/6 armazenado (1 de 6 recebidos)
2026-01-04 20:58:14.058 | DEBUG    |  Aguardando mais fragmentos AUTH...
2026-01-04 20:58:14.144 | INFO     | [OP-20260104_205455-0042] NOTIFICATION | Remote: E0:D3:62:D7:47:03 | Char: 12340004-0000-1000-8000-00805f9b34fb | Data: 183 bytes | Hex: 0001065642414d4d446b6c765643424f5a58523362334a7249454e424d423458445449324d4445774e4441774e44517a4e466f580a44544d324d4445774d6a41 | ASCII: ...VBAMMDklvVCBOZXR3b3JrIENBMB4XDTI2MDEwNDAwNDQzNFoX.DTM2MDEwMjA [TRUNCATED]
2026-01-04 20:58:14.146 | DEBUG    |  AUTH indication recebida: 183 bytes
2026-01-04 20:58:14.147 | DEBUG    | Fragmento recebido: seq=1, total=6, payload=180 bytes, flags=0x00
2026-01-04 20:58:14.147 | DEBUG    | Fragmento 2/6 armazenado (2 de 6 recebidos)
2026-01-04 20:58:14.148 | DEBUG    |  Aguardando mais fragmentos AUTH...
2026-01-04 20:58:14.153 | DEBUG    | Autenticação round 1/10
2026-01-04 20:58:14.236 | INFO     | [OP-20260104_205455-0043] NOTIFICATION | Remote: E0:D3:62:D7:47:03 | Char: 12340004-0000-1000-8000-00805f9b34fb | Data: 183 bytes | Hex: 0002064d5463784454414c42674e564241734d42464e70626d7377675a7377454159484b6f5a497a6a3043415159464b34454541434d44675959414241416965 | ASCII: ...MTcxDTALBgNVBAsMBFNpbmswgZswEAYHKoZIzj0CAQYFK4EEACMDgYYABAAie [TRUNCATED]
2026-01-04 20:58:14.238 | DEBUG    |  AUTH indication recebida: 183 bytes
2026-01-04 20:58:14.239 | DEBUG    | Fragmento recebido: seq=2, total=6, payload=180 bytes, flags=0x00
2026-01-04 20:58:14.239 | DEBUG    | Fragmento 3/6 armazenado (3 de 6 recebidos)
2026-01-04 20:58:14.240 | DEBUG    |  Aguardando mais fragmentos AUTH...
2026-01-04 20:58:14.328 | INFO     | [OP-20260104_205455-0044] NOTIFICATION | Remote: E0:D3:62:D7:47:03 | Char: 12340004-0000-1000-8000-00805f9b34fb | Data: 183 bytes | Hex: 000306744e5338774d764f4b683338524e0a68474a6a584d4c4678794e3148747658795a6a6b546f6e452f454b6d542f4f2f676e544b3246515946364d344d44 | ASCII: ...tNS8wMvOKh38RN.hGJjXMLFxyN1HtvXyZjkTonE/EKmT/O/gnTK2FQYF6M4MD [TRUNCATED]
2026-01-04 20:58:14.329 | DEBUG    |  AUTH indication recebida: 183 bytes
2026-01-04 20:58:14.330 | DEBUG    | Fragmento recebido: seq=3, total=6, payload=180 bytes, flags=0x00
2026-01-04 20:58:14.330 | DEBUG    | Fragmento 4/6 armazenado (4 de 6 recebidos)
2026-01-04 20:58:14.331 | DEBUG    |  Aguardando mais fragmentos AUTH...
2026-01-04 20:58:14.416 | INFO     | [OP-20260104_205455-0045] NOTIFICATION | Remote: E0:D3:62:D7:47:03 | Char: 12340004-0000-1000-8000-00805f9b34fb | Data: 183 bytes | Hex: 0004067147634b4e4f617968672f445975705336566f6269315549565972784e0a6b5258466b4e49746558616456426f6d324b326a397350446f307978766142 | ASCII: ...qGcKNOayhg/DYupS6Vobi1UIVYrxN.kRXFkNIteXadVBom2K2j9sPDo0yxvaB [TRUNCATED]
2026-01-04 20:58:14.417 | DEBUG    |  AUTH indication recebida: 183 bytes
2026-01-04 20:58:14.417 | DEBUG    | Fragmento recebido: seq=4, total=6, payload=180 bytes, flags=0x00
2026-01-04 20:58:14.417 | DEBUG    | Fragmento 5/6 armazenado (5 de 6 recebidos)
2026-01-04 20:58:14.418 | DEBUG    |  Aguardando mais fragmentos AUTH...
2026-01-04 20:58:14.503 | INFO     | [OP-20260104_205455-0046] NOTIFICATION | Remote: E0:D3:62:D7:47:03 | Char: 12340004-0000-1000-8000-00805f9b34fb | Data: 50 bytes | Hex: 0205065254494649434154452d2d2d2d2d0ade3d1cc93a8a789798bece59d08a8b1b0b5e303dbc41a2f95653acc1c6f7cc9e | ASCII: ...RTIFICATE-----..=..:.x....Y.....^0=.A..VS......
2026-01-04 20:58:14.504 | DEBUG    |  AUTH indication recebida: 50 bytes
2026-01-04 20:58:14.505 | DEBUG    | Fragmento recebido: seq=5, total=6, payload=47 bytes, flags=0x02
2026-01-04 20:58:14.505 | DEBUG    | Fragmento 6/6 armazenado (6 de 6 recebidos)
2026-01-04 20:58:14.506 | INFO     |  Mensagem reconstruída: 947 bytes (6 fragmentos)
2026-01-04 20:58:14.506 | DEBUG    | FragmentReassembler resetado
2026-01-04 20:58:14.507 | DEBUG    |  AUTH mensagem completa: 947 bytes
2026-01-04 20:58:14.654 | DEBUG    | Resposta auth lida do buffer: 947 bytes
2026-01-04 20:58:14.655 | DEBUG    |  Recebido: AuthMessage(type=CHALLENGE, payload=944 bytes)
2026-01-04 20:58:14.656 | INFO     |  Challenge recebido - processando certificado + challenge...
2026-01-04 20:58:14.658 | INFO     |  Extraindo certificado do peer do payload...
2026-01-04 20:58:14.668 | DEBUG    |  Assinatura da CA válida
2026-01-04 20:58:14.680 | DEBUG    |  Certificado válido temporalmente (expira em 2036-01-02 00:44:34+00:00)
2026-01-04 20:58:14.683 | INFO     |  Certificado validado com sucesso
2026-01-04 20:58:14.685 | INFO     |  Certificado do peer validado!
2026-01-04 20:58:14.686 | INFO     |    Peer NID: 4e127252...
2026-01-04 20:58:14.687 | INFO     |    Peer tipo: SINK
2026-01-04 20:58:14.688 | DEBUG    |    Challenge: de3d1cc93a8a789798bece59d08a8b1b...
2026-01-04 20:58:14.688 | INFO     |   Assinando dados:
2026-01-04 20:58:14.690 | INFO     |    Data: 32 bytes | de3d1cc93a8a789798bece59d08a8b1b0b5e303dbc41a2f95653acc1c6f7cc9e...
2026-01-04 20:58:14.694 | INFO     |    Signature: 138 bytes | 308187024162fb43f29aa719744556d56dfd0d3ae1ef44e54c24a04403f7643f...
2026-01-04 20:58:14.694 | INFO     |   Response gerada: 138 bytes
2026-01-04 20:58:14.695 | DEBUG    |    Estado: CHALLENGE_RECEIVED
2026-01-04 20:58:14.695 | DEBUG    |  Enviando resposta (141 bytes)
2026-01-04 20:58:14.695 | DEBUG    | Mensagem pequena (141 bytes), 1 fragmento
2026-01-04 20:58:14.695 | DEBUG    | Enviando mensagem auth: 141 bytes em 1 fragmento(s)
2026-01-04 20:58:14.697 | INFO     | [OP-20260104_205455-0047] WRITE_REQUEST | Remote: E0:D3:62:D7:47:03 | Char: 12340004-0000-1000-8000-00805f9b34fb | Data: 144 bytes | Hex: 03000103008a308187024162fb43f29aa719744556d56dfd0d3ae1ef44e54c24a04403f7643f37e225054d7ad7f2d493aa53cedae262abd99a5c6ae15f35efbb | ASCII: ......0...Ab.C....tEV.m..:..D.L$.D..d?7.%.Mz.....S...b...\j._5.. [TRUNCATED]
2026-01-04 20:58:14.771 | DEBUG    |  Write via SimpleBLE: 12340004-0000-1000-8000-00805f9b34fb (144 bytes)
2026-01-04 20:58:14.772 | INFO     | [OP-20260104_205455-0048] WRITE_SUCCESS | Remote: E0:D3:62:D7:47:03 | Char: 12340004-0000-1000-8000-00805f9b34fb
2026-01-04 20:58:14.772 | DEBUG    |   Fragmento 1/1 enviado
2026-01-04 20:58:14.773 | DEBUG    | Autenticação round 2/10
2026-01-04 20:58:14.773 | INFO     | [OP-20260104_205455-0049] NOTIFICATION | Remote: E0:D3:62:D7:47:03 | Char: 12340004-0000-1000-8000-00805f9b34fb | Data: 6 bytes | Hex: 030001040000 | ASCII: ......
2026-01-04 20:58:14.773 | DEBUG    |  AUTH indication recebida: 6 bytes
2026-01-04 20:58:14.774 | DEBUG    | Fragmento recebido: seq=0, total=1, payload=3 bytes, flags=0x03
2026-01-04 20:58:14.774 | INFO     | Iniciando recepção de 1 fragmentos
2026-01-04 20:58:14.774 | DEBUG    | Fragmento 1/1 armazenado (1 de 1 recebidos)
2026-01-04 20:58:14.774 | INFO     |  Mensagem reconstruída: 3 bytes (1 fragmentos)
2026-01-04 20:58:14.775 | DEBUG    | FragmentReassembler resetado
2026-01-04 20:58:14.775 | DEBUG    |  AUTH mensagem completa: 3 bytes
2026-01-04 20:58:15.273 | DEBUG    | Resposta auth lida do buffer: 3 bytes
2026-01-04 20:58:15.274 | DEBUG    |  Recebido: AuthMessage(type=AUTH_SUCCESS, payload=0 bytes)
2026-01-04 20:58:15.275 | INFO     |  Peer confirmou autenticação bem sucedida!
2026-01-04 20:58:15.277 | INFO     |  Autenticação bem-sucedida!
2026-01-04 20:58:15.283 | DEBUG    |  Session key derivada: 32 bytes
2026-01-04 20:58:15.284 | INFO     |  Session key estabelecida
2026-01-04 20:58:15.285 | DEBUG    |  Session key configurada para porta uplink
2026-01-04 20:58:15.285 | INFO     |  Session key configurada no Router Daemon
2026-01-04 20:58:15.287 | INFO     |  Certificado do Sink armazenado para verificação de heartbeats
2026-01-04 20:58:15.289 | INFO     | DTLSChannel criado (client) com certificado node_a40543fa_cert.pem
2026-01-04 20:58:15.292 | INFO     | Estabelecendo canal DTLS...
2026-01-04 20:58:15.308 | INFO     |  Canal DTLS estabelecido com sucesso
2026-01-04 20:58:15.309 | INFO     |  Canal DTLS end-to-end estabelecido com Sink
2026-01-04 20:58:15.312 | INFO     |  Chave de encriptação end-to-end derivada (AES-256-GCM)
2026-01-04 20:58:15.313 | INFO     |  Chave de encriptação end-to-end derivada
2026-01-04 20:58:15.314 | DEBUG    |  Re-registando advertising após conexão uplink...
2026-01-04 20:58:15.317 | DEBUG    | Advertisement já não estava registado: org.bluez.Error.DoesNotExist: Does Not Exist
2026-01-04 20:58:15.619 | DEBUG    | RegisterAdvertisement chamado (tentativa 1, delay 0.3s)
2026-01-04 20:58:15.626 | DEBUG    | GetAll called on /org/bluez/iot/advertisement0
2026-01-04 20:58:15.627 | INFO     |  Advertising com ServiceUUIDs: ['12340000-0000-1000-8000-00805f9b34fb']
2026-01-04 20:58:15.631 | DEBUG    | ❌ Tentativa 1 falhou: org.bluez.Error.Failed: Failed to register advertisement
2026-01-04 20:58:16.433 | DEBUG    | RegisterAdvertisement chamado (tentativa 2, delay 0.8s)
2026-01-04 20:58:16.440 | DEBUG    | GetAll called on /org/bluez/iot/advertisement0
2026-01-04 20:58:16.440 | INFO     |  Advertising com ServiceUUIDs: ['12340000-0000-1000-8000-00805f9b34fb']
2026-01-04 20:58:16.445 | DEBUG    | ❌ Tentativa 2 falhou: org.bluez.Error.Failed: Failed to register advertisement
2026-01-04 20:58:17.519 | INFO     | [OP-20260104_205455-0050] NOTIFICATION | Remote: E0:D3:62:D7:47:03 | Char: 12340001-0000-1000-8000-00805f9b34fb | Data: 236 bytes | Hex: 4e127252bd1a4c50860cf05dce3e7b174e127252bd1a4c50860cf05dce3e7b1702010000002695ff943bcd8935ad3b9f1011631ceb96eb80089642e66e5c5934 | ASCII: N.rR..LP...].>{.N.rR..LP...].>{......&...;..5.;...c.......B.n\Y4 [TRUNCATED]
2026-01-04 20:58:17.520 | DEBUG    |  Pacote recebido de uplink: 4e127252... → 4e127252... (type=MessageType(2), ttl=1)
2026-01-04 20:58:17.521 | DEBUG    | Novo source 4e127252...: seq=38 (primeiro pacote)
2026-01-04 20:58:17.521 | DEBUG    | Learning new route: 4e127252... → uplink
2026-01-04 20:58:17.522 | DEBUG    |  Aprendido: 4e127252... → uplink
2026-01-04 20:58:17.522 | INFO     |  Entregando localmente: 4e127252... → 4e127252... (type=MessageType(2), 166 bytes)
2026-01-04 20:58:17.523 | DEBUG    | Novo source 4e127252...: seq=38 (primeiro pacote)
2026-01-04 20:58:17.523 | DEBUG    |  Verificando assinatura: sig_len=139, signature_raw_len=139
2026-01-04 20:58:17.523 | INFO     |  Verificando heartbeat:
2026-01-04 20:58:17.524 | INFO     |    Sink NID: 4e127252bd1a4c50860cf05dce3e7b17
2026-01-04 20:58:17.524 | INFO     |    Timestamp: 1767560297.4524314
2026-01-04 20:58:17.524 | INFO     |    Data to verify: 4e127252bd1a4c50860cf05dce3e7b1741da56b51a5cf4a3
2026-01-04 20:58:17.525 | INFO     |  Verificando assinatura:
2026-01-04 20:58:17.525 | INFO     |    Data: 24 bytes | 4e127252bd1a4c50860cf05dce3e7b1741da56b51a5cf4a3...
2026-01-04 20:58:17.525 | INFO     |    Signature: 139 bytes | 308188024201654c32c4a80a2e333aa08c4da4e4cd6a602ce4e80ea148acc933...
2026-01-04 20:58:17.527 | INFO     |  Assinatura verificada com sucesso!
2026-01-04 20:58:17.528 | DEBUG    |  Assinatura de heartbeat válida
2026-01-04 20:58:17.528 | DEBUG    |  Heartbeat recebido (seq=38, age=0.08s)
2026-01-04 20:58:17.947 | DEBUG    | RegisterAdvertisement chamado (tentativa 3, delay 1.5s)
2026-01-04 20:58:17.954 | DEBUG    | GetAll called on /org/bluez/iot/advertisement0
2026-01-04 20:58:17.954 | INFO     |  Advertising com ServiceUUIDs: ['12340000-0000-1000-8000-00805f9b34fb']
2026-01-04 20:58:17.958 | DEBUG    | ❌ Tentativa 3 falhou: org.bluez.Error.Failed: Failed to register advertisement
2026-01-04 20:58:20.463 | DEBUG    | RegisterAdvertisement chamado (tentativa 4, delay 2.5s)
2026-01-04 20:58:20.470 | DEBUG    | GetAll called on /org/bluez/iot/advertisement0
2026-01-04 20:58:20.470 | INFO     |  Advertising com ServiceUUIDs: ['12340000-0000-1000-8000-00805f9b34fb']
2026-01-04 20:58:20.474 | DEBUG    | ❌ Tentativa 4 falhou: org.bluez.Error.Failed: Failed to register advertisement
2026-01-04 20:58:20.475 | WARNING  |   Falha ao re-registar advertising após 4 tentativas
2026-01-04 20:58:22.559 | INFO     | [OP-20260104_205455-0051] NOTIFICATION | Remote: E0:D3:62:D7:47:03 | Char: 12340001-0000-1000-8000-00805f9b34fb | Data: 236 bytes | Hex: 4e127252bd1a4c50860cf05dce3e7b174e127252bd1a4c50860cf05dce3e7b1702010000002759360b6d7835ac0e9c79e3e728d43e526d650cd0e7260d4a82d2 | ASCII: N.rR..LP...].>{.N.rR..LP...].>{......'Y6.mx5...y..(.>Rme...&.J.. [TRUNCATED]
2026-01-04 20:58:22.560 | DEBUG    |  Pacote recebido de uplink: 4e127252... → 4e127252... (type=MessageType(2), ttl=1)
2026-01-04 20:58:22.561 | DEBUG    | Source 4e127252...: seq=39 (novo highest, window: 2 seqs)
2026-01-04 20:58:22.561 | DEBUG    |  Aprendido: 4e127252... → uplink
2026-01-04 20:58:22.562 | INFO     |  Entregando localmente: 4e127252... → 4e127252... (type=MessageType(2), 166 bytes)
2026-01-04 20:58:22.563 | DEBUG    | Source 4e127252...: seq=39 (novo highest, window: 2 seqs)
2026-01-04 20:58:22.563 | DEBUG    |  Verificando assinatura: sig_len=138, signature_raw_len=138
2026-01-04 20:58:22.564 | INFO     |  Verificando heartbeat:
2026-01-04 20:58:22.565 | INFO     |    Sink NID: 4e127252bd1a4c50860cf05dce3e7b17
2026-01-04 20:58:22.566 | INFO     |    Timestamp: 1767560302.454312
2026-01-04 20:58:22.567 | INFO     |    Data to verify: 4e127252bd1a4c50860cf05dce3e7b1741da56b51b9d1373
2026-01-04 20:58:22.568 | INFO     |  Verificando assinatura:
2026-01-04 20:58:22.568 | INFO     |    Data: 24 bytes | 4e127252bd1a4c50860cf05dce3e7b1741da56b51b9d1373...
2026-01-04 20:58:22.569 | INFO     |    Signature: 138 bytes | 308187024200e1025232169fc1f6ca8f6470ead7fd4e6d221e67e2d54e505f4c...
2026-01-04 20:58:22.578 | INFO     |  Assinatura verificada com sucesso!
2026-01-04 20:58:22.580 | DEBUG    |  Assinatura de heartbeat válida
2026-01-04 20:58:22.581 | DEBUG    |  Heartbeat recebido (seq=39, age=0.13s)
2026-01-04 20:58:27.508 | INFO     | [OP-20260104_205455-0052] NOTIFICATION | Remote: E0:D3:62:D7:47:03 | Char: 12340001-0000-1000-8000-00805f9b34fb | Data: 236 bytes | Hex: 4e127252bd1a4c50860cf05dce3e7b174e127252bd1a4c50860cf05dce3e7b17020100000028551f08d1a02bfa8b3b4a678426edeeb40c93145a34348915dd32 | ASCII: N.rR..LP...].>{.N.rR..LP...].>{......(U....+..;Jg.&......Z44...2 [TRUNCATED]
2026-01-04 20:58:27.509 | DEBUG    |  Pacote recebido de uplink: 4e127252... → 4e127252... (type=MessageType(2), ttl=1)
2026-01-04 20:58:27.510 | DEBUG    | Source 4e127252...: seq=40 (novo highest, window: 3 seqs)
2026-01-04 20:58:27.510 | DEBUG    |  Aprendido: 4e127252... → uplink
2026-01-04 20:58:27.511 | INFO     |  Entregando localmente: 4e127252... → 4e127252... (type=MessageType(2), 166 bytes)
2026-01-04 20:58:27.512 | DEBUG    | Source 4e127252...: seq=40 (novo highest, window: 3 seqs)
2026-01-04 20:58:27.512 | DEBUG    |  Verificando assinatura: sig_len=138, signature_raw_len=138
2026-01-04 20:58:27.513 | INFO     |  Verificando heartbeat:
2026-01-04 20:58:27.514 | INFO     |    Sink NID: 4e127252bd1a4c50860cf05dce3e7b17
2026-01-04 20:58:27.515 | INFO     |    Timestamp: 1767560307.4547825
2026-01-04 20:58:27.516 | INFO     |    Data to verify: 4e127252bd1a4c50860cf05dce3e7b1741da56b51cdd1b28
2026-01-04 20:58:27.517 | INFO     |  Verificando assinatura:
2026-01-04 20:58:27.518 | INFO     |    Data: 24 bytes | 4e127252bd1a4c50860cf05dce3e7b1741da56b51cdd1b28...
2026-01-04 20:58:27.519 | INFO     |    Signature: 138 bytes | 3081870241274c89ad4c25a31a48f1a581fc16ec6803b6f8f2a5b5801843b5c4...
2026-01-04 20:58:27.531 | INFO     |  Assinatura verificada com sucesso!
2026-01-04 20:58:27.531 | DEBUG    |  Assinatura de heartbeat válida
2026-01-04 20:58:27.532 | DEBUG    |  Heartbeat recebido (seq=40, age=0.08s)
2026-01-04 20:58:32.503 | INFO     | [OP-20260104_205455-0053] NOTIFICATION | Remote: E0:D3:62:D7:47:03 | Char: 12340001-0000-1000-8000-00805f9b34fb | Data: 236 bytes | Hex: 4e127252bd1a4c50860cf05dce3e7b174e127252bd1a4c50860cf05dce3e7b1702010000002956778ab257a4f7be0a9b623618356bcd7dfead25cd17a97a39d3 | ASCII: N.rR..LP...].>{.N.rR..LP...].>{......)Vw..W.....b6.5k.}..%...z9. [TRUNCATED]
2026-01-04 20:58:32.505 | DEBUG    |  Pacote recebido de uplink: 4e127252... → 4e127252... (type=MessageType(2), ttl=1)
2026-01-04 20:58:32.505 | DEBUG    | Source 4e127252...: seq=41 (novo highest, window: 4 seqs)
2026-01-04 20:58:32.506 | DEBUG    |  Aprendido: 4e127252... → uplink
2026-01-04 20:58:32.506 | INFO     |  Entregando localmente: 4e127252... → 4e127252... (type=MessageType(2), 166 bytes)
2026-01-04 20:58:32.507 | DEBUG    | Source 4e127252...: seq=41 (novo highest, window: 4 seqs)
2026-01-04 20:58:32.508 | DEBUG    |  Verificando assinatura: sig_len=139, signature_raw_len=139
2026-01-04 20:58:32.508 | INFO     |  Verificando heartbeat:
2026-01-04 20:58:32.509 | INFO     |    Sink NID: 4e127252bd1a4c50860cf05dce3e7b17
2026-01-04 20:58:32.510 | INFO     |    Timestamp: 1767560312.4543405
2026-01-04 20:58:32.511 | INFO     |    Data to verify: 4e127252bd1a4c50860cf05dce3e7b1741da56b51e1d13ea
2026-01-04 20:58:32.511 | INFO     |  Verificando assinatura:
2026-01-04 20:58:32.512 | INFO     |    Data: 24 bytes | 4e127252bd1a4c50860cf05dce3e7b1741da56b51e1d13ea...
2026-01-04 20:58:32.513 | INFO     |    Signature: 139 bytes | 3081880242018241d4dfde68ca0bc7ea76afd40a363ced8c44c667b133fee17a...
2026-01-04 20:58:32.521 | INFO     |  Assinatura verificada com sucesso!
2026-01-04 20:58:32.521 | DEBUG    |  Assinatura de heartbeat válida
2026-01-04 20:58:32.521 | DEBUG    |  Heartbeat recebido (seq=41, age=0.07s)
2026-01-04 20:58:37.497 | INFO     | [OP-20260104_205455-0054] NOTIFICATION | Remote: E0:D3:62:D7:47:03 | Char: 12340001-0000-1000-8000-00805f9b34fb | Data: 236 bytes | Hex: 4e127252bd1a4c50860cf05dce3e7b174e127252bd1a4c50860cf05dce3e7b1702010000002a3351035c2aa9f1da9614fed5dfc430c8c1de234c6a781928949b | ASCII: N.rR..LP...].>{.N.rR..LP...].>{......*3Q.\*.........0...#Ljx.(.. [TRUNCATED]
2026-01-04 20:58:37.499 | DEBUG    |  Pacote recebido de uplink: 4e127252... → 4e127252... (type=MessageType(2), ttl=1)
2026-01-04 20:58:37.499 | DEBUG    | Source 4e127252...: seq=42 (novo highest, window: 5 seqs)
2026-01-04 20:58:37.500 | DEBUG    |  Aprendido: 4e127252... → uplink
2026-01-04 20:58:37.500 | INFO     |  Entregando localmente: 4e127252... → 4e127252... (type=MessageType(2), 166 bytes)
2026-01-04 20:58:37.502 | DEBUG    | Source 4e127252...: seq=42 (novo highest, window: 5 seqs)
2026-01-04 20:58:37.502 | DEBUG    |  Verificando assinatura: sig_len=138, signature_raw_len=138
2026-01-04 20:58:37.503 | INFO     |  Verificando heartbeat:
2026-01-04 20:58:37.504 | INFO     |    Sink NID: 4e127252bd1a4c50860cf05dce3e7b17
2026-01-04 20:58:37.505 | INFO     |    Timestamp: 1767560317.4547791
2026-01-04 20:58:37.505 | INFO     |    Data to verify: 4e127252bd1a4c50860cf05dce3e7b1741da56b51f5d1b1a
2026-01-04 20:58:37.506 | INFO     |  Verificando assinatura:
2026-01-04 20:58:37.507 | INFO     |    Data: 24 bytes | 4e127252bd1a4c50860cf05dce3e7b1741da56b51f5d1b1a...
2026-01-04 20:58:37.508 | INFO     |    Signature: 138 bytes | 30818702415acffcf66e5690664ae6e064793903c641980c7f5f63a26e6db956...
2026-01-04 20:58:37.517 | INFO     |  Assinatura verificada com sucesso!
2026-01-04 20:58:37.519 | DEBUG    |  Assinatura de heartbeat válida
2026-01-04 20:58:37.520 | DEBUG    |  Heartbeat recebido (seq=42, age=0.07s)
2026-01-04 20:58:42.492 | INFO     | [OP-20260104_205455-0055] NOTIFICATION | Remote: E0:D3:62:D7:47:03 | Char: 12340001-0000-1000-8000-00805f9b34fb | Data: 236 bytes | Hex: 4e127252bd1a4c50860cf05dce3e7b174e127252bd1a4c50860cf05dce3e7b1702010000002b73d1464f12ff13081f2e642cf0967be626defb9865507dc20ddc | ASCII: N.rR..LP...].>{.N.rR..LP...].>{......+s.FO......d,..{.&...eP}... [TRUNCATED]
2026-01-04 20:58:42.493 | DEBUG    |  Pacote recebido de uplink: 4e127252... → 4e127252... (type=MessageType(2), ttl=1)
2026-01-04 20:58:42.494 | DEBUG    | Source 4e127252...: seq=43 (novo highest, window: 6 seqs)
2026-01-04 20:58:42.495 | DEBUG    |  Aprendido: 4e127252... → uplink
2026-01-04 20:58:42.495 | INFO     |  Entregando localmente: 4e127252... → 4e127252... (type=MessageType(2), 166 bytes)
2026-01-04 20:58:42.496 | DEBUG    | Source 4e127252...: seq=43 (novo highest, window: 6 seqs)
2026-01-04 20:58:42.497 | DEBUG    |  Verificando assinatura: sig_len=139, signature_raw_len=139
2026-01-04 20:58:42.497 | INFO     |  Verificando heartbeat:
2026-01-04 20:58:42.498 | INFO     |    Sink NID: 4e127252bd1a4c50860cf05dce3e7b17
2026-01-04 20:58:42.499 | INFO     |    Timestamp: 1767560322.4543223
2026-01-04 20:58:42.500 | INFO     |    Data to verify: 4e127252bd1a4c50860cf05dce3e7b1741da56b5209d139e
2026-01-04 20:58:42.501 | INFO     |  Verificando assinatura:
2026-01-04 20:58:42.502 | INFO     |    Data: 24 bytes | 4e127252bd1a4c50860cf05dce3e7b1741da56b5209d139e...
2026-01-04 20:58:42.502 | INFO     |    Signature: 139 bytes | 30818802420138aef415eb7cb426bd513af35779ab787d89f7a27cb42d792fc6...
2026-01-04 20:58:42.511 | INFO     |  Assinatura verificada com sucesso!
2026-01-04 20:58:42.513 | DEBUG    |  Assinatura de heartbeat válida
2026-01-04 20:58:42.514 | DEBUG    |  Heartbeat recebido (seq=43, age=0.06s)
2026-01-04 20:58:47.532 | INFO     | [OP-20260104_205455-0056] NOTIFICATION | Remote: E0:D3:62:D7:47:03 | Char: 12340001-0000-1000-8000-00805f9b34fb | Data: 236 bytes | Hex: 4e127252bd1a4c50860cf05dce3e7b174e127252bd1a4c50860cf05dce3e7b1702010000002cb7321db0cc5f7a10b7670ddc6fb136a7ea19a5d852aa5c8d62e1 | ASCII: N.rR..LP...].>{.N.rR..LP...].>{......,.2..._z..g..o.6.....R.\.b. [TRUNCATED]
2026-01-04 20:58:47.533 | DEBUG    |  Pacote recebido de uplink: 4e127252... → 4e127252... (type=MessageType(2), ttl=1)
2026-01-04 20:58:47.534 | DEBUG    | Source 4e127252...: seq=44 (novo highest, window: 7 seqs)
2026-01-04 20:58:47.535 | DEBUG    |  Aprendido: 4e127252... → uplink
2026-01-04 20:58:47.535 | INFO     |  Entregando localmente: 4e127252... → 4e127252... (type=MessageType(2), 166 bytes)
2026-01-04 20:58:47.536 | DEBUG    | Source 4e127252...: seq=44 (novo highest, window: 7 seqs)
2026-01-04 20:58:47.537 | DEBUG    |  Verificando assinatura: sig_len=138, signature_raw_len=138
2026-01-04 20:58:47.537 | INFO     |  Verificando heartbeat:
2026-01-04 20:58:47.538 | INFO     |    Sink NID: 4e127252bd1a4c50860cf05dce3e7b17
2026-01-04 20:58:47.539 | INFO     |    Timestamp: 1767560327.454798
2026-01-04 20:58:47.540 | INFO     |    Data to verify: 4e127252bd1a4c50860cf05dce3e7b1741da56b521dd1b69
2026-01-04 20:58:47.541 | INFO     |  Verificando assinatura:
2026-01-04 20:58:47.542 | INFO     |    Data: 24 bytes | 4e127252bd1a4c50860cf05dce3e7b1741da56b521dd1b69...
2026-01-04 20:58:47.543 | INFO     |    Signature: 138 bytes | 308187024201d424dcff07c759649f1316345e2fba30098b1b70fd2b77b0ed78...
2026-01-04 20:58:47.553 | INFO     |  Assinatura verificada com sucesso!
2026-01-04 20:58:47.555 | DEBUG    |  Assinatura de heartbeat válida
2026-01-04 20:58:47.555 | DEBUG    |  Heartbeat recebido (seq=44, age=0.10s)
2026-01-04 20:58:52.527 | INFO     | [OP-20260104_205455-0057] NOTIFICATION | Remote: E0:D3:62:D7:47:03 | Char: 12340001-0000-1000-8000-00805f9b34fb | Data: 236 bytes | Hex: 4e127252bd1a4c50860cf05dce3e7b174e127252bd1a4c50860cf05dce3e7b1702010000002de4eeebc6c9483e0f154db8ba0db5f966d894f8d2a0d4e37101ec | ASCII: N.rR..LP...].>{.N.rR..LP...].>{......-.....H>..M.....f.......q.. [TRUNCATED]
2026-01-04 20:58:52.528 | DEBUG    |  Pacote recebido de uplink: 4e127252... → 4e127252... (type=MessageType(2), ttl=1)
2026-01-04 20:58:52.529 | DEBUG    | Source 4e127252...: seq=45 (novo highest, window: 8 seqs)
2026-01-04 20:58:52.530 | DEBUG    |  Aprendido: 4e127252... → uplink
2026-01-04 20:58:52.530 | INFO     |  Entregando localmente: 4e127252... → 4e127252... (type=MessageType(2), 166 bytes)
2026-01-04 20:58:52.531 | DEBUG    | Source 4e127252...: seq=45 (novo highest, window: 8 seqs)
2026-01-04 20:58:52.531 | DEBUG    |  Verificando assinatura: sig_len=138, signature_raw_len=138
2026-01-04 20:58:52.532 | INFO     |  Verificando heartbeat:
2026-01-04 20:58:52.533 | INFO     |    Sink NID: 4e127252bd1a4c50860cf05dce3e7b17
2026-01-04 20:58:52.534 | INFO     |    Timestamp: 1767560332.4548285
2026-01-04 20:58:52.535 | INFO     |    Data to verify: 4e127252bd1a4c50860cf05dce3e7b1741da56b5231d1be9
2026-01-04 20:58:52.536 | INFO     |  Verificando assinatura:
2026-01-04 20:58:52.537 | INFO     |    Data: 24 bytes | 4e127252bd1a4c50860cf05dce3e7b1741da56b5231d1be9...
2026-01-04 20:58:52.538 | INFO     |    Signature: 138 bytes | 308187024200b68b06b69db2a5a3d88e1fb78973ae02a0363cbf66808b0a22c7...
2026-01-04 20:58:52.547 | INFO     |  Assinatura verificada com sucesso!
2026-01-04 20:58:52.549 | DEBUG    |  Assinatura de heartbeat válida
2026-01-04 20:58:52.550 | DEBUG    |  Heartbeat recebido (seq=45, age=0.10s)
2026-01-04 20:58:57.522 | INFO     | [OP-20260104_205455-0058] NOTIFICATION | Remote: E0:D3:62:D7:47:03 | Char: 12340001-0000-1000-8000-00805f9b34fb | Data: 236 bytes | Hex: 4e127252bd1a4c50860cf05dce3e7b174e127252bd1a4c50860cf05dce3e7b1702010000002e5332e71ff4590d9d26e687d091924f75f64c1b7c77e9696e5dba | ASCII: N.rR..LP...].>{.N.rR..LP...].>{.......S2...Y..&.....Ou.L.|w.in]. [TRUNCATED]
2026-01-04 20:58:57.524 | DEBUG    |  Pacote recebido de uplink: 4e127252... → 4e127252... (type=MessageType(2), ttl=1)
2026-01-04 20:58:57.524 | DEBUG    | Source 4e127252...: seq=46 (novo highest, window: 9 seqs)
2026-01-04 20:58:57.525 | DEBUG    |  Aprendido: 4e127252... → uplink
2026-01-04 20:58:57.526 | INFO     |  Entregando localmente: 4e127252... → 4e127252... (type=MessageType(2), 166 bytes)
2026-01-04 20:58:57.527 | DEBUG    | Source 4e127252...: seq=46 (novo highest, window: 9 seqs)
2026-01-04 20:58:57.527 | DEBUG    |  Verificando assinatura: sig_len=139, signature_raw_len=139
2026-01-04 20:58:57.527 | INFO     |  Verificando heartbeat:
2026-01-04 20:58:57.527 | INFO     |    Sink NID: 4e127252bd1a4c50860cf05dce3e7b17
2026-01-04 20:58:57.527 | INFO     |    Timestamp: 1767560337.4548204
2026-01-04 20:58:57.528 | INFO     |    Data to verify: 4e127252bd1a4c50860cf05dce3e7b1741da56b5245d1bc7
2026-01-04 20:58:57.528 | INFO     |  Verificando assinatura:
2026-01-04 20:58:57.528 | INFO     |    Data: 24 bytes | 4e127252bd1a4c50860cf05dce3e7b1741da56b5245d1bc7...
2026-01-04 20:58:57.529 | INFO     |    Signature: 139 bytes | 3081880242018289d0a6b1cd4f4f4017fa4a4cd0cbccef69e10f9d20144b9fa4...
2026-01-04 20:58:57.530 | INFO     |  Assinatura verificada com sucesso!
2026-01-04 20:58:57.530 | DEBUG    |  Assinatura de heartbeat válida
2026-01-04 20:58:57.531 | DEBUG    |  Heartbeat recebido (seq=46, age=0.08s)
2026-01-04 20:59:02.518 | INFO     | [OP-20260104_205455-0059] NOTIFICATION | Remote: E0:D3:62:D7:47:03 | Char: 12340001-0000-1000-8000-00805f9b34fb | Data: 236 bytes | Hex: 4e127252bd1a4c50860cf05dce3e7b174e127252bd1a4c50860cf05dce3e7b1702010000002fcc1d7c6f1bc25912e0a86853f004201b5c948cb1b7f15ca85e35 | ASCII: N.rR..LP...].>{.N.rR..LP...].>{....../..|o..Y...hS.. .\.....\.^5 [TRUNCATED]
2026-01-04 20:59:02.519 | DEBUG    |  Pacote recebido de uplink: 4e127252... → 4e127252... (type=MessageType(2), ttl=1)
2026-01-04 20:59:02.520 | DEBUG    | Source 4e127252...: seq=47 (novo highest, window: 10 seqs)
2026-01-04 20:59:02.520 | DEBUG    |  Aprendido: 4e127252... → uplink
2026-01-04 20:59:02.520 | INFO     |  Entregando localmente: 4e127252... → 4e127252... (type=MessageType(2), 166 bytes)
2026-01-04 20:59:02.520 | DEBUG    | Source 4e127252...: seq=47 (novo highest, window: 10 seqs)
2026-01-04 20:59:02.520 | DEBUG    |  Verificando assinatura: sig_len=137, signature_raw_len=137
2026-01-04 20:59:02.521 | INFO     |  Verificando heartbeat:
2026-01-04 20:59:02.521 | INFO     |    Sink NID: 4e127252bd1a4c50860cf05dce3e7b17
2026-01-04 20:59:02.521 | INFO     |    Timestamp: 1767560342.454232
2026-01-04 20:59:02.522 | INFO     |    Data to verify: 4e127252bd1a4c50860cf05dce3e7b1741da56b5259d1223
2026-01-04 20:59:02.522 | INFO     |  Verificando assinatura:
2026-01-04 20:59:02.522 | INFO     |    Data: 24 bytes | 4e127252bd1a4c50860cf05dce3e7b1741da56b5259d1223...
2026-01-04 20:59:02.523 | INFO     |    Signature: 137 bytes | 30818602414cbe87986014e9152c00b3f85c40bddbe54097733837fd920557de...
2026-01-04 20:59:02.524 | INFO     |  Assinatura verificada com sucesso!
2026-01-04 20:59:02.525 | DEBUG    |  Assinatura de heartbeat válida
2026-01-04 20:59:02.525 | DEBUG    |  Heartbeat recebido (seq=47, age=0.07s)
2026-01-04 20:59:07.511 | INFO     | [OP-20260104_205455-0060] NOTIFICATION | Remote: E0:D3:62:D7:47:03 | Char: 12340001-0000-1000-8000-00805f9b34fb | Data: 236 bytes | Hex: 4e127252bd1a4c50860cf05dce3e7b174e127252bd1a4c50860cf05dce3e7b170201000000309f4fd5d5f500cc484ffe24dd3d9223f213b493b55701d1be09f3 | ASCII: N.rR..LP...].>{.N.rR..LP...].>{......0.O.....HO.$.=.#.....W..... [TRUNCATED]
2026-01-04 20:59:07.513 | DEBUG    |  Pacote recebido de uplink: 4e127252... → 4e127252... (type=MessageType(2), ttl=1)
2026-01-04 20:59:07.514 | DEBUG    | Source 4e127252...: seq=48 (novo highest, window: 11 seqs)
2026-01-04 20:59:07.514 | DEBUG    |  Aprendido: 4e127252... → uplink
2026-01-04 20:59:07.515 | INFO     |  Entregando localmente: 4e127252... → 4e127252... (type=MessageType(2), 166 bytes)
2026-01-04 20:59:07.516 | DEBUG    | Source 4e127252...: seq=48 (novo highest, window: 11 seqs)
2026-01-04 20:59:07.516 | DEBUG    |  Verificando assinatura: sig_len=139, signature_raw_len=139
2026-01-04 20:59:07.517 | INFO     |  Verificando heartbeat:
2026-01-04 20:59:07.517 | INFO     |    Sink NID: 4e127252bd1a4c50860cf05dce3e7b17
2026-01-04 20:59:07.517 | INFO     |    Timestamp: 1767560347.4547975
2026-01-04 20:59:07.518 | INFO     |    Data to verify: 4e127252bd1a4c50860cf05dce3e7b1741da56b526dd1b67
2026-01-04 20:59:07.518 | INFO     |  Verificando assinatura:
2026-01-04 20:59:07.518 | INFO     |    Data: 24 bytes | 4e127252bd1a4c50860cf05dce3e7b1741da56b526dd1b67...
2026-01-04 20:59:07.519 | INFO     |    Signature: 139 bytes | 3081880242015fe7550609156bffaefce17ceadfe974c341e6624a6653733561...
2026-01-04 20:59:07.521 | INFO     |  Assinatura verificada com sucesso!
2026-01-04 20:59:07.521 | DEBUG    |  Assinatura de heartbeat válida
2026-01-04 20:59:07.521 | DEBUG    |  Heartbeat recebido (seq=48, age=0.07s)
2026-01-04 20:59:12.507 | INFO     | [OP-20260104_205455-0061] NOTIFICATION | Remote: E0:D3:62:D7:47:03 | Char: 12340001-0000-1000-8000-00805f9b34fb | Data: 236 bytes | Hex: 4e127252bd1a4c50860cf05dce3e7b174e127252bd1a4c50860cf05dce3e7b17020100000031573c11cfa0009121d5d9911c7eab9794c802d746dc202dee7bae | ASCII: N.rR..LP...].>{.N.rR..LP...].>{......1W<.....!....~......F. -.{. [TRUNCATED]
2026-01-04 20:59:12.508 | DEBUG    |  Pacote recebido de uplink: 4e127252... → 4e127252... (type=MessageType(2), ttl=1)
2026-01-04 20:59:12.509 | DEBUG    | Source 4e127252...: seq=49 (novo highest, window: 12 seqs)
2026-01-04 20:59:12.510 | DEBUG    |  Aprendido: 4e127252... → uplink
2026-01-04 20:59:12.510 | INFO     |  Entregando localmente: 4e127252... → 4e127252... (type=MessageType(2), 166 bytes)
2026-01-04 20:59:12.511 | DEBUG    | Source 4e127252...: seq=49 (novo highest, window: 12 seqs)
2026-01-04 20:59:12.511 | DEBUG    |  Verificando assinatura: sig_len=138, signature_raw_len=138
2026-01-04 20:59:12.512 | INFO     |  Verificando heartbeat:
2026-01-04 20:59:12.513 | INFO     |    Sink NID: 4e127252bd1a4c50860cf05dce3e7b17
2026-01-04 20:59:12.514 | INFO     |    Timestamp: 1767560352.4543586
2026-01-04 20:59:12.514 | INFO     |    Data to verify: 4e127252bd1a4c50860cf05dce3e7b1741da56b5281d1436
2026-01-04 20:59:12.515 | INFO     |  Verificando assinatura:
2026-01-04 20:59:12.517 | INFO     |    Data: 24 bytes | 4e127252bd1a4c50860cf05dce3e7b1741da56b5281d1436...
2026-01-04 20:59:12.517 | INFO     |    Signature: 138 bytes | 308187024201435a29ded7aac9a13b80073c6073ea452b757837d41beed7b1ca...
2026-01-04 20:59:12.524 | INFO     |  Assinatura verificada com sucesso!
2026-01-04 20:59:12.525 | DEBUG    |  Assinatura de heartbeat válida
2026-01-04 20:59:12.525 | DEBUG    |  Heartbeat recebido (seq=49, age=0.07s)
2026-01-04 20:59:17.504 | INFO     | [OP-20260104_205455-0062] NOTIFICATION | Remote: E0:D3:62:D7:47:03 | Char: 12340001-0000-1000-8000-00805f9b34fb | Data: 236 bytes | Hex: 4e127252bd1a4c50860cf05dce3e7b174e127252bd1a4c50860cf05dce3e7b1702010000003235b23117172bbe03a29ad7250843dbee8eb8032f6b0e424d6ae0 | ASCII: N.rR..LP...].>{.N.rR..LP...].>{......25.1..+.....%.C...../k.BMj. [TRUNCATED]
2026-01-04 20:59:17.505 | DEBUG    |  Pacote recebido de uplink: 4e127252... → 4e127252... (type=MessageType(2), ttl=1)
2026-01-04 20:59:17.506 | DEBUG    | Source 4e127252...: seq=50 (novo highest, window: 13 seqs)
2026-01-04 20:59:17.506 | DEBUG    |  Aprendido: 4e127252... → uplink
2026-01-04 20:59:17.506 | INFO     |  Entregando localmente: 4e127252... → 4e127252... (type=MessageType(2), 166 bytes)
2026-01-04 20:59:17.506 | DEBUG    | Source 4e127252...: seq=50 (novo highest, window: 13 seqs)
2026-01-04 20:59:17.506 | DEBUG    |  Verificando assinatura: sig_len=138, signature_raw_len=138
2026-01-04 20:59:17.506 | INFO     |  Verificando heartbeat:
2026-01-04 20:59:17.507 | INFO     |    Sink NID: 4e127252bd1a4c50860cf05dce3e7b17
2026-01-04 20:59:17.507 | INFO     |    Timestamp: 1767560357.450347
2026-01-04 20:59:17.507 | INFO     |    Data to verify: 4e127252bd1a4c50860cf05dce3e7b1741da56b5295cd27c
2026-01-04 20:59:17.508 | INFO     |  Verificando assinatura:
2026-01-04 20:59:17.508 | INFO     |    Data: 24 bytes | 4e127252bd1a4c50860cf05dce3e7b1741da56b5295cd27c...
2026-01-04 20:59:17.509 | INFO     |    Signature: 138 bytes | 30818702411202a1956a1246a19c5d3dfe35fa7de48134c4aaaf771d1227a01a...
2026-01-04 20:59:17.510 | INFO     |  Assinatura verificada com sucesso!
2026-01-04 20:59:17.511 | DEBUG    |  Assinatura de heartbeat válida
2026-01-04 20:59:17.511 | DEBUG    |  Heartbeat recebido (seq=50, age=0.06s)
2026-01-04 20:59:22.542 | INFO     | [OP-20260104_205455-0063] NOTIFICATION | Remote: E0:D3:62:D7:47:03 | Char: 12340001-0000-1000-8000-00805f9b34fb | Data: 236 bytes | Hex: 4e127252bd1a4c50860cf05dce3e7b174e127252bd1a4c50860cf05dce3e7b17020100000033f632f20941b446da9b453cdb95be8593536772de821cc05ac09c | ASCII: N.rR..LP...].>{.N.rR..LP...].>{......3.2..A.F..E<.....Sgr....Z.. [TRUNCATED]
2026-01-04 20:59:22.544 | DEBUG    |  Pacote recebido de uplink: 4e127252... → 4e127252... (type=MessageType(2), ttl=1)
2026-01-04 20:59:22.544 | DEBUG    | Source 4e127252...: seq=51 (novo highest, window: 14 seqs)
2026-01-04 20:59:22.545 | DEBUG    |  Aprendido: 4e127252... → uplink
2026-01-04 20:59:22.545 | INFO     |  Entregando localmente: 4e127252... → 4e127252... (type=MessageType(2), 166 bytes)
2026-01-04 20:59:22.546 | DEBUG    | Source 4e127252...: seq=51 (novo highest, window: 14 seqs)
2026-01-04 20:59:22.547 | DEBUG    |  Verificando assinatura: sig_len=138, signature_raw_len=138
2026-01-04 20:59:22.547 | INFO     |  Verificando heartbeat:
2026-01-04 20:59:22.548 | INFO     |    Sink NID: 4e127252bd1a4c50860cf05dce3e7b17
2026-01-04 20:59:22.549 | INFO     |    Timestamp: 1767560362.4548097
2026-01-04 20:59:22.550 | INFO     |    Data to verify: 4e127252bd1a4c50860cf05dce3e7b1741da56b52a9d1b9a
2026-01-04 20:59:22.550 | INFO     |  Verificando assinatura:
2026-01-04 20:59:22.551 | INFO     |    Data: 24 bytes | 4e127252bd1a4c50860cf05dce3e7b1741da56b52a9d1b9a...
2026-01-04 20:59:22.552 | INFO     |    Signature: 138 bytes | 30818702417859e1c1dede2b8b68c2bcf382a2241c98fa201fe26ee3374e7cdb...
2026-01-04 20:59:22.561 | INFO     |  Assinatura verificada com sucesso!
2026-01-04 20:59:22.563 | DEBUG    |  Assinatura de heartbeat válida
2026-01-04 20:59:22.564 | DEBUG    |  Heartbeat recebido (seq=51, age=0.11s)
2026-01-04 20:59:24.570 | INFO     | [OP-20260104_205455-0064] NOTIFICATION | Remote: E0:D3:62:D7:47:03 | Char: 12340004-0000-1000-8000-00805f9b34fb | Data: 183 bytes | Hex: 0100060203b00000038c2d2d2d2d2d424547494e2043455254494649434154452d2d2d2d2d0a4d494943634443434164476741774942416749554847374f5a74 | ASCII: ..........-----BEGIN CERTIFICATE-----.MIICcDCCAdGgAwIBAgIUHG7OZt [TRUNCATED]
2026-01-04 20:59:24.571 | DEBUG    |  AUTH indication recebida: 183 bytes
2026-01-04 20:59:24.572 | DEBUG    | Fragmento recebido: seq=0, total=6, payload=180 bytes, flags=0x01
2026-01-04 20:59:24.572 | INFO     | Iniciando recepção de 6 fragmentos
2026-01-04 20:59:24.573 | DEBUG    | Fragmento 1/6 armazenado (1 de 6 recebidos)
2026-01-04 20:59:24.573 | DEBUG    |  Aguardando mais fragmentos AUTH...
2026-01-04 20:59:24.662 | INFO     | [OP-20260104_205455-0065] NOTIFICATION | Remote: E0:D3:62:D7:47:03 | Char: 12340004-0000-1000-8000-00805f9b34fb | Data: 183 bytes | Hex: 0001065642414d4d446b6c765643424f5a58523362334a7249454e424d423458445449324d4445774e4441774e44517a4e466f580a44544d324d4445774d6a41 | ASCII: ...VBAMMDklvVCBOZXR3b3JrIENBMB4XDTI2MDEwNDAwNDQzNFoX.DTM2MDEwMjA [TRUNCATED]
2026-01-04 20:59:24.663 | DEBUG    |  AUTH indication recebida: 183 bytes
2026-01-04 20:59:24.664 | DEBUG    | Fragmento recebido: seq=1, total=6, payload=180 bytes, flags=0x00
2026-01-04 20:59:24.664 | DEBUG    | Fragmento 2/6 armazenado (2 de 6 recebidos)
2026-01-04 20:59:24.665 | DEBUG    |  Aguardando mais fragmentos AUTH...
2026-01-04 20:59:24.792 | INFO     | [OP-20260104_205455-0066] NOTIFICATION | Remote: E0:D3:62:D7:47:03 | Char: 12340004-0000-1000-8000-00805f9b34fb | Data: 183 bytes | Hex: 0002064d5463784454414c42674e564241734d42464e70626d7377675a7377454159484b6f5a497a6a3043415159464b34454541434d44675959414241416965 | ASCII: ...MTcxDTALBgNVBAsMBFNpbmswgZswEAYHKoZIzj0CAQYFK4EEACMDgYYABAAie [TRUNCATED]
2026-01-04 20:59:24.793 | DEBUG    |  AUTH indication recebida: 183 bytes
2026-01-04 20:59:24.794 | DEBUG    | Fragmento recebido: seq=2, total=6, payload=180 bytes, flags=0x00
2026-01-04 20:59:24.794 | DEBUG    | Fragmento 3/6 armazenado (3 de 6 recebidos)
2026-01-04 20:59:24.794 | DEBUG    |  Aguardando mais fragmentos AUTH...
2026-01-04 20:59:24.930 | INFO     | [OP-20260104_205455-0067] NOTIFICATION | Remote: E0:D3:62:D7:47:03 | Char: 12340004-0000-1000-8000-00805f9b34fb | Data: 183 bytes | Hex: 000306744e5338774d764f4b683338524e0a68474a6a584d4c4678794e3148747658795a6a6b546f6e452f454b6d542f4f2f676e544b3246515946364d344d44 | ASCII: ...tNS8wMvOKh38RN.hGJjXMLFxyN1HtvXyZjkTonE/EKmT/O/gnTK2FQYF6M4MD [TRUNCATED]
2026-01-04 20:59:24.931 | DEBUG    |  AUTH indication recebida: 183 bytes
2026-01-04 20:59:24.932 | DEBUG    | Fragmento recebido: seq=3, total=6, payload=180 bytes, flags=0x00
2026-01-04 20:59:24.932 | DEBUG    | Fragmento 4/6 armazenado (4 de 6 recebidos)
2026-01-04 20:59:24.933 | DEBUG    |  Aguardando mais fragmentos AUTH...
2026-01-04 20:59:25.061 | INFO     | [OP-20260104_205455-0068] NOTIFICATION | Remote: E0:D3:62:D7:47:03 | Char: 12340004-0000-1000-8000-00805f9b34fb | Data: 183 bytes | Hex: 0004067147634b4e4f617968672f445975705336566f6269315549565972784e0a6b5258466b4e49746558616456426f6d324b326a397350446f307978766142 | ASCII: ...qGcKNOayhg/DYupS6Vobi1UIVYrxN.kRXFkNIteXadVBom2K2j9sPDo0yxvaB [TRUNCATED]
2026-01-04 20:59:25.064 | DEBUG    |  AUTH indication recebida: 183 bytes
2026-01-04 20:59:25.065 | DEBUG    | Fragmento recebido: seq=4, total=6, payload=180 bytes, flags=0x00
2026-01-04 20:59:25.066 | DEBUG    | Fragmento 5/6 armazenado (5 de 6 recebidos)
2026-01-04 20:59:25.066 | DEBUG    |  Aguardando mais fragmentos AUTH...
2026-01-04 20:59:25.151 | INFO     | [OP-20260104_205455-0069] NOTIFICATION | Remote: E0:D3:62:D7:47:03 | Char: 12340004-0000-1000-8000-00805f9b34fb | Data: 50 bytes | Hex: 0205065254494649434154452d2d2d2d2d0a441ee06dfb46ce08a440d736338c4ad8d43d7628b29a90f436b231441461f3d8 | ASCII: ...RTIFICATE-----.D..m.F...@.63.J..=v(....6.1D.a..
2026-01-04 20:59:25.153 | DEBUG    |  AUTH indication recebida: 50 bytes
2026-01-04 20:59:25.153 | DEBUG    | Fragmento recebido: seq=5, total=6, payload=47 bytes, flags=0x02
2026-01-04 20:59:25.154 | DEBUG    | Fragmento 6/6 armazenado (6 de 6 recebidos)
2026-01-04 20:59:25.154 | INFO     |  Mensagem reconstruída: 947 bytes (6 fragmentos)
2026-01-04 20:59:25.155 | DEBUG    | FragmentReassembler resetado
2026-01-04 20:59:25.156 | DEBUG    |  AUTH mensagem completa: 947 bytes
2026-01-04 20:59:25.826 | INFO     | [OP-20260104_205455-0070] NOTIFICATION | Remote: E0:D3:62:D7:47:03 | Char: 12340004-0000-1000-8000-00805f9b34fb | Data: 6 bytes | Hex: 030001040000 | ASCII: ......
2026-01-04 20:59:25.828 | DEBUG    |  AUTH indication recebida: 6 bytes
2026-01-04 20:59:25.828 | DEBUG    | Fragmento recebido: seq=0, total=1, payload=3 bytes, flags=0x03
2026-01-04 20:59:25.829 | INFO     | Iniciando recepção de 1 fragmentos
2026-01-04 20:59:25.830 | DEBUG    | Fragmento 1/1 armazenado (1 de 1 recebidos)
2026-01-04 20:59:25.830 | INFO     |  Mensagem reconstruída: 3 bytes (1 fragmentos)
2026-01-04 20:59:25.831 | DEBUG    | FragmentReassembler resetado
2026-01-04 20:59:25.832 | DEBUG    |  AUTH mensagem completa: 3 bytes
2026-01-04 20:59:27.537 | INFO     | [OP-20260104_205455-0071] NOTIFICATION | Remote: E0:D3:62:D7:47:03 | Char: 12340001-0000-1000-8000-00805f9b34fb | Data: 236 bytes | Hex: 4e127252bd1a4c50860cf05dce3e7b174e127252bd1a4c50860cf05dce3e7b170201000000340551cd06bdcfbfa8fd450d071f165f48a20078e5cc8bb4422e8b | ASCII: N.rR..LP...].>{.N.rR..LP...].>{......4.Q.......E...._H..x....B.. [TRUNCATED]
2026-01-04 20:59:27.538 | DEBUG    |  Pacote recebido de uplink: 4e127252... → 4e127252... (type=MessageType(2), ttl=1)
2026-01-04 20:59:27.539 | DEBUG    | Source 4e127252...: seq=52 (novo highest, window: 15 seqs)
2026-01-04 20:59:27.540 | DEBUG    |  Aprendido: 4e127252... → uplink
2026-01-04 20:59:27.540 | INFO     |  Entregando localmente: 4e127252... → 4e127252... (type=MessageType(2), 166 bytes)
2026-01-04 20:59:27.541 | DEBUG    | Source 4e127252...: seq=52 (novo highest, window: 15 seqs)
2026-01-04 20:59:27.542 | DEBUG    |  Verificando assinatura: sig_len=139, signature_raw_len=139
2026-01-04 20:59:27.543 | INFO     |  Verificando heartbeat:
2026-01-04 20:59:27.544 | INFO     |    Sink NID: 4e127252bd1a4c50860cf05dce3e7b17
2026-01-04 20:59:27.545 | INFO     |    Timestamp: 1767560367.4513264
2026-01-04 20:59:27.545 | INFO     |    Data to verify: 4e127252bd1a4c50860cf05dce3e7b1741da56b52bdce288
2026-01-04 20:59:27.546 | INFO     |  Verificando assinatura:
2026-01-04 20:59:27.547 | INFO     |    Data: 24 bytes | 4e127252bd1a4c50860cf05dce3e7b1741da56b52bdce288...
2026-01-04 20:59:27.548 | INFO     |    Signature: 139 bytes | 308188024201fb8982c90978b7e7e6c3bf3c6df99d3e9447aa8eb1629b2335a1...
2026-01-04 20:59:27.561 | INFO     |  Assinatura verificada com sucesso!
2026-01-04 20:59:27.561 | DEBUG    |  Assinatura de heartbeat válida
2026-01-04 20:59:27.562 | DEBUG    |  Heartbeat recebido (seq=52, age=0.11s)
2026-01-04 20:59:32.577 | INFO     | [OP-20260104_205455-0072] NOTIFICATION | Remote: E0:D3:62:D7:47:03 | Char: 12340001-0000-1000-8000-00805f9b34fb | Data: 236 bytes | Hex: 4e127252bd1a4c50860cf05dce3e7b174e127252bd1a4c50860cf05dce3e7b17020100000035aba8d41fe48da171e1bdcb9ce03b2fcfadd77108ad94f24920a6 | ASCII: N.rR..LP...].>{.N.rR..LP...].>{......5.......q.....;/...q....I . [TRUNCATED]
2026-01-04 20:59:32.579 | DEBUG    |  Pacote recebido de uplink: 4e127252... → 4e127252... (type=MessageType(2), ttl=1)
2026-01-04 20:59:32.579 | DEBUG    | Source 4e127252...: seq=53 (novo highest, window: 16 seqs)
2026-01-04 20:59:32.580 | DEBUG    |  Aprendido: 4e127252... → uplink
2026-01-04 20:59:32.580 | INFO     |  Entregando localmente: 4e127252... → 4e127252... (type=MessageType(2), 166 bytes)
2026-01-04 20:59:32.581 | DEBUG    | Source 4e127252...: seq=53 (novo highest, window: 16 seqs)
2026-01-04 20:59:32.582 | DEBUG    |  Verificando assinatura: sig_len=138, signature_raw_len=138
2026-01-04 20:59:32.582 | INFO     |  Verificando heartbeat:
2026-01-04 20:59:32.583 | INFO     |    Sink NID: 4e127252bd1a4c50860cf05dce3e7b17
2026-01-04 20:59:32.584 | INFO     |    Timestamp: 1767560372.454748
2026-01-04 20:59:32.584 | INFO     |    Data to verify: 4e127252bd1a4c50860cf05dce3e7b1741da56b52d1d1a97
2026-01-04 20:59:32.585 | INFO     |  Verificando assinatura:
2026-01-04 20:59:32.586 | INFO     |    Data: 24 bytes | 4e127252bd1a4c50860cf05dce3e7b1741da56b52d1d1a97...
2026-01-04 20:59:32.587 | INFO     |    Signature: 138 bytes | 308187024139a698385e80f6c4994de75d3ce84d397878e1c281854d26cef745...
2026-01-04 20:59:32.597 | INFO     |  Assinatura verificada com sucesso!
2026-01-04 20:59:32.598 | DEBUG    |  Assinatura de heartbeat válida
2026-01-04 20:59:32.599 | DEBUG    |  Heartbeat recebido (seq=53, age=0.14s)
2026-01-04 20:59:38.615 | INFO     | A parar Node...
2026-01-04 20:59:38.617 | INFO     | A parar GATT Server...
2026-01-04 20:59:38.620 | INFO     |  GATT Server parado
2026-01-04 20:59:41.039 | INFO     | Desconectado de E0:D3:62:D7:47:03
2026-01-04 20:59:41.040 | INFO     | [OP-20260104_205455-0073] DISCONNECT | Remote: E0:D3:62:D7:47:03 | Reason: normal
2026-01-04 20:59:41.040 | INFO     |  Node parado
2026-01-04 20:59:41.041 | WARNING  |   Conexão perdida com Sink
2026-01-04 20:59:41.041 | DEBUG    | Nenhum downlink para desconectar
