2026-01-04 20:29:09.537 | INFO     | BLE Operation Logger iniciado: ble_operations_5800E366747C_20260104_202909.log
2026-01-04 20:29:09.538 | INFO     | Scanner BLE iniciado: hci0 (58:00:E3:66:74:7C)
2026-01-04 20:29:09.538 | INFO     | BLE Client iniciado
2026-01-04 20:29:09.538 | DEBUG    | FragmentReassembler inicializado
2026-01-04 20:29:09.539 | INFO     | ReplayProtection iniciado (window_size=100)
2026-01-04 20:29:09.539 | INFO     |  Router Daemon inicializado para NID=a40543fa...
2026-01-04 20:29:09.539 | DEBUG    |  Send callback configurado
2026-01-04 20:29:09.539 | DEBUG    |  Handler registado para MessageType(1)
2026-01-04 20:29:09.540 | DEBUG    |  Handler registado para MessageType(2)
2026-01-04 20:29:09.540 | INFO     | IoT Node inicializado (adapter=hci0)
2026-01-04 20:29:09.540 | INFO     |  Router Daemon integrado
2026-01-04 20:29:09.540 | INFO     | A configurar GATT Server...
2026-01-04 20:29:09.542 | INFO     | Application criada: /
2026-01-04 20:29:09.542 | INFO     | Service criado: /0 (UUID: 12340000-0000-1000-8000-00805f9b34fb, primary: True)
2026-01-04 20:29:09.543 | INFO     | A criar IoTNetworkService...
2026-01-04 20:29:09.543 | DEBUG    | Characteristic criada: /0/char0 (UUID: 12340001-0000-1000-8000-00805f9b34fb, flags: ['write', 'notify'])
2026-01-04 20:29:09.543 | INFO     | NetworkPacketCharacteristic criada
2026-01-04 20:29:09.543 | DEBUG    | Characteristic criada: /0/char1 (UUID: 12340002-0000-1000-8000-00805f9b34fb, flags: ['read'])
2026-01-04 20:29:09.544 | INFO     | DeviceInfoCharacteristic criada: NID=a40543fa..., type=node
2026-01-04 20:29:09.544 | DEBUG    | Characteristic criada: /0/char2 (UUID: 12340003-0000-1000-8000-00805f9b34fb, flags: ['read', 'notify'])
2026-01-04 20:29:09.544 | INFO     | NeighborTableCharacteristic criada
2026-01-04 20:29:09.544 | DEBUG    | Characteristic criada: /0/char3 (UUID: 12340004-0000-1000-8000-00805f9b34fb, flags: ['write', 'indicate'])
2026-01-04 20:29:09.545 | INFO     | AuthCharacteristic criada
2026-01-04 20:29:09.545 | DEBUG    | Characteristic adicionada a /0: /0/char0
2026-01-04 20:29:09.545 | DEBUG    | Characteristic adicionada a /0: /0/char1
2026-01-04 20:29:09.545 | DEBUG    | Characteristic adicionada a /0: /0/char2
2026-01-04 20:29:09.545 | DEBUG    | Characteristic adicionada a /0: /0/char3
2026-01-04 20:29:09.546 | INFO     |  IoTNetworkService criado com sucesso!
2026-01-04 20:29:09.546 | INFO     | Service adicionado à aplicação: /0
2026-01-04 20:29:09.546 | DEBUG    | Packet callback definido
2026-01-04 20:29:09.546 | DEBUG    | Auth callback definido
2026-01-04 20:29:09.546 | INFO     | Advertisement criado: /org/bluez/iot/advertisement0 (type: peripheral)
2026-01-04 20:29:09.547 | INFO     |  Service UUID adicionado ao advertising: 12340000-0000-1000-8000-00805f9b34fb
2026-01-04 20:29:09.547 | INFO     |    Lista atual de UUIDs: ['12340000-0000-1000-8000-00805f9b34fb']
2026-01-04 20:29:09.548 | DEBUG    | Local name definido: IoT-Node-a40543fa
2026-01-04 20:29:09.548 | DEBUG    | Manufacturer data adicionado: ID=65535
2026-01-04 20:29:09.548 | INFO     |  Advertising contínuo configurado (duration=0)
2026-01-04 20:29:09.548 | INFO     |  GATT Server configurado
2026-01-04 20:29:09.549 | INFO     | A iniciar GATT Server...
2026-01-04 20:29:09.552 | INFO     |  GATT Server iniciado em thread separada
2026-01-04 20:29:09.553 | DEBUG    | GetManagedObjects called
2026-01-04 20:29:09.553 | DEBUG    | GetManagedObjects returning 5 objects
2026-01-04 20:29:09.553 | INFO     |  Node Device iniciado - CLI interativo pronto
2026-01-04 20:29:09.555 | INFO     |  GATT application registada!
2026-01-04 20:29:09.557 | DEBUG    | GetAll called on /org/bluez/iot/advertisement0
2026-01-04 20:29:09.557 | INFO     |  Advertising com ServiceUUIDs: ['12340000-0000-1000-8000-00805f9b34fb']
2026-01-04 20:29:09.661 | INFO     |  Advertisement registado!
2026-01-04 20:29:26.253 | INFO     | A fazer scan BLE durante 5000ms...
2026-01-04 20:29:26.255 | INFO     | [OP-20260104_202909-0001] SCAN_START | Duration: 5000ms | Filter_IoT: True
2026-01-04 20:29:31.385 | DEBUG    |   Encontrado: IoT-Node-0abd8260 (E0:D3:62:D6:EE:A0) RSSI: -48 dBm
2026-01-04 20:29:31.385 | INFO     | Scan concluído: 1 dispositivos encontrados
2026-01-04 20:29:31.387 | INFO     | [OP-20260104_202909-0002] SCAN_RESULT | Devices_Found: 1
2026-01-04 20:29:31.389 | DEBUG    | [OP-20260104_202909-0002]   Device_1: Name: IoT-Node-0abd8260 | Address: E0:D3:62:D6:EE:A0 | RSSI: -48 dBm | Services: 1
2026-01-04 20:29:31.390 | INFO     | A fazer scan BLE durante 5000ms...
2026-01-04 20:29:31.393 | INFO     | [OP-20260104_202909-0003] SCAN_START | Duration: 5000ms | Filter_IoT: True
2026-01-04 20:29:36.521 | DEBUG    |   Encontrado: IoT-Node-0abd8260 (E0:D3:62:D6:EE:A0) RSSI: -46 dBm
2026-01-04 20:29:36.521 | INFO     | Scan concluído: 1 dispositivos encontrados
2026-01-04 20:29:36.524 | INFO     | [OP-20260104_202909-0004] SCAN_RESULT | Devices_Found: 1
2026-01-04 20:29:36.527 | DEBUG    | [OP-20260104_202909-0004]   Device_1: Name: IoT-Node-0abd8260 | Address: E0:D3:62:D6:EE:A0 | RSSI: -46 dBm | Services: 1
2026-01-04 20:29:39.349 | INFO     | A fazer scan BLE durante 5000ms...
2026-01-04 20:29:39.350 | INFO     | [OP-20260104_202909-0005] SCAN_START | Duration: 5000ms | Filter_IoT: True
2026-01-04 20:29:44.479 | DEBUG    |   Encontrado: IoT-Node-0abd8260 (E0:D3:62:D6:EE:A0) RSSI: -46 dBm
2026-01-04 20:29:44.483 | DEBUG    |   Encontrado: IoT-Sink-4e127252 (E0:D3:62:D7:47:03) RSSI: -54 dBm
2026-01-04 20:29:44.483 | INFO     | Scan concluído: 2 dispositivos encontrados
2026-01-04 20:29:44.484 | INFO     | [OP-20260104_202909-0006] SCAN_RESULT | Devices_Found: 2
2026-01-04 20:29:44.485 | DEBUG    | [OP-20260104_202909-0006]   Device_1: Name: IoT-Node-0abd8260 | Address: E0:D3:62:D6:EE:A0 | RSSI: -46 dBm | Services: 1
2026-01-04 20:29:44.486 | DEBUG    | [OP-20260104_202909-0006]   Device_2: Name: IoT-Sink-4e127252 | Address: E0:D3:62:D7:47:03 | RSSI: -54 dBm | Services: 1
2026-01-04 20:29:44.486 | INFO     | A fazer scan BLE durante 5000ms...
2026-01-04 20:29:44.487 | INFO     | [OP-20260104_202909-0007] SCAN_START | Duration: 5000ms | Filter_IoT: True
2026-01-04 20:29:49.519 | DEBUG    |   Encontrado: IoT-Node-0abd8260 (E0:D3:62:D6:EE:A0) RSSI: -46 dBm
2026-01-04 20:29:49.523 | DEBUG    |   Encontrado: IoT-Sink-4e127252 (E0:D3:62:D7:47:03) RSSI: -60 dBm
2026-01-04 20:29:49.524 | INFO     | Scan concluído: 2 dispositivos encontrados
2026-01-04 20:29:49.525 | INFO     | [OP-20260104_202909-0008] SCAN_RESULT | Devices_Found: 2
2026-01-04 20:29:49.526 | DEBUG    | [OP-20260104_202909-0008]   Device_1: Name: IoT-Node-0abd8260 | Address: E0:D3:62:D6:EE:A0 | RSSI: -46 dBm | Services: 1
2026-01-04 20:29:49.527 | DEBUG    | [OP-20260104_202909-0008]   Device_2: Name: IoT-Sink-4e127252 | Address: E0:D3:62:D7:47:03 | RSSI: -60 dBm | Services: 1
2026-01-04 20:30:17.239 | INFO     | A fazer scan BLE durante 5000ms...
2026-01-04 20:30:17.240 | INFO     | [OP-20260104_202909-0009] SCAN_START | Duration: 5000ms | Filter_IoT: True
2026-01-04 20:30:22.351 | INFO     | Scan concluído: 0 dispositivos encontrados
2026-01-04 20:30:22.352 | INFO     | [OP-20260104_202909-0010] SCAN_RESULT | Devices_Found: 0
2026-01-04 20:30:22.355 | INFO     | A fazer scan BLE durante 5000ms...
2026-01-04 20:30:22.359 | INFO     | [OP-20260104_202909-0011] SCAN_START | Duration: 5000ms | Filter_IoT: True
2026-01-04 20:30:27.495 | DEBUG    |   Encontrado: IoT-Node-0abd8260 (E0:D3:62:D6:EE:A0) RSSI: -58 dBm
2026-01-04 20:30:27.496 | INFO     | Scan concluído: 1 dispositivos encontrados
2026-01-04 20:30:27.497 | INFO     | [OP-20260104_202909-0012] SCAN_RESULT | Devices_Found: 1
2026-01-04 20:30:27.499 | DEBUG    | [OP-20260104_202909-0012]   Device_1: Name: IoT-Node-0abd8260 | Address: E0:D3:62:D6:EE:A0 | RSSI: -58 dBm | Services: 1
2026-01-04 20:30:30.483 | INFO     | A fazer scan BLE durante 5000ms...
2026-01-04 20:30:30.485 | INFO     | [OP-20260104_202909-0013] SCAN_START | Duration: 5000ms | Filter_IoT: True
2026-01-04 20:30:35.611 | INFO     | Scan concluído: 0 dispositivos encontrados
2026-01-04 20:30:35.612 | INFO     | [OP-20260104_202909-0014] SCAN_RESULT | Devices_Found: 0
2026-01-04 20:30:35.613 | INFO     | A fazer scan BLE durante 5000ms...
2026-01-04 20:30:35.615 | INFO     | [OP-20260104_202909-0015] SCAN_START | Duration: 5000ms | Filter_IoT: True
2026-01-04 20:30:40.734 | INFO     | Scan concluído: 0 dispositivos encontrados
2026-01-04 20:30:40.734 | INFO     | [OP-20260104_202909-0016] SCAN_RESULT | Devices_Found: 0
2026-01-04 20:30:43.160 | INFO     | A fazer scan BLE durante 5000ms...
2026-01-04 20:30:43.162 | INFO     | [OP-20260104_202909-0017] SCAN_START | Duration: 5000ms | Filter_IoT: True
2026-01-04 20:30:48.189 | DEBUG    |   Encontrado: IoT-Node-0abd8260 (E0:D3:62:D6:EE:A0) RSSI: -62 dBm
2026-01-04 20:30:48.190 | INFO     | Scan concluído: 1 dispositivos encontrados
2026-01-04 20:30:48.191 | INFO     | [OP-20260104_202909-0018] SCAN_RESULT | Devices_Found: 1
2026-01-04 20:30:48.192 | DEBUG    | [OP-20260104_202909-0018]   Device_1: Name: IoT-Node-0abd8260 | Address: E0:D3:62:D6:EE:A0 | RSSI: -62 dBm | Services: 1
2026-01-04 20:30:48.193 | INFO     | A fazer scan BLE durante 5000ms...
2026-01-04 20:30:48.194 | INFO     | [OP-20260104_202909-0019] SCAN_START | Duration: 5000ms | Filter_IoT: True
2026-01-04 20:30:53.213 | DEBUG    |   Encontrado: IoT-Sink-4e127252 (E0:D3:62:D7:47:03) RSSI: -56 dBm
2026-01-04 20:30:53.213 | INFO     | Scan concluído: 1 dispositivos encontrados
2026-01-04 20:30:53.213 | INFO     | [OP-20260104_202909-0020] SCAN_RESULT | Devices_Found: 1
2026-01-04 20:30:53.214 | DEBUG    | [OP-20260104_202909-0020]   Device_1: Name: IoT-Sink-4e127252 | Address: E0:D3:62:D7:47:03 | RSSI: -56 dBm | Services: 1
2026-01-04 20:31:01.199 | INFO     | A conectar ao Sink E0:D3:62:D6:EE:A0...
2026-01-04 20:31:01.201 | DEBUG    | Peripheral E0:D3:62:D6:EE:A0 não está em cache, fazendo scan rápido...
2026-01-04 20:31:03.311 | ERROR    | Dispositivo E0:D3:62:D6:EE:A0 não encontrado mesmo após scan
2026-01-04 20:31:03.313 | ERROR    |  Falha ao conectar ao Sink
2026-01-04 20:31:06.259 | INFO     | A fazer scan BLE durante 5000ms...
2026-01-04 20:31:06.261 | INFO     | [OP-20260104_202909-0021] SCAN_START | Duration: 5000ms | Filter_IoT: True
2026-01-04 20:31:11.384 | DEBUG    |   Encontrado: IoT-Node-0abd8260 (E0:D3:62:D6:EE:A0) RSSI: -48 dBm
2026-01-04 20:31:11.387 | DEBUG    |   Encontrado: IoT-Sink-4e127252 (E0:D3:62:D7:47:03) RSSI: -56 dBm
2026-01-04 20:31:11.388 | INFO     | Scan concluído: 2 dispositivos encontrados
2026-01-04 20:31:11.390 | INFO     | [OP-20260104_202909-0022] SCAN_RESULT | Devices_Found: 2
2026-01-04 20:31:11.392 | DEBUG    | [OP-20260104_202909-0022]   Device_1: Name: IoT-Node-0abd8260 | Address: E0:D3:62:D6:EE:A0 | RSSI: -48 dBm | Services: 1
2026-01-04 20:31:11.393 | DEBUG    | [OP-20260104_202909-0022]   Device_2: Name: IoT-Sink-4e127252 | Address: E0:D3:62:D7:47:03 | RSSI: -56 dBm | Services: 1
2026-01-04 20:31:11.394 | INFO     | A fazer scan BLE durante 5000ms...
2026-01-04 20:31:11.395 | INFO     | [OP-20260104_202909-0023] SCAN_START | Duration: 5000ms | Filter_IoT: True
2026-01-04 20:31:16.420 | DEBUG    |   Encontrado: IoT-Sink-4e127252 (E0:D3:62:D7:47:03) RSSI: -58 dBm
2026-01-04 20:31:16.421 | INFO     | Scan concluído: 1 dispositivos encontrados
2026-01-04 20:31:16.423 | INFO     | [OP-20260104_202909-0024] SCAN_RESULT | Devices_Found: 1
2026-01-04 20:31:16.425 | DEBUG    | [OP-20260104_202909-0024]   Device_1: Name: IoT-Sink-4e127252 | Address: E0:D3:62:D7:47:03 | RSSI: -58 dBm | Services: 1
2026-01-04 20:31:18.853 | INFO     | A conectar ao Sink E0:D3:62:D6:EE:A0...
2026-01-04 20:31:18.855 | DEBUG    | Peripheral E0:D3:62:D6:EE:A0 não está em cache, fazendo scan rápido...
2026-01-04 20:31:20.864 | DEBUG    | Peripheral E0:D3:62:D6:EE:A0 encontrado após scan
2026-01-04 20:31:20.865 | DEBUG    | BLEConnection criada para E0:D3:62:D6:EE:A0
2026-01-04 20:31:20.866 | INFO     | A conectar a E0:D3:62:D6:EE:A0...
2026-01-04 20:31:20.869 | INFO     | [OP-20260104_202909-0025] CONNECT_ATTEMPT | Local: 58:00:E3:66:74:7C | Remote: E0:D3:62:D6:EE:A0
2026-01-04 20:31:35.825 | ERROR    | Erro ao conectar a E0:D3:62:D6:EE:A0: The requested operation has failed.
2026-01-04 20:31:35.826 | ERROR    | [OP-20260104_202909-0026] CONNECT_FAILED | Remote: E0:D3:62:D6:EE:A0 | Error: The requested operation has failed.
2026-01-04 20:31:35.827 | DEBUG    | Conexão falhou, tentando refresh do cache e retry...
2026-01-04 20:31:37.839 | DEBUG    | Peripheral refreshed, tentando conectar novamente...
2026-01-04 20:31:37.842 | DEBUG    | BLEConnection criada para E0:D3:62:D6:EE:A0
2026-01-04 20:31:37.843 | INFO     | A conectar a E0:D3:62:D6:EE:A0...
2026-01-04 20:31:37.845 | INFO     | [OP-20260104_202909-0027] CONNECT_ATTEMPT | Local: 58:00:E3:66:74:7C | Remote: E0:D3:62:D6:EE:A0
2026-01-04 20:31:51.972 | ERROR    | Erro ao conectar a E0:D3:62:D6:EE:A0: The requested operation has failed.
2026-01-04 20:31:51.973 | ERROR    | [OP-20260104_202909-0028] CONNECT_FAILED | Remote: E0:D3:62:D6:EE:A0 | Error: The requested operation has failed.
2026-01-04 20:31:51.974 | ERROR    | Falha ao conectar a E0:D3:62:D6:EE:A0 após todas as tentativas
2026-01-04 20:31:51.977 | ERROR    |  Falha ao conectar ao Sink
2026-01-04 20:32:06.211 | INFO     | A fazer scan BLE durante 5000ms...
2026-01-04 20:32:06.213 | INFO     | [OP-20260104_202909-0029] SCAN_START | Duration: 5000ms | Filter_IoT: True
2026-01-04 20:32:11.337 | INFO     | Scan concluído: 0 dispositivos encontrados
2026-01-04 20:32:11.338 | INFO     | [OP-20260104_202909-0030] SCAN_RESULT | Devices_Found: 0
2026-01-04 20:32:11.339 | INFO     | A fazer scan BLE durante 5000ms...
2026-01-04 20:32:11.341 | INFO     | [OP-20260104_202909-0031] SCAN_START | Duration: 5000ms | Filter_IoT: True
2026-01-04 20:32:16.372 | DEBUG    |   Encontrado: IoT-Node-0abd8260 (E0:D3:62:D6:EE:A0) RSSI: -48 dBm
2026-01-04 20:32:16.373 | INFO     | Scan concluído: 1 dispositivos encontrados
2026-01-04 20:32:16.375 | INFO     | [OP-20260104_202909-0032] SCAN_RESULT | Devices_Found: 1
2026-01-04 20:32:16.376 | DEBUG    | [OP-20260104_202909-0032]   Device_1: Name: IoT-Node-0abd8260 | Address: E0:D3:62:D6:EE:A0 | RSSI: -48 dBm | Services: 1
2026-01-04 20:32:19.452 | INFO     | A fazer scan BLE durante 5000ms...
2026-01-04 20:32:19.453 | INFO     | [OP-20260104_202909-0033] SCAN_START | Duration: 5000ms | Filter_IoT: True
2026-01-04 20:32:24.572 | INFO     | Scan concluído: 0 dispositivos encontrados
2026-01-04 20:32:24.573 | INFO     | [OP-20260104_202909-0034] SCAN_RESULT | Devices_Found: 0
2026-01-04 20:32:24.573 | INFO     | A fazer scan BLE durante 5000ms...
2026-01-04 20:32:24.573 | INFO     | [OP-20260104_202909-0035] SCAN_START | Duration: 5000ms | Filter_IoT: True
2026-01-04 20:32:29.588 | DEBUG    |   Encontrado: IoT-Node-0abd8260 (E0:D3:62:D6:EE:A0) RSSI: -46 dBm
2026-01-04 20:32:29.589 | DEBUG    |   Encontrado: IoT-Sink-4e127252 (E0:D3:62:D7:47:03) RSSI: -58 dBm
2026-01-04 20:32:29.589 | INFO     | Scan concluído: 2 dispositivos encontrados
2026-01-04 20:32:29.590 | INFO     | [OP-20260104_202909-0036] SCAN_RESULT | Devices_Found: 2
2026-01-04 20:32:29.590 | DEBUG    | [OP-20260104_202909-0036]   Device_1: Name: IoT-Node-0abd8260 | Address: E0:D3:62:D6:EE:A0 | RSSI: -46 dBm | Services: 1
2026-01-04 20:32:29.590 | DEBUG    | [OP-20260104_202909-0036]   Device_2: Name: IoT-Sink-4e127252 | Address: E0:D3:62:D7:47:03 | RSSI: -58 dBm | Services: 1
2026-01-04 20:32:34.642 | INFO     | A conectar ao Sink E0:D3:62:D7:47:03...
2026-01-04 20:32:34.644 | DEBUG    | BLEConnection criada para E0:D3:62:D7:47:03
2026-01-04 20:32:34.644 | INFO     | A conectar a E0:D3:62:D7:47:03...
2026-01-04 20:32:34.645 | INFO     | [OP-20260104_202909-0037] CONNECT_ATTEMPT | Local: 58:00:E3:66:74:7C | Remote: E0:D3:62:D7:47:03
2026-01-04 20:32:37.745 | INFO     |  Conectado a E0:D3:62:D7:47:03
2026-01-04 20:32:37.746 | INFO     | [OP-20260104_202909-0038] CONNECT_SUCCESS | Remote: E0:D3:62:D7:47:03 | Time: 3098.17ms
2026-01-04 20:32:37.746 | DEBUG    |  Conexão estabelecida. Operações GATT usarão D-Bus se necessário.
2026-01-04 20:32:37.746 | INFO     |  Conectado ao Sink via GATT
2026-01-04 20:32:37.748 | DEBUG    | Descobertos 4 serviços
2026-01-04 20:32:37.749 | DEBUG    | Serviço 12340000-0000-1000-8000-00805f9b34fb encontrado
2026-01-04 20:32:37.749 | INFO     |  Serviço IoT Network encontrado
2026-01-04 20:32:37.750 | DEBUG    |  Timestamp de heartbeat resetado para nova conexão
2026-01-04 20:32:37.750 | INFO     | A subscrever a notificações...
2026-01-04 20:32:38.180 | INFO     |  Subscrito a notificações: 12340001-0000-1000-8000-00805f9b34fb
2026-01-04 20:32:38.182 | INFO     | [OP-20260104_202909-0039] SUBSCRIBE_SUCCESS | Remote: E0:D3:62:D7:47:03 | Char: 12340001-0000-1000-8000-00805f9b34fb
2026-01-04 20:32:38.184 | INFO     |  Subscrito a NETWORK_PACKET
2026-01-04 20:32:38.186 | DEBUG    | [OP-20260104_202909-0040] READ_REQUEST | Remote: E0:D3:62:D7:47:03 | Service: 12340000-0000-1000-8000-00805f9b34fb | Char: 12340002-0000-1000-8000-00805f9b34fb
2026-01-04 20:32:38.270 | DEBUG    | Read 12340002-0000-1000-8000-00805f9b34fb: 18 bytes
2026-01-04 20:32:38.272 | INFO     | [OP-20260104_202909-0041] READ_RESPONSE | Remote: E0:D3:62:D7:47:03 | Char: 12340002-0000-1000-8000-00805f9b34fb | Data: 18 bytes | Hex: 4e127252bd1a4c50860cf05dce3e7b17ff01 | ASCII: N.rR..LP...].>{...
2026-01-04 20:32:38.273 | INFO     |  Conectado ao Sink - hop_count=0
2026-01-04 20:32:38.275 | INFO     |  A iniciar autenticação com Sink...
2026-01-04 20:32:38.276 | DEBUG    |  A subscrever a AUTH characteristic...
2026-01-04 20:32:38.359 | INFO     |  Subscrito a notificações: 12340004-0000-1000-8000-00805f9b34fb
2026-01-04 20:32:38.361 | INFO     | [OP-20260104_202909-0042] SUBSCRIBE_SUCCESS | Remote: E0:D3:62:D7:47:03 | Char: 12340004-0000-1000-8000-00805f9b34fb
2026-01-04 20:32:38.362 | DEBUG    |  Subscrito a AUTH indications
2026-01-04 20:32:38.363 | INFO     | AuthenticationProtocol inicializado para a40543fa...
2026-01-04 20:32:38.364 | INFO     |  Enviando certificado...
2026-01-04 20:32:38.366 | INFO     |  Iniciando autenticação - enviando certificado...
2026-01-04 20:32:38.371 | INFO     |    Certificado: 887 bytes
2026-01-04 20:32:38.372 | DEBUG    |    Estado: IDLE → CERT_SENT
2026-01-04 20:32:38.373 | INFO     | Fragmentando mensagem de 890 bytes em 5 fragmentos
2026-01-04 20:32:38.377 | DEBUG    |   Fragmento 1/5: 180 bytes, flags=0x01
2026-01-04 20:32:38.377 | DEBUG    |   Fragmento 2/5: 180 bytes, flags=0x00
2026-01-04 20:32:38.378 | DEBUG    |   Fragmento 3/5: 180 bytes, flags=0x00
2026-01-04 20:32:38.379 | DEBUG    |   Fragmento 4/5: 180 bytes, flags=0x00
2026-01-04 20:32:38.380 | DEBUG    |   Fragmento 5/5: 170 bytes, flags=0x02
2026-01-04 20:32:38.381 | DEBUG    | Enviando mensagem auth: 890 bytes em 5 fragmento(s)
2026-01-04 20:32:38.384 | INFO     | [OP-20260104_202909-0043] WRITE_REQUEST | Remote: E0:D3:62:D7:47:03 | Char: 12340004-0000-1000-8000-00805f9b34fb | Data: 183 bytes | Hex: 0100050103772d2d2d2d2d424547494e2043455254494649434154452d2d2d2d2d0a4d4949435954434341634b67417749424167495547784b34596a38596e6c | ASCII: .....w-----BEGIN CERTIFICATE-----.MIICYTCCAcKgAwIBAgIUGxK4Yj8Ynl [TRUNCATED]
2026-01-04 20:32:38.448 | DEBUG    |  Write via SimpleBLE: 12340004-0000-1000-8000-00805f9b34fb (183 bytes)
2026-01-04 20:32:38.448 | INFO     | [OP-20260104_202909-0044] WRITE_SUCCESS | Remote: E0:D3:62:D7:47:03 | Char: 12340004-0000-1000-8000-00805f9b34fb
2026-01-04 20:32:38.450 | DEBUG    |   Fragmento 1/5 enviado
2026-01-04 20:32:38.553 | INFO     | [OP-20260104_202909-0045] WRITE_REQUEST | Remote: E0:D3:62:D7:47:03 | Char: 12340004-0000-1000-8000-00805f9b34fb | Data: 183 bytes | Hex: 0001054d446b6c765643424f5a58523362334a7249454e424d423458445449324d4445774e4441774e546b774e466f580a44544d324d4445774d6a41774e546b | ASCII: ...MDklvVCBOZXR3b3JrIENBMB4XDTI2MDEwNDAwNTkwNFoX.DTM2MDEwMjAwNTk [TRUNCATED]
2026-01-04 20:32:38.628 | DEBUG    |  Write via SimpleBLE: 12340004-0000-1000-8000-00805f9b34fb (183 bytes)
2026-01-04 20:32:38.629 | INFO     | [OP-20260104_202909-0046] WRITE_SUCCESS | Remote: E0:D3:62:D7:47:03 | Char: 12340004-0000-1000-8000-00805f9b34fb
2026-01-04 20:32:38.630 | DEBUG    |   Fragmento 2/5 enviado
2026-01-04 20:32:38.734 | INFO     | [OP-20260104_202909-0047] WRITE_REQUEST | Remote: E0:D3:62:D7:47:03 | Char: 12340004-0000-1000-8000-00805f9b34fb | Data: 183 bytes | Hex: 000205675a7377454159484b6f5a497a6a3043415159464b34454541434d44675959414241466d4779734c45465a4953455936583562416f44472b4138332b0a | ASCII: ...gZswEAYHKoZIzj0CAQYFK4EEACMDgYYABAFmGysLEFZISEY6X5bAoDG+A83+. [TRUNCATED]
2026-01-04 20:32:38.853 | DEBUG    |  Write via SimpleBLE: 12340004-0000-1000-8000-00805f9b34fb (183 bytes)
2026-01-04 20:32:38.854 | INFO     | [OP-20260104_202909-0048] WRITE_SUCCESS | Remote: E0:D3:62:D7:47:03 | Char: 12340004-0000-1000-8000-00805f9b34fb
2026-01-04 20:32:38.856 | DEBUG    |   Fragmento 3/5 enviado
2026-01-04 20:32:38.960 | INFO     | [OP-20260104_202909-0049] WRITE_REQUEST | Remote: E0:D3:62:D7:47:03 | Char: 12340004-0000-1000-8000-00805f9b34fb | Data: 183 bytes | Hex: 000305456d6d4654724a6148340a533231634d4f67325877557a6a54544e61754b3750714d344d44597744415944565230544151482f424149774144414f4267 | ASCII: ...EmmFTrJaH4.S21cMOg2XwUzjTTNauK7PqM4MDYwDAYDVR0TAQH/BAIwADAOBg [TRUNCATED]
2026-01-04 20:32:39.032 | DEBUG    |  Write via SimpleBLE: 12340004-0000-1000-8000-00805f9b34fb (183 bytes)
2026-01-04 20:32:39.033 | INFO     | [OP-20260104_202909-0050] WRITE_SUCCESS | Remote: E0:D3:62:D7:47:03 | Char: 12340004-0000-1000-8000-00805f9b34fb
2026-01-04 20:32:39.035 | DEBUG    |   Fragmento 4/5 enviado
2026-01-04 20:32:39.138 | INFO     | [OP-20260104_202909-0051] WRITE_REQUEST | Remote: E0:D3:62:D7:47:03 | Char: 12340004-0000-1000-8000-00805f9b34fb | Data: 173 bytes | Hex: 02040571754f437562724d66446a575936386b542f6779345a63634d0a546e457775416d736e466742614976584a2b4e656e423843516748637873576a6d7579 | ASCII: ...quOCubrMfDjWY68kT/gy4ZccM.TnEwuAmsnFgBaIvXJ+NenB8CQgHcxsWjmuy [TRUNCATED]
2026-01-04 20:32:39.256 | DEBUG    |  Write via SimpleBLE: 12340004-0000-1000-8000-00805f9b34fb (173 bytes)
2026-01-04 20:32:39.257 | INFO     | [OP-20260104_202909-0052] WRITE_SUCCESS | Remote: E0:D3:62:D7:47:03 | Char: 12340004-0000-1000-8000-00805f9b34fb
2026-01-04 20:32:39.259 | DEBUG    |   Fragmento 5/5 enviado
2026-01-04 20:32:39.260 | INFO     | [OP-20260104_202909-0053] NOTIFICATION | Remote: E0:D3:62:D7:47:03 | Char: 12340004-0000-1000-8000-00805f9b34fb | Data: 183 bytes | Hex: 0100060203b00000038c2d2d2d2d2d424547494e2043455254494649434154452d2d2d2d2d0a4d494943634443434164476741774942416749554847374f5a74 | ASCII: ..........-----BEGIN CERTIFICATE-----.MIICcDCCAdGgAwIBAgIUHG7OZt [TRUNCATED]
2026-01-04 20:32:39.262 | DEBUG    |  AUTH indication recebida: 183 bytes
2026-01-04 20:32:39.263 | DEBUG    | Fragmento recebido: seq=0, total=6, payload=180 bytes, flags=0x01
2026-01-04 20:32:39.264 | INFO     | Iniciando recepção de 6 fragmentos
2026-01-04 20:32:39.265 | DEBUG    | Fragmento 1/6 armazenado (1 de 6 recebidos)
2026-01-04 20:32:39.266 | DEBUG    |  Aguardando mais fragmentos AUTH...
2026-01-04 20:32:39.347 | INFO     | [OP-20260104_202909-0054] NOTIFICATION | Remote: E0:D3:62:D7:47:03 | Char: 12340004-0000-1000-8000-00805f9b34fb | Data: 183 bytes | Hex: 0001065642414d4d446b6c765643424f5a58523362334a7249454e424d423458445449324d4445774e4441774e44517a4e466f580a44544d324d4445774d6a41 | ASCII: ...VBAMMDklvVCBOZXR3b3JrIENBMB4XDTI2MDEwNDAwNDQzNFoX.DTM2MDEwMjA [TRUNCATED]
2026-01-04 20:32:39.347 | DEBUG    |  AUTH indication recebida: 183 bytes
2026-01-04 20:32:39.347 | DEBUG    | Fragmento recebido: seq=1, total=6, payload=180 bytes, flags=0x00
2026-01-04 20:32:39.347 | DEBUG    | Fragmento 2/6 armazenado (2 de 6 recebidos)
2026-01-04 20:32:39.347 | DEBUG    |  Aguardando mais fragmentos AUTH...
2026-01-04 20:32:39.360 | DEBUG    | Autenticação round 1/10
2026-01-04 20:32:39.444 | INFO     | [OP-20260104_202909-0055] NOTIFICATION | Remote: E0:D3:62:D7:47:03 | Char: 12340004-0000-1000-8000-00805f9b34fb | Data: 183 bytes | Hex: 0002064d5463784454414c42674e564241734d42464e70626d7377675a7377454159484b6f5a497a6a3043415159464b34454541434d44675959414241416965 | ASCII: ...MTcxDTALBgNVBAsMBFNpbmswgZswEAYHKoZIzj0CAQYFK4EEACMDgYYABAAie [TRUNCATED]
2026-01-04 20:32:39.445 | DEBUG    |  AUTH indication recebida: 183 bytes
2026-01-04 20:32:39.445 | DEBUG    | Fragmento recebido: seq=2, total=6, payload=180 bytes, flags=0x00
2026-01-04 20:32:39.446 | DEBUG    | Fragmento 3/6 armazenado (3 de 6 recebidos)
2026-01-04 20:32:39.446 | DEBUG    |  Aguardando mais fragmentos AUTH...
2026-01-04 20:32:39.535 | INFO     | [OP-20260104_202909-0056] NOTIFICATION | Remote: E0:D3:62:D7:47:03 | Char: 12340004-0000-1000-8000-00805f9b34fb | Data: 183 bytes | Hex: 000306744e5338774d764f4b683338524e0a68474a6a584d4c4678794e3148747658795a6a6b546f6e452f454b6d542f4f2f676e544b3246515946364d344d44 | ASCII: ...tNS8wMvOKh38RN.hGJjXMLFxyN1HtvXyZjkTonE/EKmT/O/gnTK2FQYF6M4MD [TRUNCATED]
2026-01-04 20:32:39.536 | DEBUG    |  AUTH indication recebida: 183 bytes
2026-01-04 20:32:39.536 | DEBUG    | Fragmento recebido: seq=3, total=6, payload=180 bytes, flags=0x00
2026-01-04 20:32:39.537 | DEBUG    | Fragmento 4/6 armazenado (4 de 6 recebidos)
2026-01-04 20:32:39.537 | DEBUG    |  Aguardando mais fragmentos AUTH...
2026-01-04 20:32:39.623 | INFO     | [OP-20260104_202909-0057] NOTIFICATION | Remote: E0:D3:62:D7:47:03 | Char: 12340004-0000-1000-8000-00805f9b34fb | Data: 183 bytes | Hex: 0004067147634b4e4f617968672f445975705336566f6269315549565972784e0a6b5258466b4e49746558616456426f6d324b326a397350446f307978766142 | ASCII: ...qGcKNOayhg/DYupS6Vobi1UIVYrxN.kRXFkNIteXadVBom2K2j9sPDo0yxvaB [TRUNCATED]
2026-01-04 20:32:39.625 | DEBUG    |  AUTH indication recebida: 183 bytes
2026-01-04 20:32:39.625 | DEBUG    | Fragmento recebido: seq=4, total=6, payload=180 bytes, flags=0x00
2026-01-04 20:32:39.626 | DEBUG    | Fragmento 5/6 armazenado (5 de 6 recebidos)
2026-01-04 20:32:39.626 | DEBUG    |  Aguardando mais fragmentos AUTH...
2026-01-04 20:32:39.708 | INFO     | [OP-20260104_202909-0058] NOTIFICATION | Remote: E0:D3:62:D7:47:03 | Char: 12340004-0000-1000-8000-00805f9b34fb | Data: 50 bytes | Hex: 0205065254494649434154452d2d2d2d2d0a2019f0873a233e9044cb2cae6c9b68a7770a3e52dacc7b4b393aedd43c8c00f2 | ASCII: ...RTIFICATE-----. ...:#>.D.,.l.h.w.>R..{K9:..<...
2026-01-04 20:32:39.708 | DEBUG    |  AUTH indication recebida: 50 bytes
2026-01-04 20:32:39.709 | DEBUG    | Fragmento recebido: seq=5, total=6, payload=47 bytes, flags=0x02
2026-01-04 20:32:39.709 | DEBUG    | Fragmento 6/6 armazenado (6 de 6 recebidos)
2026-01-04 20:32:39.709 | INFO     |  Mensagem reconstruída: 947 bytes (6 fragmentos)
2026-01-04 20:32:39.710 | DEBUG    | FragmentReassembler resetado
2026-01-04 20:32:39.711 | DEBUG    |  AUTH mensagem completa: 947 bytes
2026-01-04 20:32:39.860 | DEBUG    | Resposta auth lida do buffer: 947 bytes
2026-01-04 20:32:39.861 | DEBUG    |  Recebido: AuthMessage(type=CHALLENGE, payload=944 bytes)
2026-01-04 20:32:39.861 | INFO     |  Challenge recebido - processando certificado + challenge...
2026-01-04 20:32:39.863 | INFO     |  Extraindo certificado do peer do payload...
2026-01-04 20:32:39.872 | DEBUG    |  Assinatura da CA válida
2026-01-04 20:32:39.882 | DEBUG    |  Certificado válido temporalmente (expira em 2036-01-02 00:44:34+00:00)
2026-01-04 20:32:39.884 | INFO     |  Certificado validado com sucesso
2026-01-04 20:32:39.888 | INFO     |  Certificado do peer validado!
2026-01-04 20:32:39.890 | INFO     |    Peer NID: 4e127252...
2026-01-04 20:32:39.892 | INFO     |    Peer tipo: SINK
2026-01-04 20:32:39.893 | DEBUG    |    Challenge: 2019f0873a233e9044cb2cae6c9b68a7...
2026-01-04 20:32:39.893 | INFO     |   Assinando dados:
2026-01-04 20:32:39.895 | INFO     |    Data: 32 bytes | 2019f0873a233e9044cb2cae6c9b68a7770a3e52dacc7b4b393aedd43c8c00f2...
2026-01-04 20:32:39.901 | INFO     |    Signature: 138 bytes | 308187024200ae54c44d9e787c06e38f6ba9aaaa1e5594c9d5f921ac6777e4db...
2026-01-04 20:32:39.901 | INFO     |   Response gerada: 138 bytes
2026-01-04 20:32:39.902 | DEBUG    |    Estado: CHALLENGE_RECEIVED
2026-01-04 20:32:39.902 | DEBUG    |  Enviando resposta (141 bytes)
2026-01-04 20:32:39.902 | DEBUG    | Mensagem pequena (141 bytes), 1 fragmento
2026-01-04 20:32:39.902 | DEBUG    | Enviando mensagem auth: 141 bytes em 1 fragmento(s)
2026-01-04 20:32:39.904 | INFO     | [OP-20260104_202909-0059] WRITE_REQUEST | Remote: E0:D3:62:D7:47:03 | Char: 12340004-0000-1000-8000-00805f9b34fb | Data: 144 bytes | Hex: 03000103008a308187024200ae54c44d9e787c06e38f6ba9aaaa1e5594c9d5f921ac6777e4db273d9394de038c442259e53008a3f9fd7129b47ab05ddad702c8 | ASCII: ......0...B..T.M.x|...k....U....!.gw..'=.....D"Y.0....q).z.].... [TRUNCATED]
2026-01-04 20:32:39.977 | DEBUG    |  Write via SimpleBLE: 12340004-0000-1000-8000-00805f9b34fb (144 bytes)
2026-01-04 20:32:39.978 | INFO     | [OP-20260104_202909-0060] WRITE_SUCCESS | Remote: E0:D3:62:D7:47:03 | Char: 12340004-0000-1000-8000-00805f9b34fb
2026-01-04 20:32:39.979 | DEBUG    |   Fragmento 1/1 enviado
2026-01-04 20:32:39.980 | DEBUG    | Autenticação round 2/10
2026-01-04 20:32:39.981 | INFO     | [OP-20260104_202909-0061] NOTIFICATION | Remote: E0:D3:62:D7:47:03 | Char: 12340004-0000-1000-8000-00805f9b34fb | Data: 6 bytes | Hex: 030001040000 | ASCII: ......
2026-01-04 20:32:39.982 | DEBUG    |  AUTH indication recebida: 6 bytes
2026-01-04 20:32:39.983 | DEBUG    | Fragmento recebido: seq=0, total=1, payload=3 bytes, flags=0x03
2026-01-04 20:32:39.983 | INFO     | Iniciando recepção de 1 fragmentos
2026-01-04 20:32:39.984 | DEBUG    | Fragmento 1/1 armazenado (1 de 1 recebidos)
2026-01-04 20:32:39.985 | INFO     |  Mensagem reconstruída: 3 bytes (1 fragmentos)
2026-01-04 20:32:39.986 | DEBUG    | FragmentReassembler resetado
2026-01-04 20:32:39.987 | DEBUG    |  AUTH mensagem completa: 3 bytes
2026-01-04 20:32:40.479 | INFO     | [OP-20260104_202909-0062] NOTIFICATION | Remote: E0:D3:62:D7:47:03 | Char: 12340001-0000-1000-8000-00805f9b34fb | Data: 236 bytes | Hex: 4e127252bd1a4c50860cf05dce3e7b174e127252bd1a4c50860cf05dce3e7b1702010000002bb7ac92d90f025e489074fece093febba6d16e9112791b6d457c7 | ASCII: N.rR..LP...].>{.N.rR..LP...].>{......+......^H.t...?..m...'...W. [TRUNCATED]
2026-01-04 20:32:40.480 | DEBUG    |  Pacote recebido de uplink: 4e127252... → 4e127252... (type=MessageType(2), ttl=1)
2026-01-04 20:32:40.481 | DEBUG    | Novo source 4e127252...: seq=43 (primeiro pacote)
2026-01-04 20:32:40.481 | DEBUG    | Learning new route: 4e127252... → uplink
2026-01-04 20:32:40.482 | DEBUG    |  Aprendido: 4e127252... → uplink
2026-01-04 20:32:40.483 | INFO     |  Entregando localmente: 4e127252... → 4e127252... (type=MessageType(2), 166 bytes)
2026-01-04 20:32:40.484 | INFO     | Sink NID identificado: 4e127252...
2026-01-04 20:32:40.484 | DEBUG    | Novo source 4e127252...: seq=43 (primeiro pacote)
2026-01-04 20:32:40.485 | WARNING  |   Certificado do Sink não disponível para verificação
2026-01-04 20:32:40.486 | DEBUG    |    hasattr _sink_cert: False
2026-01-04 20:32:40.486 | ERROR    |  Assinatura de heartbeat inválida!
2026-01-04 20:32:40.488 | DEBUG    | Resposta auth lida do buffer: 3 bytes
2026-01-04 20:32:40.489 | DEBUG    |  Recebido: AuthMessage(type=AUTH_SUCCESS, payload=0 bytes)
2026-01-04 20:32:40.490 | INFO     |  Peer confirmou autenticação bem sucedida!
2026-01-04 20:32:40.492 | INFO     |  Autenticação bem-sucedida!
2026-01-04 20:32:40.500 | DEBUG    |  Session key derivada: 32 bytes
2026-01-04 20:32:40.501 | INFO     |  Session key estabelecida
2026-01-04 20:32:40.503 | DEBUG    |  Session key configurada para porta uplink
2026-01-04 20:32:40.503 | INFO     |  Session key configurada no Router Daemon
2026-01-04 20:32:40.505 | INFO     |  Certificado do Sink armazenado para verificação de heartbeats
2026-01-04 20:32:40.506 | INFO     | DTLSChannel criado (client) com certificado node_a40543fa_cert.pem
2026-01-04 20:32:40.508 | INFO     | Estabelecendo canal DTLS...
2026-01-04 20:32:40.517 | INFO     |  Canal DTLS estabelecido com sucesso
2026-01-04 20:32:40.519 | INFO     |  Canal DTLS end-to-end estabelecido com Sink
2026-01-04 20:32:40.520 | INFO     |  Chave de encriptação end-to-end derivada (AES-256-GCM)
2026-01-04 20:32:40.521 | INFO     |  Chave de encriptação end-to-end derivada
2026-01-04 20:32:40.521 | DEBUG    |  Re-registando advertising após conexão uplink...
2026-01-04 20:32:40.525 | DEBUG    |  Advertisement desregistado
2026-01-04 20:32:40.676 | DEBUG    | RegisterAdvertisement chamado (tentativa 1, delay 0.15s)
2026-01-04 20:32:40.684 | DEBUG    | GetAll called on /org/bluez/iot/advertisement0
2026-01-04 20:32:40.685 | INFO     |  Advertising com ServiceUUIDs: ['12340000-0000-1000-8000-00805f9b34fb']
2026-01-04 20:32:40.691 | DEBUG    |   Tentativa 1 falhou: org.bluez.Error.Failed: Failed to register advertisement
2026-01-04 20:32:45.469 | INFO     | [OP-20260104_202909-0063] NOTIFICATION | Remote: E0:D3:62:D7:47:03 | Char: 12340001-0000-1000-8000-00805f9b34fb | Data: 236 bytes | Hex: 4e127252bd1a4c50860cf05dce3e7b174e127252bd1a4c50860cf05dce3e7b1702010000002cd9dad0b0c102c6c97b6b1f61b47387bf8f5464ce9d4f044c71b5 | ASCII: N.rR..LP...].>{.N.rR..LP...].>{......,........{k.a.s...Td..O.Lq. [TRUNCATED]
2026-01-04 20:32:45.471 | DEBUG    |  Pacote recebido de uplink: 4e127252... → 4e127252... (type=MessageType(2), ttl=1)
2026-01-04 20:32:45.471 | DEBUG    | Source 4e127252...: seq=44 (novo highest, window: 2 seqs)
2026-01-04 20:32:45.472 | DEBUG    |  Aprendido: 4e127252... → uplink
2026-01-04 20:32:45.472 | INFO     |  Entregando localmente: 4e127252... → 4e127252... (type=MessageType(2), 166 bytes)
2026-01-04 20:32:45.473 | DEBUG    | Source 4e127252...: seq=44 (novo highest, window: 2 seqs)
2026-01-04 20:32:45.474 | DEBUG    |  Verificando assinatura: sig_len=138, signature_raw_len=138
2026-01-04 20:32:45.474 | INFO     |  Verificando heartbeat:
2026-01-04 20:32:45.475 | INFO     |    Sink NID: 4e127252bd1a4c50860cf05dce3e7b17
2026-01-04 20:32:45.476 | INFO     |    Timestamp: 1767558765.4548888
2026-01-04 20:32:45.477 | INFO     |    Data to verify: 4e127252bd1a4c50860cf05dce3e7b1741da56b39b5d1ce6
2026-01-04 20:32:45.477 | INFO     |  Verificando assinatura:
2026-01-04 20:32:45.478 | INFO     |    Data: 24 bytes | 4e127252bd1a4c50860cf05dce3e7b1741da56b39b5d1ce6...
2026-01-04 20:32:45.480 | INFO     |    Signature: 138 bytes | 308187024201fff49aed01bb9a11a56c4687c046a4c7f571691968ce750e40c8...
2026-01-04 20:32:45.489 | INFO     |  Assinatura verificada com sucesso!
2026-01-04 20:32:45.491 | DEBUG    |  Assinatura de heartbeat válida
2026-01-04 20:32:45.491 | DEBUG    |  Heartbeat recebido (seq=44, age=0.04s)
2026-01-04 20:32:50.509 | INFO     | [OP-20260104_202909-0064] NOTIFICATION | Remote: E0:D3:62:D7:47:03 | Char: 12340001-0000-1000-8000-00805f9b34fb | Data: 236 bytes | Hex: 4e127252bd1a4c50860cf05dce3e7b174e127252bd1a4c50860cf05dce3e7b1702010000002d90277ae342b30567f9b28ffa1f6dc171073fafb7005ab2c28a3a | ASCII: N.rR..LP...].>{.N.rR..LP...].>{......-.'z.B..g.....m.q.?...Z...: [TRUNCATED]
2026-01-04 20:32:50.510 | DEBUG    |  Pacote recebido de uplink: 4e127252... → 4e127252... (type=MessageType(2), ttl=1)
2026-01-04 20:32:50.511 | DEBUG    | Source 4e127252...: seq=45 (novo highest, window: 3 seqs)
2026-01-04 20:32:50.511 | DEBUG    |  Aprendido: 4e127252... → uplink
2026-01-04 20:32:50.512 | INFO     |  Entregando localmente: 4e127252... → 4e127252... (type=MessageType(2), 166 bytes)
2026-01-04 20:32:50.513 | DEBUG    | Source 4e127252...: seq=45 (novo highest, window: 3 seqs)
2026-01-04 20:32:50.513 | DEBUG    |  Verificando assinatura: sig_len=139, signature_raw_len=139
2026-01-04 20:32:50.514 | INFO     |  Verificando heartbeat:
2026-01-04 20:32:50.515 | INFO     |    Sink NID: 4e127252bd1a4c50860cf05dce3e7b17
2026-01-04 20:32:50.516 | INFO     |    Timestamp: 1767558770.4548674
2026-01-04 20:32:50.517 | INFO     |    Data to verify: 4e127252bd1a4c50860cf05dce3e7b1741da56b39c9d1c8c
2026-01-04 20:32:50.518 | INFO     |  Verificando assinatura:
2026-01-04 20:32:50.518 | INFO     |    Data: 24 bytes | 4e127252bd1a4c50860cf05dce3e7b1741da56b39c9d1c8c...
2026-01-04 20:32:50.519 | INFO     |    Signature: 139 bytes | 308188024201e25d1685446bf836c412116bae4f140d86bd9cc3757062542aec...
2026-01-04 20:32:50.529 | INFO     |  Assinatura verificada com sucesso!
2026-01-04 20:32:50.531 | DEBUG    |  Assinatura de heartbeat válida
2026-01-04 20:32:50.531 | DEBUG    |  Heartbeat recebido (seq=45, age=0.08s)
2026-01-04 20:32:55.461 | INFO     | [OP-20260104_202909-0065] NOTIFICATION | Remote: E0:D3:62:D7:47:03 | Char: 12340001-0000-1000-8000-00805f9b34fb | Data: 236 bytes | Hex: 4e127252bd1a4c50860cf05dce3e7b174e127252bd1a4c50860cf05dce3e7b1702010000002e1c222678925e3383118967e9007657f86ea8f68c5c5b4770e529 | ASCII: N.rR..LP...].>{.N.rR..LP...].>{........"&x.^3...g..vW.n...\[Gp.) [TRUNCATED]
2026-01-04 20:32:55.462 | DEBUG    |  Pacote recebido de uplink: 4e127252... → 4e127252... (type=MessageType(2), ttl=1)
2026-01-04 20:32:55.463 | DEBUG    | Source 4e127252...: seq=46 (novo highest, window: 4 seqs)
2026-01-04 20:32:55.464 | DEBUG    |  Aprendido: 4e127252... → uplink
2026-01-04 20:32:55.464 | INFO     |  Entregando localmente: 4e127252... → 4e127252... (type=MessageType(2), 166 bytes)
2026-01-04 20:32:55.465 | DEBUG    | Source 4e127252...: seq=46 (novo highest, window: 4 seqs)
2026-01-04 20:32:55.466 | DEBUG    |  Verificando assinatura: sig_len=138, signature_raw_len=138
2026-01-04 20:32:55.466 | INFO     |  Verificando heartbeat:
2026-01-04 20:32:55.467 | INFO     |    Sink NID: 4e127252bd1a4c50860cf05dce3e7b17
2026-01-04 20:32:55.468 | INFO     |    Timestamp: 1767558775.45485
2026-01-04 20:32:55.468 | INFO     |    Data to verify: 4e127252bd1a4c50860cf05dce3e7b1741da56b39ddd1c43
2026-01-04 20:32:55.469 | INFO     |  Verificando assinatura:
2026-01-04 20:32:55.470 | INFO     |    Data: 24 bytes | 4e127252bd1a4c50860cf05dce3e7b1741da56b39ddd1c43...
2026-01-04 20:32:55.471 | INFO     |    Signature: 138 bytes | 3081870242012fe8d4e4d13ad2574e68de548b0200709c54029aa9b8094dda42...
2026-01-04 20:32:55.479 | INFO     |  Assinatura verificada com sucesso!
2026-01-04 20:32:55.481 | DEBUG    |  Assinatura de heartbeat válida
2026-01-04 20:32:55.482 | DEBUG    |  Heartbeat recebido (seq=46, age=0.03s)
2026-01-04 20:33:00.500 | INFO     | [OP-20260104_202909-0066] NOTIFICATION | Remote: E0:D3:62:D7:47:03 | Char: 12340001-0000-1000-8000-00805f9b34fb | Data: 236 bytes | Hex: 4e127252bd1a4c50860cf05dce3e7b174e127252bd1a4c50860cf05dce3e7b1702010000002f87de890153ce87dd4a4a676c2cd04c9d2e9890c53a86e846e91b | ASCII: N.rR..LP...].>{.N.rR..LP...].>{....../....S...JJgl,.L.....:..F.. [TRUNCATED]
2026-01-04 20:33:00.502 | DEBUG    |  Pacote recebido de uplink: 4e127252... → 4e127252... (type=MessageType(2), ttl=1)
2026-01-04 20:33:00.502 | DEBUG    | Source 4e127252...: seq=47 (novo highest, window: 5 seqs)
2026-01-04 20:33:00.503 | DEBUG    |  Aprendido: 4e127252... → uplink
2026-01-04 20:33:00.503 | INFO     |  Entregando localmente: 4e127252... → 4e127252... (type=MessageType(2), 166 bytes)
2026-01-04 20:33:00.504 | DEBUG    | Source 4e127252...: seq=47 (novo highest, window: 5 seqs)
2026-01-04 20:33:00.505 | DEBUG    |  Verificando assinatura: sig_len=139, signature_raw_len=139
2026-01-04 20:33:00.505 | INFO     |  Verificando heartbeat:
2026-01-04 20:33:00.506 | INFO     |    Sink NID: 4e127252bd1a4c50860cf05dce3e7b17
2026-01-04 20:33:00.507 | INFO     |    Timestamp: 1767558780.4547849
2026-01-04 20:33:00.508 | INFO     |    Data to verify: 4e127252bd1a4c50860cf05dce3e7b1741da56b39f1d1b32
2026-01-04 20:33:00.508 | INFO     |  Verificando assinatura:
2026-01-04 20:33:00.509 | INFO     |    Data: 24 bytes | 4e127252bd1a4c50860cf05dce3e7b1741da56b39f1d1b32...
2026-01-04 20:33:00.510 | INFO     |    Signature: 139 bytes | 308188024200f3fde33ad2849c2744801f7d825df3d7abd616ecc43576a6f05f...
2026-01-04 20:33:00.519 | INFO     |  Assinatura verificada com sucesso!
2026-01-04 20:33:00.520 | DEBUG    |  Assinatura de heartbeat válida
2026-01-04 20:33:00.521 | DEBUG    |  Heartbeat recebido (seq=47, age=0.07s)
2026-01-04 20:33:05.496 | INFO     | [OP-20260104_202909-0067] NOTIFICATION | Remote: E0:D3:62:D7:47:03 | Char: 12340001-0000-1000-8000-00805f9b34fb | Data: 236 bytes | Hex: 4e127252bd1a4c50860cf05dce3e7b174e127252bd1a4c50860cf05dce3e7b170201000000302cc1d7cb6e93c410c1c538e893d41d89074be5c794a4f8bee587 | ASCII: N.rR..LP...].>{.N.rR..LP...].>{......0,...n.....8......K........ [TRUNCATED]
2026-01-04 20:33:05.498 | DEBUG    |  Pacote recebido de uplink: 4e127252... → 4e127252... (type=MessageType(2), ttl=1)
2026-01-04 20:33:05.498 | DEBUG    | Source 4e127252...: seq=48 (novo highest, window: 6 seqs)
2026-01-04 20:33:05.499 | DEBUG    |  Aprendido: 4e127252... → uplink
2026-01-04 20:33:05.499 | INFO     |  Entregando localmente: 4e127252... → 4e127252... (type=MessageType(2), 166 bytes)
2026-01-04 20:33:05.500 | DEBUG    | Source 4e127252...: seq=48 (novo highest, window: 6 seqs)
2026-01-04 20:33:05.501 | DEBUG    |  Verificando assinatura: sig_len=138, signature_raw_len=138
2026-01-04 20:33:05.501 | INFO     |  Verificando heartbeat:
2026-01-04 20:33:05.502 | INFO     |    Sink NID: 4e127252bd1a4c50860cf05dce3e7b17
2026-01-04 20:33:05.503 | INFO     |    Timestamp: 1767558785.4548728
2026-01-04 20:33:05.504 | INFO     |    Data to verify: 4e127252bd1a4c50860cf05dce3e7b1741da56b3a05d1ca3
2026-01-04 20:33:05.504 | INFO     |  Verificando assinatura:
2026-01-04 20:33:05.505 | INFO     |    Data: 24 bytes | 4e127252bd1a4c50860cf05dce3e7b1741da56b3a05d1ca3...
2026-01-04 20:33:05.506 | INFO     |    Signature: 138 bytes | 30818702411761610a1737b9695b9be062efa7dbdc5130163e02870ed8c62ead...
2026-01-04 20:33:05.514 | INFO     |  Assinatura verificada com sucesso!
2026-01-04 20:33:05.517 | DEBUG    |  Assinatura de heartbeat válida
2026-01-04 20:33:05.517 | DEBUG    |  Heartbeat recebido (seq=48, age=0.06s)
2026-01-04 20:33:10.490 | INFO     | [OP-20260104_202909-0068] NOTIFICATION | Remote: E0:D3:62:D7:47:03 | Char: 12340001-0000-1000-8000-00805f9b34fb | Data: 236 bytes | Hex: 4e127252bd1a4c50860cf05dce3e7b174e127252bd1a4c50860cf05dce3e7b170201000000310de91c52a3830fe5259b22306bf4fac92e31133f677b251bec3b | ASCII: N.rR..LP...].>{.N.rR..LP...].>{......1...R....%."0k....1.?g{%..; [TRUNCATED]
2026-01-04 20:33:10.491 | DEBUG    |  Pacote recebido de uplink: 4e127252... → 4e127252... (type=MessageType(2), ttl=1)
2026-01-04 20:33:10.492 | DEBUG    | Source 4e127252...: seq=49 (novo highest, window: 7 seqs)
2026-01-04 20:33:10.492 | DEBUG    |  Aprendido: 4e127252... → uplink
2026-01-04 20:33:10.493 | INFO     |  Entregando localmente: 4e127252... → 4e127252... (type=MessageType(2), 166 bytes)
2026-01-04 20:33:10.494 | DEBUG    | Source 4e127252...: seq=49 (novo highest, window: 7 seqs)
2026-01-04 20:33:10.494 | DEBUG    |  Verificando assinatura: sig_len=139, signature_raw_len=139
2026-01-04 20:33:10.495 | INFO     |  Verificando heartbeat:
2026-01-04 20:33:10.496 | INFO     |    Sink NID: 4e127252bd1a4c50860cf05dce3e7b17
2026-01-04 20:33:10.497 | INFO     |    Timestamp: 1767558790.4542806
2026-01-04 20:33:10.498 | INFO     |    Data to verify: 4e127252bd1a4c50860cf05dce3e7b1741da56b3a19d12ef
2026-01-04 20:33:10.498 | INFO     |  Verificando assinatura:
2026-01-04 20:33:10.499 | INFO     |    Data: 24 bytes | 4e127252bd1a4c50860cf05dce3e7b1741da56b3a19d12ef...
2026-01-04 20:33:10.500 | INFO     |    Signature: 139 bytes | 30818802420112c820d0d6b2c64a3574fb325f58c8d27871b67fd5a972edaf29...
2026-01-04 20:33:10.509 | INFO     |  Assinatura verificada com sucesso!
2026-01-04 20:33:10.512 | DEBUG    |  Assinatura de heartbeat válida
2026-01-04 20:33:10.512 | DEBUG    |  Heartbeat recebido (seq=49, age=0.06s)
2026-01-04 20:33:15.486 | INFO     | [OP-20260104_202909-0069] NOTIFICATION | Remote: E0:D3:62:D7:47:03 | Char: 12340001-0000-1000-8000-00805f9b34fb | Data: 236 bytes | Hex: 4e127252bd1a4c50860cf05dce3e7b174e127252bd1a4c50860cf05dce3e7b17020100000032fef9b04abb17a4e75f6711f47468a92b40cfff91cc23a40b1526 | ASCII: N.rR..LP...].>{.N.rR..LP...].>{......2...J...._g..th.+@....#...& [TRUNCATED]
2026-01-04 20:33:15.487 | DEBUG    |  Pacote recebido de uplink: 4e127252... → 4e127252... (type=MessageType(2), ttl=1)
2026-01-04 20:33:15.488 | DEBUG    | Source 4e127252...: seq=50 (novo highest, window: 8 seqs)
2026-01-04 20:33:15.488 | DEBUG    |  Aprendido: 4e127252... → uplink
2026-01-04 20:33:15.489 | INFO     |  Entregando localmente: 4e127252... → 4e127252... (type=MessageType(2), 166 bytes)
2026-01-04 20:33:15.490 | DEBUG    | Source 4e127252...: seq=50 (novo highest, window: 8 seqs)
2026-01-04 20:33:15.491 | DEBUG    |  Verificando assinatura: sig_len=139, signature_raw_len=139
2026-01-04 20:33:15.491 | INFO     |  Verificando heartbeat:
2026-01-04 20:33:15.492 | INFO     |    Sink NID: 4e127252bd1a4c50860cf05dce3e7b17
2026-01-04 20:33:15.493 | INFO     |    Timestamp: 1767558795.4548283
2026-01-04 20:33:15.494 | INFO     |    Data to verify: 4e127252bd1a4c50860cf05dce3e7b1741da56b3a2dd1be8
2026-01-04 20:33:15.495 | INFO     |  Verificando assinatura:
2026-01-04 20:33:15.496 | INFO     |    Data: 24 bytes | 4e127252bd1a4c50860cf05dce3e7b1741da56b3a2dd1be8...
2026-01-04 20:33:15.497 | INFO     |    Signature: 139 bytes | 30818802420157d7ea3c551eab2051fa1de9a8e202622edf36dcd2e9ddb9d1a0...
2026-01-04 20:33:15.505 | INFO     |  Assinatura verificada com sucesso!
2026-01-04 20:33:15.507 | DEBUG    |  Assinatura de heartbeat válida
2026-01-04 20:33:15.507 | DEBUG    |  Heartbeat recebido (seq=50, age=0.05s)
2026-01-04 20:33:20.481 | INFO     | [OP-20260104_202909-0070] NOTIFICATION | Remote: E0:D3:62:D7:47:03 | Char: 12340001-0000-1000-8000-00805f9b34fb | Data: 236 bytes | Hex: 4e127252bd1a4c50860cf05dce3e7b174e127252bd1a4c50860cf05dce3e7b17020100000033ebe773f84b76d1afb1fe09e99c5266d597fb85883377b88c30e0 | ASCII: N.rR..LP...].>{.N.rR..LP...].>{......3..s.Kv.......Rf.....3w..0. [TRUNCATED]
2026-01-04 20:33:20.482 | DEBUG    |  Pacote recebido de uplink: 4e127252... → 4e127252... (type=MessageType(2), ttl=1)
2026-01-04 20:33:20.483 | DEBUG    | Source 4e127252...: seq=51 (novo highest, window: 9 seqs)
2026-01-04 20:33:20.483 | DEBUG    |  Aprendido: 4e127252... → uplink
2026-01-04 20:33:20.484 | INFO     |  Entregando localmente: 4e127252... → 4e127252... (type=MessageType(2), 166 bytes)
2026-01-04 20:33:20.485 | DEBUG    | Source 4e127252...: seq=51 (novo highest, window: 9 seqs)
2026-01-04 20:33:20.485 | DEBUG    |  Verificando assinatura: sig_len=138, signature_raw_len=138
2026-01-04 20:33:20.486 | INFO     |  Verificando heartbeat:
2026-01-04 20:33:20.487 | INFO     |    Sink NID: 4e127252bd1a4c50860cf05dce3e7b17
2026-01-04 20:33:20.488 | INFO     |    Timestamp: 1767558800.4548259
2026-01-04 20:33:20.489 | INFO     |    Data to verify: 4e127252bd1a4c50860cf05dce3e7b1741da56b3a41d1bde
2026-01-04 20:33:20.490 | INFO     |  Verificando assinatura:
2026-01-04 20:33:20.491 | INFO     |    Data: 24 bytes | 4e127252bd1a4c50860cf05dce3e7b1741da56b3a41d1bde...
2026-01-04 20:33:20.492 | INFO     |    Signature: 138 bytes | 308187024101ec556462b141396f8a23ae2b36e0405df5c93ea099d053650a9b...
2026-01-04 20:33:20.500 | INFO     |  Assinatura verificada com sucesso!
2026-01-04 20:33:20.502 | DEBUG    |  Assinatura de heartbeat válida
2026-01-04 20:33:20.503 | DEBUG    |  Heartbeat recebido (seq=51, age=0.05s)
2026-01-04 20:33:25.478 | INFO     | [OP-20260104_202909-0071] NOTIFICATION | Remote: E0:D3:62:D7:47:03 | Char: 12340001-0000-1000-8000-00805f9b34fb | Data: 236 bytes | Hex: 4e127252bd1a4c50860cf05dce3e7b174e127252bd1a4c50860cf05dce3e7b170201000000346157149718d87720af3715c9c5baad2037e1a6eec0f26e5432fe | ASCII: N.rR..LP...].>{.N.rR..LP...].>{......4aW....w .7..... 7.....nT2. [TRUNCATED]
2026-01-04 20:33:25.480 | DEBUG    |  Pacote recebido de uplink: 4e127252... → 4e127252... (type=MessageType(2), ttl=1)
2026-01-04 20:33:25.480 | DEBUG    | Source 4e127252...: seq=52 (novo highest, window: 10 seqs)
2026-01-04 20:33:25.481 | DEBUG    |  Aprendido: 4e127252... → uplink
2026-01-04 20:33:25.482 | INFO     |  Entregando localmente: 4e127252... → 4e127252... (type=MessageType(2), 166 bytes)
2026-01-04 20:33:25.483 | DEBUG    | Source 4e127252...: seq=52 (novo highest, window: 10 seqs)
2026-01-04 20:33:25.483 | DEBUG    |  Verificando assinatura: sig_len=138, signature_raw_len=138
2026-01-04 20:33:25.484 | INFO     |  Verificando heartbeat:
2026-01-04 20:33:25.485 | INFO     |    Sink NID: 4e127252bd1a4c50860cf05dce3e7b17
2026-01-04 20:33:25.486 | INFO     |    Timestamp: 1767558805.454831
2026-01-04 20:33:25.487 | INFO     |    Data to verify: 4e127252bd1a4c50860cf05dce3e7b1741da56b3a55d1bf3
2026-01-04 20:33:25.487 | INFO     |  Verificando assinatura:
2026-01-04 20:33:25.488 | INFO     |    Data: 24 bytes | 4e127252bd1a4c50860cf05dce3e7b1741da56b3a55d1bf3...
2026-01-04 20:33:25.489 | INFO     |    Signature: 138 bytes | 308187024161b8d19a13419a43f11fec873222377b88cb23b265b34fd3842827...
2026-01-04 20:33:25.498 | INFO     |  Assinatura verificada com sucesso!
2026-01-04 20:33:25.500 | DEBUG    |  Assinatura de heartbeat válida
2026-01-04 20:33:25.500 | DEBUG    |  Heartbeat recebido (seq=52, age=0.05s)
2026-01-04 20:33:30.472 | INFO     | [OP-20260104_202909-0072] NOTIFICATION | Remote: E0:D3:62:D7:47:03 | Char: 12340001-0000-1000-8000-00805f9b34fb | Data: 236 bytes | Hex: 4e127252bd1a4c50860cf05dce3e7b174e127252bd1a4c50860cf05dce3e7b17020100000035bca520e7f70f8731a56d66eb4649b63b9c94f8cc0ce974df75a9 | ASCII: N.rR..LP...].>{.N.rR..LP...].>{......5.. ....1.mf.FI.;......t.u. [TRUNCATED]
2026-01-04 20:33:30.473 | DEBUG    |  Pacote recebido de uplink: 4e127252... → 4e127252... (type=MessageType(2), ttl=1)
2026-01-04 20:33:30.474 | DEBUG    | Source 4e127252...: seq=53 (novo highest, window: 11 seqs)
2026-01-04 20:33:30.474 | DEBUG    |  Aprendido: 4e127252... → uplink
2026-01-04 20:33:30.475 | INFO     |  Entregando localmente: 4e127252... → 4e127252... (type=MessageType(2), 166 bytes)
2026-01-04 20:33:30.476 | DEBUG    | Source 4e127252...: seq=53 (novo highest, window: 11 seqs)
2026-01-04 20:33:30.476 | DEBUG    |  Verificando assinatura: sig_len=137, signature_raw_len=137
2026-01-04 20:33:30.477 | INFO     |  Verificando heartbeat:
2026-01-04 20:33:30.478 | INFO     |    Sink NID: 4e127252bd1a4c50860cf05dce3e7b17
2026-01-04 20:33:30.478 | INFO     |    Timestamp: 1767558810.4548364
2026-01-04 20:33:30.479 | INFO     |    Data to verify: 4e127252bd1a4c50860cf05dce3e7b1741da56b3a69d1c0a
2026-01-04 20:33:30.480 | INFO     |  Verificando assinatura:
2026-01-04 20:33:30.481 | INFO     |    Data: 24 bytes | 4e127252bd1a4c50860cf05dce3e7b1741da56b3a69d1c0a...
2026-01-04 20:33:30.482 | INFO     |    Signature: 137 bytes | 308186024142c07f01b4d37abe4082f54ce7e612a0a8ca2ebb96debb8f561232...
2026-01-04 20:33:30.490 | INFO     |  Assinatura verificada com sucesso!
2026-01-04 20:33:30.492 | DEBUG    |  Assinatura de heartbeat válida
2026-01-04 20:33:30.493 | DEBUG    |  Heartbeat recebido (seq=53, age=0.04s)
2026-01-04 20:33:35.467 | INFO     | [OP-20260104_202909-0073] NOTIFICATION | Remote: E0:D3:62:D7:47:03 | Char: 12340001-0000-1000-8000-00805f9b34fb | Data: 236 bytes | Hex: 4e127252bd1a4c50860cf05dce3e7b174e127252bd1a4c50860cf05dce3e7b17020100000036233e4d9ab91aa6494731676cd7b93738021782105645f612c11c | ASCII: N.rR..LP...].>{.N.rR..LP...].>{......6#>M....IG1gl..78....VE.... [TRUNCATED]
2026-01-04 20:33:35.468 | DEBUG    |  Pacote recebido de uplink: 4e127252... → 4e127252... (type=MessageType(2), ttl=1)
2026-01-04 20:33:35.469 | DEBUG    | Source 4e127252...: seq=54 (novo highest, window: 12 seqs)
2026-01-04 20:33:35.470 | DEBUG    |  Aprendido: 4e127252... → uplink
2026-01-04 20:33:35.470 | INFO     |  Entregando localmente: 4e127252... → 4e127252... (type=MessageType(2), 166 bytes)
2026-01-04 20:33:35.471 | DEBUG    | Source 4e127252...: seq=54 (novo highest, window: 12 seqs)
2026-01-04 20:33:35.471 | DEBUG    |  Verificando assinatura: sig_len=139, signature_raw_len=139
2026-01-04 20:33:35.472 | INFO     |  Verificando heartbeat:
2026-01-04 20:33:35.473 | INFO     |    Sink NID: 4e127252bd1a4c50860cf05dce3e7b17
2026-01-04 20:33:35.473 | INFO     |    Timestamp: 1767558815.4548445
2026-01-04 20:33:35.475 | INFO     |    Data to verify: 4e127252bd1a4c50860cf05dce3e7b1741da56b3a7dd1c2c
2026-01-04 20:33:35.476 | INFO     |  Verificando assinatura:
2026-01-04 20:33:35.477 | INFO     |    Data: 24 bytes | 4e127252bd1a4c50860cf05dce3e7b1741da56b3a7dd1c2c...
2026-01-04 20:33:35.478 | INFO     |    Signature: 139 bytes | 308188024200a2bad3491de850c456c5a1516b46c9d49b8d50f52bf13ec9c42a...
2026-01-04 20:33:35.487 | INFO     |  Assinatura verificada com sucesso!
2026-01-04 20:33:35.488 | DEBUG    |  Assinatura de heartbeat válida
2026-01-04 20:33:35.489 | DEBUG    |  Heartbeat recebido (seq=54, age=0.03s)
2026-01-04 20:33:40.462 | INFO     | [OP-20260104_202909-0074] NOTIFICATION | Remote: E0:D3:62:D7:47:03 | Char: 12340001-0000-1000-8000-00805f9b34fb | Data: 236 bytes | Hex: 4e127252bd1a4c50860cf05dce3e7b174e127252bd1a4c50860cf05dce3e7b17020100000037f93f9005323dcb48b11ca7288f187ebc9c9cd50132d3842488bb | ASCII: N.rR..LP...].>{.N.rR..LP...].>{......7.?..2=.H...(..~.....2..$.. [TRUNCATED]
2026-01-04 20:33:40.463 | DEBUG    |  Pacote recebido de uplink: 4e127252... → 4e127252... (type=MessageType(2), ttl=1)
2026-01-04 20:33:40.464 | DEBUG    | Source 4e127252...: seq=55 (novo highest, window: 13 seqs)
2026-01-04 20:33:40.464 | DEBUG    |  Aprendido: 4e127252... → uplink
2026-01-04 20:33:40.465 | INFO     |  Entregando localmente: 4e127252... → 4e127252... (type=MessageType(2), 166 bytes)
2026-01-04 20:33:40.466 | DEBUG    | Source 4e127252...: seq=55 (novo highest, window: 13 seqs)
2026-01-04 20:33:40.466 | DEBUG    |  Verificando assinatura: sig_len=139, signature_raw_len=139
2026-01-04 20:33:40.466 | INFO     |  Verificando heartbeat:
2026-01-04 20:33:40.467 | INFO     |    Sink NID: 4e127252bd1a4c50860cf05dce3e7b17
2026-01-04 20:33:40.467 | INFO     |    Timestamp: 1767558820.4534588
2026-01-04 20:33:40.467 | INFO     |    Data to verify: 4e127252bd1a4c50860cf05dce3e7b1741da56b3a91d0578
2026-01-04 20:33:40.467 | INFO     |  Verificando assinatura:
2026-01-04 20:33:40.467 | INFO     |    Data: 24 bytes | 4e127252bd1a4c50860cf05dce3e7b1741da56b3a91d0578...
2026-01-04 20:33:40.468 | INFO     |    Signature: 139 bytes | 308188024201b7a7a9fd3677243a27a0711410549f838cb09fe0f7940a5fb497...
2026-01-04 20:33:40.470 | INFO     |  Assinatura verificada com sucesso!
2026-01-04 20:33:40.470 | DEBUG    |  Assinatura de heartbeat válida
2026-01-04 20:33:40.470 | DEBUG    |  Heartbeat recebido (seq=55, age=0.02s)
2026-01-04 20:33:45.458 | INFO     | [OP-20260104_202909-0075] NOTIFICATION | Remote: E0:D3:62:D7:47:03 | Char: 12340001-0000-1000-8000-00805f9b34fb | Data: 236 bytes | Hex: 4e127252bd1a4c50860cf05dce3e7b174e127252bd1a4c50860cf05dce3e7b1702010000003886b1ebeb4b1813820b290f04f75014669e14d0d2cfac499cb2da | ASCII: N.rR..LP...].>{.N.rR..LP...].>{......8....K....)...P.f......I... [TRUNCATED]
2026-01-04 20:33:45.459 | DEBUG    |  Pacote recebido de uplink: 4e127252... → 4e127252... (type=MessageType(2), ttl=1)
2026-01-04 20:33:45.460 | DEBUG    | Source 4e127252...: seq=56 (novo highest, window: 14 seqs)
2026-01-04 20:33:45.461 | DEBUG    |  Aprendido: 4e127252... → uplink
2026-01-04 20:33:45.461 | INFO     |  Entregando localmente: 4e127252... → 4e127252... (type=MessageType(2), 166 bytes)
2026-01-04 20:33:45.462 | DEBUG    | Source 4e127252...: seq=56 (novo highest, window: 14 seqs)
2026-01-04 20:33:45.463 | DEBUG    |  Verificando assinatura: sig_len=139, signature_raw_len=139
2026-01-04 20:33:45.463 | INFO     |  Verificando heartbeat:
2026-01-04 20:33:45.464 | INFO     |    Sink NID: 4e127252bd1a4c50860cf05dce3e7b17
2026-01-04 20:33:45.465 | INFO     |    Timestamp: 1767558825.450361
2026-01-04 20:33:45.465 | INFO     |    Data to verify: 4e127252bd1a4c50860cf05dce3e7b1741da56b3aa5cd2b7
2026-01-04 20:33:45.466 | INFO     |  Verificando assinatura:
2026-01-04 20:33:45.467 | INFO     |    Data: 24 bytes | 4e127252bd1a4c50860cf05dce3e7b1741da56b3aa5cd2b7...
2026-01-04 20:33:45.468 | INFO     |    Signature: 139 bytes | 308188024200a7f4204b93edf4c30046007c90b12594dc9ea142d012bb602976...
2026-01-04 20:33:45.478 | INFO     |  Assinatura verificada com sucesso!
2026-01-04 20:33:45.479 | DEBUG    |  Assinatura de heartbeat válida
2026-01-04 20:33:45.480 | DEBUG    |  Heartbeat recebido (seq=56, age=0.03s)
2026-01-04 20:33:49.243 | INFO     | A parar Node...
2026-01-04 20:33:49.245 | INFO     | A parar GATT Server...
2026-01-04 20:33:49.248 | INFO     |  GATT Server parado
2026-01-04 20:33:52.042 | INFO     | Desconectado de E0:D3:62:D7:47:03
2026-01-04 20:33:52.044 | INFO     | [OP-20260104_202909-0076] DISCONNECT | Remote: E0:D3:62:D7:47:03 | Reason: normal
2026-01-04 20:33:52.046 | INFO     |  Node parado
2026-01-04 20:33:52.052 | WARNING  |   Conexão perdida com Sink
2026-01-04 20:33:52.057 | DEBUG    | Nenhum downlink para desconectar
