2026-01-03 01:54:18.603 | INFO     | BLE Operation Logger iniciado: ble_operations_E0D362D6EEA0_20260103_015418.log
2026-01-03 01:54:18.604 | INFO     | Scanner BLE iniciado: hci0 (E0:D3:62:D6:EE:A0)
2026-01-03 01:54:18.605 | INFO     | BLE Client iniciado
2026-01-03 01:54:18.607 | DEBUG    | FragmentReassembler inicializado
2026-01-03 01:54:18.607 | INFO     | IoT Node inicializado (adapter=hci0)
2026-01-03 01:54:18.608 | INFO     | A configurar GATT Server...
2026-01-03 01:54:18.611 | INFO     | Application criada: /
2026-01-03 01:54:18.611 | INFO     | Service criado: /0 (UUID: 12340000-0000-1000-8000-00805f9b34fb, primary: True)
2026-01-03 01:54:18.611 | INFO     | A criar IoTNetworkService...
2026-01-03 01:54:18.612 | DEBUG    | Characteristic criada: /0/char0 (UUID: 12340001-0000-1000-8000-00805f9b34fb, flags: ['write', 'notify'])
2026-01-03 01:54:18.612 | INFO     | NetworkPacketCharacteristic criada
2026-01-03 01:54:18.612 | DEBUG    | Characteristic criada: /0/char1 (UUID: 12340002-0000-1000-8000-00805f9b34fb, flags: ['read'])
2026-01-03 01:54:18.613 | INFO     | DeviceInfoCharacteristic criada: NID=74383752..., type=node
2026-01-03 01:54:18.615 | DEBUG    | Characteristic criada: /0/char2 (UUID: 12340003-0000-1000-8000-00805f9b34fb, flags: ['read', 'notify'])
2026-01-03 01:54:18.615 | INFO     | NeighborTableCharacteristic criada
2026-01-03 01:54:18.615 | DEBUG    | Characteristic criada: /0/char3 (UUID: 12340004-0000-1000-8000-00805f9b34fb, flags: ['write', 'indicate'])
2026-01-03 01:54:18.615 | INFO     | AuthCharacteristic criada
2026-01-03 01:54:18.616 | DEBUG    | Characteristic adicionada a /0: /0/char0
2026-01-03 01:54:18.616 | DEBUG    | Characteristic adicionada a /0: /0/char1
2026-01-03 01:54:18.616 | DEBUG    | Characteristic adicionada a /0: /0/char2
2026-01-03 01:54:18.616 | DEBUG    | Characteristic adicionada a /0: /0/char3
2026-01-03 01:54:18.617 | INFO     | ✅ IoTNetworkService criado com sucesso!
2026-01-03 01:54:18.618 | INFO     | Service adicionado à aplicação: /0
2026-01-03 01:54:18.619 | DEBUG    | Packet callback definido
2026-01-03 01:54:18.620 | DEBUG    | Auth callback definido
2026-01-03 01:54:18.620 | INFO     | Advertisement criado: /org/bluez/iot/advertisement0 (type: peripheral)
2026-01-03 01:54:18.621 | INFO     | ✅ Service UUID adicionado ao advertising: 12340000-0000-1000-8000-00805f9b34fb
2026-01-03 01:54:18.622 | INFO     |    Lista atual de UUIDs: ['12340000-0000-1000-8000-00805f9b34fb']
2026-01-03 01:54:18.622 | DEBUG    | Local name definido: IoT-Node-74383752
2026-01-03 01:54:18.623 | DEBUG    | Manufacturer data adicionado: ID=65535
2026-01-03 01:54:18.623 | INFO     | ✅ GATT Server configurado
2026-01-03 01:54:18.623 | INFO     | A iniciar GATT Server...
2026-01-03 01:54:18.625 | INFO     | ✅ GATT Server iniciado em thread separada
2026-01-03 01:54:18.626 | INFO     | ✅ Node Device iniciado - CLI interativo pronto
2026-01-03 01:54:18.654 | DEBUG    | GetManagedObjects called
2026-01-03 01:54:18.654 | DEBUG    | GetManagedObjects returning 5 objects
2026-01-03 01:54:18.790 | INFO     | ✅ GATT application registada!
2026-01-03 01:54:18.791 | DEBUG    | GetAll called on /org/bluez/iot/advertisement0
2026-01-03 01:54:18.792 | INFO     | 📡 Advertising com ServiceUUIDs: ['12340000-0000-1000-8000-00805f9b34fb']
2026-01-03 01:54:18.892 | INFO     | ✅ Advertisement registado!
2026-01-03 01:54:25.441 | INFO     | A fazer scan BLE durante 5000ms...
2026-01-03 01:54:25.442 | INFO     | [OP-20260103_015418-0001] SCAN_START | Duration: 5000ms | Filter_IoT: True
2026-01-03 01:54:30.561 | DEBUG    |   Encontrado: IoT-Sink-54c225f2 (E0:D3:62:D7:47:03) RSSI: -44 dBm
2026-01-03 01:54:30.561 | INFO     | Scan concluído: 1 dispositivos encontrados
2026-01-03 01:54:30.563 | INFO     | [OP-20260103_015418-0002] SCAN_RESULT | Devices_Found: 1
2026-01-03 01:54:30.565 | DEBUG    | [OP-20260103_015418-0002]   Device_1: Name: IoT-Sink-54c225f2 | Address: E0:D3:62:D7:47:03 | RSSI: -44 dBm | Services: 1
2026-01-03 01:54:30.565 | INFO     | A fazer scan BLE durante 5000ms...
2026-01-03 01:54:30.567 | INFO     | [OP-20260103_015418-0003] SCAN_START | Duration: 5000ms | Filter_IoT: True
2026-01-03 01:54:35.684 | INFO     | Scan concluído: 0 dispositivos encontrados
2026-01-03 01:54:35.685 | INFO     | [OP-20260103_015418-0004] SCAN_RESULT | Devices_Found: 0
2026-01-03 01:54:41.647 | INFO     | A conectar ao Sink E0:D3:62:D7:47:03...
2026-01-03 01:54:41.649 | DEBUG    | Peripheral E0:D3:62:D7:47:03 não está em cache, fazendo scan rápido...
2026-01-03 01:54:43.762 | ERROR    | Dispositivo E0:D3:62:D7:47:03 não encontrado mesmo após scan
2026-01-03 01:54:43.764 | ERROR    | ❌ Falha ao conectar ao Sink
2026-01-03 01:54:48.363 | INFO     | A conectar ao Sink E0:D3:62:D7:47:03...
2026-01-03 01:54:48.364 | DEBUG    | Peripheral E0:D3:62:D7:47:03 não está em cache, fazendo scan rápido...
2026-01-03 01:54:50.477 | ERROR    | Dispositivo E0:D3:62:D7:47:03 não encontrado mesmo após scan
2026-01-03 01:54:50.479 | ERROR    | ❌ Falha ao conectar ao Sink
2026-01-03 01:54:56.348 | INFO     | A fazer scan BLE durante 5000ms...
2026-01-03 01:54:56.349 | INFO     | [OP-20260103_015418-0005] SCAN_START | Duration: 5000ms | Filter_IoT: True
2026-01-03 01:55:01.557 | DEBUG    |   Encontrado: IoT-Sink-54c225f2 (E0:D3:62:D7:47:03) RSSI: -46 dBm
2026-01-03 01:55:01.557 | INFO     | Scan concluído: 1 dispositivos encontrados
2026-01-03 01:55:01.558 | INFO     | [OP-20260103_015418-0006] SCAN_RESULT | Devices_Found: 1
2026-01-03 01:55:01.558 | DEBUG    | [OP-20260103_015418-0006]   Device_1: Name: IoT-Sink-54c225f2 | Address: E0:D3:62:D7:47:03 | RSSI: -46 dBm | Services: 1
2026-01-03 01:55:01.559 | INFO     | A fazer scan BLE durante 5000ms...
2026-01-03 01:55:01.559 | INFO     | [OP-20260103_015418-0007] SCAN_START | Duration: 5000ms | Filter_IoT: True
2026-01-03 01:55:06.579 | INFO     | Scan concluído: 0 dispositivos encontrados
2026-01-03 01:55:06.580 | INFO     | [OP-20260103_015418-0008] SCAN_RESULT | Devices_Found: 0
2026-01-03 01:55:09.583 | INFO     | A conectar ao Sink E0:D3:62:D7:47:03...
2026-01-03 01:55:09.585 | DEBUG    | Peripheral E0:D3:62:D7:47:03 não está em cache, fazendo scan rápido...
2026-01-03 01:55:11.697 | ERROR    | Dispositivo E0:D3:62:D7:47:03 não encontrado mesmo após scan
2026-01-03 01:55:11.698 | ERROR    | ❌ Falha ao conectar ao Sink
2026-01-03 01:55:16.532 | INFO     | A conectar ao Sink E0:D3:62:D7:47:03...
2026-01-03 01:55:16.534 | DEBUG    | Peripheral E0:D3:62:D7:47:03 não está em cache, fazendo scan rápido...
2026-01-03 01:55:18.642 | DEBUG    | Peripheral E0:D3:62:D7:47:03 encontrado após scan
2026-01-03 01:55:18.643 | DEBUG    | BLEConnection criada para E0:D3:62:D7:47:03
2026-01-03 01:55:18.643 | INFO     | A conectar a E0:D3:62:D7:47:03...
2026-01-03 01:55:18.644 | INFO     | [OP-20260103_015418-0009] CONNECT_ATTEMPT | Local: E0:D3:62:D6:EE:A0 | Remote: E0:D3:62:D7:47:03
2026-01-03 01:55:22.403 | INFO     | ✅ Conectado a E0:D3:62:D7:47:03
2026-01-03 01:55:22.404 | INFO     | [OP-20260103_015418-0010] CONNECT_SUCCESS | Remote: E0:D3:62:D7:47:03 | Time: 3752.72ms
2026-01-03 01:55:22.405 | DEBUG    | ✅ Conexão estabelecida. Operações GATT usarão D-Bus se necessário.
2026-01-03 01:55:22.406 | INFO     | ✅ Conectado ao Sink via GATT
2026-01-03 01:55:22.409 | DEBUG    | Descobertos 4 serviços
2026-01-03 01:55:22.414 | DEBUG    | Serviço 12340000-0000-1000-8000-00805f9b34fb encontrado
2026-01-03 01:55:22.414 | INFO     | ✅ Serviço IoT Network encontrado
2026-01-03 01:55:22.416 | INFO     | A subscrever a notificações...
2026-01-03 01:55:22.866 | INFO     | ✅ Subscrito a notificações: 12340001-0000-1000-8000-00805f9b34fb
2026-01-03 01:55:22.867 | INFO     | [OP-20260103_015418-0011] SUBSCRIBE_SUCCESS | Remote: E0:D3:62:D7:47:03 | Char: 12340001-0000-1000-8000-00805f9b34fb
2026-01-03 01:55:22.868 | INFO     | ✅ Subscrito a NETWORK_PACKET
2026-01-03 01:55:22.869 | DEBUG    | [OP-20260103_015418-0012] READ_REQUEST | Remote: E0:D3:62:D7:47:03 | Service: 12340000-0000-1000-8000-00805f9b34fb | Char: 12340002-0000-1000-8000-00805f9b34fb
2026-01-03 01:55:22.955 | DEBUG    | Read 12340002-0000-1000-8000-00805f9b34fb: 18 bytes
2026-01-03 01:55:22.955 | INFO     | [OP-20260103_015418-0013] READ_RESPONSE | Remote: E0:D3:62:D7:47:03 | Char: 12340002-0000-1000-8000-00805f9b34fb | Data: 18 bytes | Hex: 54c225f24e894134bf27c5e9148e17c1ff01 | ASCII: T.%.N.A4.'........
2026-01-03 01:55:22.956 | INFO     | ✅ Conectado ao Sink - hop_count=0
2026-01-03 01:55:22.958 | INFO     | 🔐 A iniciar autenticação com Sink...
2026-01-03 01:55:22.959 | DEBUG    | 📡 A subscrever a AUTH characteristic...
2026-01-03 01:55:23.044 | INFO     | ✅ Subscrito a notificações: 12340004-0000-1000-8000-00805f9b34fb
2026-01-03 01:55:23.045 | INFO     | [OP-20260103_015418-0014] SUBSCRIBE_SUCCESS | Remote: E0:D3:62:D7:47:03 | Char: 12340004-0000-1000-8000-00805f9b34fb
2026-01-03 01:55:23.045 | DEBUG    | ✅ Subscrito a AUTH indications
2026-01-03 01:55:23.045 | INFO     | AuthenticationProtocol inicializado para 74383752...
2026-01-03 01:55:23.046 | INFO     | 📤 Enviando certificado...
2026-01-03 01:55:23.046 | INFO     | 🔐 Iniciando autenticação - enviando certificado...
2026-01-03 01:55:23.047 | INFO     |    Certificado: 887 bytes
2026-01-03 01:55:23.047 | DEBUG    |    Estado: IDLE → CERT_SENT
2026-01-03 01:55:23.048 | INFO     | Fragmentando mensagem de 890 bytes em 5 fragmentos
2026-01-03 01:55:23.048 | DEBUG    |   Fragmento 1/5: 180 bytes, flags=0x01
2026-01-03 01:55:23.048 | DEBUG    |   Fragmento 2/5: 180 bytes, flags=0x00
2026-01-03 01:55:23.048 | DEBUG    |   Fragmento 3/5: 180 bytes, flags=0x00
2026-01-03 01:55:23.049 | DEBUG    |   Fragmento 4/5: 180 bytes, flags=0x00
2026-01-03 01:55:23.049 | DEBUG    |   Fragmento 5/5: 170 bytes, flags=0x02
2026-01-03 01:55:23.049 | DEBUG    | Enviando mensagem auth: 890 bytes em 5 fragmento(s)
2026-01-03 01:55:23.052 | INFO     | [OP-20260103_015418-0015] WRITE_REQUEST | Remote: E0:D3:62:D7:47:03 | Char: 12340004-0000-1000-8000-00805f9b34fb | Data: 183 bytes | Hex: 0100050103772d2d2d2d2d424547494e2043455254494649434154452d2d2d2d2d0a4d4949435954434341634b674177494241674955503456317a7156365177 | ASCII: .....w-----BEGIN CERTIFICATE-----.MIICYTCCAcKgAwIBAgIUP4V1zqV6Qw [TRUNCATED]
2026-01-03 01:55:23.133 | DEBUG    | ✅ Write via SimpleBLE: 12340004-0000-1000-8000-00805f9b34fb (183 bytes)
2026-01-03 01:55:23.134 | INFO     | [OP-20260103_015418-0016] WRITE_SUCCESS | Remote: E0:D3:62:D7:47:03 | Char: 12340004-0000-1000-8000-00805f9b34fb
2026-01-03 01:55:23.138 | DEBUG    |   Fragmento 1/5 enviado
2026-01-03 01:55:23.242 | INFO     | [OP-20260103_015418-0017] WRITE_REQUEST | Remote: E0:D3:62:D7:47:03 | Char: 12340004-0000-1000-8000-00805f9b34fb | Data: 183 bytes | Hex: 0001054d446b6c765643424f5a58523362334a7249454e424d423458445449324d4445774d6a45794e446b304d316f580a44544d314d54497a4d5445794e446b | ASCII: ...MDklvVCBOZXR3b3JrIENBMB4XDTI2MDEwMjEyNDk0M1oX.DTM1MTIzMTEyNDk [TRUNCATED]
2026-01-03 01:55:23.315 | DEBUG    | ✅ Write via SimpleBLE: 12340004-0000-1000-8000-00805f9b34fb (183 bytes)
2026-01-03 01:55:23.315 | INFO     | [OP-20260103_015418-0018] WRITE_SUCCESS | Remote: E0:D3:62:D7:47:03 | Char: 12340004-0000-1000-8000-00805f9b34fb
2026-01-03 01:55:23.316 | DEBUG    |   Fragmento 2/5 enviado
2026-01-03 01:55:23.418 | INFO     | [OP-20260103_015418-0019] WRITE_REQUEST | Remote: E0:D3:62:D7:47:03 | Char: 12340004-0000-1000-8000-00805f9b34fb | Data: 183 bytes | Hex: 000205675a7377454159484b6f5a497a6a3043415159464b34454541434d4467595941424145694e696357395555554c7a5a7a31477641556d77426e636f670a | ASCII: ...gZswEAYHKoZIzj0CAQYFK4EEACMDgYYABAEiNicW9UUULzZz1GvAUmwBncog. [TRUNCATED]
2026-01-03 01:55:23.493 | DEBUG    | ✅ Write via SimpleBLE: 12340004-0000-1000-8000-00805f9b34fb (183 bytes)
2026-01-03 01:55:23.494 | INFO     | [OP-20260103_015418-0020] WRITE_SUCCESS | Remote: E0:D3:62:D7:47:03 | Char: 12340004-0000-1000-8000-00805f9b34fb
2026-01-03 01:55:23.494 | DEBUG    |   Fragmento 3/5 enviado
2026-01-03 01:55:23.601 | INFO     | [OP-20260103_015418-0021] WRITE_REQUEST | Remote: E0:D3:62:D7:47:03 | Char: 12340004-0000-1000-8000-00805f9b34fb | Data: 183 bytes | Hex: 0003056f394a6e616a4d494f760a734344654e443674516a39337452687558446a6d524b4d344d44597744415944565230544151482f424149774144414f4267 | ASCII: ...o9JnajMIOv.sCDeND6tQj93tRhuXDjmRKM4MDYwDAYDVR0TAQH/BAIwADAOBg [TRUNCATED]
2026-01-03 01:55:23.673 | DEBUG    | ✅ Write via SimpleBLE: 12340004-0000-1000-8000-00805f9b34fb (183 bytes)
2026-01-03 01:55:23.676 | INFO     | [OP-20260103_015418-0022] WRITE_SUCCESS | Remote: E0:D3:62:D7:47:03 | Char: 12340004-0000-1000-8000-00805f9b34fb
2026-01-03 01:55:23.680 | DEBUG    |   Fragmento 4/5 enviado
2026-01-03 01:55:23.782 | INFO     | [OP-20260103_015418-0023] WRITE_REQUEST | Remote: E0:D3:62:D7:47:03 | Char: 12340004-0000-1000-8000-00805f9b34fb | Data: 173 bytes | Hex: 0204056c466935494f443142454578567254414b2b776c774e2b676a0a4e3249572b3450556a78466643654f6152762b794a3734435167452b4654787a433554 | ASCII: ...lFi5IOD1BEExVrTAK+wlwN+gj.N2IW+4PUjxFfCeOaRv+yJ74CQgE+FTxzC5T [TRUNCATED]
2026-01-03 01:55:23.898 | DEBUG    | ✅ Write via SimpleBLE: 12340004-0000-1000-8000-00805f9b34fb (173 bytes)
2026-01-03 01:55:23.899 | INFO     | [OP-20260103_015418-0024] NOTIFICATION | Remote: E0:D3:62:D7:47:03 | Char: 12340004-0000-1000-8000-00805f9b34fb | Data: 183 bytes | Hex: 0100060203b00000038c2d2d2d2d2d424547494e2043455254494649434154452d2d2d2d2d0a4d494943634443434164476741774942416749554a787a6b7455 | ASCII: ..........-----BEGIN CERTIFICATE-----.MIICcDCCAdGgAwIBAgIUJxzktU [TRUNCATED]
2026-01-03 01:55:23.900 | DEBUG    | 🔐 AUTH indication recebida: 183 bytes
2026-01-03 01:55:23.900 | DEBUG    | Fragmento recebido: seq=0, total=6, payload=180 bytes, flags=0x01
2026-01-03 01:55:23.899 | INFO     | [OP-20260103_015418-0025] WRITE_SUCCESS | Remote: E0:D3:62:D7:47:03 | Char: 12340004-0000-1000-8000-00805f9b34fb
2026-01-03 01:55:23.901 | DEBUG    |   Fragmento 5/5 enviado
2026-01-03 01:55:23.901 | INFO     | Iniciando recepção de 6 fragmentos
2026-01-03 01:55:23.903 | DEBUG    | Fragmento 1/6 armazenado (1 de 6 recebidos)
2026-01-03 01:55:23.904 | DEBUG    | 🔐 Aguardando mais fragmentos AUTH...
2026-01-03 01:55:23.989 | INFO     | [OP-20260103_015418-0026] NOTIFICATION | Remote: E0:D3:62:D7:47:03 | Char: 12340004-0000-1000-8000-00805f9b34fb | Data: 183 bytes | Hex: 0001065642414d4d446b6c765643424f5a58523362334a7249454e424d423458445449324d4445774d6a45794e446b7a4d6c6f580a44544d314d54497a4d5445 | ASCII: ...VBAMMDklvVCBOZXR3b3JrIENBMB4XDTI2MDEwMjEyNDkzMloX.DTM1MTIzMTE [TRUNCATED]
2026-01-03 01:55:23.990 | DEBUG    | 🔐 AUTH indication recebida: 183 bytes
2026-01-03 01:55:23.990 | DEBUG    | Fragmento recebido: seq=1, total=6, payload=180 bytes, flags=0x00
2026-01-03 01:55:23.990 | DEBUG    | Fragmento 2/6 armazenado (2 de 6 recebidos)
2026-01-03 01:55:23.990 | DEBUG    | 🔐 Aguardando mais fragmentos AUTH...
2026-01-03 01:55:24.003 | DEBUG    | Autenticação round 1/10
2026-01-03 01:55:24.082 | INFO     | [OP-20260103_015418-0027] NOTIFICATION | Remote: E0:D3:62:D7:47:03 | Char: 12340004-0000-1000-8000-00805f9b34fb | Data: 183 bytes | Hex: 000206597a45784454414c42674e564241734d42464e70626d7377675a7377454159484b6f5a497a6a3043415159464b34454541434d44675959414241415377 | ASCII: ...YzExDTALBgNVBAsMBFNpbmswgZswEAYHKoZIzj0CAQYFK4EEACMDgYYABAASw [TRUNCATED]
2026-01-03 01:55:24.083 | DEBUG    | 🔐 AUTH indication recebida: 183 bytes
2026-01-03 01:55:24.083 | DEBUG    | Fragmento recebido: seq=2, total=6, payload=180 bytes, flags=0x00
2026-01-03 01:55:24.083 | DEBUG    | Fragmento 3/6 armazenado (3 de 6 recebidos)
2026-01-03 01:55:24.083 | DEBUG    | 🔐 Aguardando mais fragmentos AUTH...
2026-01-03 01:55:24.173 | INFO     | [OP-20260103_015418-0028] NOTIFICATION | Remote: E0:D3:62:D7:47:03 | Char: 12340004-0000-1000-8000-00805f9b34fb | Data: 183 bytes | Hex: 000306386e6a795a48523051644f4375300a6f4e41363237777a484f3239624a6f6b67614b4c486e66436d2b505643727934344a64307a434d4e50614d344d44 | ASCII: ...8njyZHR0QdOCu0.oNA627wzHO29bJokgaKLHnfCm+PVCry44Jd0zCMNPaM4MD [TRUNCATED]
2026-01-03 01:55:24.174 | DEBUG    | 🔐 AUTH indication recebida: 183 bytes
2026-01-03 01:55:24.175 | DEBUG    | Fragmento recebido: seq=3, total=6, payload=180 bytes, flags=0x00
2026-01-03 01:55:24.175 | DEBUG    | Fragmento 4/6 armazenado (4 de 6 recebidos)
2026-01-03 01:55:24.175 | DEBUG    | 🔐 Aguardando mais fragmentos AUTH...
2026-01-03 01:55:24.261 | INFO     | [OP-20260103_015418-0029] NOTIFICATION | Remote: E0:D3:62:D7:47:03 | Char: 12340001-0000-1000-8000-00805f9b34fb | Data: 236 bytes | Hex: 54c225f24e894134bf27c5e9148e17c154c225f24e894134bf27c5e9148e17c1020100000010f7f46f38bcf3809a224b56ef313e943b74ba3f47963a8aa2d263 | ASCII: T.%.N.A4.'......T.%.N.A4.'..............o8...."KV.1>.;t.?G.:...c [TRUNCATED]
2026-01-03 01:55:24.262 | INFO     | Sink NID identificado: 54c225f2...
2026-01-03 01:55:24.263 | DEBUG    | Novo source 54c225f2...: seq=16 (primeiro pacote)
2026-01-03 01:55:24.264 | WARNING  | ⚠️  Certificado do Sink não disponível para verificação
2026-01-03 01:55:24.264 | DEBUG    |    hasattr _sink_cert: False
2026-01-03 01:55:24.265 | ERROR    | ❌ Assinatura de heartbeat inválida!
2026-01-03 01:55:24.308 | INFO     | [OP-20260103_015418-0030] NOTIFICATION | Remote: E0:D3:62:D7:47:03 | Char: 12340004-0000-1000-8000-00805f9b34fb | Data: 183 bytes | Hex: 00040634706d4967797a644e615a4e4a506a66796561623859385839394141680a6158316663585374655142344b476a74343969626571735a70734d59754675 | ASCII: ...4pmIgyzdNaZNJPjfyeab8Y8X99AAh.aX1fcXSteQB4KGjt49ibeqsZpsMYuFu [TRUNCATED]
2026-01-03 01:55:24.309 | DEBUG    | 🔐 AUTH indication recebida: 183 bytes
2026-01-03 01:55:24.309 | DEBUG    | Fragmento recebido: seq=4, total=6, payload=180 bytes, flags=0x00
2026-01-03 01:55:24.309 | DEBUG    | Fragmento 5/6 armazenado (5 de 6 recebidos)
2026-01-03 01:55:24.310 | DEBUG    | 🔐 Aguardando mais fragmentos AUTH...
2026-01-03 01:55:24.396 | INFO     | [OP-20260103_015418-0031] NOTIFICATION | Remote: E0:D3:62:D7:47:03 | Char: 12340004-0000-1000-8000-00805f9b34fb | Data: 50 bytes | Hex: 0205065254494649434154452d2d2d2d2d0a93bcc7ac76c31db44c1a1a49edc2f1104d4c96e4b25442377354c415ced7cfd8 | ASCII: ...RTIFICATE-----.....v...L..I....ML...TB7sT......
2026-01-03 01:55:24.397 | DEBUG    | 🔐 AUTH indication recebida: 50 bytes
2026-01-03 01:55:24.398 | DEBUG    | Fragmento recebido: seq=5, total=6, payload=47 bytes, flags=0x02
2026-01-03 01:55:24.398 | DEBUG    | Fragmento 6/6 armazenado (6 de 6 recebidos)
2026-01-03 01:55:24.398 | INFO     | ✅ Mensagem reconstruída: 947 bytes (6 fragmentos)
2026-01-03 01:55:24.400 | DEBUG    | FragmentReassembler resetado
2026-01-03 01:55:24.400 | DEBUG    | 🔐 AUTH mensagem completa: 947 bytes
2026-01-03 01:55:24.505 | DEBUG    | Resposta auth lida do buffer: 947 bytes
2026-01-03 01:55:24.505 | DEBUG    | 📨 Recebido: AuthMessage(type=CHALLENGE, payload=944 bytes)
2026-01-03 01:55:24.506 | INFO     | 🎲 Challenge recebido - processando certificado + challenge...
2026-01-03 01:55:24.506 | INFO     | 📜 Extraindo certificado do peer do payload...
2026-01-03 01:55:24.545 | DEBUG    | ✅ Assinatura da CA válida
2026-01-03 01:55:24.546 | DEBUG    | ✅ Certificado válido temporalmente (expira em 2035-12-31 12:49:32+00:00)
2026-01-03 01:55:24.546 | INFO     | ✅ Certificado validado com sucesso
2026-01-03 01:55:24.549 | INFO     | ✅ Certificado do peer validado!
2026-01-03 01:55:24.550 | INFO     |    Peer NID: 54c225f2...
2026-01-03 01:55:24.550 | INFO     |    Peer tipo: SINK
2026-01-03 01:55:24.551 | DEBUG    |    Challenge: 93bcc7ac76c31db44c1a1a49edc2f110...
2026-01-03 01:55:24.551 | INFO     | ✍️  Assinando dados:
2026-01-03 01:55:24.552 | INFO     |    Data: 32 bytes | 93bcc7ac76c31db44c1a1a49edc2f1104d4c96e4b25442377354c415ced7cfd8...
2026-01-03 01:55:24.556 | INFO     |    Signature: 138 bytes | 308187024201f27fafb577cce3f4d327c501e8cf8b7244f2066d249bbb54fe45...
2026-01-03 01:55:24.558 | INFO     | ✍️  Response gerada: 138 bytes
2026-01-03 01:55:24.559 | DEBUG    |    Estado: CHALLENGE_RECEIVED
2026-01-03 01:55:24.560 | DEBUG    | 📤 Enviando resposta (141 bytes)
2026-01-03 01:55:24.560 | DEBUG    | Mensagem pequena (141 bytes), 1 fragmento
2026-01-03 01:55:24.560 | DEBUG    | Enviando mensagem auth: 141 bytes em 1 fragmento(s)
2026-01-03 01:55:24.562 | INFO     | [OP-20260103_015418-0032] WRITE_REQUEST | Remote: E0:D3:62:D7:47:03 | Char: 12340004-0000-1000-8000-00805f9b34fb | Data: 144 bytes | Hex: 03000103008a308187024201f27fafb577cce3f4d327c501e8cf8b7244f2066d249bbb54fe4519ab6143bc14d69bb385b6f4b750b55ecd46ec53253d2e5a09dc | ASCII: ......0...B.....w....'.....rD..m$..T.E..aC.........P.^.F.S%=.Z.. [TRUNCATED]
2026-01-03 01:55:24.618 | DEBUG    | ✅ Write via SimpleBLE: 12340004-0000-1000-8000-00805f9b34fb (144 bytes)
2026-01-03 01:55:24.619 | INFO     | [OP-20260103_015418-0033] WRITE_SUCCESS | Remote: E0:D3:62:D7:47:03 | Char: 12340004-0000-1000-8000-00805f9b34fb
2026-01-03 01:55:24.620 | DEBUG    |   Fragmento 1/1 enviado
2026-01-03 01:55:24.620 | DEBUG    | Autenticação round 2/10
2026-01-03 01:55:24.620 | INFO     | [OP-20260103_015418-0034] NOTIFICATION | Remote: E0:D3:62:D7:47:03 | Char: 12340004-0000-1000-8000-00805f9b34fb | Data: 6 bytes | Hex: 030001040000 | ASCII: ......
2026-01-03 01:55:24.621 | DEBUG    | 🔐 AUTH indication recebida: 6 bytes
2026-01-03 01:55:24.621 | DEBUG    | Fragmento recebido: seq=0, total=1, payload=3 bytes, flags=0x03
2026-01-03 01:55:24.621 | INFO     | Iniciando recepção de 1 fragmentos
2026-01-03 01:55:24.622 | DEBUG    | Fragmento 1/1 armazenado (1 de 1 recebidos)
2026-01-03 01:55:24.622 | INFO     | ✅ Mensagem reconstruída: 3 bytes (1 fragmentos)
2026-01-03 01:55:24.625 | DEBUG    | FragmentReassembler resetado
2026-01-03 01:55:24.628 | DEBUG    | 🔐 AUTH mensagem completa: 3 bytes
2026-01-03 01:55:25.120 | DEBUG    | Resposta auth lida do buffer: 3 bytes
2026-01-03 01:55:25.121 | DEBUG    | 📨 Recebido: AuthMessage(type=AUTH_SUCCESS, payload=0 bytes)
2026-01-03 01:55:25.121 | INFO     | ✅ Peer confirmou autenticação bem sucedida!
2026-01-03 01:55:25.124 | INFO     | ✅ Autenticação bem-sucedida!
2026-01-03 01:55:25.163 | DEBUG    | 🔑 Session key derivada: 32 bytes
2026-01-03 01:55:25.164 | INFO     | 🔑 Session key estabelecida
2026-01-03 01:55:25.165 | INFO     | ✅ Certificado do Sink armazenado para verificação de heartbeats
2026-01-03 01:55:25.166 | ERROR    | ❌ Erro durante autenticação: 'str' object has no attribute 'name'
2026-01-03 01:55:29.254 | INFO     | [OP-20260103_015418-0035] NOTIFICATION | Remote: E0:D3:62:D7:47:03 | Char: 12340001-0000-1000-8000-00805f9b34fb | Data: 236 bytes | Hex: 54c225f24e894134bf27c5e9148e17c154c225f24e894134bf27c5e9148e17c1020100000011d95a31d794ededfca62ad898291a3057adce961f17fbf6a8e4ca | ASCII: T.%.N.A4.'......T.%.N.A4.'.............Z1......*..).0W.......... [TRUNCATED]
2026-01-03 01:55:29.260 | DEBUG    | Source 54c225f2...: seq=17 (novo highest, window: 2 seqs)
2026-01-03 01:55:29.260 | DEBUG    | 🔍 Verificando assinatura: sig_len=138, signature_raw_len=138
2026-01-03 01:55:29.260 | INFO     | 💓 Verificando heartbeat:
2026-01-03 01:55:29.261 | INFO     |    Sink NID: 54c225f24e894134bf27c5e9148e17c1
2026-01-03 01:55:29.266 | INFO     |    Timestamp: 1767405329.3565888
2026-01-03 01:55:29.270 | INFO     |    Data to verify: 54c225f24e894134bf27c5e9148e17c141da561dc456d25a
2026-01-03 01:55:29.273 | INFO     | 🔍 Verificando assinatura:
2026-01-03 01:55:29.277 | INFO     |    Data: 24 bytes | 54c225f24e894134bf27c5e9148e17c141da561dc456d25a...
2026-01-03 01:55:29.279 | INFO     |    Signature: 138 bytes | 308187024200da09e817bd191dfacea52e492eda706e3f9f37acaf9748224c6d...
2026-01-03 01:55:29.282 | INFO     | ✅ Assinatura verificada com sucesso!
2026-01-03 01:55:29.287 | DEBUG    | ✅ Assinatura de heartbeat válida
2026-01-03 01:55:29.287 | DEBUG    | 💓 Heartbeat recebido (seq=17, age=-0.07s)
2026-01-03 01:55:34.251 | INFO     | [OP-20260103_015418-0036] NOTIFICATION | Remote: E0:D3:62:D7:47:03 | Char: 12340001-0000-1000-8000-00805f9b34fb | Data: 236 bytes | Hex: 54c225f24e894134bf27c5e9148e17c154c225f24e894134bf27c5e9148e17c1020100000012fe0bed267b69d732523a56c487f697a43a31c9eff6ad5cb6e6b4 | ASCII: T.%.N.A4.'......T.%.N.A4.'...............&{i.2R:V.....:1....\... [TRUNCATED]
2026-01-03 01:55:34.252 | DEBUG    | Source 54c225f2...: seq=18 (novo highest, window: 3 seqs)
2026-01-03 01:55:34.253 | DEBUG    | 🔍 Verificando assinatura: sig_len=139, signature_raw_len=139
2026-01-03 01:55:34.253 | INFO     | 💓 Verificando heartbeat:
2026-01-03 01:55:34.254 | INFO     |    Sink NID: 54c225f24e894134bf27c5e9148e17c1
2026-01-03 01:55:34.255 | INFO     |    Timestamp: 1767405334.357217
2026-01-03 01:55:34.256 | INFO     |    Data to verify: 54c225f24e894134bf27c5e9148e17c141da561dc596dca5
2026-01-03 01:55:34.257 | INFO     | 🔍 Verificando assinatura:
2026-01-03 01:55:34.258 | INFO     |    Data: 24 bytes | 54c225f24e894134bf27c5e9148e17c141da561dc596dca5...
2026-01-03 01:55:34.259 | INFO     |    Signature: 139 bytes | 308188024201bf916a81bbc3b48f4616a175f9ecd70d505d201bd53da12b629a...
2026-01-03 01:55:34.267 | INFO     | ✅ Assinatura verificada com sucesso!
2026-01-03 01:55:34.268 | DEBUG    | ✅ Assinatura de heartbeat válida
2026-01-03 01:55:34.269 | DEBUG    | 💓 Heartbeat recebido (seq=18, age=-0.09s)
2026-01-03 01:55:35.004 | INFO     | A parar Node...
2026-01-03 01:55:35.005 | INFO     | A parar GATT Server...
