2025-12-29 20:56:41.758 | INFO     | BLE Operation Logger iniciado: ble_operations_A08869B6F7D2_20251229_205641.log
2025-12-29 20:56:41.758 | INFO     | Scanner BLE iniciado: hci0 (A0:88:69:B6:F7:D2)
2025-12-29 20:56:41.759 | INFO     | BLE Client iniciado
2025-12-29 20:56:41.760 | INFO     | BLE Client criado
2025-12-29 20:56:41.760 | INFO     | NeighborDiscovery inicializado: scan_interval=30s, scan_duration=5000ms, timeout=120s
2025-12-29 20:56:41.760 | INFO     | NeighborDiscovery criado
2025-12-29 20:56:41.761 | INFO     | Link Manager iniciado (my_nid=3bc8f3bf...)
2025-12-29 20:56:41.761 | INFO     | LinkManager criado
2025-12-29 20:56:45.907 | INFO     | A iniciar scan de vizinhos...
2025-12-29 20:56:45.908 | DEBUG    | A limpar cache de scan BLE...
2025-12-29 20:56:46.117 | DEBUG    | Cache de scan limpo
2025-12-29 20:56:46.118 | INFO     | A fazer scan BLE durante 5000ms...
2025-12-29 20:56:46.119 | INFO     | [OP-20251229_205641-0001] SCAN_START | Duration: 5000ms | Filter_IoT: True
2025-12-29 20:56:51.144 | DEBUG    |   Encontrado: IoT-Node (E0:D3:62:D6:EE:A0) RSSI: -50 dBm
2025-12-29 20:56:51.146 | INFO     | Scan concluído: 1 dispositivos encontrados
2025-12-29 20:56:51.148 | INFO     | [OP-20251229_205641-0002] SCAN_RESULT | Devices_Found: 1
2025-12-29 20:56:51.149 | DEBUG    | [OP-20251229_205641-0002]   Device_1: Name: IoT-Node | Address: E0:D3:62:D6:EE:A0 | RSSI: -50 dBm | Services: 1
2025-12-29 20:56:51.149 | INFO     | Scan concluído: 1 dispositivos IoT encontrados
2025-12-29 20:56:51.150 | DEBUG    | A conectar a E0:D3:62:D6:EE:A0 para ler DeviceInfo...
2025-12-29 20:56:51.154 | DEBUG    | BLEConnection criada para E0:D3:62:D6:EE:A0
2025-12-29 20:56:51.155 | INFO     | A conectar a E0:D3:62:D6:EE:A0...
2025-12-29 20:56:51.156 | INFO     | [OP-20251229_205641-0003] CONNECT_ATTEMPT | Local: A0:88:69:B6:F7:D2 | Remote: E0:D3:62:D6:EE:A0
2025-12-29 20:56:54.348 | INFO     | ✅ Conectado a E0:D3:62:D6:EE:A0
2025-12-29 20:56:54.348 | INFO     | [OP-20251229_205641-0004] CONNECT_SUCCESS | Remote: E0:D3:62:D6:EE:A0 | Time: 3189.41ms
2025-12-29 20:56:54.349 | DEBUG    | ✅ Conexão estabelecida. Operações GATT usarão D-Bus se necessário.
2025-12-29 20:56:54.349 | DEBUG    | [OP-20251229_205641-0005] READ_REQUEST | Remote: E0:D3:62:D6:EE:A0 | Service: 12340000-0000-1000-8000-00805f9b34fb | Char: 12340002-0000-1000-8000-00805f9b34fb
2025-12-29 20:56:54.859 | DEBUG    | Read 12340002-0000-1000-8000-00805f9b34fb: 18 bytes
2025-12-29 20:56:54.860 | INFO     | [OP-20251229_205641-0006] READ_RESPONSE | Remote: E0:D3:62:D6:EE:A0 | Char: 12340002-0000-1000-8000-00805f9b34fb | Data: 18 bytes | Hex: 315c24bcf0344511a04a37457e12a85f0100 | ASCII: 1\$..4E..J7E~.._..
2025-12-29 20:56:54.861 | INFO     | Vizinho descoberto: E0:D3:62:D6:EE:A0 (315c24bc...) hop=1 rssi=-50dBm type=node disconnected seen=0.0s ago
2025-12-29 20:56:57.317 | INFO     | Desconectado de E0:D3:62:D6:EE:A0
2025-12-29 20:56:57.320 | INFO     | [OP-20251229_205641-0007] DISCONNECT | Remote: E0:D3:62:D6:EE:A0 | Reason: normal
2025-12-29 20:56:57.324 | INFO     | Novo vizinho adicionado: E0:D3:62:D6:EE:A0
2025-12-29 20:57:32.640 | INFO     | A conectar a vizinho E0:D3:62:D6:EE:A0...
2025-12-29 20:57:32.642 | DEBUG    | BLEConnection criada para E0:D3:62:D6:EE:A0
2025-12-29 20:57:32.643 | INFO     | A conectar a E0:D3:62:D6:EE:A0...
2025-12-29 20:57:32.645 | INFO     | [OP-20251229_205641-0008] CONNECT_ATTEMPT | Local: A0:88:69:B6:F7:D2 | Remote: E0:D3:62:D6:EE:A0
2025-12-29 20:57:32.676 | ERROR    | Erro ao conectar a E0:D3:62:D6:EE:A0: The requested operation has failed.
2025-12-29 20:57:32.678 | ERROR    | [OP-20251229_205641-0009] CONNECT_FAILED | Remote: E0:D3:62:D6:EE:A0 | Error: The requested operation has failed.
2025-12-29 20:57:32.680 | DEBUG    | Conexão falhou, tentando refresh do cache e retry...
2025-12-29 20:57:34.795 | ERROR    | Falha ao conectar a E0:D3:62:D6:EE:A0 após todas as tentativas
2025-12-29 20:57:34.796 | ERROR    | Falha ao conectar a E0:D3:62:D6:EE:A0
2025-12-29 20:57:59.063 | INFO     | A iniciar scan de vizinhos...
2025-12-29 20:57:59.065 | DEBUG    | A limpar cache de scan BLE...
2025-12-29 20:57:59.276 | DEBUG    | Cache de scan limpo
2025-12-29 20:57:59.276 | INFO     | A fazer scan BLE durante 5000ms...
2025-12-29 20:57:59.278 | INFO     | [OP-20251229_205641-0010] SCAN_START | Duration: 5000ms | Filter_IoT: True
2025-12-29 20:58:04.394 | INFO     | Scan concluído: 0 dispositivos encontrados
2025-12-29 20:58:04.396 | INFO     | [OP-20251229_205641-0011] SCAN_RESULT | Devices_Found: 0
2025-12-29 20:58:04.397 | INFO     | Scan concluído: 0 dispositivos IoT encontrados
2025-12-29 20:58:08.511 | INFO     | A iniciar scan de vizinhos...
2025-12-29 20:58:08.513 | DEBUG    | A limpar cache de scan BLE...
2025-12-29 20:58:08.723 | DEBUG    | Cache de scan limpo
2025-12-29 20:58:08.724 | INFO     | A fazer scan BLE durante 5000ms...
2025-12-29 20:58:08.725 | INFO     | [OP-20251229_205641-0012] SCAN_START | Duration: 5000ms | Filter_IoT: True
2025-12-29 20:58:13.862 | INFO     | Scan concluído: 0 dispositivos encontrados
2025-12-29 20:58:13.863 | INFO     | [OP-20251229_205641-0013] SCAN_RESULT | Devices_Found: 0
2025-12-29 20:58:13.864 | INFO     | Scan concluído: 0 dispositivos IoT encontrados
2025-12-29 20:58:16.631 | INFO     | A iniciar scan de vizinhos...
2025-12-29 20:58:16.633 | DEBUG    | A limpar cache de scan BLE...
2025-12-29 20:58:16.843 | DEBUG    | Cache de scan limpo
2025-12-29 20:58:16.844 | INFO     | A fazer scan BLE durante 5000ms...
2025-12-29 20:58:16.846 | INFO     | [OP-20251229_205641-0014] SCAN_START | Duration: 5000ms | Filter_IoT: True
2025-12-29 20:58:21.877 | DEBUG    |   Encontrado: IoT-Node (E0:D3:62:D6:EE:A0) RSSI: -50 dBm
2025-12-29 20:58:21.880 | INFO     | Scan concluído: 1 dispositivos encontrados
2025-12-29 20:58:21.881 | INFO     | [OP-20251229_205641-0015] SCAN_RESULT | Devices_Found: 1
2025-12-29 20:58:21.882 | DEBUG    | [OP-20251229_205641-0015]   Device_1: Name: IoT-Node | Address: E0:D3:62:D6:EE:A0 | RSSI: -50 dBm | Services: 1
2025-12-29 20:58:21.883 | INFO     | Scan concluído: 1 dispositivos IoT encontrados
2025-12-29 20:58:21.885 | DEBUG    | A conectar a E0:D3:62:D6:EE:A0 para ler DeviceInfo...
2025-12-29 20:58:21.885 | DEBUG    | BLEConnection criada para E0:D3:62:D6:EE:A0
2025-12-29 20:58:21.886 | INFO     | A conectar a E0:D3:62:D6:EE:A0...
2025-12-29 20:58:21.886 | INFO     | [OP-20251229_205641-0016] CONNECT_ATTEMPT | Local: A0:88:69:B6:F7:D2 | Remote: E0:D3:62:D6:EE:A0
2025-12-29 20:58:25.162 | INFO     | ✅ Conectado a E0:D3:62:D6:EE:A0
2025-12-29 20:58:25.163 | INFO     | [OP-20251229_205641-0017] CONNECT_SUCCESS | Remote: E0:D3:62:D6:EE:A0 | Time: 3271.42ms
2025-12-29 20:58:25.164 | DEBUG    | ✅ Conexão estabelecida. Operações GATT usarão D-Bus se necessário.
2025-12-29 20:58:25.164 | DEBUG    | [OP-20251229_205641-0018] READ_REQUEST | Remote: E0:D3:62:D6:EE:A0 | Service: 12340000-0000-1000-8000-00805f9b34fb | Char: 12340002-0000-1000-8000-00805f9b34fb
2025-12-29 20:58:25.661 | DEBUG    | Read 12340002-0000-1000-8000-00805f9b34fb: 18 bytes
2025-12-29 20:58:25.661 | INFO     | [OP-20251229_205641-0019] READ_RESPONSE | Remote: E0:D3:62:D6:EE:A0 | Char: 12340002-0000-1000-8000-00805f9b34fb | Data: 18 bytes | Hex: 315c24bcf0344511a04a37457e12a85f0100 | ASCII: 1\$..4E..J7E~.._..
2025-12-29 20:58:25.662 | INFO     | Vizinho descoberto: E0:D3:62:D6:EE:A0 (315c24bc...) hop=1 rssi=-50dBm type=node disconnected seen=0.0s ago
2025-12-29 20:58:28.320 | INFO     | Desconectado de E0:D3:62:D6:EE:A0
2025-12-29 20:58:28.321 | INFO     | [OP-20251229_205641-0020] DISCONNECT | Remote: E0:D3:62:D6:EE:A0 | Reason: normal
2025-12-29 20:58:41.877 | INFO     | A conectar a vizinho E0:D3:62:D6:EE:A0...
2025-12-29 20:58:41.879 | DEBUG    | BLEConnection criada para E0:D3:62:D6:EE:A0
2025-12-29 20:58:41.880 | INFO     | A conectar a E0:D3:62:D6:EE:A0...
2025-12-29 20:58:41.881 | INFO     | [OP-20251229_205641-0021] CONNECT_ATTEMPT | Local: A0:88:69:B6:F7:D2 | Remote: E0:D3:62:D6:EE:A0
2025-12-29 20:58:44.780 | INFO     | ✅ Conectado a E0:D3:62:D6:EE:A0
2025-12-29 20:58:44.781 | INFO     | [OP-20251229_205641-0022] CONNECT_SUCCESS | Remote: E0:D3:62:D6:EE:A0 | Time: 2896.14ms
2025-12-29 20:58:44.782 | DEBUG    | ✅ Conexão estabelecida. Operações GATT usarão D-Bus se necessário.
2025-12-29 20:58:44.783 | INFO     | Link criado: Link[E0:D3:62:D6:EE:A0] -> NODE NID=315c24bc... hop=1 (UPLINK)
2025-12-29 20:58:44.785 | INFO     | ✅ Uplink definido: Link[E0:D3:62:D6:EE:A0] -> NODE NID=315c24bc... hop=1
2025-12-29 20:58:44.786 | DEBUG    | HeartbeatMonitor criado: interval=5.0s, max_missed=3
2025-12-29 20:58:45.010 | INFO     | ✅ Subscrito a notificações: 12340001-0000-1000-8000-00805f9b34fb
2025-12-29 20:58:45.012 | INFO     | [OP-20251229_205641-0023] SUBSCRIBE_SUCCESS | Remote: E0:D3:62:D6:EE:A0 | Char: 12340001-0000-1000-8000-00805f9b34fb
2025-12-29 20:58:45.014 | INFO     | 💓 HeartbeatMonitor iniciado: verificação a cada 5.0s, timeout após 3 misses
2025-12-29 20:58:45.014 | INFO     | 💓 Monitoramento de heartbeat iniciado
2025-12-29 20:58:45.015 | INFO     | ✅ Conectado a E0:D3:62:D6:EE:A0 e uplink estabelecido
2025-12-29 20:58:45.016 | DEBUG    | Vizinho E0:D3:62:D6:EE:A0 marcado como conectado
2025-12-29 20:58:45.213 | INFO     | [OP-20251229_205641-0024] NOTIFICATION | Remote: E0:D3:62:D6:EE:A0 | Char: 12340001-0000-1000-8000-00805f9b34fb | Data: 158 bytes | Hex: 315c24bcf0344511a04a37457e12a85f315c24bcf0344511a04a37457e12a85f02010000001d0000000000000000000000000000000000000000000000000000 | ASCII: 1\$..4E..J7E~.._1\$..4E..J7E~.._................................ [TRUNCATED]
2025-12-29 20:58:45.214 | DEBUG    | 📦 Pacote recebido via E0:D3:62:D6:EE:A0: 315c24bc... → 315c24bc... (type=HEARTBEAT, seq=29)
2025-12-29 20:58:45.214 | DEBUG    | 💓 Heartbeat recebido: seq=29
2025-12-29 20:58:45.214 | DEBUG    | 💓 Heartbeat recebido (seq=29)
2025-12-29 20:58:50.216 | INFO     | [OP-20251229_205641-0025] NOTIFICATION | Remote: E0:D3:62:D6:EE:A0 | Char: 12340001-0000-1000-8000-00805f9b34fb | Data: 158 bytes | Hex: 315c24bcf0344511a04a37457e12a85f315c24bcf0344511a04a37457e12a85f02010000001e0000000000000000000000000000000000000000000000000000 | ASCII: 1\$..4E..J7E~.._1\$..4E..J7E~.._................................ [TRUNCATED]
2025-12-29 20:58:50.217 | DEBUG    | 📦 Pacote recebido via E0:D3:62:D6:EE:A0: 315c24bc... → 315c24bc... (type=HEARTBEAT, seq=30)
2025-12-29 20:58:50.218 | DEBUG    | 💓 Heartbeat recebido: seq=30
2025-12-29 20:58:50.218 | DEBUG    | 💓 Heartbeat recebido (seq=30)
2025-12-29 20:58:55.215 | INFO     | [OP-20251229_205641-0026] NOTIFICATION | Remote: E0:D3:62:D6:EE:A0 | Char: 12340001-0000-1000-8000-00805f9b34fb | Data: 158 bytes | Hex: 315c24bcf0344511a04a37457e12a85f315c24bcf0344511a04a37457e12a85f02010000001f0000000000000000000000000000000000000000000000000000 | ASCII: 1\$..4E..J7E~.._1\$..4E..J7E~.._................................ [TRUNCATED]
2025-12-29 20:58:55.216 | DEBUG    | 📦 Pacote recebido via E0:D3:62:D6:EE:A0: 315c24bc... → 315c24bc... (type=HEARTBEAT, seq=31)
2025-12-29 20:58:55.217 | DEBUG    | 💓 Heartbeat recebido: seq=31
2025-12-29 20:58:55.217 | DEBUG    | 💓 Heartbeat recebido (seq=31)
2025-12-29 20:59:00.214 | INFO     | [OP-20251229_205641-0027] NOTIFICATION | Remote: E0:D3:62:D6:EE:A0 | Char: 12340001-0000-1000-8000-00805f9b34fb | Data: 158 bytes | Hex: 315c24bcf0344511a04a37457e12a85f315c24bcf0344511a04a37457e12a85f0201000000200000000000000000000000000000000000000000000000000000 | ASCII: 1\$..4E..J7E~.._1\$..4E..J7E~.._..... .......................... [TRUNCATED]
2025-12-29 20:59:00.216 | DEBUG    | 📦 Pacote recebido via E0:D3:62:D6:EE:A0: 315c24bc... → 315c24bc... (type=HEARTBEAT, seq=32)
2025-12-29 20:59:00.216 | DEBUG    | 💓 Heartbeat recebido: seq=32
2025-12-29 20:59:00.217 | DEBUG    | 💓 Heartbeat recebido (seq=32)
2025-12-29 20:59:05.214 | INFO     | [OP-20251229_205641-0028] NOTIFICATION | Remote: E0:D3:62:D6:EE:A0 | Char: 12340001-0000-1000-8000-00805f9b34fb | Data: 158 bytes | Hex: 315c24bcf0344511a04a37457e12a85f315c24bcf0344511a04a37457e12a85f0201000000210000000000000000000000000000000000000000000000000000 | ASCII: 1\$..4E..J7E~.._1\$..4E..J7E~.._.....!.......................... [TRUNCATED]
2025-12-29 20:59:05.215 | DEBUG    | 📦 Pacote recebido via E0:D3:62:D6:EE:A0: 315c24bc... → 315c24bc... (type=HEARTBEAT, seq=33)
2025-12-29 20:59:05.215 | DEBUG    | 💓 Heartbeat recebido: seq=33
2025-12-29 20:59:05.216 | DEBUG    | 💓 Heartbeat recebido (seq=33)
2025-12-29 20:59:10.215 | INFO     | [OP-20251229_205641-0029] NOTIFICATION | Remote: E0:D3:62:D6:EE:A0 | Char: 12340001-0000-1000-8000-00805f9b34fb | Data: 158 bytes | Hex: 315c24bcf0344511a04a37457e12a85f315c24bcf0344511a04a37457e12a85f0201000000220000000000000000000000000000000000000000000000000000 | ASCII: 1\$..4E..J7E~.._1\$..4E..J7E~.._.....".......................... [TRUNCATED]
2025-12-29 20:59:10.216 | DEBUG    | 📦 Pacote recebido via E0:D3:62:D6:EE:A0: 315c24bc... → 315c24bc... (type=HEARTBEAT, seq=34)
2025-12-29 20:59:10.216 | DEBUG    | 💓 Heartbeat recebido: seq=34
2025-12-29 20:59:10.216 | DEBUG    | 💓 Heartbeat recebido (seq=34)
2025-12-29 20:59:13.748 | DEBUG    | 📤 Forwarding uplink: 3bc8f3bf... → 315c24bc... (type=DATA)
2025-12-29 20:59:13.752 | INFO     | [OP-20251229_205641-0030] WRITE_REQUEST | Remote: E0:D3:62:D6:EE:A0 | Char: 12340001-0000-1000-8000-00805f9b34fb | Data: 75 bytes | Hex: 3bc8f3bf5584487190f2f3de82d35c14315c24bcf0344511a04a37457e12a85f0105000000010000000000000000000000000000000000000000000000000000 | ASCII: ;...U.Hq......\.1\$..4E..J7E~.._................................ [TRUNCATED]
2025-12-29 20:59:13.864 | DEBUG    | ✅ Write via SimpleBLE: 12340001-0000-1000-8000-00805f9b34fb (75 bytes)
2025-12-29 20:59:13.865 | INFO     | [OP-20251229_205641-0031] WRITE_SUCCESS | Remote: E0:D3:62:D6:EE:A0 | Char: 12340001-0000-1000-8000-00805f9b34fb
2025-12-29 20:59:13.865 | DEBUG    | ✅ Pacote enviado via Link[E0:D3:62:D6:EE:A0]: 75 bytes
2025-12-29 20:59:15.215 | INFO     | [OP-20251229_205641-0032] NOTIFICATION | Remote: E0:D3:62:D6:EE:A0 | Char: 12340001-0000-1000-8000-00805f9b34fb | Data: 158 bytes | Hex: 315c24bcf0344511a04a37457e12a85f315c24bcf0344511a04a37457e12a85f0201000000230000000000000000000000000000000000000000000000000000 | ASCII: 1\$..4E..J7E~.._1\$..4E..J7E~.._.....#.......................... [TRUNCATED]
2025-12-29 20:59:15.215 | DEBUG    | 📦 Pacote recebido via E0:D3:62:D6:EE:A0: 315c24bc... → 315c24bc... (type=HEARTBEAT, seq=35)
2025-12-29 20:59:15.216 | DEBUG    | 💓 Heartbeat recebido: seq=35
2025-12-29 20:59:15.216 | DEBUG    | 💓 Heartbeat recebido (seq=35)
2025-12-29 20:59:20.214 | INFO     | [OP-20251229_205641-0033] NOTIFICATION | Remote: E0:D3:62:D6:EE:A0 | Char: 12340001-0000-1000-8000-00805f9b34fb | Data: 158 bytes | Hex: 315c24bcf0344511a04a37457e12a85f315c24bcf0344511a04a37457e12a85f0201000000240000000000000000000000000000000000000000000000000000 | ASCII: 1\$..4E..J7E~.._1\$..4E..J7E~.._.....$.......................... [TRUNCATED]
2025-12-29 20:59:20.215 | DEBUG    | 📦 Pacote recebido via E0:D3:62:D6:EE:A0: 315c24bc... → 315c24bc... (type=HEARTBEAT, seq=36)
2025-12-29 20:59:20.215 | DEBUG    | 💓 Heartbeat recebido: seq=36
2025-12-29 20:59:20.215 | DEBUG    | 💓 Heartbeat recebido (seq=36)
2025-12-29 20:59:25.216 | INFO     | [OP-20251229_205641-0034] NOTIFICATION | Remote: E0:D3:62:D6:EE:A0 | Char: 12340001-0000-1000-8000-00805f9b34fb | Data: 158 bytes | Hex: 315c24bcf0344511a04a37457e12a85f315c24bcf0344511a04a37457e12a85f0201000000250000000000000000000000000000000000000000000000000000 | ASCII: 1\$..4E..J7E~.._1\$..4E..J7E~.._.....%.......................... [TRUNCATED]
2025-12-29 20:59:25.217 | DEBUG    | 📦 Pacote recebido via E0:D3:62:D6:EE:A0: 315c24bc... → 315c24bc... (type=HEARTBEAT, seq=37)
2025-12-29 20:59:25.218 | DEBUG    | 💓 Heartbeat recebido: seq=37
2025-12-29 20:59:25.218 | DEBUG    | 💓 Heartbeat recebido (seq=37)
2025-12-29 20:59:30.216 | INFO     | [OP-20251229_205641-0035] NOTIFICATION | Remote: E0:D3:62:D6:EE:A0 | Char: 12340001-0000-1000-8000-00805f9b34fb | Data: 158 bytes | Hex: 315c24bcf0344511a04a37457e12a85f315c24bcf0344511a04a37457e12a85f0201000000260000000000000000000000000000000000000000000000000000 | ASCII: 1\$..4E..J7E~.._1\$..4E..J7E~.._.....&.......................... [TRUNCATED]
2025-12-29 20:59:30.217 | DEBUG    | 📦 Pacote recebido via E0:D3:62:D6:EE:A0: 315c24bc... → 315c24bc... (type=HEARTBEAT, seq=38)
2025-12-29 20:59:30.218 | DEBUG    | 💓 Heartbeat recebido: seq=38
2025-12-29 20:59:30.218 | DEBUG    | 💓 Heartbeat recebido (seq=38)
2025-12-29 20:59:35.214 | INFO     | [OP-20251229_205641-0036] NOTIFICATION | Remote: E0:D3:62:D6:EE:A0 | Char: 12340001-0000-1000-8000-00805f9b34fb | Data: 158 bytes | Hex: 315c24bcf0344511a04a37457e12a85f315c24bcf0344511a04a37457e12a85f0201000000270000000000000000000000000000000000000000000000000000 | ASCII: 1\$..4E..J7E~.._1\$..4E..J7E~.._.....'.......................... [TRUNCATED]
2025-12-29 20:59:35.216 | DEBUG    | 📦 Pacote recebido via E0:D3:62:D6:EE:A0: 315c24bc... → 315c24bc... (type=HEARTBEAT, seq=39)
2025-12-29 20:59:35.216 | DEBUG    | 💓 Heartbeat recebido: seq=39
2025-12-29 20:59:35.216 | DEBUG    | 💓 Heartbeat recebido (seq=39)
2025-12-29 20:59:40.215 | INFO     | [OP-20251229_205641-0037] NOTIFICATION | Remote: E0:D3:62:D6:EE:A0 | Char: 12340001-0000-1000-8000-00805f9b34fb | Data: 158 bytes | Hex: 315c24bcf0344511a04a37457e12a85f315c24bcf0344511a04a37457e12a85f0201000000280000000000000000000000000000000000000000000000000000 | ASCII: 1\$..4E..J7E~.._1\$..4E..J7E~.._.....(.......................... [TRUNCATED]
2025-12-29 20:59:40.217 | DEBUG    | 📦 Pacote recebido via E0:D3:62:D6:EE:A0: 315c24bc... → 315c24bc... (type=HEARTBEAT, seq=40)
2025-12-29 20:59:40.217 | DEBUG    | 💓 Heartbeat recebido: seq=40
2025-12-29 20:59:40.218 | DEBUG    | 💓 Heartbeat recebido (seq=40)
2025-12-29 20:59:41.761 | INFO     | A limpar recursos...
2025-12-29 20:59:41.762 | INFO     | A desconectar uplink E0:D3:62:D6:EE:A0...
2025-12-29 20:59:41.764 | INFO     | A desconectar do uplink E0:D3:62:D6:EE:A0
2025-12-29 20:59:44.322 | INFO     | Desconectado de E0:D3:62:D6:EE:A0
2025-12-29 20:59:44.325 | INFO     | [OP-20251229_205641-0038] DISCONNECT | Remote: E0:D3:62:D6:EE:A0 | Reason: normal
2025-12-29 20:59:44.327 | WARNING  | ⚠️  Uplink desconectado!
2025-12-29 20:59:44.330 | INFO     | HeartbeatMonitor parado
2025-12-29 20:59:44.330 | INFO     | Uplink removido
2025-12-29 20:59:44.332 | INFO     | ✅ Recursos limpos
