2026-01-03 21:57:57.124 | INFO     | BLE Operation Logger iniciado: ble_operations_5800E366747C_20260103_215757.log
2026-01-03 21:57:57.124 | INFO     | Scanner BLE iniciado: hci0 (58:00:E3:66:74:7C)
2026-01-03 21:57:57.124 | INFO     | BLE Client iniciado
2026-01-03 21:57:57.125 | DEBUG    | FragmentReassembler inicializado
2026-01-03 21:57:57.126 | INFO     | ReplayProtection iniciado (window_size=100)
2026-01-03 21:57:57.127 | INFO     | 🔀 Router Daemon inicializado para NID=74383752...
2026-01-03 21:57:57.128 | DEBUG    | ✅ Send callback configurado
2026-01-03 21:57:57.128 | DEBUG    | ✅ Handler registado para MessageType(1)
2026-01-03 21:57:57.128 | DEBUG    | ✅ Handler registado para MessageType(2)
2026-01-03 21:57:57.128 | INFO     | IoT Node inicializado (adapter=hci0)
2026-01-03 21:57:57.129 | INFO     | ✅ Router Daemon integrado
2026-01-03 21:57:57.129 | INFO     | A configurar GATT Server...
2026-01-03 21:57:57.131 | INFO     | Application criada: /
2026-01-03 21:57:57.132 | INFO     | Service criado: /0 (UUID: 12340000-0000-1000-8000-00805f9b34fb, primary: True)
2026-01-03 21:57:57.132 | INFO     | A criar IoTNetworkService...
2026-01-03 21:57:57.132 | DEBUG    | Characteristic criada: /0/char0 (UUID: 12340001-0000-1000-8000-00805f9b34fb, flags: ['write', 'notify'])
2026-01-03 21:57:57.133 | INFO     | NetworkPacketCharacteristic criada
2026-01-03 21:57:57.133 | DEBUG    | Characteristic criada: /0/char1 (UUID: 12340002-0000-1000-8000-00805f9b34fb, flags: ['read'])
2026-01-03 21:57:57.133 | INFO     | DeviceInfoCharacteristic criada: NID=74383752..., type=node
2026-01-03 21:57:57.134 | DEBUG    | Characteristic criada: /0/char2 (UUID: 12340003-0000-1000-8000-00805f9b34fb, flags: ['read', 'notify'])
2026-01-03 21:57:57.134 | INFO     | NeighborTableCharacteristic criada
2026-01-03 21:57:57.135 | DEBUG    | Characteristic criada: /0/char3 (UUID: 12340004-0000-1000-8000-00805f9b34fb, flags: ['write', 'indicate'])
2026-01-03 21:57:57.135 | INFO     | AuthCharacteristic criada
2026-01-03 21:57:57.135 | DEBUG    | Characteristic adicionada a /0: /0/char0
2026-01-03 21:57:57.135 | DEBUG    | Characteristic adicionada a /0: /0/char1
2026-01-03 21:57:57.135 | DEBUG    | Characteristic adicionada a /0: /0/char2
2026-01-03 21:57:57.135 | DEBUG    | Characteristic adicionada a /0: /0/char3
2026-01-03 21:57:57.136 | INFO     | ✅ IoTNetworkService criado com sucesso!
2026-01-03 21:57:57.136 | INFO     | Service adicionado à aplicação: /0
2026-01-03 21:57:57.137 | DEBUG    | Packet callback definido
2026-01-03 21:57:57.137 | DEBUG    | Auth callback definido
2026-01-03 21:57:57.137 | INFO     | Advertisement criado: /org/bluez/iot/advertisement0 (type: peripheral)
2026-01-03 21:57:57.138 | INFO     | ✅ Service UUID adicionado ao advertising: 12340000-0000-1000-8000-00805f9b34fb
2026-01-03 21:57:57.138 | INFO     |    Lista atual de UUIDs: ['12340000-0000-1000-8000-00805f9b34fb']
2026-01-03 21:57:57.138 | DEBUG    | Local name definido: IoT-Node-74383752
2026-01-03 21:57:57.139 | DEBUG    | Manufacturer data adicionado: ID=65535
2026-01-03 21:57:57.139 | INFO     | ✅ GATT Server configurado
2026-01-03 21:57:57.139 | INFO     | A iniciar GATT Server...
2026-01-03 21:57:57.141 | INFO     | ✅ GATT Server iniciado em thread separada
2026-01-03 21:57:57.141 | INFO     | ✅ Node Device iniciado - CLI interativo pronto
2026-01-03 21:57:57.144 | DEBUG    | GetManagedObjects called
2026-01-03 21:57:57.144 | DEBUG    | GetManagedObjects returning 5 objects
2026-01-03 21:57:57.148 | INFO     | ✅ GATT application registada!
2026-01-03 21:57:57.150 | DEBUG    | GetAll called on /org/bluez/iot/advertisement0
2026-01-03 21:57:57.150 | INFO     | 📡 Advertising com ServiceUUIDs: ['12340000-0000-1000-8000-00805f9b34fb']
2026-01-03 21:57:57.248 | INFO     | ✅ Advertisement registado!
2026-01-03 21:57:59.454 | INFO     | A parar Node...
2026-01-03 21:57:59.458 | INFO     | A parar GATT Server...
2026-01-03 21:57:59.462 | INFO     | ✅ GATT Server parado
2026-01-03 21:57:59.464 | INFO     | ✅ Node parado
