2026-01-04 03:44:08.708 | INFO     | BLE Operation Logger iniciado: ble_operations_E0D362D6EEA0_20260104_034408.log
2026-01-04 03:44:08.709 | INFO     | Scanner BLE iniciado: hci0 (E0:D3:62:D6:EE:A0)
2026-01-04 03:44:08.710 | INFO     | BLE Client iniciado
2026-01-04 03:44:08.710 | DEBUG    | FragmentReassembler inicializado
2026-01-04 03:44:08.710 | INFO     | ReplayProtection iniciado (window_size=100)
2026-01-04 03:44:08.711 | INFO     | 🔀 Router Daemon inicializado para NID=0abd8260...
2026-01-04 03:44:08.711 | DEBUG    | ✅ Send callback configurado
2026-01-04 03:44:08.711 | DEBUG    | ✅ Handler registado para MessageType(1)
2026-01-04 03:44:08.711 | DEBUG    | ✅ Handler registado para MessageType(2)
2026-01-04 03:44:08.712 | INFO     | IoT Node inicializado (adapter=hci0)
2026-01-04 03:44:08.712 | INFO     | ✅ Router Daemon integrado
2026-01-04 03:44:08.712 | INFO     | A configurar GATT Server...
2026-01-04 03:44:08.714 | INFO     | Application criada: /
2026-01-04 03:44:08.715 | INFO     | Service criado: /0 (UUID: 12340000-0000-1000-8000-00805f9b34fb, primary: True)
2026-01-04 03:44:08.716 | INFO     | A criar IoTNetworkService...
2026-01-04 03:44:08.719 | DEBUG    | Characteristic criada: /0/char0 (UUID: 12340001-0000-1000-8000-00805f9b34fb, flags: ['write', 'notify'])
2026-01-04 03:44:08.720 | INFO     | NetworkPacketCharacteristic criada
2026-01-04 03:44:08.720 | DEBUG    | Characteristic criada: /0/char1 (UUID: 12340002-0000-1000-8000-00805f9b34fb, flags: ['read'])
2026-01-04 03:44:08.720 | INFO     | DeviceInfoCharacteristic criada: NID=0abd8260..., type=node
2026-01-04 03:44:08.721 | DEBUG    | Characteristic criada: /0/char2 (UUID: 12340003-0000-1000-8000-00805f9b34fb, flags: ['read', 'notify'])
2026-01-04 03:44:08.721 | INFO     | NeighborTableCharacteristic criada
2026-01-04 03:44:08.722 | DEBUG    | Characteristic criada: /0/char3 (UUID: 12340004-0000-1000-8000-00805f9b34fb, flags: ['write', 'indicate'])
2026-01-04 03:44:08.722 | INFO     | AuthCharacteristic criada
2026-01-04 03:44:08.723 | DEBUG    | Characteristic adicionada a /0: /0/char0
2026-01-04 03:44:08.723 | DEBUG    | Characteristic adicionada a /0: /0/char1
2026-01-04 03:44:08.724 | DEBUG    | Characteristic adicionada a /0: /0/char2
2026-01-04 03:44:08.724 | DEBUG    | Characteristic adicionada a /0: /0/char3
2026-01-04 03:44:08.724 | INFO     | ✅ IoTNetworkService criado com sucesso!
2026-01-04 03:44:08.727 | INFO     | Service adicionado à aplicação: /0
2026-01-04 03:44:08.727 | DEBUG    | Packet callback definido
2026-01-04 03:44:08.728 | DEBUG    | Auth callback definido
2026-01-04 03:44:08.728 | INFO     | Advertisement criado: /org/bluez/iot/advertisement0 (type: peripheral)
2026-01-04 03:44:08.729 | INFO     | ✅ Service UUID adicionado ao advertising: 12340000-0000-1000-8000-00805f9b34fb
2026-01-04 03:44:08.729 | INFO     |    Lista atual de UUIDs: ['12340000-0000-1000-8000-00805f9b34fb']
2026-01-04 03:44:08.730 | DEBUG    | Local name definido: IoT-Node-0abd8260
2026-01-04 03:44:08.730 | DEBUG    | Manufacturer data adicionado: ID=65535
2026-01-04 03:44:08.731 | INFO     | ✅ GATT Server configurado
2026-01-04 03:44:08.732 | INFO     | A iniciar GATT Server...
2026-01-04 03:44:08.734 | INFO     | ✅ GATT Server iniciado em thread separada
2026-01-04 03:44:08.735 | INFO     | ✅ Node Device iniciado - CLI interativo pronto
2026-01-04 03:44:08.737 | DEBUG    | GetManagedObjects called
2026-01-04 03:44:08.737 | DEBUG    | GetManagedObjects returning 5 objects
2026-01-04 03:44:08.932 | INFO     | ✅ GATT application registada!
2026-01-04 03:44:08.934 | DEBUG    | GetAll called on /org/bluez/iot/advertisement0
2026-01-04 03:44:08.934 | INFO     | 📡 Advertising com ServiceUUIDs: ['12340000-0000-1000-8000-00805f9b34fb']
2026-01-04 03:44:09.036 | INFO     | ✅ Advertisement registado!
2026-01-04 03:44:37.991 | INFO     | A fazer scan BLE durante 5000ms...
2026-01-04 03:44:37.992 | INFO     | [OP-20260104_034408-0001] SCAN_START | Duration: 5000ms | Filter_IoT: True
2026-01-04 03:44:43.109 | DEBUG    |   Encontrado: IoT-Node-a40543fa (58:00:E3:66:74:7C) RSSI: -66 dBm
2026-01-04 03:44:43.114 | DEBUG    |   Encontrado: IoT-Sink-4e127252 (E0:D3:62:D7:47:03) RSSI: -48 dBm
2026-01-04 03:44:43.114 | INFO     | Scan concluído: 2 dispositivos encontrados
2026-01-04 03:44:43.116 | INFO     | [OP-20260104_034408-0002] SCAN_RESULT | Devices_Found: 2
2026-01-04 03:44:43.117 | DEBUG    | [OP-20260104_034408-0002]   Device_1: Name: IoT-Node-a40543fa | Address: 58:00:E3:66:74:7C | RSSI: -66 dBm | Services: 1
2026-01-04 03:44:43.118 | DEBUG    | [OP-20260104_034408-0002]   Device_2: Name: IoT-Sink-4e127252 | Address: E0:D3:62:D7:47:03 | RSSI: -48 dBm | Services: 1
2026-01-04 03:44:43.118 | INFO     | A fazer scan BLE durante 5000ms...
2026-01-04 03:44:43.120 | INFO     | [OP-20260104_034408-0003] SCAN_START | Duration: 5000ms | Filter_IoT: True
2026-01-04 03:44:48.246 | DEBUG    |   Encontrado: IoT-Sink-4e127252 (E0:D3:62:D7:47:03) RSSI: -76 dBm
2026-01-04 03:44:48.246 | INFO     | Scan concluído: 1 dispositivos encontrados
2026-01-04 03:44:48.247 | INFO     | [OP-20260104_034408-0004] SCAN_RESULT | Devices_Found: 1
2026-01-04 03:44:48.248 | DEBUG    | [OP-20260104_034408-0004]   Device_1: Name: IoT-Sink-4e127252 | Address: E0:D3:62:D7:47:03 | RSSI: -76 dBm | Services: 1
2026-01-04 03:46:37.713 | INFO     | A fazer scan BLE durante 5000ms...
2026-01-04 03:46:37.715 | INFO     | [OP-20260104_034408-0005] SCAN_START | Duration: 5000ms | Filter_IoT: True
2026-01-04 03:46:42.920 | INFO     | Scan concluído: 0 dispositivos encontrados
2026-01-04 03:46:42.921 | INFO     | [OP-20260104_034408-0006] SCAN_RESULT | Devices_Found: 0
2026-01-04 03:46:42.922 | INFO     | A fazer scan BLE durante 5000ms...
2026-01-04 03:46:42.923 | INFO     | [OP-20260104_034408-0007] SCAN_START | Duration: 5000ms | Filter_IoT: True
2026-01-04 03:46:48.001 | INFO     | Scan concluído: 0 dispositivos encontrados
2026-01-04 03:46:48.002 | INFO     | [OP-20260104_034408-0008] SCAN_RESULT | Devices_Found: 0
2026-01-04 03:46:53.249 | INFO     | A fazer scan BLE durante 5000ms...
2026-01-04 03:46:53.250 | INFO     | [OP-20260104_034408-0009] SCAN_START | Duration: 5000ms | Filter_IoT: True
2026-01-04 03:46:58.459 | INFO     | Scan concluído: 0 dispositivos encontrados
2026-01-04 03:46:58.461 | INFO     | [OP-20260104_034408-0010] SCAN_RESULT | Devices_Found: 0
2026-01-04 03:46:58.464 | INFO     | A fazer scan BLE durante 5000ms...
2026-01-04 03:46:58.466 | INFO     | [OP-20260104_034408-0011] SCAN_START | Duration: 5000ms | Filter_IoT: True
2026-01-04 03:47:03.580 | INFO     | Scan concluído: 0 dispositivos encontrados
2026-01-04 03:47:03.581 | INFO     | [OP-20260104_034408-0012] SCAN_RESULT | Devices_Found: 0
2026-01-04 03:47:06.519 | INFO     | A fazer scan BLE durante 5000ms...
2026-01-04 03:47:06.522 | INFO     | [OP-20260104_034408-0013] SCAN_START | Duration: 5000ms | Filter_IoT: True
2026-01-04 03:47:11.729 | INFO     | Scan concluído: 0 dispositivos encontrados
2026-01-04 03:47:11.730 | INFO     | [OP-20260104_034408-0014] SCAN_RESULT | Devices_Found: 0
2026-01-04 03:47:11.733 | INFO     | A fazer scan BLE durante 5000ms...
2026-01-04 03:47:11.734 | INFO     | [OP-20260104_034408-0015] SCAN_START | Duration: 5000ms | Filter_IoT: True
2026-01-04 03:47:16.749 | INFO     | Scan concluído: 0 dispositivos encontrados
2026-01-04 03:47:16.751 | INFO     | [OP-20260104_034408-0016] SCAN_RESULT | Devices_Found: 0
2026-01-04 03:47:41.141 | INFO     | A parar Node...
2026-01-04 03:47:41.142 | INFO     | A parar GATT Server...
2026-01-04 03:47:41.145 | INFO     | ✅ GATT Server parado
2026-01-04 03:47:41.147 | INFO     | ✅ Node parado
