2026-01-04 01:11:51.700 | INFO     | BLE Operation Logger iniciado: ble_operations_5800E366747C_20260104_011151.log
2026-01-04 01:11:51.701 | INFO     | Scanner BLE iniciado: hci0 (58:00:E3:66:74:7C)
2026-01-04 01:11:51.701 | INFO     | BLE Client iniciado
2026-01-04 01:11:51.701 | DEBUG    | FragmentReassembler inicializado
2026-01-04 01:11:51.701 | INFO     | ReplayProtection iniciado (window_size=100)
2026-01-04 01:11:51.702 | INFO     | 🔀 Router Daemon inicializado para NID=a40543fa...
2026-01-04 01:11:51.702 | DEBUG    | ✅ Send callback configurado
2026-01-04 01:11:51.702 | DEBUG    | ✅ Handler registado para MessageType(1)
2026-01-04 01:11:51.703 | DEBUG    | ✅ Handler registado para MessageType(2)
2026-01-04 01:11:51.703 | INFO     | IoT Node inicializado (adapter=hci0)
2026-01-04 01:11:51.703 | INFO     | ✅ Router Daemon integrado
2026-01-04 01:11:51.703 | INFO     | A configurar GATT Server...
2026-01-04 01:11:51.705 | INFO     | Application criada: /
2026-01-04 01:11:51.705 | INFO     | Service criado: /0 (UUID: 12340000-0000-1000-8000-00805f9b34fb, primary: True)
2026-01-04 01:11:51.705 | INFO     | A criar IoTNetworkService...
2026-01-04 01:11:51.706 | DEBUG    | Characteristic criada: /0/char0 (UUID: 12340001-0000-1000-8000-00805f9b34fb, flags: ['write', 'notify'])
2026-01-04 01:11:51.706 | INFO     | NetworkPacketCharacteristic criada
2026-01-04 01:11:51.707 | DEBUG    | Characteristic criada: /0/char1 (UUID: 12340002-0000-1000-8000-00805f9b34fb, flags: ['read'])
2026-01-04 01:11:51.707 | INFO     | DeviceInfoCharacteristic criada: NID=a40543fa..., type=node
2026-01-04 01:11:51.707 | DEBUG    | Characteristic criada: /0/char2 (UUID: 12340003-0000-1000-8000-00805f9b34fb, flags: ['read', 'notify'])
2026-01-04 01:11:51.707 | INFO     | NeighborTableCharacteristic criada
2026-01-04 01:11:51.708 | DEBUG    | Characteristic criada: /0/char3 (UUID: 12340004-0000-1000-8000-00805f9b34fb, flags: ['write', 'indicate'])
2026-01-04 01:11:51.708 | INFO     | AuthCharacteristic criada
2026-01-04 01:11:51.708 | DEBUG    | Characteristic adicionada a /0: /0/char0
2026-01-04 01:11:51.709 | DEBUG    | Characteristic adicionada a /0: /0/char1
2026-01-04 01:11:51.709 | DEBUG    | Characteristic adicionada a /0: /0/char2
2026-01-04 01:11:51.709 | DEBUG    | Characteristic adicionada a /0: /0/char3
2026-01-04 01:11:51.709 | INFO     | ✅ IoTNetworkService criado com sucesso!
2026-01-04 01:11:51.709 | INFO     | Service adicionado à aplicação: /0
2026-01-04 01:11:51.710 | DEBUG    | Packet callback definido
2026-01-04 01:11:51.710 | DEBUG    | Auth callback definido
2026-01-04 01:11:51.710 | INFO     | Advertisement criado: /org/bluez/iot/advertisement0 (type: peripheral)
2026-01-04 01:11:51.710 | INFO     | ✅ Service UUID adicionado ao advertising: 12340000-0000-1000-8000-00805f9b34fb
2026-01-04 01:11:51.711 | INFO     |    Lista atual de UUIDs: ['12340000-0000-1000-8000-00805f9b34fb']
2026-01-04 01:11:51.711 | DEBUG    | Local name definido: IoT-Node-a40543fa
2026-01-04 01:11:51.711 | DEBUG    | Manufacturer data adicionado: ID=65535
2026-01-04 01:11:51.712 | INFO     | ✅ GATT Server configurado
2026-01-04 01:11:51.712 | INFO     | A iniciar GATT Server...
2026-01-04 01:11:51.716 | INFO     | ✅ GATT Server iniciado em thread separada
2026-01-04 01:11:51.716 | INFO     | ✅ Node Device iniciado - CLI interativo pronto
2026-01-04 01:11:51.718 | DEBUG    | GetManagedObjects called
2026-01-04 01:11:51.718 | DEBUG    | GetManagedObjects returning 5 objects
2026-01-04 01:11:51.721 | INFO     | ✅ GATT application registada!
2026-01-04 01:11:51.721 | DEBUG    | GetAll called on /org/bluez/iot/advertisement0
2026-01-04 01:11:51.722 | INFO     | 📡 Advertising com ServiceUUIDs: ['12340000-0000-1000-8000-00805f9b34fb']
2026-01-04 01:11:51.825 | INFO     | ✅ Advertisement registado!
2026-01-04 01:12:10.123 | INFO     | A fazer scan BLE durante 5000ms...
2026-01-04 01:12:10.125 | INFO     | [OP-20260104_011151-0001] SCAN_START | Duration: 5000ms | Filter_IoT: True
2026-01-04 01:12:15.253 | DEBUG    |   Encontrado: Unknown (E0:D3:62:D7:47:03) RSSI: -62 dBm
2026-01-04 01:12:15.254 | INFO     | Scan concluído: 1 dispositivos encontrados
2026-01-04 01:12:15.255 | INFO     | [OP-20260104_011151-0002] SCAN_RESULT | Devices_Found: 1
2026-01-04 01:12:15.256 | DEBUG    | [OP-20260104_011151-0002]   Device_1: Name: Unknown | Address: E0:D3:62:D7:47:03 | RSSI: -62 dBm | Services: 1
2026-01-04 01:12:15.257 | INFO     | A fazer scan BLE durante 5000ms...
2026-01-04 01:12:15.258 | INFO     | [OP-20260104_011151-0003] SCAN_START | Duration: 5000ms | Filter_IoT: True
2026-01-04 01:12:20.372 | DEBUG    |   Encontrado: Unknown (E0:D3:62:D6:EE:A0) RSSI: -48 dBm
2026-01-04 01:12:20.373 | DEBUG    |   Encontrado: Unknown (E0:D3:62:D7:47:03) RSSI: -62 dBm
2026-01-04 01:12:20.374 | INFO     | Scan concluído: 2 dispositivos encontrados
2026-01-04 01:12:20.374 | INFO     | [OP-20260104_011151-0004] SCAN_RESULT | Devices_Found: 2
2026-01-04 01:12:20.375 | DEBUG    | [OP-20260104_011151-0004]   Device_1: Name: Unknown | Address: E0:D3:62:D6:EE:A0 | RSSI: -48 dBm | Services: 1
2026-01-04 01:12:20.375 | DEBUG    | [OP-20260104_011151-0004]   Device_2: Name: Unknown | Address: E0:D3:62:D7:47:03 | RSSI: -62 dBm | Services: 1
2026-01-04 01:12:33.394 | INFO     | A conectar ao Sink E0:D3:62:D7:47:03...
2026-01-04 01:12:33.396 | DEBUG    | BLEConnection criada para E0:D3:62:D7:47:03
2026-01-04 01:12:33.396 | INFO     | A conectar a E0:D3:62:D7:47:03...
2026-01-04 01:12:33.398 | INFO     | [OP-20260104_011151-0005] CONNECT_ATTEMPT | Local: 58:00:E3:66:74:7C | Remote: E0:D3:62:D7:47:03
2026-01-04 01:12:36.459 | INFO     | ✅ Conectado a E0:D3:62:D7:47:03
2026-01-04 01:12:36.459 | INFO     | [OP-20260104_011151-0006] CONNECT_SUCCESS | Remote: E0:D3:62:D7:47:03 | Time: 3058.84ms
2026-01-04 01:12:36.460 | DEBUG    | ✅ Conexão estabelecida. Operações GATT usarão D-Bus se necessário.
2026-01-04 01:12:36.460 | INFO     | ✅ Conectado ao Sink via GATT
2026-01-04 01:12:36.461 | DEBUG    | Descobertos 4 serviços
2026-01-04 01:12:36.463 | DEBUG    | Serviço 12340000-0000-1000-8000-00805f9b34fb encontrado
2026-01-04 01:12:36.463 | INFO     | ✅ Serviço IoT Network encontrado
2026-01-04 01:12:36.463 | DEBUG    | 🔄 Timestamp de heartbeat resetado para nova conexão
2026-01-04 01:12:36.463 | INFO     | A subscrever a notificações...
2026-01-04 01:12:36.888 | INFO     | ✅ Subscrito a notificações: 12340001-0000-1000-8000-00805f9b34fb
2026-01-04 01:12:36.890 | INFO     | [OP-20260104_011151-0007] SUBSCRIBE_SUCCESS | Remote: E0:D3:62:D7:47:03 | Char: 12340001-0000-1000-8000-00805f9b34fb
2026-01-04 01:12:36.892 | INFO     | ✅ Subscrito a NETWORK_PACKET
2026-01-04 01:12:36.894 | DEBUG    | [OP-20260104_011151-0008] READ_REQUEST | Remote: E0:D3:62:D7:47:03 | Service: 12340000-0000-1000-8000-00805f9b34fb | Char: 12340002-0000-1000-8000-00805f9b34fb
2026-01-04 01:12:36.980 | DEBUG    | Read 12340002-0000-1000-8000-00805f9b34fb: 18 bytes
2026-01-04 01:12:36.981 | INFO     | [OP-20260104_011151-0009] READ_RESPONSE | Remote: E0:D3:62:D7:47:03 | Char: 12340002-0000-1000-8000-00805f9b34fb | Data: 18 bytes | Hex: 4e127252bd1a4c50860cf05dce3e7b17ff01 | ASCII: N.rR..LP...].>{...
2026-01-04 01:12:36.983 | INFO     | ✅ Conectado ao Sink - hop_count=0
2026-01-04 01:12:36.986 | INFO     | 🔐 A iniciar autenticação com Sink...
2026-01-04 01:12:36.989 | DEBUG    | 📡 A subscrever a AUTH characteristic...
2026-01-04 01:12:37.068 | INFO     | ✅ Subscrito a notificações: 12340004-0000-1000-8000-00805f9b34fb
2026-01-04 01:12:37.071 | INFO     | [OP-20260104_011151-0010] SUBSCRIBE_SUCCESS | Remote: E0:D3:62:D7:47:03 | Char: 12340004-0000-1000-8000-00805f9b34fb
2026-01-04 01:12:37.072 | DEBUG    | ✅ Subscrito a AUTH indications
2026-01-04 01:12:37.073 | INFO     | AuthenticationProtocol inicializado para a40543fa...
2026-01-04 01:12:37.074 | INFO     | 📤 Enviando certificado...
2026-01-04 01:12:37.076 | INFO     | 🔐 Iniciando autenticação - enviando certificado...
2026-01-04 01:12:37.078 | INFO     |    Certificado: 887 bytes
2026-01-04 01:12:37.080 | DEBUG    |    Estado: IDLE → CERT_SENT
2026-01-04 01:12:37.081 | INFO     | Fragmentando mensagem de 890 bytes em 5 fragmentos
2026-01-04 01:12:37.083 | DEBUG    |   Fragmento 1/5: 180 bytes, flags=0x01
2026-01-04 01:12:37.085 | DEBUG    |   Fragmento 2/5: 180 bytes, flags=0x00
2026-01-04 01:12:37.086 | DEBUG    |   Fragmento 3/5: 180 bytes, flags=0x00
2026-01-04 01:12:37.087 | DEBUG    |   Fragmento 4/5: 180 bytes, flags=0x00
2026-01-04 01:12:37.088 | DEBUG    |   Fragmento 5/5: 170 bytes, flags=0x02
2026-01-04 01:12:37.088 | DEBUG    | Enviando mensagem auth: 890 bytes em 5 fragmento(s)
2026-01-04 01:12:37.095 | INFO     | [OP-20260104_011151-0011] WRITE_REQUEST | Remote: E0:D3:62:D7:47:03 | Char: 12340004-0000-1000-8000-00805f9b34fb | Data: 183 bytes | Hex: 0100050103772d2d2d2d2d424547494e2043455254494649434154452d2d2d2d2d0a4d4949435954434341634b67417749424167495547784b34596a38596e6c | ASCII: .....w-----BEGIN CERTIFICATE-----.MIICYTCCAcKgAwIBAgIUGxK4Yj8Ynl [TRUNCATED]
2026-01-04 01:12:37.157 | DEBUG    | ✅ Write via SimpleBLE: 12340004-0000-1000-8000-00805f9b34fb (183 bytes)
2026-01-04 01:12:37.157 | INFO     | [OP-20260104_011151-0012] WRITE_SUCCESS | Remote: E0:D3:62:D7:47:03 | Char: 12340004-0000-1000-8000-00805f9b34fb
2026-01-04 01:12:37.158 | DEBUG    |   Fragmento 1/5 enviado
2026-01-04 01:12:37.262 | INFO     | [OP-20260104_011151-0013] WRITE_REQUEST | Remote: E0:D3:62:D7:47:03 | Char: 12340004-0000-1000-8000-00805f9b34fb | Data: 183 bytes | Hex: 0001054d446b6c765643424f5a58523362334a7249454e424d423458445449324d4445774e4441774e546b774e466f580a44544d324d4445774d6a41774e546b | ASCII: ...MDklvVCBOZXR3b3JrIENBMB4XDTI2MDEwNDAwNTkwNFoX.DTM2MDEwMjAwNTk [TRUNCATED]
2026-01-04 01:12:37.337 | DEBUG    | ✅ Write via SimpleBLE: 12340004-0000-1000-8000-00805f9b34fb (183 bytes)
2026-01-04 01:12:37.338 | INFO     | [OP-20260104_011151-0014] WRITE_SUCCESS | Remote: E0:D3:62:D7:47:03 | Char: 12340004-0000-1000-8000-00805f9b34fb
2026-01-04 01:12:37.340 | DEBUG    |   Fragmento 2/5 enviado
2026-01-04 01:12:37.444 | INFO     | [OP-20260104_011151-0015] WRITE_REQUEST | Remote: E0:D3:62:D7:47:03 | Char: 12340004-0000-1000-8000-00805f9b34fb | Data: 183 bytes | Hex: 000205675a7377454159484b6f5a497a6a3043415159464b34454541434d44675959414241466d4779734c45465a4953455936583562416f44472b4138332b0a | ASCII: ...gZswEAYHKoZIzj0CAQYFK4EEACMDgYYABAFmGysLEFZISEY6X5bAoDG+A83+. [TRUNCATED]
2026-01-04 01:12:37.564 | DEBUG    | ✅ Write via SimpleBLE: 12340004-0000-1000-8000-00805f9b34fb (183 bytes)
2026-01-04 01:12:37.566 | INFO     | [OP-20260104_011151-0016] WRITE_SUCCESS | Remote: E0:D3:62:D7:47:03 | Char: 12340004-0000-1000-8000-00805f9b34fb
2026-01-04 01:12:37.568 | DEBUG    |   Fragmento 3/5 enviado
2026-01-04 01:12:37.570 | INFO     | [OP-20260104_011151-0017] NOTIFICATION | Remote: E0:D3:62:D7:47:03 | Char: 12340001-0000-1000-8000-00805f9b34fb | Data: 236 bytes | Hex: 4e127252bd1a4c50860cf05dce3e7b174e127252bd1a4c50860cf05dce3e7b1702010000000a4fc7eed9cd7ce6c9a0abdabd7897dc8096e4946b477c611202b1 | ASCII: N.rR..LP...].>{.N.rR..LP...].>{.......O....|......x......kG|a... [TRUNCATED]
2026-01-04 01:12:37.573 | DEBUG    | 📥 Pacote recebido de uplink: 4e127252... → 4e127252... (type=MessageType(2), ttl=1)
2026-01-04 01:12:37.574 | DEBUG    | Novo source 4e127252...: seq=10 (primeiro pacote)
2026-01-04 01:12:37.575 | DEBUG    | Learning new route: 4e127252... → uplink
2026-01-04 01:12:37.576 | DEBUG    | 📚 Aprendido: 4e127252... → uplink
2026-01-04 01:12:37.577 | INFO     | 📨 Entregando localmente: 4e127252... → 4e127252... (type=MessageType(2), 166 bytes)
2026-01-04 01:12:37.580 | INFO     | Sink NID identificado: 4e127252...
2026-01-04 01:12:37.582 | DEBUG    | Novo source 4e127252...: seq=10 (primeiro pacote)
2026-01-04 01:12:37.583 | WARNING  | ⚠️  Certificado do Sink não disponível para verificação
2026-01-04 01:12:37.584 | DEBUG    |    hasattr _sink_cert: False
2026-01-04 01:12:37.584 | ERROR    | ❌ Assinatura de heartbeat inválida!
2026-01-04 01:12:37.672 | INFO     | [OP-20260104_011151-0018] WRITE_REQUEST | Remote: E0:D3:62:D7:47:03 | Char: 12340004-0000-1000-8000-00805f9b34fb | Data: 183 bytes | Hex: 000305456d6d4654724a6148340a533231634d4f67325877557a6a54544e61754b3750714d344d44597744415944565230544151482f424149774144414f4267 | ASCII: ...EmmFTrJaH4.S21cMOg2XwUzjTTNauK7PqM4MDYwDAYDVR0TAQH/BAIwADAOBg [TRUNCATED]
2026-01-04 01:12:37.741 | DEBUG    | ✅ Write via SimpleBLE: 12340004-0000-1000-8000-00805f9b34fb (183 bytes)
2026-01-04 01:12:37.742 | INFO     | [OP-20260104_011151-0019] WRITE_SUCCESS | Remote: E0:D3:62:D7:47:03 | Char: 12340004-0000-1000-8000-00805f9b34fb
2026-01-04 01:12:37.744 | DEBUG    |   Fragmento 4/5 enviado
2026-01-04 01:12:37.849 | INFO     | [OP-20260104_011151-0020] WRITE_REQUEST | Remote: E0:D3:62:D7:47:03 | Char: 12340004-0000-1000-8000-00805f9b34fb | Data: 173 bytes | Hex: 02040571754f437562724d66446a575936386b542f6779345a63634d0a546e457775416d736e466742614976584a2b4e656e423843516748637873576a6d7579 | ASCII: ...quOCubrMfDjWY68kT/gy4ZccM.TnEwuAmsnFgBaIvXJ+NenB8CQgHcxsWjmuy [TRUNCATED]
2026-01-04 01:12:37.965 | DEBUG    | ✅ Write via SimpleBLE: 12340004-0000-1000-8000-00805f9b34fb (173 bytes)
2026-01-04 01:12:37.965 | INFO     | [OP-20260104_011151-0021] WRITE_SUCCESS | Remote: E0:D3:62:D7:47:03 | Char: 12340004-0000-1000-8000-00805f9b34fb
2026-01-04 01:12:37.966 | DEBUG    |   Fragmento 5/5 enviado
2026-01-04 01:12:37.966 | INFO     | [OP-20260104_011151-0022] NOTIFICATION | Remote: E0:D3:62:D7:47:03 | Char: 12340004-0000-1000-8000-00805f9b34fb | Data: 183 bytes | Hex: 0100060203b00000038c2d2d2d2d2d424547494e2043455254494649434154452d2d2d2d2d0a4d494943634443434164476741774942416749554847374f5a74 | ASCII: ..........-----BEGIN CERTIFICATE-----.MIICcDCCAdGgAwIBAgIUHG7OZt [TRUNCATED]
2026-01-04 01:12:37.967 | DEBUG    | 🔐 AUTH indication recebida: 183 bytes
2026-01-04 01:12:37.967 | DEBUG    | Fragmento recebido: seq=0, total=6, payload=180 bytes, flags=0x01
2026-01-04 01:12:37.967 | INFO     | Iniciando recepção de 6 fragmentos
2026-01-04 01:12:37.967 | DEBUG    | Fragmento 1/6 armazenado (1 de 6 recebidos)
2026-01-04 01:12:37.968 | DEBUG    | 🔐 Aguardando mais fragmentos AUTH...
2026-01-04 01:12:38.058 | INFO     | [OP-20260104_011151-0023] NOTIFICATION | Remote: E0:D3:62:D7:47:03 | Char: 12340004-0000-1000-8000-00805f9b34fb | Data: 183 bytes | Hex: 0001065642414d4d446b6c765643424f5a58523362334a7249454e424d423458445449324d4445774e4441774e44517a4e466f580a44544d324d4445774d6a41 | ASCII: ...VBAMMDklvVCBOZXR3b3JrIENBMB4XDTI2MDEwNDAwNDQzNFoX.DTM2MDEwMjA [TRUNCATED]
2026-01-04 01:12:38.060 | DEBUG    | 🔐 AUTH indication recebida: 183 bytes
2026-01-04 01:12:38.060 | DEBUG    | Fragmento recebido: seq=1, total=6, payload=180 bytes, flags=0x00
2026-01-04 01:12:38.061 | DEBUG    | Fragmento 2/6 armazenado (2 de 6 recebidos)
2026-01-04 01:12:38.062 | DEBUG    | 🔐 Aguardando mais fragmentos AUTH...
2026-01-04 01:12:38.066 | DEBUG    | Autenticação round 1/10
2026-01-04 01:12:38.155 | INFO     | [OP-20260104_011151-0024] NOTIFICATION | Remote: E0:D3:62:D7:47:03 | Char: 12340004-0000-1000-8000-00805f9b34fb | Data: 183 bytes | Hex: 0002064d5463784454414c42674e564241734d42464e70626d7377675a7377454159484b6f5a497a6a3043415159464b34454541434d44675959414241416965 | ASCII: ...MTcxDTALBgNVBAsMBFNpbmswgZswEAYHKoZIzj0CAQYFK4EEACMDgYYABAAie [TRUNCATED]
2026-01-04 01:12:38.156 | DEBUG    | 🔐 AUTH indication recebida: 183 bytes
2026-01-04 01:12:38.157 | DEBUG    | Fragmento recebido: seq=2, total=6, payload=180 bytes, flags=0x00
2026-01-04 01:12:38.158 | DEBUG    | Fragmento 3/6 armazenado (3 de 6 recebidos)
2026-01-04 01:12:38.158 | DEBUG    | 🔐 Aguardando mais fragmentos AUTH...
2026-01-04 01:12:38.241 | INFO     | [OP-20260104_011151-0025] NOTIFICATION | Remote: E0:D3:62:D7:47:03 | Char: 12340004-0000-1000-8000-00805f9b34fb | Data: 183 bytes | Hex: 000306744e5338774d764f4b683338524e0a68474a6a584d4c4678794e3148747658795a6a6b546f6e452f454b6d542f4f2f676e544b3246515946364d344d44 | ASCII: ...tNS8wMvOKh38RN.hGJjXMLFxyN1HtvXyZjkTonE/EKmT/O/gnTK2FQYF6M4MD [TRUNCATED]
2026-01-04 01:12:38.242 | DEBUG    | 🔐 AUTH indication recebida: 183 bytes
2026-01-04 01:12:38.243 | DEBUG    | Fragmento recebido: seq=3, total=6, payload=180 bytes, flags=0x00
2026-01-04 01:12:38.243 | DEBUG    | Fragmento 4/6 armazenado (4 de 6 recebidos)
2026-01-04 01:12:38.243 | DEBUG    | 🔐 Aguardando mais fragmentos AUTH...
2026-01-04 01:12:38.333 | INFO     | [OP-20260104_011151-0026] NOTIFICATION | Remote: E0:D3:62:D7:47:03 | Char: 12340004-0000-1000-8000-00805f9b34fb | Data: 183 bytes | Hex: 0004067147634b4e4f617968672f445975705336566f6269315549565972784e0a6b5258466b4e49746558616456426f6d324b326a397350446f307978766142 | ASCII: ...qGcKNOayhg/DYupS6Vobi1UIVYrxN.kRXFkNIteXadVBom2K2j9sPDo0yxvaB [TRUNCATED]
2026-01-04 01:12:38.335 | DEBUG    | 🔐 AUTH indication recebida: 183 bytes
2026-01-04 01:12:38.335 | DEBUG    | Fragmento recebido: seq=4, total=6, payload=180 bytes, flags=0x00
2026-01-04 01:12:38.336 | DEBUG    | Fragmento 5/6 armazenado (5 de 6 recebidos)
2026-01-04 01:12:38.336 | DEBUG    | 🔐 Aguardando mais fragmentos AUTH...
2026-01-04 01:12:38.419 | INFO     | [OP-20260104_011151-0027] NOTIFICATION | Remote: E0:D3:62:D7:47:03 | Char: 12340004-0000-1000-8000-00805f9b34fb | Data: 50 bytes | Hex: 0205065254494649434154452d2d2d2d2d0a3e0a1a41ddd6a51c900caf793af0f5cf4fb6ef011e5a6895da1e8616a94237e5 | ASCII: ...RTIFICATE-----.>..A.......y:...O....Zh......B7.
2026-01-04 01:12:38.420 | DEBUG    | 🔐 AUTH indication recebida: 50 bytes
2026-01-04 01:12:38.421 | DEBUG    | Fragmento recebido: seq=5, total=6, payload=47 bytes, flags=0x02
2026-01-04 01:12:38.421 | DEBUG    | Fragmento 6/6 armazenado (6 de 6 recebidos)
2026-01-04 01:12:38.422 | INFO     | ✅ Mensagem reconstruída: 947 bytes (6 fragmentos)
2026-01-04 01:12:38.423 | DEBUG    | FragmentReassembler resetado
2026-01-04 01:12:38.423 | DEBUG    | 🔐 AUTH mensagem completa: 947 bytes
2026-01-04 01:12:38.567 | DEBUG    | Resposta auth lida do buffer: 947 bytes
2026-01-04 01:12:38.568 | DEBUG    | 📨 Recebido: AuthMessage(type=CHALLENGE, payload=944 bytes)
2026-01-04 01:12:38.569 | INFO     | 🎲 Challenge recebido - processando certificado + challenge...
2026-01-04 01:12:38.570 | INFO     | 📜 Extraindo certificado do peer do payload...
2026-01-04 01:12:38.580 | DEBUG    | ✅ Assinatura da CA válida
2026-01-04 01:12:38.581 | ERROR    | ❌ Erro ao processar payload: '_Certificate' object has no attribute 'not_valid_before_utc'
2026-01-04 01:12:38.583 | ERROR    | ❌ Erro ao processar mensagem: '_Certificate' object has no attribute 'not_valid_before_utc'
2026-01-04 01:12:38.584 | ERROR    | ❌ Autenticação falhou: FAILED
2026-01-04 01:12:42.559 | INFO     | [OP-20260104_011151-0028] NOTIFICATION | Remote: E0:D3:62:D7:47:03 | Char: 12340001-0000-1000-8000-00805f9b34fb | Data: 236 bytes | Hex: 4e127252bd1a4c50860cf05dce3e7b174e127252bd1a4c50860cf05dce3e7b1702010000000bd60e8cafca4a7a6c878313d5654b6f2287e57be1b4ba4b86f3fe | ASCII: N.rR..LP...].>{.N.rR..LP...].>{............Jzl....eKo"..{...K... [TRUNCATED]
2026-01-04 01:12:42.561 | DEBUG    | 📥 Pacote recebido de uplink: 4e127252... → 4e127252... (type=MessageType(2), ttl=1)
2026-01-04 01:12:42.561 | DEBUG    | Source 4e127252...: seq=11 (novo highest, window: 2 seqs)
2026-01-04 01:12:42.562 | DEBUG    | 📚 Aprendido: 4e127252... → uplink
2026-01-04 01:12:42.562 | INFO     | 📨 Entregando localmente: 4e127252... → 4e127252... (type=MessageType(2), 166 bytes)
2026-01-04 01:12:42.563 | DEBUG    | Source 4e127252...: seq=11 (novo highest, window: 2 seqs)
2026-01-04 01:12:42.564 | WARNING  | ⚠️  Certificado do Sink não disponível para verificação
2026-01-04 01:12:42.565 | DEBUG    |    hasattr _sink_cert: False
2026-01-04 01:12:42.565 | ERROR    | ❌ Assinatura de heartbeat inválida!
2026-01-04 01:12:47.553 | INFO     | [OP-20260104_011151-0029] NOTIFICATION | Remote: E0:D3:62:D7:47:03 | Char: 12340001-0000-1000-8000-00805f9b34fb | Data: 236 bytes | Hex: 4e127252bd1a4c50860cf05dce3e7b174e127252bd1a4c50860cf05dce3e7b1702010000000c51078e40e05c098614c8baa3833b69156a585065ac4b20f6820a | ASCII: N.rR..LP...].>{.N.rR..LP...].>{.......Q..@.\.......;i.jXPe.K ... [TRUNCATED]
2026-01-04 01:12:47.554 | DEBUG    | 📥 Pacote recebido de uplink: 4e127252... → 4e127252... (type=MessageType(2), ttl=1)
2026-01-04 01:12:47.555 | DEBUG    | Source 4e127252...: seq=12 (novo highest, window: 3 seqs)
2026-01-04 01:12:47.555 | DEBUG    | 📚 Aprendido: 4e127252... → uplink
2026-01-04 01:12:47.556 | INFO     | 📨 Entregando localmente: 4e127252... → 4e127252... (type=MessageType(2), 166 bytes)
2026-01-04 01:12:47.557 | DEBUG    | Source 4e127252...: seq=12 (novo highest, window: 3 seqs)
2026-01-04 01:12:47.558 | WARNING  | ⚠️  Certificado do Sink não disponível para verificação
2026-01-04 01:12:47.558 | DEBUG    |    hasattr _sink_cert: False
2026-01-04 01:12:47.559 | ERROR    | ❌ Assinatura de heartbeat inválida!
2026-01-04 01:12:48.788 | INFO     | A parar Node...
2026-01-04 01:12:48.789 | INFO     | A parar GATT Server...
2026-01-04 01:12:48.794 | INFO     | ✅ GATT Server parado
2026-01-04 01:12:51.032 | INFO     | Desconectado de E0:D3:62:D7:47:03
2026-01-04 01:12:51.037 | INFO     | [OP-20260104_011151-0030] DISCONNECT | Remote: E0:D3:62:D7:47:03 | Reason: normal
2026-01-04 01:12:51.041 | INFO     | ✅ Node parado
