2025-12-30 01:59:26.317 | INFO     | BLE Operation Logger iniciado: ble_operations_E0D362D6EEA0_20251230_015926.log
2025-12-30 01:59:26.317 | INFO     | Scanner BLE iniciado: hci0 (E0:D3:62:D6:EE:A0)
2025-12-30 01:59:26.317 | INFO     | BLE Client iniciado
2025-12-30 01:59:26.318 | INFO     | IoT Node inicializado (adapter=hci0)
2025-12-30 01:59:26.318 | INFO     | ============================================================
2025-12-30 01:59:26.318 | INFO     |   A iniciar IoT Node
2025-12-30 01:59:26.318 | INFO     | ============================================================
2025-12-30 01:59:26.318 | INFO     | 🔍 A procurar Sink...
2025-12-30 01:59:26.318 | INFO     | A fazer scan BLE durante 5000ms...
2025-12-30 01:59:26.318 | INFO     | [OP-20251230_015926-0001] SCAN_START | Duration: 5000ms | Filter_IoT: True
2025-12-30 01:59:31.515 | INFO     | 
Sinal 15 recebido, a parar...
2025-12-30 01:59:31.516 | INFO     | A parar Node...
2025-12-30 01:59:31.516 | INFO     | ✅ Node parado
2025-12-30 01:59:31.516 | INFO     | Scan concluído: 0 dispositivos encontrados
2025-12-30 01:59:31.517 | INFO     | [OP-20251230_015926-0002] SCAN_RESULT | Devices_Found: 0
2025-12-30 01:59:31.517 | INFO     | Encontrados 0 dispositivos IoT
2025-12-30 01:59:31.517 | WARNING  | ⚠️  Sink não encontrado após timeout
2025-12-30 01:59:31.518 | ERROR    | ❌ Falha ao descobrir Sink
2025-12-30 01:59:31.518 | INFO     | A parar Node...
2025-12-30 01:59:31.518 | INFO     | ✅ Node parado
