2026-01-04 04:41:58.907 | INFO     | BLE Operation Logger iniciado: ble_operations_5800E366747C_20260104_044158.log
2026-01-04 04:41:58.907 | INFO     | Scanner BLE iniciado: hci0 (58:00:E3:66:74:7C)
2026-01-04 04:41:58.907 | INFO     | BLE Client iniciado
2026-01-04 04:41:58.907 | DEBUG    | FragmentReassembler inicializado
2026-01-04 04:41:58.908 | INFO     | ReplayProtection iniciado (window_size=100)
2026-01-04 04:41:58.908 | INFO     | 🔀 Router Daemon inicializado para NID=a40543fa...
2026-01-04 04:41:58.908 | DEBUG    | ✅ Send callback configurado
2026-01-04 04:41:58.908 | DEBUG    | ✅ Handler registado para MessageType(1)
2026-01-04 04:41:58.908 | DEBUG    | ✅ Handler registado para MessageType(2)
2026-01-04 04:41:58.908 | INFO     | IoT Node inicializado (adapter=hci0)
2026-01-04 04:41:58.909 | INFO     | ✅ Router Daemon integrado
2026-01-04 04:41:58.909 | INFO     | A configurar GATT Server...
2026-01-04 04:41:58.910 | INFO     | Application criada: /
2026-01-04 04:41:58.911 | INFO     | Service criado: /0 (UUID: 12340000-0000-1000-8000-00805f9b34fb, primary: True)
2026-01-04 04:41:58.911 | INFO     | A criar IoTNetworkService...
2026-01-04 04:41:58.911 | DEBUG    | Characteristic criada: /0/char0 (UUID: 12340001-0000-1000-8000-00805f9b34fb, flags: ['write', 'notify'])
2026-01-04 04:41:58.911 | INFO     | NetworkPacketCharacteristic criada
2026-01-04 04:41:58.912 | DEBUG    | Characteristic criada: /0/char1 (UUID: 12340002-0000-1000-8000-00805f9b34fb, flags: ['read'])
2026-01-04 04:41:58.912 | INFO     | DeviceInfoCharacteristic criada: NID=a40543fa..., type=node
2026-01-04 04:41:58.912 | DEBUG    | Characteristic criada: /0/char2 (UUID: 12340003-0000-1000-8000-00805f9b34fb, flags: ['read', 'notify'])
2026-01-04 04:41:58.913 | INFO     | NeighborTableCharacteristic criada
2026-01-04 04:41:58.913 | DEBUG    | Characteristic criada: /0/char3 (UUID: 12340004-0000-1000-8000-00805f9b34fb, flags: ['write', 'indicate'])
2026-01-04 04:41:58.913 | INFO     | AuthCharacteristic criada
2026-01-04 04:41:58.914 | DEBUG    | Characteristic adicionada a /0: /0/char0
2026-01-04 04:41:58.914 | DEBUG    | Characteristic adicionada a /0: /0/char1
2026-01-04 04:41:58.914 | DEBUG    | Characteristic adicionada a /0: /0/char2
2026-01-04 04:41:58.914 | DEBUG    | Characteristic adicionada a /0: /0/char3
2026-01-04 04:41:58.914 | INFO     | ✅ IoTNetworkService criado com sucesso!
2026-01-04 04:41:58.915 | INFO     | Service adicionado à aplicação: /0
2026-01-04 04:41:58.915 | DEBUG    | Packet callback definido
2026-01-04 04:41:58.916 | DEBUG    | Auth callback definido
2026-01-04 04:41:58.916 | INFO     | Advertisement criado: /org/bluez/iot/advertisement0 (type: peripheral)
2026-01-04 04:41:58.917 | INFO     | ✅ Service UUID adicionado ao advertising: 12340000-0000-1000-8000-00805f9b34fb
2026-01-04 04:41:58.918 | INFO     |    Lista atual de UUIDs: ['12340000-0000-1000-8000-00805f9b34fb']
2026-01-04 04:41:58.918 | DEBUG    | Local name definido: IoT-Node-a40543fa
2026-01-04 04:41:58.918 | DEBUG    | Manufacturer data adicionado: ID=65535
2026-01-04 04:41:58.918 | INFO     | ✅ GATT Server configurado
2026-01-04 04:41:58.919 | INFO     | A iniciar GATT Server...
2026-01-04 04:41:58.921 | INFO     | ✅ GATT Server iniciado em thread separada
2026-01-04 04:41:58.921 | INFO     | ✅ Node Device iniciado - CLI interativo pronto
2026-01-04 04:41:58.924 | DEBUG    | GetManagedObjects called
2026-01-04 04:41:58.924 | DEBUG    | GetManagedObjects returning 5 objects
2026-01-04 04:41:58.926 | INFO     | ✅ GATT application registada!
2026-01-04 04:41:58.927 | DEBUG    | GetAll called on /org/bluez/iot/advertisement0
2026-01-04 04:41:58.927 | INFO     | 📡 Advertising com ServiceUUIDs: ['12340000-0000-1000-8000-00805f9b34fb']
2026-01-04 04:41:59.030 | INFO     | ✅ Advertisement registado!
2026-01-04 04:42:00.215 | INFO     | A fazer scan BLE durante 5000ms...
2026-01-04 04:42:00.217 | INFO     | [OP-20260104_044158-0001] SCAN_START | Duration: 5000ms | Filter_IoT: True
2026-01-04 04:42:05.338 | INFO     | Scan concluído: 0 dispositivos encontrados
2026-01-04 04:42:05.340 | INFO     | [OP-20260104_044158-0002] SCAN_RESULT | Devices_Found: 0
2026-01-04 04:42:05.341 | INFO     | A fazer scan BLE durante 5000ms...
2026-01-04 04:42:05.343 | INFO     | [OP-20260104_044158-0003] SCAN_START | Duration: 5000ms | Filter_IoT: True
2026-01-04 04:42:10.461 | INFO     | Scan concluído: 0 dispositivos encontrados
2026-01-04 04:42:10.463 | INFO     | [OP-20260104_044158-0004] SCAN_RESULT | Devices_Found: 0
2026-01-04 04:42:12.955 | INFO     | A fazer scan BLE durante 5000ms...
2026-01-04 04:42:12.957 | INFO     | [OP-20260104_044158-0005] SCAN_START | Duration: 5000ms | Filter_IoT: True
2026-01-04 04:42:18.190 | INFO     | Scan concluído: 0 dispositivos encontrados
2026-01-04 04:42:18.190 | INFO     | [OP-20260104_044158-0006] SCAN_RESULT | Devices_Found: 0
2026-01-04 04:42:18.191 | INFO     | A fazer scan BLE durante 5000ms...
2026-01-04 04:42:18.191 | INFO     | [OP-20260104_044158-0007] SCAN_START | Duration: 5000ms | Filter_IoT: True
2026-01-04 04:42:23.213 | DEBUG    |   Encontrado: Unknown (E0:D3:62:D6:EE:A0) RSSI: -58 dBm
2026-01-04 04:42:23.214 | INFO     | Scan concluído: 1 dispositivos encontrados
2026-01-04 04:42:23.216 | INFO     | [OP-20260104_044158-0008] SCAN_RESULT | Devices_Found: 1
2026-01-04 04:42:23.217 | DEBUG    | [OP-20260104_044158-0008]   Device_1: Name: Unknown | Address: E0:D3:62:D6:EE:A0 | RSSI: -58 dBm | Services: 1
2026-01-04 04:42:26.735 | INFO     | A conectar ao Sink E0:D3:62:D6:EE:A0...
2026-01-04 04:42:26.737 | DEBUG    | BLEConnection criada para E0:D3:62:D6:EE:A0
2026-01-04 04:42:26.737 | INFO     | A conectar a E0:D3:62:D6:EE:A0...
2026-01-04 04:42:26.740 | INFO     | [OP-20260104_044158-0009] CONNECT_ATTEMPT | Local: 58:00:E3:66:74:7C | Remote: E0:D3:62:D6:EE:A0
2026-01-04 04:42:55.380 | ERROR    | Erro ao conectar a E0:D3:62:D6:EE:A0: The requested operation has failed.
2026-01-04 04:42:55.382 | ERROR    | [OP-20260104_044158-0010] CONNECT_FAILED | Remote: E0:D3:62:D6:EE:A0 | Error: The requested operation has failed.
2026-01-04 04:42:55.384 | DEBUG    | Conexão falhou, tentando refresh do cache e retry...
2026-01-04 04:42:57.395 | DEBUG    | Peripheral refreshed, tentando conectar novamente...
2026-01-04 04:42:57.396 | DEBUG    | BLEConnection criada para E0:D3:62:D6:EE:A0
2026-01-04 04:42:57.397 | INFO     | A conectar a E0:D3:62:D6:EE:A0...
2026-01-04 04:42:57.401 | INFO     | [OP-20260104_044158-0011] CONNECT_ATTEMPT | Local: 58:00:E3:66:74:7C | Remote: E0:D3:62:D6:EE:A0
2026-01-04 04:43:26.479 | ERROR    | Erro ao conectar a E0:D3:62:D6:EE:A0: The requested operation has failed.
2026-01-04 04:43:26.481 | ERROR    | [OP-20260104_044158-0012] CONNECT_FAILED | Remote: E0:D3:62:D6:EE:A0 | Error: The requested operation has failed.
2026-01-04 04:43:26.483 | ERROR    | Falha ao conectar a E0:D3:62:D6:EE:A0 após todas as tentativas
2026-01-04 04:43:26.485 | ERROR    | ❌ Falha ao conectar ao Sink
2026-01-04 04:43:29.175 | INFO     | A fazer scan BLE durante 5000ms...
2026-01-04 04:43:29.176 | INFO     | [OP-20260104_044158-0013] SCAN_START | Duration: 5000ms | Filter_IoT: True
2026-01-04 04:43:34.385 | INFO     | Scan concluído: 0 dispositivos encontrados
2026-01-04 04:43:34.390 | INFO     | [OP-20260104_044158-0014] SCAN_RESULT | Devices_Found: 0
2026-01-04 04:43:34.391 | INFO     | A fazer scan BLE durante 5000ms...
2026-01-04 04:43:34.391 | INFO     | [OP-20260104_044158-0015] SCAN_START | Duration: 5000ms | Filter_IoT: True
2026-01-04 04:43:39.509 | DEBUG    |   Encontrado: Unknown (E0:D3:62:D6:EE:A0) RSSI: -58 dBm
2026-01-04 04:43:39.510 | INFO     | Scan concluído: 1 dispositivos encontrados
2026-01-04 04:43:39.513 | INFO     | [OP-20260104_044158-0016] SCAN_RESULT | Devices_Found: 1
2026-01-04 04:43:39.515 | DEBUG    | [OP-20260104_044158-0016]   Device_1: Name: Unknown | Address: E0:D3:62:D6:EE:A0 | RSSI: -58 dBm | Services: 1
2026-01-04 04:43:42.350 | INFO     | A conectar ao Sink E0:D3:62:D6:EE:A0...
2026-01-04 04:43:42.351 | DEBUG    | BLEConnection criada para E0:D3:62:D6:EE:A0
2026-01-04 04:43:42.352 | INFO     | A conectar a E0:D3:62:D6:EE:A0...
2026-01-04 04:43:42.355 | INFO     | [OP-20260104_044158-0017] CONNECT_ATTEMPT | Local: 58:00:E3:66:74:7C | Remote: E0:D3:62:D6:EE:A0
2026-01-04 04:44:09.182 | ERROR    | Erro ao conectar a E0:D3:62:D6:EE:A0: The requested operation has failed.
2026-01-04 04:44:09.183 | ERROR    | [OP-20260104_044158-0018] CONNECT_FAILED | Remote: E0:D3:62:D6:EE:A0 | Error: The requested operation has failed.
2026-01-04 04:44:09.184 | DEBUG    | Conexão falhou, tentando refresh do cache e retry...
2026-01-04 04:44:11.192 | DEBUG    | Peripheral refreshed, tentando conectar novamente...
2026-01-04 04:44:11.193 | DEBUG    | BLEConnection criada para E0:D3:62:D6:EE:A0
2026-01-04 04:44:11.194 | INFO     | A conectar a E0:D3:62:D6:EE:A0...
2026-01-04 04:44:11.197 | INFO     | [OP-20260104_044158-0019] CONNECT_ATTEMPT | Local: 58:00:E3:66:74:7C | Remote: E0:D3:62:D6:EE:A0
2026-01-04 04:44:41.568 | ERROR    | Erro ao conectar a E0:D3:62:D6:EE:A0: The requested operation has failed.
2026-01-04 04:44:41.569 | ERROR    | [OP-20260104_044158-0020] CONNECT_FAILED | Remote: E0:D3:62:D6:EE:A0 | Error: The requested operation has failed.
2026-01-04 04:44:41.571 | ERROR    | Falha ao conectar a E0:D3:62:D6:EE:A0 após todas as tentativas
2026-01-04 04:44:41.572 | ERROR    | ❌ Falha ao conectar ao Sink
2026-01-04 04:46:46.026 | INFO     | Cliente :1.328 subscreveu notificações de pacotes
2026-01-04 04:46:46.162 | DEBUG    | DeviceInfo lida: NID=a40543fa..., hops=-1, type=0
2026-01-04 04:46:46.251 | INFO     | Cliente :1.328 subscreveu auth indications
2026-01-04 04:46:46.347 | DEBUG    | Auth data recebida de :1.328: 183 bytes
2026-01-04 04:46:46.348 | DEBUG    | FragmentReassembler inicializado
2026-01-04 04:46:46.348 | DEBUG    | Criado reassembler para cliente :1.328
2026-01-04 04:46:46.349 | DEBUG    | Fragmento recebido: seq=0, total=5, payload=180 bytes, flags=0x01
2026-01-04 04:46:46.349 | INFO     | Iniciando recepção de 5 fragmentos
2026-01-04 04:46:46.351 | DEBUG    | Fragmento 1/5 armazenado (1 de 5 recebidos)
2026-01-04 04:46:46.352 | DEBUG    | Aguardando mais fragmentos de :1.328
2026-01-04 04:46:46.528 | DEBUG    | Auth data recebida de :1.328: 183 bytes
2026-01-04 04:46:46.529 | DEBUG    | Fragmento recebido: seq=1, total=5, payload=180 bytes, flags=0x00
2026-01-04 04:46:46.530 | DEBUG    | Fragmento 2/5 armazenado (2 de 5 recebidos)
2026-01-04 04:46:46.531 | DEBUG    | Aguardando mais fragmentos de :1.328
2026-01-04 04:46:46.751 | DEBUG    | Auth data recebida de :1.328: 183 bytes
2026-01-04 04:46:46.752 | DEBUG    | Fragmento recebido: seq=2, total=5, payload=180 bytes, flags=0x00
2026-01-04 04:46:46.753 | DEBUG    | Fragmento 3/5 armazenado (3 de 5 recebidos)
2026-01-04 04:46:46.753 | DEBUG    | Aguardando mais fragmentos de :1.328
2026-01-04 04:46:46.931 | DEBUG    | Auth data recebida de :1.328: 183 bytes
2026-01-04 04:46:46.931 | DEBUG    | Fragmento recebido: seq=3, total=5, payload=180 bytes, flags=0x00
2026-01-04 04:46:46.932 | DEBUG    | Fragmento 4/5 armazenado (4 de 5 recebidos)
2026-01-04 04:46:46.933 | DEBUG    | Aguardando mais fragmentos de :1.328
2026-01-04 04:46:47.111 | DEBUG    | Auth data recebida de :1.328: 173 bytes
2026-01-04 04:46:47.111 | DEBUG    | Fragmento recebido: seq=4, total=5, payload=170 bytes, flags=0x02
2026-01-04 04:46:47.112 | DEBUG    | Fragmento 5/5 armazenado (5 de 5 recebidos)
2026-01-04 04:46:47.113 | INFO     | ✅ Mensagem reconstruída: 890 bytes (5 fragmentos)
2026-01-04 04:46:47.114 | DEBUG    | FragmentReassembler resetado
2026-01-04 04:46:47.115 | INFO     | Mensagem completa recebida de :1.328: 890 bytes
2026-01-04 04:46:47.116 | ERROR    | Erro no auth callback: IoTNode._on_downlink_auth_message() takes 2 positional arguments but 3 were given
2026-01-04 04:46:53.721 | INFO     | Cliente :1.328 cancelou subscrição de pacotes
2026-01-04 04:46:53.812 | INFO     | Cliente :1.328 cancelou subscrição de auth
2026-01-04 04:47:02.512 | INFO     | A parar Node...
2026-01-04 04:47:02.514 | INFO     | A parar GATT Server...
2026-01-04 04:47:02.516 | INFO     | ✅ GATT Server parado
2026-01-04 04:47:02.518 | INFO     | ✅ Node parado
