2025-12-30 17:04:49.830 | INFO     | BLE Operation Logger iniciado: ble_operations_A08869B6F7D2_20251230_170449.log
2025-12-30 17:04:49.830 | INFO     | Scanner BLE iniciado: hci0 (A0:88:69:B6:F7:D2)
2025-12-30 17:04:49.830 | INFO     | BLE Client iniciado
2025-12-30 17:04:49.831 | INFO     | IoT Node inicializado (adapter=hci0)
2025-12-30 17:04:49.831 | INFO     | ============================================================
2025-12-30 17:04:49.831 | INFO     |   A iniciar IoT Node (dual-mode)
2025-12-30 17:04:49.832 | INFO     | ============================================================
2025-12-30 17:04:49.832 | INFO     | A configurar GATT Server...
2025-12-30 17:04:49.834 | INFO     | Application criada: /
2025-12-30 17:04:49.834 | INFO     | Service criado: /0 (UUID: 12340000-0000-1000-8000-00805f9b34fb, primary: True)
2025-12-30 17:04:49.834 | INFO     | A criar IoTNetworkService...
2025-12-30 17:04:49.835 | DEBUG    | Characteristic criada: /0/char0 (UUID: 12340001-0000-1000-8000-00805f9b34fb, flags: ['write', 'notify'])
2025-12-30 17:04:49.835 | INFO     | NetworkPacketCharacteristic criada
2025-12-30 17:04:49.835 | DEBUG    | Characteristic criada: /0/char1 (UUID: 12340002-0000-1000-8000-00805f9b34fb, flags: ['read'])
2025-12-30 17:04:49.836 | INFO     | DeviceInfoCharacteristic criada: NID=53a84472..., type=node
2025-12-30 17:04:49.836 | DEBUG    | Characteristic criada: /0/char2 (UUID: 12340003-0000-1000-8000-00805f9b34fb, flags: ['read', 'notify'])
2025-12-30 17:04:49.836 | INFO     | NeighborTableCharacteristic criada
2025-12-30 17:04:49.836 | DEBUG    | Characteristic criada: /0/char3 (UUID: 12340004-0000-1000-8000-00805f9b34fb, flags: ['write', 'indicate'])
2025-12-30 17:04:49.836 | INFO     | AuthCharacteristic criada
2025-12-30 17:04:49.836 | DEBUG    | Characteristic adicionada a /0: /0/char0
2025-12-30 17:04:49.837 | DEBUG    | Characteristic adicionada a /0: /0/char1
2025-12-30 17:04:49.837 | DEBUG    | Characteristic adicionada a /0: /0/char2
2025-12-30 17:04:49.837 | DEBUG    | Characteristic adicionada a /0: /0/char3
2025-12-30 17:04:49.837 | INFO     | ✅ IoTNetworkService criado com sucesso!
2025-12-30 17:04:49.837 | INFO     | Service adicionado à aplicação: /0
2025-12-30 17:04:49.837 | DEBUG    | Packet callback definido
2025-12-30 17:04:49.837 | DEBUG    | Auth callback definido
2025-12-30 17:04:49.838 | INFO     | Advertisement criado: /org/bluez/iot/advertisement0 (type: peripheral)
2025-12-30 17:04:49.838 | INFO     | ✅ Service UUID adicionado ao advertising: 12340000-0000-1000-8000-00805f9b34fb
2025-12-30 17:04:49.838 | INFO     |    Lista atual de UUIDs: ['12340000-0000-1000-8000-00805f9b34fb']
2025-12-30 17:04:49.838 | DEBUG    | Local name definido: IoT-Node-53a84472
2025-12-30 17:04:49.839 | DEBUG    | Manufacturer data adicionado: ID=65535
2025-12-30 17:04:49.839 | INFO     | ✅ GATT Server configurado
2025-12-30 17:04:49.839 | INFO     | A iniciar GATT Server...
2025-12-30 17:04:49.841 | INFO     | ✅ GATT Server iniciado em thread separada
2025-12-30 17:04:49.841 | INFO     | ✅ GATT Server ativo - aguardando downlinks
2025-12-30 17:04:49.842 | INFO     | 🔍 A procurar Sink...
2025-12-30 17:04:49.842 | INFO     | A fazer scan BLE durante 5000ms...
2025-12-30 17:04:49.842 | INFO     | [OP-20251230_170449-0001] SCAN_START | Duration: 5000ms | Filter_IoT: True
2025-12-30 17:04:49.846 | DEBUG    | GetManagedObjects called
2025-12-30 17:04:49.847 | DEBUG    | GetManagedObjects returning 5 objects
2025-12-30 17:04:49.925 | INFO     | ✅ GATT application registada!
2025-12-30 17:04:49.926 | DEBUG    | GetAll called on /org/bluez/iot/advertisement0
2025-12-30 17:04:49.926 | INFO     | 📡 Advertising com ServiceUUIDs: ['12340000-0000-1000-8000-00805f9b34fb']
2025-12-30 17:04:49.960 | INFO     | ✅ Advertisement registado!
2025-12-30 17:04:54.959 | INFO     | Scan concluído: 0 dispositivos encontrados
2025-12-30 17:04:54.959 | INFO     | [OP-20251230_170449-0002] SCAN_RESULT | Devices_Found: 0
2025-12-30 17:04:54.960 | INFO     | Encontrados 0 dispositivos IoT
2025-12-30 17:04:54.961 | INFO     | A fazer scan BLE durante 5000ms...
2025-12-30 17:04:54.961 | INFO     | [OP-20251230_170449-0003] SCAN_START | Duration: 5000ms | Filter_IoT: True
2025-12-30 17:04:59.984 | DEBUG    |   Encontrado: IoT-Sink-c5c55ab2 (E0:D3:62:D6:EE:A0) RSSI: -62 dBm
2025-12-30 17:04:59.987 | INFO     | Scan concluído: 1 dispositivos encontrados
2025-12-30 17:04:59.989 | INFO     | [OP-20251230_170449-0004] SCAN_RESULT | Devices_Found: 1
2025-12-30 17:04:59.990 | DEBUG    | [OP-20251230_170449-0004]   Device_1: Name: IoT-Sink-c5c55ab2 | Address: E0:D3:62:D6:EE:A0 | RSSI: -62 dBm | Services: 5
2025-12-30 17:04:59.991 | INFO     | Encontrados 1 dispositivos IoT
2025-12-30 17:04:59.994 | DEBUG    |   Device: IoT-Sink-c5c55ab2 (E0:D3:62:D6:EE:A0) RSSI: -62 dBm
2025-12-30 17:04:59.994 | DEBUG    |     Type=0, HopCount=255
2025-12-30 17:04:59.994 | INFO     | ✅ Sink encontrado: IoT-Sink-c5c55ab2 (E0:D3:62:D6:EE:A0) RSSI: -62 dBm
2025-12-30 17:04:59.995 | INFO     | A conectar ao Sink E0:D3:62:D6:EE:A0...
2025-12-30 17:04:59.996 | DEBUG    | BLEConnection criada para E0:D3:62:D6:EE:A0
2025-12-30 17:04:59.997 | INFO     | A conectar a E0:D3:62:D6:EE:A0...
2025-12-30 17:04:59.997 | INFO     | [OP-20251230_170449-0005] CONNECT_ATTEMPT | Local: A0:88:69:B6:F7:D2 | Remote: E0:D3:62:D6:EE:A0
2025-12-30 17:05:03.329 | INFO     | ✅ Conectado a E0:D3:62:D6:EE:A0
2025-12-30 17:05:03.330 | INFO     | [OP-20251230_170449-0006] CONNECT_SUCCESS | Remote: E0:D3:62:D6:EE:A0 | Time: 3328.62ms
2025-12-30 17:05:03.331 | DEBUG    | ✅ Conexão estabelecida. Operações GATT usarão D-Bus se necessário.
2025-12-30 17:05:03.331 | INFO     | ✅ Conectado ao Sink via GATT
2025-12-30 17:05:03.334 | DEBUG    | Descobertos 4 serviços
2025-12-30 17:05:03.337 | DEBUG    | Serviço 12340000-0000-1000-8000-00805f9b34fb encontrado
2025-12-30 17:05:03.337 | INFO     | ✅ Serviço IoT Network encontrado
2025-12-30 17:05:03.338 | INFO     | A subscrever a notificações...
2025-12-30 17:05:03.516 | INFO     | ✅ Subscrito a notificações: 12340001-0000-1000-8000-00805f9b34fb
2025-12-30 17:05:03.517 | INFO     | [OP-20251230_170449-0007] SUBSCRIBE_SUCCESS | Remote: E0:D3:62:D6:EE:A0 | Char: 12340001-0000-1000-8000-00805f9b34fb
2025-12-30 17:05:03.517 | INFO     | ✅ Subscrito a NETWORK_PACKET
2025-12-30 17:05:03.517 | DEBUG    | [OP-20251230_170449-0008] READ_REQUEST | Remote: E0:D3:62:D6:EE:A0 | Service: 12340000-0000-1000-8000-00805f9b34fb | Char: 12340002-0000-1000-8000-00805f9b34fb
2025-12-30 17:05:03.616 | DEBUG    | Read 12340002-0000-1000-8000-00805f9b34fb: 18 bytes
2025-12-30 17:05:03.617 | INFO     | [OP-20251230_170449-0009] READ_RESPONSE | Remote: E0:D3:62:D6:EE:A0 | Char: 12340002-0000-1000-8000-00805f9b34fb | Data: 18 bytes | Hex: c5c55ab2c469427db40fbf51ab0af380ff01 | ASCII: ..Z..iB}...Q......
2025-12-30 17:05:03.617 | INFO     | ✅ Conectado ao Sink - hop_count=0
2025-12-30 17:05:03.618 | DEBUG    | Manufacturer data adicionado: ID=65535
2025-12-30 17:05:03.619 | DEBUG    | Advertisement atualizado: hop_count=0
2025-12-30 17:05:03.619 | INFO     | 🔐 A iniciar autenticação com Sink...
2025-12-30 17:05:03.620 | WARNING  | ⚠️  Autenticação não totalmente implementada - usando placeholder
2025-12-30 17:05:03.621 | INFO     | ✅ Autenticação completada (placeholder)
2025-12-30 17:05:03.621 | INFO     | ============================================================
2025-12-30 17:05:03.622 | INFO     | ✅ Node pronto! Uplink conectado (hop=0)
2025-12-30 17:05:03.623 | INFO     | ============================================================
2025-12-30 17:05:06.019 | INFO     | [OP-20251230_170449-0010] NOTIFICATION | Remote: E0:D3:62:D6:EE:A0 | Char: 12340001-0000-1000-8000-00805f9b34fb | Data: 158 bytes | Hex: c5c55ab2c469427db40fbf51ab0af380c5c55ab2c469427db40fbf51ab0af38002010000003b7d4d25a53f8a002a29d1112560ad8a8d66caa400926e80f2a888 | ASCII: ..Z..iB}...Q......Z..iB}...Q.........;}M%.?..*)..%`...f....n.... [TRUNCATED]
2025-12-30 17:05:06.021 | INFO     | Sink NID identificado: c5c55ab2...
2025-12-30 17:05:06.021 | DEBUG    | Novo source c5c55ab2...: seq=59 (primeiro pacote)
2025-12-30 17:05:06.022 | DEBUG    | 💓 Heartbeat recebido (seq=59, age=-0.09s)
2025-12-30 17:05:09.305 | INFO     | 
Sinal 2 recebido, a parar...
2025-12-30 17:05:09.305 | INFO     | A parar Node...
2025-12-30 17:05:09.305 | INFO     | A parar GATT Server...
2025-12-30 17:05:09.306 | INFO     | ✅ GATT Server parado
2025-12-30 17:05:11.767 | INFO     | 
Sinal 15 recebido, a parar...
2025-12-30 17:05:11.768 | INFO     | A parar Node...
2025-12-30 17:05:11.768 | INFO     | A parar GATT Server...
2025-12-30 17:05:11.769 | INFO     | ✅ GATT Server parado
2025-12-30 17:05:11.771 | INFO     | Desconectado de E0:D3:62:D6:EE:A0
2025-12-30 17:05:11.772 | INFO     | [OP-20251230_170449-0011] DISCONNECT | Remote: E0:D3:62:D6:EE:A0 | Reason: normal
2025-12-30 17:05:11.772 | INFO     | ✅ Node parado
2025-12-30 17:05:11.773 | INFO     | Desconectado de E0:D3:62:D6:EE:A0
2025-12-30 17:05:11.773 | INFO     | [OP-20251230_170449-0012] DISCONNECT | Remote: E0:D3:62:D6:EE:A0 | Reason: normal
2025-12-30 17:05:11.773 | INFO     | ✅ Node parado
2025-12-30 17:05:09.304 | INFO     | 
Sinal 2 recebido, a parar...
2025-12-30 17:05:11.774 | INFO     | A parar Node...
2025-12-30 17:05:11.775 | INFO     | A parar GATT Server...
2025-12-30 17:05:11.775 | INFO     | ✅ GATT Server parado
2025-12-30 17:05:11.775 | INFO     | ✅ Node parado
2025-12-30 17:05:11.776 | WARNING  | ⚠️  Conexão perdida com Sink
2025-12-30 17:05:11.776 | INFO     | A parar Node...
2025-12-30 17:05:11.777 | INFO     | A parar GATT Server...
2025-12-30 17:05:11.778 | INFO     | ✅ GATT Server parado
2025-12-30 17:05:11.778 | INFO     | ✅ Node parado
