2025-12-29 19:26:22.225 | INFO     | BLE Operation Logger iniciado: ble_operations_A08869B6F7D2_20251229_192622.log
2025-12-29 19:26:22.226 | INFO     | Scanner BLE iniciado: hci0 (A0:88:69:B6:F7:D2)
2025-12-29 19:26:22.226 | INFO     | BLE Client iniciado
2025-12-29 19:26:22.227 | INFO     | BLE Client criado
2025-12-29 19:26:22.227 | INFO     | NeighborDiscovery inicializado: scan_interval=30s, scan_duration=5000ms, timeout=120s
2025-12-29 19:26:22.228 | INFO     | NeighborDiscovery criado
2025-12-29 19:26:22.228 | INFO     | Link Manager iniciado
2025-12-29 19:26:22.229 | INFO     | LinkManager criado
2025-12-29 19:26:27.288 | INFO     | A iniciar scan de vizinhos...
2025-12-29 19:26:27.289 | DEBUG    | A limpar cache de scan BLE...
2025-12-29 19:26:27.494 | DEBUG    | Cache de scan limpo
2025-12-29 19:26:27.495 | INFO     | A fazer scan BLE durante 5000ms...
2025-12-29 19:26:27.498 | INFO     | [OP-20251229_192622-0001] SCAN_START | Duration: 5000ms | Filter_IoT: True
2025-12-29 19:26:32.516 | DEBUG    |   Encontrado: IoT-Node (E0:D3:62:D6:EE:A0) RSSI: -46 dBm
2025-12-29 19:26:32.517 | INFO     | Scan concluído: 1 dispositivos encontrados
2025-12-29 19:26:32.517 | INFO     | [OP-20251229_192622-0002] SCAN_RESULT | Devices_Found: 1
2025-12-29 19:26:32.518 | DEBUG    | [OP-20251229_192622-0002]   Device_1: Name: IoT-Node | Address: E0:D3:62:D6:EE:A0 | RSSI: -46 dBm | Services: 1
2025-12-29 19:26:32.518 | INFO     | Scan concluído: 1 dispositivos IoT encontrados
2025-12-29 19:26:32.519 | DEBUG    | A conectar a E0:D3:62:D6:EE:A0 para ler DeviceInfo...
2025-12-29 19:26:32.522 | DEBUG    | BLEConnection criada para E0:D3:62:D6:EE:A0
2025-12-29 19:26:32.522 | INFO     | A conectar a E0:D3:62:D6:EE:A0...
2025-12-29 19:26:32.523 | INFO     | [OP-20251229_192622-0003] CONNECT_ATTEMPT | Local: A0:88:69:B6:F7:D2 | Remote: E0:D3:62:D6:EE:A0
2025-12-29 19:26:35.807 | INFO     | ✅ Conectado a E0:D3:62:D6:EE:A0
2025-12-29 19:26:35.808 | INFO     | [OP-20251229_192622-0004] CONNECT_SUCCESS | Remote: E0:D3:62:D6:EE:A0 | Time: 3280.87ms
2025-12-29 19:26:35.809 | DEBUG    | ✅ Conexão estabelecida. Operações GATT usarão D-Bus se necessário.
2025-12-29 19:26:35.810 | DEBUG    | [OP-20251229_192622-0005] READ_REQUEST | Remote: E0:D3:62:D6:EE:A0 | Service: 12340000-0000-1000-8000-00805f9b34fb | Char: 12340002-0000-1000-8000-00805f9b34fb
2025-12-29 19:26:36.313 | DEBUG    | Read 12340002-0000-1000-8000-00805f9b34fb: 18 bytes
2025-12-29 19:26:36.314 | INFO     | [OP-20251229_192622-0006] READ_RESPONSE | Remote: E0:D3:62:D6:EE:A0 | Char: 12340002-0000-1000-8000-00805f9b34fb | Data: 18 bytes | Hex: 3fd2c25177aa47b3ad99e63d7d5ef5a10100 | ASCII: ?..Qw.G....=}^....
2025-12-29 19:26:36.315 | INFO     | Vizinho descoberto: E0:D3:62:D6:EE:A0 (3fd2c251...) hop=1 rssi=-46dBm type=node disconnected seen=0.0s ago
2025-12-29 19:26:38.572 | INFO     | Desconectado de E0:D3:62:D6:EE:A0
2025-12-29 19:26:38.573 | INFO     | [OP-20251229_192622-0007] DISCONNECT | Remote: E0:D3:62:D6:EE:A0 | Reason: normal
2025-12-29 19:26:38.575 | INFO     | Novo vizinho adicionado: E0:D3:62:D6:EE:A0
2025-12-29 19:26:54.819 | INFO     | A conectar a vizinho E0:D3:62:D6:EE:A0...
2025-12-29 19:26:54.821 | DEBUG    | BLEConnection criada para E0:D3:62:D6:EE:A0
2025-12-29 19:26:54.821 | INFO     | A conectar a E0:D3:62:D6:EE:A0...
2025-12-29 19:26:54.823 | INFO     | [OP-20251229_192622-0008] CONNECT_ATTEMPT | Local: A0:88:69:B6:F7:D2 | Remote: E0:D3:62:D6:EE:A0
2025-12-29 19:26:57.551 | INFO     | ✅ Conectado a E0:D3:62:D6:EE:A0
2025-12-29 19:26:57.552 | INFO     | [OP-20251229_192622-0009] CONNECT_SUCCESS | Remote: E0:D3:62:D6:EE:A0 | Time: 2723.04ms
2025-12-29 19:26:57.553 | DEBUG    | ✅ Conexão estabelecida. Operações GATT usarão D-Bus se necessário.
2025-12-29 19:26:57.554 | INFO     | Link criado: Link[E0:D3:62:D6:EE:A0] -> NODE NID=3fd2c251... hop=1 (UPLINK)
2025-12-29 19:26:57.554 | INFO     | ✅ Uplink definido: Link[E0:D3:62:D6:EE:A0] -> NODE NID=3fd2c251... hop=1
2025-12-29 19:26:57.555 | INFO     | ✅ Conectado a E0:D3:62:D6:EE:A0 e uplink estabelecido
2025-12-29 19:26:57.556 | DEBUG    | Vizinho E0:D3:62:D6:EE:A0 marcado como conectado
2025-12-29 19:27:36.236 | INFO     | Comando stop_heartbeat enviado
2025-12-29 19:27:46.129 | INFO     | Comando stop_heartbeat enviado
2025-12-29 19:28:06.575 | INFO     | A limpar recursos...
2025-12-29 19:28:06.577 | INFO     | A desconectar uplink E0:D3:62:D6:EE:A0...
2025-12-29 19:28:06.579 | INFO     | A desconectar do uplink E0:D3:62:D6:EE:A0
2025-12-29 19:28:08.569 | INFO     | Desconectado de E0:D3:62:D6:EE:A0
2025-12-29 19:28:08.570 | INFO     | [OP-20251229_192622-0010] DISCONNECT | Remote: E0:D3:62:D6:EE:A0 | Reason: normal
2025-12-29 19:28:08.571 | WARNING  | ⚠️  Uplink desconectado!
2025-12-29 19:28:08.572 | INFO     | Uplink removido
2025-12-29 19:28:08.575 | INFO     | ✅ Recursos limpos
