2026-01-04 15:46:29.783 | INFO     | BLE Operation Logger iniciado: ble_operations_E0D362D6EEA0_20260104_154629.log
2026-01-04 15:46:29.784 | INFO     | Scanner BLE iniciado: hci0 (E0:D3:62:D6:EE:A0)
2026-01-04 15:46:29.785 | INFO     | BLE Client iniciado
2026-01-04 15:46:29.785 | DEBUG    | FragmentReassembler inicializado
2026-01-04 15:46:29.785 | INFO     | ReplayProtection iniciado (window_size=100)
2026-01-04 15:46:29.786 | INFO     | 🔀 Router Daemon inicializado para NID=0abd8260...
2026-01-04 15:46:29.786 | DEBUG    | ✅ Send callback configurado
2026-01-04 15:46:29.787 | DEBUG    | ✅ Handler registado para MessageType(1)
2026-01-04 15:46:29.787 | DEBUG    | ✅ Handler registado para MessageType(2)
2026-01-04 15:46:29.787 | INFO     | IoT Node inicializado (adapter=hci0)
2026-01-04 15:46:29.788 | INFO     | ✅ Router Daemon integrado
2026-01-04 15:46:29.788 | INFO     | A configurar GATT Server...
2026-01-04 15:46:29.790 | INFO     | Application criada: /
2026-01-04 15:46:29.791 | INFO     | Service criado: /0 (UUID: 12340000-0000-1000-8000-00805f9b34fb, primary: True)
2026-01-04 15:46:29.792 | INFO     | A criar IoTNetworkService...
2026-01-04 15:46:29.793 | DEBUG    | Characteristic criada: /0/char0 (UUID: 12340001-0000-1000-8000-00805f9b34fb, flags: ['write', 'notify'])
2026-01-04 15:46:29.793 | INFO     | NetworkPacketCharacteristic criada
2026-01-04 15:46:29.794 | DEBUG    | Characteristic criada: /0/char1 (UUID: 12340002-0000-1000-8000-00805f9b34fb, flags: ['read'])
2026-01-04 15:46:29.794 | INFO     | DeviceInfoCharacteristic criada: NID=0abd8260..., type=node
2026-01-04 15:46:29.795 | DEBUG    | Characteristic criada: /0/char2 (UUID: 12340003-0000-1000-8000-00805f9b34fb, flags: ['read', 'notify'])
2026-01-04 15:46:29.795 | INFO     | NeighborTableCharacteristic criada
2026-01-04 15:46:29.795 | DEBUG    | Characteristic criada: /0/char3 (UUID: 12340004-0000-1000-8000-00805f9b34fb, flags: ['write', 'indicate'])
2026-01-04 15:46:29.796 | INFO     | AuthCharacteristic criada
2026-01-04 15:46:29.797 | DEBUG    | Characteristic adicionada a /0: /0/char0
2026-01-04 15:46:29.797 | DEBUG    | Characteristic adicionada a /0: /0/char1
2026-01-04 15:46:29.797 | DEBUG    | Characteristic adicionada a /0: /0/char2
2026-01-04 15:46:29.797 | DEBUG    | Characteristic adicionada a /0: /0/char3
2026-01-04 15:46:29.797 | INFO     | ✅ IoTNetworkService criado com sucesso!
2026-01-04 15:46:29.798 | INFO     | Service adicionado à aplicação: /0
2026-01-04 15:46:29.799 | DEBUG    | Packet callback definido
2026-01-04 15:46:29.799 | DEBUG    | Auth callback definido
2026-01-04 15:46:29.799 | INFO     | Advertisement criado: /org/bluez/iot/advertisement0 (type: peripheral)
2026-01-04 15:46:29.800 | INFO     | ✅ Service UUID adicionado ao advertising: 12340000-0000-1000-8000-00805f9b34fb
2026-01-04 15:46:29.801 | INFO     |    Lista atual de UUIDs: ['12340000-0000-1000-8000-00805f9b34fb']
2026-01-04 15:46:29.801 | DEBUG    | Local name definido: IoT-Node-0abd8260
2026-01-04 15:46:29.801 | DEBUG    | Manufacturer data adicionado: ID=65535
2026-01-04 15:46:29.802 | INFO     | 🔄 Advertising contínuo configurado (duration=0)
2026-01-04 15:46:29.803 | INFO     | ✅ GATT Server configurado
2026-01-04 15:46:29.803 | INFO     | A iniciar GATT Server...
2026-01-04 15:46:29.807 | INFO     | ✅ GATT Server iniciado em thread separada
2026-01-04 15:46:29.808 | INFO     | ✅ Node Device iniciado - CLI interativo pronto
2026-01-04 15:46:29.810 | DEBUG    | GetManagedObjects called
2026-01-04 15:46:29.811 | DEBUG    | GetManagedObjects returning 5 objects
2026-01-04 15:46:29.903 | INFO     | ✅ GATT application registada!
2026-01-04 15:46:29.904 | DEBUG    | GetAll called on /org/bluez/iot/advertisement0
2026-01-04 15:46:29.904 | INFO     | 📡 Advertising com ServiceUUIDs: ['12340000-0000-1000-8000-00805f9b34fb']
2026-01-04 15:46:30.006 | INFO     | ✅ Advertisement registado!
2026-01-04 15:48:38.044 | INFO     | A fazer scan BLE durante 5000ms...
2026-01-04 15:48:38.045 | INFO     | [OP-20260104_154629-0001] SCAN_START | Duration: 5000ms | Filter_IoT: True
2026-01-04 15:48:43.251 | INFO     | Scan concluído: 0 dispositivos encontrados
2026-01-04 15:48:43.253 | INFO     | [OP-20260104_154629-0002] SCAN_RESULT | Devices_Found: 0
2026-01-04 15:48:43.254 | INFO     | A fazer scan BLE durante 5000ms...
2026-01-04 15:48:43.257 | INFO     | [OP-20260104_154629-0003] SCAN_START | Duration: 5000ms | Filter_IoT: True
2026-01-04 15:48:48.287 | DEBUG    |   Encontrado: IoT-Node-a40543fa (58:00:E3:66:74:7C) RSSI: -56 dBm
2026-01-04 15:48:48.287 | INFO     | Scan concluído: 1 dispositivos encontrados
2026-01-04 15:48:48.288 | INFO     | [OP-20260104_154629-0004] SCAN_RESULT | Devices_Found: 1
2026-01-04 15:48:48.288 | DEBUG    | [OP-20260104_154629-0004]   Device_1: Name: IoT-Node-a40543fa | Address: 58:00:E3:66:74:7C | RSSI: -56 dBm | Services: 1
2026-01-04 15:48:53.220 | INFO     | A conectar ao Sink 58:00:E3:66:74:7C...
2026-01-04 15:48:53.221 | DEBUG    | BLEConnection criada para 58:00:E3:66:74:7C
2026-01-04 15:48:53.222 | INFO     | A conectar a 58:00:E3:66:74:7C...
2026-01-04 15:48:53.223 | INFO     | [OP-20260104_154629-0005] CONNECT_ATTEMPT | Local: E0:D3:62:D6:EE:A0 | Remote: 58:00:E3:66:74:7C
2026-01-04 15:48:56.298 | INFO     | ✅ Conectado a 58:00:E3:66:74:7C
2026-01-04 15:48:56.299 | INFO     | [OP-20260104_154629-0006] CONNECT_SUCCESS | Remote: 58:00:E3:66:74:7C | Time: 3070.35ms
2026-01-04 15:48:56.300 | DEBUG    | ✅ Conexão estabelecida. Operações GATT usarão D-Bus se necessário.
2026-01-04 15:48:56.300 | INFO     | ✅ Conectado ao Sink via GATT
2026-01-04 15:48:56.304 | DEBUG    | Descobertos 3 serviços
2026-01-04 15:48:56.308 | DEBUG    | Serviço 12340000-0000-1000-8000-00805f9b34fb encontrado
2026-01-04 15:48:56.308 | INFO     | ✅ Serviço IoT Network encontrado
2026-01-04 15:48:56.310 | DEBUG    | 🔄 Timestamp de heartbeat resetado para nova conexão
2026-01-04 15:48:56.310 | INFO     | A subscrever a notificações...
2026-01-04 15:48:56.735 | INFO     | ✅ Subscrito a notificações: 12340001-0000-1000-8000-00805f9b34fb
2026-01-04 15:48:56.737 | INFO     | [OP-20260104_154629-0007] SUBSCRIBE_SUCCESS | Remote: 58:00:E3:66:74:7C | Char: 12340001-0000-1000-8000-00805f9b34fb
2026-01-04 15:48:56.738 | INFO     | ✅ Subscrito a NETWORK_PACKET
2026-01-04 15:48:56.740 | DEBUG    | [OP-20260104_154629-0008] READ_REQUEST | Remote: 58:00:E3:66:74:7C | Service: 12340000-0000-1000-8000-00805f9b34fb | Char: 12340002-0000-1000-8000-00805f9b34fb
2026-01-04 15:48:56.825 | DEBUG    | Read 12340002-0000-1000-8000-00805f9b34fb: 18 bytes
2026-01-04 15:48:56.826 | INFO     | [OP-20260104_154629-0009] READ_RESPONSE | Remote: 58:00:E3:66:74:7C | Char: 12340002-0000-1000-8000-00805f9b34fb | Data: 18 bytes | Hex: a40543face324331ad8d4798037bfbc7ff00 | ASCII: ..C..2C1..G..{....
2026-01-04 15:48:56.827 | INFO     | ✅ Conectado ao Sink - hop_count=0
2026-01-04 15:48:56.828 | INFO     | 🔐 A iniciar autenticação com Sink...
2026-01-04 15:48:56.829 | DEBUG    | 📡 A subscrever a AUTH characteristic...
2026-01-04 15:48:56.914 | INFO     | ✅ Subscrito a notificações: 12340004-0000-1000-8000-00805f9b34fb
2026-01-04 15:48:56.915 | INFO     | [OP-20260104_154629-0010] SUBSCRIBE_SUCCESS | Remote: 58:00:E3:66:74:7C | Char: 12340004-0000-1000-8000-00805f9b34fb
2026-01-04 15:48:56.915 | DEBUG    | ✅ Subscrito a AUTH indications
2026-01-04 15:48:56.916 | INFO     | AuthenticationProtocol inicializado para 0abd8260...
2026-01-04 15:48:56.916 | INFO     | 📤 Enviando certificado...
2026-01-04 15:48:56.916 | INFO     | 🔐 Iniciando autenticação - enviando certificado...
2026-01-04 15:48:56.917 | INFO     |    Certificado: 887 bytes
2026-01-04 15:48:56.918 | DEBUG    |    Estado: IDLE → CERT_SENT
2026-01-04 15:48:56.918 | INFO     | Fragmentando mensagem de 890 bytes em 5 fragmentos
2026-01-04 15:48:56.918 | DEBUG    |   Fragmento 1/5: 180 bytes, flags=0x01
2026-01-04 15:48:56.918 | DEBUG    |   Fragmento 2/5: 180 bytes, flags=0x00
2026-01-04 15:48:56.918 | DEBUG    |   Fragmento 3/5: 180 bytes, flags=0x00
2026-01-04 15:48:56.918 | DEBUG    |   Fragmento 4/5: 180 bytes, flags=0x00
2026-01-04 15:48:56.919 | DEBUG    |   Fragmento 5/5: 170 bytes, flags=0x02
2026-01-04 15:48:56.919 | DEBUG    | Enviando mensagem auth: 890 bytes em 5 fragmento(s)
2026-01-04 15:48:56.920 | INFO     | [OP-20260104_154629-0011] WRITE_REQUEST | Remote: 58:00:E3:66:74:7C | Char: 12340004-0000-1000-8000-00805f9b34fb | Data: 183 bytes | Hex: 0100050103772d2d2d2d2d424547494e2043455254494649434154452d2d2d2d2d0a4d4949435954434341634b674177494241674955425269314a556f385272 | ASCII: .....w-----BEGIN CERTIFICATE-----.MIICYTCCAcKgAwIBAgIUBRi1JUo8Rr [TRUNCATED]
2026-01-04 15:48:57.003 | DEBUG    | ✅ Write via SimpleBLE: 12340004-0000-1000-8000-00805f9b34fb (183 bytes)
2026-01-04 15:48:57.004 | INFO     | [OP-20260104_154629-0012] WRITE_SUCCESS | Remote: 58:00:E3:66:74:7C | Char: 12340004-0000-1000-8000-00805f9b34fb
2026-01-04 15:48:57.004 | DEBUG    |   Fragmento 1/5 enviado
2026-01-04 15:48:57.106 | INFO     | [OP-20260104_154629-0013] WRITE_REQUEST | Remote: 58:00:E3:66:74:7C | Char: 12340004-0000-1000-8000-00805f9b34fb | Data: 183 bytes | Hex: 0001054d446b6c765643424f5a58523362334a7249454e424d423458445449324d4445774e4441774e5463784e566f580a44544d324d4445774d6a41774e5463 | ASCII: ...MDklvVCBOZXR3b3JrIENBMB4XDTI2MDEwNDAwNTcxNVoX.DTM2MDEwMjAwNTc [TRUNCATED]
2026-01-04 15:48:57.183 | DEBUG    | ✅ Write via SimpleBLE: 12340004-0000-1000-8000-00805f9b34fb (183 bytes)
2026-01-04 15:48:57.183 | INFO     | [OP-20260104_154629-0014] WRITE_SUCCESS | Remote: 58:00:E3:66:74:7C | Char: 12340004-0000-1000-8000-00805f9b34fb
2026-01-04 15:48:57.184 | DEBUG    |   Fragmento 2/5 enviado
2026-01-04 15:48:57.286 | INFO     | [OP-20260104_154629-0015] WRITE_REQUEST | Remote: 58:00:E3:66:74:7C | Char: 12340004-0000-1000-8000-00805f9b34fb | Data: 183 bytes | Hex: 000205675a7377454159484b6f5a497a6a3043415159464b34454541434d44675959414241415a47726f48704c3249416f6e354f56414d2f534c41433941790a | ASCII: ...gZswEAYHKoZIzj0CAQYFK4EEACMDgYYABAAZGroHpL2IAon5OVAM/SLAC9Ay. [TRUNCATED]
2026-01-04 15:48:57.363 | DEBUG    | ✅ Write via SimpleBLE: 12340004-0000-1000-8000-00805f9b34fb (183 bytes)
2026-01-04 15:48:57.364 | INFO     | [OP-20260104_154629-0016] WRITE_SUCCESS | Remote: 58:00:E3:66:74:7C | Char: 12340004-0000-1000-8000-00805f9b34fb
2026-01-04 15:48:57.364 | DEBUG    |   Fragmento 3/5 enviado
2026-01-04 15:48:57.466 | INFO     | [OP-20260104_154629-0017] WRITE_REQUEST | Remote: 58:00:E3:66:74:7C | Char: 12340004-0000-1000-8000-00805f9b34fb | Data: 183 bytes | Hex: 000305594d574c6568665250740a4e64354f775453414a4e694f3069637059514f355a614d344d44597744415944565230544151482f424149774144414f4267 | ASCII: ...YMWLehfRPt.Nd5OwTSAJNiO0icpYQO5ZaM4MDYwDAYDVR0TAQH/BAIwADAOBg [TRUNCATED]
2026-01-04 15:48:57.543 | DEBUG    | ✅ Write via SimpleBLE: 12340004-0000-1000-8000-00805f9b34fb (183 bytes)
2026-01-04 15:48:57.543 | INFO     | [OP-20260104_154629-0018] WRITE_SUCCESS | Remote: 58:00:E3:66:74:7C | Char: 12340004-0000-1000-8000-00805f9b34fb
2026-01-04 15:48:57.544 | DEBUG    |   Fragmento 4/5 enviado
2026-01-04 15:48:57.646 | INFO     | [OP-20260104_154629-0019] WRITE_REQUEST | Remote: 58:00:E3:66:74:7C | Char: 12340004-0000-1000-8000-00805f9b34fb | Data: 173 bytes | Hex: 020405653836677866637859446f747047433179376761726a6850680a547133775375714333506b30754371454b3853702f5345435167456a385939726a546f | ASCII: ...e86gxfcxYDotpGC1y7garjhPh.Tq3wSuqC3Pk0uCqEK8Sp/SECQgEj8Y9rjTo [TRUNCATED]
2026-01-04 15:48:57.723 | DEBUG    | ✅ Write via SimpleBLE: 12340004-0000-1000-8000-00805f9b34fb (173 bytes)
2026-01-04 15:48:57.723 | INFO     | [OP-20260104_154629-0020] WRITE_SUCCESS | Remote: 58:00:E3:66:74:7C | Char: 12340004-0000-1000-8000-00805f9b34fb
2026-01-04 15:48:57.724 | DEBUG    |   Fragmento 5/5 enviado
2026-01-04 15:48:57.824 | DEBUG    | Autenticação round 1/10
2026-01-04 15:48:58.325 | DEBUG    | Sem resposta ainda, continuando...
2026-01-04 15:48:58.325 | DEBUG    | Autenticação round 2/10
2026-01-04 15:48:58.825 | DEBUG    | Sem resposta ainda, continuando...
2026-01-04 15:48:58.826 | DEBUG    | Autenticação round 3/10
2026-01-04 15:48:59.326 | DEBUG    | Sem resposta ainda, continuando...
2026-01-04 15:48:59.327 | DEBUG    | Autenticação round 4/10
2026-01-04 15:48:59.827 | DEBUG    | Sem resposta ainda, continuando...
2026-01-04 15:48:59.828 | DEBUG    | Autenticação round 5/10
2026-01-04 15:49:00.328 | DEBUG    | Sem resposta ainda, continuando...
2026-01-04 15:49:00.329 | DEBUG    | Autenticação round 6/10
2026-01-04 15:49:00.830 | DEBUG    | Sem resposta ainda, continuando...
2026-01-04 15:49:00.830 | DEBUG    | Autenticação round 7/10
2026-01-04 15:49:01.331 | DEBUG    | Sem resposta ainda, continuando...
2026-01-04 15:49:01.332 | DEBUG    | Autenticação round 8/10
2026-01-04 15:49:01.832 | DEBUG    | Sem resposta ainda, continuando...
2026-01-04 15:49:01.833 | DEBUG    | Autenticação round 9/10
2026-01-04 15:49:02.333 | DEBUG    | Sem resposta ainda, continuando...
2026-01-04 15:49:02.334 | DEBUG    | Autenticação round 10/10
2026-01-04 15:49:02.835 | DEBUG    | Sem resposta ainda, continuando...
2026-01-04 15:49:02.835 | ERROR    | ❌ Autenticação expirou (timeout)
2026-01-04 15:49:24.807 | INFO     | A parar Node...
2026-01-04 15:49:24.809 | INFO     | A parar GATT Server...
2026-01-04 15:49:24.812 | INFO     | ✅ GATT Server parado
2026-01-04 15:49:26.934 | INFO     | Desconectado de 58:00:E3:66:74:7C
2026-01-04 15:49:26.935 | INFO     | [OP-20260104_154629-0021] DISCONNECT | Remote: 58:00:E3:66:74:7C | Reason: normal
2026-01-04 15:49:26.935 | INFO     | ✅ Node parado
