2025-12-29 16:06:33.798 | INFO     | BLE Operation Logger iniciado: ble_operations_A08869B6F7D2_20251229_160633.log
2025-12-29 16:06:33.799 | INFO     | Scanner BLE iniciado: hci0 (A0:88:69:B6:F7:D2)
2025-12-29 16:06:33.800 | INFO     | BLE Client iniciado
2025-12-29 16:06:33.800 | INFO     | BLE Client criado
2025-12-29 16:06:33.800 | INFO     | NeighborDiscovery inicializado: scan_interval=30s, scan_duration=5000ms, timeout=120s
2025-12-29 16:06:33.801 | INFO     | NeighborDiscovery criado
2025-12-29 16:06:33.801 | INFO     | Link Manager iniciado
2025-12-29 16:06:33.802 | INFO     | LinkManager criado
2025-12-29 16:06:37.768 | INFO     | A iniciar scan de vizinhos...
2025-12-29 16:06:37.771 | DEBUG    | A limpar cache de scan BLE...
2025-12-29 16:06:37.881 | DEBUG    | Cache de scan limpo
2025-12-29 16:06:37.881 | INFO     | A fazer scan BLE durante 5000ms...
2025-12-29 16:06:37.882 | INFO     | [OP-20251229_160633-0001] SCAN_START | Duration: 5000ms | Filter_IoT: True
2025-12-29 16:06:42.902 | DEBUG    |   Encontrado: IoT-Node (E0:D3:62:D6:EE:A0) RSSI: -55 dBm
2025-12-29 16:06:42.905 | INFO     | Scan concluído: 1 dispositivos encontrados
2025-12-29 16:06:42.907 | INFO     | [OP-20251229_160633-0002] SCAN_RESULT | Devices_Found: 1
2025-12-29 16:06:42.907 | DEBUG    | [OP-20251229_160633-0002]   Device_1: Name: IoT-Node | Address: E0:D3:62:D6:EE:A0 | RSSI: -55 dBm | Services: 4
2025-12-29 16:06:42.908 | INFO     | Scan concluído: 1 dispositivos IoT encontrados
2025-12-29 16:06:42.910 | DEBUG    | A conectar a E0:D3:62:D6:EE:A0 para ler DeviceInfo...
2025-12-29 16:06:42.913 | DEBUG    | BLEConnection criada para E0:D3:62:D6:EE:A0
2025-12-29 16:06:42.914 | INFO     | A conectar a E0:D3:62:D6:EE:A0...
2025-12-29 16:06:42.916 | INFO     | [OP-20251229_160633-0003] CONNECT_ATTEMPT | Local: A0:88:69:B6:F7:D2 | Remote: E0:D3:62:D6:EE:A0
2025-12-29 16:06:42.927 | INFO     | ✅ Conectado a E0:D3:62:D6:EE:A0
2025-12-29 16:06:42.929 | INFO     | [OP-20251229_160633-0004] CONNECT_SUCCESS | Remote: E0:D3:62:D6:EE:A0 | Time: 6.75ms
2025-12-29 16:06:42.930 | DEBUG    | ✅ Conexão estabelecida. Operações GATT usarão D-Bus se necessário.
2025-12-29 16:06:42.931 | DEBUG    | [OP-20251229_160633-0005] READ_REQUEST | Remote: E0:D3:62:D6:EE:A0 | Service: 12340000-0000-1000-8000-00805f9b34fb | Char: 12340002-0000-1000-8000-00805f9b34fb
2025-12-29 16:06:43.016 | DEBUG    | Read 12340002-0000-1000-8000-00805f9b34fb: 18 bytes
2025-12-29 16:06:43.017 | INFO     | [OP-20251229_160633-0006] READ_RESPONSE | Remote: E0:D3:62:D6:EE:A0 | Char: 12340002-0000-1000-8000-00805f9b34fb | Data: 18 bytes | Hex: a6191889f4ad41ebaddd7230f12e8ba50100 | ASCII: ......A...r0......
2025-12-29 16:06:43.018 | INFO     | Vizinho descoberto: E0:D3:62:D6:EE:A0 (a6191889...) hop=1 rssi=-55dBm type=node disconnected seen=0.0s ago
2025-12-29 16:06:45.025 | INFO     | Desconectado de E0:D3:62:D6:EE:A0
2025-12-29 16:06:45.028 | INFO     | [OP-20251229_160633-0007] DISCONNECT | Remote: E0:D3:62:D6:EE:A0 | Reason: normal
2025-12-29 16:06:45.033 | INFO     | Novo vizinho adicionado: E0:D3:62:D6:EE:A0
2025-12-29 16:07:00.479 | INFO     | A conectar a vizinho E0:D3:62:D6:EE:A0...
2025-12-29 16:07:00.480 | DEBUG    | BLEConnection criada para E0:D3:62:D6:EE:A0
2025-12-29 16:07:00.482 | INFO     | A conectar a E0:D3:62:D6:EE:A0...
2025-12-29 16:07:00.483 | INFO     | [OP-20251229_160633-0008] CONNECT_ATTEMPT | Local: A0:88:69:B6:F7:D2 | Remote: E0:D3:62:D6:EE:A0
2025-12-29 16:07:03.704 | INFO     | ✅ Conectado a E0:D3:62:D6:EE:A0
2025-12-29 16:07:03.705 | INFO     | [OP-20251229_160633-0009] CONNECT_SUCCESS | Remote: E0:D3:62:D6:EE:A0 | Time: 3217.43ms
2025-12-29 16:07:03.706 | DEBUG    | ✅ Conexão estabelecida. Operações GATT usarão D-Bus se necessário.
2025-12-29 16:07:03.707 | INFO     | Link criado: Link[E0:D3:62:D6:EE:A0] -> NODE NID=a6191889... hop=1 (UPLINK)
2025-12-29 16:07:03.708 | INFO     | ✅ Uplink definido: Link[E0:D3:62:D6:EE:A0] -> NODE NID=a6191889... hop=1
2025-12-29 16:07:03.709 | INFO     | ✅ Conectado a E0:D3:62:D6:EE:A0 e uplink estabelecido
2025-12-29 16:07:03.714 | DEBUG    | Vizinho E0:D3:62:D6:EE:A0 marcado como conectado
2025-12-29 16:07:26.462 | ERROR    | Erro fatal: 'LinkManager' object has no attribute 'get_link'
