2025-12-27 20:05:30.152 | INFO     | BLE Operation Logger iniciado: ble_operations_A08869B6F7D2_20251227_200530.log
2025-12-27 20:05:30.153 | INFO     | Scanner BLE iniciado: hci0 (A0:88:69:B6:F7:D2)
2025-12-27 20:05:30.153 | INFO     | BLE Client iniciado
2025-12-27 20:05:30.153 | INFO     | 🔍 A fazer scan de dispositivos IoT...
2025-12-27 20:05:30.154 | INFO     | A fazer scan BLE durante 5000ms...
2025-12-27 20:05:30.155 | INFO     | [OP-20251227_200530-0001] SCAN_START | Duration: 5000ms | Filter_IoT: True
2025-12-27 20:05:35.268 | DEBUG    |   Encontrado: IoT-Node (E0:D3:62:D6:EE:A0) RSSI: -58 dBm
2025-12-27 20:05:35.271 | INFO     | Scan concluído: 1 dispositivos encontrados
2025-12-27 20:05:35.272 | INFO     | [OP-20251227_200530-0002] SCAN_RESULT | Devices_Found: 1
2025-12-27 20:05:35.272 | DEBUG    | [OP-20251227_200530-0002]   Device_1: Name: IoT-Node | Address: E0:D3:62:D6:EE:A0 | RSSI: -58 dBm | Services: 1
2025-12-27 20:05:35.273 | INFO     | ✅ Encontrados 1 dispositivos IoT
2025-12-27 20:05:35.274 | INFO     |    Conectando ao primeiro: E0:D3:62:D6:EE:A0
2025-12-27 20:05:35.276 | INFO     | 
2025-12-27 20:05:35.279 | DEBUG    | BLEConnection criada para E0:D3:62:D6:EE:A0
2025-12-27 20:05:35.279 | INFO     | A conectar a E0:D3:62:D6:EE:A0...
2025-12-27 20:05:35.280 | INFO     | [OP-20251227_200530-0003] CONNECT_ATTEMPT | Local: A0:88:69:B6:F7:D2 | Remote: E0:D3:62:D6:EE:A0
2025-12-27 20:05:39.026 | INFO     | ✅ Conectado a E0:D3:62:D6:EE:A0
2025-12-27 20:05:39.027 | INFO     | [OP-20251227_200530-0004] CONNECT_SUCCESS | Remote: E0:D3:62:D6:EE:A0 | Time: 3741.79ms
2025-12-27 20:05:39.028 | INFO     | ✅ Conectado com sucesso!
2025-12-27 20:05:39.029 | INFO     | 
2025-12-27 20:05:39.030 | INFO     | HeartbeatMonitor iniciado (timeout após 3 heartbeats)
2025-12-27 20:05:39.031 | INFO     | 💓 Heartbeat Monitor iniciado
2025-12-27 20:05:39.033 | INFO     | 
2025-12-27 20:05:39.035 | INFO     | ======================================================================
2025-12-27 20:05:39.036 | INFO     | 📡 A subscrever notificações de NetworkPacket...
2025-12-27 20:05:39.038 | INFO     | ======================================================================
2025-12-27 20:05:39.040 | INFO     | 
2025-12-27 20:05:39.549 | INFO     | ✅ Subscrito a notificações: 12340001-0000-1000-8000-00805f9b34fb
2025-12-27 20:05:39.551 | INFO     | [OP-20251227_200530-0005] SUBSCRIBE_SUCCESS | Remote: E0:D3:62:D6:EE:A0 | Char: 12340001-0000-1000-8000-00805f9b34fb
2025-12-27 20:05:39.551 | INFO     | ✅ Subscrição bem-sucedida!
2025-12-27 20:05:39.552 | INFO     | 
2025-12-27 20:05:39.553 | INFO     | ======================================================================
2025-12-27 20:05:39.556 | INFO     | 📝 AGUARDANDO HEARTBEATS:
2025-12-27 20:05:39.557 | INFO     | ======================================================================
2025-12-27 20:05:39.559 | INFO     | 
2025-12-27 20:05:39.561 | INFO     | O servidor deve enviar heartbeats a cada 5 segundos.
2025-12-27 20:05:39.563 | INFO     | Este cliente irá:
2025-12-27 20:05:39.564 | INFO     |   1. Receber notificações via NetworkPacketCharacteristic
2025-12-27 20:05:39.565 | INFO     |   2. Parsear os pacotes
2025-12-27 20:05:39.566 | INFO     |   3. Identificar heartbeats
2025-12-27 20:05:39.566 | INFO     |   4. Monitorizar timeouts
2025-12-27 20:05:39.567 | INFO     | 
2025-12-27 20:05:39.569 | INFO     | ======================================================================
2025-12-27 20:05:39.569 | INFO     | ⏳ A aguardar heartbeats (pressiona Ctrl+C para terminar)...
2025-12-27 20:05:39.570 | INFO     | ======================================================================
2025-12-27 20:05:39.572 | INFO     | 
2025-12-27 20:05:40.454 | INFO     | [OP-20251227_200530-0006] NOTIFICATION | Remote: E0:D3:62:D6:EE:A0 | Char: 12340001-0000-1000-8000-00805f9b34fb | Data: 158 bytes | Hex: 28d3cdcfec814499b7804c7faca4afe828d3cdcfec814499b7804c7faca4afe80201000000060000000000000000000000000000000000000000000000000000 | ASCII: (.....D...L.....(.....D...L..................................... [TRUNCATED]
2025-12-27 20:05:40.455 | INFO     | 
2025-12-27 20:05:40.456 | INFO     | 🔔 NOTIFICAÇÃO #1 RECEBIDA!
2025-12-27 20:05:40.457 | INFO     |    📊 Dados completos (158 bytes): 28d3cdcfec814499b7804c7faca4afe828d3cdcfec814499b7804c7faca4afe8...
2025-12-27 20:05:40.459 | INFO     |    📦 Pacote parseado:
2025-12-27 20:05:40.460 | INFO     |       Source: 28d3cdcf...
2025-12-27 20:05:40.461 | INFO     |       Destination: 28d3cdcf...
2025-12-27 20:05:40.462 | INFO     |       Type: 2 (0x02)
2025-12-27 20:05:40.463 | INFO     |       TTL: 1
2025-12-27 20:05:40.464 | INFO     |       Sequence: 6
2025-12-27 20:05:40.465 | INFO     |       Payload size: 88 bytes
2025-12-27 20:05:40.467 | DEBUG    | Verificação de assinatura (placeholder)
2025-12-27 20:05:40.467 | DEBUG    | Heartbeat recebido: 28d3cdcf... (age: 0.07s)
2025-12-27 20:05:40.470 | INFO     |    💓 HEARTBEAT DETECTADO!
2025-12-27 20:05:40.472 | INFO     |       Sink NID: 28d3cdcf...
2025-12-27 20:05:40.472 | INFO     |       Timestamp: 1766865940.40
2025-12-27 20:05:40.473 | INFO     |       Age: 0.08s
2025-12-27 20:05:40.473 | INFO     |       Signature: <signed>
2025-12-27 20:05:40.475 | INFO     |    📊 Monitor Stats:
2025-12-27 20:05:40.475 | INFO     |       Total heartbeats: 1
2025-12-27 20:05:40.475 | INFO     |       Time since last: 0.08s
2025-12-27 20:05:40.476 | INFO     |       Missed count: 0
2025-12-27 20:05:40.476 | INFO     | 
2025-12-27 20:05:45.454 | INFO     | [OP-20251227_200530-0007] NOTIFICATION | Remote: E0:D3:62:D6:EE:A0 | Char: 12340001-0000-1000-8000-00805f9b34fb | Data: 158 bytes | Hex: 28d3cdcfec814499b7804c7faca4afe828d3cdcfec814499b7804c7faca4afe80201000000070000000000000000000000000000000000000000000000000000 | ASCII: (.....D...L.....(.....D...L..................................... [TRUNCATED]
2025-12-27 20:05:45.455 | INFO     | 
2025-12-27 20:05:45.456 | INFO     | 🔔 NOTIFICAÇÃO #2 RECEBIDA!
2025-12-27 20:05:45.456 | INFO     |    📊 Dados completos (158 bytes): 28d3cdcfec814499b7804c7faca4afe828d3cdcfec814499b7804c7faca4afe8...
2025-12-27 20:05:45.457 | INFO     |    📦 Pacote parseado:
2025-12-27 20:05:45.458 | INFO     |       Source: 28d3cdcf...
2025-12-27 20:05:45.459 | INFO     |       Destination: 28d3cdcf...
2025-12-27 20:05:45.464 | INFO     |       Type: 2 (0x02)
2025-12-27 20:05:45.465 | INFO     |       TTL: 1
2025-12-27 20:05:45.466 | INFO     |       Sequence: 7
2025-12-27 20:05:45.468 | INFO     |       Payload size: 88 bytes
2025-12-27 20:05:45.469 | DEBUG    | Verificação de assinatura (placeholder)
2025-12-27 20:05:45.469 | DEBUG    | Heartbeat recebido: 28d3cdcf... (age: 0.07s)
2025-12-27 20:05:45.470 | INFO     |    💓 HEARTBEAT DETECTADO!
2025-12-27 20:05:45.473 | INFO     |       Sink NID: 28d3cdcf...
2025-12-27 20:05:45.475 | INFO     |       Timestamp: 1766865945.40
2025-12-27 20:05:45.476 | INFO     |       Age: 0.08s
2025-12-27 20:05:45.477 | INFO     |       Signature: <signed>
2025-12-27 20:05:45.478 | INFO     |       ✅ Sequência correta (7)
2025-12-27 20:05:45.479 | INFO     |    📊 Monitor Stats:
2025-12-27 20:05:45.481 | INFO     |       Total heartbeats: 2
2025-12-27 20:05:45.483 | INFO     |       Time since last: 0.08s
2025-12-27 20:05:45.484 | INFO     |       Missed count: 0
2025-12-27 20:05:45.485 | INFO     | 
2025-12-27 20:05:45.574 | INFO     | ⏱️  Status: 2 notificações, 2 heartbeats
2025-12-27 20:05:50.453 | INFO     | [OP-20251227_200530-0008] NOTIFICATION | Remote: E0:D3:62:D6:EE:A0 | Char: 12340001-0000-1000-8000-00805f9b34fb | Data: 158 bytes | Hex: 28d3cdcfec814499b7804c7faca4afe828d3cdcfec814499b7804c7faca4afe80201000000080000000000000000000000000000000000000000000000000000 | ASCII: (.....D...L.....(.....D...L..................................... [TRUNCATED]
2025-12-27 20:05:50.454 | INFO     | 
2025-12-27 20:05:50.455 | INFO     | 🔔 NOTIFICAÇÃO #3 RECEBIDA!
2025-12-27 20:05:50.456 | INFO     |    📊 Dados completos (158 bytes): 28d3cdcfec814499b7804c7faca4afe828d3cdcfec814499b7804c7faca4afe8...
2025-12-27 20:05:50.457 | INFO     |    📦 Pacote parseado:
2025-12-27 20:05:50.458 | INFO     |       Source: 28d3cdcf...
2025-12-27 20:05:50.461 | INFO     |       Destination: 28d3cdcf...
2025-12-27 20:05:50.463 | INFO     |       Type: 2 (0x02)
2025-12-27 20:05:50.464 | INFO     |       TTL: 1
2025-12-27 20:05:50.465 | INFO     |       Sequence: 8
2025-12-27 20:05:50.466 | INFO     |       Payload size: 88 bytes
2025-12-27 20:05:50.469 | DEBUG    | Verificação de assinatura (placeholder)
2025-12-27 20:05:50.469 | DEBUG    | Heartbeat recebido: 28d3cdcf... (age: 0.07s)
2025-12-27 20:05:50.470 | INFO     |    💓 HEARTBEAT DETECTADO!
2025-12-27 20:05:50.473 | INFO     |       Sink NID: 28d3cdcf...
2025-12-27 20:05:50.473 | INFO     |       Timestamp: 1766865950.40
2025-12-27 20:05:50.473 | INFO     |       Age: 0.07s
2025-12-27 20:05:50.474 | INFO     |       Signature: <signed>
2025-12-27 20:05:50.474 | INFO     |       ✅ Sequência correta (8)
2025-12-27 20:05:50.474 | INFO     |    📊 Monitor Stats:
2025-12-27 20:05:50.475 | INFO     |       Total heartbeats: 3
2025-12-27 20:05:50.475 | INFO     |       Time since last: 0.07s
2025-12-27 20:05:50.477 | INFO     |       Missed count: 0
2025-12-27 20:05:50.479 | INFO     | 
2025-12-27 20:05:55.453 | INFO     | [OP-20251227_200530-0009] NOTIFICATION | Remote: E0:D3:62:D6:EE:A0 | Char: 12340001-0000-1000-8000-00805f9b34fb | Data: 158 bytes | Hex: 28d3cdcfec814499b7804c7faca4afe828d3cdcfec814499b7804c7faca4afe80201000000090000000000000000000000000000000000000000000000000000 | ASCII: (.....D...L.....(.....D...L..................................... [TRUNCATED]
2025-12-27 20:05:55.454 | INFO     | 
2025-12-27 20:05:55.455 | INFO     | 🔔 NOTIFICAÇÃO #4 RECEBIDA!
2025-12-27 20:05:55.456 | INFO     |    📊 Dados completos (158 bytes): 28d3cdcfec814499b7804c7faca4afe828d3cdcfec814499b7804c7faca4afe8...
2025-12-27 20:05:55.457 | INFO     |    📦 Pacote parseado:
2025-12-27 20:05:55.457 | INFO     |       Source: 28d3cdcf...
2025-12-27 20:05:55.458 | INFO     |       Destination: 28d3cdcf...
2025-12-27 20:05:55.459 | INFO     |       Type: 2 (0x02)
2025-12-27 20:05:55.460 | INFO     |       TTL: 1
2025-12-27 20:05:55.463 | INFO     |       Sequence: 9
2025-12-27 20:05:55.465 | INFO     |       Payload size: 88 bytes
2025-12-27 20:05:55.469 | DEBUG    | Verificação de assinatura (placeholder)
2025-12-27 20:05:55.469 | DEBUG    | Heartbeat recebido: 28d3cdcf... (age: 0.07s)
2025-12-27 20:05:55.469 | INFO     |    💓 HEARTBEAT DETECTADO!
2025-12-27 20:05:55.473 | INFO     |       Sink NID: 28d3cdcf...
2025-12-27 20:05:55.474 | INFO     |       Timestamp: 1766865955.40
2025-12-27 20:05:55.475 | INFO     |       Age: 0.07s
2025-12-27 20:05:55.476 | INFO     |       Signature: <signed>
2025-12-27 20:05:55.476 | INFO     |       ✅ Sequência correta (9)
2025-12-27 20:05:55.477 | INFO     |    📊 Monitor Stats:
2025-12-27 20:05:55.477 | INFO     |       Total heartbeats: 4
2025-12-27 20:05:55.479 | INFO     |       Time since last: 0.08s
2025-12-27 20:05:55.480 | INFO     |       Missed count: 0
2025-12-27 20:05:55.480 | INFO     | 
2025-12-27 20:05:57.770 | INFO     | 
2025-12-27 20:05:57.772 | INFO     | ======================================================================
2025-12-27 20:05:57.773 | INFO     | 👋 A terminar...
2025-12-27 20:05:57.774 | INFO     | ======================================================================
2025-12-27 20:05:57.774 | INFO     | 
2025-12-27 20:05:57.775 | INFO     | 📊 RESUMO:
2025-12-27 20:05:57.776 | INFO     |    Total de notificações: 4
2025-12-27 20:05:57.777 | INFO     |    Total de heartbeats: 4
2025-12-27 20:05:57.779 | INFO     |    Último heartbeat: 2.38s atrás
2025-12-27 20:05:57.781 | INFO     |    Sink NID: 28d3cdcf...
2025-12-27 20:05:57.782 | INFO     | 
2025-12-27 20:05:59.850 | INFO     | Desconectado de E0:D3:62:D6:EE:A0
2025-12-27 20:05:59.851 | INFO     | [OP-20251227_200530-0010] DISCONNECT | Remote: E0:D3:62:D6:EE:A0 | Reason: normal
2025-12-27 20:05:59.852 | INFO     | ✅ Desconectado
2025-12-27 20:05:59.852 | INFO     | 
