2025-12-27 20:54:20.633 | INFO     | BLE Operation Logger iniciado: ble_operations_A08869B6F7D2_20251227_205420.log
2025-12-27 20:54:20.634 | INFO     | Scanner BLE iniciado: hci0 (A0:88:69:B6:F7:D2)
2025-12-27 20:54:20.635 | INFO     | BLE Client iniciado
2025-12-27 20:54:20.635 | INFO     | BLE Client criado
2025-12-27 20:54:20.636 | INFO     | NeighborDiscovery inicializado: scan_interval=30s, scan_duration=5000ms, timeout=120s
2025-12-27 20:54:20.636 | INFO     | NeighborDiscovery criado
2025-12-27 20:54:20.637 | INFO     | Link Manager iniciado
2025-12-27 20:54:20.637 | INFO     | LinkManager criado
2025-12-27 20:54:31.509 | INFO     | A iniciar scan de vizinhos...
2025-12-27 20:54:31.511 | DEBUG    | A limpar cache de scan BLE...
2025-12-27 20:54:31.717 | DEBUG    | Cache de scan limpo
2025-12-27 20:54:31.717 | INFO     | A fazer scan BLE durante 5000ms...
2025-12-27 20:54:31.720 | INFO     | [OP-20251227_205420-0001] SCAN_START | Duration: 5000ms | Filter_IoT: True
2025-12-27 20:54:36.739 | DEBUG    |   Encontrado: IoT-Node (E0:D3:62:D6:EE:A0) RSSI: -58 dBm
2025-12-27 20:54:36.740 | INFO     | Scan concluído: 1 dispositivos encontrados
2025-12-27 20:54:36.742 | INFO     | [OP-20251227_205420-0002] SCAN_RESULT | Devices_Found: 1
2025-12-27 20:54:36.743 | DEBUG    | [OP-20251227_205420-0002]   Device_1: Name: IoT-Node | Address: E0:D3:62:D6:EE:A0 | RSSI: -58 dBm | Services: 1
2025-12-27 20:54:36.744 | INFO     | Scan concluído: 1 dispositivos IoT encontrados
2025-12-27 20:54:36.747 | DEBUG    | A conectar a E0:D3:62:D6:EE:A0 para ler DeviceInfo...
2025-12-27 20:54:36.748 | DEBUG    | BLEConnection criada para E0:D3:62:D6:EE:A0
2025-12-27 20:54:36.748 | INFO     | A conectar a E0:D3:62:D6:EE:A0...
2025-12-27 20:54:36.749 | INFO     | [OP-20251227_205420-0003] CONNECT_ATTEMPT | Local: A0:88:69:B6:F7:D2 | Remote: E0:D3:62:D6:EE:A0
2025-12-27 20:54:40.660 | INFO     | ✅ Conectado a E0:D3:62:D6:EE:A0
2025-12-27 20:54:40.662 | INFO     | [OP-20251227_205420-0004] CONNECT_SUCCESS | Remote: E0:D3:62:D6:EE:A0 | Time: 3907.16ms
2025-12-27 20:54:40.662 | DEBUG    | [OP-20251227_205420-0005] READ_REQUEST | Remote: E0:D3:62:D6:EE:A0 | Service: 12340000-0000-1000-8000-00805f9b34fb | Char: 12340002-0000-1000-8000-00805f9b34fb
2025-12-27 20:54:41.157 | DEBUG    | Read 12340002-0000-1000-8000-00805f9b34fb: 18 bytes
2025-12-27 20:54:41.158 | INFO     | [OP-20251227_205420-0006] READ_RESPONSE | Remote: E0:D3:62:D6:EE:A0 | Char: 12340002-0000-1000-8000-00805f9b34fb | Data: 18 bytes | Hex: aaf3a2eeabe447ac83c8e888f58fca430100 | ASCII: ......G........C..
2025-12-27 20:54:41.159 | INFO     | Vizinho descoberto: E0:D3:62:D6:EE:A0 (aaf3a2ee...) hop=1 rssi=-58dBm type=node disconnected seen=0.0s ago
2025-12-27 20:54:43.864 | INFO     | Desconectado de E0:D3:62:D6:EE:A0
2025-12-27 20:54:43.869 | INFO     | [OP-20251227_205420-0007] DISCONNECT | Remote: E0:D3:62:D6:EE:A0 | Reason: normal
2025-12-27 20:54:43.871 | INFO     | Novo vizinho adicionado: E0:D3:62:D6:EE:A0
2025-12-27 20:55:05.886 | INFO     | A conectar a vizinho E0:D3:62:D6:EE:A0...
2025-12-27 20:55:05.888 | DEBUG    | BLEConnection criada para E0:D3:62:D6:EE:A0
2025-12-27 20:55:05.888 | INFO     | A conectar a E0:D3:62:D6:EE:A0...
2025-12-27 20:55:05.890 | INFO     | [OP-20251227_205420-0008] CONNECT_ATTEMPT | Local: A0:88:69:B6:F7:D2 | Remote: E0:D3:62:D6:EE:A0
2025-12-27 20:55:09.272 | INFO     | ✅ Conectado a E0:D3:62:D6:EE:A0
2025-12-27 20:55:09.273 | INFO     | [OP-20251227_205420-0009] CONNECT_SUCCESS | Remote: E0:D3:62:D6:EE:A0 | Time: 3378.93ms
2025-12-27 20:55:09.274 | INFO     | Link criado: Link[E0:D3:62:D6:EE:A0] -> NODE NID=aaf3a2ee... hop=1 (UPLINK)
2025-12-27 20:55:09.275 | INFO     | ✅ Uplink definido: Link[E0:D3:62:D6:EE:A0] -> NODE NID=aaf3a2ee... hop=1
2025-12-27 20:55:09.276 | INFO     | ✅ Conectado a E0:D3:62:D6:EE:A0 e uplink estabelecido
2025-12-27 20:55:09.277 | DEBUG    | Vizinho E0:D3:62:D6:EE:A0 marcado como conectado
2025-12-27 20:55:20.001 | ERROR    | Erro fatal: 'Link' object has no attribute 'is_connected'
