2026-01-03 18:57:12.606 | INFO     | BLE Operation Logger iniciado: ble_operations_E0D362D6EEA0_20260103_185712.log
2026-01-03 18:57:12.607 | INFO     | Scanner BLE iniciado: hci0 (E0:D3:62:D6:EE:A0)
2026-01-03 18:57:12.608 | INFO     | BLE Client iniciado
2026-01-03 18:57:12.609 | DEBUG    | FragmentReassembler inicializado
2026-01-03 18:57:12.609 | INFO     | ReplayProtection iniciado (window_size=100)
2026-01-03 18:57:12.610 | INFO     | 🔀 Router Daemon inicializado para NID=74383752...
2026-01-03 18:57:12.611 | DEBUG    | ✅ Send callback configurado
2026-01-03 18:57:12.611 | DEBUG    | ✅ Handler registado para MessageType(1)
2026-01-03 18:57:12.612 | DEBUG    | ✅ Handler registado para MessageType(2)
2026-01-03 18:57:12.612 | INFO     | IoT Node inicializado (adapter=hci0)
2026-01-03 18:57:12.613 | INFO     | ✅ Router Daemon integrado
2026-01-03 18:57:12.615 | INFO     | A configurar GATT Server...
2026-01-03 18:57:12.618 | INFO     | Application criada: /
2026-01-03 18:57:12.620 | INFO     | Service criado: /0 (UUID: 12340000-0000-1000-8000-00805f9b34fb, primary: True)
2026-01-03 18:57:12.621 | INFO     | A criar IoTNetworkService...
2026-01-03 18:57:12.621 | DEBUG    | Characteristic criada: /0/char0 (UUID: 12340001-0000-1000-8000-00805f9b34fb, flags: ['write', 'notify'])
2026-01-03 18:57:12.621 | INFO     | NetworkPacketCharacteristic criada
2026-01-03 18:57:12.622 | DEBUG    | Characteristic criada: /0/char1 (UUID: 12340002-0000-1000-8000-00805f9b34fb, flags: ['read'])
2026-01-03 18:57:12.622 | INFO     | DeviceInfoCharacteristic criada: NID=74383752..., type=node
2026-01-03 18:57:12.623 | DEBUG    | Characteristic criada: /0/char2 (UUID: 12340003-0000-1000-8000-00805f9b34fb, flags: ['read', 'notify'])
2026-01-03 18:57:12.623 | INFO     | NeighborTableCharacteristic criada
2026-01-03 18:57:12.624 | DEBUG    | Characteristic criada: /0/char3 (UUID: 12340004-0000-1000-8000-00805f9b34fb, flags: ['write', 'indicate'])
2026-01-03 18:57:12.624 | INFO     | AuthCharacteristic criada
2026-01-03 18:57:12.625 | DEBUG    | Characteristic adicionada a /0: /0/char0
2026-01-03 18:57:12.625 | DEBUG    | Characteristic adicionada a /0: /0/char1
2026-01-03 18:57:12.626 | DEBUG    | Characteristic adicionada a /0: /0/char2
2026-01-03 18:57:12.626 | DEBUG    | Characteristic adicionada a /0: /0/char3
2026-01-03 18:57:12.626 | INFO     | ✅ IoTNetworkService criado com sucesso!
2026-01-03 18:57:12.626 | INFO     | Service adicionado à aplicação: /0
2026-01-03 18:57:12.627 | DEBUG    | Packet callback definido
2026-01-03 18:57:12.627 | DEBUG    | Auth callback definido
2026-01-03 18:57:12.628 | INFO     | Advertisement criado: /org/bluez/iot/advertisement0 (type: peripheral)
2026-01-03 18:57:12.628 | INFO     | ✅ Service UUID adicionado ao advertising: 12340000-0000-1000-8000-00805f9b34fb
2026-01-03 18:57:12.629 | INFO     |    Lista atual de UUIDs: ['12340000-0000-1000-8000-00805f9b34fb']
2026-01-03 18:57:12.629 | DEBUG    | Local name definido: IoT-Node-74383752
2026-01-03 18:57:12.630 | DEBUG    | Manufacturer data adicionado: ID=65535
2026-01-03 18:57:12.630 | INFO     | ✅ GATT Server configurado
2026-01-03 18:57:12.630 | INFO     | A iniciar GATT Server...
2026-01-03 18:57:12.632 | INFO     | ✅ GATT Server iniciado em thread separada
2026-01-03 18:57:12.633 | INFO     | ✅ Node Device iniciado - CLI interativo pronto
2026-01-03 18:57:12.637 | DEBUG    | GetManagedObjects called
2026-01-03 18:57:12.637 | DEBUG    | GetManagedObjects returning 5 objects
2026-01-03 18:57:12.717 | INFO     | ✅ GATT application registada!
2026-01-03 18:57:12.718 | DEBUG    | GetAll called on /org/bluez/iot/advertisement0
2026-01-03 18:57:12.718 | INFO     | 📡 Advertising com ServiceUUIDs: ['12340000-0000-1000-8000-00805f9b34fb']
2026-01-03 18:57:12.820 | INFO     | ✅ Advertisement registado!
2026-01-03 18:57:15.469 | INFO     | A fazer scan BLE durante 5000ms...
2026-01-03 18:57:15.470 | INFO     | [OP-20260103_185712-0001] SCAN_START | Duration: 5000ms | Filter_IoT: True
2026-01-03 18:57:20.584 | DEBUG    |   Encontrado: IoT-Sink-54c225f2 (E0:D3:62:D7:47:03) RSSI: -48 dBm
2026-01-03 18:57:20.584 | INFO     | Scan concluído: 1 dispositivos encontrados
2026-01-03 18:57:20.585 | INFO     | [OP-20260103_185712-0002] SCAN_RESULT | Devices_Found: 1
2026-01-03 18:57:20.585 | DEBUG    | [OP-20260103_185712-0002]   Device_1: Name: IoT-Sink-54c225f2 | Address: E0:D3:62:D7:47:03 | RSSI: -48 dBm | Services: 1
2026-01-03 18:57:20.585 | INFO     | A fazer scan BLE durante 5000ms...
2026-01-03 18:57:20.586 | INFO     | [OP-20260103_185712-0003] SCAN_START | Duration: 5000ms | Filter_IoT: True
2026-01-03 18:57:25.605 | DEBUG    |   Encontrado: IoT-Sink-54c225f2 (E0:D3:62:D7:47:03) RSSI: -48 dBm
2026-01-03 18:57:25.606 | INFO     | Scan concluído: 1 dispositivos encontrados
2026-01-03 18:57:25.606 | INFO     | [OP-20260103_185712-0004] SCAN_RESULT | Devices_Found: 1
2026-01-03 18:57:25.607 | DEBUG    | [OP-20260103_185712-0004]   Device_1: Name: IoT-Sink-54c225f2 | Address: E0:D3:62:D7:47:03 | RSSI: -48 dBm | Services: 1
2026-01-03 18:57:32.398 | INFO     | A conectar ao Sink E0:D3:62:D7:47:03...
2026-01-03 18:57:32.400 | DEBUG    | BLEConnection criada para E0:D3:62:D7:47:03
2026-01-03 18:57:32.401 | INFO     | A conectar a E0:D3:62:D7:47:03...
2026-01-03 18:57:32.401 | INFO     | [OP-20260103_185712-0005] CONNECT_ATTEMPT | Local: E0:D3:62:D6:EE:A0 | Remote: E0:D3:62:D7:47:03
2026-01-03 18:57:36.661 | INFO     | ✅ Conectado a E0:D3:62:D7:47:03
2026-01-03 18:57:36.663 | INFO     | [OP-20260103_185712-0006] CONNECT_SUCCESS | Remote: E0:D3:62:D7:47:03 | Time: 4256.18ms
2026-01-03 18:57:36.664 | DEBUG    | ✅ Conexão estabelecida. Operações GATT usarão D-Bus se necessário.
2026-01-03 18:57:36.664 | INFO     | ✅ Conectado ao Sink via GATT
2026-01-03 18:57:36.668 | DEBUG    | Descobertos 4 serviços
2026-01-03 18:57:36.672 | DEBUG    | Serviço 12340000-0000-1000-8000-00805f9b34fb encontrado
2026-01-03 18:57:36.673 | INFO     | ✅ Serviço IoT Network encontrado
2026-01-03 18:57:36.677 | INFO     | A subscrever a notificações...
2026-01-03 18:57:37.111 | INFO     | ✅ Subscrito a notificações: 12340001-0000-1000-8000-00805f9b34fb
2026-01-03 18:57:37.113 | INFO     | [OP-20260103_185712-0007] SUBSCRIBE_SUCCESS | Remote: E0:D3:62:D7:47:03 | Char: 12340001-0000-1000-8000-00805f9b34fb
2026-01-03 18:57:37.113 | INFO     | ✅ Subscrito a NETWORK_PACKET
2026-01-03 18:57:37.114 | DEBUG    | [OP-20260103_185712-0008] READ_REQUEST | Remote: E0:D3:62:D7:47:03 | Service: 12340000-0000-1000-8000-00805f9b34fb | Char: 12340002-0000-1000-8000-00805f9b34fb
2026-01-03 18:57:37.200 | DEBUG    | Read 12340002-0000-1000-8000-00805f9b34fb: 18 bytes
2026-01-03 18:57:37.201 | INFO     | [OP-20260103_185712-0009] READ_RESPONSE | Remote: E0:D3:62:D7:47:03 | Char: 12340002-0000-1000-8000-00805f9b34fb | Data: 18 bytes | Hex: 54c225f24e894134bf27c5e9148e17c1ff01 | ASCII: T.%.N.A4.'........
2026-01-03 18:57:37.202 | INFO     | ✅ Conectado ao Sink - hop_count=0
2026-01-03 18:57:37.203 | INFO     | 🔐 A iniciar autenticação com Sink...
2026-01-03 18:57:37.205 | DEBUG    | 📡 A subscrever a AUTH characteristic...
2026-01-03 18:57:37.290 | INFO     | ✅ Subscrito a notificações: 12340004-0000-1000-8000-00805f9b34fb
2026-01-03 18:57:37.291 | INFO     | [OP-20260103_185712-0010] SUBSCRIBE_SUCCESS | Remote: E0:D3:62:D7:47:03 | Char: 12340004-0000-1000-8000-00805f9b34fb
2026-01-03 18:57:37.291 | DEBUG    | ✅ Subscrito a AUTH indications
2026-01-03 18:57:37.292 | INFO     | AuthenticationProtocol inicializado para 74383752...
2026-01-03 18:57:37.293 | INFO     | 📤 Enviando certificado...
2026-01-03 18:57:37.294 | INFO     | 🔐 Iniciando autenticação - enviando certificado...
2026-01-03 18:57:37.294 | INFO     |    Certificado: 887 bytes
2026-01-03 18:57:37.295 | DEBUG    |    Estado: IDLE → CERT_SENT
2026-01-03 18:57:37.296 | INFO     | Fragmentando mensagem de 890 bytes em 5 fragmentos
2026-01-03 18:57:37.296 | DEBUG    |   Fragmento 1/5: 180 bytes, flags=0x01
2026-01-03 18:57:37.296 | DEBUG    |   Fragmento 2/5: 180 bytes, flags=0x00
2026-01-03 18:57:37.297 | DEBUG    |   Fragmento 3/5: 180 bytes, flags=0x00
2026-01-03 18:57:37.297 | DEBUG    |   Fragmento 4/5: 180 bytes, flags=0x00
2026-01-03 18:57:37.297 | DEBUG    |   Fragmento 5/5: 170 bytes, flags=0x02
2026-01-03 18:57:37.297 | DEBUG    | Enviando mensagem auth: 890 bytes em 5 fragmento(s)
2026-01-03 18:57:37.298 | INFO     | [OP-20260103_185712-0011] WRITE_REQUEST | Remote: E0:D3:62:D7:47:03 | Char: 12340004-0000-1000-8000-00805f9b34fb | Data: 183 bytes | Hex: 0100050103772d2d2d2d2d424547494e2043455254494649434154452d2d2d2d2d0a4d4949435954434341634b674177494241674955503456317a7156365177 | ASCII: .....w-----BEGIN CERTIFICATE-----.MIICYTCCAcKgAwIBAgIUP4V1zqV6Qw [TRUNCATED]
2026-01-03 18:57:37.379 | DEBUG    | ✅ Write via SimpleBLE: 12340004-0000-1000-8000-00805f9b34fb (183 bytes)
2026-01-03 18:57:37.379 | INFO     | [OP-20260103_185712-0012] WRITE_SUCCESS | Remote: E0:D3:62:D7:47:03 | Char: 12340004-0000-1000-8000-00805f9b34fb
2026-01-03 18:57:37.380 | DEBUG    |   Fragmento 1/5 enviado
2026-01-03 18:57:37.481 | INFO     | [OP-20260103_185712-0013] WRITE_REQUEST | Remote: E0:D3:62:D7:47:03 | Char: 12340004-0000-1000-8000-00805f9b34fb | Data: 183 bytes | Hex: 0001054d446b6c765643424f5a58523362334a7249454e424d423458445449324d4445774d6a45794e446b304d316f580a44544d314d54497a4d5445794e446b | ASCII: ...MDklvVCBOZXR3b3JrIENBMB4XDTI2MDEwMjEyNDk0M1oX.DTM1MTIzMTEyNDk [TRUNCATED]
2026-01-03 18:57:37.559 | DEBUG    | ✅ Write via SimpleBLE: 12340004-0000-1000-8000-00805f9b34fb (183 bytes)
2026-01-03 18:57:37.559 | INFO     | [OP-20260103_185712-0014] WRITE_SUCCESS | Remote: E0:D3:62:D7:47:03 | Char: 12340004-0000-1000-8000-00805f9b34fb
2026-01-03 18:57:37.560 | DEBUG    |   Fragmento 2/5 enviado
2026-01-03 18:57:37.662 | INFO     | [OP-20260103_185712-0015] WRITE_REQUEST | Remote: E0:D3:62:D7:47:03 | Char: 12340004-0000-1000-8000-00805f9b34fb | Data: 183 bytes | Hex: 000205675a7377454159484b6f5a497a6a3043415159464b34454541434d4467595941424145694e696357395555554c7a5a7a31477641556d77426e636f670a | ASCII: ...gZswEAYHKoZIzj0CAQYFK4EEACMDgYYABAEiNicW9UUULzZz1GvAUmwBncog. [TRUNCATED]
2026-01-03 18:57:37.739 | DEBUG    | ✅ Write via SimpleBLE: 12340004-0000-1000-8000-00805f9b34fb (183 bytes)
2026-01-03 18:57:37.739 | INFO     | [OP-20260103_185712-0016] WRITE_SUCCESS | Remote: E0:D3:62:D7:47:03 | Char: 12340004-0000-1000-8000-00805f9b34fb
2026-01-03 18:57:37.740 | DEBUG    |   Fragmento 3/5 enviado
2026-01-03 18:57:37.842 | INFO     | [OP-20260103_185712-0017] WRITE_REQUEST | Remote: E0:D3:62:D7:47:03 | Char: 12340004-0000-1000-8000-00805f9b34fb | Data: 183 bytes | Hex: 0003056f394a6e616a4d494f760a734344654e443674516a39337452687558446a6d524b4d344d44597744415944565230544151482f424149774144414f4267 | ASCII: ...o9JnajMIOv.sCDeND6tQj93tRhuXDjmRKM4MDYwDAYDVR0TAQH/BAIwADAOBg [TRUNCATED]
2026-01-03 18:57:37.919 | DEBUG    | ✅ Write via SimpleBLE: 12340004-0000-1000-8000-00805f9b34fb (183 bytes)
2026-01-03 18:57:37.919 | INFO     | [OP-20260103_185712-0018] WRITE_SUCCESS | Remote: E0:D3:62:D7:47:03 | Char: 12340004-0000-1000-8000-00805f9b34fb
2026-01-03 18:57:37.920 | DEBUG    |   Fragmento 4/5 enviado
2026-01-03 18:57:38.021 | INFO     | [OP-20260103_185712-0019] WRITE_REQUEST | Remote: E0:D3:62:D7:47:03 | Char: 12340004-0000-1000-8000-00805f9b34fb | Data: 173 bytes | Hex: 0204056c466935494f443142454578567254414b2b776c774e2b676a0a4e3249572b3450556a78466643654f6152762b794a3734435167452b4654787a433554 | ASCII: ...lFi5IOD1BEExVrTAK+wlwN+gj.N2IW+4PUjxFfCeOaRv+yJ74CQgE+FTxzC5T [TRUNCATED]
2026-01-03 18:57:38.145 | DEBUG    | ✅ Write via SimpleBLE: 12340004-0000-1000-8000-00805f9b34fb (173 bytes)
2026-01-03 18:57:38.145 | INFO     | [OP-20260103_185712-0020] WRITE_SUCCESS | Remote: E0:D3:62:D7:47:03 | Char: 12340004-0000-1000-8000-00805f9b34fb
2026-01-03 18:57:38.146 | DEBUG    |   Fragmento 5/5 enviado
2026-01-03 18:57:38.147 | INFO     | [OP-20260103_185712-0021] NOTIFICATION | Remote: E0:D3:62:D7:47:03 | Char: 12340004-0000-1000-8000-00805f9b34fb | Data: 183 bytes | Hex: 0100060203b00000038c2d2d2d2d2d424547494e2043455254494649434154452d2d2d2d2d0a4d494943634443434164476741774942416749554a787a6b7455 | ASCII: ..........-----BEGIN CERTIFICATE-----.MIICcDCCAdGgAwIBAgIUJxzktU [TRUNCATED]
2026-01-03 18:57:38.148 | DEBUG    | 🔐 AUTH indication recebida: 183 bytes
2026-01-03 18:57:38.149 | DEBUG    | Fragmento recebido: seq=0, total=6, payload=180 bytes, flags=0x01
2026-01-03 18:57:38.149 | INFO     | Iniciando recepção de 6 fragmentos
2026-01-03 18:57:38.150 | DEBUG    | Fragmento 1/6 armazenado (1 de 6 recebidos)
2026-01-03 18:57:38.150 | DEBUG    | 🔐 Aguardando mais fragmentos AUTH...
2026-01-03 18:57:38.235 | INFO     | [OP-20260103_185712-0022] NOTIFICATION | Remote: E0:D3:62:D7:47:03 | Char: 12340004-0000-1000-8000-00805f9b34fb | Data: 183 bytes | Hex: 0001065642414d4d446b6c765643424f5a58523362334a7249454e424d423458445449324d4445774d6a45794e446b7a4d6c6f580a44544d314d54497a4d5445 | ASCII: ...VBAMMDklvVCBOZXR3b3JrIENBMB4XDTI2MDEwMjEyNDkzMloX.DTM1MTIzMTE [TRUNCATED]
2026-01-03 18:57:38.235 | DEBUG    | 🔐 AUTH indication recebida: 183 bytes
2026-01-03 18:57:38.235 | DEBUG    | Fragmento recebido: seq=1, total=6, payload=180 bytes, flags=0x00
2026-01-03 18:57:38.236 | DEBUG    | Fragmento 2/6 armazenado (2 de 6 recebidos)
2026-01-03 18:57:38.236 | DEBUG    | 🔐 Aguardando mais fragmentos AUTH...
2026-01-03 18:57:38.247 | DEBUG    | Autenticação round 1/10
2026-01-03 18:57:38.327 | INFO     | [OP-20260103_185712-0023] NOTIFICATION | Remote: E0:D3:62:D7:47:03 | Char: 12340004-0000-1000-8000-00805f9b34fb | Data: 183 bytes | Hex: 000206597a45784454414c42674e564241734d42464e70626d7377675a7377454159484b6f5a497a6a3043415159464b34454541434d44675959414241415377 | ASCII: ...YzExDTALBgNVBAsMBFNpbmswgZswEAYHKoZIzj0CAQYFK4EEACMDgYYABAASw [TRUNCATED]
2026-01-03 18:57:38.328 | DEBUG    | 🔐 AUTH indication recebida: 183 bytes
2026-01-03 18:57:38.329 | DEBUG    | Fragmento recebido: seq=2, total=6, payload=180 bytes, flags=0x00
2026-01-03 18:57:38.329 | DEBUG    | Fragmento 3/6 armazenado (3 de 6 recebidos)
2026-01-03 18:57:38.329 | DEBUG    | 🔐 Aguardando mais fragmentos AUTH...
2026-01-03 18:57:38.418 | INFO     | [OP-20260103_185712-0024] NOTIFICATION | Remote: E0:D3:62:D7:47:03 | Char: 12340004-0000-1000-8000-00805f9b34fb | Data: 183 bytes | Hex: 000306386e6a795a48523051644f4375300a6f4e41363237777a484f3239624a6f6b67614b4c486e66436d2b505643727934344a64307a434d4e50614d344d44 | ASCII: ...8njyZHR0QdOCu0.oNA627wzHO29bJokgaKLHnfCm+PVCry44Jd0zCMNPaM4MD [TRUNCATED]
2026-01-03 18:57:38.419 | DEBUG    | 🔐 AUTH indication recebida: 183 bytes
2026-01-03 18:57:38.419 | DEBUG    | Fragmento recebido: seq=3, total=6, payload=180 bytes, flags=0x00
2026-01-03 18:57:38.419 | DEBUG    | Fragmento 4/6 armazenado (4 de 6 recebidos)
2026-01-03 18:57:38.419 | DEBUG    | 🔐 Aguardando mais fragmentos AUTH...
2026-01-03 18:57:38.508 | INFO     | [OP-20260103_185712-0025] NOTIFICATION | Remote: E0:D3:62:D7:47:03 | Char: 12340004-0000-1000-8000-00805f9b34fb | Data: 183 bytes | Hex: 00040634706d4967797a644e615a4e4a506a66796561623859385839394141680a6158316663585374655142344b476a74343969626571735a70734d59754675 | ASCII: ...4pmIgyzdNaZNJPjfyeab8Y8X99AAh.aX1fcXSteQB4KGjt49ibeqsZpsMYuFu [TRUNCATED]
2026-01-03 18:57:38.508 | DEBUG    | 🔐 AUTH indication recebida: 183 bytes
2026-01-03 18:57:38.508 | DEBUG    | Fragmento recebido: seq=4, total=6, payload=180 bytes, flags=0x00
2026-01-03 18:57:38.509 | DEBUG    | Fragmento 5/6 armazenado (5 de 6 recebidos)
2026-01-03 18:57:38.509 | DEBUG    | 🔐 Aguardando mais fragmentos AUTH...
2026-01-03 18:57:38.595 | INFO     | [OP-20260103_185712-0026] NOTIFICATION | Remote: E0:D3:62:D7:47:03 | Char: 12340004-0000-1000-8000-00805f9b34fb | Data: 50 bytes | Hex: 0205065254494649434154452d2d2d2d2d0a759e77f6ff221d070cb8d14b315f41481c4c15b4ad7d2956643c2a1790980b3d | ASCII: ...RTIFICATE-----.u.w..".....K1_AH.L...})Vd<*....=
2026-01-03 18:57:38.596 | DEBUG    | 🔐 AUTH indication recebida: 50 bytes
2026-01-03 18:57:38.596 | DEBUG    | Fragmento recebido: seq=5, total=6, payload=47 bytes, flags=0x02
2026-01-03 18:57:38.597 | DEBUG    | Fragmento 6/6 armazenado (6 de 6 recebidos)
2026-01-03 18:57:38.597 | INFO     | ✅ Mensagem reconstruída: 947 bytes (6 fragmentos)
2026-01-03 18:57:38.598 | DEBUG    | FragmentReassembler resetado
2026-01-03 18:57:38.598 | DEBUG    | 🔐 AUTH mensagem completa: 947 bytes
2026-01-03 18:57:38.748 | DEBUG    | Resposta auth lida do buffer: 947 bytes
2026-01-03 18:57:38.748 | DEBUG    | 📨 Recebido: AuthMessage(type=CHALLENGE, payload=944 bytes)
2026-01-03 18:57:38.748 | INFO     | 🎲 Challenge recebido - processando certificado + challenge...
2026-01-03 18:57:38.751 | INFO     | 📜 Extraindo certificado do peer do payload...
2026-01-03 18:57:38.764 | DEBUG    | ✅ Assinatura da CA válida
2026-01-03 18:57:38.765 | DEBUG    | ✅ Certificado válido temporalmente (expira em 2035-12-31 12:49:32+00:00)
2026-01-03 18:57:38.765 | INFO     | ✅ Certificado validado com sucesso
2026-01-03 18:57:38.768 | INFO     | ✅ Certificado do peer validado!
2026-01-03 18:57:38.768 | INFO     |    Peer NID: 54c225f2...
2026-01-03 18:57:38.769 | INFO     |    Peer tipo: SINK
2026-01-03 18:57:38.769 | DEBUG    |    Challenge: 759e77f6ff221d070cb8d14b315f4148...
2026-01-03 18:57:38.769 | INFO     | ✍️  Assinando dados:
2026-01-03 18:57:38.770 | INFO     |    Data: 32 bytes | 759e77f6ff221d070cb8d14b315f41481c4c15b4ad7d2956643c2a1790980b3d...
2026-01-03 18:57:38.774 | INFO     |    Signature: 139 bytes | 308188024201a76d2cdb9752f70f0ff867cd022576ab2404966c8768827ca3d6...
2026-01-03 18:57:38.775 | INFO     | ✍️  Response gerada: 139 bytes
2026-01-03 18:57:38.777 | DEBUG    |    Estado: CHALLENGE_RECEIVED
2026-01-03 18:57:38.777 | DEBUG    | 📤 Enviando resposta (142 bytes)
2026-01-03 18:57:38.777 | DEBUG    | Mensagem pequena (142 bytes), 1 fragmento
2026-01-03 18:57:38.777 | DEBUG    | Enviando mensagem auth: 142 bytes em 1 fragmento(s)
2026-01-03 18:57:38.781 | INFO     | [OP-20260103_185712-0027] WRITE_REQUEST | Remote: E0:D3:62:D7:47:03 | Char: 12340004-0000-1000-8000-00805f9b34fb | Data: 145 bytes | Hex: 03000103008b308188024201a76d2cdb9752f70f0ff867cd022576ab2404966c8768827ca3d6476a99d900a3deb5efa9970b78c56487b8a271bb50f05d0c9900 | ASCII: ......0...B..m,..R....g..%v.$..l.h.|..Gj..........x.d...q.P.]... [TRUNCATED]
2026-01-03 18:57:38.864 | DEBUG    | ✅ Write via SimpleBLE: 12340004-0000-1000-8000-00805f9b34fb (145 bytes)
2026-01-03 18:57:38.864 | INFO     | [OP-20260103_185712-0028] WRITE_SUCCESS | Remote: E0:D3:62:D7:47:03 | Char: 12340004-0000-1000-8000-00805f9b34fb
2026-01-03 18:57:38.865 | DEBUG    |   Fragmento 1/1 enviado
2026-01-03 18:57:38.865 | DEBUG    | Autenticação round 2/10
2026-01-03 18:57:38.865 | INFO     | [OP-20260103_185712-0029] NOTIFICATION | Remote: E0:D3:62:D7:47:03 | Char: 12340004-0000-1000-8000-00805f9b34fb | Data: 6 bytes | Hex: 030001040000 | ASCII: ......
2026-01-03 18:57:38.866 | DEBUG    | 🔐 AUTH indication recebida: 6 bytes
2026-01-03 18:57:38.866 | DEBUG    | Fragmento recebido: seq=0, total=1, payload=3 bytes, flags=0x03
2026-01-03 18:57:38.866 | INFO     | Iniciando recepção de 1 fragmentos
2026-01-03 18:57:38.866 | DEBUG    | Fragmento 1/1 armazenado (1 de 1 recebidos)
2026-01-03 18:57:38.867 | INFO     | ✅ Mensagem reconstruída: 3 bytes (1 fragmentos)
2026-01-03 18:57:38.867 | DEBUG    | FragmentReassembler resetado
2026-01-03 18:57:38.867 | DEBUG    | 🔐 AUTH mensagem completa: 3 bytes
2026-01-03 18:57:39.366 | DEBUG    | Resposta auth lida do buffer: 3 bytes
2026-01-03 18:57:39.366 | DEBUG    | 📨 Recebido: AuthMessage(type=AUTH_SUCCESS, payload=0 bytes)
2026-01-03 18:57:39.367 | INFO     | ✅ Peer confirmou autenticação bem sucedida!
2026-01-03 18:57:39.368 | INFO     | ✅ Autenticação bem-sucedida!
2026-01-03 18:57:39.372 | DEBUG    | 🔑 Session key derivada: 32 bytes
2026-01-03 18:57:39.373 | INFO     | 🔑 Session key estabelecida
2026-01-03 18:57:39.374 | DEBUG    | 🔑 Session key configurada para porta uplink
2026-01-03 18:57:39.375 | INFO     | 🔀 Session key configurada no Router Daemon
2026-01-03 18:57:39.376 | INFO     | ✅ Certificado do Sink armazenado para verificação de heartbeats
2026-01-03 18:57:39.377 | INFO     | DTLSChannel criado (client) com certificado node_74383752_cert.pem
2026-01-03 18:57:39.378 | INFO     | Iniciando handshake DTLS...
2026-01-03 18:57:39.379 | WARNING  | DTLS não disponível - operando em modo stub
2026-01-03 18:57:39.380 | INFO     | ✅ Canal DTLS (stub) estabelecido
2026-01-03 18:57:39.382 | INFO     | 🔐 Canal DTLS end-to-end estabelecido com Sink
2026-01-03 18:57:39.384 | INFO     | 🔑 Chave de encriptação end-to-end derivada (AES-256-GCM)
2026-01-03 18:57:39.387 | INFO     | 🔑 Chave de encriptação end-to-end derivada
2026-01-03 18:57:39.585 | INFO     | [OP-20260103_185712-0030] NOTIFICATION | Remote: E0:D3:62:D7:47:03 | Char: 12340001-0000-1000-8000-00805f9b34fb | Data: 236 bytes | Hex: 54c225f24e894134bf27c5e9148e17c154c225f24e894134bf27c5e9148e17c102010000001f93008b639771759e8c2a93426906273bb5b358ea999c4937a730 | ASCII: T.%.N.A4.'......T.%.N.A4.'...............c.qu..*.Bi.';..X...I7.0 [TRUNCATED]
2026-01-03 18:57:39.586 | DEBUG    | 📥 Pacote recebido de uplink: 54c225f2... → 54c225f2... (type=MessageType(2), ttl=1)
2026-01-03 18:57:39.586 | DEBUG    | Novo source 54c225f2...: seq=31 (primeiro pacote)
2026-01-03 18:57:39.586 | DEBUG    | Learning new route: 54c225f2... → uplink
2026-01-03 18:57:39.587 | DEBUG    | 📚 Aprendido: 54c225f2... → uplink
2026-01-03 18:57:39.587 | INFO     | 📨 Entregando localmente: 54c225f2... → 54c225f2... (type=MessageType(2), 166 bytes)
2026-01-03 18:57:39.587 | DEBUG    | Novo source 54c225f2...: seq=31 (primeiro pacote)
2026-01-03 18:57:39.587 | DEBUG    | 🔍 Verificando assinatura: sig_len=138, signature_raw_len=138
2026-01-03 18:57:39.587 | INFO     | 💓 Verificando heartbeat:
2026-01-03 18:57:39.588 | INFO     |    Sink NID: 54c225f24e894134bf27c5e9148e17c1
2026-01-03 18:57:39.588 | INFO     |    Timestamp: 1767466659.4915981
2026-01-03 18:57:39.588 | INFO     |    Data to verify: 54c225f24e894134bf27c5e9148e17c141da5659a8df7658
2026-01-03 18:57:39.589 | INFO     | 🔍 Verificando assinatura:
2026-01-03 18:57:39.589 | INFO     |    Data: 24 bytes | 54c225f24e894134bf27c5e9148e17c141da5659a8df7658...
2026-01-03 18:57:39.589 | INFO     |    Signature: 138 bytes | 3081870242010d48f08b3e782cfda7c8c7a43a622c352d51dfaa234587e7f330...
2026-01-03 18:57:39.591 | INFO     | ✅ Assinatura verificada com sucesso!
2026-01-03 18:57:39.593 | DEBUG    | ✅ Assinatura de heartbeat válida
2026-01-03 18:57:39.593 | DEBUG    | 💓 Heartbeat recebido (seq=31, age=0.10s)
2026-01-03 18:57:44.580 | INFO     | [OP-20260103_185712-0031] NOTIFICATION | Remote: E0:D3:62:D7:47:03 | Char: 12340001-0000-1000-8000-00805f9b34fb | Data: 236 bytes | Hex: 54c225f24e894134bf27c5e9148e17c154c225f24e894134bf27c5e9148e17c1020100000020df5eddf6b4bd6d08fab993876a92b9cf7120d0c4247bbfe8a4d2 | ASCII: T.%.N.A4.'......T.%.N.A4.'........... .^....m.....j...q ..${.... [TRUNCATED]
2026-01-03 18:57:44.581 | DEBUG    | 📥 Pacote recebido de uplink: 54c225f2... → 54c225f2... (type=MessageType(2), ttl=1)
2026-01-03 18:57:44.581 | DEBUG    | Source 54c225f2...: seq=32 (novo highest, window: 2 seqs)
2026-01-03 18:57:44.581 | DEBUG    | 📚 Aprendido: 54c225f2... → uplink
2026-01-03 18:57:44.581 | INFO     | 📨 Entregando localmente: 54c225f2... → 54c225f2... (type=MessageType(2), 166 bytes)
2026-01-03 18:57:44.582 | DEBUG    | Source 54c225f2...: seq=32 (novo highest, window: 2 seqs)
2026-01-03 18:57:44.582 | DEBUG    | 🔍 Verificando assinatura: sig_len=139, signature_raw_len=139
2026-01-03 18:57:44.582 | INFO     | 💓 Verificando heartbeat:
2026-01-03 18:57:44.582 | INFO     |    Sink NID: 54c225f24e894134bf27c5e9148e17c1
2026-01-03 18:57:44.583 | INFO     |    Timestamp: 1767466664.4959795
2026-01-03 18:57:44.584 | INFO     |    Data to verify: 54c225f24e894134bf27c5e9148e17c141da5659aa1fbe21
2026-01-03 18:57:44.584 | INFO     | 🔍 Verificando assinatura:
2026-01-03 18:57:44.584 | INFO     |    Data: 24 bytes | 54c225f24e894134bf27c5e9148e17c141da5659aa1fbe21...
2026-01-03 18:57:44.584 | INFO     |    Signature: 139 bytes | 308188024200c4a01ecea12e84e32c3251713cc7cc229aea942d6636bdc482f3...
2026-01-03 18:57:44.586 | INFO     | ✅ Assinatura verificada com sucesso!
2026-01-03 18:57:44.586 | DEBUG    | ✅ Assinatura de heartbeat válida
2026-01-03 18:57:44.586 | DEBUG    | 💓 Heartbeat recebido (seq=32, age=0.09s)
2026-01-03 18:57:49.575 | INFO     | [OP-20260103_185712-0032] NOTIFICATION | Remote: E0:D3:62:D7:47:03 | Char: 12340001-0000-1000-8000-00805f9b34fb | Data: 236 bytes | Hex: 54c225f24e894134bf27c5e9148e17c154c225f24e894134bf27c5e9148e17c102010000002190727e52073edef4f867ba7350098ffab218a1d8bdaf31d9e3b0 | ASCII: T.%.N.A4.'......T.%.N.A4.'...........!.r~R.>...g.sP.........1... [TRUNCATED]
2026-01-03 18:57:49.576 | DEBUG    | 📥 Pacote recebido de uplink: 54c225f2... → 54c225f2... (type=MessageType(2), ttl=1)
2026-01-03 18:57:49.576 | DEBUG    | Source 54c225f2...: seq=33 (novo highest, window: 3 seqs)
2026-01-03 18:57:49.576 | DEBUG    | 📚 Aprendido: 54c225f2... → uplink
2026-01-03 18:57:49.576 | INFO     | 📨 Entregando localmente: 54c225f2... → 54c225f2... (type=MessageType(2), 166 bytes)
2026-01-03 18:57:49.577 | DEBUG    | Source 54c225f2...: seq=33 (novo highest, window: 3 seqs)
2026-01-03 18:57:49.577 | DEBUG    | 🔍 Verificando assinatura: sig_len=139, signature_raw_len=139
2026-01-03 18:57:49.577 | INFO     | 💓 Verificando heartbeat:
2026-01-03 18:57:49.577 | INFO     |    Sink NID: 54c225f24e894134bf27c5e9148e17c1
2026-01-03 18:57:49.578 | INFO     |    Timestamp: 1767466669.495923
2026-01-03 18:57:49.578 | INFO     |    Data to verify: 54c225f24e894134bf27c5e9148e17c141da5659ab5fbd34
2026-01-03 18:57:49.578 | INFO     | 🔍 Verificando assinatura:
2026-01-03 18:57:49.579 | INFO     |    Data: 24 bytes | 54c225f24e894134bf27c5e9148e17c141da5659ab5fbd34...
2026-01-03 18:57:49.579 | INFO     |    Signature: 139 bytes | 30818802420088292db69612e51e325eeccc18b025d826d24fa660f333151360...
2026-01-03 18:57:49.581 | INFO     | ✅ Assinatura verificada com sucesso!
2026-01-03 18:57:49.582 | DEBUG    | ✅ Assinatura de heartbeat válida
2026-01-03 18:57:49.582 | DEBUG    | 💓 Heartbeat recebido (seq=33, age=0.09s)
2026-01-03 18:57:54.569 | INFO     | [OP-20260103_185712-0033] NOTIFICATION | Remote: E0:D3:62:D7:47:03 | Char: 12340001-0000-1000-8000-00805f9b34fb | Data: 236 bytes | Hex: 54c225f24e894134bf27c5e9148e17c154c225f24e894134bf27c5e9148e17c1020100000022608a5636f5e3e5bca72a3b442909b2a1f8a53bd0bbc86bebd5eb | ASCII: T.%.N.A4.'......T.%.N.A4.'..........."`.V6.....*;D).....;...k... [TRUNCATED]
2026-01-03 18:57:54.570 | DEBUG    | 📥 Pacote recebido de uplink: 54c225f2... → 54c225f2... (type=MessageType(2), ttl=1)
2026-01-03 18:57:54.570 | DEBUG    | Source 54c225f2...: seq=34 (novo highest, window: 4 seqs)
2026-01-03 18:57:54.571 | DEBUG    | 📚 Aprendido: 54c225f2... → uplink
2026-01-03 18:57:54.571 | INFO     | 📨 Entregando localmente: 54c225f2... → 54c225f2... (type=MessageType(2), 166 bytes)
2026-01-03 18:57:54.571 | DEBUG    | Source 54c225f2...: seq=34 (novo highest, window: 4 seqs)
2026-01-03 18:57:54.572 | DEBUG    | 🔍 Verificando assinatura: sig_len=138, signature_raw_len=138
2026-01-03 18:57:54.572 | INFO     | 💓 Verificando heartbeat:
2026-01-03 18:57:54.572 | INFO     |    Sink NID: 54c225f24e894134bf27c5e9148e17c1
2026-01-03 18:57:54.573 | INFO     |    Timestamp: 1767466674.4958544
2026-01-03 18:57:54.573 | INFO     |    Data to verify: 54c225f24e894134bf27c5e9148e17c141da5659ac9fbc14
2026-01-03 18:57:54.574 | INFO     | 🔍 Verificando assinatura:
2026-01-03 18:57:54.575 | INFO     |    Data: 24 bytes | 54c225f24e894134bf27c5e9148e17c141da5659ac9fbc14...
2026-01-03 18:57:54.575 | INFO     |    Signature: 138 bytes | 30818702420136e21a1483f69eedd14ea994cf1d312f46645681656b09cbe4b6...
2026-01-03 18:57:54.577 | INFO     | ✅ Assinatura verificada com sucesso!
2026-01-03 18:57:54.579 | DEBUG    | ✅ Assinatura de heartbeat válida
2026-01-03 18:57:54.579 | DEBUG    | 💓 Heartbeat recebido (seq=34, age=0.08s)
2026-01-03 18:57:59.565 | INFO     | [OP-20260103_185712-0034] NOTIFICATION | Remote: E0:D3:62:D7:47:03 | Char: 12340001-0000-1000-8000-00805f9b34fb | Data: 236 bytes | Hex: 54c225f24e894134bf27c5e9148e17c154c225f24e894134bf27c5e9148e17c1020100000023af959ae4aaf302beae1a981be3bd92342c9728581adeed3a7ba5 | ASCII: T.%.N.A4.'......T.%.N.A4.'...........#...............4,.(X...:{. [TRUNCATED]
2026-01-03 18:57:59.565 | DEBUG    | 📥 Pacote recebido de uplink: 54c225f2... → 54c225f2... (type=MessageType(2), ttl=1)
2026-01-03 18:57:59.565 | DEBUG    | Source 54c225f2...: seq=35 (novo highest, window: 5 seqs)
2026-01-03 18:57:59.566 | DEBUG    | 📚 Aprendido: 54c225f2... → uplink
2026-01-03 18:57:59.566 | INFO     | 📨 Entregando localmente: 54c225f2... → 54c225f2... (type=MessageType(2), 166 bytes)
2026-01-03 18:57:59.566 | DEBUG    | Source 54c225f2...: seq=35 (novo highest, window: 5 seqs)
2026-01-03 18:57:59.566 | DEBUG    | 🔍 Verificando assinatura: sig_len=138, signature_raw_len=138
2026-01-03 18:57:59.566 | INFO     | 💓 Verificando heartbeat:
2026-01-03 18:57:59.566 | INFO     |    Sink NID: 54c225f24e894134bf27c5e9148e17c1
2026-01-03 18:57:59.567 | INFO     |    Timestamp: 1767466679.4953086
2026-01-03 18:57:59.567 | INFO     |    Data to verify: 54c225f24e894134bf27c5e9148e17c141da5659addfb323
2026-01-03 18:57:59.567 | INFO     | 🔍 Verificando assinatura:
2026-01-03 18:57:59.568 | INFO     |    Data: 24 bytes | 54c225f24e894134bf27c5e9148e17c141da5659addfb323...
2026-01-03 18:57:59.568 | INFO     |    Signature: 138 bytes | 308187024201ae14a0c8842794f92af7f3920961f33e506b49c99368bd60cf2c...
2026-01-03 18:57:59.569 | INFO     | ✅ Assinatura verificada com sucesso!
2026-01-03 18:57:59.569 | DEBUG    | ✅ Assinatura de heartbeat válida
2026-01-03 18:57:59.569 | DEBUG    | 💓 Heartbeat recebido (seq=35, age=0.07s)
2026-01-03 18:58:04.605 | INFO     | [OP-20260103_185712-0035] NOTIFICATION | Remote: E0:D3:62:D7:47:03 | Char: 12340001-0000-1000-8000-00805f9b34fb | Data: 236 bytes | Hex: 54c225f24e894134bf27c5e9148e17c154c225f24e894134bf27c5e9148e17c1020100000024b67ce4c1c11c903f7f607cb54efdf8f64b8ae347e8f940cf0d42 | ASCII: T.%.N.A4.'......T.%.N.A4.'...........$.|.....?.`|.N...K..G..@..B [TRUNCATED]
2026-01-03 18:58:04.605 | DEBUG    | 📥 Pacote recebido de uplink: 54c225f2... → 54c225f2... (type=MessageType(2), ttl=1)
2026-01-03 18:58:04.605 | DEBUG    | Source 54c225f2...: seq=36 (novo highest, window: 6 seqs)
2026-01-03 18:58:04.606 | DEBUG    | 📚 Aprendido: 54c225f2... → uplink
2026-01-03 18:58:04.606 | INFO     | 📨 Entregando localmente: 54c225f2... → 54c225f2... (type=MessageType(2), 166 bytes)
2026-01-03 18:58:04.606 | DEBUG    | Source 54c225f2...: seq=36 (novo highest, window: 6 seqs)
2026-01-03 18:58:04.606 | DEBUG    | 🔍 Verificando assinatura: sig_len=138, signature_raw_len=138
2026-01-03 18:58:04.606 | INFO     | 💓 Verificando heartbeat:
2026-01-03 18:58:04.607 | INFO     |    Sink NID: 54c225f24e894134bf27c5e9148e17c1
2026-01-03 18:58:04.607 | INFO     |    Timestamp: 1767466684.4959972
2026-01-03 18:58:04.607 | INFO     |    Data to verify: 54c225f24e894134bf27c5e9148e17c141da5659af1fbe6b
2026-01-03 18:58:04.608 | INFO     | 🔍 Verificando assinatura:
2026-01-03 18:58:04.609 | INFO     |    Data: 24 bytes | 54c225f24e894134bf27c5e9148e17c141da5659af1fbe6b...
2026-01-03 18:58:04.609 | INFO     |    Signature: 138 bytes | 30818702414e1192312a88a9e3de5e2c8d78f23b335ccb44785f751bd77086a6...
2026-01-03 18:58:04.610 | INFO     | ✅ Assinatura verificada com sucesso!
2026-01-03 18:58:04.611 | DEBUG    | ✅ Assinatura de heartbeat válida
2026-01-03 18:58:04.611 | DEBUG    | 💓 Heartbeat recebido (seq=36, age=0.12s)
2026-01-03 18:58:09.600 | INFO     | [OP-20260103_185712-0036] NOTIFICATION | Remote: E0:D3:62:D7:47:03 | Char: 12340001-0000-1000-8000-00805f9b34fb | Data: 236 bytes | Hex: 54c225f24e894134bf27c5e9148e17c154c225f24e894134bf27c5e9148e17c1020100000025061bf13f3164bf53b54364d1808a0fd08d939a7e6c88a664f663 | ASCII: T.%.N.A4.'......T.%.N.A4.'...........%...?1d.S.Cd........~l..d.c [TRUNCATED]
2026-01-03 18:58:09.600 | DEBUG    | 📥 Pacote recebido de uplink: 54c225f2... → 54c225f2... (type=MessageType(2), ttl=1)
2026-01-03 18:58:09.600 | DEBUG    | Source 54c225f2...: seq=37 (novo highest, window: 7 seqs)
2026-01-03 18:58:09.601 | DEBUG    | 📚 Aprendido: 54c225f2... → uplink
2026-01-03 18:58:09.601 | INFO     | 📨 Entregando localmente: 54c225f2... → 54c225f2... (type=MessageType(2), 166 bytes)
2026-01-03 18:58:09.601 | DEBUG    | Source 54c225f2...: seq=37 (novo highest, window: 7 seqs)
2026-01-03 18:58:09.602 | DEBUG    | 🔍 Verificando assinatura: sig_len=139, signature_raw_len=139
2026-01-03 18:58:09.602 | INFO     | 💓 Verificando heartbeat:
2026-01-03 18:58:09.602 | INFO     |    Sink NID: 54c225f24e894134bf27c5e9148e17c1
2026-01-03 18:58:09.603 | INFO     |    Timestamp: 1767466689.4959438
2026-01-03 18:58:09.603 | INFO     |    Data to verify: 54c225f24e894134bf27c5e9148e17c141da5659b05fbd8b
2026-01-03 18:58:09.603 | INFO     | 🔍 Verificando assinatura:
2026-01-03 18:58:09.604 | INFO     |    Data: 24 bytes | 54c225f24e894134bf27c5e9148e17c141da5659b05fbd8b...
2026-01-03 18:58:09.604 | INFO     |    Signature: 139 bytes | 308188024200dc99d0d6b075a19bd9e57c4cdc14843ed95da26314436356faf4...
2026-01-03 18:58:09.607 | INFO     | ✅ Assinatura verificada com sucesso!
2026-01-03 18:58:09.608 | DEBUG    | ✅ Assinatura de heartbeat válida
2026-01-03 18:58:09.608 | DEBUG    | 💓 Heartbeat recebido (seq=37, age=0.11s)
2026-01-03 18:58:14.595 | INFO     | [OP-20260103_185712-0037] NOTIFICATION | Remote: E0:D3:62:D7:47:03 | Char: 12340001-0000-1000-8000-00805f9b34fb | Data: 236 bytes | Hex: 54c225f24e894134bf27c5e9148e17c154c225f24e894134bf27c5e9148e17c1020100000026a3c087180d6c67b8bf3a2abf718cdd8b7fac72327d6f16150a7e | ASCII: T.%.N.A4.'......T.%.N.A4.'...........&.....lg..:*.q.....r2}o...~ [TRUNCATED]
2026-01-03 18:58:14.595 | DEBUG    | 📥 Pacote recebido de uplink: 54c225f2... → 54c225f2... (type=MessageType(2), ttl=1)
2026-01-03 18:58:14.595 | DEBUG    | Source 54c225f2...: seq=38 (novo highest, window: 8 seqs)
2026-01-03 18:58:14.595 | DEBUG    | 📚 Aprendido: 54c225f2... → uplink
2026-01-03 18:58:14.596 | INFO     | 📨 Entregando localmente: 54c225f2... → 54c225f2... (type=MessageType(2), 166 bytes)
2026-01-03 18:58:14.596 | DEBUG    | Source 54c225f2...: seq=38 (novo highest, window: 8 seqs)
2026-01-03 18:58:14.596 | DEBUG    | 🔍 Verificando assinatura: sig_len=139, signature_raw_len=139
2026-01-03 18:58:14.597 | INFO     | 💓 Verificando heartbeat:
2026-01-03 18:58:14.597 | INFO     |    Sink NID: 54c225f24e894134bf27c5e9148e17c1
2026-01-03 18:58:14.598 | INFO     |    Timestamp: 1767466694.4959238
2026-01-03 18:58:14.598 | INFO     |    Data to verify: 54c225f24e894134bf27c5e9148e17c141da5659b19fbd37
2026-01-03 18:58:14.598 | INFO     | 🔍 Verificando assinatura:
2026-01-03 18:58:14.599 | INFO     |    Data: 24 bytes | 54c225f24e894134bf27c5e9148e17c141da5659b19fbd37...
2026-01-03 18:58:14.599 | INFO     |    Signature: 139 bytes | 308188024200b4bb3bad1c8a90814d816634d82ca33b846ee263ffec29d73413...
2026-01-03 18:58:14.600 | INFO     | ✅ Assinatura verificada com sucesso!
2026-01-03 18:58:14.601 | DEBUG    | ✅ Assinatura de heartbeat válida
2026-01-03 18:58:14.601 | DEBUG    | 💓 Heartbeat recebido (seq=38, age=0.11s)
2026-01-03 18:58:19.591 | INFO     | [OP-20260103_185712-0038] NOTIFICATION | Remote: E0:D3:62:D7:47:03 | Char: 12340001-0000-1000-8000-00805f9b34fb | Data: 236 bytes | Hex: 54c225f24e894134bf27c5e9148e17c154c225f24e894134bf27c5e9148e17c102010000002772cc0dbbd4bed435e7d309517845b4d695b51d2e357ab9211b04 | ASCII: T.%.N.A4.'......T.%.N.A4.'...........'r......5...QxE......5z.!.. [TRUNCATED]
2026-01-03 18:58:19.591 | DEBUG    | 📥 Pacote recebido de uplink: 54c225f2... → 54c225f2... (type=MessageType(2), ttl=1)
2026-01-03 18:58:19.592 | DEBUG    | Source 54c225f2...: seq=39 (novo highest, window: 9 seqs)
2026-01-03 18:58:19.592 | DEBUG    | 📚 Aprendido: 54c225f2... → uplink
2026-01-03 18:58:19.592 | INFO     | 📨 Entregando localmente: 54c225f2... → 54c225f2... (type=MessageType(2), 166 bytes)
2026-01-03 18:58:19.593 | DEBUG    | Source 54c225f2...: seq=39 (novo highest, window: 9 seqs)
2026-01-03 18:58:19.593 | DEBUG    | 🔍 Verificando assinatura: sig_len=139, signature_raw_len=139
2026-01-03 18:58:19.593 | INFO     | 💓 Verificando heartbeat:
2026-01-03 18:58:19.593 | INFO     |    Sink NID: 54c225f24e894134bf27c5e9148e17c1
2026-01-03 18:58:19.593 | INFO     |    Timestamp: 1767466699.4958735
2026-01-03 18:58:19.594 | INFO     |    Data to verify: 54c225f24e894134bf27c5e9148e17c141da5659b2dfbc64
2026-01-03 18:58:19.594 | INFO     | 🔍 Verificando assinatura:
2026-01-03 18:58:19.594 | INFO     |    Data: 24 bytes | 54c225f24e894134bf27c5e9148e17c141da5659b2dfbc64...
2026-01-03 18:58:19.594 | INFO     |    Signature: 139 bytes | 3081880242010bef7f92b343c42fc26474fdb81a5f9c54779ee32cb92234277d...
2026-01-03 18:58:19.596 | INFO     | ✅ Assinatura verificada com sucesso!
2026-01-03 18:58:19.596 | DEBUG    | ✅ Assinatura de heartbeat válida
2026-01-03 18:58:19.596 | DEBUG    | 💓 Heartbeat recebido (seq=39, age=0.10s)
2026-01-03 18:58:24.584 | INFO     | [OP-20260103_185712-0039] NOTIFICATION | Remote: E0:D3:62:D7:47:03 | Char: 12340001-0000-1000-8000-00805f9b34fb | Data: 236 bytes | Hex: 54c225f24e894134bf27c5e9148e17c154c225f24e894134bf27c5e9148e17c1020100000028921539455ac6d363d852fd05ab8d23f0e60408fbf54d881f87b7 | ASCII: T.%.N.A4.'......T.%.N.A4.'...........(..9EZ..c.R....#......M.... [TRUNCATED]
2026-01-03 18:58:24.585 | DEBUG    | 📥 Pacote recebido de uplink: 54c225f2... → 54c225f2... (type=MessageType(2), ttl=1)
2026-01-03 18:58:24.585 | DEBUG    | Source 54c225f2...: seq=40 (novo highest, window: 10 seqs)
2026-01-03 18:58:24.586 | DEBUG    | 📚 Aprendido: 54c225f2... → uplink
2026-01-03 18:58:24.586 | INFO     | 📨 Entregando localmente: 54c225f2... → 54c225f2... (type=MessageType(2), 166 bytes)
2026-01-03 18:58:24.586 | DEBUG    | Source 54c225f2...: seq=40 (novo highest, window: 10 seqs)
2026-01-03 18:58:24.586 | DEBUG    | 🔍 Verificando assinatura: sig_len=139, signature_raw_len=139
2026-01-03 18:58:24.586 | INFO     | 💓 Verificando heartbeat:
2026-01-03 18:58:24.587 | INFO     |    Sink NID: 54c225f24e894134bf27c5e9148e17c1
2026-01-03 18:58:24.587 | INFO     |    Timestamp: 1767466704.4959774
2026-01-03 18:58:24.588 | INFO     |    Data to verify: 54c225f24e894134bf27c5e9148e17c141da5659b41fbe18
2026-01-03 18:58:24.588 | INFO     | 🔍 Verificando assinatura:
2026-01-03 18:58:24.588 | INFO     |    Data: 24 bytes | 54c225f24e894134bf27c5e9148e17c141da5659b41fbe18...
2026-01-03 18:58:24.589 | INFO     |    Signature: 139 bytes | 308188024201c3128cc6e72cf2291a4a029d7ec7099b2a985772e57b550c1fdb...
2026-01-03 18:58:24.590 | INFO     | ✅ Assinatura verificada com sucesso!
2026-01-03 18:58:24.591 | DEBUG    | ✅ Assinatura de heartbeat válida
2026-01-03 18:58:24.591 | DEBUG    | 💓 Heartbeat recebido (seq=40, age=0.10s)
2026-01-03 18:58:29.580 | INFO     | [OP-20260103_185712-0040] NOTIFICATION | Remote: E0:D3:62:D7:47:03 | Char: 12340001-0000-1000-8000-00805f9b34fb | Data: 236 bytes | Hex: 54c225f24e894134bf27c5e9148e17c154c225f24e894134bf27c5e9148e17c1020100000029d1c2f83b830d5b74cfa115ca6adc513191344ef91adaf745083a | ASCII: T.%.N.A4.'......T.%.N.A4.'...........)...;..[t....j.Q1.4N....E.: [TRUNCATED]
2026-01-03 18:58:29.580 | DEBUG    | 📥 Pacote recebido de uplink: 54c225f2... → 54c225f2... (type=MessageType(2), ttl=1)
2026-01-03 18:58:29.581 | DEBUG    | Source 54c225f2...: seq=41 (novo highest, window: 11 seqs)
2026-01-03 18:58:29.581 | DEBUG    | 📚 Aprendido: 54c225f2... → uplink
2026-01-03 18:58:29.581 | INFO     | 📨 Entregando localmente: 54c225f2... → 54c225f2... (type=MessageType(2), 166 bytes)
2026-01-03 18:58:29.581 | DEBUG    | Source 54c225f2...: seq=41 (novo highest, window: 11 seqs)
2026-01-03 18:58:29.581 | DEBUG    | 🔍 Verificando assinatura: sig_len=139, signature_raw_len=139
2026-01-03 18:58:29.581 | INFO     | 💓 Verificando heartbeat:
2026-01-03 18:58:29.582 | INFO     |    Sink NID: 54c225f24e894134bf27c5e9148e17c1
2026-01-03 18:58:29.582 | INFO     |    Timestamp: 1767466709.4959285
2026-01-03 18:58:29.583 | INFO     |    Data to verify: 54c225f24e894134bf27c5e9148e17c141da5659b55fbd4b
2026-01-03 18:58:29.583 | INFO     | 🔍 Verificando assinatura:
2026-01-03 18:58:29.583 | INFO     |    Data: 24 bytes | 54c225f24e894134bf27c5e9148e17c141da5659b55fbd4b...
2026-01-03 18:58:29.583 | INFO     |    Signature: 139 bytes | 308188024201e129ef9df650fa4f3b5c536c09a51683c8e40609dd836d73b324...
2026-01-03 18:58:29.585 | INFO     | ✅ Assinatura verificada com sucesso!
2026-01-03 18:58:29.585 | DEBUG    | ✅ Assinatura de heartbeat válida
2026-01-03 18:58:29.585 | DEBUG    | 💓 Heartbeat recebido (seq=41, age=0.09s)
2026-01-03 18:58:34.577 | INFO     | [OP-20260103_185712-0041] NOTIFICATION | Remote: E0:D3:62:D7:47:03 | Char: 12340001-0000-1000-8000-00805f9b34fb | Data: 236 bytes | Hex: 54c225f24e894134bf27c5e9148e17c154c225f24e894134bf27c5e9148e17c102010000002ab8fb9538394be96f4b33b9249433137575c6f69e0425a0e7bdee | ASCII: T.%.N.A4.'......T.%.N.A4.'...........*...89K.oK3.$.3.uu....%.... [TRUNCATED]
2026-01-03 18:58:34.577 | DEBUG    | 📥 Pacote recebido de uplink: 54c225f2... → 54c225f2... (type=MessageType(2), ttl=1)
2026-01-03 18:58:34.578 | DEBUG    | Source 54c225f2...: seq=42 (novo highest, window: 12 seqs)
2026-01-03 18:58:34.578 | DEBUG    | 📚 Aprendido: 54c225f2... → uplink
2026-01-03 18:58:34.578 | INFO     | 📨 Entregando localmente: 54c225f2... → 54c225f2... (type=MessageType(2), 166 bytes)
2026-01-03 18:58:34.579 | DEBUG    | Source 54c225f2...: seq=42 (novo highest, window: 12 seqs)
2026-01-03 18:58:34.579 | DEBUG    | 🔍 Verificando assinatura: sig_len=138, signature_raw_len=138
2026-01-03 18:58:34.579 | INFO     | 💓 Verificando heartbeat:
2026-01-03 18:58:34.579 | INFO     |    Sink NID: 54c225f24e894134bf27c5e9148e17c1
2026-01-03 18:58:34.580 | INFO     |    Timestamp: 1767466714.4958863
2026-01-03 18:58:34.580 | INFO     |    Data to verify: 54c225f24e894134bf27c5e9148e17c141da5659b69fbc9a
2026-01-03 18:58:34.580 | INFO     | 🔍 Verificando assinatura:
2026-01-03 18:58:34.581 | INFO     |    Data: 24 bytes | 54c225f24e894134bf27c5e9148e17c141da5659b69fbc9a...
2026-01-03 18:58:34.582 | INFO     |    Signature: 138 bytes | 308187024201ad700e68a6936bf9279ced3baa350c9b49a9740efa3744886685...
2026-01-03 18:58:34.584 | INFO     | ✅ Assinatura verificada com sucesso!
2026-01-03 18:58:34.584 | DEBUG    | ✅ Assinatura de heartbeat válida
2026-01-03 18:58:34.585 | DEBUG    | 💓 Heartbeat recebido (seq=42, age=0.09s)
2026-01-03 18:58:44.645 | WARNING  | ⚠️  Sem heartbeat há 10.1s (último seq=42)
2026-01-03 18:58:45.647 | WARNING  | ⚠️  Sem heartbeat há 11.1s (último seq=42)
2026-01-03 18:58:46.648 | WARNING  | ⚠️  Sem heartbeat há 12.1s (último seq=42)
2026-01-03 18:58:47.650 | WARNING  | ⚠️  Sem heartbeat há 13.1s (último seq=42)
2026-01-03 18:58:48.650 | WARNING  | ⚠️  Sem heartbeat há 14.1s (último seq=42)
2026-01-03 18:58:49.652 | ERROR    | ❌ Timeout de heartbeat! Sem heartbeat há 15.1s (último seq=42)
2026-01-03 18:58:49.653 | WARNING  | ⚠️  Desconectando do uplink devido a timeout de heartbeat...
2026-01-03 18:58:51.771 | INFO     | Desconectado de E0:D3:62:D7:47:03
2026-01-03 18:58:51.772 | INFO     | [OP-20260103_185712-0042] DISCONNECT | Remote: E0:D3:62:D7:47:03 | Reason: normal
2026-01-03 18:58:51.774 | DEBUG    | Nenhum downlink para desconectar
2026-01-03 18:58:52.775 | WARNING  | ⚠️  Conexão perdida com Sink
2026-01-03 18:58:52.778 | DEBUG    | Nenhum downlink para desconectar
2026-01-03 18:58:56.498 | INFO     | A parar Node...
2026-01-03 18:58:56.499 | INFO     | A parar GATT Server...
2026-01-03 18:58:56.503 | INFO     | ✅ GATT Server parado
2026-01-03 18:58:56.504 | INFO     | ✅ Node parado
