2026-01-02 20:48:22.309 | INFO     | BLE Operation Logger iniciado: ble_operations_E0D362D6EEA0_20260102_204822.log
2026-01-02 20:48:22.310 | INFO     | Scanner BLE iniciado: hci0 (E0:D3:62:D6:EE:A0)
2026-01-02 20:48:22.311 | INFO     | BLE Client iniciado
2026-01-02 20:48:22.311 | DEBUG    | FragmentReassembler inicializado
2026-01-02 20:48:22.311 | INFO     | IoT Node inicializado (adapter=hci0)
2026-01-02 20:48:22.312 | INFO     | A configurar GATT Server...
2026-01-02 20:48:22.314 | INFO     | Application criada: /
2026-01-02 20:48:22.315 | INFO     | Service criado: /0 (UUID: 12340000-0000-1000-8000-00805f9b34fb, primary: True)
2026-01-02 20:48:22.315 | INFO     | A criar IoTNetworkService...
2026-01-02 20:48:22.316 | DEBUG    | Characteristic criada: /0/char0 (UUID: 12340001-0000-1000-8000-00805f9b34fb, flags: ['write', 'notify'])
2026-01-02 20:48:22.316 | INFO     | NetworkPacketCharacteristic criada
2026-01-02 20:48:22.317 | DEBUG    | Characteristic criada: /0/char1 (UUID: 12340002-0000-1000-8000-00805f9b34fb, flags: ['read'])
2026-01-02 20:48:22.317 | INFO     | DeviceInfoCharacteristic criada: NID=74383752..., type=node
2026-01-02 20:48:22.318 | DEBUG    | Characteristic criada: /0/char2 (UUID: 12340003-0000-1000-8000-00805f9b34fb, flags: ['read', 'notify'])
2026-01-02 20:48:22.318 | INFO     | NeighborTableCharacteristic criada
2026-01-02 20:48:22.319 | DEBUG    | Characteristic criada: /0/char3 (UUID: 12340004-0000-1000-8000-00805f9b34fb, flags: ['write', 'indicate'])
2026-01-02 20:48:22.319 | INFO     | AuthCharacteristic criada
2026-01-02 20:48:22.319 | DEBUG    | Characteristic adicionada a /0: /0/char0
2026-01-02 20:48:22.320 | DEBUG    | Characteristic adicionada a /0: /0/char1
2026-01-02 20:48:22.320 | DEBUG    | Characteristic adicionada a /0: /0/char2
2026-01-02 20:48:22.320 | DEBUG    | Characteristic adicionada a /0: /0/char3
2026-01-02 20:48:22.320 | INFO     | ✅ IoTNetworkService criado com sucesso!
2026-01-02 20:48:22.321 | INFO     | Service adicionado à aplicação: /0
2026-01-02 20:48:22.321 | DEBUG    | Packet callback definido
2026-01-02 20:48:22.322 | DEBUG    | Auth callback definido
2026-01-02 20:48:22.322 | INFO     | Advertisement criado: /org/bluez/iot/advertisement0 (type: peripheral)
2026-01-02 20:48:22.322 | INFO     | ✅ Service UUID adicionado ao advertising: 12340000-0000-1000-8000-00805f9b34fb
2026-01-02 20:48:22.325 | INFO     |    Lista atual de UUIDs: ['12340000-0000-1000-8000-00805f9b34fb']
2026-01-02 20:48:22.326 | DEBUG    | Local name definido: IoT-Node-74383752
2026-01-02 20:48:22.326 | DEBUG    | Manufacturer data adicionado: ID=65535
2026-01-02 20:48:22.327 | INFO     | ✅ GATT Server configurado
2026-01-02 20:48:22.327 | INFO     | A iniciar GATT Server...
2026-01-02 20:48:22.330 | INFO     | ✅ GATT Server iniciado em thread separada
2026-01-02 20:48:22.332 | INFO     | ✅ Node Device iniciado - CLI interativo pronto
2026-01-02 20:48:22.337 | DEBUG    | GetManagedObjects called
2026-01-02 20:48:22.338 | DEBUG    | GetManagedObjects returning 5 objects
2026-01-02 20:48:22.405 | INFO     | ✅ GATT application registada!
2026-01-02 20:48:22.408 | DEBUG    | GetAll called on /org/bluez/iot/advertisement0
2026-01-02 20:48:22.409 | INFO     | 📡 Advertising com ServiceUUIDs: ['12340000-0000-1000-8000-00805f9b34fb']
2026-01-02 20:48:22.509 | INFO     | ✅ Advertisement registado!
2026-01-02 20:48:23.664 | INFO     | A fazer scan BLE durante 5000ms...
2026-01-02 20:48:23.665 | INFO     | [OP-20260102_204822-0001] SCAN_START | Duration: 5000ms | Filter_IoT: True
2026-01-02 20:48:28.691 | DEBUG    |   Encontrado: IoT-Sink-54c225f2 (E0:D3:62:D7:47:03) RSSI: -54 dBm
2026-01-02 20:48:28.692 | INFO     | Scan concluído: 1 dispositivos encontrados
2026-01-02 20:48:28.693 | INFO     | [OP-20260102_204822-0002] SCAN_RESULT | Devices_Found: 1
2026-01-02 20:48:28.694 | DEBUG    | [OP-20260102_204822-0002]   Device_1: Name: IoT-Sink-54c225f2 | Address: E0:D3:62:D7:47:03 | RSSI: -54 dBm | Services: 1
2026-01-02 20:48:28.694 | INFO     | A fazer scan BLE durante 5000ms...
2026-01-02 20:48:28.695 | INFO     | [OP-20260102_204822-0003] SCAN_START | Duration: 5000ms | Filter_IoT: True
2026-01-02 20:48:33.720 | DEBUG    |   Encontrado: IoT-Sink-54c225f2 (E0:D3:62:D7:47:03) RSSI: -50 dBm
2026-01-02 20:48:33.721 | INFO     | Scan concluído: 1 dispositivos encontrados
2026-01-02 20:48:33.722 | INFO     | [OP-20260102_204822-0004] SCAN_RESULT | Devices_Found: 1
2026-01-02 20:48:33.724 | DEBUG    | [OP-20260102_204822-0004]   Device_1: Name: IoT-Sink-54c225f2 | Address: E0:D3:62:D7:47:03 | RSSI: -50 dBm | Services: 1
2026-01-02 20:48:36.785 | INFO     | A conectar ao Sink E0:D3:62:D7:47:03...
2026-01-02 20:48:36.787 | DEBUG    | BLEConnection criada para E0:D3:62:D7:47:03
2026-01-02 20:48:36.788 | INFO     | A conectar a E0:D3:62:D7:47:03...
2026-01-02 20:48:36.789 | INFO     | [OP-20260102_204822-0005] CONNECT_ATTEMPT | Local: E0:D3:62:D6:EE:A0 | Remote: E0:D3:62:D7:47:03
2026-01-02 20:48:39.867 | INFO     | ✅ Conectado a E0:D3:62:D7:47:03
2026-01-02 20:48:39.868 | INFO     | [OP-20260102_204822-0006] CONNECT_SUCCESS | Remote: E0:D3:62:D7:47:03 | Time: 3075.60ms
2026-01-02 20:48:39.870 | DEBUG    | ✅ Conexão estabelecida. Operações GATT usarão D-Bus se necessário.
2026-01-02 20:48:39.870 | INFO     | ✅ Conectado ao Sink via GATT
2026-01-02 20:48:39.873 | DEBUG    | Descobertos 4 serviços
2026-01-02 20:48:39.876 | DEBUG    | Serviço 12340000-0000-1000-8000-00805f9b34fb encontrado
2026-01-02 20:48:39.876 | INFO     | ✅ Serviço IoT Network encontrado
2026-01-02 20:48:39.877 | INFO     | A subscrever a notificações...
2026-01-02 20:48:40.333 | INFO     | ✅ Subscrito a notificações: 12340001-0000-1000-8000-00805f9b34fb
2026-01-02 20:48:40.334 | INFO     | [OP-20260102_204822-0007] SUBSCRIBE_SUCCESS | Remote: E0:D3:62:D7:47:03 | Char: 12340001-0000-1000-8000-00805f9b34fb
2026-01-02 20:48:40.335 | INFO     | ✅ Subscrito a NETWORK_PACKET
2026-01-02 20:48:40.337 | DEBUG    | [OP-20260102_204822-0008] READ_REQUEST | Remote: E0:D3:62:D7:47:03 | Service: 12340000-0000-1000-8000-00805f9b34fb | Char: 12340002-0000-1000-8000-00805f9b34fb
2026-01-02 20:48:40.422 | DEBUG    | Read 12340002-0000-1000-8000-00805f9b34fb: 18 bytes
2026-01-02 20:48:40.423 | INFO     | [OP-20260102_204822-0009] READ_RESPONSE | Remote: E0:D3:62:D7:47:03 | Char: 12340002-0000-1000-8000-00805f9b34fb | Data: 18 bytes | Hex: 54c225f24e894134bf27c5e9148e17c1ff01 | ASCII: T.%.N.A4.'........
2026-01-02 20:48:40.424 | INFO     | ✅ Conectado ao Sink - hop_count=0
2026-01-02 20:48:40.425 | INFO     | 🔐 A iniciar autenticação com Sink...
2026-01-02 20:48:40.425 | DEBUG    | 📡 A subscrever a AUTH characteristic...
2026-01-02 20:48:40.512 | INFO     | ✅ Subscrito a notificações: 12340004-0000-1000-8000-00805f9b34fb
2026-01-02 20:48:40.512 | INFO     | [OP-20260102_204822-0010] SUBSCRIBE_SUCCESS | Remote: E0:D3:62:D7:47:03 | Char: 12340004-0000-1000-8000-00805f9b34fb
2026-01-02 20:48:40.513 | DEBUG    | ✅ Subscrito a AUTH indications
2026-01-02 20:48:40.513 | INFO     | AuthenticationProtocol inicializado para 74383752...
2026-01-02 20:48:40.513 | INFO     | 📤 Enviando certificado...
2026-01-02 20:48:40.515 | INFO     | 🔐 Iniciando autenticação - enviando certificado...
2026-01-02 20:48:40.516 | INFO     |    Certificado: 887 bytes
2026-01-02 20:48:40.516 | DEBUG    |    Estado: IDLE → CERT_SENT
2026-01-02 20:48:40.516 | INFO     | Fragmentando mensagem de 890 bytes em 5 fragmentos
2026-01-02 20:48:40.517 | DEBUG    |   Fragmento 1/5: 180 bytes, flags=0x01
2026-01-02 20:48:40.517 | DEBUG    |   Fragmento 2/5: 180 bytes, flags=0x00
2026-01-02 20:48:40.517 | DEBUG    |   Fragmento 3/5: 180 bytes, flags=0x00
2026-01-02 20:48:40.517 | DEBUG    |   Fragmento 4/5: 180 bytes, flags=0x00
2026-01-02 20:48:40.517 | DEBUG    |   Fragmento 5/5: 170 bytes, flags=0x02
2026-01-02 20:48:40.517 | DEBUG    | Enviando mensagem auth: 890 bytes em 5 fragmento(s)
2026-01-02 20:48:40.519 | INFO     | [OP-20260102_204822-0011] WRITE_REQUEST | Remote: E0:D3:62:D7:47:03 | Char: 12340004-0000-1000-8000-00805f9b34fb | Data: 183 bytes | Hex: 0100050103772d2d2d2d2d424547494e2043455254494649434154452d2d2d2d2d0a4d4949435954434341634b674177494241674955503456317a7156365177 | ASCII: .....w-----BEGIN CERTIFICATE-----.MIICYTCCAcKgAwIBAgIUP4V1zqV6Qw [TRUNCATED]
2026-01-02 20:48:40.601 | DEBUG    | ✅ Write via SimpleBLE: 12340004-0000-1000-8000-00805f9b34fb (183 bytes)
2026-01-02 20:48:40.602 | INFO     | [OP-20260102_204822-0012] WRITE_SUCCESS | Remote: E0:D3:62:D7:47:03 | Char: 12340004-0000-1000-8000-00805f9b34fb
2026-01-02 20:48:40.602 | DEBUG    |   Fragmento 1/5 enviado
2026-01-02 20:48:40.705 | INFO     | [OP-20260102_204822-0013] WRITE_REQUEST | Remote: E0:D3:62:D7:47:03 | Char: 12340004-0000-1000-8000-00805f9b34fb | Data: 183 bytes | Hex: 0001054d446b6c765643424f5a58523362334a7249454e424d423458445449324d4445774d6a45794e446b304d316f580a44544d314d54497a4d5445794e446b | ASCII: ...MDklvVCBOZXR3b3JrIENBMB4XDTI2MDEwMjEyNDk0M1oX.DTM1MTIzMTEyNDk [TRUNCATED]
2026-01-02 20:48:40.781 | DEBUG    | ✅ Write via SimpleBLE: 12340004-0000-1000-8000-00805f9b34fb (183 bytes)
2026-01-02 20:48:40.782 | INFO     | [OP-20260102_204822-0014] WRITE_SUCCESS | Remote: E0:D3:62:D7:47:03 | Char: 12340004-0000-1000-8000-00805f9b34fb
2026-01-02 20:48:40.785 | DEBUG    |   Fragmento 2/5 enviado
2026-01-02 20:48:40.887 | INFO     | [OP-20260102_204822-0015] WRITE_REQUEST | Remote: E0:D3:62:D7:47:03 | Char: 12340004-0000-1000-8000-00805f9b34fb | Data: 183 bytes | Hex: 000205675a7377454159484b6f5a497a6a3043415159464b34454541434d4467595941424145694e696357395555554c7a5a7a31477641556d77426e636f670a | ASCII: ...gZswEAYHKoZIzj0CAQYFK4EEACMDgYYABAEiNicW9UUULzZz1GvAUmwBncog. [TRUNCATED]
2026-01-02 20:48:40.960 | DEBUG    | ✅ Write via SimpleBLE: 12340004-0000-1000-8000-00805f9b34fb (183 bytes)
2026-01-02 20:48:40.961 | INFO     | [OP-20260102_204822-0016] WRITE_SUCCESS | Remote: E0:D3:62:D7:47:03 | Char: 12340004-0000-1000-8000-00805f9b34fb
2026-01-02 20:48:40.969 | DEBUG    |   Fragmento 3/5 enviado
2026-01-02 20:48:41.074 | INFO     | [OP-20260102_204822-0017] WRITE_REQUEST | Remote: E0:D3:62:D7:47:03 | Char: 12340004-0000-1000-8000-00805f9b34fb | Data: 183 bytes | Hex: 0003056f394a6e616a4d494f760a734344654e443674516a39337452687558446a6d524b4d344d44597744415944565230544151482f424149774144414f4267 | ASCII: ...o9JnajMIOv.sCDeND6tQj93tRhuXDjmRKM4MDYwDAYDVR0TAQH/BAIwADAOBg [TRUNCATED]
2026-01-02 20:48:41.141 | DEBUG    | ✅ Write via SimpleBLE: 12340004-0000-1000-8000-00805f9b34fb (183 bytes)
2026-01-02 20:48:41.141 | INFO     | [OP-20260102_204822-0018] WRITE_SUCCESS | Remote: E0:D3:62:D7:47:03 | Char: 12340004-0000-1000-8000-00805f9b34fb
2026-01-02 20:48:41.142 | DEBUG    |   Fragmento 4/5 enviado
2026-01-02 20:48:41.245 | INFO     | [OP-20260102_204822-0019] WRITE_REQUEST | Remote: E0:D3:62:D7:47:03 | Char: 12340004-0000-1000-8000-00805f9b34fb | Data: 173 bytes | Hex: 0204056c466935494f443142454578567254414b2b776c774e2b676a0a4e3249572b3450556a78466643654f6152762b794a3734435167452b4654787a433554 | ASCII: ...lFi5IOD1BEExVrTAK+wlwN+gj.N2IW+4PUjxFfCeOaRv+yJ74CQgE+FTxzC5T [TRUNCATED]
2026-01-02 20:48:41.366 | DEBUG    | ✅ Write via SimpleBLE: 12340004-0000-1000-8000-00805f9b34fb (173 bytes)
2026-01-02 20:48:41.367 | INFO     | [OP-20260102_204822-0020] WRITE_SUCCESS | Remote: E0:D3:62:D7:47:03 | Char: 12340004-0000-1000-8000-00805f9b34fb
2026-01-02 20:48:41.367 | DEBUG    |   Fragmento 5/5 enviado
2026-01-02 20:48:41.367 | INFO     | [OP-20260102_204822-0021] NOTIFICATION | Remote: E0:D3:62:D7:47:03 | Char: 12340004-0000-1000-8000-00805f9b34fb | Data: 183 bytes | Hex: 0100060203b00000038c2d2d2d2d2d424547494e2043455254494649434154452d2d2d2d2d0a4d494943634443434164476741774942416749554a787a6b7455 | ASCII: ..........-----BEGIN CERTIFICATE-----.MIICcDCCAdGgAwIBAgIUJxzktU [TRUNCATED]
2026-01-02 20:48:41.368 | DEBUG    | 🔐 AUTH indication recebida: 183 bytes
2026-01-02 20:48:41.368 | DEBUG    | Fragmento recebido: seq=0, total=6, payload=180 bytes, flags=0x01
2026-01-02 20:48:41.368 | INFO     | Iniciando recepção de 6 fragmentos
2026-01-02 20:48:41.369 | DEBUG    | Fragmento 1/6 armazenado (1 de 6 recebidos)
2026-01-02 20:48:41.369 | DEBUG    | 🔐 Aguardando mais fragmentos AUTH...
2026-01-02 20:48:41.456 | INFO     | [OP-20260102_204822-0022] NOTIFICATION | Remote: E0:D3:62:D7:47:03 | Char: 12340004-0000-1000-8000-00805f9b34fb | Data: 183 bytes | Hex: 0001065642414d4d446b6c765643424f5a58523362334a7249454e424d423458445449324d4445774d6a45794e446b7a4d6c6f580a44544d314d54497a4d5445 | ASCII: ...VBAMMDklvVCBOZXR3b3JrIENBMB4XDTI2MDEwMjEyNDkzMloX.DTM1MTIzMTE [TRUNCATED]
2026-01-02 20:48:41.457 | DEBUG    | 🔐 AUTH indication recebida: 183 bytes
2026-01-02 20:48:41.457 | DEBUG    | Fragmento recebido: seq=1, total=6, payload=180 bytes, flags=0x00
2026-01-02 20:48:41.457 | DEBUG    | Fragmento 2/6 armazenado (2 de 6 recebidos)
2026-01-02 20:48:41.458 | DEBUG    | 🔐 Aguardando mais fragmentos AUTH...
2026-01-02 20:48:41.467 | DEBUG    | Autenticação round 1/10
2026-01-02 20:48:41.551 | INFO     | [OP-20260102_204822-0023] NOTIFICATION | Remote: E0:D3:62:D7:47:03 | Char: 12340004-0000-1000-8000-00805f9b34fb | Data: 183 bytes | Hex: 000206597a45784454414c42674e564241734d42464e70626d7377675a7377454159484b6f5a497a6a3043415159464b34454541434d44675959414241415377 | ASCII: ...YzExDTALBgNVBAsMBFNpbmswgZswEAYHKoZIzj0CAQYFK4EEACMDgYYABAASw [TRUNCATED]
2026-01-02 20:48:41.552 | DEBUG    | 🔐 AUTH indication recebida: 183 bytes
2026-01-02 20:48:41.552 | DEBUG    | Fragmento recebido: seq=2, total=6, payload=180 bytes, flags=0x00
2026-01-02 20:48:41.552 | DEBUG    | Fragmento 3/6 armazenado (3 de 6 recebidos)
2026-01-02 20:48:41.553 | DEBUG    | 🔐 Aguardando mais fragmentos AUTH...
2026-01-02 20:48:41.639 | INFO     | [OP-20260102_204822-0024] NOTIFICATION | Remote: E0:D3:62:D7:47:03 | Char: 12340004-0000-1000-8000-00805f9b34fb | Data: 183 bytes | Hex: 000306386e6a795a48523051644f4375300a6f4e41363237777a484f3239624a6f6b67614b4c486e66436d2b505643727934344a64307a434d4e50614d344d44 | ASCII: ...8njyZHR0QdOCu0.oNA627wzHO29bJokgaKLHnfCm+PVCry44Jd0zCMNPaM4MD [TRUNCATED]
2026-01-02 20:48:41.639 | DEBUG    | 🔐 AUTH indication recebida: 183 bytes
2026-01-02 20:48:41.640 | DEBUG    | Fragmento recebido: seq=3, total=6, payload=180 bytes, flags=0x00
2026-01-02 20:48:41.640 | DEBUG    | Fragmento 4/6 armazenado (4 de 6 recebidos)
2026-01-02 20:48:41.640 | DEBUG    | 🔐 Aguardando mais fragmentos AUTH...
2026-01-02 20:48:41.731 | INFO     | [OP-20260102_204822-0025] NOTIFICATION | Remote: E0:D3:62:D7:47:03 | Char: 12340004-0000-1000-8000-00805f9b34fb | Data: 183 bytes | Hex: 00040634706d4967797a644e615a4e4a506a66796561623859385839394141680a6158316663585374655142344b476a74343969626571735a70734d59754675 | ASCII: ...4pmIgyzdNaZNJPjfyeab8Y8X99AAh.aX1fcXSteQB4KGjt49ibeqsZpsMYuFu [TRUNCATED]
2026-01-02 20:48:41.733 | DEBUG    | 🔐 AUTH indication recebida: 183 bytes
2026-01-02 20:48:41.734 | DEBUG    | Fragmento recebido: seq=4, total=6, payload=180 bytes, flags=0x00
2026-01-02 20:48:41.734 | DEBUG    | Fragmento 5/6 armazenado (5 de 6 recebidos)
2026-01-02 20:48:41.734 | DEBUG    | 🔐 Aguardando mais fragmentos AUTH...
2026-01-02 20:48:41.818 | INFO     | [OP-20260102_204822-0026] NOTIFICATION | Remote: E0:D3:62:D7:47:03 | Char: 12340004-0000-1000-8000-00805f9b34fb | Data: 50 bytes | Hex: 0205065254494649434154452d2d2d2d2d0a554e597769e57cb06ac968b272f6a80802da8c3fa1f788d9ae2fc0a421a9681c | ASCII: ...RTIFICATE-----.UNYwi.|.j.h.r......?...../..!.h.
2026-01-02 20:48:41.819 | DEBUG    | 🔐 AUTH indication recebida: 50 bytes
2026-01-02 20:48:41.820 | DEBUG    | Fragmento recebido: seq=5, total=6, payload=47 bytes, flags=0x02
2026-01-02 20:48:41.820 | DEBUG    | Fragmento 6/6 armazenado (6 de 6 recebidos)
2026-01-02 20:48:41.820 | INFO     | ✅ Mensagem reconstruída: 947 bytes (6 fragmentos)
2026-01-02 20:48:41.821 | DEBUG    | FragmentReassembler resetado
2026-01-02 20:48:41.821 | DEBUG    | 🔐 AUTH mensagem completa: 947 bytes
2026-01-02 20:48:41.968 | DEBUG    | Resposta auth lida do buffer: 947 bytes
2026-01-02 20:48:41.968 | DEBUG    | 📨 Recebido: AuthMessage(type=CHALLENGE, payload=944 bytes)
2026-01-02 20:48:41.968 | INFO     | 🎲 Challenge recebido - processando certificado + challenge...
2026-01-02 20:48:41.969 | INFO     | 📜 Extraindo certificado do peer do payload...
2026-01-02 20:48:41.972 | DEBUG    | ✅ Assinatura da CA válida
2026-01-02 20:48:41.973 | DEBUG    | ✅ Certificado válido temporalmente (expira em 2035-12-31 12:49:32+00:00)
2026-01-02 20:48:41.973 | INFO     | ✅ Certificado validado com sucesso
2026-01-02 20:48:41.974 | INFO     | ✅ Certificado do peer validado!
2026-01-02 20:48:41.975 | INFO     |    Peer NID: 54c225f2...
2026-01-02 20:48:41.976 | INFO     |    Peer tipo: SINK
2026-01-02 20:48:41.976 | DEBUG    |    Challenge: 554e597769e57cb06ac968b272f6a808...
2026-01-02 20:48:41.976 | INFO     | ✍️  Assinando dados:
2026-01-02 20:48:41.976 | INFO     |    Data: 32 bytes | 554e597769e57cb06ac968b272f6a80802da8c3fa1f788d9ae2fc0a421a9681c...
2026-01-02 20:48:41.978 | INFO     |    Signature: 138 bytes | 3081870242014f834b411dacfd7905348395dd7b2fb260f12c1a3ff7762e8e42...
2026-01-02 20:48:41.979 | INFO     | ✍️  Response gerada: 138 bytes
2026-01-02 20:48:41.979 | DEBUG    |    Estado: CHALLENGE_RECEIVED
2026-01-02 20:48:41.979 | DEBUG    | 📤 Enviando resposta (141 bytes)
2026-01-02 20:48:41.979 | DEBUG    | Mensagem pequena (141 bytes), 1 fragmento
2026-01-02 20:48:41.980 | DEBUG    | Enviando mensagem auth: 141 bytes em 1 fragmento(s)
2026-01-02 20:48:41.982 | INFO     | [OP-20260102_204822-0027] WRITE_REQUEST | Remote: E0:D3:62:D7:47:03 | Char: 12340004-0000-1000-8000-00805f9b34fb | Data: 144 bytes | Hex: 03000103008a3081870242014f834b411dacfd7905348395dd7b2fb260f12c1a3ff7762e8e42218639f9f58fb46e942859732826c78b572ea03cee004fbb5505 | ASCII: ......0...B.O.KA...y.4...{/.`.,.?.v..B!.9....n.(Ys(&..W..<..O.U. [TRUNCATED]
2026-01-02 20:48:42.043 | DEBUG    | ✅ Write via SimpleBLE: 12340004-0000-1000-8000-00805f9b34fb (144 bytes)
2026-01-02 20:48:42.045 | INFO     | [OP-20260102_204822-0029] WRITE_SUCCESS | Remote: E0:D3:62:D7:47:03 | Char: 12340004-0000-1000-8000-00805f9b34fb
2026-01-02 20:48:42.046 | DEBUG    |   Fragmento 1/1 enviado
2026-01-02 20:48:42.046 | DEBUG    | Autenticação round 2/10
2026-01-02 20:48:42.045 | INFO     | [OP-20260102_204822-0028] NOTIFICATION | Remote: E0:D3:62:D7:47:03 | Char: 12340004-0000-1000-8000-00805f9b34fb | Data: 6 bytes | Hex: 030001040000 | ASCII: ......
2026-01-02 20:48:42.047 | DEBUG    | 🔐 AUTH indication recebida: 6 bytes
2026-01-02 20:48:42.047 | DEBUG    | Fragmento recebido: seq=0, total=1, payload=3 bytes, flags=0x03
2026-01-02 20:48:42.048 | INFO     | Iniciando recepção de 1 fragmentos
2026-01-02 20:48:42.048 | DEBUG    | Fragmento 1/1 armazenado (1 de 1 recebidos)
2026-01-02 20:48:42.048 | INFO     | ✅ Mensagem reconstruída: 3 bytes (1 fragmentos)
2026-01-02 20:48:42.048 | DEBUG    | FragmentReassembler resetado
2026-01-02 20:48:42.049 | DEBUG    | 🔐 AUTH mensagem completa: 3 bytes
2026-01-02 20:48:42.546 | DEBUG    | Resposta auth lida do buffer: 3 bytes
2026-01-02 20:48:42.547 | DEBUG    | 📨 Recebido: AuthMessage(type=AUTH_SUCCESS, payload=0 bytes)
2026-01-02 20:48:42.547 | INFO     | ✅ Peer confirmou autenticação bem sucedida!
2026-01-02 20:48:42.547 | INFO     | ✅ Autenticação bem-sucedida!
2026-01-02 20:48:42.553 | DEBUG    | 🔑 Session key derivada: 32 bytes
2026-01-02 20:48:42.554 | INFO     | 🔑 Session key estabelecida
2026-01-02 20:48:42.554 | INFO     | ✅ Certificado do Sink armazenado para verificação de heartbeats
2026-01-02 20:48:42.555 | ERROR    | ❌ Erro durante autenticação: 'IoTNode' object has no attribute 'cert_path'
2026-01-02 20:48:43.484 | INFO     | [OP-20260102_204822-0030] NOTIFICATION | Remote: E0:D3:62:D7:47:03 | Char: 12340001-0000-1000-8000-00805f9b34fb | Data: 236 bytes | Hex: 54c225f24e894134bf27c5e9148e17c154c225f24e894134bf27c5e9148e17c10201000000074dd0d635ecf8acc6ca945be4041f46d31f6168a7c9bc2c7978f0 | ASCII: T.%.N.A4.'......T.%.N.A4.'............M..5......[...F..ah...,yx. [TRUNCATED]
2026-01-02 20:48:43.485 | DEBUG    | Novo source 54c225f2...: seq=7 (primeiro pacote)
2026-01-02 20:48:43.486 | DEBUG    | 🔍 Verificando assinatura: sig_len=139, signature_raw_len=139
2026-01-02 20:48:43.486 | INFO     | 💓 Verificando heartbeat:
2026-01-02 20:48:43.487 | INFO     |    Sink NID: 54c225f24e894134bf27c5e9148e17c1
2026-01-02 20:48:43.488 | INFO     |    Timestamp: 1767386923.353402
2026-01-02 20:48:43.489 | INFO     |    Data to verify: 54c225f24e894134bf27c5e9148e17c141da560bcad69e23
2026-01-02 20:48:43.490 | INFO     | 🔍 Verificando assinatura:
2026-01-02 20:48:43.491 | INFO     |    Data: 24 bytes | 54c225f24e894134bf27c5e9148e17c141da560bcad69e23...
2026-01-02 20:48:43.492 | INFO     |    Signature: 139 bytes | 308188024201b2e51998445f5b58bb35214b3cce835ef17293c688d53cc72783...
2026-01-02 20:48:43.498 | INFO     | ✅ Assinatura verificada com sucesso!
2026-01-02 20:48:43.499 | DEBUG    | ✅ Assinatura de heartbeat válida
2026-01-02 20:48:43.499 | DEBUG    | 💓 Heartbeat recebido (seq=7, age=0.15s)
2026-01-02 20:48:48.434 | INFO     | [OP-20260102_204822-0031] NOTIFICATION | Remote: E0:D3:62:D7:47:03 | Char: 12340001-0000-1000-8000-00805f9b34fb | Data: 236 bytes | Hex: 54c225f24e894134bf27c5e9148e17c154c225f24e894134bf27c5e9148e17c1020100000008b767f5820fbcff747d21f3c2275f7a8cdf6cffe9e215e9801e50 | ASCII: T.%.N.A4.'......T.%.N.A4.'.............g.....t}!..'_z..l.......P [TRUNCATED]
2026-01-02 20:48:48.435 | DEBUG    | Source 54c225f2...: seq=8 (novo highest, window: 2 seqs)
2026-01-02 20:48:48.436 | DEBUG    | 🔍 Verificando assinatura: sig_len=139, signature_raw_len=139
2026-01-02 20:48:48.436 | INFO     | 💓 Verificando heartbeat:
2026-01-02 20:48:48.437 | INFO     |    Sink NID: 54c225f24e894134bf27c5e9148e17c1
2026-01-02 20:48:48.438 | INFO     |    Timestamp: 1767386928.356592
2026-01-02 20:48:48.439 | INFO     |    Data to verify: 54c225f24e894134bf27c5e9148e17c141da560bcc16d267
2026-01-02 20:48:48.443 | INFO     | 🔍 Verificando assinatura:
2026-01-02 20:48:48.445 | INFO     |    Data: 24 bytes | 54c225f24e894134bf27c5e9148e17c141da560bcc16d267...
2026-01-02 20:48:48.447 | INFO     |    Signature: 139 bytes | 308188024201a3d2ac709a41a77cd2c03c8c29adbc978ec77b543d42840f7855...
2026-01-02 20:48:48.454 | INFO     | ✅ Assinatura verificada com sucesso!
2026-01-02 20:48:48.457 | DEBUG    | ✅ Assinatura de heartbeat válida
2026-01-02 20:48:48.457 | DEBUG    | 💓 Heartbeat recebido (seq=8, age=0.10s)
2026-01-02 20:48:53.428 | INFO     | [OP-20260102_204822-0032] NOTIFICATION | Remote: E0:D3:62:D7:47:03 | Char: 12340001-0000-1000-8000-00805f9b34fb | Data: 236 bytes | Hex: 54c225f24e894134bf27c5e9148e17c154c225f24e894134bf27c5e9148e17c1020100000009118cb422fdc94587d8c1e17450e0e70d987a95ac6b200013cac3 | ASCII: T.%.N.A4.'......T.%.N.A4.'..............."..E....tP....z..k .... [TRUNCATED]
2026-01-02 20:48:53.430 | DEBUG    | Source 54c225f2...: seq=9 (novo highest, window: 3 seqs)
2026-01-02 20:48:53.430 | DEBUG    | 🔍 Verificando assinatura: sig_len=138, signature_raw_len=138
2026-01-02 20:48:53.431 | INFO     | 💓 Verificando heartbeat:
2026-01-02 20:48:53.432 | INFO     |    Sink NID: 54c225f24e894134bf27c5e9148e17c1
2026-01-02 20:48:53.433 | INFO     |    Timestamp: 1767386933.3563213
2026-01-02 20:48:53.433 | INFO     |    Data to verify: 54c225f24e894134bf27c5e9148e17c141da560bcd56cdf8
2026-01-02 20:48:53.433 | INFO     | 🔍 Verificando assinatura:
2026-01-02 20:48:53.434 | INFO     |    Data: 24 bytes | 54c225f24e894134bf27c5e9148e17c141da560bcd56cdf8...
2026-01-02 20:48:53.434 | INFO     |    Signature: 138 bytes | 30818702420100b336615710b1c167f67bdbd04fd562faeac6f6c6a65719a45f...
2026-01-02 20:48:53.436 | INFO     | ✅ Assinatura verificada com sucesso!
2026-01-02 20:48:53.436 | DEBUG    | ✅ Assinatura de heartbeat válida
2026-01-02 20:48:53.436 | DEBUG    | 💓 Heartbeat recebido (seq=9, age=0.08s)
2026-01-02 20:48:58.422 | INFO     | [OP-20260102_204822-0033] NOTIFICATION | Remote: E0:D3:62:D7:47:03 | Char: 12340001-0000-1000-8000-00805f9b34fb | Data: 236 bytes | Hex: 54c225f24e894134bf27c5e9148e17c154c225f24e894134bf27c5e9148e17c102010000000ab97fd3c57f13ad4aea219b030c6dac5f975250929fd4d8f3ee1d | ASCII: T.%.N.A4.'......T.%.N.A4.'...................J.!...m._.RP....... [TRUNCATED]
2026-01-02 20:48:58.423 | DEBUG    | Source 54c225f2...: seq=10 (novo highest, window: 4 seqs)
2026-01-02 20:48:58.424 | DEBUG    | 🔍 Verificando assinatura: sig_len=138, signature_raw_len=138
2026-01-02 20:48:58.424 | INFO     | 💓 Verificando heartbeat:
2026-01-02 20:48:58.425 | INFO     |    Sink NID: 54c225f24e894134bf27c5e9148e17c1
2026-01-02 20:48:58.426 | INFO     |    Timestamp: 1767386938.3572013
2026-01-02 20:48:58.427 | INFO     |    Data to verify: 54c225f24e894134bf27c5e9148e17c141da560bce96dc63
2026-01-02 20:48:58.428 | INFO     | 🔍 Verificando assinatura:
2026-01-02 20:48:58.429 | INFO     |    Data: 24 bytes | 54c225f24e894134bf27c5e9148e17c141da560bce96dc63...
2026-01-02 20:48:58.430 | INFO     |    Signature: 138 bytes | 30818702411eda698adc874cd23dfac70b943921c0e522579e9cdbd2d1aa310a...
2026-01-02 20:48:58.437 | INFO     | ✅ Assinatura verificada com sucesso!
2026-01-02 20:48:58.438 | DEBUG    | ✅ Assinatura de heartbeat válida
2026-01-02 20:48:58.438 | DEBUG    | 💓 Heartbeat recebido (seq=10, age=0.08s)
2026-01-02 20:48:59.981 | INFO     | A parar Node...
2026-01-02 20:48:59.983 | INFO     | A parar GATT Server...
