2026-01-02 02:58:33.773 | INFO     | BLE Operation Logger iniciado: ble_operations_A08869B6F7D2_20260102_025833.log
2026-01-02 02:58:33.773 | INFO     | Scanner BLE iniciado: hci0 (A0:88:69:B6:F7:D2)
2026-01-02 02:58:33.774 | INFO     | BLE Client iniciado
2026-01-02 02:58:33.775 | DEBUG    | FragmentReassembler inicializado
2026-01-02 02:58:33.775 | INFO     | IoT Node inicializado (adapter=hci0)
2026-01-02 02:58:33.775 | INFO     | ============================================================
2026-01-02 02:58:33.776 | INFO     |   A iniciar IoT Node (dual-mode)
2026-01-02 02:58:33.777 | INFO     | ============================================================
2026-01-02 02:58:33.778 | INFO     | A configurar GATT Server...
2026-01-02 02:58:33.781 | INFO     | Application criada: /
2026-01-02 02:58:33.781 | INFO     | Service criado: /0 (UUID: 12340000-0000-1000-8000-00805f9b34fb, primary: True)
2026-01-02 02:58:33.782 | INFO     | A criar IoTNetworkService...
2026-01-02 02:58:33.783 | DEBUG    | Characteristic criada: /0/char0 (UUID: 12340001-0000-1000-8000-00805f9b34fb, flags: ['write', 'notify'])
2026-01-02 02:58:33.783 | INFO     | NetworkPacketCharacteristic criada
2026-01-02 02:58:33.783 | DEBUG    | Characteristic criada: /0/char1 (UUID: 12340002-0000-1000-8000-00805f9b34fb, flags: ['read'])
2026-01-02 02:58:33.784 | INFO     | DeviceInfoCharacteristic criada: NID=53a84472..., type=node
2026-01-02 02:58:33.784 | DEBUG    | Characteristic criada: /0/char2 (UUID: 12340003-0000-1000-8000-00805f9b34fb, flags: ['read', 'notify'])
2026-01-02 02:58:33.784 | INFO     | NeighborTableCharacteristic criada
2026-01-02 02:58:33.785 | DEBUG    | Characteristic criada: /0/char3 (UUID: 12340004-0000-1000-8000-00805f9b34fb, flags: ['write', 'indicate'])
2026-01-02 02:58:33.785 | INFO     | AuthCharacteristic criada
2026-01-02 02:58:33.786 | DEBUG    | Characteristic adicionada a /0: /0/char0
2026-01-02 02:58:33.786 | DEBUG    | Characteristic adicionada a /0: /0/char1
2026-01-02 02:58:33.786 | DEBUG    | Characteristic adicionada a /0: /0/char2
2026-01-02 02:58:33.786 | DEBUG    | Characteristic adicionada a /0: /0/char3
2026-01-02 02:58:33.788 | INFO     | ✅ IoTNetworkService criado com sucesso!
2026-01-02 02:58:33.788 | INFO     | Service adicionado à aplicação: /0
2026-01-02 02:58:33.788 | DEBUG    | Packet callback definido
2026-01-02 02:58:33.789 | DEBUG    | Auth callback definido
2026-01-02 02:58:33.789 | INFO     | Advertisement criado: /org/bluez/iot/advertisement0 (type: peripheral)
2026-01-02 02:58:33.789 | INFO     | ✅ Service UUID adicionado ao advertising: 12340000-0000-1000-8000-00805f9b34fb
2026-01-02 02:58:33.789 | INFO     |    Lista atual de UUIDs: ['12340000-0000-1000-8000-00805f9b34fb']
2026-01-02 02:58:33.790 | DEBUG    | Local name definido: IoT-Node-53a84472
2026-01-02 02:58:33.790 | DEBUG    | Manufacturer data adicionado: ID=65535
2026-01-02 02:58:33.790 | INFO     | ✅ GATT Server configurado
2026-01-02 02:58:33.792 | INFO     | A iniciar GATT Server...
2026-01-02 02:58:33.794 | INFO     | ✅ GATT Server iniciado em thread separada
2026-01-02 02:58:33.795 | INFO     | ✅ GATT Server ativo - aguardando downlinks
2026-01-02 02:58:33.795 | INFO     | 🔍 A procurar Sink...
2026-01-02 02:58:33.796 | INFO     | A fazer scan BLE durante 5000ms...
2026-01-02 02:58:33.797 | INFO     | [OP-20260102_025833-0001] SCAN_START | Duration: 5000ms | Filter_IoT: True
2026-01-02 02:58:33.801 | DEBUG    | GetManagedObjects called
2026-01-02 02:58:33.802 | DEBUG    | GetManagedObjects returning 5 objects
2026-01-02 02:58:33.885 | INFO     | ✅ GATT application registada!
2026-01-02 02:58:33.886 | DEBUG    | GetAll called on /org/bluez/iot/advertisement0
2026-01-02 02:58:33.887 | INFO     | 📡 Advertising com ServiceUUIDs: ['12340000-0000-1000-8000-00805f9b34fb']
2026-01-02 02:58:33.912 | INFO     | ✅ Advertisement registado!
2026-01-02 02:58:38.915 | INFO     | Scan concluído: 0 dispositivos encontrados
2026-01-02 02:58:38.915 | INFO     | [OP-20260102_025833-0002] SCAN_RESULT | Devices_Found: 0
2026-01-02 02:58:38.916 | INFO     | Encontrados 0 dispositivos IoT
2026-01-02 02:58:38.916 | INFO     | A fazer scan BLE durante 5000ms...
2026-01-02 02:58:38.916 | INFO     | [OP-20260102_025833-0003] SCAN_START | Duration: 5000ms | Filter_IoT: True
2026-01-02 02:58:43.930 | DEBUG    |   Encontrado: IoT-Sink-c5c55ab2 (E0:D3:62:D6:EE:A0) RSSI: -56 dBm
2026-01-02 02:58:43.930 | INFO     | Scan concluído: 1 dispositivos encontrados
2026-01-02 02:58:43.932 | INFO     | [OP-20260102_025833-0004] SCAN_RESULT | Devices_Found: 1
2026-01-02 02:58:43.932 | DEBUG    | [OP-20260102_025833-0004]   Device_1: Name: IoT-Sink-c5c55ab2 | Address: E0:D3:62:D6:EE:A0 | RSSI: -56 dBm | Services: 1
2026-01-02 02:58:43.933 | INFO     | Encontrados 1 dispositivos IoT
2026-01-02 02:58:43.933 | DEBUG    |   Device: IoT-Sink-c5c55ab2 (E0:D3:62:D6:EE:A0) RSSI: -56 dBm
2026-01-02 02:58:43.934 | DEBUG    |     Type=0, HopCount=255
2026-01-02 02:58:43.934 | INFO     | ✅ Sink encontrado: IoT-Sink-c5c55ab2 (E0:D3:62:D6:EE:A0) RSSI: -56 dBm
2026-01-02 02:58:43.935 | INFO     | A conectar ao Sink E0:D3:62:D6:EE:A0...
2026-01-02 02:58:43.938 | DEBUG    | BLEConnection criada para E0:D3:62:D6:EE:A0
2026-01-02 02:58:43.939 | INFO     | A conectar a E0:D3:62:D6:EE:A0...
2026-01-02 02:58:43.940 | INFO     | [OP-20260102_025833-0005] CONNECT_ATTEMPT | Local: A0:88:69:B6:F7:D2 | Remote: E0:D3:62:D6:EE:A0
2026-01-02 02:58:48.204 | INFO     | ✅ Conectado a E0:D3:62:D6:EE:A0
2026-01-02 02:58:48.205 | INFO     | [OP-20260102_025833-0006] CONNECT_SUCCESS | Remote: E0:D3:62:D6:EE:A0 | Time: 4261.36ms
2026-01-02 02:58:48.207 | DEBUG    | ✅ Conexão estabelecida. Operações GATT usarão D-Bus se necessário.
2026-01-02 02:58:48.207 | INFO     | ✅ Conectado ao Sink via GATT
2026-01-02 02:58:48.211 | DEBUG    | Descobertos 4 serviços
2026-01-02 02:58:48.218 | DEBUG    | Serviço 12340000-0000-1000-8000-00805f9b34fb encontrado
2026-01-02 02:58:48.219 | INFO     | ✅ Serviço IoT Network encontrado
2026-01-02 02:58:48.221 | INFO     | A subscrever a notificações...
2026-01-02 02:58:48.719 | INFO     | ✅ Subscrito a notificações: 12340001-0000-1000-8000-00805f9b34fb
2026-01-02 02:58:48.720 | INFO     | [OP-20260102_025833-0007] SUBSCRIBE_SUCCESS | Remote: E0:D3:62:D6:EE:A0 | Char: 12340001-0000-1000-8000-00805f9b34fb
2026-01-02 02:58:48.720 | INFO     | ✅ Subscrito a NETWORK_PACKET
2026-01-02 02:58:48.720 | DEBUG    | [OP-20260102_025833-0008] READ_REQUEST | Remote: E0:D3:62:D6:EE:A0 | Service: 12340000-0000-1000-8000-00805f9b34fb | Char: 12340002-0000-1000-8000-00805f9b34fb
2026-01-02 02:58:48.819 | DEBUG    | Read 12340002-0000-1000-8000-00805f9b34fb: 18 bytes
2026-01-02 02:58:48.819 | INFO     | [OP-20260102_025833-0009] READ_RESPONSE | Remote: E0:D3:62:D6:EE:A0 | Char: 12340002-0000-1000-8000-00805f9b34fb | Data: 18 bytes | Hex: c5c55ab2c469427db40fbf51ab0af380ff01 | ASCII: ..Z..iB}...Q......
2026-01-02 02:58:48.820 | INFO     | ✅ Conectado ao Sink - hop_count=0
2026-01-02 02:58:48.820 | DEBUG    | Manufacturer data adicionado: ID=65535
2026-01-02 02:58:48.820 | DEBUG    | Advertisement atualizado: hop_count=0
2026-01-02 02:58:48.821 | INFO     | 🔐 A iniciar autenticação com Sink...
2026-01-02 02:58:48.821 | DEBUG    | 📡 A subscrever a AUTH characteristic...
2026-01-02 02:58:48.917 | INFO     | ✅ Subscrito a notificações: 12340004-0000-1000-8000-00805f9b34fb
2026-01-02 02:58:48.918 | INFO     | [OP-20260102_025833-0010] SUBSCRIBE_SUCCESS | Remote: E0:D3:62:D6:EE:A0 | Char: 12340004-0000-1000-8000-00805f9b34fb
2026-01-02 02:58:48.919 | DEBUG    | ✅ Subscrito a AUTH indications
2026-01-02 02:58:48.919 | INFO     | AuthenticationProtocol inicializado para 53a84472...
2026-01-02 02:58:48.920 | INFO     | 📤 Enviando certificado...
2026-01-02 02:58:48.920 | INFO     | 🔐 Iniciando autenticação - enviando certificado...
2026-01-02 02:58:48.921 | INFO     |    Certificado: 887 bytes
2026-01-02 02:58:48.921 | DEBUG    |    Estado: IDLE → CERT_SENT
2026-01-02 02:58:48.922 | INFO     | Fragmentando mensagem de 890 bytes em 5 fragmentos
2026-01-02 02:58:48.922 | DEBUG    |   Fragmento 1/5: 180 bytes, flags=0x01
2026-01-02 02:58:48.922 | DEBUG    |   Fragmento 2/5: 180 bytes, flags=0x00
2026-01-02 02:58:48.923 | DEBUG    |   Fragmento 3/5: 180 bytes, flags=0x00
2026-01-02 02:58:48.923 | DEBUG    |   Fragmento 4/5: 180 bytes, flags=0x00
2026-01-02 02:58:48.923 | DEBUG    |   Fragmento 5/5: 170 bytes, flags=0x02
2026-01-02 02:58:48.923 | DEBUG    | Enviando mensagem auth: 890 bytes em 5 fragmento(s)
2026-01-02 02:58:48.925 | INFO     | [OP-20260102_025833-0011] WRITE_REQUEST | Remote: E0:D3:62:D6:EE:A0 | Char: 12340004-0000-1000-8000-00805f9b34fb | Data: 183 bytes | Hex: 0100050103772d2d2d2d2d424547494e2043455254494649434154452d2d2d2d2d0a4d4949435954434341634b674177494241674955657479325a6c55354642 | ASCII: .....w-----BEGIN CERTIFICATE-----.MIICYTCCAcKgAwIBAgIUety2ZlU5FB [TRUNCATED]
2026-01-02 02:58:49.067 | DEBUG    | ✅ Write via SimpleBLE: 12340004-0000-1000-8000-00805f9b34fb (183 bytes)
2026-01-02 02:58:49.067 | INFO     | [OP-20260102_025833-0012] WRITE_SUCCESS | Remote: E0:D3:62:D6:EE:A0 | Char: 12340004-0000-1000-8000-00805f9b34fb
2026-01-02 02:58:49.069 | DEBUG    |   Fragmento 1/5 enviado
2026-01-02 02:58:49.171 | INFO     | [OP-20260102_025833-0013] WRITE_REQUEST | Remote: E0:D3:62:D6:EE:A0 | Char: 12340004-0000-1000-8000-00805f9b34fb | Data: 183 bytes | Hex: 0001054d446b6c765643424f5a58523362334a7249454e424d423458445449314d5449794f54497a4e44517a4d6c6f580a44544d314d5449794e7a497a4e4451 | ASCII: ...MDklvVCBOZXR3b3JrIENBMB4XDTI1MTIyOTIzNDQzMloX.DTM1MTIyNzIzNDQ [TRUNCATED]
2026-01-02 02:58:49.319 | DEBUG    | ✅ Write via SimpleBLE: 12340004-0000-1000-8000-00805f9b34fb (183 bytes)
2026-01-02 02:58:49.319 | INFO     | [OP-20260102_025833-0014] WRITE_SUCCESS | Remote: E0:D3:62:D6:EE:A0 | Char: 12340004-0000-1000-8000-00805f9b34fb
2026-01-02 02:58:49.320 | DEBUG    |   Fragmento 2/5 enviado
2026-01-02 02:58:49.421 | INFO     | [OP-20260102_025833-0015] WRITE_REQUEST | Remote: E0:D3:62:D6:EE:A0 | Char: 12340004-0000-1000-8000-00805f9b34fb | Data: 183 bytes | Hex: 000205675a7377454159484b6f5a497a6a3043415159464b34454541434d44675959414241456a5a664e4f582f456157716c626755424372633971676b43350a | ASCII: ...gZswEAYHKoZIzj0CAQYFK4EEACMDgYYABAEjZfNOX/EaWqlbgUBCrc9qgkC5. [TRUNCATED]
2026-01-02 02:58:49.567 | DEBUG    | ✅ Write via SimpleBLE: 12340004-0000-1000-8000-00805f9b34fb (183 bytes)
2026-01-02 02:58:49.567 | INFO     | [OP-20260102_025833-0016] WRITE_SUCCESS | Remote: E0:D3:62:D6:EE:A0 | Char: 12340004-0000-1000-8000-00805f9b34fb
2026-01-02 02:58:49.570 | DEBUG    |   Fragmento 3/5 enviado
2026-01-02 02:58:49.671 | INFO     | [OP-20260102_025833-0017] WRITE_REQUEST | Remote: E0:D3:62:D6:EE:A0 | Char: 12340004-0000-1000-8000-00805f9b34fb | Data: 183 bytes | Hex: 000305322b7557522b624835560a3147525a7964677179532f365a50456b4778617937714d344d44597744415944565230544151482f424149774144414f4267 | ASCII: ...2+uWR+bH5V.1GRZydgqyS/6ZPEkGxay7qM4MDYwDAYDVR0TAQH/BAIwADAOBg [TRUNCATED]
2026-01-02 02:58:49.819 | DEBUG    | ✅ Write via SimpleBLE: 12340004-0000-1000-8000-00805f9b34fb (183 bytes)
2026-01-02 02:58:49.819 | INFO     | [OP-20260102_025833-0018] WRITE_SUCCESS | Remote: E0:D3:62:D6:EE:A0 | Char: 12340004-0000-1000-8000-00805f9b34fb
2026-01-02 02:58:49.819 | DEBUG    |   Fragmento 4/5 enviado
2026-01-02 02:58:49.921 | INFO     | [OP-20260102_025833-0019] WRITE_REQUEST | Remote: E0:D3:62:D6:EE:A0 | Char: 12340004-0000-1000-8000-00805f9b34fb | Data: 173 bytes | Hex: 0204057a4233785053466831484d2f79427553464f702f794b5767580a69446f397832696f457134374b4e51567878794859475143516744444c625662666e58 | ASCII: ...zB3xPSFh1HM/yBuSFOp/yKWgX.iDo9x2ioEq47KNQVxxyHYGQCQgDDLbVbfnX [TRUNCATED]
2026-01-02 02:58:50.067 | DEBUG    | ✅ Write via SimpleBLE: 12340004-0000-1000-8000-00805f9b34fb (173 bytes)
2026-01-02 02:58:50.067 | INFO     | [OP-20260102_025833-0020] NOTIFICATION | Remote: E0:D3:62:D6:EE:A0 | Char: 12340004-0000-1000-8000-00805f9b34fb | Data: 183 bytes | Hex: 0100060203b00000038c2d2d2d2d2d424547494e2043455254494649434154452d2d2d2d2d0a4d4949436344434341644767417749424167495558355a615754 | ASCII: ..........-----BEGIN CERTIFICATE-----.MIICcDCCAdGgAwIBAgIUX5ZaWT [TRUNCATED]
2026-01-02 02:58:50.067 | INFO     | [OP-20260102_025833-0021] WRITE_SUCCESS | Remote: E0:D3:62:D6:EE:A0 | Char: 12340004-0000-1000-8000-00805f9b34fb
2026-01-02 02:58:50.068 | DEBUG    | 🔐 AUTH indication recebida: 183 bytes
2026-01-02 02:58:50.068 | DEBUG    |   Fragmento 5/5 enviado
2026-01-02 02:58:50.069 | DEBUG    | Fragmento recebido: seq=0, total=6, payload=180 bytes, flags=0x01
2026-01-02 02:58:50.069 | INFO     | Iniciando recepção de 6 fragmentos
2026-01-02 02:58:50.070 | DEBUG    | Fragmento 1/6 armazenado (1 de 6 recebidos)
2026-01-02 02:58:50.070 | DEBUG    | 🔐 Aguardando mais fragmentos AUTH...
2026-01-02 02:58:50.168 | INFO     | [OP-20260102_025833-0022] NOTIFICATION | Remote: E0:D3:62:D6:EE:A0 | Char: 12340004-0000-1000-8000-00805f9b34fb | Data: 183 bytes | Hex: 0001065642414d4d446b6c765643424f5a58523362334a7249454e424d423458445449314d54497a4d4441784e446b794e466f580a44544d314d5449794f4441 | ASCII: ...VBAMMDklvVCBOZXR3b3JrIENBMB4XDTI1MTIzMDAxNDkyNFoX.DTM1MTIyODA [TRUNCATED]
2026-01-02 02:58:50.168 | DEBUG    | 🔐 AUTH indication recebida: 183 bytes
2026-01-02 02:58:50.169 | DEBUG    | Fragmento recebido: seq=1, total=6, payload=180 bytes, flags=0x00
2026-01-02 02:58:50.169 | DEBUG    | Fragmento 2/6 armazenado (2 de 6 recebidos)
2026-01-02 02:58:50.169 | DEBUG    | 🔐 Aguardando mais fragmentos AUTH...
2026-01-02 02:58:50.169 | DEBUG    | Autenticação round 1/10
2026-01-02 02:58:50.274 | INFO     | [OP-20260102_025833-0023] NOTIFICATION | Remote: E0:D3:62:D6:EE:A0 | Char: 12340004-0000-1000-8000-00805f9b34fb | Data: 183 bytes | Hex: 0002064f4441784454414c42674e564241734d42464e70626d7377675a7377454159484b6f5a497a6a3043415159464b34454541434d44675959414241423243 | ASCII: ...ODAxDTALBgNVBAsMBFNpbmswgZswEAYHKoZIzj0CAQYFK4EEACMDgYYABAB2C [TRUNCATED]
2026-01-02 02:58:50.274 | DEBUG    | 🔐 AUTH indication recebida: 183 bytes
2026-01-02 02:58:50.274 | DEBUG    | Fragmento recebido: seq=2, total=6, payload=180 bytes, flags=0x00
2026-01-02 02:58:50.275 | DEBUG    | Fragmento 3/6 armazenado (3 de 6 recebidos)
2026-01-02 02:58:50.275 | DEBUG    | 🔐 Aguardando mais fragmentos AUTH...
2026-01-02 02:58:50.373 | INFO     | [OP-20260102_025833-0024] NOTIFICATION | Remote: E0:D3:62:D6:EE:A0 | Char: 12340004-0000-1000-8000-00805f9b34fb | Data: 183 bytes | Hex: 0003064569796e614b424c72536939516e0a695050563154362b33326e30466d39562b30376a33567052686c5941467a615036443374536d386647364d344d44 | ASCII: ...EiynaKBLrSi9Qn.iPPV1T6+32n0Fm9V+07j3VpRhlYAFzaP6D3tSm8fG6M4MD [TRUNCATED]
2026-01-02 02:58:50.373 | DEBUG    | 🔐 AUTH indication recebida: 183 bytes
2026-01-02 02:58:50.374 | DEBUG    | Fragmento recebido: seq=3, total=6, payload=180 bytes, flags=0x00
2026-01-02 02:58:50.374 | DEBUG    | Fragmento 4/6 armazenado (4 de 6 recebidos)
2026-01-02 02:58:50.374 | DEBUG    | 🔐 Aguardando mais fragmentos AUTH...
2026-01-02 02:58:50.474 | INFO     | [OP-20260102_025833-0025] NOTIFICATION | Remote: E0:D3:62:D6:EE:A0 | Char: 12340004-0000-1000-8000-00805f9b34fb | Data: 183 bytes | Hex: 0004067a3743426962455851666c4c564a2b47464b772f37666f5935637655610a6d4c435933457041355152552f3439457676693132312b346c556c4361684d | ASCII: ...z7CBibEXQflLVJ+GFKw/7foY5cvUa.mLCY3EpA5QRU/49Evvi121+4lUlCahM [TRUNCATED]
2026-01-02 02:58:50.474 | DEBUG    | 🔐 AUTH indication recebida: 183 bytes
2026-01-02 02:58:50.474 | DEBUG    | Fragmento recebido: seq=4, total=6, payload=180 bytes, flags=0x00
2026-01-02 02:58:50.475 | DEBUG    | Fragmento 5/6 armazenado (5 de 6 recebidos)
2026-01-02 02:58:50.475 | DEBUG    | 🔐 Aguardando mais fragmentos AUTH...
2026-01-02 02:58:50.570 | INFO     | [OP-20260102_025833-0026] NOTIFICATION | Remote: E0:D3:62:D6:EE:A0 | Char: 12340004-0000-1000-8000-00805f9b34fb | Data: 50 bytes | Hex: 0205065254494649434154452d2d2d2d2d0a5352f37724f5c1e488b5437a97245d7b46e554a6aefa2359f7a82dcbea89b243 | ASCII: ...RTIFICATE-----.SR.w$.....Cz.$]{F.T...#Y..-....C
2026-01-02 02:58:50.571 | DEBUG    | 🔐 AUTH indication recebida: 50 bytes
2026-01-02 02:58:50.571 | DEBUG    | Fragmento recebido: seq=5, total=6, payload=47 bytes, flags=0x02
2026-01-02 02:58:50.571 | DEBUG    | Fragmento 6/6 armazenado (6 de 6 recebidos)
2026-01-02 02:58:50.572 | INFO     | ✅ Mensagem reconstruída: 947 bytes (6 fragmentos)
2026-01-02 02:58:50.575 | DEBUG    | FragmentReassembler resetado
2026-01-02 02:58:50.575 | DEBUG    | 🔐 AUTH mensagem completa: 947 bytes
2026-01-02 02:58:50.669 | DEBUG    | Resposta auth lida do buffer: 947 bytes
2026-01-02 02:58:50.670 | DEBUG    | 📨 Recebido: AuthMessage(type=CHALLENGE, payload=944 bytes)
2026-01-02 02:58:50.670 | INFO     | 🎲 Challenge recebido - processando certificado + challenge...
2026-01-02 02:58:50.672 | INFO     | 📜 Extraindo certificado do peer do payload...
2026-01-02 02:58:50.678 | DEBUG    | ✅ Assinatura da CA válida
2026-01-02 02:58:50.680 | DEBUG    | ✅ Certificado válido temporalmente (expira em 2035-12-28 01:49:24+00:00)
2026-01-02 02:58:50.680 | INFO     | ✅ Certificado validado com sucesso
2026-01-02 02:58:50.682 | INFO     | ✅ Certificado do peer validado!
2026-01-02 02:58:50.683 | INFO     |    Peer NID: c5c55ab2...
2026-01-02 02:58:50.685 | INFO     |    Peer tipo: SINK
2026-01-02 02:58:50.686 | DEBUG    |    Challenge: 5352f37724f5c1e488b5437a97245d7b...
2026-01-02 02:58:50.688 | INFO     | ✍️  Response gerada: 139 bytes
2026-01-02 02:58:50.691 | DEBUG    |    Estado: CHALLENGE_RECEIVED
2026-01-02 02:58:50.691 | DEBUG    | 📤 Enviando resposta (142 bytes)
2026-01-02 02:58:50.692 | DEBUG    | Mensagem pequena (142 bytes), 1 fragmento
2026-01-02 02:58:50.693 | DEBUG    | Enviando mensagem auth: 142 bytes em 1 fragmento(s)
2026-01-02 02:58:50.697 | INFO     | [OP-20260102_025833-0027] WRITE_REQUEST | Remote: E0:D3:62:D6:EE:A0 | Char: 12340004-0000-1000-8000-00805f9b34fb | Data: 145 bytes | Hex: 03000103008b308188024201796cfb082b2f7c72083eebd4baa330d09a19c874ba8b0182b6d14d1b9018e8280a12a92a5b6f9bb2625def732ebb936dc76a0247 | ASCII: ......0...B.yl..+/|r.>....0....t......M....(...*[o..b].s...m.j.G [TRUNCATED]
2026-01-02 02:58:50.767 | DEBUG    | ✅ Write via SimpleBLE: 12340004-0000-1000-8000-00805f9b34fb (145 bytes)
2026-01-02 02:58:50.767 | INFO     | [OP-20260102_025833-0028] WRITE_SUCCESS | Remote: E0:D3:62:D6:EE:A0 | Char: 12340004-0000-1000-8000-00805f9b34fb
2026-01-02 02:58:50.768 | DEBUG    |   Fragmento 1/1 enviado
2026-01-02 02:58:50.768 | DEBUG    | Autenticação round 2/10
2026-01-02 02:58:50.769 | INFO     | [OP-20260102_025833-0029] NOTIFICATION | Remote: E0:D3:62:D6:EE:A0 | Char: 12340004-0000-1000-8000-00805f9b34fb | Data: 6 bytes | Hex: 030001040000 | ASCII: ......
2026-01-02 02:58:50.769 | DEBUG    | 🔐 AUTH indication recebida: 6 bytes
2026-01-02 02:58:50.769 | DEBUG    | Fragmento recebido: seq=0, total=1, payload=3 bytes, flags=0x03
2026-01-02 02:58:50.769 | INFO     | Iniciando recepção de 1 fragmentos
2026-01-02 02:58:50.770 | DEBUG    | Fragmento 1/1 armazenado (1 de 1 recebidos)
2026-01-02 02:58:50.770 | INFO     | ✅ Mensagem reconstruída: 3 bytes (1 fragmentos)
2026-01-02 02:58:50.770 | DEBUG    | FragmentReassembler resetado
2026-01-02 02:58:50.770 | DEBUG    | 🔐 AUTH mensagem completa: 3 bytes
2026-01-02 02:58:51.269 | DEBUG    | Resposta auth lida do buffer: 3 bytes
2026-01-02 02:58:51.269 | DEBUG    | 📨 Recebido: AuthMessage(type=AUTH_SUCCESS, payload=0 bytes)
2026-01-02 02:58:51.269 | INFO     | ✅ Peer confirmou autenticação bem sucedida!
2026-01-02 02:58:51.271 | INFO     | ✅ Autenticação bem-sucedida!
2026-01-02 02:58:51.278 | DEBUG    | 🔑 Session key derivada: 32 bytes
2026-01-02 02:58:51.279 | INFO     | 🔑 Session key estabelecida
2026-01-02 02:58:51.280 | INFO     | ============================================================
2026-01-02 02:58:51.281 | INFO     | ✅ Node pronto! Uplink conectado (hop=0)
2026-01-02 02:58:51.282 | INFO     | ============================================================
2026-01-02 02:58:51.973 | INFO     | [OP-20260102_025833-0030] NOTIFICATION | Remote: E0:D3:62:D6:EE:A0 | Char: 12340001-0000-1000-8000-00805f9b34fb | Data: 158 bytes | Hex: c5c55ab2c469427db40fbf51ab0af380c5c55ab2c469427db40fbf51ab0af380020100000006f90791d78489e237f76719728d3e88924e3e41ec4fd68ad74133 | ASCII: ..Z..iB}...Q......Z..iB}...Q.................7.g.r.>..N>A.O...A3 [TRUNCATED]
2026-01-02 02:58:51.975 | DEBUG    | Novo source c5c55ab2...: seq=6 (primeiro pacote)
2026-01-02 02:58:51.975 | DEBUG    | 💓 Heartbeat recebido (seq=6, age=0.05s)
2026-01-02 02:58:56.972 | INFO     | [OP-20260102_025833-0031] NOTIFICATION | Remote: E0:D3:62:D6:EE:A0 | Char: 12340001-0000-1000-8000-00805f9b34fb | Data: 158 bytes | Hex: c5c55ab2c469427db40fbf51ab0af380c5c55ab2c469427db40fbf51ab0af3800201000000075922a02316931bb4eb30fc0e6c42b3a0e56601d0c6542957418b | ASCII: ..Z..iB}...Q......Z..iB}...Q..........Y".#.....0..lB...f...T)WA. [TRUNCATED]
2026-01-02 02:58:56.973 | DEBUG    | Source c5c55ab2...: seq=7 (novo highest, window: 2 seqs)
2026-01-02 02:58:56.974 | DEBUG    | 💓 Heartbeat recebido (seq=7, age=0.04s)
2026-01-02 02:59:01.974 | INFO     | [OP-20260102_025833-0032] NOTIFICATION | Remote: E0:D3:62:D6:EE:A0 | Char: 12340001-0000-1000-8000-00805f9b34fb | Data: 158 bytes | Hex: c5c55ab2c469427db40fbf51ab0af380c5c55ab2c469427db40fbf51ab0af380020100000008a0743230450d5fcd509c861b86aece9b1b5e32ae029308c59202 | ASCII: ..Z..iB}...Q......Z..iB}...Q...........t20E._.P........^2....... [TRUNCATED]
2026-01-02 02:59:01.975 | DEBUG    | Source c5c55ab2...: seq=8 (novo highest, window: 3 seqs)
2026-01-02 02:59:01.976 | DEBUG    | 💓 Heartbeat recebido (seq=8, age=0.04s)
2026-01-02 02:59:06.974 | INFO     | [OP-20260102_025833-0033] NOTIFICATION | Remote: E0:D3:62:D6:EE:A0 | Char: 12340001-0000-1000-8000-00805f9b34fb | Data: 158 bytes | Hex: c5c55ab2c469427db40fbf51ab0af380c5c55ab2c469427db40fbf51ab0af380020100000009826791bdc865b03717bbbc8fa9d1d7460bc1817a60397df3299c | ASCII: ..Z..iB}...Q......Z..iB}...Q...........g...e.7.......F...z`9}.). [TRUNCATED]
2026-01-02 02:59:06.975 | DEBUG    | Source c5c55ab2...: seq=9 (novo highest, window: 4 seqs)
2026-01-02 02:59:06.976 | DEBUG    | 💓 Heartbeat recebido (seq=9, age=0.04s)
2026-01-02 02:59:11.973 | INFO     | [OP-20260102_025833-0034] NOTIFICATION | Remote: E0:D3:62:D6:EE:A0 | Char: 12340001-0000-1000-8000-00805f9b34fb | Data: 158 bytes | Hex: c5c55ab2c469427db40fbf51ab0af380c5c55ab2c469427db40fbf51ab0af38002010000000afa96a88a5d95d3d458ef22313a2e5547964b76a419bd72fd8824 | ASCII: ..Z..iB}...Q......Z..iB}...Q..............]...X."1:.UG.Kv...r..$ [TRUNCATED]
2026-01-02 02:59:11.975 | DEBUG    | Source c5c55ab2...: seq=10 (novo highest, window: 5 seqs)
2026-01-02 02:59:11.975 | DEBUG    | 💓 Heartbeat recebido (seq=10, age=0.04s)
2026-01-02 02:59:13.796 | INFO     | 
Sinal 2 recebido, a parar...
2026-01-02 02:59:13.797 | INFO     | A parar Node...
2026-01-02 02:59:13.797 | INFO     | A parar GATT Server...
2026-01-02 02:59:13.800 | INFO     | ✅ GATT Server parado
2026-01-02 02:59:16.279 | INFO     | Desconectado de E0:D3:62:D6:EE:A0
2026-01-02 02:59:16.281 | INFO     | [OP-20260102_025833-0035] DISCONNECT | Remote: E0:D3:62:D6:EE:A0 | Reason: normal
2026-01-02 02:59:16.285 | INFO     | ✅ Node parado
2026-01-02 02:59:16.288 | WARNING  | ⚠️  Conexão perdida com Sink
2026-01-02 02:59:16.289 | INFO     | A parar Node...
2026-01-02 02:59:16.291 | INFO     | A parar GATT Server...
2026-01-02 02:59:16.292 | INFO     | ✅ GATT Server parado
2026-01-02 02:59:16.292 | INFO     | ✅ Node parado
