2025-12-28 12:54:44.477 | INFO     | BLE Operation Logger iniciado: ble_operations_E0D362D74703_20251228_125444.log
2025-12-28 12:54:44.478 | INFO     | Scanner BLE iniciado: hci1 (E0:D3:62:D7:47:03)
2025-12-28 12:54:44.478 | INFO     | BLE Client iniciado
2025-12-28 12:54:44.480 | INFO     | A fazer scan BLE durante 10000ms...
2025-12-28 12:54:44.480 | INFO     | [OP-20251228_125444-0001] SCAN_START | Duration: 10000ms | Filter_IoT: False
2025-12-28 12:54:54.696 | DEBUG    |   Encontrado: Unknown (41:03:E2:D5:87:85) RSSI: -92 dBm
2025-12-28 12:54:54.698 | DEBUG    |   Encontrado: Unknown (77:84:AE:32:D4:A0) RSSI: -100 dBm
2025-12-28 12:54:54.699 | DEBUG    |   Encontrado: rafa-ubuntu (E0:D3:62:D6:EE:A0) RSSI: -64 dBm
2025-12-28 12:54:54.701 | DEBUG    |   Encontrado: [TV] Samsung 7 Series (65) (FC:03:9F:1D:14:49) RSSI: -98 dBm
2025-12-28 12:54:54.701 | INFO     | Scan concluído: 4 dispositivos encontrados
2025-12-28 12:54:54.703 | INFO     | [OP-20251228_125444-0002] SCAN_RESULT | Devices_Found: 4
2025-12-28 12:54:54.704 | DEBUG    | [OP-20251228_125444-0002]   Device_1: Name: Unknown | Address: 41:03:E2:D5:87:85 | RSSI: -92 dBm | Services: 0
2025-12-28 12:54:54.704 | DEBUG    | [OP-20251228_125444-0002]   Device_2: Name: Unknown | Address: 77:84:AE:32:D4:A0 | RSSI: -100 dBm | Services: 1
2025-12-28 12:54:54.704 | DEBUG    | [OP-20251228_125444-0002]   Device_3: Name: rafa-ubuntu | Address: E0:D3:62:D6:EE:A0 | RSSI: -64 dBm | Services: 5
2025-12-28 12:54:54.704 | DEBUG    | [OP-20251228_125444-0002]   Device_4: Name: [TV] Samsung 7 Series (65) | Address: FC:03:9F:1D:14:49 | RSSI: -98 dBm | Services: 5
2025-12-28 12:54:54.709 | INFO     | A fazer scan BLE durante 10000ms...
2025-12-28 12:54:54.710 | INFO     | [OP-20251228_125444-0003] SCAN_START | Duration: 10000ms | Filter_IoT: True
2025-12-28 12:55:04.823 | DEBUG    |   Encontrado: rafa-ubuntu (E0:D3:62:D6:EE:A0) RSSI: -62 dBm
2025-12-28 12:55:04.824 | INFO     | Scan concluído: 1 dispositivos encontrados
2025-12-28 12:55:04.824 | INFO     | [OP-20251228_125444-0004] SCAN_RESULT | Devices_Found: 1
2025-12-28 12:55:04.825 | DEBUG    | [OP-20251228_125444-0004]   Device_1: Name: rafa-ubuntu | Address: E0:D3:62:D6:EE:A0 | RSSI: -62 dBm | Services: 5
