2026-01-03 02:00:38.389 | INFO     | BLE Operation Logger iniciado: ble_operations_E0D362D6EEA0_20260103_020038.log
2026-01-03 02:00:38.389 | INFO     | Scanner BLE iniciado: hci0 (E0:D3:62:D6:EE:A0)
2026-01-03 02:00:38.389 | INFO     | BLE Client iniciado
2026-01-03 02:00:38.389 | DEBUG    | FragmentReassembler inicializado
2026-01-03 02:00:38.390 | INFO     | IoT Node inicializado (adapter=hci0)
2026-01-03 02:00:38.390 | INFO     | A configurar GATT Server...
2026-01-03 02:00:38.392 | INFO     | Application criada: /
2026-01-03 02:00:38.392 | INFO     | Service criado: /0 (UUID: 12340000-0000-1000-8000-00805f9b34fb, primary: True)
2026-01-03 02:00:38.392 | INFO     | A criar IoTNetworkService...
2026-01-03 02:00:38.393 | DEBUG    | Characteristic criada: /0/char0 (UUID: 12340001-0000-1000-8000-00805f9b34fb, flags: ['write', 'notify'])
2026-01-03 02:00:38.393 | INFO     | NetworkPacketCharacteristic criada
2026-01-03 02:00:38.394 | DEBUG    | Characteristic criada: /0/char1 (UUID: 12340002-0000-1000-8000-00805f9b34fb, flags: ['read'])
2026-01-03 02:00:38.394 | INFO     | DeviceInfoCharacteristic criada: NID=74383752..., type=node
2026-01-03 02:00:38.395 | DEBUG    | Characteristic criada: /0/char2 (UUID: 12340003-0000-1000-8000-00805f9b34fb, flags: ['read', 'notify'])
2026-01-03 02:00:38.395 | INFO     | NeighborTableCharacteristic criada
2026-01-03 02:00:38.396 | DEBUG    | Characteristic criada: /0/char3 (UUID: 12340004-0000-1000-8000-00805f9b34fb, flags: ['write', 'indicate'])
2026-01-03 02:00:38.396 | INFO     | AuthCharacteristic criada
2026-01-03 02:00:38.397 | DEBUG    | Characteristic adicionada a /0: /0/char0
2026-01-03 02:00:38.397 | DEBUG    | Characteristic adicionada a /0: /0/char1
2026-01-03 02:00:38.397 | DEBUG    | Characteristic adicionada a /0: /0/char2
2026-01-03 02:00:38.398 | DEBUG    | Characteristic adicionada a /0: /0/char3
2026-01-03 02:00:38.398 | INFO     | ✅ IoTNetworkService criado com sucesso!
2026-01-03 02:00:38.399 | INFO     | Service adicionado à aplicação: /0
2026-01-03 02:00:38.399 | DEBUG    | Packet callback definido
2026-01-03 02:00:38.399 | DEBUG    | Auth callback definido
2026-01-03 02:00:38.399 | INFO     | Advertisement criado: /org/bluez/iot/advertisement0 (type: peripheral)
2026-01-03 02:00:38.401 | INFO     | ✅ Service UUID adicionado ao advertising: 12340000-0000-1000-8000-00805f9b34fb
2026-01-03 02:00:38.401 | INFO     |    Lista atual de UUIDs: ['12340000-0000-1000-8000-00805f9b34fb']
2026-01-03 02:00:38.401 | DEBUG    | Local name definido: IoT-Node-74383752
2026-01-03 02:00:38.402 | DEBUG    | Manufacturer data adicionado: ID=65535
2026-01-03 02:00:38.402 | INFO     | ✅ GATT Server configurado
2026-01-03 02:00:38.402 | INFO     | A iniciar GATT Server...
2026-01-03 02:00:38.406 | INFO     | ✅ GATT Server iniciado em thread separada
2026-01-03 02:00:38.408 | INFO     | ✅ Node Device iniciado - CLI interativo pronto
2026-01-03 02:00:38.514 | INFO     | A fazer scan BLE durante 5000ms...
2026-01-03 02:00:38.514 | INFO     | [OP-20260103_020038-0001] SCAN_START | Duration: 5000ms | Filter_IoT: True
2026-01-03 02:00:38.524 | DEBUG    | GetManagedObjects called
2026-01-03 02:00:38.525 | DEBUG    | GetManagedObjects returning 5 objects
2026-01-03 02:00:38.815 | INFO     | ✅ GATT application registada!
2026-01-03 02:00:38.819 | DEBUG    | GetAll called on /org/bluez/iot/advertisement0
2026-01-03 02:00:38.820 | INFO     | 📡 Advertising com ServiceUUIDs: ['12340000-0000-1000-8000-00805f9b34fb']
2026-01-03 02:00:38.830 | INFO     | ✅ Advertisement registado!
2026-01-03 02:00:43.920 | DEBUG    |   Encontrado: IoT-Sink-54c225f2 (E0:D3:62:D7:47:03) RSSI: -48 dBm
2026-01-03 02:00:43.921 | INFO     | Scan concluído: 1 dispositivos encontrados
2026-01-03 02:00:43.923 | INFO     | [OP-20260103_020038-0002] SCAN_RESULT | Devices_Found: 1
2026-01-03 02:00:43.924 | DEBUG    | [OP-20260103_020038-0002]   Device_1: Name: IoT-Sink-54c225f2 | Address: E0:D3:62:D7:47:03 | RSSI: -48 dBm | Services: 1
2026-01-03 02:00:43.925 | INFO     | A fazer scan BLE durante 5000ms...
2026-01-03 02:00:43.926 | INFO     | [OP-20260103_020038-0003] SCAN_START | Duration: 5000ms | Filter_IoT: True
2026-01-03 02:00:48.950 | DEBUG    |   Encontrado: IoT-Sink-54c225f2 (E0:D3:62:D7:47:03) RSSI: -44 dBm
2026-01-03 02:00:48.951 | INFO     | Scan concluído: 1 dispositivos encontrados
2026-01-03 02:00:48.952 | INFO     | [OP-20260103_020038-0004] SCAN_RESULT | Devices_Found: 1
2026-01-03 02:00:48.954 | DEBUG    | [OP-20260103_020038-0004]   Device_1: Name: IoT-Sink-54c225f2 | Address: E0:D3:62:D7:47:03 | RSSI: -44 dBm | Services: 1
2026-01-03 02:00:57.402 | INFO     | A conectar ao Sink E0:D3:62:D7:47:03...
2026-01-03 02:00:57.404 | DEBUG    | BLEConnection criada para E0:D3:62:D7:47:03
2026-01-03 02:00:57.405 | INFO     | A conectar a E0:D3:62:D7:47:03...
2026-01-03 02:00:57.406 | INFO     | [OP-20260103_020038-0005] CONNECT_ATTEMPT | Local: E0:D3:62:D6:EE:A0 | Remote: E0:D3:62:D7:47:03
2026-01-03 02:01:00.991 | INFO     | ✅ Conectado a E0:D3:62:D7:47:03
2026-01-03 02:01:00.992 | INFO     | [OP-20260103_020038-0006] CONNECT_SUCCESS | Remote: E0:D3:62:D7:47:03 | Time: 3582.82ms
2026-01-03 02:01:00.993 | DEBUG    | ✅ Conexão estabelecida. Operações GATT usarão D-Bus se necessário.
2026-01-03 02:01:00.993 | INFO     | ✅ Conectado ao Sink via GATT
2026-01-03 02:01:00.996 | DEBUG    | Descobertos 4 serviços
2026-01-03 02:01:01.000 | DEBUG    | Serviço 12340000-0000-1000-8000-00805f9b34fb encontrado
2026-01-03 02:01:01.001 | INFO     | ✅ Serviço IoT Network encontrado
2026-01-03 02:01:01.003 | INFO     | A subscrever a notificações...
2026-01-03 02:01:01.440 | INFO     | ✅ Subscrito a notificações: 12340001-0000-1000-8000-00805f9b34fb
2026-01-03 02:01:01.442 | INFO     | [OP-20260103_020038-0007] SUBSCRIBE_SUCCESS | Remote: E0:D3:62:D7:47:03 | Char: 12340001-0000-1000-8000-00805f9b34fb
2026-01-03 02:01:01.443 | INFO     | ✅ Subscrito a NETWORK_PACKET
2026-01-03 02:01:01.444 | DEBUG    | [OP-20260103_020038-0008] READ_REQUEST | Remote: E0:D3:62:D7:47:03 | Service: 12340000-0000-1000-8000-00805f9b34fb | Char: 12340002-0000-1000-8000-00805f9b34fb
2026-01-03 02:01:01.529 | DEBUG    | Read 12340002-0000-1000-8000-00805f9b34fb: 18 bytes
2026-01-03 02:01:01.530 | INFO     | [OP-20260103_020038-0009] READ_RESPONSE | Remote: E0:D3:62:D7:47:03 | Char: 12340002-0000-1000-8000-00805f9b34fb | Data: 18 bytes | Hex: 54c225f24e894134bf27c5e9148e17c1ff01 | ASCII: T.%.N.A4.'........
2026-01-03 02:01:01.530 | INFO     | ✅ Conectado ao Sink - hop_count=0
2026-01-03 02:01:01.531 | INFO     | 🔐 A iniciar autenticação com Sink...
2026-01-03 02:01:01.532 | DEBUG    | 📡 A subscrever a AUTH characteristic...
2026-01-03 02:01:01.619 | INFO     | ✅ Subscrito a notificações: 12340004-0000-1000-8000-00805f9b34fb
2026-01-03 02:01:01.620 | INFO     | [OP-20260103_020038-0010] SUBSCRIBE_SUCCESS | Remote: E0:D3:62:D7:47:03 | Char: 12340004-0000-1000-8000-00805f9b34fb
2026-01-03 02:01:01.620 | DEBUG    | ✅ Subscrito a AUTH indications
2026-01-03 02:01:01.621 | INFO     | AuthenticationProtocol inicializado para 74383752...
2026-01-03 02:01:01.621 | INFO     | 📤 Enviando certificado...
2026-01-03 02:01:01.621 | INFO     | 🔐 Iniciando autenticação - enviando certificado...
2026-01-03 02:01:01.622 | INFO     |    Certificado: 887 bytes
2026-01-03 02:01:01.623 | DEBUG    |    Estado: IDLE → CERT_SENT
2026-01-03 02:01:01.623 | INFO     | Fragmentando mensagem de 890 bytes em 5 fragmentos
2026-01-03 02:01:01.623 | DEBUG    |   Fragmento 1/5: 180 bytes, flags=0x01
2026-01-03 02:01:01.623 | DEBUG    |   Fragmento 2/5: 180 bytes, flags=0x00
2026-01-03 02:01:01.624 | DEBUG    |   Fragmento 3/5: 180 bytes, flags=0x00
2026-01-03 02:01:01.624 | DEBUG    |   Fragmento 4/5: 180 bytes, flags=0x00
2026-01-03 02:01:01.624 | DEBUG    |   Fragmento 5/5: 170 bytes, flags=0x02
2026-01-03 02:01:01.624 | DEBUG    | Enviando mensagem auth: 890 bytes em 5 fragmento(s)
2026-01-03 02:01:01.625 | INFO     | [OP-20260103_020038-0011] WRITE_REQUEST | Remote: E0:D3:62:D7:47:03 | Char: 12340004-0000-1000-8000-00805f9b34fb | Data: 183 bytes | Hex: 0100050103772d2d2d2d2d424547494e2043455254494649434154452d2d2d2d2d0a4d4949435954434341634b674177494241674955503456317a7156365177 | ASCII: .....w-----BEGIN CERTIFICATE-----.MIICYTCCAcKgAwIBAgIUP4V1zqV6Qw [TRUNCATED]
2026-01-03 02:01:01.709 | DEBUG    | ✅ Write via SimpleBLE: 12340004-0000-1000-8000-00805f9b34fb (183 bytes)
2026-01-03 02:01:01.710 | INFO     | [OP-20260103_020038-0012] WRITE_SUCCESS | Remote: E0:D3:62:D7:47:03 | Char: 12340004-0000-1000-8000-00805f9b34fb
2026-01-03 02:01:01.710 | DEBUG    |   Fragmento 1/5 enviado
2026-01-03 02:01:01.813 | INFO     | [OP-20260103_020038-0013] WRITE_REQUEST | Remote: E0:D3:62:D7:47:03 | Char: 12340004-0000-1000-8000-00805f9b34fb | Data: 183 bytes | Hex: 0001054d446b6c765643424f5a58523362334a7249454e424d423458445449324d4445774d6a45794e446b304d316f580a44544d314d54497a4d5445794e446b | ASCII: ...MDklvVCBOZXR3b3JrIENBMB4XDTI2MDEwMjEyNDk0M1oX.DTM1MTIzMTEyNDk [TRUNCATED]
2026-01-03 02:01:01.889 | DEBUG    | ✅ Write via SimpleBLE: 12340004-0000-1000-8000-00805f9b34fb (183 bytes)
2026-01-03 02:01:01.889 | INFO     | [OP-20260103_020038-0014] WRITE_SUCCESS | Remote: E0:D3:62:D7:47:03 | Char: 12340004-0000-1000-8000-00805f9b34fb
2026-01-03 02:01:01.892 | DEBUG    |   Fragmento 2/5 enviado
2026-01-03 02:01:01.996 | INFO     | [OP-20260103_020038-0015] WRITE_REQUEST | Remote: E0:D3:62:D7:47:03 | Char: 12340004-0000-1000-8000-00805f9b34fb | Data: 183 bytes | Hex: 000205675a7377454159484b6f5a497a6a3043415159464b34454541434d4467595941424145694e696357395555554c7a5a7a31477641556d77426e636f670a | ASCII: ...gZswEAYHKoZIzj0CAQYFK4EEACMDgYYABAEiNicW9UUULzZz1GvAUmwBncog. [TRUNCATED]
2026-01-03 02:01:02.068 | DEBUG    | ✅ Write via SimpleBLE: 12340004-0000-1000-8000-00805f9b34fb (183 bytes)
2026-01-03 02:01:02.069 | INFO     | [OP-20260103_020038-0016] WRITE_SUCCESS | Remote: E0:D3:62:D7:47:03 | Char: 12340004-0000-1000-8000-00805f9b34fb
2026-01-03 02:01:02.069 | DEBUG    |   Fragmento 3/5 enviado
2026-01-03 02:01:02.175 | INFO     | [OP-20260103_020038-0017] WRITE_REQUEST | Remote: E0:D3:62:D7:47:03 | Char: 12340004-0000-1000-8000-00805f9b34fb | Data: 183 bytes | Hex: 0003056f394a6e616a4d494f760a734344654e443674516a39337452687558446a6d524b4d344d44597744415944565230544151482f424149774144414f4267 | ASCII: ...o9JnajMIOv.sCDeND6tQj93tRhuXDjmRKM4MDYwDAYDVR0TAQH/BAIwADAOBg [TRUNCATED]
2026-01-03 02:01:02.248 | DEBUG    | ✅ Write via SimpleBLE: 12340004-0000-1000-8000-00805f9b34fb (183 bytes)
2026-01-03 02:01:02.249 | INFO     | [OP-20260103_020038-0018] WRITE_SUCCESS | Remote: E0:D3:62:D7:47:03 | Char: 12340004-0000-1000-8000-00805f9b34fb
2026-01-03 02:01:02.259 | DEBUG    |   Fragmento 4/5 enviado
2026-01-03 02:01:02.365 | INFO     | [OP-20260103_020038-0019] WRITE_REQUEST | Remote: E0:D3:62:D7:47:03 | Char: 12340004-0000-1000-8000-00805f9b34fb | Data: 173 bytes | Hex: 0204056c466935494f443142454578567254414b2b776c774e2b676a0a4e3249572b3450556a78466643654f6152762b794a3734435167452b4654787a433554 | ASCII: ...lFi5IOD1BEExVrTAK+wlwN+gj.N2IW+4PUjxFfCeOaRv+yJ74CQgE+FTxzC5T [TRUNCATED]
2026-01-03 02:01:02.477 | DEBUG    | ✅ Write via SimpleBLE: 12340004-0000-1000-8000-00805f9b34fb (173 bytes)
2026-01-03 02:01:02.478 | INFO     | [OP-20260103_020038-0020] WRITE_SUCCESS | Remote: E0:D3:62:D7:47:03 | Char: 12340004-0000-1000-8000-00805f9b34fb
2026-01-03 02:01:02.478 | DEBUG    |   Fragmento 5/5 enviado
2026-01-03 02:01:02.480 | INFO     | [OP-20260103_020038-0021] NOTIFICATION | Remote: E0:D3:62:D7:47:03 | Char: 12340004-0000-1000-8000-00805f9b34fb | Data: 183 bytes | Hex: 0100060203b00000038c2d2d2d2d2d424547494e2043455254494649434154452d2d2d2d2d0a4d494943634443434164476741774942416749554a787a6b7455 | ASCII: ..........-----BEGIN CERTIFICATE-----.MIICcDCCAdGgAwIBAgIUJxzktU [TRUNCATED]
2026-01-03 02:01:02.481 | DEBUG    | 🔐 AUTH indication recebida: 183 bytes
2026-01-03 02:01:02.481 | DEBUG    | Fragmento recebido: seq=0, total=6, payload=180 bytes, flags=0x01
2026-01-03 02:01:02.481 | INFO     | Iniciando recepção de 6 fragmentos
2026-01-03 02:01:02.482 | DEBUG    | Fragmento 1/6 armazenado (1 de 6 recebidos)
2026-01-03 02:01:02.482 | DEBUG    | 🔐 Aguardando mais fragmentos AUTH...
2026-01-03 02:01:02.565 | INFO     | [OP-20260103_020038-0022] NOTIFICATION | Remote: E0:D3:62:D7:47:03 | Char: 12340004-0000-1000-8000-00805f9b34fb | Data: 183 bytes | Hex: 0001065642414d4d446b6c765643424f5a58523362334a7249454e424d423458445449324d4445774d6a45794e446b7a4d6c6f580a44544d314d54497a4d5445 | ASCII: ...VBAMMDklvVCBOZXR3b3JrIENBMB4XDTI2MDEwMjEyNDkzMloX.DTM1MTIzMTE [TRUNCATED]
2026-01-03 02:01:02.565 | DEBUG    | 🔐 AUTH indication recebida: 183 bytes
2026-01-03 02:01:02.566 | DEBUG    | Fragmento recebido: seq=1, total=6, payload=180 bytes, flags=0x00
2026-01-03 02:01:02.566 | DEBUG    | Fragmento 2/6 armazenado (2 de 6 recebidos)
2026-01-03 02:01:02.566 | DEBUG    | 🔐 Aguardando mais fragmentos AUTH...
2026-01-03 02:01:02.578 | DEBUG    | Autenticação round 1/10
2026-01-03 02:01:02.657 | INFO     | [OP-20260103_020038-0023] NOTIFICATION | Remote: E0:D3:62:D7:47:03 | Char: 12340004-0000-1000-8000-00805f9b34fb | Data: 183 bytes | Hex: 000206597a45784454414c42674e564241734d42464e70626d7377675a7377454159484b6f5a497a6a3043415159464b34454541434d44675959414241415377 | ASCII: ...YzExDTALBgNVBAsMBFNpbmswgZswEAYHKoZIzj0CAQYFK4EEACMDgYYABAASw [TRUNCATED]
2026-01-03 02:01:02.658 | DEBUG    | 🔐 AUTH indication recebida: 183 bytes
2026-01-03 02:01:02.658 | DEBUG    | Fragmento recebido: seq=2, total=6, payload=180 bytes, flags=0x00
2026-01-03 02:01:02.658 | DEBUG    | Fragmento 3/6 armazenado (3 de 6 recebidos)
2026-01-03 02:01:02.658 | DEBUG    | 🔐 Aguardando mais fragmentos AUTH...
2026-01-03 02:01:02.748 | INFO     | [OP-20260103_020038-0024] NOTIFICATION | Remote: E0:D3:62:D7:47:03 | Char: 12340004-0000-1000-8000-00805f9b34fb | Data: 183 bytes | Hex: 000306386e6a795a48523051644f4375300a6f4e41363237777a484f3239624a6f6b67614b4c486e66436d2b505643727934344a64307a434d4e50614d344d44 | ASCII: ...8njyZHR0QdOCu0.oNA627wzHO29bJokgaKLHnfCm+PVCry44Jd0zCMNPaM4MD [TRUNCATED]
2026-01-03 02:01:02.751 | DEBUG    | 🔐 AUTH indication recebida: 183 bytes
2026-01-03 02:01:02.751 | DEBUG    | Fragmento recebido: seq=3, total=6, payload=180 bytes, flags=0x00
2026-01-03 02:01:02.751 | DEBUG    | Fragmento 4/6 armazenado (4 de 6 recebidos)
2026-01-03 02:01:02.752 | DEBUG    | 🔐 Aguardando mais fragmentos AUTH...
2026-01-03 02:01:02.839 | INFO     | [OP-20260103_020038-0025] NOTIFICATION | Remote: E0:D3:62:D7:47:03 | Char: 12340004-0000-1000-8000-00805f9b34fb | Data: 183 bytes | Hex: 00040634706d4967797a644e615a4e4a506a66796561623859385839394141680a6158316663585374655142344b476a74343969626571735a70734d59754675 | ASCII: ...4pmIgyzdNaZNJPjfyeab8Y8X99AAh.aX1fcXSteQB4KGjt49ibeqsZpsMYuFu [TRUNCATED]
2026-01-03 02:01:02.839 | DEBUG    | 🔐 AUTH indication recebida: 183 bytes
2026-01-03 02:01:02.840 | DEBUG    | Fragmento recebido: seq=4, total=6, payload=180 bytes, flags=0x00
2026-01-03 02:01:02.840 | DEBUG    | Fragmento 5/6 armazenado (5 de 6 recebidos)
2026-01-03 02:01:02.840 | DEBUG    | 🔐 Aguardando mais fragmentos AUTH...
2026-01-03 02:01:02.926 | INFO     | [OP-20260103_020038-0026] NOTIFICATION | Remote: E0:D3:62:D7:47:03 | Char: 12340004-0000-1000-8000-00805f9b34fb | Data: 50 bytes | Hex: 0205065254494649434154452d2d2d2d2d0adde4c79efb4b1cb86445afcebc496a19e740c527faae3e313126d4f5732688e3 | ASCII: ...RTIFICATE-----......K..dE...Ij..@.'..>11&..s&..
2026-01-03 02:01:02.928 | DEBUG    | 🔐 AUTH indication recebida: 50 bytes
2026-01-03 02:01:02.928 | DEBUG    | Fragmento recebido: seq=5, total=6, payload=47 bytes, flags=0x02
2026-01-03 02:01:02.928 | DEBUG    | Fragmento 6/6 armazenado (6 de 6 recebidos)
2026-01-03 02:01:02.929 | INFO     | ✅ Mensagem reconstruída: 947 bytes (6 fragmentos)
2026-01-03 02:01:02.929 | DEBUG    | FragmentReassembler resetado
2026-01-03 02:01:02.929 | DEBUG    | 🔐 AUTH mensagem completa: 947 bytes
2026-01-03 02:01:03.079 | DEBUG    | Resposta auth lida do buffer: 947 bytes
2026-01-03 02:01:03.079 | DEBUG    | 📨 Recebido: AuthMessage(type=CHALLENGE, payload=944 bytes)
2026-01-03 02:01:03.079 | INFO     | 🎲 Challenge recebido - processando certificado + challenge...
2026-01-03 02:01:03.080 | INFO     | 📜 Extraindo certificado do peer do payload...
2026-01-03 02:01:03.121 | DEBUG    | ✅ Assinatura da CA válida
2026-01-03 02:01:03.122 | DEBUG    | ✅ Certificado válido temporalmente (expira em 2035-12-31 12:49:32+00:00)
2026-01-03 02:01:03.123 | INFO     | ✅ Certificado validado com sucesso
2026-01-03 02:01:03.123 | INFO     | ✅ Certificado do peer validado!
2026-01-03 02:01:03.124 | INFO     |    Peer NID: 54c225f2...
2026-01-03 02:01:03.124 | INFO     |    Peer tipo: SINK
2026-01-03 02:01:03.124 | DEBUG    |    Challenge: dde4c79efb4b1cb86445afcebc496a19...
2026-01-03 02:01:03.125 | INFO     | ✍️  Assinando dados:
2026-01-03 02:01:03.126 | INFO     |    Data: 32 bytes | dde4c79efb4b1cb86445afcebc496a19e740c527faae3e313126d4f5732688e3...
2026-01-03 02:01:03.143 | INFO     |    Signature: 139 bytes | 308188024200e0c5e130437379820f66b76c7837eec9f3c9ce7518eac26f25ad...
2026-01-03 02:01:03.145 | INFO     | ✍️  Response gerada: 139 bytes
2026-01-03 02:01:03.146 | DEBUG    |    Estado: CHALLENGE_RECEIVED
2026-01-03 02:01:03.146 | DEBUG    | 📤 Enviando resposta (142 bytes)
2026-01-03 02:01:03.146 | DEBUG    | Mensagem pequena (142 bytes), 1 fragmento
2026-01-03 02:01:03.146 | DEBUG    | Enviando mensagem auth: 142 bytes em 1 fragmento(s)
2026-01-03 02:01:03.149 | INFO     | [OP-20260103_020038-0027] WRITE_REQUEST | Remote: E0:D3:62:D7:47:03 | Char: 12340004-0000-1000-8000-00805f9b34fb | Data: 145 bytes | Hex: 03000103008b308188024200e0c5e130437379820f66b76c7837eec9f3c9ce7518eac26f25ad195f4ebb3d43db19575bc064e055195261287f03097be1f8396b | ASCII: ......0...B....0Csy..f.lx7.....u...o%.._N.=C..W[.d.U.Ra(...{..9k [TRUNCATED]
2026-01-03 02:01:03.241 | DEBUG    | ✅ Write via SimpleBLE: 12340004-0000-1000-8000-00805f9b34fb (145 bytes)
2026-01-03 02:01:03.240 | INFO     | [OP-20260103_020038-0028] NOTIFICATION | Remote: E0:D3:62:D7:47:03 | Char: 12340004-0000-1000-8000-00805f9b34fb | Data: 6 bytes | Hex: 030001040000 | ASCII: ......
2026-01-03 02:01:03.241 | DEBUG    | 🔐 AUTH indication recebida: 6 bytes
2026-01-03 02:01:03.242 | DEBUG    | Fragmento recebido: seq=0, total=1, payload=3 bytes, flags=0x03
2026-01-03 02:01:03.241 | INFO     | [OP-20260103_020038-0029] WRITE_SUCCESS | Remote: E0:D3:62:D7:47:03 | Char: 12340004-0000-1000-8000-00805f9b34fb
2026-01-03 02:01:03.243 | DEBUG    |   Fragmento 1/1 enviado
2026-01-03 02:01:03.243 | DEBUG    | Autenticação round 2/10
2026-01-03 02:01:03.242 | INFO     | Iniciando recepção de 1 fragmentos
2026-01-03 02:01:03.245 | DEBUG    | Fragmento 1/1 armazenado (1 de 1 recebidos)
2026-01-03 02:01:03.245 | INFO     | ✅ Mensagem reconstruída: 3 bytes (1 fragmentos)
2026-01-03 02:01:03.246 | DEBUG    | FragmentReassembler resetado
2026-01-03 02:01:03.246 | DEBUG    | 🔐 AUTH mensagem completa: 3 bytes
2026-01-03 02:01:03.744 | DEBUG    | Resposta auth lida do buffer: 3 bytes
2026-01-03 02:01:03.744 | DEBUG    | 📨 Recebido: AuthMessage(type=AUTH_SUCCESS, payload=0 bytes)
2026-01-03 02:01:03.744 | INFO     | ✅ Peer confirmou autenticação bem sucedida!
2026-01-03 02:01:03.746 | INFO     | ✅ Autenticação bem-sucedida!
2026-01-03 02:01:03.801 | DEBUG    | 🔑 Session key derivada: 32 bytes
2026-01-03 02:01:03.801 | INFO     | 🔑 Session key estabelecida
2026-01-03 02:01:03.802 | INFO     | ✅ Certificado do Sink armazenado para verificação de heartbeats
2026-01-03 02:01:03.803 | INFO     | DTLSChannel criado (client) com certificado node_74383752_cert.pem
2026-01-03 02:01:03.803 | INFO     | Iniciando handshake DTLS...
2026-01-03 02:01:03.804 | WARNING  | DTLS não disponível - operando em modo stub
2026-01-03 02:01:03.804 | INFO     | ✅ Canal DTLS (stub) estabelecido
2026-01-03 02:01:03.805 | INFO     | 🔐 Canal DTLS end-to-end estabelecido com Sink
2026-01-03 02:01:06.257 | INFO     | [OP-20260103_020038-0030] NOTIFICATION | Remote: E0:D3:62:D7:47:03 | Char: 12340001-0000-1000-8000-00805f9b34fb | Data: 236 bytes | Hex: 54c225f24e894134bf27c5e9148e17c154c225f24e894134bf27c5e9148e17c1020100000009b6f2ad4f43d114d0dedaf7fd878586c91966b6d88bec3cb1e283 | ASCII: T.%.N.A4.'......T.%.N.A4.'...............OC............f....<... [TRUNCATED]
2026-01-03 02:01:06.258 | DEBUG    | Novo source 54c225f2...: seq=9 (primeiro pacote)
2026-01-03 02:01:06.259 | DEBUG    | 🔍 Verificando assinatura: sig_len=139, signature_raw_len=139
2026-01-03 02:01:06.259 | INFO     | 💓 Verificando heartbeat:
2026-01-03 02:01:06.260 | INFO     |    Sink NID: 54c225f24e894134bf27c5e9148e17c1
2026-01-03 02:01:06.261 | INFO     |    Timestamp: 1767405666.3551967
2026-01-03 02:01:06.262 | INFO     |    Data to verify: 54c225f24e894134bf27c5e9148e17c141da561e1896bb8b
2026-01-03 02:01:06.263 | INFO     | 🔍 Verificando assinatura:
2026-01-03 02:01:06.265 | INFO     |    Data: 24 bytes | 54c225f24e894134bf27c5e9148e17c141da561e1896bb8b...
2026-01-03 02:01:06.266 | INFO     |    Signature: 139 bytes | 30818802420173b288ece222a3f3cd35d2531fedba9c9e72223b3138ddd18668...
2026-01-03 02:01:06.279 | INFO     | ✅ Assinatura verificada com sucesso!
2026-01-03 02:01:06.280 | DEBUG    | ✅ Assinatura de heartbeat válida
2026-01-03 02:01:06.280 | DEBUG    | 💓 Heartbeat recebido (seq=9, age=-0.07s)
2026-01-03 02:01:11.251 | INFO     | [OP-20260103_020038-0031] NOTIFICATION | Remote: E0:D3:62:D7:47:03 | Char: 12340001-0000-1000-8000-00805f9b34fb | Data: 236 bytes | Hex: 54c225f24e894134bf27c5e9148e17c154c225f24e894134bf27c5e9148e17c102010000000afec65c9bda58ee30df62838c4d9a14e9e43e3588ec2186b68d19 | ASCII: T.%.N.A4.'......T.%.N.A4.'..............\..X.0.b..M....>5..!.... [TRUNCATED]
2026-01-03 02:01:11.253 | DEBUG    | Source 54c225f2...: seq=10 (novo highest, window: 2 seqs)
2026-01-03 02:01:11.253 | DEBUG    | 🔍 Verificando assinatura: sig_len=139, signature_raw_len=139
2026-01-03 02:01:11.254 | INFO     | 💓 Verificando heartbeat:
2026-01-03 02:01:11.255 | INFO     |    Sink NID: 54c225f24e894134bf27c5e9148e17c1
2026-01-03 02:01:11.256 | INFO     |    Timestamp: 1767405671.3572626
2026-01-03 02:01:11.257 | INFO     |    Data to verify: 54c225f24e894134bf27c5e9148e17c141da561e19d6dd64
2026-01-03 02:01:11.259 | INFO     | 🔍 Verificando assinatura:
2026-01-03 02:01:11.260 | INFO     |    Data: 24 bytes | 54c225f24e894134bf27c5e9148e17c141da561e19d6dd64...
2026-01-03 02:01:11.261 | INFO     |    Signature: 139 bytes | 308188024200e9262c84328f5c5851223426651e6a0abca5c67ba0c13e407746...
2026-01-03 02:01:11.266 | INFO     | ✅ Assinatura verificada com sucesso!
2026-01-03 02:01:11.268 | DEBUG    | ✅ Assinatura de heartbeat válida
2026-01-03 02:01:11.268 | DEBUG    | 💓 Heartbeat recebido (seq=10, age=-0.09s)
2026-01-03 02:01:13.784 | INFO     | A parar Node...
2026-01-03 02:01:13.785 | INFO     | A parar GATT Server...
