2025-12-29 16:55:02.714 | INFO     | BLE Operation Logger iniciado: ble_operations_A08869B6F7D2_20251229_165502.log
2025-12-29 16:55:02.714 | INFO     | Scanner BLE iniciado: hci0 (A0:88:69:B6:F7:D2)
2025-12-29 16:55:02.715 | INFO     | BLE Client iniciado
2025-12-29 16:55:02.715 | INFO     | BLE Client criado
2025-12-29 16:55:02.716 | INFO     | NeighborDiscovery inicializado: scan_interval=30s, scan_duration=5000ms, timeout=120s
2025-12-29 16:55:02.717 | INFO     | NeighborDiscovery criado
2025-12-29 16:55:02.717 | INFO     | Link Manager iniciado
2025-12-29 16:55:02.718 | INFO     | LinkManager criado
2025-12-29 16:55:04.678 | INFO     | A iniciar scan de vizinhos...
2025-12-29 16:55:04.678 | DEBUG    | A limpar cache de scan BLE...
2025-12-29 16:55:04.789 | DEBUG    | Cache de scan limpo
2025-12-29 16:55:04.790 | INFO     | A fazer scan BLE durante 5000ms...
2025-12-29 16:55:04.792 | INFO     | [OP-20251229_165502-0001] SCAN_START | Duration: 5000ms | Filter_IoT: True
2025-12-29 16:55:09.809 | INFO     | Scan concluído: 0 dispositivos encontrados
2025-12-29 16:55:09.810 | INFO     | [OP-20251229_165502-0002] SCAN_RESULT | Devices_Found: 0
2025-12-29 16:55:09.811 | INFO     | Scan concluído: 0 dispositivos IoT encontrados
2025-12-29 16:55:11.441 | INFO     | A iniciar scan de vizinhos...
2025-12-29 16:55:11.442 | DEBUG    | Aguardando 0.4s para limpar cache BLE...
2025-12-29 16:55:11.813 | DEBUG    | A limpar cache de scan BLE...
2025-12-29 16:55:11.925 | DEBUG    | Cache de scan limpo
2025-12-29 16:55:11.926 | INFO     | A fazer scan BLE durante 5000ms...
2025-12-29 16:55:11.927 | INFO     | [OP-20251229_165502-0003] SCAN_START | Duration: 5000ms | Filter_IoT: True
2025-12-29 16:55:16.953 | INFO     | Scan concluído: 0 dispositivos encontrados
2025-12-29 16:55:16.954 | INFO     | [OP-20251229_165502-0004] SCAN_RESULT | Devices_Found: 0
2025-12-29 16:55:16.955 | INFO     | Scan concluído: 0 dispositivos IoT encontrados
2025-12-29 16:55:18.381 | INFO     | A iniciar scan de vizinhos...
2025-12-29 16:55:18.383 | DEBUG    | Aguardando 0.6s para limpar cache BLE...
2025-12-29 16:55:18.958 | DEBUG    | A limpar cache de scan BLE...
2025-12-29 16:55:19.070 | DEBUG    | Cache de scan limpo
2025-12-29 16:55:19.070 | INFO     | A fazer scan BLE durante 5000ms...
2025-12-29 16:55:19.072 | INFO     | [OP-20251229_165502-0005] SCAN_START | Duration: 5000ms | Filter_IoT: True
2025-12-29 16:55:24.090 | INFO     | Scan concluído: 0 dispositivos encontrados
2025-12-29 16:55:24.091 | INFO     | [OP-20251229_165502-0006] SCAN_RESULT | Devices_Found: 0
2025-12-29 16:55:24.094 | INFO     | Scan concluído: 0 dispositivos IoT encontrados
2025-12-29 16:55:25.640 | INFO     | A iniciar scan de vizinhos...
2025-12-29 16:55:25.640 | DEBUG    | Aguardando 0.5s para limpar cache BLE...
2025-12-29 16:55:26.096 | DEBUG    | A limpar cache de scan BLE...
2025-12-29 16:55:26.207 | DEBUG    | Cache de scan limpo
2025-12-29 16:55:26.207 | INFO     | A fazer scan BLE durante 5000ms...
2025-12-29 16:55:26.209 | INFO     | [OP-20251229_165502-0007] SCAN_START | Duration: 5000ms | Filter_IoT: True
2025-12-29 16:55:31.232 | INFO     | Scan concluído: 0 dispositivos encontrados
2025-12-29 16:55:31.233 | INFO     | [OP-20251229_165502-0008] SCAN_RESULT | Devices_Found: 0
2025-12-29 16:55:31.235 | INFO     | Scan concluído: 0 dispositivos IoT encontrados
2025-12-29 16:55:35.029 | INFO     | A limpar recursos...
2025-12-29 16:55:35.031 | INFO     | ✅ Recursos limpos
