2026-01-04 03:08:26.499 | INFO     | BLE Operation Logger iniciado: ble_operations_5800E366747C_20260104_030826.log
2026-01-04 03:08:26.500 | INFO     | Scanner BLE iniciado: hci0 (58:00:E3:66:74:7C)
2026-01-04 03:08:26.500 | INFO     | BLE Client iniciado
2026-01-04 03:08:26.500 | DEBUG    | FragmentReassembler inicializado
2026-01-04 03:08:26.501 | INFO     | ReplayProtection iniciado (window_size=100)
2026-01-04 03:08:26.501 | INFO     | 🔀 Router Daemon inicializado para NID=a40543fa...
2026-01-04 03:08:26.501 | DEBUG    | ✅ Send callback configurado
2026-01-04 03:08:26.501 | DEBUG    | ✅ Handler registado para MessageType(1)
2026-01-04 03:08:26.501 | DEBUG    | ✅ Handler registado para MessageType(2)
2026-01-04 03:08:26.502 | INFO     | IoT Node inicializado (adapter=hci0)
2026-01-04 03:08:26.502 | INFO     | ✅ Router Daemon integrado
2026-01-04 03:08:26.502 | INFO     | A configurar GATT Server...
2026-01-04 03:08:26.504 | INFO     | Application criada: /
2026-01-04 03:08:26.504 | INFO     | Service criado: /0 (UUID: 12340000-0000-1000-8000-00805f9b34fb, primary: True)
2026-01-04 03:08:26.504 | INFO     | A criar IoTNetworkService...
2026-01-04 03:08:26.505 | DEBUG    | Characteristic criada: /0/char0 (UUID: 12340001-0000-1000-8000-00805f9b34fb, flags: ['write', 'notify'])
2026-01-04 03:08:26.505 | INFO     | NetworkPacketCharacteristic criada
2026-01-04 03:08:26.505 | DEBUG    | Characteristic criada: /0/char1 (UUID: 12340002-0000-1000-8000-00805f9b34fb, flags: ['read'])
2026-01-04 03:08:26.505 | INFO     | DeviceInfoCharacteristic criada: NID=a40543fa..., type=node
2026-01-04 03:08:26.506 | DEBUG    | Characteristic criada: /0/char2 (UUID: 12340003-0000-1000-8000-00805f9b34fb, flags: ['read', 'notify'])
2026-01-04 03:08:26.506 | INFO     | NeighborTableCharacteristic criada
2026-01-04 03:08:26.506 | DEBUG    | Characteristic criada: /0/char3 (UUID: 12340004-0000-1000-8000-00805f9b34fb, flags: ['write', 'indicate'])
2026-01-04 03:08:26.506 | INFO     | AuthCharacteristic criada
2026-01-04 03:08:26.507 | DEBUG    | Characteristic adicionada a /0: /0/char0
2026-01-04 03:08:26.507 | DEBUG    | Characteristic adicionada a /0: /0/char1
2026-01-04 03:08:26.507 | DEBUG    | Characteristic adicionada a /0: /0/char2
2026-01-04 03:08:26.507 | DEBUG    | Characteristic adicionada a /0: /0/char3
2026-01-04 03:08:26.507 | INFO     | ✅ IoTNetworkService criado com sucesso!
2026-01-04 03:08:26.508 | INFO     | Service adicionado à aplicação: /0
2026-01-04 03:08:26.508 | DEBUG    | Packet callback definido
2026-01-04 03:08:26.508 | DEBUG    | Auth callback definido
2026-01-04 03:08:26.508 | INFO     | Advertisement criado: /org/bluez/iot/advertisement0 (type: peripheral)
2026-01-04 03:08:26.509 | INFO     | ✅ Service UUID adicionado ao advertising: 12340000-0000-1000-8000-00805f9b34fb
2026-01-04 03:08:26.509 | INFO     |    Lista atual de UUIDs: ['12340000-0000-1000-8000-00805f9b34fb']
2026-01-04 03:08:26.509 | DEBUG    | Local name definido: IoT-Node-a40543fa
2026-01-04 03:08:26.509 | DEBUG    | Manufacturer data adicionado: ID=65535
2026-01-04 03:08:26.509 | INFO     | ✅ GATT Server configurado
2026-01-04 03:08:26.510 | INFO     | A iniciar GATT Server...
2026-01-04 03:08:26.511 | INFO     | ✅ GATT Server iniciado em thread separada
2026-01-04 03:08:26.511 | INFO     | ✅ Node Device iniciado - CLI interativo pronto
2026-01-04 03:08:26.516 | DEBUG    | GetManagedObjects called
2026-01-04 03:08:26.517 | DEBUG    | GetManagedObjects returning 5 objects
2026-01-04 03:08:26.519 | INFO     | ✅ GATT application registada!
2026-01-04 03:08:26.519 | DEBUG    | GetAll called on /org/bluez/iot/advertisement0
2026-01-04 03:08:26.520 | INFO     | 📡 Advertising com ServiceUUIDs: ['12340000-0000-1000-8000-00805f9b34fb']
2026-01-04 03:08:26.623 | INFO     | ✅ Advertisement registado!
2026-01-04 03:08:27.825 | INFO     | A fazer scan BLE durante 5000ms...
2026-01-04 03:08:27.826 | INFO     | [OP-20260104_030826-0001] SCAN_START | Duration: 5000ms | Filter_IoT: True
2026-01-04 03:08:32.942 | INFO     | Scan concluído: 0 dispositivos encontrados
2026-01-04 03:08:32.943 | INFO     | [OP-20260104_030826-0002] SCAN_RESULT | Devices_Found: 0
2026-01-04 03:08:32.943 | INFO     | A fazer scan BLE durante 5000ms...
2026-01-04 03:08:32.943 | INFO     | [OP-20260104_030826-0003] SCAN_START | Duration: 5000ms | Filter_IoT: True
2026-01-04 03:08:37.963 | DEBUG    |   Encontrado: Unknown (E0:D3:62:D6:EE:A0) RSSI: -52 dBm
2026-01-04 03:08:37.964 | INFO     | Scan concluído: 1 dispositivos encontrados
2026-01-04 03:08:37.967 | INFO     | [OP-20260104_030826-0004] SCAN_RESULT | Devices_Found: 1
2026-01-04 03:08:37.968 | DEBUG    | [OP-20260104_030826-0004]   Device_1: Name: Unknown | Address: E0:D3:62:D6:EE:A0 | RSSI: -52 dBm | Services: 1
2026-01-04 03:08:43.512 | INFO     | A fazer scan BLE durante 5000ms...
2026-01-04 03:08:43.513 | INFO     | [OP-20260104_030826-0005] SCAN_START | Duration: 5000ms | Filter_IoT: True
2026-01-04 03:08:48.630 | DEBUG    |   Encontrado: Unknown (E0:D3:62:D6:EE:A0) RSSI: -60 dBm
2026-01-04 03:08:48.631 | DEBUG    |   Encontrado: Unknown (E0:D3:62:D7:47:03) RSSI: -58 dBm
2026-01-04 03:08:48.631 | INFO     | Scan concluído: 2 dispositivos encontrados
2026-01-04 03:08:48.631 | INFO     | [OP-20260104_030826-0006] SCAN_RESULT | Devices_Found: 2
2026-01-04 03:08:48.632 | DEBUG    | [OP-20260104_030826-0006]   Device_1: Name: Unknown | Address: E0:D3:62:D6:EE:A0 | RSSI: -60 dBm | Services: 1
2026-01-04 03:08:48.632 | DEBUG    | [OP-20260104_030826-0006]   Device_2: Name: Unknown | Address: E0:D3:62:D7:47:03 | RSSI: -58 dBm | Services: 1
2026-01-04 03:08:48.632 | INFO     | A fazer scan BLE durante 5000ms...
2026-01-04 03:08:48.632 | INFO     | [OP-20260104_030826-0007] SCAN_START | Duration: 5000ms | Filter_IoT: True
2026-01-04 03:08:53.653 | DEBUG    |   Encontrado: Unknown (E0:D3:62:D7:47:03) RSSI: -56 dBm
2026-01-04 03:08:53.653 | INFO     | Scan concluído: 1 dispositivos encontrados
2026-01-04 03:08:53.656 | INFO     | [OP-20260104_030826-0008] SCAN_RESULT | Devices_Found: 1
2026-01-04 03:08:53.658 | DEBUG    | [OP-20260104_030826-0008]   Device_1: Name: Unknown | Address: E0:D3:62:D7:47:03 | RSSI: -56 dBm | Services: 1
2026-01-04 03:09:00.301 | INFO     | A conectar ao Sink E0:D3:62:D7:47:03...
2026-01-04 03:09:00.302 | DEBUG    | BLEConnection criada para E0:D3:62:D7:47:03
2026-01-04 03:09:00.303 | INFO     | A conectar a E0:D3:62:D7:47:03...
2026-01-04 03:09:00.304 | INFO     | [OP-20260104_030826-0009] CONNECT_ATTEMPT | Local: 58:00:E3:66:74:7C | Remote: E0:D3:62:D7:47:03
2026-01-04 03:09:13.518 | ERROR    | Erro ao conectar a E0:D3:62:D7:47:03: The requested operation has failed.
2026-01-04 03:09:13.520 | ERROR    | [OP-20260104_030826-0010] CONNECT_FAILED | Remote: E0:D3:62:D7:47:03 | Error: The requested operation has failed.
2026-01-04 03:09:13.521 | DEBUG    | Conexão falhou, tentando refresh do cache e retry...
2026-01-04 03:09:15.531 | ERROR    | Falha ao conectar a E0:D3:62:D7:47:03 após todas as tentativas
2026-01-04 03:09:15.533 | ERROR    | ❌ Falha ao conectar ao Sink
2026-01-04 03:09:19.792 | INFO     | A fazer scan BLE durante 5000ms...
2026-01-04 03:09:19.793 | INFO     | [OP-20260104_030826-0011] SCAN_START | Duration: 5000ms | Filter_IoT: True
2026-01-04 03:09:24.816 | INFO     | Scan concluído: 0 dispositivos encontrados
2026-01-04 03:09:24.817 | INFO     | [OP-20260104_030826-0012] SCAN_RESULT | Devices_Found: 0
2026-01-04 03:09:24.818 | INFO     | A fazer scan BLE durante 5000ms...
2026-01-04 03:09:24.819 | INFO     | [OP-20260104_030826-0013] SCAN_START | Duration: 5000ms | Filter_IoT: True
2026-01-04 03:09:29.835 | DEBUG    |   Encontrado: Unknown (E0:D3:62:D6:EE:A0) RSSI: -60 dBm
2026-01-04 03:09:29.835 | INFO     | Scan concluído: 1 dispositivos encontrados
2026-01-04 03:09:29.835 | INFO     | [OP-20260104_030826-0014] SCAN_RESULT | Devices_Found: 1
2026-01-04 03:09:29.836 | DEBUG    | [OP-20260104_030826-0014]   Device_1: Name: Unknown | Address: E0:D3:62:D6:EE:A0 | RSSI: -60 dBm | Services: 1
2026-01-04 03:09:34.322 | INFO     | A conectar ao Sink E0:D3:62:D6:EE:A0...
2026-01-04 03:09:34.323 | DEBUG    | BLEConnection criada para E0:D3:62:D6:EE:A0
2026-01-04 03:09:34.324 | INFO     | A conectar a E0:D3:62:D6:EE:A0...
2026-01-04 03:09:34.326 | INFO     | [OP-20260104_030826-0015] CONNECT_ATTEMPT | Local: 58:00:E3:66:74:7C | Remote: E0:D3:62:D6:EE:A0
2026-01-04 03:09:58.409 | ERROR    | Erro ao conectar a E0:D3:62:D6:EE:A0: The requested operation has failed.
2026-01-04 03:09:58.410 | ERROR    | [OP-20260104_030826-0016] CONNECT_FAILED | Remote: E0:D3:62:D6:EE:A0 | Error: The requested operation has failed.
2026-01-04 03:09:58.414 | DEBUG    | Conexão falhou, tentando refresh do cache e retry...
2026-01-04 03:10:00.424 | ERROR    | Falha ao conectar a E0:D3:62:D6:EE:A0 após todas as tentativas
2026-01-04 03:10:00.425 | ERROR    | ❌ Falha ao conectar ao Sink
2026-01-04 03:10:12.518 | INFO     | A parar Node...
2026-01-04 03:10:12.520 | INFO     | A parar GATT Server...
2026-01-04 03:10:12.524 | INFO     | ✅ GATT Server parado
2026-01-04 03:10:12.525 | INFO     | ✅ Node parado
