2025-12-29 16:56:50.473 | INFO     | BLE Operation Logger iniciado: ble_operations_A08869B6F7D2_20251229_165650.log
2025-12-29 16:56:50.474 | INFO     | Scanner BLE iniciado: hci0 (A0:88:69:B6:F7:D2)
2025-12-29 16:56:50.474 | INFO     | BLE Client iniciado
2025-12-29 16:56:50.475 | INFO     | BLE Client criado
2025-12-29 16:56:50.475 | INFO     | NeighborDiscovery inicializado: scan_interval=30s, scan_duration=5000ms, timeout=120s
2025-12-29 16:56:50.475 | INFO     | NeighborDiscovery criado
2025-12-29 16:56:50.476 | INFO     | Link Manager iniciado
2025-12-29 16:56:50.476 | INFO     | LinkManager criado
2025-12-29 16:56:52.559 | INFO     | A iniciar scan de vizinhos...
2025-12-29 16:56:52.561 | DEBUG    | A limpar cache de scan BLE...
2025-12-29 16:56:52.767 | DEBUG    | Cache de scan limpo
2025-12-29 16:56:52.768 | INFO     | A fazer scan BLE durante 5000ms...
2025-12-29 16:56:52.769 | INFO     | [OP-20251229_165650-0001] SCAN_START | Duration: 5000ms | Filter_IoT: True
2025-12-29 16:56:57.884 | DEBUG    |   Encontrado: IoT-Node (E0:D3:62:D6:EE:A0) RSSI: -56 dBm
2025-12-29 16:56:57.887 | INFO     | Scan concluído: 1 dispositivos encontrados
2025-12-29 16:56:57.889 | INFO     | [OP-20251229_165650-0002] SCAN_RESULT | Devices_Found: 1
2025-12-29 16:56:57.891 | DEBUG    | [OP-20251229_165650-0002]   Device_1: Name: IoT-Node | Address: E0:D3:62:D6:EE:A0 | RSSI: -56 dBm | Services: 5
2025-12-29 16:56:57.891 | INFO     | Scan concluído: 1 dispositivos IoT encontrados
2025-12-29 16:56:57.893 | DEBUG    | A conectar a E0:D3:62:D6:EE:A0 para ler DeviceInfo...
2025-12-29 16:56:57.895 | DEBUG    | BLEConnection criada para E0:D3:62:D6:EE:A0
2025-12-29 16:56:57.896 | INFO     | A conectar a E0:D3:62:D6:EE:A0...
2025-12-29 16:56:57.897 | INFO     | [OP-20251229_165650-0003] CONNECT_ATTEMPT | Local: A0:88:69:B6:F7:D2 | Remote: E0:D3:62:D6:EE:A0
2025-12-29 16:57:00.682 | INFO     | ✅ Conectado a E0:D3:62:D6:EE:A0
2025-12-29 16:57:00.683 | INFO     | [OP-20251229_165650-0004] CONNECT_SUCCESS | Remote: E0:D3:62:D6:EE:A0 | Time: 2782.02ms
2025-12-29 16:57:00.684 | DEBUG    | ✅ Conexão estabelecida. Operações GATT usarão D-Bus se necessário.
2025-12-29 16:57:00.684 | DEBUG    | [OP-20251229_165650-0005] READ_REQUEST | Remote: E0:D3:62:D6:EE:A0 | Service: 12340000-0000-1000-8000-00805f9b34fb | Char: 12340002-0000-1000-8000-00805f9b34fb
2025-12-29 16:57:00.919 | DEBUG    | Read 12340002-0000-1000-8000-00805f9b34fb: 18 bytes
2025-12-29 16:57:00.920 | INFO     | [OP-20251229_165650-0006] READ_RESPONSE | Remote: E0:D3:62:D6:EE:A0 | Char: 12340002-0000-1000-8000-00805f9b34fb | Data: 18 bytes | Hex: 36b2627dec24467aa1fe67d9dbc798440100 | ASCII: 6.b}.$Fz..g....D..
2025-12-29 16:57:00.921 | INFO     | Vizinho descoberto: E0:D3:62:D6:EE:A0 (36b2627d...) hop=1 rssi=-56dBm type=node disconnected seen=0.0s ago
2025-12-29 16:57:02.979 | INFO     | Desconectado de E0:D3:62:D6:EE:A0
2025-12-29 16:57:02.980 | INFO     | [OP-20251229_165650-0007] DISCONNECT | Remote: E0:D3:62:D6:EE:A0 | Reason: normal
2025-12-29 16:57:02.982 | INFO     | Novo vizinho adicionado: E0:D3:62:D6:EE:A0
2025-12-29 16:57:15.400 | INFO     | A conectar a vizinho E0:D3:62:D6:EE:A0...
2025-12-29 16:57:15.400 | DEBUG    | BLEConnection criada para E0:D3:62:D6:EE:A0
2025-12-29 16:57:15.400 | INFO     | A conectar a E0:D3:62:D6:EE:A0...
2025-12-29 16:57:15.401 | INFO     | [OP-20251229_165650-0008] CONNECT_ATTEMPT | Local: A0:88:69:B6:F7:D2 | Remote: E0:D3:62:D6:EE:A0
2025-12-29 16:57:18.267 | INFO     | ✅ Conectado a E0:D3:62:D6:EE:A0
2025-12-29 16:57:18.269 | INFO     | [OP-20251229_165650-0009] CONNECT_SUCCESS | Remote: E0:D3:62:D6:EE:A0 | Time: 2863.14ms
2025-12-29 16:57:18.270 | DEBUG    | ✅ Conexão estabelecida. Operações GATT usarão D-Bus se necessário.
2025-12-29 16:57:18.271 | INFO     | Link criado: Link[E0:D3:62:D6:EE:A0] -> NODE NID=36b2627d... hop=1 (UPLINK)
2025-12-29 16:57:18.272 | INFO     | ✅ Uplink definido: Link[E0:D3:62:D6:EE:A0] -> NODE NID=36b2627d... hop=1
2025-12-29 16:57:18.273 | INFO     | ✅ Conectado a E0:D3:62:D6:EE:A0 e uplink estabelecido
2025-12-29 16:57:18.275 | DEBUG    | Vizinho E0:D3:62:D6:EE:A0 marcado como conectado
2025-12-29 16:57:32.306 | INFO     | [OP-20251229_165650-0010] WRITE_REQUEST | Remote: E0:D3:62:D6:EE:A0 | Char: 12340001-0000-1000-8000-00805f9b34fb | Data: 75 bytes | Hex: 9432cfd0ac354518bceccf50b186383f36b2627dec24467aa1fe67d9dbc798440105000000010000000000000000000000000000000000000000000000000000 | ASCII: .2...5E....P..8?6.b}.$Fz..g....D................................ [TRUNCATED]
2025-12-29 16:57:32.368 | DEBUG    | ✅ Write via SimpleBLE: 12340001-0000-1000-8000-00805f9b34fb (75 bytes)
2025-12-29 16:57:32.369 | INFO     | [OP-20251229_165650-0011] WRITE_SUCCESS | Remote: E0:D3:62:D6:EE:A0 | Char: 12340001-0000-1000-8000-00805f9b34fb
2025-12-29 16:57:37.712 | INFO     | A limpar recursos...
2025-12-29 16:57:37.715 | INFO     | A desconectar uplink E0:D3:62:D6:EE:A0...
2025-12-29 16:57:37.716 | INFO     | A desconectar do uplink E0:D3:62:D6:EE:A0
2025-12-29 16:57:39.979 | INFO     | Desconectado de E0:D3:62:D6:EE:A0
2025-12-29 16:57:39.980 | INFO     | [OP-20251229_165650-0012] DISCONNECT | Remote: E0:D3:62:D6:EE:A0 | Reason: normal
2025-12-29 16:57:39.985 | WARNING  | ⚠️  Uplink desconectado!
2025-12-29 16:57:39.986 | INFO     | Uplink removido
2025-12-29 16:57:39.988 | INFO     | ✅ Recursos limpos
