2026-01-04 16:42:51.290 | INFO     | BLE Operation Logger iniciado: ble_operations_E0D362D6EEA0_20260104_164251.log
2026-01-04 16:42:51.294 | INFO     | Scanner BLE iniciado: hci0 (E0:D3:62:D6:EE:A0)
2026-01-04 16:42:51.294 | INFO     | BLE Client iniciado
2026-01-04 16:42:51.295 | DEBUG    | FragmentReassembler inicializado
2026-01-04 16:42:51.295 | INFO     | ReplayProtection iniciado (window_size=100)
2026-01-04 16:42:51.295 | INFO     | 🔀 Router Daemon inicializado para NID=0abd8260...
2026-01-04 16:42:51.297 | DEBUG    | ✅ Send callback configurado
2026-01-04 16:42:51.299 | DEBUG    | ✅ Handler registado para MessageType(1)
2026-01-04 16:42:51.299 | DEBUG    | ✅ Handler registado para MessageType(2)
2026-01-04 16:42:51.300 | INFO     | IoT Node inicializado (adapter=hci0)
2026-01-04 16:42:51.301 | INFO     | ✅ Router Daemon integrado
2026-01-04 16:42:51.304 | INFO     | A configurar GATT Server...
2026-01-04 16:42:51.309 | INFO     | Application criada: /
2026-01-04 16:42:51.309 | INFO     | Service criado: /0 (UUID: 12340000-0000-1000-8000-00805f9b34fb, primary: True)
2026-01-04 16:42:51.310 | INFO     | A criar IoTNetworkService...
2026-01-04 16:42:51.313 | DEBUG    | Characteristic criada: /0/char0 (UUID: 12340001-0000-1000-8000-00805f9b34fb, flags: ['write', 'notify'])
2026-01-04 16:42:51.314 | INFO     | NetworkPacketCharacteristic criada
2026-01-04 16:42:51.314 | DEBUG    | Characteristic criada: /0/char1 (UUID: 12340002-0000-1000-8000-00805f9b34fb, flags: ['read'])
2026-01-04 16:42:51.315 | INFO     | DeviceInfoCharacteristic criada: NID=0abd8260..., type=node
2026-01-04 16:42:51.317 | DEBUG    | Characteristic criada: /0/char2 (UUID: 12340003-0000-1000-8000-00805f9b34fb, flags: ['read', 'notify'])
2026-01-04 16:42:51.318 | INFO     | NeighborTableCharacteristic criada
2026-01-04 16:42:51.320 | DEBUG    | Characteristic criada: /0/char3 (UUID: 12340004-0000-1000-8000-00805f9b34fb, flags: ['write', 'indicate'])
2026-01-04 16:42:51.320 | INFO     | AuthCharacteristic criada
2026-01-04 16:42:51.321 | DEBUG    | Characteristic adicionada a /0: /0/char0
2026-01-04 16:42:51.321 | DEBUG    | Characteristic adicionada a /0: /0/char1
2026-01-04 16:42:51.321 | DEBUG    | Characteristic adicionada a /0: /0/char2
2026-01-04 16:42:51.321 | DEBUG    | Characteristic adicionada a /0: /0/char3
2026-01-04 16:42:51.321 | INFO     | ✅ IoTNetworkService criado com sucesso!
2026-01-04 16:42:51.322 | INFO     | Service adicionado à aplicação: /0
2026-01-04 16:42:51.324 | DEBUG    | Packet callback definido
2026-01-04 16:42:51.324 | DEBUG    | Auth callback definido
2026-01-04 16:42:51.324 | INFO     | Advertisement criado: /org/bluez/iot/advertisement0 (type: peripheral)
2026-01-04 16:42:51.325 | INFO     | ✅ Service UUID adicionado ao advertising: 12340000-0000-1000-8000-00805f9b34fb
2026-01-04 16:42:51.325 | INFO     |    Lista atual de UUIDs: ['12340000-0000-1000-8000-00805f9b34fb']
2026-01-04 16:42:51.326 | DEBUG    | Local name definido: IoT-Node-0abd8260
2026-01-04 16:42:51.326 | DEBUG    | Manufacturer data adicionado: ID=65535
2026-01-04 16:42:51.326 | INFO     | 🔄 Advertising contínuo configurado (duration=0)
2026-01-04 16:42:51.326 | INFO     | ✅ GATT Server configurado
2026-01-04 16:42:51.328 | INFO     | A iniciar GATT Server...
2026-01-04 16:42:51.337 | DEBUG    | GetManagedObjects called
2026-01-04 16:42:51.337 | INFO     | ✅ GATT Server iniciado em thread separada
2026-01-04 16:42:51.339 | DEBUG    | GetManagedObjects returning 5 objects
2026-01-04 16:42:51.339 | INFO     | ✅ Node Device iniciado - CLI interativo pronto
2026-01-04 16:42:51.416 | INFO     | ✅ GATT application registada!
2026-01-04 16:42:51.417 | DEBUG    | GetAll called on /org/bluez/iot/advertisement0
2026-01-04 16:42:51.417 | INFO     | 📡 Advertising com ServiceUUIDs: ['12340000-0000-1000-8000-00805f9b34fb']
2026-01-04 16:42:51.517 | INFO     | ✅ Advertisement registado!
2026-01-04 16:42:57.989 | INFO     | A fazer scan BLE durante 5000ms...
2026-01-04 16:42:57.990 | INFO     | [OP-20260104_164251-0001] SCAN_START | Duration: 5000ms | Filter_IoT: True
2026-01-04 16:43:03.097 | INFO     | Scan concluído: 0 dispositivos encontrados
2026-01-04 16:43:03.099 | INFO     | [OP-20260104_164251-0002] SCAN_RESULT | Devices_Found: 0
2026-01-04 16:43:03.100 | INFO     | A fazer scan BLE durante 5000ms...
2026-01-04 16:43:03.102 | INFO     | [OP-20260104_164251-0003] SCAN_START | Duration: 5000ms | Filter_IoT: True
2026-01-04 16:43:08.128 | DEBUG    |   Encontrado: IoT-Node-a40543fa (58:00:E3:66:74:7C) RSSI: -60 dBm
2026-01-04 16:43:08.131 | DEBUG    |   Encontrado: IoT-Sink-4e127252 (E0:D3:62:D7:47:03) RSSI: -44 dBm
2026-01-04 16:43:08.132 | INFO     | Scan concluído: 2 dispositivos encontrados
2026-01-04 16:43:08.133 | INFO     | [OP-20260104_164251-0004] SCAN_RESULT | Devices_Found: 2
2026-01-04 16:43:08.134 | DEBUG    | [OP-20260104_164251-0004]   Device_1: Name: IoT-Node-a40543fa | Address: 58:00:E3:66:74:7C | RSSI: -60 dBm | Services: 1
2026-01-04 16:43:08.135 | DEBUG    | [OP-20260104_164251-0004]   Device_2: Name: IoT-Sink-4e127252 | Address: E0:D3:62:D7:47:03 | RSSI: -44 dBm | Services: 1
2026-01-04 16:43:13.391 | INFO     | A conectar ao Sink E0:D3:62:D7:47:03...
2026-01-04 16:43:13.394 | DEBUG    | BLEConnection criada para E0:D3:62:D7:47:03
2026-01-04 16:43:13.394 | INFO     | A conectar a E0:D3:62:D7:47:03...
2026-01-04 16:43:13.397 | INFO     | [OP-20260104_164251-0005] CONNECT_ATTEMPT | Local: E0:D3:62:D6:EE:A0 | Remote: E0:D3:62:D7:47:03
2026-01-04 16:43:17.268 | INFO     | ✅ Conectado a E0:D3:62:D7:47:03
2026-01-04 16:43:17.269 | INFO     | [OP-20260104_164251-0006] CONNECT_SUCCESS | Remote: E0:D3:62:D7:47:03 | Time: 3867.94ms
2026-01-04 16:43:17.270 | DEBUG    | ✅ Conexão estabelecida. Operações GATT usarão D-Bus se necessário.
2026-01-04 16:43:17.271 | INFO     | ✅ Conectado ao Sink via GATT
2026-01-04 16:43:17.275 | DEBUG    | Descobertos 4 serviços
2026-01-04 16:43:17.279 | DEBUG    | Serviço 12340000-0000-1000-8000-00805f9b34fb encontrado
2026-01-04 16:43:17.280 | INFO     | ✅ Serviço IoT Network encontrado
2026-01-04 16:43:17.281 | DEBUG    | 🔄 Timestamp de heartbeat resetado para nova conexão
2026-01-04 16:43:17.282 | INFO     | A subscrever a notificações...
2026-01-04 16:43:17.711 | INFO     | ✅ Subscrito a notificações: 12340001-0000-1000-8000-00805f9b34fb
2026-01-04 16:43:17.712 | INFO     | [OP-20260104_164251-0007] SUBSCRIBE_SUCCESS | Remote: E0:D3:62:D7:47:03 | Char: 12340001-0000-1000-8000-00805f9b34fb
2026-01-04 16:43:17.713 | INFO     | ✅ Subscrito a NETWORK_PACKET
2026-01-04 16:43:17.715 | DEBUG    | [OP-20260104_164251-0008] READ_REQUEST | Remote: E0:D3:62:D7:47:03 | Service: 12340000-0000-1000-8000-00805f9b34fb | Char: 12340002-0000-1000-8000-00805f9b34fb
2026-01-04 16:43:17.800 | DEBUG    | Read 12340002-0000-1000-8000-00805f9b34fb: 18 bytes
2026-01-04 16:43:17.801 | INFO     | [OP-20260104_164251-0009] READ_RESPONSE | Remote: E0:D3:62:D7:47:03 | Char: 12340002-0000-1000-8000-00805f9b34fb | Data: 18 bytes | Hex: 4e127252bd1a4c50860cf05dce3e7b17ff01 | ASCII: N.rR..LP...].>{...
2026-01-04 16:43:17.802 | INFO     | ✅ Conectado ao Sink - hop_count=0
2026-01-04 16:43:17.804 | INFO     | 🔐 A iniciar autenticação com Sink...
2026-01-04 16:43:17.804 | DEBUG    | 📡 A subscrever a AUTH characteristic...
2026-01-04 16:43:17.890 | INFO     | ✅ Subscrito a notificações: 12340004-0000-1000-8000-00805f9b34fb
2026-01-04 16:43:17.891 | INFO     | [OP-20260104_164251-0010] SUBSCRIBE_SUCCESS | Remote: E0:D3:62:D7:47:03 | Char: 12340004-0000-1000-8000-00805f9b34fb
2026-01-04 16:43:17.892 | DEBUG    | ✅ Subscrito a AUTH indications
2026-01-04 16:43:17.892 | INFO     | AuthenticationProtocol inicializado para 0abd8260...
2026-01-04 16:43:17.893 | INFO     | 📤 Enviando certificado...
2026-01-04 16:43:17.893 | INFO     | 🔐 Iniciando autenticação - enviando certificado...
2026-01-04 16:43:17.894 | INFO     |    Certificado: 887 bytes
2026-01-04 16:43:17.895 | DEBUG    |    Estado: IDLE → CERT_SENT
2026-01-04 16:43:17.895 | INFO     | Fragmentando mensagem de 890 bytes em 5 fragmentos
2026-01-04 16:43:17.896 | DEBUG    |   Fragmento 1/5: 180 bytes, flags=0x01
2026-01-04 16:43:17.896 | DEBUG    |   Fragmento 2/5: 180 bytes, flags=0x00
2026-01-04 16:43:17.896 | DEBUG    |   Fragmento 3/5: 180 bytes, flags=0x00
2026-01-04 16:43:17.897 | DEBUG    |   Fragmento 4/5: 180 bytes, flags=0x00
2026-01-04 16:43:17.897 | DEBUG    |   Fragmento 5/5: 170 bytes, flags=0x02
2026-01-04 16:43:17.897 | DEBUG    | Enviando mensagem auth: 890 bytes em 5 fragmento(s)
2026-01-04 16:43:17.899 | INFO     | [OP-20260104_164251-0011] WRITE_REQUEST | Remote: E0:D3:62:D7:47:03 | Char: 12340004-0000-1000-8000-00805f9b34fb | Data: 183 bytes | Hex: 0100050103772d2d2d2d2d424547494e2043455254494649434154452d2d2d2d2d0a4d4949435954434341634b674177494241674955425269314a556f385272 | ASCII: .....w-----BEGIN CERTIFICATE-----.MIICYTCCAcKgAwIBAgIUBRi1JUo8Rr [TRUNCATED]
2026-01-04 16:43:17.980 | DEBUG    | ✅ Write via SimpleBLE: 12340004-0000-1000-8000-00805f9b34fb (183 bytes)
2026-01-04 16:43:17.980 | INFO     | [OP-20260104_164251-0012] WRITE_SUCCESS | Remote: E0:D3:62:D7:47:03 | Char: 12340004-0000-1000-8000-00805f9b34fb
2026-01-04 16:43:17.981 | DEBUG    |   Fragmento 1/5 enviado
2026-01-04 16:43:18.082 | INFO     | [OP-20260104_164251-0013] WRITE_REQUEST | Remote: E0:D3:62:D7:47:03 | Char: 12340004-0000-1000-8000-00805f9b34fb | Data: 183 bytes | Hex: 0001054d446b6c765643424f5a58523362334a7249454e424d423458445449324d4445774e4441774e5463784e566f580a44544d324d4445774d6a41774e5463 | ASCII: ...MDklvVCBOZXR3b3JrIENBMB4XDTI2MDEwNDAwNTcxNVoX.DTM2MDEwMjAwNTc [TRUNCATED]
2026-01-04 16:43:18.159 | DEBUG    | ✅ Write via SimpleBLE: 12340004-0000-1000-8000-00805f9b34fb (183 bytes)
2026-01-04 16:43:18.160 | INFO     | [OP-20260104_164251-0014] WRITE_SUCCESS | Remote: E0:D3:62:D7:47:03 | Char: 12340004-0000-1000-8000-00805f9b34fb
2026-01-04 16:43:18.160 | DEBUG    |   Fragmento 2/5 enviado
2026-01-04 16:43:18.262 | INFO     | [OP-20260104_164251-0015] WRITE_REQUEST | Remote: E0:D3:62:D7:47:03 | Char: 12340004-0000-1000-8000-00805f9b34fb | Data: 183 bytes | Hex: 000205675a7377454159484b6f5a497a6a3043415159464b34454541434d44675959414241415a47726f48704c3249416f6e354f56414d2f534c41433941790a | ASCII: ...gZswEAYHKoZIzj0CAQYFK4EEACMDgYYABAAZGroHpL2IAon5OVAM/SLAC9Ay. [TRUNCATED]
2026-01-04 16:43:18.339 | DEBUG    | ✅ Write via SimpleBLE: 12340004-0000-1000-8000-00805f9b34fb (183 bytes)
2026-01-04 16:43:18.340 | INFO     | [OP-20260104_164251-0016] WRITE_SUCCESS | Remote: E0:D3:62:D7:47:03 | Char: 12340004-0000-1000-8000-00805f9b34fb
2026-01-04 16:43:18.341 | DEBUG    |   Fragmento 3/5 enviado
2026-01-04 16:43:18.442 | INFO     | [OP-20260104_164251-0017] WRITE_REQUEST | Remote: E0:D3:62:D7:47:03 | Char: 12340004-0000-1000-8000-00805f9b34fb | Data: 183 bytes | Hex: 000305594d574c6568665250740a4e64354f775453414a4e694f3069637059514f355a614d344d44597744415944565230544151482f424149774144414f4267 | ASCII: ...YMWLehfRPt.Nd5OwTSAJNiO0icpYQO5ZaM4MDYwDAYDVR0TAQH/BAIwADAOBg [TRUNCATED]
2026-01-04 16:43:18.519 | DEBUG    | ✅ Write via SimpleBLE: 12340004-0000-1000-8000-00805f9b34fb (183 bytes)
2026-01-04 16:43:18.519 | INFO     | [OP-20260104_164251-0018] WRITE_SUCCESS | Remote: E0:D3:62:D7:47:03 | Char: 12340004-0000-1000-8000-00805f9b34fb
2026-01-04 16:43:18.520 | DEBUG    |   Fragmento 4/5 enviado
2026-01-04 16:43:18.622 | INFO     | [OP-20260104_164251-0019] WRITE_REQUEST | Remote: E0:D3:62:D7:47:03 | Char: 12340004-0000-1000-8000-00805f9b34fb | Data: 173 bytes | Hex: 020405653836677866637859446f747047433179376761726a6850680a547133775375714333506b30754371454b3853702f5345435167456a385939726a546f | ASCII: ...e86gxfcxYDotpGC1y7garjhPh.Tq3wSuqC3Pk0uCqEK8Sp/SECQgEj8Y9rjTo [TRUNCATED]
2026-01-04 16:43:18.745 | DEBUG    | ✅ Write via SimpleBLE: 12340004-0000-1000-8000-00805f9b34fb (173 bytes)
2026-01-04 16:43:18.745 | INFO     | [OP-20260104_164251-0020] WRITE_SUCCESS | Remote: E0:D3:62:D7:47:03 | Char: 12340004-0000-1000-8000-00805f9b34fb
2026-01-04 16:43:18.746 | DEBUG    |   Fragmento 5/5 enviado
2026-01-04 16:43:18.746 | INFO     | [OP-20260104_164251-0021] NOTIFICATION | Remote: E0:D3:62:D7:47:03 | Char: 12340004-0000-1000-8000-00805f9b34fb | Data: 183 bytes | Hex: 0100060203b00000038c2d2d2d2d2d424547494e2043455254494649434154452d2d2d2d2d0a4d494943634443434164476741774942416749554847374f5a74 | ASCII: ..........-----BEGIN CERTIFICATE-----.MIICcDCCAdGgAwIBAgIUHG7OZt [TRUNCATED]
2026-01-04 16:43:18.747 | DEBUG    | 🔐 AUTH indication recebida: 183 bytes
2026-01-04 16:43:18.747 | DEBUG    | Fragmento recebido: seq=0, total=6, payload=180 bytes, flags=0x01
2026-01-04 16:43:18.748 | INFO     | Iniciando recepção de 6 fragmentos
2026-01-04 16:43:18.748 | DEBUG    | Fragmento 1/6 armazenado (1 de 6 recebidos)
2026-01-04 16:43:18.748 | DEBUG    | 🔐 Aguardando mais fragmentos AUTH...
2026-01-04 16:43:18.835 | INFO     | [OP-20260104_164251-0022] NOTIFICATION | Remote: E0:D3:62:D7:47:03 | Char: 12340004-0000-1000-8000-00805f9b34fb | Data: 183 bytes | Hex: 0001065642414d4d446b6c765643424f5a58523362334a7249454e424d423458445449324d4445774e4441774e44517a4e466f580a44544d324d4445774d6a41 | ASCII: ...VBAMMDklvVCBOZXR3b3JrIENBMB4XDTI2MDEwNDAwNDQzNFoX.DTM2MDEwMjA [TRUNCATED]
2026-01-04 16:43:18.836 | DEBUG    | 🔐 AUTH indication recebida: 183 bytes
2026-01-04 16:43:18.836 | DEBUG    | Fragmento recebido: seq=1, total=6, payload=180 bytes, flags=0x00
2026-01-04 16:43:18.837 | DEBUG    | Fragmento 2/6 armazenado (2 de 6 recebidos)
2026-01-04 16:43:18.837 | DEBUG    | 🔐 Aguardando mais fragmentos AUTH...
2026-01-04 16:43:18.847 | DEBUG    | Autenticação round 1/10
2026-01-04 16:43:18.927 | INFO     | [OP-20260104_164251-0023] NOTIFICATION | Remote: E0:D3:62:D7:47:03 | Char: 12340004-0000-1000-8000-00805f9b34fb | Data: 183 bytes | Hex: 0002064d5463784454414c42674e564241734d42464e70626d7377675a7377454159484b6f5a497a6a3043415159464b34454541434d44675959414241416965 | ASCII: ...MTcxDTALBgNVBAsMBFNpbmswgZswEAYHKoZIzj0CAQYFK4EEACMDgYYABAAie [TRUNCATED]
2026-01-04 16:43:18.928 | DEBUG    | 🔐 AUTH indication recebida: 183 bytes
2026-01-04 16:43:18.928 | DEBUG    | Fragmento recebido: seq=2, total=6, payload=180 bytes, flags=0x00
2026-01-04 16:43:18.928 | DEBUG    | Fragmento 3/6 armazenado (3 de 6 recebidos)
2026-01-04 16:43:18.929 | DEBUG    | 🔐 Aguardando mais fragmentos AUTH...
2026-01-04 16:43:19.017 | INFO     | [OP-20260104_164251-0024] NOTIFICATION | Remote: E0:D3:62:D7:47:03 | Char: 12340004-0000-1000-8000-00805f9b34fb | Data: 183 bytes | Hex: 000306744e5338774d764f4b683338524e0a68474a6a584d4c4678794e3148747658795a6a6b546f6e452f454b6d542f4f2f676e544b3246515946364d344d44 | ASCII: ...tNS8wMvOKh38RN.hGJjXMLFxyN1HtvXyZjkTonE/EKmT/O/gnTK2FQYF6M4MD [TRUNCATED]
2026-01-04 16:43:19.018 | DEBUG    | 🔐 AUTH indication recebida: 183 bytes
2026-01-04 16:43:19.018 | DEBUG    | Fragmento recebido: seq=3, total=6, payload=180 bytes, flags=0x00
2026-01-04 16:43:19.018 | DEBUG    | Fragmento 4/6 armazenado (4 de 6 recebidos)
2026-01-04 16:43:19.018 | DEBUG    | 🔐 Aguardando mais fragmentos AUTH...
2026-01-04 16:43:19.107 | INFO     | [OP-20260104_164251-0025] NOTIFICATION | Remote: E0:D3:62:D7:47:03 | Char: 12340004-0000-1000-8000-00805f9b34fb | Data: 183 bytes | Hex: 0004067147634b4e4f617968672f445975705336566f6269315549565972784e0a6b5258466b4e49746558616456426f6d324b326a397350446f307978766142 | ASCII: ...qGcKNOayhg/DYupS6Vobi1UIVYrxN.kRXFkNIteXadVBom2K2j9sPDo0yxvaB [TRUNCATED]
2026-01-04 16:43:19.108 | DEBUG    | 🔐 AUTH indication recebida: 183 bytes
2026-01-04 16:43:19.108 | DEBUG    | Fragmento recebido: seq=4, total=6, payload=180 bytes, flags=0x00
2026-01-04 16:43:19.109 | DEBUG    | Fragmento 5/6 armazenado (5 de 6 recebidos)
2026-01-04 16:43:19.109 | DEBUG    | 🔐 Aguardando mais fragmentos AUTH...
2026-01-04 16:43:19.195 | INFO     | [OP-20260104_164251-0026] NOTIFICATION | Remote: E0:D3:62:D7:47:03 | Char: 12340004-0000-1000-8000-00805f9b34fb | Data: 50 bytes | Hex: 0205065254494649434154452d2d2d2d2d0a9899786dd350f6fec1053a19addb71742704c83a4a0f7b92379dc84fb0971f7c | ASCII: ...RTIFICATE-----...xm.P....:...qt'..:J.{.7..O...|
2026-01-04 16:43:19.196 | DEBUG    | 🔐 AUTH indication recebida: 50 bytes
2026-01-04 16:43:19.196 | DEBUG    | Fragmento recebido: seq=5, total=6, payload=47 bytes, flags=0x02
2026-01-04 16:43:19.196 | DEBUG    | Fragmento 6/6 armazenado (6 de 6 recebidos)
2026-01-04 16:43:19.196 | INFO     | ✅ Mensagem reconstruída: 947 bytes (6 fragmentos)
2026-01-04 16:43:19.196 | DEBUG    | FragmentReassembler resetado
2026-01-04 16:43:19.196 | DEBUG    | 🔐 AUTH mensagem completa: 947 bytes
2026-01-04 16:43:19.347 | DEBUG    | Resposta auth lida do buffer: 947 bytes
2026-01-04 16:43:19.348 | DEBUG    | 📨 Recebido: AuthMessage(type=CHALLENGE, payload=944 bytes)
2026-01-04 16:43:19.349 | INFO     | 🎲 Challenge recebido - processando certificado + challenge...
2026-01-04 16:43:19.350 | INFO     | 📜 Extraindo certificado do peer do payload...
2026-01-04 16:43:19.361 | DEBUG    | ✅ Assinatura da CA válida
2026-01-04 16:43:19.362 | DEBUG    | ✅ Certificado válido temporalmente (expira em 2036-01-02 00:44:34+00:00)
2026-01-04 16:43:19.363 | INFO     | ✅ Certificado validado com sucesso
2026-01-04 16:43:19.367 | INFO     | ✅ Certificado do peer validado!
2026-01-04 16:43:19.367 | INFO     |    Peer NID: 4e127252...
2026-01-04 16:43:19.368 | INFO     |    Peer tipo: SINK
2026-01-04 16:43:19.368 | DEBUG    |    Challenge: 9899786dd350f6fec1053a19addb7174...
2026-01-04 16:43:19.368 | INFO     | ✍️  Assinando dados:
2026-01-04 16:43:19.369 | INFO     |    Data: 32 bytes | 9899786dd350f6fec1053a19addb71742704c83a4a0f7b92379dc84fb0971f7c...
2026-01-04 16:43:19.374 | INFO     |    Signature: 137 bytes | 3081860241182b6a1f513c4bc3377f29f95dc0e34d3db70c06cfcda0718a52ae...
2026-01-04 16:43:19.375 | INFO     | ✍️  Response gerada: 137 bytes
2026-01-04 16:43:19.376 | DEBUG    |    Estado: CHALLENGE_RECEIVED
2026-01-04 16:43:19.377 | DEBUG    | 📤 Enviando resposta (140 bytes)
2026-01-04 16:43:19.377 | DEBUG    | Mensagem pequena (140 bytes), 1 fragmento
2026-01-04 16:43:19.378 | DEBUG    | Enviando mensagem auth: 140 bytes em 1 fragmento(s)
2026-01-04 16:43:19.379 | INFO     | [OP-20260104_164251-0027] WRITE_REQUEST | Remote: E0:D3:62:D7:47:03 | Char: 12340004-0000-1000-8000-00805f9b34fb | Data: 143 bytes | Hex: 0300010300893081860241182b6a1f513c4bc3377f29f95dc0e34d3db70c06cfcda0718a52aeca73bd704822ac8fadd3538fdc4489736661fc9a3e515a975374 | ASCII: ......0...A.+j.Q<K.7.).]..M=......q.R..s.pH"....S..D.sfa..>QZ.St [TRUNCATED]
2026-01-04 16:43:19.464 | DEBUG    | ✅ Write via SimpleBLE: 12340004-0000-1000-8000-00805f9b34fb (143 bytes)
2026-01-04 16:43:19.465 | INFO     | [OP-20260104_164251-0028] WRITE_SUCCESS | Remote: E0:D3:62:D7:47:03 | Char: 12340004-0000-1000-8000-00805f9b34fb
2026-01-04 16:43:19.466 | DEBUG    |   Fragmento 1/1 enviado
2026-01-04 16:43:19.466 | DEBUG    | Autenticação round 2/10
2026-01-04 16:43:19.465 | INFO     | [OP-20260104_164251-0029] NOTIFICATION | Remote: E0:D3:62:D7:47:03 | Char: 12340004-0000-1000-8000-00805f9b34fb | Data: 6 bytes | Hex: 030001040000 | ASCII: ......
2026-01-04 16:43:19.466 | DEBUG    | 🔐 AUTH indication recebida: 6 bytes
2026-01-04 16:43:19.466 | DEBUG    | Fragmento recebido: seq=0, total=1, payload=3 bytes, flags=0x03
2026-01-04 16:43:19.467 | INFO     | Iniciando recepção de 1 fragmentos
2026-01-04 16:43:19.467 | DEBUG    | Fragmento 1/1 armazenado (1 de 1 recebidos)
2026-01-04 16:43:19.467 | INFO     | ✅ Mensagem reconstruída: 3 bytes (1 fragmentos)
2026-01-04 16:43:19.467 | DEBUG    | FragmentReassembler resetado
2026-01-04 16:43:19.468 | DEBUG    | 🔐 AUTH mensagem completa: 3 bytes
2026-01-04 16:43:19.966 | DEBUG    | Resposta auth lida do buffer: 3 bytes
2026-01-04 16:43:19.967 | DEBUG    | 📨 Recebido: AuthMessage(type=AUTH_SUCCESS, payload=0 bytes)
2026-01-04 16:43:19.967 | INFO     | ✅ Peer confirmou autenticação bem sucedida!
2026-01-04 16:43:19.968 | INFO     | ✅ Autenticação bem-sucedida!
2026-01-04 16:43:19.972 | DEBUG    | 🔑 Session key derivada: 32 bytes
2026-01-04 16:43:19.972 | INFO     | 🔑 Session key estabelecida
2026-01-04 16:43:19.975 | DEBUG    | 🔑 Session key configurada para porta uplink
2026-01-04 16:43:19.975 | INFO     | 🔀 Session key configurada no Router Daemon
2026-01-04 16:43:19.977 | INFO     | ✅ Certificado do Sink armazenado para verificação de heartbeats
2026-01-04 16:43:19.978 | INFO     | DTLSChannel criado (client) com certificado node_0abd8260_cert.pem
2026-01-04 16:43:19.979 | INFO     | Iniciando handshake DTLS...
2026-01-04 16:43:19.980 | WARNING  | DTLS não disponível - operando em modo stub
2026-01-04 16:43:19.982 | INFO     | ✅ Canal DTLS (stub) estabelecido
2026-01-04 16:43:19.986 | INFO     | 🔐 Canal DTLS end-to-end estabelecido com Sink
2026-01-04 16:43:19.987 | INFO     | 🔑 Chave de encriptação end-to-end derivada (AES-256-GCM)
2026-01-04 16:43:19.987 | INFO     | 🔑 Chave de encriptação end-to-end derivada
2026-01-04 16:43:19.987 | DEBUG    | 🔄 Re-registando advertising após conexão uplink...
2026-01-04 16:43:19.996 | DEBUG    | GetAll called on /org/bluez/iot/advertisement0
2026-01-04 16:43:19.996 | INFO     | 📡 Advertising com ServiceUUIDs: ['12340000-0000-1000-8000-00805f9b34fb']
2026-01-04 16:43:20.005 | INFO     | 🔄 Advertising re-registado após conexão uplink
2026-01-04 16:43:20.547 | INFO     | [OP-20260104_164251-0030] NOTIFICATION | Remote: E0:D3:62:D7:47:03 | Char: 12340001-0000-1000-8000-00805f9b34fb | Data: 236 bytes | Hex: 4e127252bd1a4c50860cf05dce3e7b174e127252bd1a4c50860cf05dce3e7b17020100000005d603dd4a962c2e90766f8562cac53033ad6f63a408aff86256f1 | ASCII: N.rR..LP...].>{.N.rR..LP...].>{..........J.,..vo.b..03.oc....bV. [TRUNCATED]
2026-01-04 16:43:20.548 | DEBUG    | 📥 Pacote recebido de uplink: 4e127252... → 4e127252... (type=MessageType(2), ttl=1)
2026-01-04 16:43:20.549 | DEBUG    | Novo source 4e127252...: seq=5 (primeiro pacote)
2026-01-04 16:43:20.549 | DEBUG    | Learning new route: 4e127252... → uplink
2026-01-04 16:43:20.550 | DEBUG    | 📚 Aprendido: 4e127252... → uplink
2026-01-04 16:43:20.550 | INFO     | 📨 Entregando localmente: 4e127252... → 4e127252... (type=MessageType(2), 166 bytes)
2026-01-04 16:43:20.551 | DEBUG    | Novo source 4e127252...: seq=5 (primeiro pacote)
2026-01-04 16:43:20.552 | DEBUG    | 🔍 Verificando assinatura: sig_len=138, signature_raw_len=138
2026-01-04 16:43:20.552 | INFO     | 💓 Verificando heartbeat:
2026-01-04 16:43:20.553 | INFO     |    Sink NID: 4e127252bd1a4c50860cf05dce3e7b17
2026-01-04 16:43:20.554 | INFO     |    Timestamp: 1767545000.4503748
2026-01-04 16:43:20.556 | INFO     |    Data to verify: 4e127252bd1a4c50860cf05dce3e7b1741da56a62a1cd2f1
2026-01-04 16:43:20.558 | INFO     | 🔍 Verificando assinatura:
2026-01-04 16:43:20.559 | INFO     |    Data: 24 bytes | 4e127252bd1a4c50860cf05dce3e7b1741da56a62a1cd2f1...
2026-01-04 16:43:20.560 | INFO     |    Signature: 138 bytes | 308187024201e57682750cc49fe46816c89274a7ae603d4402ad19a4aa819a6d...
2026-01-04 16:43:20.566 | INFO     | ✅ Assinatura verificada com sucesso!
2026-01-04 16:43:20.568 | DEBUG    | ✅ Assinatura de heartbeat válida
2026-01-04 16:43:20.569 | DEBUG    | 💓 Heartbeat recebido (seq=5, age=0.12s)
2026-01-04 16:43:25.587 | INFO     | [OP-20260104_164251-0031] NOTIFICATION | Remote: E0:D3:62:D7:47:03 | Char: 12340001-0000-1000-8000-00805f9b34fb | Data: 236 bytes | Hex: 4e127252bd1a4c50860cf05dce3e7b174e127252bd1a4c50860cf05dce3e7b170201000000066ee16f6d924a62162cd75206f3736ba9e632de04a796c2c18363 | ASCII: N.rR..LP...].>{.N.rR..LP...].>{.......n.om.Jb.,.R..sk..2.......c [TRUNCATED]
2026-01-04 16:43:25.588 | DEBUG    | 📥 Pacote recebido de uplink: 4e127252... → 4e127252... (type=MessageType(2), ttl=1)
2026-01-04 16:43:25.588 | DEBUG    | Source 4e127252...: seq=6 (novo highest, window: 2 seqs)
2026-01-04 16:43:25.589 | DEBUG    | 📚 Aprendido: 4e127252... → uplink
2026-01-04 16:43:25.589 | INFO     | 📨 Entregando localmente: 4e127252... → 4e127252... (type=MessageType(2), 166 bytes)
2026-01-04 16:43:25.590 | DEBUG    | Source 4e127252...: seq=6 (novo highest, window: 2 seqs)
2026-01-04 16:43:25.591 | DEBUG    | 🔍 Verificando assinatura: sig_len=139, signature_raw_len=139
2026-01-04 16:43:25.591 | INFO     | 💓 Verificando heartbeat:
2026-01-04 16:43:25.592 | INFO     |    Sink NID: 4e127252bd1a4c50860cf05dce3e7b17
2026-01-04 16:43:25.593 | INFO     |    Timestamp: 1767545005.4548051
2026-01-04 16:43:25.595 | INFO     |    Data to verify: 4e127252bd1a4c50860cf05dce3e7b1741da56a62b5d1b87
2026-01-04 16:43:25.596 | INFO     | 🔍 Verificando assinatura:
2026-01-04 16:43:25.597 | INFO     |    Data: 24 bytes | 4e127252bd1a4c50860cf05dce3e7b1741da56a62b5d1b87...
2026-01-04 16:43:25.598 | INFO     |    Signature: 139 bytes | 308188024200a56a0c78a0372b7db1eae2b71737c600ba599bf3b7c6ba3ac242...
2026-01-04 16:43:25.603 | INFO     | ✅ Assinatura verificada com sucesso!
2026-01-04 16:43:25.604 | DEBUG    | ✅ Assinatura de heartbeat válida
2026-01-04 16:43:25.604 | DEBUG    | 💓 Heartbeat recebido (seq=6, age=0.15s)
2026-01-04 16:43:30.582 | INFO     | [OP-20260104_164251-0032] NOTIFICATION | Remote: E0:D3:62:D7:47:03 | Char: 12340001-0000-1000-8000-00805f9b34fb | Data: 236 bytes | Hex: 4e127252bd1a4c50860cf05dce3e7b174e127252bd1a4c50860cf05dce3e7b170201000000074eeaa3c8c3c09956ea902515b69e0d32fbccb28a73c38942888a | ASCII: N.rR..LP...].>{.N.rR..LP...].>{.......N......V..%....2....s..B.. [TRUNCATED]
2026-01-04 16:43:30.583 | DEBUG    | 📥 Pacote recebido de uplink: 4e127252... → 4e127252... (type=MessageType(2), ttl=1)
2026-01-04 16:43:30.583 | DEBUG    | Source 4e127252...: seq=7 (novo highest, window: 3 seqs)
2026-01-04 16:43:30.584 | DEBUG    | 📚 Aprendido: 4e127252... → uplink
2026-01-04 16:43:30.584 | INFO     | 📨 Entregando localmente: 4e127252... → 4e127252... (type=MessageType(2), 166 bytes)
2026-01-04 16:43:30.585 | DEBUG    | Source 4e127252...: seq=7 (novo highest, window: 3 seqs)
2026-01-04 16:43:30.586 | DEBUG    | 🔍 Verificando assinatura: sig_len=138, signature_raw_len=138
2026-01-04 16:43:30.586 | INFO     | 💓 Verificando heartbeat:
2026-01-04 16:43:30.587 | INFO     |    Sink NID: 4e127252bd1a4c50860cf05dce3e7b17
2026-01-04 16:43:30.588 | INFO     |    Timestamp: 1767545010.4503894
2026-01-04 16:43:30.589 | INFO     |    Data to verify: 4e127252bd1a4c50860cf05dce3e7b1741da56a62c9cd32e
2026-01-04 16:43:30.591 | INFO     | 🔍 Verificando assinatura:
2026-01-04 16:43:30.593 | INFO     |    Data: 24 bytes | 4e127252bd1a4c50860cf05dce3e7b1741da56a62c9cd32e...
2026-01-04 16:43:30.594 | INFO     |    Signature: 138 bytes | 30818702413f2b2c066ad7357632f2c46a2103258bfbc49d582ee2a653d63a04...
2026-01-04 16:43:30.599 | INFO     | ✅ Assinatura verificada com sucesso!
2026-01-04 16:43:30.600 | DEBUG    | ✅ Assinatura de heartbeat válida
2026-01-04 16:43:30.600 | DEBUG    | 💓 Heartbeat recebido (seq=7, age=0.15s)
2026-01-04 16:43:35.577 | INFO     | [OP-20260104_164251-0033] NOTIFICATION | Remote: E0:D3:62:D7:47:03 | Char: 12340001-0000-1000-8000-00805f9b34fb | Data: 236 bytes | Hex: 4e127252bd1a4c50860cf05dce3e7b174e127252bd1a4c50860cf05dce3e7b1702010000000894c9cb1406edb55f3baa2ec91e0a6afa2c5681df528812249b29 | ASCII: N.rR..LP...].>{.N.rR..LP...].>{.............._;.....j.,V..R..$.) [TRUNCATED]
2026-01-04 16:43:35.578 | DEBUG    | 📥 Pacote recebido de uplink: 4e127252... → 4e127252... (type=MessageType(2), ttl=1)
2026-01-04 16:43:35.579 | DEBUG    | Source 4e127252...: seq=8 (novo highest, window: 4 seqs)
2026-01-04 16:43:35.579 | DEBUG    | 📚 Aprendido: 4e127252... → uplink
2026-01-04 16:43:35.580 | INFO     | 📨 Entregando localmente: 4e127252... → 4e127252... (type=MessageType(2), 166 bytes)
2026-01-04 16:43:35.581 | DEBUG    | Source 4e127252...: seq=8 (novo highest, window: 4 seqs)
2026-01-04 16:43:35.581 | DEBUG    | 🔍 Verificando assinatura: sig_len=137, signature_raw_len=137
2026-01-04 16:43:35.582 | INFO     | 💓 Verificando heartbeat:
2026-01-04 16:43:35.583 | INFO     |    Sink NID: 4e127252bd1a4c50860cf05dce3e7b17
2026-01-04 16:43:35.584 | INFO     |    Timestamp: 1767545015.4504132
2026-01-04 16:43:35.586 | INFO     |    Data to verify: 4e127252bd1a4c50860cf05dce3e7b1741da56a62ddcd392
2026-01-04 16:43:35.588 | INFO     | 🔍 Verificando assinatura:
2026-01-04 16:43:35.591 | INFO     |    Data: 24 bytes | 4e127252bd1a4c50860cf05dce3e7b1741da56a62ddcd392...
2026-01-04 16:43:35.592 | INFO     |    Signature: 137 bytes | 30818602415cd807b6f6088ebf6173c411b4562bf7719de9a15b8ae78921259f...
2026-01-04 16:43:35.596 | INFO     | ✅ Assinatura verificada com sucesso!
2026-01-04 16:43:35.597 | DEBUG    | ✅ Assinatura de heartbeat válida
2026-01-04 16:43:35.597 | DEBUG    | 💓 Heartbeat recebido (seq=8, age=0.15s)
2026-01-04 16:43:40.571 | INFO     | [OP-20260104_164251-0034] NOTIFICATION | Remote: E0:D3:62:D7:47:03 | Char: 12340001-0000-1000-8000-00805f9b34fb | Data: 236 bytes | Hex: 4e127252bd1a4c50860cf05dce3e7b174e127252bd1a4c50860cf05dce3e7b17020100000009b80160077cb5681378cea55367df0b22a6d68ce899207a9e0c42 | ASCII: N.rR..LP...].>{.N.rR..LP...].>{.........`.|.h.x..Sg.."..... z..B [TRUNCATED]
2026-01-04 16:43:40.573 | DEBUG    | 📥 Pacote recebido de uplink: 4e127252... → 4e127252... (type=MessageType(2), ttl=1)
2026-01-04 16:43:40.573 | DEBUG    | Source 4e127252...: seq=9 (novo highest, window: 5 seqs)
2026-01-04 16:43:40.574 | DEBUG    | 📚 Aprendido: 4e127252... → uplink
2026-01-04 16:43:40.574 | INFO     | 📨 Entregando localmente: 4e127252... → 4e127252... (type=MessageType(2), 166 bytes)
2026-01-04 16:43:40.575 | DEBUG    | Source 4e127252...: seq=9 (novo highest, window: 5 seqs)
2026-01-04 16:43:40.576 | DEBUG    | 🔍 Verificando assinatura: sig_len=139, signature_raw_len=139
2026-01-04 16:43:40.576 | INFO     | 💓 Verificando heartbeat:
2026-01-04 16:43:40.577 | INFO     |    Sink NID: 4e127252bd1a4c50860cf05dce3e7b17
2026-01-04 16:43:40.579 | INFO     |    Timestamp: 1767545020.4505475
2026-01-04 16:43:40.580 | INFO     |    Data to verify: 4e127252bd1a4c50860cf05dce3e7b1741da56a62f1cd5c5
2026-01-04 16:43:40.581 | INFO     | 🔍 Verificando assinatura:
2026-01-04 16:43:40.583 | INFO     |    Data: 24 bytes | 4e127252bd1a4c50860cf05dce3e7b1741da56a62f1cd5c5...
2026-01-04 16:43:40.584 | INFO     |    Signature: 139 bytes | 3081880242015068b2cc19e569cbb090ea16bfca46be1b6251e7f162531ee4c3...
2026-01-04 16:43:40.589 | INFO     | ✅ Assinatura verificada com sucesso!
2026-01-04 16:43:40.590 | DEBUG    | ✅ Assinatura de heartbeat válida
2026-01-04 16:43:40.590 | DEBUG    | 💓 Heartbeat recebido (seq=9, age=0.14s)
2026-01-04 16:43:45.567 | INFO     | [OP-20260104_164251-0035] NOTIFICATION | Remote: E0:D3:62:D7:47:03 | Char: 12340001-0000-1000-8000-00805f9b34fb | Data: 236 bytes | Hex: 4e127252bd1a4c50860cf05dce3e7b174e127252bd1a4c50860cf05dce3e7b1702010000000a3fb1a3c93a3b730cc5d6bc5d95e027c8c7da816f3536c7e44e0d | ASCII: N.rR..LP...].>{.N.rR..LP...].>{.......?...:;s....]..'....o56..N. [TRUNCATED]
2026-01-04 16:43:45.568 | DEBUG    | 📥 Pacote recebido de uplink: 4e127252... → 4e127252... (type=MessageType(2), ttl=1)
2026-01-04 16:43:45.568 | DEBUG    | Source 4e127252...: seq=10 (novo highest, window: 6 seqs)
2026-01-04 16:43:45.569 | DEBUG    | 📚 Aprendido: 4e127252... → uplink
2026-01-04 16:43:45.569 | INFO     | 📨 Entregando localmente: 4e127252... → 4e127252... (type=MessageType(2), 166 bytes)
2026-01-04 16:43:45.570 | DEBUG    | Source 4e127252...: seq=10 (novo highest, window: 6 seqs)
2026-01-04 16:43:45.571 | DEBUG    | 🔍 Verificando assinatura: sig_len=138, signature_raw_len=138
2026-01-04 16:43:45.571 | INFO     | 💓 Verificando heartbeat:
2026-01-04 16:43:45.572 | INFO     |    Sink NID: 4e127252bd1a4c50860cf05dce3e7b17
2026-01-04 16:43:45.574 | INFO     |    Timestamp: 1767545025.4548268
2026-01-04 16:43:45.575 | INFO     |    Data to verify: 4e127252bd1a4c50860cf05dce3e7b1741da56a6305d1be2
2026-01-04 16:43:45.576 | INFO     | 🔍 Verificando assinatura:
2026-01-04 16:43:45.577 | INFO     |    Data: 24 bytes | 4e127252bd1a4c50860cf05dce3e7b1741da56a6305d1be2...
2026-01-04 16:43:45.579 | INFO     |    Signature: 138 bytes | 308187024200b408d0458d55823659bc10500e22f528322d32a4e4e262c8e68c...
2026-01-04 16:43:45.584 | INFO     | ✅ Assinatura verificada com sucesso!
2026-01-04 16:43:45.587 | DEBUG    | ✅ Assinatura de heartbeat válida
2026-01-04 16:43:45.587 | DEBUG    | 💓 Heartbeat recebido (seq=10, age=0.13s)
2026-01-04 16:43:50.562 | INFO     | [OP-20260104_164251-0036] NOTIFICATION | Remote: E0:D3:62:D7:47:03 | Char: 12340001-0000-1000-8000-00805f9b34fb | Data: 236 bytes | Hex: 4e127252bd1a4c50860cf05dce3e7b174e127252bd1a4c50860cf05dce3e7b1702010000000b613a729f7c91d9d00746cc0ee1fb0506bf97d6defae48afde88f | ASCII: N.rR..LP...].>{.N.rR..LP...].>{.......a:r.|....F................ [TRUNCATED]
2026-01-04 16:43:50.563 | DEBUG    | 📥 Pacote recebido de uplink: 4e127252... → 4e127252... (type=MessageType(2), ttl=1)
2026-01-04 16:43:50.563 | DEBUG    | Source 4e127252...: seq=11 (novo highest, window: 7 seqs)
2026-01-04 16:43:50.564 | DEBUG    | 📚 Aprendido: 4e127252... → uplink
2026-01-04 16:43:50.564 | INFO     | 📨 Entregando localmente: 4e127252... → 4e127252... (type=MessageType(2), 166 bytes)
2026-01-04 16:43:50.565 | DEBUG    | Source 4e127252...: seq=11 (novo highest, window: 7 seqs)
2026-01-04 16:43:50.566 | DEBUG    | 🔍 Verificando assinatura: sig_len=139, signature_raw_len=139
2026-01-04 16:43:50.566 | INFO     | 💓 Verificando heartbeat:
2026-01-04 16:43:50.567 | INFO     |    Sink NID: 4e127252bd1a4c50860cf05dce3e7b17
2026-01-04 16:43:50.568 | INFO     |    Timestamp: 1767545030.4548035
2026-01-04 16:43:50.573 | INFO     |    Data to verify: 4e127252bd1a4c50860cf05dce3e7b1741da56a6319d1b80
2026-01-04 16:43:50.576 | INFO     | 🔍 Verificando assinatura:
2026-01-04 16:43:50.577 | INFO     |    Data: 24 bytes | 4e127252bd1a4c50860cf05dce3e7b1741da56a6319d1b80...
2026-01-04 16:43:50.578 | INFO     |    Signature: 139 bytes | 30818802420196a1c51c686bd7156a2ce0a53bdda347a3d11b67e7909150738e...
2026-01-04 16:43:50.582 | INFO     | ✅ Assinatura verificada com sucesso!
2026-01-04 16:43:50.583 | DEBUG    | ✅ Assinatura de heartbeat válida
2026-01-04 16:43:50.584 | DEBUG    | 💓 Heartbeat recebido (seq=11, age=0.13s)
2026-01-04 16:43:55.556 | INFO     | [OP-20260104_164251-0037] NOTIFICATION | Remote: E0:D3:62:D7:47:03 | Char: 12340001-0000-1000-8000-00805f9b34fb | Data: 236 bytes | Hex: 4e127252bd1a4c50860cf05dce3e7b174e127252bd1a4c50860cf05dce3e7b1702010000000cf3f792c29df84cb42559d3480d78294772c382f741f9e882504f | ASCII: N.rR..LP...].>{.N.rR..LP...].>{.............L.%Y.H.x)Gr...A...PO [TRUNCATED]
2026-01-04 16:43:55.558 | DEBUG    | 📥 Pacote recebido de uplink: 4e127252... → 4e127252... (type=MessageType(2), ttl=1)
2026-01-04 16:43:55.558 | DEBUG    | Source 4e127252...: seq=12 (novo highest, window: 8 seqs)
2026-01-04 16:43:55.559 | DEBUG    | 📚 Aprendido: 4e127252... → uplink
2026-01-04 16:43:55.559 | INFO     | 📨 Entregando localmente: 4e127252... → 4e127252... (type=MessageType(2), 166 bytes)
2026-01-04 16:43:55.560 | DEBUG    | Source 4e127252...: seq=12 (novo highest, window: 8 seqs)
2026-01-04 16:43:55.560 | DEBUG    | 🔍 Verificando assinatura: sig_len=139, signature_raw_len=139
2026-01-04 16:43:55.561 | INFO     | 💓 Verificando heartbeat:
2026-01-04 16:43:55.562 | INFO     |    Sink NID: 4e127252bd1a4c50860cf05dce3e7b17
2026-01-04 16:43:55.563 | INFO     |    Timestamp: 1767545035.4548485
2026-01-04 16:43:55.565 | INFO     |    Data to verify: 4e127252bd1a4c50860cf05dce3e7b1741da56a632dd1c3d
2026-01-04 16:43:55.566 | INFO     | 🔍 Verificando assinatura:
2026-01-04 16:43:55.567 | INFO     |    Data: 24 bytes | 4e127252bd1a4c50860cf05dce3e7b1741da56a632dd1c3d...
2026-01-04 16:43:55.569 | INFO     |    Signature: 139 bytes | 3081880242008e2d63e6ab447d2acca8786eba8cd88e3476b1e5235b3cddf24c...
2026-01-04 16:43:55.573 | INFO     | ✅ Assinatura verificada com sucesso!
2026-01-04 16:43:55.574 | DEBUG    | ✅ Assinatura de heartbeat válida
2026-01-04 16:43:55.574 | DEBUG    | 💓 Heartbeat recebido (seq=12, age=0.12s)
2026-01-04 16:44:00.552 | INFO     | [OP-20260104_164251-0038] NOTIFICATION | Remote: E0:D3:62:D7:47:03 | Char: 12340001-0000-1000-8000-00805f9b34fb | Data: 236 bytes | Hex: 4e127252bd1a4c50860cf05dce3e7b174e127252bd1a4c50860cf05dce3e7b1702010000000d2753576c7a7578b99ff618138c66cabd5685c9345a9ac003d7ce | ASCII: N.rR..LP...].>{.N.rR..LP...].>{.......'SWlzux......f..V..4Z..... [TRUNCATED]
2026-01-04 16:44:00.553 | DEBUG    | 📥 Pacote recebido de uplink: 4e127252... → 4e127252... (type=MessageType(2), ttl=1)
2026-01-04 16:44:00.554 | DEBUG    | Source 4e127252...: seq=13 (novo highest, window: 9 seqs)
2026-01-04 16:44:00.554 | DEBUG    | 📚 Aprendido: 4e127252... → uplink
2026-01-04 16:44:00.554 | INFO     | 📨 Entregando localmente: 4e127252... → 4e127252... (type=MessageType(2), 166 bytes)
2026-01-04 16:44:00.555 | DEBUG    | Source 4e127252...: seq=13 (novo highest, window: 9 seqs)
2026-01-04 16:44:00.556 | DEBUG    | 🔍 Verificando assinatura: sig_len=138, signature_raw_len=138
2026-01-04 16:44:00.556 | INFO     | 💓 Verificando heartbeat:
2026-01-04 16:44:00.557 | INFO     |    Sink NID: 4e127252bd1a4c50860cf05dce3e7b17
2026-01-04 16:44:00.558 | INFO     |    Timestamp: 1767545040.454681
2026-01-04 16:44:00.559 | INFO     |    Data to verify: 4e127252bd1a4c50860cf05dce3e7b1741da56a6341d197e
2026-01-04 16:44:00.561 | INFO     | 🔍 Verificando assinatura:
2026-01-04 16:44:00.562 | INFO     |    Data: 24 bytes | 4e127252bd1a4c50860cf05dce3e7b1741da56a6341d197e...
2026-01-04 16:44:00.563 | INFO     |    Signature: 138 bytes | 3081870242015af3a1554898d1ee237793d0f3dcd49483a1af2c4d5989c4f750...
2026-01-04 16:44:00.571 | INFO     | ✅ Assinatura verificada com sucesso!
2026-01-04 16:44:00.571 | DEBUG    | ✅ Assinatura de heartbeat válida
2026-01-04 16:44:00.572 | DEBUG    | 💓 Heartbeat recebido (seq=13, age=0.12s)
2026-01-04 16:44:05.591 | INFO     | [OP-20260104_164251-0039] NOTIFICATION | Remote: E0:D3:62:D7:47:03 | Char: 12340001-0000-1000-8000-00805f9b34fb | Data: 236 bytes | Hex: 4e127252bd1a4c50860cf05dce3e7b174e127252bd1a4c50860cf05dce3e7b1702010000000ef5d242c1dd452555f2b45c5474c037027b78ea3dd7db16ec9237 | ASCII: N.rR..LP...].>{.N.rR..LP...].>{.........B..E%U..\Tt.7.{x.=.....7 [TRUNCATED]
2026-01-04 16:44:05.592 | DEBUG    | 📥 Pacote recebido de uplink: 4e127252... → 4e127252... (type=MessageType(2), ttl=1)
2026-01-04 16:44:05.593 | DEBUG    | Source 4e127252...: seq=14 (novo highest, window: 10 seqs)
2026-01-04 16:44:05.593 | DEBUG    | 📚 Aprendido: 4e127252... → uplink
2026-01-04 16:44:05.594 | INFO     | 📨 Entregando localmente: 4e127252... → 4e127252... (type=MessageType(2), 166 bytes)
2026-01-04 16:44:05.595 | DEBUG    | Source 4e127252...: seq=14 (novo highest, window: 10 seqs)
2026-01-04 16:44:05.595 | DEBUG    | 🔍 Verificando assinatura: sig_len=138, signature_raw_len=138
2026-01-04 16:44:05.596 | INFO     | 💓 Verificando heartbeat:
2026-01-04 16:44:05.597 | INFO     |    Sink NID: 4e127252bd1a4c50860cf05dce3e7b17
2026-01-04 16:44:05.597 | INFO     |    Timestamp: 1767545045.4546878
2026-01-04 16:44:05.599 | INFO     |    Data to verify: 4e127252bd1a4c50860cf05dce3e7b1741da56a6355d199b
2026-01-04 16:44:05.600 | INFO     | 🔍 Verificando assinatura:
2026-01-04 16:44:05.601 | INFO     |    Data: 24 bytes | 4e127252bd1a4c50860cf05dce3e7b1741da56a6355d199b...
2026-01-04 16:44:05.602 | INFO     |    Signature: 138 bytes | 3081870242019032efbaf6b9fcd335be62eadb6bb46032b1e2eeea178184b3c9...
2026-01-04 16:44:05.612 | INFO     | ✅ Assinatura verificada com sucesso!
2026-01-04 16:44:05.613 | DEBUG    | ✅ Assinatura de heartbeat válida
2026-01-04 16:44:05.613 | DEBUG    | 💓 Heartbeat recebido (seq=14, age=0.16s)
2026-01-04 16:44:10.586 | INFO     | [OP-20260104_164251-0040] NOTIFICATION | Remote: E0:D3:62:D7:47:03 | Char: 12340001-0000-1000-8000-00805f9b34fb | Data: 236 bytes | Hex: 4e127252bd1a4c50860cf05dce3e7b174e127252bd1a4c50860cf05dce3e7b1702010000000f16c71dc4c5d68576679373164c42bc52da82660728072988cf93 | ASCII: N.rR..LP...].>{.N.rR..LP...].>{..............vg.s.LB.R..f.(.)... [TRUNCATED]
2026-01-04 16:44:10.588 | DEBUG    | 📥 Pacote recebido de uplink: 4e127252... → 4e127252... (type=MessageType(2), ttl=1)
2026-01-04 16:44:10.588 | DEBUG    | Source 4e127252...: seq=15 (novo highest, window: 11 seqs)
2026-01-04 16:44:10.589 | DEBUG    | 📚 Aprendido: 4e127252... → uplink
2026-01-04 16:44:10.589 | INFO     | 📨 Entregando localmente: 4e127252... → 4e127252... (type=MessageType(2), 166 bytes)
2026-01-04 16:44:10.590 | DEBUG    | Source 4e127252...: seq=15 (novo highest, window: 11 seqs)
2026-01-04 16:44:10.591 | DEBUG    | 🔍 Verificando assinatura: sig_len=139, signature_raw_len=139
2026-01-04 16:44:10.591 | INFO     | 💓 Verificando heartbeat:
2026-01-04 16:44:10.592 | INFO     |    Sink NID: 4e127252bd1a4c50860cf05dce3e7b17
2026-01-04 16:44:10.593 | INFO     |    Timestamp: 1767545050.451276
2026-01-04 16:44:10.594 | INFO     |    Data to verify: 4e127252bd1a4c50860cf05dce3e7b1741da56a6369ce1b5
2026-01-04 16:44:10.595 | INFO     | 🔍 Verificando assinatura:
2026-01-04 16:44:10.596 | INFO     |    Data: 24 bytes | 4e127252bd1a4c50860cf05dce3e7b1741da56a6369ce1b5...
2026-01-04 16:44:10.597 | INFO     |    Signature: 139 bytes | 3081880242017e13623686813ec180eddac309be6ea39f7013573bd25d17868e...
2026-01-04 16:44:10.606 | INFO     | ✅ Assinatura verificada com sucesso!
2026-01-04 16:44:10.607 | DEBUG    | ✅ Assinatura de heartbeat válida
2026-01-04 16:44:10.609 | DEBUG    | 💓 Heartbeat recebido (seq=15, age=0.16s)
2026-01-04 16:44:15.581 | INFO     | [OP-20260104_164251-0041] NOTIFICATION | Remote: E0:D3:62:D7:47:03 | Char: 12340001-0000-1000-8000-00805f9b34fb | Data: 236 bytes | Hex: 4e127252bd1a4c50860cf05dce3e7b174e127252bd1a4c50860cf05dce3e7b17020100000010ee8bb6dbb17cd322facb3bdc2774dea2e5860d3ef525ce81498e | ASCII: N.rR..LP...].>{.N.rR..LP...].>{............|."..;.'t.....>.%..I. [TRUNCATED]
2026-01-04 16:44:15.582 | DEBUG    | 📥 Pacote recebido de uplink: 4e127252... → 4e127252... (type=MessageType(2), ttl=1)
2026-01-04 16:44:15.583 | DEBUG    | Source 4e127252...: seq=16 (novo highest, window: 12 seqs)
2026-01-04 16:44:15.583 | DEBUG    | 📚 Aprendido: 4e127252... → uplink
2026-01-04 16:44:15.584 | INFO     | 📨 Entregando localmente: 4e127252... → 4e127252... (type=MessageType(2), 166 bytes)
2026-01-04 16:44:15.585 | DEBUG    | Source 4e127252...: seq=16 (novo highest, window: 12 seqs)
2026-01-04 16:44:15.585 | DEBUG    | 🔍 Verificando assinatura: sig_len=138, signature_raw_len=138
2026-01-04 16:44:15.585 | INFO     | 💓 Verificando heartbeat:
2026-01-04 16:44:15.587 | INFO     |    Sink NID: 4e127252bd1a4c50860cf05dce3e7b17
2026-01-04 16:44:15.590 | INFO     |    Timestamp: 1767545055.4547493
2026-01-04 16:44:15.592 | INFO     |    Data to verify: 4e127252bd1a4c50860cf05dce3e7b1741da56a637dd1a9d
2026-01-04 16:44:15.593 | INFO     | 🔍 Verificando assinatura:
2026-01-04 16:44:15.594 | INFO     |    Data: 24 bytes | 4e127252bd1a4c50860cf05dce3e7b1741da56a637dd1a9d...
2026-01-04 16:44:15.596 | INFO     |    Signature: 138 bytes | 30818702416a4fb6eed2cd8d0fe8a946224b49125cfa22b38f1cf60e2367fa1c...
2026-01-04 16:44:15.600 | INFO     | ✅ Assinatura verificada com sucesso!
2026-01-04 16:44:15.601 | DEBUG    | ✅ Assinatura de heartbeat válida
2026-01-04 16:44:15.601 | DEBUG    | 💓 Heartbeat recebido (seq=16, age=0.15s)
2026-01-04 16:44:20.576 | INFO     | [OP-20260104_164251-0042] NOTIFICATION | Remote: E0:D3:62:D7:47:03 | Char: 12340001-0000-1000-8000-00805f9b34fb | Data: 236 bytes | Hex: 4e127252bd1a4c50860cf05dce3e7b174e127252bd1a4c50860cf05dce3e7b17020100000011ed1f5a4b73bbc3b5e6731c256fd5c8fb131224e32c2552f515fd | ASCII: N.rR..LP...].>{.N.rR..LP...].>{.........ZKs....s.%o.....$.,%R... [TRUNCATED]
2026-01-04 16:44:20.577 | DEBUG    | 📥 Pacote recebido de uplink: 4e127252... → 4e127252... (type=MessageType(2), ttl=1)
2026-01-04 16:44:20.578 | DEBUG    | Source 4e127252...: seq=17 (novo highest, window: 13 seqs)
2026-01-04 16:44:20.578 | DEBUG    | 📚 Aprendido: 4e127252... → uplink
2026-01-04 16:44:20.579 | INFO     | 📨 Entregando localmente: 4e127252... → 4e127252... (type=MessageType(2), 166 bytes)
2026-01-04 16:44:20.580 | DEBUG    | Source 4e127252...: seq=17 (novo highest, window: 13 seqs)
2026-01-04 16:44:20.580 | DEBUG    | 🔍 Verificando assinatura: sig_len=139, signature_raw_len=139
2026-01-04 16:44:20.581 | INFO     | 💓 Verificando heartbeat:
2026-01-04 16:44:20.581 | INFO     |    Sink NID: 4e127252bd1a4c50860cf05dce3e7b17
2026-01-04 16:44:20.582 | INFO     |    Timestamp: 1767545060.4538708
2026-01-04 16:44:20.584 | INFO     |    Data to verify: 4e127252bd1a4c50860cf05dce3e7b1741da56a6391d0c38
2026-01-04 16:44:20.586 | INFO     | 🔍 Verificando assinatura:
2026-01-04 16:44:20.587 | INFO     |    Data: 24 bytes | 4e127252bd1a4c50860cf05dce3e7b1741da56a6391d0c38...
2026-01-04 16:44:20.588 | INFO     |    Signature: 139 bytes | 308188024201658247206ed88f580fdf27a1068410954d7940495e99c74d3b1a...
2026-01-04 16:44:20.593 | INFO     | ✅ Assinatura verificada com sucesso!
2026-01-04 16:44:20.596 | DEBUG    | ✅ Assinatura de heartbeat válida
2026-01-04 16:44:20.596 | DEBUG    | 💓 Heartbeat recebido (seq=17, age=0.14s)
2026-01-04 16:44:25.571 | INFO     | [OP-20260104_164251-0043] NOTIFICATION | Remote: E0:D3:62:D7:47:03 | Char: 12340001-0000-1000-8000-00805f9b34fb | Data: 236 bytes | Hex: 4e127252bd1a4c50860cf05dce3e7b174e127252bd1a4c50860cf05dce3e7b17020100000012964edb60391033017d54a336851025208646cc80232feb763aa5 | ASCII: N.rR..LP...].>{.N.rR..LP...].>{........N.`9.3.}T.6..% .F..#/.v:. [TRUNCATED]
2026-01-04 16:44:25.573 | DEBUG    | 📥 Pacote recebido de uplink: 4e127252... → 4e127252... (type=MessageType(2), ttl=1)
2026-01-04 16:44:25.573 | DEBUG    | Source 4e127252...: seq=18 (novo highest, window: 14 seqs)
2026-01-04 16:44:25.574 | DEBUG    | 📚 Aprendido: 4e127252... → uplink
2026-01-04 16:44:25.574 | INFO     | 📨 Entregando localmente: 4e127252... → 4e127252... (type=MessageType(2), 166 bytes)
2026-01-04 16:44:25.575 | DEBUG    | Source 4e127252...: seq=18 (novo highest, window: 14 seqs)
2026-01-04 16:44:25.576 | DEBUG    | 🔍 Verificando assinatura: sig_len=138, signature_raw_len=138
2026-01-04 16:44:25.576 | INFO     | 💓 Verificando heartbeat:
2026-01-04 16:44:25.577 | INFO     |    Sink NID: 4e127252bd1a4c50860cf05dce3e7b17
2026-01-04 16:44:25.580 | INFO     |    Timestamp: 1767545065.454893
2026-01-04 16:44:25.581 | INFO     |    Data to verify: 4e127252bd1a4c50860cf05dce3e7b1741da56a63a5d1cf8
2026-01-04 16:44:25.583 | INFO     | 🔍 Verificando assinatura:
2026-01-04 16:44:25.584 | INFO     |    Data: 24 bytes | 4e127252bd1a4c50860cf05dce3e7b1741da56a63a5d1cf8...
2026-01-04 16:44:25.586 | INFO     |    Signature: 138 bytes | 30818702420174c2569e6ea60f8b5712a5cf3e39052c62bac233c974d4b1315a...
2026-01-04 16:44:25.590 | INFO     | ✅ Assinatura verificada com sucesso!
2026-01-04 16:44:25.594 | DEBUG    | ✅ Assinatura de heartbeat válida
2026-01-04 16:44:25.594 | DEBUG    | 💓 Heartbeat recebido (seq=18, age=0.14s)
2026-01-04 16:44:30.566 | INFO     | [OP-20260104_164251-0044] NOTIFICATION | Remote: E0:D3:62:D7:47:03 | Char: 12340001-0000-1000-8000-00805f9b34fb | Data: 236 bytes | Hex: 4e127252bd1a4c50860cf05dce3e7b174e127252bd1a4c50860cf05dce3e7b1702010000001339f71037a04b28700a031d09bfdd03a1ca777363c367a757e3cd | ASCII: N.rR..LP...].>{.N.rR..LP...].>{.......9..7.K(p.........wsc.g.W.. [TRUNCATED]
2026-01-04 16:44:30.568 | DEBUG    | 📥 Pacote recebido de uplink: 4e127252... → 4e127252... (type=MessageType(2), ttl=1)
2026-01-04 16:44:30.568 | DEBUG    | Source 4e127252...: seq=19 (novo highest, window: 15 seqs)
2026-01-04 16:44:30.569 | DEBUG    | 📚 Aprendido: 4e127252... → uplink
2026-01-04 16:44:30.569 | INFO     | 📨 Entregando localmente: 4e127252... → 4e127252... (type=MessageType(2), 166 bytes)
2026-01-04 16:44:30.570 | DEBUG    | Source 4e127252...: seq=19 (novo highest, window: 15 seqs)
2026-01-04 16:44:30.571 | DEBUG    | 🔍 Verificando assinatura: sig_len=139, signature_raw_len=139
2026-01-04 16:44:30.571 | INFO     | 💓 Verificando heartbeat:
2026-01-04 16:44:30.572 | INFO     |    Sink NID: 4e127252bd1a4c50860cf05dce3e7b17
2026-01-04 16:44:30.574 | INFO     |    Timestamp: 1767545070.4548006
2026-01-04 16:44:30.579 | INFO     |    Data to verify: 4e127252bd1a4c50860cf05dce3e7b1741da56a63b9d1b74
2026-01-04 16:44:30.582 | INFO     | 🔍 Verificando assinatura:
2026-01-04 16:44:30.583 | INFO     |    Data: 24 bytes | 4e127252bd1a4c50860cf05dce3e7b1741da56a63b9d1b74...
2026-01-04 16:44:30.583 | INFO     |    Signature: 139 bytes | 308188024201dae0c444f2f22eb500cb863ba533f0218c1552e3f6601d8add0e...
2026-01-04 16:44:30.591 | INFO     | ✅ Assinatura verificada com sucesso!
2026-01-04 16:44:30.598 | DEBUG    | ✅ Assinatura de heartbeat válida
2026-01-04 16:44:30.599 | DEBUG    | 💓 Heartbeat recebido (seq=19, age=0.15s)
2026-01-04 16:44:35.561 | INFO     | [OP-20260104_164251-0045] NOTIFICATION | Remote: E0:D3:62:D7:47:03 | Char: 12340001-0000-1000-8000-00805f9b34fb | Data: 236 bytes | Hex: 4e127252bd1a4c50860cf05dce3e7b174e127252bd1a4c50860cf05dce3e7b17020100000014f03e11c409d6c9bb928b653900d3adab6f563ecd11d76b232fff | ASCII: N.rR..LP...].>{.N.rR..LP...].>{........>........e9....oV>...k#/. [TRUNCATED]
2026-01-04 16:44:35.563 | DEBUG    | 📥 Pacote recebido de uplink: 4e127252... → 4e127252... (type=MessageType(2), ttl=1)
2026-01-04 16:44:35.563 | DEBUG    | Source 4e127252...: seq=20 (novo highest, window: 16 seqs)
2026-01-04 16:44:35.564 | DEBUG    | 📚 Aprendido: 4e127252... → uplink
2026-01-04 16:44:35.564 | INFO     | 📨 Entregando localmente: 4e127252... → 4e127252... (type=MessageType(2), 166 bytes)
2026-01-04 16:44:35.565 | DEBUG    | Source 4e127252...: seq=20 (novo highest, window: 16 seqs)
2026-01-04 16:44:35.565 | DEBUG    | 🔍 Verificando assinatura: sig_len=139, signature_raw_len=139
2026-01-04 16:44:35.566 | INFO     | 💓 Verificando heartbeat:
2026-01-04 16:44:35.567 | INFO     |    Sink NID: 4e127252bd1a4c50860cf05dce3e7b17
2026-01-04 16:44:35.568 | INFO     |    Timestamp: 1767545075.4546697
2026-01-04 16:44:35.569 | INFO     |    Data to verify: 4e127252bd1a4c50860cf05dce3e7b1741da56a63cdd194f
2026-01-04 16:44:35.570 | INFO     | 🔍 Verificando assinatura:
2026-01-04 16:44:35.572 | INFO     |    Data: 24 bytes | 4e127252bd1a4c50860cf05dce3e7b1741da56a63cdd194f...
2026-01-04 16:44:35.573 | INFO     |    Signature: 139 bytes | 3081880242017ab015e6aafc8eb35092d50191d72fbaf3296a033426162079f3...
2026-01-04 16:44:35.578 | INFO     | ✅ Assinatura verificada com sucesso!
2026-01-04 16:44:35.579 | DEBUG    | ✅ Assinatura de heartbeat válida
2026-01-04 16:44:35.579 | DEBUG    | 💓 Heartbeat recebido (seq=20, age=0.12s)
2026-01-04 16:44:40.557 | INFO     | [OP-20260104_164251-0046] NOTIFICATION | Remote: E0:D3:62:D7:47:03 | Char: 12340001-0000-1000-8000-00805f9b34fb | Data: 236 bytes | Hex: 4e127252bd1a4c50860cf05dce3e7b174e127252bd1a4c50860cf05dce3e7b17020100000015a6dc353d894ef9c6edb763ef81f119814463685bb727726f0283 | ASCII: N.rR..LP...].>{.N.rR..LP...].>{.........5=.N....c.....Dch[.'ro.. [TRUNCATED]
2026-01-04 16:44:40.558 | DEBUG    | 📥 Pacote recebido de uplink: 4e127252... → 4e127252... (type=MessageType(2), ttl=1)
2026-01-04 16:44:40.558 | DEBUG    | Source 4e127252...: seq=21 (novo highest, window: 17 seqs)
2026-01-04 16:44:40.559 | DEBUG    | 📚 Aprendido: 4e127252... → uplink
2026-01-04 16:44:40.559 | INFO     | 📨 Entregando localmente: 4e127252... → 4e127252... (type=MessageType(2), 166 bytes)
2026-01-04 16:44:40.560 | DEBUG    | Source 4e127252...: seq=21 (novo highest, window: 17 seqs)
2026-01-04 16:44:40.561 | DEBUG    | 🔍 Verificando assinatura: sig_len=139, signature_raw_len=139
2026-01-04 16:44:40.561 | INFO     | 💓 Verificando heartbeat:
2026-01-04 16:44:40.562 | INFO     |    Sink NID: 4e127252bd1a4c50860cf05dce3e7b17
2026-01-04 16:44:40.563 | INFO     |    Timestamp: 1767545080.4541783
2026-01-04 16:44:40.564 | INFO     |    Data to verify: 4e127252bd1a4c50860cf05dce3e7b1741da56a63e1d1142
2026-01-04 16:44:40.567 | INFO     | 🔍 Verificando assinatura:
2026-01-04 16:44:40.568 | INFO     |    Data: 24 bytes | 4e127252bd1a4c50860cf05dce3e7b1741da56a63e1d1142...
2026-01-04 16:44:40.569 | INFO     |    Signature: 139 bytes | 308188024200b44a0e85f45c4fecff32a8915a17a8c57843a07459abea5e55d4...
2026-01-04 16:44:40.575 | INFO     | ✅ Assinatura verificada com sucesso!
2026-01-04 16:44:40.576 | DEBUG    | ✅ Assinatura de heartbeat válida
2026-01-04 16:44:40.576 | DEBUG    | 💓 Heartbeat recebido (seq=21, age=0.12s)
2026-01-04 16:44:45.552 | INFO     | [OP-20260104_164251-0047] NOTIFICATION | Remote: E0:D3:62:D7:47:03 | Char: 12340001-0000-1000-8000-00805f9b34fb | Data: 236 bytes | Hex: 4e127252bd1a4c50860cf05dce3e7b174e127252bd1a4c50860cf05dce3e7b17020100000016411d0b442b6192640fcd955c382ef590c985dc72ac619fa04db5 | ASCII: N.rR..LP...].>{.N.rR..LP...].>{.......A..D+a.d...\8......r.a..M. [TRUNCATED]
2026-01-04 16:44:45.553 | DEBUG    | 📥 Pacote recebido de uplink: 4e127252... → 4e127252... (type=MessageType(2), ttl=1)
2026-01-04 16:44:45.554 | DEBUG    | Source 4e127252...: seq=22 (novo highest, window: 18 seqs)
2026-01-04 16:44:45.554 | DEBUG    | 📚 Aprendido: 4e127252... → uplink
2026-01-04 16:44:45.555 | INFO     | 📨 Entregando localmente: 4e127252... → 4e127252... (type=MessageType(2), 166 bytes)
2026-01-04 16:44:45.556 | DEBUG    | Source 4e127252...: seq=22 (novo highest, window: 18 seqs)
2026-01-04 16:44:45.556 | DEBUG    | 🔍 Verificando assinatura: sig_len=138, signature_raw_len=138
2026-01-04 16:44:45.556 | INFO     | 💓 Verificando heartbeat:
2026-01-04 16:44:45.557 | INFO     |    Sink NID: 4e127252bd1a4c50860cf05dce3e7b17
2026-01-04 16:44:45.558 | INFO     |    Timestamp: 1767545085.454669
2026-01-04 16:44:45.561 | INFO     |    Data to verify: 4e127252bd1a4c50860cf05dce3e7b1741da56a63f5d194c
2026-01-04 16:44:45.562 | INFO     | 🔍 Verificando assinatura:
2026-01-04 16:44:45.564 | INFO     |    Data: 24 bytes | 4e127252bd1a4c50860cf05dce3e7b1741da56a63f5d194c...
2026-01-04 16:44:45.566 | INFO     |    Signature: 138 bytes | 30818702410ba8d0e94ed28edb280cf56c98d907e34c8e723dd87ce03276cf9c...
2026-01-04 16:44:45.571 | INFO     | ✅ Assinatura verificada com sucesso!
2026-01-04 16:44:45.572 | DEBUG    | ✅ Assinatura de heartbeat válida
2026-01-04 16:44:45.572 | DEBUG    | 💓 Heartbeat recebido (seq=22, age=0.12s)
2026-01-04 16:44:50.591 | INFO     | [OP-20260104_164251-0048] NOTIFICATION | Remote: E0:D3:62:D7:47:03 | Char: 12340001-0000-1000-8000-00805f9b34fb | Data: 236 bytes | Hex: 4e127252bd1a4c50860cf05dce3e7b174e127252bd1a4c50860cf05dce3e7b17020100000017101917d0dc87e4eb5b48ab818faa72c97b2521e125e0cd8f2a71 | ASCII: N.rR..LP...].>{.N.rR..LP...].>{...............[H....r.{%!.%...*q [TRUNCATED]
2026-01-04 16:44:50.592 | DEBUG    | 📥 Pacote recebido de uplink: 4e127252... → 4e127252... (type=MessageType(2), ttl=1)
2026-01-04 16:44:50.593 | DEBUG    | Source 4e127252...: seq=23 (novo highest, window: 19 seqs)
2026-01-04 16:44:50.593 | DEBUG    | 📚 Aprendido: 4e127252... → uplink
2026-01-04 16:44:50.594 | INFO     | 📨 Entregando localmente: 4e127252... → 4e127252... (type=MessageType(2), 166 bytes)
2026-01-04 16:44:50.595 | DEBUG    | Source 4e127252...: seq=23 (novo highest, window: 19 seqs)
2026-01-04 16:44:50.595 | DEBUG    | 🔍 Verificando assinatura: sig_len=139, signature_raw_len=139
2026-01-04 16:44:50.596 | INFO     | 💓 Verificando heartbeat:
2026-01-04 16:44:50.597 | INFO     |    Sink NID: 4e127252bd1a4c50860cf05dce3e7b17
2026-01-04 16:44:50.597 | INFO     |    Timestamp: 1767545090.451379
2026-01-04 16:44:50.599 | INFO     |    Data to verify: 4e127252bd1a4c50860cf05dce3e7b1741da56a6409ce365
2026-01-04 16:44:50.600 | INFO     | 🔍 Verificando assinatura:
2026-01-04 16:44:50.602 | INFO     |    Data: 24 bytes | 4e127252bd1a4c50860cf05dce3e7b1741da56a6409ce365...
2026-01-04 16:44:50.605 | INFO     |    Signature: 139 bytes | 308188024200f3a598be56d1c21ee5dde4eeec0bea5337df7a75174f050acaba...
2026-01-04 16:44:50.611 | INFO     | ✅ Assinatura verificada com sucesso!
2026-01-04 16:44:50.613 | DEBUG    | ✅ Assinatura de heartbeat válida
2026-01-04 16:44:50.613 | DEBUG    | 💓 Heartbeat recebido (seq=23, age=0.16s)
2026-01-04 16:44:55.587 | INFO     | [OP-20260104_164251-0049] NOTIFICATION | Remote: E0:D3:62:D7:47:03 | Char: 12340001-0000-1000-8000-00805f9b34fb | Data: 236 bytes | Hex: 4e127252bd1a4c50860cf05dce3e7b174e127252bd1a4c50860cf05dce3e7b1702010000001810fd69033df61c5d172580c99ff3dd5bb86efcaef955dc1b8c59 | ASCII: N.rR..LP...].>{.N.rR..LP...].>{.........i.=..].%.....[.n...U...Y [TRUNCATED]
2026-01-04 16:44:55.588 | DEBUG    | 📥 Pacote recebido de uplink: 4e127252... → 4e127252... (type=MessageType(2), ttl=1)
2026-01-04 16:44:55.588 | DEBUG    | Source 4e127252...: seq=24 (novo highest, window: 20 seqs)
2026-01-04 16:44:55.589 | DEBUG    | 📚 Aprendido: 4e127252... → uplink
2026-01-04 16:44:55.589 | INFO     | 📨 Entregando localmente: 4e127252... → 4e127252... (type=MessageType(2), 166 bytes)
2026-01-04 16:44:55.590 | DEBUG    | Source 4e127252...: seq=24 (novo highest, window: 20 seqs)
2026-01-04 16:44:55.591 | DEBUG    | 🔍 Verificando assinatura: sig_len=139, signature_raw_len=139
2026-01-04 16:44:55.591 | INFO     | 💓 Verificando heartbeat:
2026-01-04 16:44:55.592 | INFO     |    Sink NID: 4e127252bd1a4c50860cf05dce3e7b17
2026-01-04 16:44:55.594 | INFO     |    Timestamp: 1767545095.4548323
2026-01-04 16:44:55.595 | INFO     |    Data to verify: 4e127252bd1a4c50860cf05dce3e7b1741da56a641dd1bf9
2026-01-04 16:44:55.596 | INFO     | 🔍 Verificando assinatura:
2026-01-04 16:44:55.597 | INFO     |    Data: 24 bytes | 4e127252bd1a4c50860cf05dce3e7b1741da56a641dd1bf9...
2026-01-04 16:44:55.599 | INFO     |    Signature: 139 bytes | 30818802420167322f6084bc2680513343eb3d932fc38377c32f949906d50b48...
2026-01-04 16:44:55.604 | INFO     | ✅ Assinatura verificada com sucesso!
2026-01-04 16:44:55.607 | DEBUG    | ✅ Assinatura de heartbeat válida
2026-01-04 16:44:55.607 | DEBUG    | 💓 Heartbeat recebido (seq=24, age=0.15s)
2026-01-04 16:45:00.580 | INFO     | [OP-20260104_164251-0050] NOTIFICATION | Remote: E0:D3:62:D7:47:03 | Char: 12340001-0000-1000-8000-00805f9b34fb | Data: 236 bytes | Hex: 4e127252bd1a4c50860cf05dce3e7b174e127252bd1a4c50860cf05dce3e7b170201000000194088d6187d3659c623bdec1468aa841950b5aac51e867f898803 | ASCII: N.rR..LP...].>{.N.rR..LP...].>{.......@...}6Y.#...h...P......... [TRUNCATED]
2026-01-04 16:45:00.580 | DEBUG    | 📥 Pacote recebido de uplink: 4e127252... → 4e127252... (type=MessageType(2), ttl=1)
2026-01-04 16:45:00.581 | DEBUG    | Source 4e127252...: seq=25 (novo highest, window: 21 seqs)
2026-01-04 16:45:00.581 | DEBUG    | 📚 Aprendido: 4e127252... → uplink
2026-01-04 16:45:00.581 | INFO     | 📨 Entregando localmente: 4e127252... → 4e127252... (type=MessageType(2), 166 bytes)
2026-01-04 16:45:00.581 | DEBUG    | Source 4e127252...: seq=25 (novo highest, window: 21 seqs)
2026-01-04 16:45:00.581 | DEBUG    | 🔍 Verificando assinatura: sig_len=139, signature_raw_len=139
2026-01-04 16:45:00.581 | INFO     | 💓 Verificando heartbeat:
2026-01-04 16:45:00.582 | INFO     |    Sink NID: 4e127252bd1a4c50860cf05dce3e7b17
2026-01-04 16:45:00.582 | INFO     |    Timestamp: 1767545100.452459
2026-01-04 16:45:00.583 | INFO     |    Data to verify: 4e127252bd1a4c50860cf05dce3e7b1741da56a6431cf517
2026-01-04 16:45:00.583 | INFO     | 🔍 Verificando assinatura:
2026-01-04 16:45:00.584 | INFO     |    Data: 24 bytes | 4e127252bd1a4c50860cf05dce3e7b1741da56a6431cf517...
2026-01-04 16:45:00.584 | INFO     |    Signature: 139 bytes | 3081880242019d6f565f99b18c3cd3b9dffa5d8abdb128c774c4c48f88251045...
2026-01-04 16:45:00.585 | INFO     | ✅ Assinatura verificada com sucesso!
2026-01-04 16:45:00.586 | DEBUG    | ✅ Assinatura de heartbeat válida
2026-01-04 16:45:00.586 | DEBUG    | 💓 Heartbeat recebido (seq=25, age=0.13s)
2026-01-04 16:45:05.576 | INFO     | [OP-20260104_164251-0051] NOTIFICATION | Remote: E0:D3:62:D7:47:03 | Char: 12340001-0000-1000-8000-00805f9b34fb | Data: 236 bytes | Hex: 4e127252bd1a4c50860cf05dce3e7b174e127252bd1a4c50860cf05dce3e7b1702010000001a99b9e1e8d00df73afb44c248f306edb14e20cfb03d758e9f7630 | ASCII: N.rR..LP...].>{.N.rR..LP...].>{..............:.D.H....N ..=u..v0 [TRUNCATED]
2026-01-04 16:45:05.578 | DEBUG    | 📥 Pacote recebido de uplink: 4e127252... → 4e127252... (type=MessageType(2), ttl=1)
2026-01-04 16:45:05.578 | DEBUG    | Source 4e127252...: seq=26 (novo highest, window: 22 seqs)
2026-01-04 16:45:05.579 | DEBUG    | 📚 Aprendido: 4e127252... → uplink
2026-01-04 16:45:05.579 | INFO     | 📨 Entregando localmente: 4e127252... → 4e127252... (type=MessageType(2), 166 bytes)
2026-01-04 16:45:05.580 | DEBUG    | Source 4e127252...: seq=26 (novo highest, window: 22 seqs)
2026-01-04 16:45:05.581 | DEBUG    | 🔍 Verificando assinatura: sig_len=139, signature_raw_len=139
2026-01-04 16:45:05.581 | INFO     | 💓 Verificando heartbeat:
2026-01-04 16:45:05.582 | INFO     |    Sink NID: 4e127252bd1a4c50860cf05dce3e7b17
2026-01-04 16:45:05.583 | INFO     |    Timestamp: 1767545105.454793
2026-01-04 16:45:05.584 | INFO     |    Data to verify: 4e127252bd1a4c50860cf05dce3e7b1741da56a6445d1b54
2026-01-04 16:45:05.586 | INFO     | 🔍 Verificando assinatura:
2026-01-04 16:45:05.588 | INFO     |    Data: 24 bytes | 4e127252bd1a4c50860cf05dce3e7b1741da56a6445d1b54...
2026-01-04 16:45:05.589 | INFO     |    Signature: 139 bytes | 308188024201ae906cafbb33334c0a5cd34426cf44a02b66517312f7a2b52892...
2026-01-04 16:45:05.595 | INFO     | ✅ Assinatura verificada com sucesso!
2026-01-04 16:45:05.595 | DEBUG    | ✅ Assinatura de heartbeat válida
2026-01-04 16:45:05.596 | DEBUG    | 💓 Heartbeat recebido (seq=26, age=0.14s)
2026-01-04 16:45:10.572 | INFO     | [OP-20260104_164251-0052] NOTIFICATION | Remote: E0:D3:62:D7:47:03 | Char: 12340001-0000-1000-8000-00805f9b34fb | Data: 236 bytes | Hex: 4e127252bd1a4c50860cf05dce3e7b174e127252bd1a4c50860cf05dce3e7b1702010000001b393a3795ad0c1f1352d42737e61e7320d805b4e56a1e37d4347e | ASCII: N.rR..LP...].>{.N.rR..LP...].>{.......9:7.....R.'7..s ....j.7.4~ [TRUNCATED]
2026-01-04 16:45:10.573 | DEBUG    | 📥 Pacote recebido de uplink: 4e127252... → 4e127252... (type=MessageType(2), ttl=1)
2026-01-04 16:45:10.574 | DEBUG    | Source 4e127252...: seq=27 (novo highest, window: 23 seqs)
2026-01-04 16:45:10.574 | DEBUG    | 📚 Aprendido: 4e127252... → uplink
2026-01-04 16:45:10.575 | INFO     | 📨 Entregando localmente: 4e127252... → 4e127252... (type=MessageType(2), 166 bytes)
2026-01-04 16:45:10.576 | DEBUG    | Source 4e127252...: seq=27 (novo highest, window: 23 seqs)
2026-01-04 16:45:10.577 | DEBUG    | 🔍 Verificando assinatura: sig_len=139, signature_raw_len=139
2026-01-04 16:45:10.577 | INFO     | 💓 Verificando heartbeat:
2026-01-04 16:45:10.579 | INFO     |    Sink NID: 4e127252bd1a4c50860cf05dce3e7b17
2026-01-04 16:45:10.580 | INFO     |    Timestamp: 1767545110.4548223
2026-01-04 16:45:10.580 | INFO     |    Data to verify: 4e127252bd1a4c50860cf05dce3e7b1741da56a6459d1bcf
2026-01-04 16:45:10.581 | INFO     | 🔍 Verificando assinatura:
2026-01-04 16:45:10.584 | INFO     |    Data: 24 bytes | 4e127252bd1a4c50860cf05dce3e7b1741da56a6459d1bcf...
2026-01-04 16:45:10.585 | INFO     |    Signature: 139 bytes | 308188024200a8c6afdb1f63e28c7a15e40b6c794a4a039e8655621afd0942fe...
2026-01-04 16:45:10.588 | INFO     | ✅ Assinatura verificada com sucesso!
2026-01-04 16:45:10.591 | DEBUG    | ✅ Assinatura de heartbeat válida
2026-01-04 16:45:10.591 | DEBUG    | 💓 Heartbeat recebido (seq=27, age=0.14s)
2026-01-04 16:45:15.567 | INFO     | [OP-20260104_164251-0053] NOTIFICATION | Remote: E0:D3:62:D7:47:03 | Char: 12340001-0000-1000-8000-00805f9b34fb | Data: 236 bytes | Hex: 4e127252bd1a4c50860cf05dce3e7b174e127252bd1a4c50860cf05dce3e7b1702010000001ca6725d536f3e0f71bbfa158ae894185b1ec4cc4b2d05cdccb4b7 | ASCII: N.rR..LP...].>{.N.rR..LP...].>{........r]So>.q.......[...K-..... [TRUNCATED]
2026-01-04 16:45:15.569 | DEBUG    | 📥 Pacote recebido de uplink: 4e127252... → 4e127252... (type=MessageType(2), ttl=1)
2026-01-04 16:45:15.570 | DEBUG    | Source 4e127252...: seq=28 (novo highest, window: 24 seqs)
2026-01-04 16:45:15.571 | DEBUG    | 📚 Aprendido: 4e127252... → uplink
2026-01-04 16:45:15.571 | INFO     | 📨 Entregando localmente: 4e127252... → 4e127252... (type=MessageType(2), 166 bytes)
2026-01-04 16:45:15.572 | DEBUG    | Source 4e127252...: seq=28 (novo highest, window: 24 seqs)
2026-01-04 16:45:15.573 | DEBUG    | 🔍 Verificando assinatura: sig_len=139, signature_raw_len=139
2026-01-04 16:45:15.573 | INFO     | 💓 Verificando heartbeat:
2026-01-04 16:45:15.575 | INFO     |    Sink NID: 4e127252bd1a4c50860cf05dce3e7b17
2026-01-04 16:45:15.580 | INFO     |    Timestamp: 1767545115.454825
2026-01-04 16:45:15.581 | INFO     |    Data to verify: 4e127252bd1a4c50860cf05dce3e7b1741da56a646dd1bda
2026-01-04 16:45:15.582 | INFO     | 🔍 Verificando assinatura:
2026-01-04 16:45:15.583 | INFO     |    Data: 24 bytes | 4e127252bd1a4c50860cf05dce3e7b1741da56a646dd1bda...
2026-01-04 16:45:15.585 | INFO     |    Signature: 139 bytes | 30818802420193705a524dc2fdce109972a0a19c57cee4a3f77fd02230431f3d...
2026-01-04 16:45:15.590 | INFO     | ✅ Assinatura verificada com sucesso!
2026-01-04 16:45:15.591 | DEBUG    | ✅ Assinatura de heartbeat válida
2026-01-04 16:45:15.591 | DEBUG    | 💓 Heartbeat recebido (seq=28, age=0.14s)
2026-01-04 16:45:20.565 | INFO     | [OP-20260104_164251-0054] NOTIFICATION | Remote: E0:D3:62:D7:47:03 | Char: 12340001-0000-1000-8000-00805f9b34fb | Data: 236 bytes | Hex: 4e127252bd1a4c50860cf05dce3e7b174e127252bd1a4c50860cf05dce3e7b1702010000001d1df367968b2abf9eacebfa99f039ff024493ab68678a1f1b4f23 | ASCII: N.rR..LP...].>{.N.rR..LP...].>{.........g..*.......9..D..hg...O# [TRUNCATED]
2026-01-04 16:45:20.567 | DEBUG    | 📥 Pacote recebido de uplink: 4e127252... → 4e127252... (type=MessageType(2), ttl=1)
2026-01-04 16:45:20.568 | DEBUG    | Source 4e127252...: seq=29 (novo highest, window: 25 seqs)
2026-01-04 16:45:20.568 | DEBUG    | 📚 Aprendido: 4e127252... → uplink
2026-01-04 16:45:20.569 | INFO     | 📨 Entregando localmente: 4e127252... → 4e127252... (type=MessageType(2), 166 bytes)
2026-01-04 16:45:20.570 | DEBUG    | Source 4e127252...: seq=29 (novo highest, window: 25 seqs)
2026-01-04 16:45:20.570 | DEBUG    | 🔍 Verificando assinatura: sig_len=139, signature_raw_len=139
2026-01-04 16:45:20.571 | INFO     | 💓 Verificando heartbeat:
2026-01-04 16:45:20.573 | INFO     |    Sink NID: 4e127252bd1a4c50860cf05dce3e7b17
2026-01-04 16:45:20.574 | INFO     |    Timestamp: 1767545120.451345
2026-01-04 16:45:20.575 | INFO     |    Data to verify: 4e127252bd1a4c50860cf05dce3e7b1741da56a6481ce2d6
2026-01-04 16:45:20.575 | INFO     | 🔍 Verificando assinatura:
2026-01-04 16:45:20.576 | INFO     |    Data: 24 bytes | 4e127252bd1a4c50860cf05dce3e7b1741da56a6481ce2d6...
2026-01-04 16:45:20.577 | INFO     |    Signature: 139 bytes | 3081880242014a92438d386999b6e4d6647e5b94edfe285bad57afe2cfd130a2...
2026-01-04 16:45:20.579 | INFO     | ✅ Assinatura verificada com sucesso!
2026-01-04 16:45:20.579 | DEBUG    | ✅ Assinatura de heartbeat válida
2026-01-04 16:45:20.579 | DEBUG    | 💓 Heartbeat recebido (seq=29, age=0.13s)
2026-01-04 16:45:24.010 | INFO     | A parar Node...
2026-01-04 16:45:24.012 | INFO     | A parar GATT Server...
2026-01-04 16:45:24.015 | INFO     | ✅ GATT Server parado
2026-01-04 16:45:25.926 | INFO     | Desconectado de E0:D3:62:D7:47:03
2026-01-04 16:45:25.928 | INFO     | [OP-20260104_164251-0055] DISCONNECT | Remote: E0:D3:62:D7:47:03 | Reason: normal
2026-01-04 16:45:25.930 | INFO     | ✅ Node parado
