2025-12-29 17:26:12.732 | INFO     | BLE Operation Logger iniciado: ble_operations_A08869B6F7D2_20251229_172612.log
2025-12-29 17:26:12.732 | INFO     | Scanner BLE iniciado: hci0 (A0:88:69:B6:F7:D2)
2025-12-29 17:26:12.732 | INFO     | BLE Client iniciado
2025-12-29 17:26:12.733 | INFO     | BLE Client criado
2025-12-29 17:26:12.733 | INFO     | NeighborDiscovery inicializado: scan_interval=30s, scan_duration=5000ms, timeout=120s
2025-12-29 17:26:12.734 | INFO     | NeighborDiscovery criado
2025-12-29 17:26:12.734 | INFO     | Link Manager iniciado
2025-12-29 17:26:12.735 | INFO     | LinkManager criado
2025-12-29 17:26:25.153 | INFO     | A iniciar scan de vizinhos...
2025-12-29 17:26:25.154 | DEBUG    | A limpar cache de scan BLE...
2025-12-29 17:26:25.357 | DEBUG    | Cache de scan limpo
2025-12-29 17:26:25.358 | INFO     | A fazer scan BLE durante 5000ms...
2025-12-29 17:26:25.358 | INFO     | [OP-20251229_172612-0001] SCAN_START | Duration: 5000ms | Filter_IoT: True
2025-12-29 17:26:30.389 | DEBUG    |   Encontrado: IoT-Node (E0:D3:62:D6:EE:A0) RSSI: -59 dBm
2025-12-29 17:26:30.392 | INFO     | Scan concluído: 1 dispositivos encontrados
2025-12-29 17:26:30.394 | INFO     | [OP-20251229_172612-0002] SCAN_RESULT | Devices_Found: 1
2025-12-29 17:26:30.395 | DEBUG    | [OP-20251229_172612-0002]   Device_1: Name: IoT-Node | Address: E0:D3:62:D6:EE:A0 | RSSI: -59 dBm | Services: 1
2025-12-29 17:26:30.395 | INFO     | Scan concluído: 1 dispositivos IoT encontrados
2025-12-29 17:26:30.396 | DEBUG    | A conectar a E0:D3:62:D6:EE:A0 para ler DeviceInfo...
2025-12-29 17:26:30.401 | DEBUG    | BLEConnection criada para E0:D3:62:D6:EE:A0
2025-12-29 17:26:30.402 | INFO     | A conectar a E0:D3:62:D6:EE:A0...
2025-12-29 17:26:30.404 | INFO     | [OP-20251229_172612-0003] CONNECT_ATTEMPT | Local: A0:88:69:B6:F7:D2 | Remote: E0:D3:62:D6:EE:A0
2025-12-29 17:26:33.528 | INFO     | ✅ Conectado a E0:D3:62:D6:EE:A0
2025-12-29 17:26:33.529 | INFO     | [OP-20251229_172612-0004] CONNECT_SUCCESS | Remote: E0:D3:62:D6:EE:A0 | Time: 3119.82ms
2025-12-29 17:26:33.530 | DEBUG    | ✅ Conexão estabelecida. Operações GATT usarão D-Bus se necessário.
2025-12-29 17:26:33.531 | DEBUG    | [OP-20251229_172612-0005] READ_REQUEST | Remote: E0:D3:62:D6:EE:A0 | Service: 12340000-0000-1000-8000-00805f9b34fb | Char: 12340002-0000-1000-8000-00805f9b34fb
2025-12-29 17:26:34.029 | DEBUG    | Read 12340002-0000-1000-8000-00805f9b34fb: 18 bytes
2025-12-29 17:26:34.030 | INFO     | [OP-20251229_172612-0006] READ_RESPONSE | Remote: E0:D3:62:D6:EE:A0 | Char: 12340002-0000-1000-8000-00805f9b34fb | Data: 18 bytes | Hex: b3fe2b32d11f4abf8129fc5f238eb44a0100 | ASCII: ..+2..J..)._#..J..
2025-12-29 17:26:34.031 | INFO     | Vizinho descoberto: E0:D3:62:D6:EE:A0 (b3fe2b32...) hop=1 rssi=-59dBm type=node disconnected seen=0.0s ago
2025-12-29 17:26:35.890 | INFO     | Desconectado de E0:D3:62:D6:EE:A0
2025-12-29 17:26:35.891 | INFO     | [OP-20251229_172612-0007] DISCONNECT | Remote: E0:D3:62:D6:EE:A0 | Reason: normal
2025-12-29 17:26:35.892 | INFO     | Novo vizinho adicionado: E0:D3:62:D6:EE:A0
2025-12-29 17:26:52.094 | INFO     | A conectar a vizinho E0:D3:62:D6:EE:A0...
2025-12-29 17:26:52.097 | DEBUG    | BLEConnection criada para E0:D3:62:D6:EE:A0
2025-12-29 17:26:52.097 | INFO     | A conectar a E0:D3:62:D6:EE:A0...
2025-12-29 17:26:52.099 | INFO     | [OP-20251229_172612-0008] CONNECT_ATTEMPT | Local: A0:88:69:B6:F7:D2 | Remote: E0:D3:62:D6:EE:A0
2025-12-29 17:26:55.034 | INFO     | ✅ Conectado a E0:D3:62:D6:EE:A0
2025-12-29 17:26:55.036 | INFO     | [OP-20251229_172612-0009] CONNECT_SUCCESS | Remote: E0:D3:62:D6:EE:A0 | Time: 2931.72ms
2025-12-29 17:26:55.038 | DEBUG    | ✅ Conexão estabelecida. Operações GATT usarão D-Bus se necessário.
2025-12-29 17:26:55.038 | INFO     | Link criado: Link[E0:D3:62:D6:EE:A0] -> NODE NID=b3fe2b32... hop=1 (UPLINK)
2025-12-29 17:26:55.039 | INFO     | ✅ Uplink definido: Link[E0:D3:62:D6:EE:A0] -> NODE NID=b3fe2b32... hop=1
2025-12-29 17:26:55.042 | INFO     | ✅ Conectado a E0:D3:62:D6:EE:A0 e uplink estabelecido
2025-12-29 17:26:55.044 | DEBUG    | Vizinho E0:D3:62:D6:EE:A0 marcado como conectado
2025-12-29 17:27:19.489 | INFO     | Comando stop_heartbeat enviado
2025-12-29 17:28:07.316 | INFO     | Comando resume_heartbeat enviado
2025-12-29 17:28:22.808 | INFO     | A limpar recursos...
2025-12-29 17:28:22.810 | INFO     | A desconectar uplink E0:D3:62:D6:EE:A0...
2025-12-29 17:28:22.811 | INFO     | A desconectar do uplink E0:D3:62:D6:EE:A0
2025-12-29 17:28:24.885 | INFO     | Desconectado de E0:D3:62:D6:EE:A0
2025-12-29 17:28:24.885 | INFO     | [OP-20251229_172612-0010] DISCONNECT | Remote: E0:D3:62:D6:EE:A0 | Reason: normal
2025-12-29 17:28:24.886 | WARNING  | ⚠️  Uplink desconectado!
2025-12-29 17:28:24.886 | INFO     | Uplink removido
2025-12-29 17:28:24.887 | INFO     | ✅ Recursos limpos
