2025-12-29 16:45:10.729 | INFO     | BLE Operation Logger iniciado: ble_operations_A08869B6F7D2_20251229_164510.log
2025-12-29 16:45:10.730 | INFO     | Scanner BLE iniciado: hci0 (A0:88:69:B6:F7:D2)
2025-12-29 16:45:10.730 | INFO     | BLE Client iniciado
2025-12-29 16:45:10.730 | INFO     | BLE Client criado
2025-12-29 16:45:10.731 | INFO     | NeighborDiscovery inicializado: scan_interval=30s, scan_duration=5000ms, timeout=120s
2025-12-29 16:45:10.732 | INFO     | NeighborDiscovery criado
2025-12-29 16:45:10.732 | INFO     | Link Manager iniciado
2025-12-29 16:45:10.732 | INFO     | LinkManager criado
2025-12-29 16:45:12.383 | INFO     | A iniciar scan de vizinhos...
2025-12-29 16:45:12.384 | DEBUG    | A limpar cache de scan BLE...
2025-12-29 16:45:12.590 | DEBUG    | Cache de scan limpo
2025-12-29 16:45:12.590 | INFO     | A fazer scan BLE durante 5000ms...
2025-12-29 16:45:12.591 | INFO     | [OP-20251229_164510-0001] SCAN_START | Duration: 5000ms | Filter_IoT: True
2025-12-29 16:45:17.705 | INFO     | Scan concluído: 0 dispositivos encontrados
2025-12-29 16:45:17.707 | INFO     | [OP-20251229_164510-0002] SCAN_RESULT | Devices_Found: 0
2025-12-29 16:45:17.707 | INFO     | Scan concluído: 0 dispositivos IoT encontrados
2025-12-29 16:45:21.103 | INFO     | A iniciar scan de vizinhos...
2025-12-29 16:45:21.105 | DEBUG    | A limpar cache de scan BLE...
2025-12-29 16:45:21.313 | DEBUG    | Cache de scan limpo
2025-12-29 16:45:21.314 | INFO     | A fazer scan BLE durante 5000ms...
2025-12-29 16:45:21.316 | INFO     | [OP-20251229_164510-0003] SCAN_START | Duration: 5000ms | Filter_IoT: True
2025-12-29 16:45:26.335 | INFO     | Scan concluído: 0 dispositivos encontrados
2025-12-29 16:45:26.336 | INFO     | [OP-20251229_164510-0004] SCAN_RESULT | Devices_Found: 0
2025-12-29 16:45:26.336 | INFO     | Scan concluído: 0 dispositivos IoT encontrados
2025-12-29 16:45:31.812 | INFO     | A iniciar scan de vizinhos...
2025-12-29 16:45:31.813 | DEBUG    | A limpar cache de scan BLE...
2025-12-29 16:45:32.022 | DEBUG    | Cache de scan limpo
2025-12-29 16:45:32.022 | INFO     | A fazer scan BLE durante 5000ms...
2025-12-29 16:45:32.025 | INFO     | [OP-20251229_164510-0005] SCAN_START | Duration: 5000ms | Filter_IoT: True
2025-12-29 16:45:37.141 | DEBUG    |   Encontrado: IoT-Node (E0:D3:62:D6:EE:A0) RSSI: -44 dBm
2025-12-29 16:45:37.142 | INFO     | Scan concluído: 1 dispositivos encontrados
2025-12-29 16:45:37.143 | INFO     | [OP-20251229_164510-0006] SCAN_RESULT | Devices_Found: 1
2025-12-29 16:45:37.144 | DEBUG    | [OP-20251229_164510-0006]   Device_1: Name: IoT-Node | Address: E0:D3:62:D6:EE:A0 | RSSI: -44 dBm | Services: 1
2025-12-29 16:45:37.144 | INFO     | Scan concluído: 1 dispositivos IoT encontrados
2025-12-29 16:45:37.145 | DEBUG    | A conectar a E0:D3:62:D6:EE:A0 para ler DeviceInfo...
2025-12-29 16:45:37.150 | DEBUG    | BLEConnection criada para E0:D3:62:D6:EE:A0
2025-12-29 16:45:37.151 | INFO     | A conectar a E0:D3:62:D6:EE:A0...
2025-12-29 16:45:37.152 | INFO     | [OP-20251229_164510-0007] CONNECT_ATTEMPT | Local: A0:88:69:B6:F7:D2 | Remote: E0:D3:62:D6:EE:A0
2025-12-29 16:45:40.475 | INFO     | ✅ Conectado a E0:D3:62:D6:EE:A0
2025-12-29 16:45:40.476 | INFO     | [OP-20251229_164510-0008] CONNECT_SUCCESS | Remote: E0:D3:62:D6:EE:A0 | Time: 3318.57ms
2025-12-29 16:45:40.478 | DEBUG    | ✅ Conexão estabelecida. Operações GATT usarão D-Bus se necessário.
2025-12-29 16:45:40.478 | DEBUG    | [OP-20251229_164510-0009] READ_REQUEST | Remote: E0:D3:62:D6:EE:A0 | Service: 12340000-0000-1000-8000-00805f9b34fb | Char: 12340002-0000-1000-8000-00805f9b34fb
2025-12-29 16:45:40.994 | DEBUG    | Read 12340002-0000-1000-8000-00805f9b34fb: 18 bytes
2025-12-29 16:45:40.995 | INFO     | [OP-20251229_164510-0010] READ_RESPONSE | Remote: E0:D3:62:D6:EE:A0 | Char: 12340002-0000-1000-8000-00805f9b34fb | Data: 18 bytes | Hex: 32a3f34fe0c34b30b8c7d02af6d71c880100 | ASCII: 2..O..K0...*......
2025-12-29 16:45:40.996 | INFO     | Vizinho descoberto: E0:D3:62:D6:EE:A0 (32a3f34f...) hop=1 rssi=-44dBm type=node disconnected seen=0.0s ago
2025-12-29 16:45:43.007 | INFO     | Desconectado de E0:D3:62:D6:EE:A0
2025-12-29 16:45:43.008 | INFO     | [OP-20251229_164510-0011] DISCONNECT | Remote: E0:D3:62:D6:EE:A0 | Reason: normal
2025-12-29 16:45:43.010 | INFO     | Novo vizinho adicionado: E0:D3:62:D6:EE:A0
2025-12-29 16:45:56.508 | INFO     | A conectar a vizinho E0:D3:62:D6:EE:A0...
2025-12-29 16:45:56.510 | DEBUG    | BLEConnection criada para E0:D3:62:D6:EE:A0
2025-12-29 16:45:56.510 | INFO     | A conectar a E0:D3:62:D6:EE:A0...
2025-12-29 16:45:56.512 | INFO     | [OP-20251229_164510-0012] CONNECT_ATTEMPT | Local: A0:88:69:B6:F7:D2 | Remote: E0:D3:62:D6:EE:A0
2025-12-29 16:45:59.553 | INFO     | ✅ Conectado a E0:D3:62:D6:EE:A0
2025-12-29 16:45:59.554 | INFO     | [OP-20251229_164510-0013] CONNECT_SUCCESS | Remote: E0:D3:62:D6:EE:A0 | Time: 3036.77ms
2025-12-29 16:45:59.555 | DEBUG    | ✅ Conexão estabelecida. Operações GATT usarão D-Bus se necessário.
2025-12-29 16:45:59.555 | INFO     | Link criado: Link[E0:D3:62:D6:EE:A0] -> NODE NID=32a3f34f... hop=1 (UPLINK)
2025-12-29 16:45:59.556 | INFO     | ✅ Uplink definido: Link[E0:D3:62:D6:EE:A0] -> NODE NID=32a3f34f... hop=1
2025-12-29 16:45:59.557 | INFO     | ✅ Conectado a E0:D3:62:D6:EE:A0 e uplink estabelecido
2025-12-29 16:45:59.559 | DEBUG    | Vizinho E0:D3:62:D6:EE:A0 marcado como conectado
2025-12-29 16:46:20.376 | INFO     | [OP-20251229_164510-0014] WRITE_REQUEST | Remote: E0:D3:62:D6:EE:A0 | Char: 12340001-0000-1000-8000-00805f9b34fb | Data: 75 bytes | Hex: cc40da7c18714aaebb1aa05ad213fa8b32a3f34fe0c34b30b8c7d02af6d71c880105000000010000000000000000000000000000000000000000000000000000 | ASCII: .@.|.qJ....Z....2..O..K0...*.................................... [TRUNCATED]
2025-12-29 16:46:20.444 | DEBUG    | ✅ Write via SimpleBLE: 12340001-0000-1000-8000-00805f9b34fb (75 bytes)
2025-12-29 16:46:20.445 | INFO     | [OP-20251229_164510-0015] WRITE_SUCCESS | Remote: E0:D3:62:D6:EE:A0 | Char: 12340001-0000-1000-8000-00805f9b34fb
2025-12-29 16:47:08.829 | INFO     | A desconectar do uplink E0:D3:62:D6:EE:A0
2025-12-29 16:47:11.006 | INFO     | Desconectado de E0:D3:62:D6:EE:A0
2025-12-29 16:47:11.008 | INFO     | [OP-20251229_164510-0016] DISCONNECT | Remote: E0:D3:62:D6:EE:A0 | Reason: normal
2025-12-29 16:47:11.010 | WARNING  | ⚠️  Uplink desconectado!
2025-12-29 16:47:11.012 | INFO     | Uplink removido
2025-12-29 16:47:11.014 | DEBUG    | Vizinho E0:D3:62:D6:EE:A0 marcado como desconectado
