2026-01-04 04:26:42.412 | INFO     | BLE Operation Logger iniciado: ble_operations_E0D362D6EEA0_20260104_042642.log
2026-01-04 04:26:42.413 | INFO     | Scanner BLE iniciado: hci0 (E0:D3:62:D6:EE:A0)
2026-01-04 04:26:42.413 | INFO     | BLE Client iniciado
2026-01-04 04:26:42.414 | DEBUG    | FragmentReassembler inicializado
2026-01-04 04:26:42.415 | INFO     | ReplayProtection iniciado (window_size=100)
2026-01-04 04:26:42.416 | INFO     | 🔀 Router Daemon inicializado para NID=0abd8260...
2026-01-04 04:26:42.416 | DEBUG    | ✅ Send callback configurado
2026-01-04 04:26:42.417 | DEBUG    | ✅ Handler registado para MessageType(1)
2026-01-04 04:26:42.417 | DEBUG    | ✅ Handler registado para MessageType(2)
2026-01-04 04:26:42.417 | INFO     | IoT Node inicializado (adapter=hci0)
2026-01-04 04:26:42.418 | INFO     | ✅ Router Daemon integrado
2026-01-04 04:26:42.419 | INFO     | A configurar GATT Server...
2026-01-04 04:26:42.421 | INFO     | Application criada: /
2026-01-04 04:26:42.422 | INFO     | Service criado: /0 (UUID: 12340000-0000-1000-8000-00805f9b34fb, primary: True)
2026-01-04 04:26:42.423 | INFO     | A criar IoTNetworkService...
2026-01-04 04:26:42.424 | DEBUG    | Characteristic criada: /0/char0 (UUID: 12340001-0000-1000-8000-00805f9b34fb, flags: ['write', 'notify'])
2026-01-04 04:26:42.424 | INFO     | NetworkPacketCharacteristic criada
2026-01-04 04:26:42.425 | DEBUG    | Characteristic criada: /0/char1 (UUID: 12340002-0000-1000-8000-00805f9b34fb, flags: ['read'])
2026-01-04 04:26:42.425 | INFO     | DeviceInfoCharacteristic criada: NID=0abd8260..., type=node
2026-01-04 04:26:42.425 | DEBUG    | Characteristic criada: /0/char2 (UUID: 12340003-0000-1000-8000-00805f9b34fb, flags: ['read', 'notify'])
2026-01-04 04:26:42.425 | INFO     | NeighborTableCharacteristic criada
2026-01-04 04:26:42.426 | DEBUG    | Characteristic criada: /0/char3 (UUID: 12340004-0000-1000-8000-00805f9b34fb, flags: ['write', 'indicate'])
2026-01-04 04:26:42.426 | INFO     | AuthCharacteristic criada
2026-01-04 04:26:42.428 | DEBUG    | Characteristic adicionada a /0: /0/char0
2026-01-04 04:26:42.428 | DEBUG    | Characteristic adicionada a /0: /0/char1
2026-01-04 04:26:42.428 | DEBUG    | Characteristic adicionada a /0: /0/char2
2026-01-04 04:26:42.428 | DEBUG    | Characteristic adicionada a /0: /0/char3
2026-01-04 04:26:42.428 | INFO     | ✅ IoTNetworkService criado com sucesso!
2026-01-04 04:26:42.429 | INFO     | Service adicionado à aplicação: /0
2026-01-04 04:26:42.430 | DEBUG    | Packet callback definido
2026-01-04 04:26:42.430 | DEBUG    | Auth callback definido
2026-01-04 04:26:42.430 | INFO     | Advertisement criado: /org/bluez/iot/advertisement0 (type: peripheral)
2026-01-04 04:26:42.430 | INFO     | ✅ Service UUID adicionado ao advertising: 12340000-0000-1000-8000-00805f9b34fb
2026-01-04 04:26:42.431 | INFO     |    Lista atual de UUIDs: ['12340000-0000-1000-8000-00805f9b34fb']
2026-01-04 04:26:42.431 | DEBUG    | Local name definido: IoT-Node-0abd8260
2026-01-04 04:26:42.431 | DEBUG    | Manufacturer data adicionado: ID=65535
2026-01-04 04:26:42.431 | INFO     | ✅ GATT Server configurado
2026-01-04 04:26:42.433 | INFO     | A iniciar GATT Server...
2026-01-04 04:26:42.435 | INFO     | ✅ GATT Server iniciado em thread separada
2026-01-04 04:26:42.436 | INFO     | ✅ Node Device iniciado - CLI interativo pronto
2026-01-04 04:26:42.440 | DEBUG    | GetManagedObjects called
2026-01-04 04:26:42.440 | DEBUG    | GetManagedObjects returning 5 objects
2026-01-04 04:26:42.507 | INFO     | ✅ GATT application registada!
2026-01-04 04:26:42.508 | DEBUG    | GetAll called on /org/bluez/iot/advertisement0
2026-01-04 04:26:42.508 | INFO     | 📡 Advertising com ServiceUUIDs: ['12340000-0000-1000-8000-00805f9b34fb']
2026-01-04 04:26:42.616 | INFO     | ✅ Advertisement registado!
2026-01-04 04:26:45.634 | INFO     | A fazer scan BLE durante 5000ms...
2026-01-04 04:26:45.635 | INFO     | [OP-20260104_042642-0001] SCAN_START | Duration: 5000ms | Filter_IoT: True
2026-01-04 04:26:50.848 | INFO     | Scan concluído: 0 dispositivos encontrados
2026-01-04 04:26:50.849 | INFO     | [OP-20260104_042642-0002] SCAN_RESULT | Devices_Found: 0
2026-01-04 04:26:50.852 | INFO     | A fazer scan BLE durante 5000ms...
2026-01-04 04:26:50.855 | INFO     | [OP-20260104_042642-0003] SCAN_START | Duration: 5000ms | Filter_IoT: True
2026-01-04 04:26:55.879 | DEBUG    |   Encontrado: IoT-Sink-4e127252 (E0:D3:62:D7:47:03) RSSI: -52 dBm
2026-01-04 04:26:55.880 | INFO     | Scan concluído: 1 dispositivos encontrados
2026-01-04 04:26:55.882 | INFO     | [OP-20260104_042642-0004] SCAN_RESULT | Devices_Found: 1
2026-01-04 04:26:55.883 | DEBUG    | [OP-20260104_042642-0004]   Device_1: Name: IoT-Sink-4e127252 | Address: E0:D3:62:D7:47:03 | RSSI: -52 dBm | Services: 1
2026-01-04 04:27:47.474 | INFO     | A fazer scan BLE durante 5000ms...
2026-01-04 04:27:47.476 | INFO     | [OP-20260104_042642-0005] SCAN_START | Duration: 5000ms | Filter_IoT: True
2026-01-04 04:27:52.595 | INFO     | Scan concluído: 0 dispositivos encontrados
2026-01-04 04:27:52.596 | INFO     | [OP-20260104_042642-0006] SCAN_RESULT | Devices_Found: 0
2026-01-04 04:27:52.597 | INFO     | A fazer scan BLE durante 5000ms...
2026-01-04 04:27:52.599 | INFO     | [OP-20260104_042642-0007] SCAN_START | Duration: 5000ms | Filter_IoT: True
2026-01-04 04:27:57.614 | DEBUG    |   Encontrado: IoT-Sink-4e127252 (E0:D3:62:D7:47:03) RSSI: -58 dBm
2026-01-04 04:27:57.614 | INFO     | Scan concluído: 1 dispositivos encontrados
2026-01-04 04:27:57.615 | INFO     | [OP-20260104_042642-0008] SCAN_RESULT | Devices_Found: 1
2026-01-04 04:27:57.616 | DEBUG    | [OP-20260104_042642-0008]   Device_1: Name: IoT-Sink-4e127252 | Address: E0:D3:62:D7:47:03 | RSSI: -58 dBm | Services: 1
2026-01-04 04:28:10.734 | INFO     | A conectar ao Sink E0:D3:62:D7:47:03...
2026-01-04 04:28:10.735 | DEBUG    | BLEConnection criada para E0:D3:62:D7:47:03
2026-01-04 04:28:10.736 | INFO     | A conectar a E0:D3:62:D7:47:03...
2026-01-04 04:28:10.736 | INFO     | [OP-20260104_042642-0009] CONNECT_ATTEMPT | Local: E0:D3:62:D6:EE:A0 | Remote: E0:D3:62:D7:47:03
2026-01-04 04:28:16.756 | INFO     | ✅ Conectado a E0:D3:62:D7:47:03
2026-01-04 04:28:16.757 | INFO     | [OP-20260104_042642-0010] CONNECT_SUCCESS | Remote: E0:D3:62:D7:47:03 | Time: 6015.61ms
2026-01-04 04:28:16.759 | DEBUG    | ✅ Conexão estabelecida. Operações GATT usarão D-Bus se necessário.
2026-01-04 04:28:16.759 | INFO     | ✅ Conectado ao Sink via GATT
2026-01-04 04:28:16.763 | DEBUG    | Descobertos 4 serviços
2026-01-04 04:28:16.767 | DEBUG    | Serviço 12340000-0000-1000-8000-00805f9b34fb encontrado
2026-01-04 04:28:16.768 | INFO     | ✅ Serviço IoT Network encontrado
2026-01-04 04:28:16.770 | DEBUG    | 🔄 Timestamp de heartbeat resetado para nova conexão
2026-01-04 04:28:16.770 | INFO     | A subscrever a notificações...
2026-01-04 04:28:17.200 | INFO     | ✅ Subscrito a notificações: 12340001-0000-1000-8000-00805f9b34fb
2026-01-04 04:28:17.201 | INFO     | [OP-20260104_042642-0011] SUBSCRIBE_SUCCESS | Remote: E0:D3:62:D7:47:03 | Char: 12340001-0000-1000-8000-00805f9b34fb
2026-01-04 04:28:17.203 | INFO     | ✅ Subscrito a NETWORK_PACKET
2026-01-04 04:28:17.204 | DEBUG    | [OP-20260104_042642-0012] READ_REQUEST | Remote: E0:D3:62:D7:47:03 | Service: 12340000-0000-1000-8000-00805f9b34fb | Char: 12340002-0000-1000-8000-00805f9b34fb
2026-01-04 04:28:17.293 | DEBUG    | Read 12340002-0000-1000-8000-00805f9b34fb: 18 bytes
2026-01-04 04:28:17.293 | INFO     | [OP-20260104_042642-0013] READ_RESPONSE | Remote: E0:D3:62:D7:47:03 | Char: 12340002-0000-1000-8000-00805f9b34fb | Data: 18 bytes | Hex: 4e127252bd1a4c50860cf05dce3e7b17ff01 | ASCII: N.rR..LP...].>{...
2026-01-04 04:28:17.294 | INFO     | ✅ Conectado ao Sink - hop_count=0
2026-01-04 04:28:17.294 | INFO     | 🔐 A iniciar autenticação com Sink...
2026-01-04 04:28:17.295 | DEBUG    | 📡 A subscrever a AUTH characteristic...
2026-01-04 04:28:17.380 | INFO     | ✅ Subscrito a notificações: 12340004-0000-1000-8000-00805f9b34fb
2026-01-04 04:28:17.380 | INFO     | [OP-20260104_042642-0014] SUBSCRIBE_SUCCESS | Remote: E0:D3:62:D7:47:03 | Char: 12340004-0000-1000-8000-00805f9b34fb
2026-01-04 04:28:17.381 | DEBUG    | ✅ Subscrito a AUTH indications
2026-01-04 04:28:17.381 | INFO     | AuthenticationProtocol inicializado para 0abd8260...
2026-01-04 04:28:17.382 | INFO     | 📤 Enviando certificado...
2026-01-04 04:28:17.383 | INFO     | 🔐 Iniciando autenticação - enviando certificado...
2026-01-04 04:28:17.383 | INFO     |    Certificado: 887 bytes
2026-01-04 04:28:17.384 | DEBUG    |    Estado: IDLE → CERT_SENT
2026-01-04 04:28:17.385 | INFO     | Fragmentando mensagem de 890 bytes em 5 fragmentos
2026-01-04 04:28:17.385 | DEBUG    |   Fragmento 1/5: 180 bytes, flags=0x01
2026-01-04 04:28:17.385 | DEBUG    |   Fragmento 2/5: 180 bytes, flags=0x00
2026-01-04 04:28:17.385 | DEBUG    |   Fragmento 3/5: 180 bytes, flags=0x00
2026-01-04 04:28:17.385 | DEBUG    |   Fragmento 4/5: 180 bytes, flags=0x00
2026-01-04 04:28:17.386 | DEBUG    |   Fragmento 5/5: 170 bytes, flags=0x02
2026-01-04 04:28:17.386 | DEBUG    | Enviando mensagem auth: 890 bytes em 5 fragmento(s)
2026-01-04 04:28:17.387 | INFO     | [OP-20260104_042642-0015] WRITE_REQUEST | Remote: E0:D3:62:D7:47:03 | Char: 12340004-0000-1000-8000-00805f9b34fb | Data: 183 bytes | Hex: 0100050103772d2d2d2d2d424547494e2043455254494649434154452d2d2d2d2d0a4d4949435954434341634b674177494241674955425269314a556f385272 | ASCII: .....w-----BEGIN CERTIFICATE-----.MIICYTCCAcKgAwIBAgIUBRi1JUo8Rr [TRUNCATED]
2026-01-04 04:28:17.471 | DEBUG    | ✅ Write via SimpleBLE: 12340004-0000-1000-8000-00805f9b34fb (183 bytes)
2026-01-04 04:28:17.471 | INFO     | [OP-20260104_042642-0016] WRITE_SUCCESS | Remote: E0:D3:62:D7:47:03 | Char: 12340004-0000-1000-8000-00805f9b34fb
2026-01-04 04:28:17.474 | DEBUG    |   Fragmento 1/5 enviado
2026-01-04 04:28:17.575 | INFO     | [OP-20260104_042642-0017] WRITE_REQUEST | Remote: E0:D3:62:D7:47:03 | Char: 12340004-0000-1000-8000-00805f9b34fb | Data: 183 bytes | Hex: 0001054d446b6c765643424f5a58523362334a7249454e424d423458445449324d4445774e4441774e5463784e566f580a44544d324d4445774d6a41774e5463 | ASCII: ...MDklvVCBOZXR3b3JrIENBMB4XDTI2MDEwNDAwNTcxNVoX.DTM2MDEwMjAwNTc [TRUNCATED]
2026-01-04 04:28:17.649 | DEBUG    | ✅ Write via SimpleBLE: 12340004-0000-1000-8000-00805f9b34fb (183 bytes)
2026-01-04 04:28:17.649 | INFO     | [OP-20260104_042642-0018] WRITE_SUCCESS | Remote: E0:D3:62:D7:47:03 | Char: 12340004-0000-1000-8000-00805f9b34fb
2026-01-04 04:28:17.650 | DEBUG    |   Fragmento 2/5 enviado
2026-01-04 04:28:17.752 | INFO     | [OP-20260104_042642-0019] WRITE_REQUEST | Remote: E0:D3:62:D7:47:03 | Char: 12340004-0000-1000-8000-00805f9b34fb | Data: 183 bytes | Hex: 000205675a7377454159484b6f5a497a6a3043415159464b34454541434d44675959414241415a47726f48704c3249416f6e354f56414d2f534c41433941790a | ASCII: ...gZswEAYHKoZIzj0CAQYFK4EEACMDgYYABAAZGroHpL2IAon5OVAM/SLAC9Ay. [TRUNCATED]
2026-01-04 04:28:17.829 | DEBUG    | ✅ Write via SimpleBLE: 12340004-0000-1000-8000-00805f9b34fb (183 bytes)
2026-01-04 04:28:17.830 | INFO     | [OP-20260104_042642-0020] WRITE_SUCCESS | Remote: E0:D3:62:D7:47:03 | Char: 12340004-0000-1000-8000-00805f9b34fb
2026-01-04 04:28:17.831 | DEBUG    |   Fragmento 3/5 enviado
2026-01-04 04:28:17.933 | INFO     | [OP-20260104_042642-0021] WRITE_REQUEST | Remote: E0:D3:62:D7:47:03 | Char: 12340004-0000-1000-8000-00805f9b34fb | Data: 183 bytes | Hex: 000305594d574c6568665250740a4e64354f775453414a4e694f3069637059514f355a614d344d44597744415944565230544151482f424149774144414f4267 | ASCII: ...YMWLehfRPt.Nd5OwTSAJNiO0icpYQO5ZaM4MDYwDAYDVR0TAQH/BAIwADAOBg [TRUNCATED]
2026-01-04 04:28:18.014 | DEBUG    | ✅ Write via SimpleBLE: 12340004-0000-1000-8000-00805f9b34fb (183 bytes)
2026-01-04 04:28:18.014 | INFO     | [OP-20260104_042642-0022] WRITE_SUCCESS | Remote: E0:D3:62:D7:47:03 | Char: 12340004-0000-1000-8000-00805f9b34fb
2026-01-04 04:28:18.014 | DEBUG    |   Fragmento 4/5 enviado
2026-01-04 04:28:18.121 | INFO     | [OP-20260104_042642-0023] WRITE_REQUEST | Remote: E0:D3:62:D7:47:03 | Char: 12340004-0000-1000-8000-00805f9b34fb | Data: 173 bytes | Hex: 020405653836677866637859446f747047433179376761726a6850680a547133775375714333506b30754371454b3853702f5345435167456a385939726a546f | ASCII: ...e86gxfcxYDotpGC1y7garjhPh.Tq3wSuqC3Pk0uCqEK8Sp/SECQgEj8Y9rjTo [TRUNCATED]
2026-01-04 04:28:18.235 | DEBUG    | ✅ Write via SimpleBLE: 12340004-0000-1000-8000-00805f9b34fb (173 bytes)
2026-01-04 04:28:18.235 | INFO     | [OP-20260104_042642-0024] NOTIFICATION | Remote: E0:D3:62:D7:47:03 | Char: 12340004-0000-1000-8000-00805f9b34fb | Data: 183 bytes | Hex: 0100060203b00000038c2d2d2d2d2d424547494e2043455254494649434154452d2d2d2d2d0a4d494943634443434164476741774942416749554847374f5a74 | ASCII: ..........-----BEGIN CERTIFICATE-----.MIICcDCCAdGgAwIBAgIUHG7OZt [TRUNCATED]
2026-01-04 04:28:18.236 | INFO     | [OP-20260104_042642-0025] WRITE_SUCCESS | Remote: E0:D3:62:D7:47:03 | Char: 12340004-0000-1000-8000-00805f9b34fb
2026-01-04 04:28:18.236 | DEBUG    | 🔐 AUTH indication recebida: 183 bytes
2026-01-04 04:28:18.237 | DEBUG    | Fragmento recebido: seq=0, total=6, payload=180 bytes, flags=0x01
2026-01-04 04:28:18.236 | DEBUG    |   Fragmento 5/5 enviado
2026-01-04 04:28:18.237 | INFO     | Iniciando recepção de 6 fragmentos
2026-01-04 04:28:18.238 | DEBUG    | Fragmento 1/6 armazenado (1 de 6 recebidos)
2026-01-04 04:28:18.238 | DEBUG    | 🔐 Aguardando mais fragmentos AUTH...
2026-01-04 04:28:18.329 | INFO     | [OP-20260104_042642-0026] NOTIFICATION | Remote: E0:D3:62:D7:47:03 | Char: 12340004-0000-1000-8000-00805f9b34fb | Data: 183 bytes | Hex: 0001065642414d4d446b6c765643424f5a58523362334a7249454e424d423458445449324d4445774e4441774e44517a4e466f580a44544d324d4445774d6a41 | ASCII: ...VBAMMDklvVCBOZXR3b3JrIENBMB4XDTI2MDEwNDAwNDQzNFoX.DTM2MDEwMjA [TRUNCATED]
2026-01-04 04:28:18.330 | DEBUG    | 🔐 AUTH indication recebida: 183 bytes
2026-01-04 04:28:18.330 | DEBUG    | Fragmento recebido: seq=1, total=6, payload=180 bytes, flags=0x00
2026-01-04 04:28:18.330 | DEBUG    | Fragmento 2/6 armazenado (2 de 6 recebidos)
2026-01-04 04:28:18.330 | DEBUG    | 🔐 Aguardando mais fragmentos AUTH...
2026-01-04 04:28:18.337 | DEBUG    | Autenticação round 1/10
2026-01-04 04:28:18.460 | INFO     | [OP-20260104_042642-0027] NOTIFICATION | Remote: E0:D3:62:D7:47:03 | Char: 12340004-0000-1000-8000-00805f9b34fb | Data: 183 bytes | Hex: 0002064d5463784454414c42674e564241734d42464e70626d7377675a7377454159484b6f5a497a6a3043415159464b34454541434d44675959414241416965 | ASCII: ...MTcxDTALBgNVBAsMBFNpbmswgZswEAYHKoZIzj0CAQYFK4EEACMDgYYABAAie [TRUNCATED]
2026-01-04 04:28:18.461 | DEBUG    | 🔐 AUTH indication recebida: 183 bytes
2026-01-04 04:28:18.461 | DEBUG    | Fragmento recebido: seq=2, total=6, payload=180 bytes, flags=0x00
2026-01-04 04:28:18.462 | DEBUG    | Fragmento 3/6 armazenado (3 de 6 recebidos)
2026-01-04 04:28:18.462 | DEBUG    | 🔐 Aguardando mais fragmentos AUTH...
2026-01-04 04:28:18.640 | INFO     | [OP-20260104_042642-0028] NOTIFICATION | Remote: E0:D3:62:D7:47:03 | Char: 12340001-0000-1000-8000-00805f9b34fb | Data: 236 bytes | Hex: 4e127252bd1a4c50860cf05dce3e7b174e127252bd1a4c50860cf05dce3e7b17020100000014d57cf444d1511601fdbfd48fa49c05fbf4dc5b7799210a53e14e | ASCII: N.rR..LP...].>{.N.rR..LP...].>{........|.D.Q............[w.!.S.N [TRUNCATED]
2026-01-04 04:28:18.641 | DEBUG    | 📥 Pacote recebido de uplink: 4e127252... → 4e127252... (type=MessageType(2), ttl=1)
2026-01-04 04:28:18.641 | DEBUG    | Novo source 4e127252...: seq=20 (primeiro pacote)
2026-01-04 04:28:18.641 | DEBUG    | Learning new route: 4e127252... → uplink
2026-01-04 04:28:18.641 | DEBUG    | 📚 Aprendido: 4e127252... → uplink
2026-01-04 04:28:18.641 | INFO     | 📨 Entregando localmente: 4e127252... → 4e127252... (type=MessageType(2), 166 bytes)
2026-01-04 04:28:18.641 | INFO     | Sink NID identificado: 4e127252...
2026-01-04 04:28:18.642 | DEBUG    | Novo source 4e127252...: seq=20 (primeiro pacote)
2026-01-04 04:28:18.642 | WARNING  | ⚠️  Certificado do Sink não disponível para verificação
2026-01-04 04:28:18.642 | DEBUG    |    hasattr _sink_cert: False
2026-01-04 04:28:18.642 | ERROR    | ❌ Assinatura de heartbeat inválida!
2026-01-04 04:28:18.730 | INFO     | [OP-20260104_042642-0029] NOTIFICATION | Remote: E0:D3:62:D7:47:03 | Char: 12340004-0000-1000-8000-00805f9b34fb | Data: 183 bytes | Hex: 000306744e5338774d764f4b683338524e0a68474a6a584d4c4678794e3148747658795a6a6b546f6e452f454b6d542f4f2f676e544b3246515946364d344d44 | ASCII: ...tNS8wMvOKh38RN.hGJjXMLFxyN1HtvXyZjkTonE/EKmT/O/gnTK2FQYF6M4MD [TRUNCATED]
2026-01-04 04:28:18.731 | DEBUG    | 🔐 AUTH indication recebida: 183 bytes
2026-01-04 04:28:18.731 | DEBUG    | Fragmento recebido: seq=3, total=6, payload=180 bytes, flags=0x00
2026-01-04 04:28:18.732 | DEBUG    | Fragmento 4/6 armazenado (4 de 6 recebidos)
2026-01-04 04:28:18.732 | DEBUG    | 🔐 Aguardando mais fragmentos AUTH...
2026-01-04 04:28:18.822 | INFO     | [OP-20260104_042642-0030] NOTIFICATION | Remote: E0:D3:62:D7:47:03 | Char: 12340004-0000-1000-8000-00805f9b34fb | Data: 183 bytes | Hex: 0004067147634b4e4f617968672f445975705336566f6269315549565972784e0a6b5258466b4e49746558616456426f6d324b326a397350446f307978766142 | ASCII: ...qGcKNOayhg/DYupS6Vobi1UIVYrxN.kRXFkNIteXadVBom2K2j9sPDo0yxvaB [TRUNCATED]
2026-01-04 04:28:18.823 | DEBUG    | 🔐 AUTH indication recebida: 183 bytes
2026-01-04 04:28:18.823 | DEBUG    | Fragmento recebido: seq=4, total=6, payload=180 bytes, flags=0x00
2026-01-04 04:28:18.823 | DEBUG    | Fragmento 5/6 armazenado (5 de 6 recebidos)
2026-01-04 04:28:18.823 | DEBUG    | 🔐 Aguardando mais fragmentos AUTH...
2026-01-04 04:28:18.838 | DEBUG    | Sem resposta ainda, continuando...
2026-01-04 04:28:18.838 | DEBUG    | Autenticação round 2/10
2026-01-04 04:28:18.910 | INFO     | [OP-20260104_042642-0031] NOTIFICATION | Remote: E0:D3:62:D7:47:03 | Char: 12340004-0000-1000-8000-00805f9b34fb | Data: 50 bytes | Hex: 0205065254494649434154452d2d2d2d2d0a06aa36ffc4225a65a5b097ac78711116e51c9494634c3d5485d06ffe6e4d5b19 | ASCII: ...RTIFICATE-----...6.."Ze....xq......cL=T..o.nM[.
2026-01-04 04:28:18.915 | DEBUG    | 🔐 AUTH indication recebida: 50 bytes
2026-01-04 04:28:18.915 | DEBUG    | Fragmento recebido: seq=5, total=6, payload=47 bytes, flags=0x02
2026-01-04 04:28:18.915 | DEBUG    | Fragmento 6/6 armazenado (6 de 6 recebidos)
2026-01-04 04:28:18.916 | INFO     | ✅ Mensagem reconstruída: 947 bytes (6 fragmentos)
2026-01-04 04:28:18.918 | DEBUG    | FragmentReassembler resetado
2026-01-04 04:28:18.918 | DEBUG    | 🔐 AUTH mensagem completa: 947 bytes
2026-01-04 04:28:19.338 | DEBUG    | Resposta auth lida do buffer: 947 bytes
2026-01-04 04:28:19.339 | DEBUG    | 📨 Recebido: AuthMessage(type=CHALLENGE, payload=944 bytes)
2026-01-04 04:28:19.339 | INFO     | 🎲 Challenge recebido - processando certificado + challenge...
2026-01-04 04:28:19.340 | INFO     | 📜 Extraindo certificado do peer do payload...
2026-01-04 04:28:19.344 | DEBUG    | ✅ Assinatura da CA válida
2026-01-04 04:28:19.345 | DEBUG    | ✅ Certificado válido temporalmente (expira em 2036-01-02 00:44:34+00:00)
2026-01-04 04:28:19.345 | INFO     | ✅ Certificado validado com sucesso
2026-01-04 04:28:19.347 | INFO     | ✅ Certificado do peer validado!
2026-01-04 04:28:19.347 | INFO     |    Peer NID: 4e127252...
2026-01-04 04:28:19.347 | INFO     |    Peer tipo: SINK
2026-01-04 04:28:19.348 | DEBUG    |    Challenge: 06aa36ffc4225a65a5b097ac78711116...
2026-01-04 04:28:19.348 | INFO     | ✍️  Assinando dados:
2026-01-04 04:28:19.348 | INFO     |    Data: 32 bytes | 06aa36ffc4225a65a5b097ac78711116e51c9494634c3d5485d06ffe6e4d5b19...
2026-01-04 04:28:19.350 | INFO     |    Signature: 138 bytes | 308187024201a0169576ee89b64f71c12bb1f31cc6c3b3d874c03b4e0565f09f...
2026-01-04 04:28:19.355 | INFO     | ✍️  Response gerada: 138 bytes
2026-01-04 04:28:19.357 | DEBUG    |    Estado: CHALLENGE_RECEIVED
2026-01-04 04:28:19.360 | DEBUG    | 📤 Enviando resposta (141 bytes)
2026-01-04 04:28:19.360 | DEBUG    | Mensagem pequena (141 bytes), 1 fragmento
2026-01-04 04:28:19.361 | DEBUG    | Enviando mensagem auth: 141 bytes em 1 fragmento(s)
2026-01-04 04:28:19.367 | INFO     | [OP-20260104_042642-0032] WRITE_REQUEST | Remote: E0:D3:62:D7:47:03 | Char: 12340004-0000-1000-8000-00805f9b34fb | Data: 144 bytes | Hex: 03000103008a308187024201a0169576ee89b64f71c12bb1f31cc6c3b3d874c03b4e0565f09fbd17593cfed0374fc51dd9d6a02b63223b744a7119f1f6016a7e | ASCII: ......0...B....v...Oq.+.......t.;N.e....Y<..7O.....+c";tJq....j~ [TRUNCATED]
2026-01-04 04:28:19.450 | DEBUG    | ✅ Write via SimpleBLE: 12340004-0000-1000-8000-00805f9b34fb (144 bytes)
2026-01-04 04:28:19.451 | INFO     | [OP-20260104_042642-0033] WRITE_SUCCESS | Remote: E0:D3:62:D7:47:03 | Char: 12340004-0000-1000-8000-00805f9b34fb
2026-01-04 04:28:19.451 | DEBUG    |   Fragmento 1/1 enviado
2026-01-04 04:28:19.451 | DEBUG    | Autenticação round 3/10
2026-01-04 04:28:19.452 | INFO     | [OP-20260104_042642-0034] NOTIFICATION | Remote: E0:D3:62:D7:47:03 | Char: 12340004-0000-1000-8000-00805f9b34fb | Data: 6 bytes | Hex: 030001040000 | ASCII: ......
2026-01-04 04:28:19.452 | DEBUG    | 🔐 AUTH indication recebida: 6 bytes
2026-01-04 04:28:19.452 | DEBUG    | Fragmento recebido: seq=0, total=1, payload=3 bytes, flags=0x03
2026-01-04 04:28:19.453 | INFO     | Iniciando recepção de 1 fragmentos
2026-01-04 04:28:19.455 | DEBUG    | Fragmento 1/1 armazenado (1 de 1 recebidos)
2026-01-04 04:28:19.455 | INFO     | ✅ Mensagem reconstruída: 3 bytes (1 fragmentos)
2026-01-04 04:28:19.457 | DEBUG    | FragmentReassembler resetado
2026-01-04 04:28:19.457 | DEBUG    | 🔐 AUTH mensagem completa: 3 bytes
2026-01-04 04:28:19.951 | DEBUG    | Resposta auth lida do buffer: 3 bytes
2026-01-04 04:28:19.952 | DEBUG    | 📨 Recebido: AuthMessage(type=AUTH_SUCCESS, payload=0 bytes)
2026-01-04 04:28:19.952 | INFO     | ✅ Peer confirmou autenticação bem sucedida!
2026-01-04 04:28:19.953 | INFO     | ✅ Autenticação bem-sucedida!
2026-01-04 04:28:19.955 | DEBUG    | 🔑 Session key derivada: 32 bytes
2026-01-04 04:28:19.955 | INFO     | 🔑 Session key estabelecida
2026-01-04 04:28:19.956 | DEBUG    | 🔑 Session key configurada para porta uplink
2026-01-04 04:28:19.956 | INFO     | 🔀 Session key configurada no Router Daemon
2026-01-04 04:28:19.956 | INFO     | ✅ Certificado do Sink armazenado para verificação de heartbeats
2026-01-04 04:28:19.957 | INFO     | DTLSChannel criado (client) com certificado node_0abd8260_cert.pem
2026-01-04 04:28:19.957 | INFO     | Iniciando handshake DTLS...
2026-01-04 04:28:19.958 | WARNING  | DTLS não disponível - operando em modo stub
2026-01-04 04:28:19.958 | INFO     | ✅ Canal DTLS (stub) estabelecido
2026-01-04 04:28:19.958 | INFO     | 🔐 Canal DTLS end-to-end estabelecido com Sink
2026-01-04 04:28:19.959 | INFO     | 🔑 Chave de encriptação end-to-end derivada (AES-256-GCM)
2026-01-04 04:28:19.959 | INFO     | 🔑 Chave de encriptação end-to-end derivada
2026-01-04 04:28:23.637 | INFO     | [OP-20260104_042642-0035] NOTIFICATION | Remote: E0:D3:62:D7:47:03 | Char: 12340001-0000-1000-8000-00805f9b34fb | Data: 236 bytes | Hex: 4e127252bd1a4c50860cf05dce3e7b174e127252bd1a4c50860cf05dce3e7b170201000000158be5ecd35703af395967703733a8218c8a01e5734937e2057902 | ASCII: N.rR..LP...].>{.N.rR..LP...].>{...........W..9Ygp73.!....sI7..y. [TRUNCATED]
2026-01-04 04:28:23.639 | DEBUG    | 📥 Pacote recebido de uplink: 4e127252... → 4e127252... (type=MessageType(2), ttl=1)
2026-01-04 04:28:23.639 | DEBUG    | Source 4e127252...: seq=21 (novo highest, window: 2 seqs)
2026-01-04 04:28:23.640 | DEBUG    | 📚 Aprendido: 4e127252... → uplink
2026-01-04 04:28:23.640 | INFO     | 📨 Entregando localmente: 4e127252... → 4e127252... (type=MessageType(2), 166 bytes)
2026-01-04 04:28:23.641 | DEBUG    | Source 4e127252...: seq=21 (novo highest, window: 2 seqs)
2026-01-04 04:28:23.642 | DEBUG    | 🔍 Verificando assinatura: sig_len=138, signature_raw_len=138
2026-01-04 04:28:23.642 | INFO     | 💓 Verificando heartbeat:
2026-01-04 04:28:23.643 | INFO     |    Sink NID: 4e127252bd1a4c50860cf05dce3e7b17
2026-01-04 04:28:23.644 | INFO     |    Timestamp: 1767500903.4948678
2026-01-04 04:28:23.645 | INFO     |    Data to verify: 4e127252bd1a4c50860cf05dce3e7b1741da567b19dfabea
2026-01-04 04:28:23.647 | INFO     | 🔍 Verificando assinatura:
2026-01-04 04:28:23.648 | INFO     |    Data: 24 bytes | 4e127252bd1a4c50860cf05dce3e7b1741da567b19dfabea...
2026-01-04 04:28:23.649 | INFO     |    Signature: 138 bytes | 308187024200e6d409987b69803db914efc187ff7d3bbb23bc93bcbe9e0fdcaa...
2026-01-04 04:28:23.654 | INFO     | ✅ Assinatura verificada com sucesso!
2026-01-04 04:28:23.655 | DEBUG    | ✅ Assinatura de heartbeat válida
2026-01-04 04:28:23.656 | DEBUG    | 💓 Heartbeat recebido (seq=21, age=0.16s)
2026-01-04 04:28:28.632 | INFO     | [OP-20260104_042642-0036] NOTIFICATION | Remote: E0:D3:62:D7:47:03 | Char: 12340001-0000-1000-8000-00805f9b34fb | Data: 236 bytes | Hex: 4e127252bd1a4c50860cf05dce3e7b174e127252bd1a4c50860cf05dce3e7b170201000000163f94b626bf596e6b552eaee7c3fc8173b9e73997ce50c40baabf | ASCII: N.rR..LP...].>{.N.rR..LP...].>{.......?..&.YnkU......s..9..P.... [TRUNCATED]
2026-01-04 04:28:28.633 | DEBUG    | 📥 Pacote recebido de uplink: 4e127252... → 4e127252... (type=MessageType(2), ttl=1)
2026-01-04 04:28:28.634 | DEBUG    | Source 4e127252...: seq=22 (novo highest, window: 3 seqs)
2026-01-04 04:28:28.635 | DEBUG    | 📚 Aprendido: 4e127252... → uplink
2026-01-04 04:28:28.635 | INFO     | 📨 Entregando localmente: 4e127252... → 4e127252... (type=MessageType(2), 166 bytes)
2026-01-04 04:28:28.636 | DEBUG    | Source 4e127252...: seq=22 (novo highest, window: 3 seqs)
2026-01-04 04:28:28.637 | DEBUG    | 🔍 Verificando assinatura: sig_len=139, signature_raw_len=139
2026-01-04 04:28:28.637 | INFO     | 💓 Verificando heartbeat:
2026-01-04 04:28:28.638 | INFO     |    Sink NID: 4e127252bd1a4c50860cf05dce3e7b17
2026-01-04 04:28:28.639 | INFO     |    Timestamp: 1767500908.495745
2026-01-04 04:28:28.640 | INFO     |    Data to verify: 4e127252bd1a4c50860cf05dce3e7b1741da567b1b1fba49
2026-01-04 04:28:28.642 | INFO     | 🔍 Verificando assinatura:
2026-01-04 04:28:28.643 | INFO     |    Data: 24 bytes | 4e127252bd1a4c50860cf05dce3e7b1741da567b1b1fba49...
2026-01-04 04:28:28.644 | INFO     |    Signature: 139 bytes | 3081880242013bd60cf9ec06ec903c76037820816fd2ab2b8b163522d6f34a05...
2026-01-04 04:28:28.649 | INFO     | ✅ Assinatura verificada com sucesso!
2026-01-04 04:28:28.650 | DEBUG    | ✅ Assinatura de heartbeat válida
2026-01-04 04:28:28.651 | DEBUG    | 💓 Heartbeat recebido (seq=22, age=0.16s)
2026-01-04 04:28:33.627 | INFO     | [OP-20260104_042642-0037] NOTIFICATION | Remote: E0:D3:62:D7:47:03 | Char: 12340001-0000-1000-8000-00805f9b34fb | Data: 236 bytes | Hex: 4e127252bd1a4c50860cf05dce3e7b174e127252bd1a4c50860cf05dce3e7b17020100000017ae2c68629081c8faa7f0dcf45562641b5d38689d810ceeb7e30d | ASCII: N.rR..LP...].>{.N.rR..LP...].>{........,hb........Ubd.]8h....... [TRUNCATED]
2026-01-04 04:28:33.628 | DEBUG    | 📥 Pacote recebido de uplink: 4e127252... → 4e127252... (type=MessageType(2), ttl=1)
2026-01-04 04:28:33.629 | DEBUG    | Source 4e127252...: seq=23 (novo highest, window: 4 seqs)
2026-01-04 04:28:33.629 | DEBUG    | 📚 Aprendido: 4e127252... → uplink
2026-01-04 04:28:33.630 | INFO     | 📨 Entregando localmente: 4e127252... → 4e127252... (type=MessageType(2), 166 bytes)
2026-01-04 04:28:33.631 | DEBUG    | Source 4e127252...: seq=23 (novo highest, window: 4 seqs)
2026-01-04 04:28:33.631 | DEBUG    | 🔍 Verificando assinatura: sig_len=138, signature_raw_len=138
2026-01-04 04:28:33.631 | INFO     | 💓 Verificando heartbeat:
2026-01-04 04:28:33.632 | INFO     |    Sink NID: 4e127252bd1a4c50860cf05dce3e7b17
2026-01-04 04:28:33.635 | INFO     |    Timestamp: 1767500913.4924414
2026-01-04 04:28:33.637 | INFO     |    Data to verify: 4e127252bd1a4c50860cf05dce3e7b1741da567b1c5f8429
2026-01-04 04:28:33.638 | INFO     | 🔍 Verificando assinatura:
2026-01-04 04:28:33.640 | INFO     |    Data: 24 bytes | 4e127252bd1a4c50860cf05dce3e7b1741da567b1c5f8429...
2026-01-04 04:28:33.641 | INFO     |    Signature: 138 bytes | 308187024125457adda3a213f9f9a801b3d685c9b7508edc03a9462b8535352a...
2026-01-04 04:28:33.645 | INFO     | ✅ Assinatura verificada com sucesso!
2026-01-04 04:28:33.646 | DEBUG    | ✅ Assinatura de heartbeat válida
2026-01-04 04:28:33.646 | DEBUG    | 💓 Heartbeat recebido (seq=23, age=0.15s)
2026-01-04 04:28:38.621 | INFO     | [OP-20260104_042642-0038] NOTIFICATION | Remote: E0:D3:62:D7:47:03 | Char: 12340001-0000-1000-8000-00805f9b34fb | Data: 236 bytes | Hex: 4e127252bd1a4c50860cf05dce3e7b174e127252bd1a4c50860cf05dce3e7b170201000000186f6023fa0c3d0221fad9813f6f7a8ba70c2eba9321cca9f3fe96 | ASCII: N.rR..LP...].>{.N.rR..LP...].>{.......o`#..=.!...?oz......!..... [TRUNCATED]
2026-01-04 04:28:38.623 | DEBUG    | 📥 Pacote recebido de uplink: 4e127252... → 4e127252... (type=MessageType(2), ttl=1)
2026-01-04 04:28:38.624 | DEBUG    | Source 4e127252...: seq=24 (novo highest, window: 5 seqs)
2026-01-04 04:28:38.625 | DEBUG    | 📚 Aprendido: 4e127252... → uplink
2026-01-04 04:28:38.625 | INFO     | 📨 Entregando localmente: 4e127252... → 4e127252... (type=MessageType(2), 166 bytes)
2026-01-04 04:28:38.626 | DEBUG    | Source 4e127252...: seq=24 (novo highest, window: 5 seqs)
2026-01-04 04:28:38.627 | DEBUG    | 🔍 Verificando assinatura: sig_len=139, signature_raw_len=139
2026-01-04 04:28:38.627 | INFO     | 💓 Verificando heartbeat:
2026-01-04 04:28:38.628 | INFO     |    Sink NID: 4e127252bd1a4c50860cf05dce3e7b17
2026-01-04 04:28:38.629 | INFO     |    Timestamp: 1767500918.4959915
2026-01-04 04:28:38.632 | INFO     |    Data to verify: 4e127252bd1a4c50860cf05dce3e7b1741da567b1d9fbe53
2026-01-04 04:28:38.633 | INFO     | 🔍 Verificando assinatura:
2026-01-04 04:28:38.637 | INFO     |    Data: 24 bytes | 4e127252bd1a4c50860cf05dce3e7b1741da567b1d9fbe53...
2026-01-04 04:28:38.638 | INFO     |    Signature: 139 bytes | 308188024200fd6e41f10fc69b74f0e304170c3f09051176b5f2b589f31e370c...
2026-01-04 04:28:38.642 | INFO     | ✅ Assinatura verificada com sucesso!
2026-01-04 04:28:38.643 | DEBUG    | ✅ Assinatura de heartbeat válida
2026-01-04 04:28:38.643 | DEBUG    | 💓 Heartbeat recebido (seq=24, age=0.15s)
2026-01-04 04:28:43.661 | INFO     | [OP-20260104_042642-0039] NOTIFICATION | Remote: E0:D3:62:D7:47:03 | Char: 12340001-0000-1000-8000-00805f9b34fb | Data: 236 bytes | Hex: 4e127252bd1a4c50860cf05dce3e7b174e127252bd1a4c50860cf05dce3e7b17020100000019afb8dae970bbb6c2218875a898b3c32a3f7b56c98cea920f29db | ASCII: N.rR..LP...].>{.N.rR..LP...].>{...........p...!.u....*?{V.....). [TRUNCATED]
2026-01-04 04:28:43.663 | DEBUG    | 📥 Pacote recebido de uplink: 4e127252... → 4e127252... (type=MessageType(2), ttl=1)
2026-01-04 04:28:43.663 | DEBUG    | Source 4e127252...: seq=25 (novo highest, window: 6 seqs)
2026-01-04 04:28:43.664 | DEBUG    | 📚 Aprendido: 4e127252... → uplink
2026-01-04 04:28:43.664 | INFO     | 📨 Entregando localmente: 4e127252... → 4e127252... (type=MessageType(2), 166 bytes)
2026-01-04 04:28:43.665 | DEBUG    | Source 4e127252...: seq=25 (novo highest, window: 6 seqs)
2026-01-04 04:28:43.666 | DEBUG    | 🔍 Verificando assinatura: sig_len=138, signature_raw_len=138
2026-01-04 04:28:43.666 | INFO     | 💓 Verificando heartbeat:
2026-01-04 04:28:43.667 | INFO     |    Sink NID: 4e127252bd1a4c50860cf05dce3e7b17
2026-01-04 04:28:43.670 | INFO     |    Timestamp: 1767500923.4959629
2026-01-04 04:28:43.671 | INFO     |    Data to verify: 4e127252bd1a4c50860cf05dce3e7b1741da567b1edfbddb
2026-01-04 04:28:43.672 | INFO     | 🔍 Verificando assinatura:
2026-01-04 04:28:43.673 | INFO     |    Data: 24 bytes | 4e127252bd1a4c50860cf05dce3e7b1741da567b1edfbddb...
2026-01-04 04:28:43.674 | INFO     |    Signature: 138 bytes | 308187024201e9ff266920aaf5c4f47de5d7ca001f41b032f389f9c7c8ec0202...
2026-01-04 04:28:43.683 | INFO     | ✅ Assinatura verificada com sucesso!
2026-01-04 04:28:43.684 | DEBUG    | ✅ Assinatura de heartbeat válida
2026-01-04 04:28:43.684 | DEBUG    | 💓 Heartbeat recebido (seq=25, age=0.19s)
2026-01-04 04:28:48.612 | INFO     | [OP-20260104_042642-0040] NOTIFICATION | Remote: E0:D3:62:D7:47:03 | Char: 12340001-0000-1000-8000-00805f9b34fb | Data: 236 bytes | Hex: 4e127252bd1a4c50860cf05dce3e7b174e127252bd1a4c50860cf05dce3e7b1702010000001a1560dd1cb28b27f2c867415ebdb444a7f57ced1a308f5853988b | ASCII: N.rR..LP...].>{.N.rR..LP...].>{........`....'..gA^..D..|..0.XS.. [TRUNCATED]
2026-01-04 04:28:48.613 | DEBUG    | 📥 Pacote recebido de uplink: 4e127252... → 4e127252... (type=MessageType(2), ttl=1)
2026-01-04 04:28:48.614 | DEBUG    | Source 4e127252...: seq=26 (novo highest, window: 7 seqs)
2026-01-04 04:28:48.614 | DEBUG    | 📚 Aprendido: 4e127252... → uplink
2026-01-04 04:28:48.614 | INFO     | 📨 Entregando localmente: 4e127252... → 4e127252... (type=MessageType(2), 166 bytes)
2026-01-04 04:28:48.615 | DEBUG    | Source 4e127252...: seq=26 (novo highest, window: 7 seqs)
2026-01-04 04:28:48.616 | DEBUG    | 🔍 Verificando assinatura: sig_len=138, signature_raw_len=138
2026-01-04 04:28:48.616 | INFO     | 💓 Verificando heartbeat:
2026-01-04 04:28:48.617 | INFO     |    Sink NID: 4e127252bd1a4c50860cf05dce3e7b17
2026-01-04 04:28:48.620 | INFO     |    Timestamp: 1767500928.495962
2026-01-04 04:28:48.622 | INFO     |    Data to verify: 4e127252bd1a4c50860cf05dce3e7b1741da567b201fbdd7
2026-01-04 04:28:48.624 | INFO     | 🔍 Verificando assinatura:
2026-01-04 04:28:48.627 | INFO     |    Data: 24 bytes | 4e127252bd1a4c50860cf05dce3e7b1741da567b201fbdd7...
2026-01-04 04:28:48.628 | INFO     |    Signature: 138 bytes | 308187024200aeed1fedc56507acaa6a4075fabc81c81fd803dccfb3c0e6a058...
2026-01-04 04:28:48.637 | INFO     | ✅ Assinatura verificada com sucesso!
2026-01-04 04:28:48.639 | DEBUG    | ✅ Assinatura de heartbeat válida
2026-01-04 04:28:48.639 | DEBUG    | 💓 Heartbeat recebido (seq=26, age=0.14s)
2026-01-04 04:28:53.607 | INFO     | [OP-20260104_042642-0041] NOTIFICATION | Remote: E0:D3:62:D7:47:03 | Char: 12340001-0000-1000-8000-00805f9b34fb | Data: 236 bytes | Hex: 4e127252bd1a4c50860cf05dce3e7b174e127252bd1a4c50860cf05dce3e7b1702010000001bf96d40e9b43ea6fbecd099cce0a1bb4c7db473ec7841c474d5b2 | ASCII: N.rR..LP...].>{.N.rR..LP...].>{........m@..>.........L}.s.xA.t.. [TRUNCATED]
2026-01-04 04:28:53.608 | DEBUG    | 📥 Pacote recebido de uplink: 4e127252... → 4e127252... (type=MessageType(2), ttl=1)
2026-01-04 04:28:53.609 | DEBUG    | Source 4e127252...: seq=27 (novo highest, window: 8 seqs)
2026-01-04 04:28:53.609 | DEBUG    | 📚 Aprendido: 4e127252... → uplink
2026-01-04 04:28:53.610 | INFO     | 📨 Entregando localmente: 4e127252... → 4e127252... (type=MessageType(2), 166 bytes)
2026-01-04 04:28:53.611 | DEBUG    | Source 4e127252...: seq=27 (novo highest, window: 8 seqs)
2026-01-04 04:28:53.611 | DEBUG    | 🔍 Verificando assinatura: sig_len=139, signature_raw_len=139
2026-01-04 04:28:53.612 | INFO     | 💓 Verificando heartbeat:
2026-01-04 04:28:53.612 | INFO     |    Sink NID: 4e127252bd1a4c50860cf05dce3e7b17
2026-01-04 04:28:53.614 | INFO     |    Timestamp: 1767500933.4958684
2026-01-04 04:28:53.615 | INFO     |    Data to verify: 4e127252bd1a4c50860cf05dce3e7b1741da567b215fbc4f
2026-01-04 04:28:53.616 | INFO     | 🔍 Verificando assinatura:
2026-01-04 04:28:53.617 | INFO     |    Data: 24 bytes | 4e127252bd1a4c50860cf05dce3e7b1741da567b215fbc4f...
2026-01-04 04:28:53.621 | INFO     |    Signature: 139 bytes | 308188024200deb5b2271945fb58780695189e21dc1d79f30b6b6da54d490243...
2026-01-04 04:28:53.626 | INFO     | ✅ Assinatura verificada com sucesso!
2026-01-04 04:28:53.628 | DEBUG    | ✅ Assinatura de heartbeat válida
2026-01-04 04:28:53.628 | DEBUG    | 💓 Heartbeat recebido (seq=27, age=0.13s)
2026-01-04 04:28:58.647 | INFO     | [OP-20260104_042642-0042] NOTIFICATION | Remote: E0:D3:62:D7:47:03 | Char: 12340001-0000-1000-8000-00805f9b34fb | Data: 236 bytes | Hex: 4e127252bd1a4c50860cf05dce3e7b174e127252bd1a4c50860cf05dce3e7b1702010000001c8e991bc3e408962d03cd2322528450b68f47d27a1143e7cab00e | ASCII: N.rR..LP...].>{.N.rR..LP...].>{..............-..#"R.P..G.z.C.... [TRUNCATED]
2026-01-04 04:28:58.648 | DEBUG    | 📥 Pacote recebido de uplink: 4e127252... → 4e127252... (type=MessageType(2), ttl=1)
2026-01-04 04:28:58.649 | DEBUG    | Source 4e127252...: seq=28 (novo highest, window: 9 seqs)
2026-01-04 04:28:58.649 | DEBUG    | 📚 Aprendido: 4e127252... → uplink
2026-01-04 04:28:58.650 | INFO     | 📨 Entregando localmente: 4e127252... → 4e127252... (type=MessageType(2), 166 bytes)
2026-01-04 04:28:58.651 | DEBUG    | Source 4e127252...: seq=28 (novo highest, window: 9 seqs)
2026-01-04 04:28:58.651 | DEBUG    | 🔍 Verificando assinatura: sig_len=138, signature_raw_len=138
2026-01-04 04:28:58.652 | INFO     | 💓 Verificando heartbeat:
2026-01-04 04:28:58.653 | INFO     |    Sink NID: 4e127252bd1a4c50860cf05dce3e7b17
2026-01-04 04:28:58.654 | INFO     |    Timestamp: 1767500938.4959414
2026-01-04 04:28:58.658 | INFO     |    Data to verify: 4e127252bd1a4c50860cf05dce3e7b1741da567b229fbd81
2026-01-04 04:28:58.660 | INFO     | 🔍 Verificando assinatura:
2026-01-04 04:28:58.661 | INFO     |    Data: 24 bytes | 4e127252bd1a4c50860cf05dce3e7b1741da567b229fbd81...
2026-01-04 04:28:58.662 | INFO     |    Signature: 138 bytes | 308187024168804cb2045bd46d264adf6501e39e5cf76ececb0239299beaa436...
2026-01-04 04:28:58.666 | INFO     | ✅ Assinatura verificada com sucesso!
2026-01-04 04:28:58.666 | DEBUG    | ✅ Assinatura de heartbeat válida
2026-01-04 04:28:58.667 | DEBUG    | 💓 Heartbeat recebido (seq=28, age=0.17s)
2026-01-04 04:29:03.642 | INFO     | [OP-20260104_042642-0043] NOTIFICATION | Remote: E0:D3:62:D7:47:03 | Char: 12340001-0000-1000-8000-00805f9b34fb | Data: 236 bytes | Hex: 4e127252bd1a4c50860cf05dce3e7b174e127252bd1a4c50860cf05dce3e7b1702010000001d640ac50df4dea430e26fc19b5ca4b1e158a9132d9a402789177b | ASCII: N.rR..LP...].>{.N.rR..LP...].>{.......d......0.o..\...X..-.@'..{ [TRUNCATED]
2026-01-04 04:29:03.643 | DEBUG    | 📥 Pacote recebido de uplink: 4e127252... → 4e127252... (type=MessageType(2), ttl=1)
2026-01-04 04:29:03.644 | DEBUG    | Source 4e127252...: seq=29 (novo highest, window: 10 seqs)
2026-01-04 04:29:03.644 | DEBUG    | 📚 Aprendido: 4e127252... → uplink
2026-01-04 04:29:03.645 | INFO     | 📨 Entregando localmente: 4e127252... → 4e127252... (type=MessageType(2), 166 bytes)
2026-01-04 04:29:03.646 | DEBUG    | Source 4e127252...: seq=29 (novo highest, window: 10 seqs)
2026-01-04 04:29:03.646 | DEBUG    | 🔍 Verificando assinatura: sig_len=138, signature_raw_len=138
2026-01-04 04:29:03.646 | INFO     | 💓 Verificando heartbeat:
2026-01-04 04:29:03.647 | INFO     |    Sink NID: 4e127252bd1a4c50860cf05dce3e7b17
2026-01-04 04:29:03.648 | INFO     |    Timestamp: 1767500943.4959636
2026-01-04 04:29:03.649 | INFO     |    Data to verify: 4e127252bd1a4c50860cf05dce3e7b1741da567b23dfbdde
2026-01-04 04:29:03.653 | INFO     | 🔍 Verificando assinatura:
2026-01-04 04:29:03.654 | INFO     |    Data: 24 bytes | 4e127252bd1a4c50860cf05dce3e7b1741da567b23dfbdde...
2026-01-04 04:29:03.655 | INFO     |    Signature: 138 bytes | 30818702413bab269487323ebf13720ee29fdf758f8bfd434dcfd8bfd1605716...
2026-01-04 04:29:03.660 | INFO     | ✅ Assinatura verificada com sucesso!
2026-01-04 04:29:03.661 | DEBUG    | ✅ Assinatura de heartbeat válida
2026-01-04 04:29:03.661 | DEBUG    | 💓 Heartbeat recebido (seq=29, age=0.17s)
2026-01-04 04:29:08.636 | INFO     | [OP-20260104_042642-0044] NOTIFICATION | Remote: E0:D3:62:D7:47:03 | Char: 12340001-0000-1000-8000-00805f9b34fb | Data: 236 bytes | Hex: 4e127252bd1a4c50860cf05dce3e7b174e127252bd1a4c50860cf05dce3e7b1702010000001e5c17b8e8c83c1e1b507c92847b586401bdb772b7d466043c984b | ASCII: N.rR..LP...].>{.N.rR..LP...].>{.......\....<..P|..{Xd...r..f.<.K [TRUNCATED]
2026-01-04 04:29:08.638 | DEBUG    | 📥 Pacote recebido de uplink: 4e127252... → 4e127252... (type=MessageType(2), ttl=1)
2026-01-04 04:29:08.639 | DEBUG    | Source 4e127252...: seq=30 (novo highest, window: 11 seqs)
2026-01-04 04:29:08.639 | DEBUG    | 📚 Aprendido: 4e127252... → uplink
2026-01-04 04:29:08.640 | INFO     | 📨 Entregando localmente: 4e127252... → 4e127252... (type=MessageType(2), 166 bytes)
2026-01-04 04:29:08.641 | DEBUG    | Source 4e127252...: seq=30 (novo highest, window: 11 seqs)
2026-01-04 04:29:08.641 | DEBUG    | 🔍 Verificando assinatura: sig_len=137, signature_raw_len=137
2026-01-04 04:29:08.642 | INFO     | 💓 Verificando heartbeat:
2026-01-04 04:29:08.643 | INFO     |    Sink NID: 4e127252bd1a4c50860cf05dce3e7b17
2026-01-04 04:29:08.644 | INFO     |    Timestamp: 1767500948.493341
2026-01-04 04:29:08.646 | INFO     |    Data to verify: 4e127252bd1a4c50860cf05dce3e7b1741da567b251f92e6
2026-01-04 04:29:08.647 | INFO     | 🔍 Verificando assinatura:
2026-01-04 04:29:08.648 | INFO     |    Data: 24 bytes | 4e127252bd1a4c50860cf05dce3e7b1741da567b251f92e6...
2026-01-04 04:29:08.649 | INFO     |    Signature: 137 bytes | 30818602412b68af1fe7664d52ed7745ce85abef272250c069e4f910a8de9a8f...
2026-01-04 04:29:08.655 | INFO     | ✅ Assinatura verificada com sucesso!
2026-01-04 04:29:08.656 | DEBUG    | ✅ Assinatura de heartbeat válida
2026-01-04 04:29:08.657 | DEBUG    | 💓 Heartbeat recebido (seq=30, age=0.16s)
2026-01-04 04:29:13.632 | INFO     | [OP-20260104_042642-0045] NOTIFICATION | Remote: E0:D3:62:D7:47:03 | Char: 12340001-0000-1000-8000-00805f9b34fb | Data: 236 bytes | Hex: 4e127252bd1a4c50860cf05dce3e7b174e127252bd1a4c50860cf05dce3e7b1702010000001f826397f28fd77b71adc84e2bd1f45dde91245be20041af1dd618 | ASCII: N.rR..LP...].>{.N.rR..LP...].>{........c....{q..N+..]..$[..A.... [TRUNCATED]
2026-01-04 04:29:13.633 | DEBUG    | 📥 Pacote recebido de uplink: 4e127252... → 4e127252... (type=MessageType(2), ttl=1)
2026-01-04 04:29:13.634 | DEBUG    | Source 4e127252...: seq=31 (novo highest, window: 12 seqs)
2026-01-04 04:29:13.634 | DEBUG    | 📚 Aprendido: 4e127252... → uplink
2026-01-04 04:29:13.635 | INFO     | 📨 Entregando localmente: 4e127252... → 4e127252... (type=MessageType(2), 166 bytes)
2026-01-04 04:29:13.636 | DEBUG    | Source 4e127252...: seq=31 (novo highest, window: 12 seqs)
2026-01-04 04:29:13.637 | DEBUG    | 🔍 Verificando assinatura: sig_len=139, signature_raw_len=139
2026-01-04 04:29:13.637 | INFO     | 💓 Verificando heartbeat:
2026-01-04 04:29:13.638 | INFO     |    Sink NID: 4e127252bd1a4c50860cf05dce3e7b17
2026-01-04 04:29:13.642 | INFO     |    Timestamp: 1767500953.495989
2026-01-04 04:29:13.643 | INFO     |    Data to verify: 4e127252bd1a4c50860cf05dce3e7b1741da567b265fbe49
2026-01-04 04:29:13.644 | INFO     | 🔍 Verificando assinatura:
2026-01-04 04:29:13.647 | INFO     |    Data: 24 bytes | 4e127252bd1a4c50860cf05dce3e7b1741da567b265fbe49...
2026-01-04 04:29:13.652 | INFO     |    Signature: 139 bytes | 308188024200dd1dbeda06ec36d11efb2e6f919a7940be5b7506a3ba20fbad5a...
2026-01-04 04:29:13.655 | INFO     | ✅ Assinatura verificada com sucesso!
2026-01-04 04:29:13.656 | DEBUG    | ✅ Assinatura de heartbeat válida
2026-01-04 04:29:13.656 | DEBUG    | 💓 Heartbeat recebido (seq=31, age=0.16s)
2026-01-04 04:29:18.628 | INFO     | [OP-20260104_042642-0046] NOTIFICATION | Remote: E0:D3:62:D7:47:03 | Char: 12340001-0000-1000-8000-00805f9b34fb | Data: 236 bytes | Hex: 4e127252bd1a4c50860cf05dce3e7b174e127252bd1a4c50860cf05dce3e7b1702010000002046013a4af38f04522eae8cc375256e3b291eabcb872fa6d74c83 | ASCII: N.rR..LP...].>{.N.rR..LP...].>{...... F.:J...R....u%n;)..../..L. [TRUNCATED]
2026-01-04 04:29:18.630 | DEBUG    | 📥 Pacote recebido de uplink: 4e127252... → 4e127252... (type=MessageType(2), ttl=1)
2026-01-04 04:29:18.630 | DEBUG    | Source 4e127252...: seq=32 (novo highest, window: 13 seqs)
2026-01-04 04:29:18.631 | DEBUG    | 📚 Aprendido: 4e127252... → uplink
2026-01-04 04:29:18.631 | INFO     | 📨 Entregando localmente: 4e127252... → 4e127252... (type=MessageType(2), 166 bytes)
2026-01-04 04:29:18.632 | DEBUG    | Source 4e127252...: seq=32 (novo highest, window: 13 seqs)
2026-01-04 04:29:18.633 | DEBUG    | 🔍 Verificando assinatura: sig_len=139, signature_raw_len=139
2026-01-04 04:29:18.633 | INFO     | 💓 Verificando heartbeat:
2026-01-04 04:29:18.634 | INFO     |    Sink NID: 4e127252bd1a4c50860cf05dce3e7b17
2026-01-04 04:29:18.635 | INFO     |    Timestamp: 1767500958.4957721
2026-01-04 04:29:18.636 | INFO     |    Data to verify: 4e127252bd1a4c50860cf05dce3e7b1741da567b279fbabb
2026-01-04 04:29:18.637 | INFO     | 🔍 Verificando assinatura:
2026-01-04 04:29:18.639 | INFO     |    Data: 24 bytes | 4e127252bd1a4c50860cf05dce3e7b1741da567b279fbabb...
2026-01-04 04:29:18.640 | INFO     |    Signature: 139 bytes | 3081880242011ef22f889b8df97a6e9054dd28a078a70150ac5d5173b34cf38f...
2026-01-04 04:29:18.645 | INFO     | ✅ Assinatura verificada com sucesso!
2026-01-04 04:29:18.648 | DEBUG    | ✅ Assinatura de heartbeat válida
2026-01-04 04:29:18.649 | DEBUG    | 💓 Heartbeat recebido (seq=32, age=0.15s)
2026-01-04 04:29:23.622 | INFO     | [OP-20260104_042642-0047] NOTIFICATION | Remote: E0:D3:62:D7:47:03 | Char: 12340001-0000-1000-8000-00805f9b34fb | Data: 236 bytes | Hex: 4e127252bd1a4c50860cf05dce3e7b174e127252bd1a4c50860cf05dce3e7b17020100000021e88afae9c2a3a975ee72ddd557def09ca55a4eaa50a4d748fcea | ASCII: N.rR..LP...].>{.N.rR..LP...].>{......!.......u.r..W....ZN.P..H.. [TRUNCATED]
2026-01-04 04:29:23.624 | DEBUG    | 📥 Pacote recebido de uplink: 4e127252... → 4e127252... (type=MessageType(2), ttl=1)
2026-01-04 04:29:23.624 | DEBUG    | Source 4e127252...: seq=33 (novo highest, window: 14 seqs)
2026-01-04 04:29:23.625 | DEBUG    | 📚 Aprendido: 4e127252... → uplink
2026-01-04 04:29:23.625 | INFO     | 📨 Entregando localmente: 4e127252... → 4e127252... (type=MessageType(2), 166 bytes)
2026-01-04 04:29:23.626 | DEBUG    | Source 4e127252...: seq=33 (novo highest, window: 14 seqs)
2026-01-04 04:29:23.626 | DEBUG    | 🔍 Verificando assinatura: sig_len=137, signature_raw_len=137
2026-01-04 04:29:23.627 | INFO     | 💓 Verificando heartbeat:
2026-01-04 04:29:23.628 | INFO     |    Sink NID: 4e127252bd1a4c50860cf05dce3e7b17
2026-01-04 04:29:23.628 | INFO     |    Timestamp: 1767500963.4935095
2026-01-04 04:29:23.630 | INFO     |    Data to verify: 4e127252bd1a4c50860cf05dce3e7b1741da567b28df95a9
2026-01-04 04:29:23.631 | INFO     | 🔍 Verificando assinatura:
2026-01-04 04:29:23.633 | INFO     |    Data: 24 bytes | 4e127252bd1a4c50860cf05dce3e7b1741da567b28df95a9...
2026-01-04 04:29:23.635 | INFO     |    Signature: 137 bytes | 30818602410220694e3eb328c4d7515ea76b635c1ce853c694473b3b7319054d...
2026-01-04 04:29:23.641 | INFO     | ✅ Assinatura verificada com sucesso!
2026-01-04 04:29:23.643 | DEBUG    | ✅ Assinatura de heartbeat válida
2026-01-04 04:29:23.643 | DEBUG    | 💓 Heartbeat recebido (seq=33, age=0.15s)
2026-01-04 04:29:28.662 | INFO     | [OP-20260104_042642-0048] NOTIFICATION | Remote: E0:D3:62:D7:47:03 | Char: 12340001-0000-1000-8000-00805f9b34fb | Data: 236 bytes | Hex: 4e127252bd1a4c50860cf05dce3e7b174e127252bd1a4c50860cf05dce3e7b1702010000002286aa27b0c5baf9c47b47ae5eb532f85d34e85c32209947e99514 | ASCII: N.rR..LP...].>{.N.rR..LP...].>{......"..'.....{G.^.2.]4.\2 .G... [TRUNCATED]
2026-01-04 04:29:28.663 | DEBUG    | 📥 Pacote recebido de uplink: 4e127252... → 4e127252... (type=MessageType(2), ttl=1)
2026-01-04 04:29:28.664 | DEBUG    | Source 4e127252...: seq=34 (novo highest, window: 15 seqs)
2026-01-04 04:29:28.664 | DEBUG    | 📚 Aprendido: 4e127252... → uplink
2026-01-04 04:29:28.664 | INFO     | 📨 Entregando localmente: 4e127252... → 4e127252... (type=MessageType(2), 166 bytes)
2026-01-04 04:29:28.665 | DEBUG    | Source 4e127252...: seq=34 (novo highest, window: 15 seqs)
2026-01-04 04:29:28.666 | DEBUG    | 🔍 Verificando assinatura: sig_len=137, signature_raw_len=137
2026-01-04 04:29:28.666 | INFO     | 💓 Verificando heartbeat:
2026-01-04 04:29:28.667 | INFO     |    Sink NID: 4e127252bd1a4c50860cf05dce3e7b17
2026-01-04 04:29:28.667 | INFO     |    Timestamp: 1767500968.4958482
2026-01-04 04:29:28.668 | INFO     |    Data to verify: 4e127252bd1a4c50860cf05dce3e7b1741da567b2a1fbbfa
2026-01-04 04:29:28.669 | INFO     | 🔍 Verificando assinatura:
2026-01-04 04:29:28.671 | INFO     |    Data: 24 bytes | 4e127252bd1a4c50860cf05dce3e7b1741da567b2a1fbbfa...
2026-01-04 04:29:28.672 | INFO     |    Signature: 137 bytes | 30818602416c68a3226a48d3f77ab55676084b2dc016ac6dea3b3051c1cb0cd2...
2026-01-04 04:29:28.674 | INFO     | ✅ Assinatura verificada com sucesso!
2026-01-04 04:29:28.674 | DEBUG    | ✅ Assinatura de heartbeat válida
2026-01-04 04:29:28.674 | DEBUG    | 💓 Heartbeat recebido (seq=34, age=0.18s)
2026-01-04 04:29:33.612 | INFO     | [OP-20260104_042642-0049] NOTIFICATION | Remote: E0:D3:62:D7:47:03 | Char: 12340001-0000-1000-8000-00805f9b34fb | Data: 236 bytes | Hex: 4e127252bd1a4c50860cf05dce3e7b174e127252bd1a4c50860cf05dce3e7b170201000000237f3115d402fea4a81bcdd92dd8fc6542c217795e273d0a8134c7 | ASCII: N.rR..LP...].>{.N.rR..LP...].>{......#.1.........-..eB..y^'=..4. [TRUNCATED]
2026-01-04 04:29:33.616 | DEBUG    | 📥 Pacote recebido de uplink: 4e127252... → 4e127252... (type=MessageType(2), ttl=1)
2026-01-04 04:29:33.616 | DEBUG    | Source 4e127252...: seq=35 (novo highest, window: 16 seqs)
2026-01-04 04:29:33.617 | DEBUG    | 📚 Aprendido: 4e127252... → uplink
2026-01-04 04:29:33.617 | INFO     | 📨 Entregando localmente: 4e127252... → 4e127252... (type=MessageType(2), 166 bytes)
2026-01-04 04:29:33.617 | DEBUG    | Source 4e127252...: seq=35 (novo highest, window: 16 seqs)
2026-01-04 04:29:33.618 | DEBUG    | 🔍 Verificando assinatura: sig_len=139, signature_raw_len=139
2026-01-04 04:29:33.625 | INFO     | 💓 Verificando heartbeat:
2026-01-04 04:29:33.629 | INFO     |    Sink NID: 4e127252bd1a4c50860cf05dce3e7b17
2026-01-04 04:29:33.629 | INFO     |    Timestamp: 1767500973.4958665
2026-01-04 04:29:33.630 | INFO     |    Data to verify: 4e127252bd1a4c50860cf05dce3e7b1741da567b2b5fbc47
2026-01-04 04:29:33.630 | INFO     | 🔍 Verificando assinatura:
2026-01-04 04:29:33.632 | INFO     |    Data: 24 bytes | 4e127252bd1a4c50860cf05dce3e7b1741da567b2b5fbc47...
2026-01-04 04:29:33.633 | INFO     |    Signature: 139 bytes | 308188024200c428814dcce38a86207f1370669c5f11ce8de7ea21d72400447c...
2026-01-04 04:29:33.640 | INFO     | ✅ Assinatura verificada com sucesso!
2026-01-04 04:29:33.640 | DEBUG    | ✅ Assinatura de heartbeat válida
2026-01-04 04:29:33.641 | DEBUG    | 💓 Heartbeat recebido (seq=35, age=0.15s)
2026-01-04 04:29:38.606 | INFO     | [OP-20260104_042642-0050] NOTIFICATION | Remote: E0:D3:62:D7:47:03 | Char: 12340001-0000-1000-8000-00805f9b34fb | Data: 236 bytes | Hex: 4e127252bd1a4c50860cf05dce3e7b174e127252bd1a4c50860cf05dce3e7b170201000000247d78e6fc7b1a2f70a056b8c0a0d2f2e5679db8727f2ea1e4f87f | ASCII: N.rR..LP...].>{.N.rR..LP...].>{......$}x..{./p.V......g..r...... [TRUNCATED]
2026-01-04 04:29:38.607 | DEBUG    | 📥 Pacote recebido de uplink: 4e127252... → 4e127252... (type=MessageType(2), ttl=1)
2026-01-04 04:29:38.607 | DEBUG    | Source 4e127252...: seq=36 (novo highest, window: 17 seqs)
2026-01-04 04:29:38.607 | DEBUG    | 📚 Aprendido: 4e127252... → uplink
2026-01-04 04:29:38.607 | INFO     | 📨 Entregando localmente: 4e127252... → 4e127252... (type=MessageType(2), 166 bytes)
2026-01-04 04:29:38.608 | DEBUG    | Source 4e127252...: seq=36 (novo highest, window: 17 seqs)
2026-01-04 04:29:38.609 | DEBUG    | 🔍 Verificando assinatura: sig_len=139, signature_raw_len=139
2026-01-04 04:29:38.609 | INFO     | 💓 Verificando heartbeat:
2026-01-04 04:29:38.609 | INFO     |    Sink NID: 4e127252bd1a4c50860cf05dce3e7b17
2026-01-04 04:29:38.610 | INFO     |    Timestamp: 1767500978.4953609
2026-01-04 04:29:38.611 | INFO     |    Data to verify: 4e127252bd1a4c50860cf05dce3e7b1741da567b2c9fb3fe
2026-01-04 04:29:38.612 | INFO     | 🔍 Verificando assinatura:
2026-01-04 04:29:38.613 | INFO     |    Data: 24 bytes | 4e127252bd1a4c50860cf05dce3e7b1741da567b2c9fb3fe...
2026-01-04 04:29:38.614 | INFO     |    Signature: 139 bytes | 3081880242016c2937812dc9da8a7ee22c367f26ffc9597feea2f88602d30bff...
2026-01-04 04:29:38.616 | INFO     | ✅ Assinatura verificada com sucesso!
2026-01-04 04:29:38.616 | DEBUG    | ✅ Assinatura de heartbeat válida
2026-01-04 04:29:38.616 | DEBUG    | 💓 Heartbeat recebido (seq=36, age=0.12s)
2026-01-04 04:29:43.603 | INFO     | [OP-20260104_042642-0051] NOTIFICATION | Remote: E0:D3:62:D7:47:03 | Char: 12340001-0000-1000-8000-00805f9b34fb | Data: 236 bytes | Hex: 4e127252bd1a4c50860cf05dce3e7b174e127252bd1a4c50860cf05dce3e7b17020100000025c2b39ba66f127132a371850047c0e49673c60a008380d64025fe | ASCII: N.rR..LP...].>{.N.rR..LP...].>{......%....o.q2.q..G...s......@%. [TRUNCATED]
2026-01-04 04:29:43.604 | DEBUG    | 📥 Pacote recebido de uplink: 4e127252... → 4e127252... (type=MessageType(2), ttl=1)
2026-01-04 04:29:43.604 | DEBUG    | Source 4e127252...: seq=37 (novo highest, window: 18 seqs)
2026-01-04 04:29:43.605 | DEBUG    | 📚 Aprendido: 4e127252... → uplink
2026-01-04 04:29:43.605 | INFO     | 📨 Entregando localmente: 4e127252... → 4e127252... (type=MessageType(2), 166 bytes)
2026-01-04 04:29:43.606 | DEBUG    | Source 4e127252...: seq=37 (novo highest, window: 18 seqs)
2026-01-04 04:29:43.607 | DEBUG    | 🔍 Verificando assinatura: sig_len=139, signature_raw_len=139
2026-01-04 04:29:43.607 | INFO     | 💓 Verificando heartbeat:
2026-01-04 04:29:43.608 | INFO     |    Sink NID: 4e127252bd1a4c50860cf05dce3e7b17
2026-01-04 04:29:43.609 | INFO     |    Timestamp: 1767500983.4958808
2026-01-04 04:29:43.611 | INFO     |    Data to verify: 4e127252bd1a4c50860cf05dce3e7b1741da567b2ddfbc83
2026-01-04 04:29:43.613 | INFO     | 🔍 Verificando assinatura:
2026-01-04 04:29:43.614 | INFO     |    Data: 24 bytes | 4e127252bd1a4c50860cf05dce3e7b1741da567b2ddfbc83...
2026-01-04 04:29:43.616 | INFO     |    Signature: 139 bytes | 3081880242010ed139a743bc4c932c6110db89e43ad3cea39e082428522afeda...
2026-01-04 04:29:43.622 | INFO     | ✅ Assinatura verificada com sucesso!
2026-01-04 04:29:43.623 | DEBUG    | ✅ Assinatura de heartbeat válida
2026-01-04 04:29:43.623 | DEBUG    | 💓 Heartbeat recebido (seq=37, age=0.13s)
2026-01-04 04:29:54.464 | WARNING  | ⚠️  Sem heartbeat há 10.8s (último seq=37)
2026-01-04 04:29:55.466 | WARNING  | ⚠️  Sem heartbeat há 11.8s (último seq=37)
2026-01-04 04:29:56.467 | WARNING  | ⚠️  Sem heartbeat há 12.8s (último seq=37)
2026-01-04 04:29:57.470 | WARNING  | ⚠️  Sem heartbeat há 13.8s (último seq=37)
2026-01-04 04:29:58.471 | WARNING  | ⚠️  Sem heartbeat há 14.8s (último seq=37)
2026-01-04 04:29:59.473 | ERROR    | ❌ Timeout de heartbeat! Sem heartbeat há 15.8s (último seq=37)
2026-01-04 04:29:59.474 | WARNING  | ⚠️  Desconectando do uplink devido a timeout de heartbeat...
2026-01-04 04:30:02.237 | INFO     | Desconectado de E0:D3:62:D7:47:03
2026-01-04 04:30:02.239 | INFO     | [OP-20260104_042642-0052] DISCONNECT | Remote: E0:D3:62:D7:47:03 | Reason: normal
2026-01-04 04:30:02.243 | DEBUG    | Nenhum downlink para desconectar
2026-01-04 04:30:03.244 | WARNING  | ⚠️  Conexão perdida com Sink
2026-01-04 04:30:03.246 | DEBUG    | Nenhum downlink para desconectar
2026-01-04 04:30:37.261 | INFO     | A parar Node...
2026-01-04 04:30:37.263 | INFO     | A parar GATT Server...
2026-01-04 04:30:37.266 | INFO     | ✅ GATT Server parado
2026-01-04 04:30:37.267 | INFO     | ✅ Node parado
