2026-01-04 16:42:43.895 | INFO     | BLE Operation Logger iniciado: ble_operations_5800E366747C_20260104_164243.log
2026-01-04 16:42:43.895 | INFO     | Scanner BLE iniciado: hci0 (58:00:E3:66:74:7C)
2026-01-04 16:42:43.896 | INFO     | BLE Client iniciado
2026-01-04 16:42:43.897 | DEBUG    | FragmentReassembler inicializado
2026-01-04 16:42:43.897 | INFO     | ReplayProtection iniciado (window_size=100)
2026-01-04 16:42:43.897 | INFO     | 🔀 Router Daemon inicializado para NID=a40543fa...
2026-01-04 16:42:43.898 | DEBUG    | ✅ Send callback configurado
2026-01-04 16:42:43.898 | DEBUG    | ✅ Handler registado para MessageType(1)
2026-01-04 16:42:43.898 | DEBUG    | ✅ Handler registado para MessageType(2)
2026-01-04 16:42:43.898 | INFO     | IoT Node inicializado (adapter=hci0)
2026-01-04 16:42:43.898 | INFO     | ✅ Router Daemon integrado
2026-01-04 16:42:43.899 | INFO     | A configurar GATT Server...
2026-01-04 16:42:43.900 | INFO     | Application criada: /
2026-01-04 16:42:43.900 | INFO     | Service criado: /0 (UUID: 12340000-0000-1000-8000-00805f9b34fb, primary: True)
2026-01-04 16:42:43.901 | INFO     | A criar IoTNetworkService...
2026-01-04 16:42:43.901 | DEBUG    | Characteristic criada: /0/char0 (UUID: 12340001-0000-1000-8000-00805f9b34fb, flags: ['write', 'notify'])
2026-01-04 16:42:43.901 | INFO     | NetworkPacketCharacteristic criada
2026-01-04 16:42:43.902 | DEBUG    | Characteristic criada: /0/char1 (UUID: 12340002-0000-1000-8000-00805f9b34fb, flags: ['read'])
2026-01-04 16:42:43.902 | INFO     | DeviceInfoCharacteristic criada: NID=a40543fa..., type=node
2026-01-04 16:42:43.902 | DEBUG    | Characteristic criada: /0/char2 (UUID: 12340003-0000-1000-8000-00805f9b34fb, flags: ['read', 'notify'])
2026-01-04 16:42:43.902 | INFO     | NeighborTableCharacteristic criada
2026-01-04 16:42:43.903 | DEBUG    | Characteristic criada: /0/char3 (UUID: 12340004-0000-1000-8000-00805f9b34fb, flags: ['write', 'indicate'])
2026-01-04 16:42:43.903 | INFO     | AuthCharacteristic criada
2026-01-04 16:42:43.903 | DEBUG    | Characteristic adicionada a /0: /0/char0
2026-01-04 16:42:43.904 | DEBUG    | Characteristic adicionada a /0: /0/char1
2026-01-04 16:42:43.904 | DEBUG    | Characteristic adicionada a /0: /0/char2
2026-01-04 16:42:43.904 | DEBUG    | Characteristic adicionada a /0: /0/char3
2026-01-04 16:42:43.904 | INFO     | ✅ IoTNetworkService criado com sucesso!
2026-01-04 16:42:43.905 | INFO     | Service adicionado à aplicação: /0
2026-01-04 16:42:43.905 | DEBUG    | Packet callback definido
2026-01-04 16:42:43.905 | DEBUG    | Auth callback definido
2026-01-04 16:42:43.905 | INFO     | Advertisement criado: /org/bluez/iot/advertisement0 (type: peripheral)
2026-01-04 16:42:43.906 | INFO     | ✅ Service UUID adicionado ao advertising: 12340000-0000-1000-8000-00805f9b34fb
2026-01-04 16:42:43.906 | INFO     |    Lista atual de UUIDs: ['12340000-0000-1000-8000-00805f9b34fb']
2026-01-04 16:42:43.908 | DEBUG    | Local name definido: IoT-Node-a40543fa
2026-01-04 16:42:43.908 | DEBUG    | Manufacturer data adicionado: ID=65535
2026-01-04 16:42:43.908 | INFO     | 🔄 Advertising contínuo configurado (duration=0)
2026-01-04 16:42:43.909 | INFO     | ✅ GATT Server configurado
2026-01-04 16:42:43.909 | INFO     | A iniciar GATT Server...
2026-01-04 16:42:43.912 | INFO     | ✅ GATT Server iniciado em thread separada
2026-01-04 16:42:43.913 | INFO     | ✅ Node Device iniciado - CLI interativo pronto
2026-01-04 16:42:43.913 | DEBUG    | GetManagedObjects called
2026-01-04 16:42:43.914 | DEBUG    | GetManagedObjects returning 5 objects
2026-01-04 16:42:43.917 | INFO     | ✅ GATT application registada!
2026-01-04 16:42:43.918 | DEBUG    | GetAll called on /org/bluez/iot/advertisement0
2026-01-04 16:42:43.918 | INFO     | 📡 Advertising com ServiceUUIDs: ['12340000-0000-1000-8000-00805f9b34fb']
2026-01-04 16:42:44.021 | INFO     | ✅ Advertisement registado!
2026-01-04 16:43:25.523 | INFO     | A fazer scan BLE durante 5000ms...
2026-01-04 16:43:25.525 | INFO     | [OP-20260104_164243-0001] SCAN_START | Duration: 5000ms | Filter_IoT: True
2026-01-04 16:43:30.650 | INFO     | Scan concluído: 0 dispositivos encontrados
2026-01-04 16:43:30.652 | INFO     | [OP-20260104_164243-0002] SCAN_RESULT | Devices_Found: 0
2026-01-04 16:43:30.654 | INFO     | A fazer scan BLE durante 5000ms...
2026-01-04 16:43:30.656 | INFO     | [OP-20260104_164243-0003] SCAN_START | Duration: 5000ms | Filter_IoT: True
2026-01-04 16:43:35.683 | DEBUG    |   Encontrado: rafa-ubuntu (E0:D3:62:D7:47:03) RSSI: -56 dBm
2026-01-04 16:43:35.684 | INFO     | Scan concluído: 1 dispositivos encontrados
2026-01-04 16:43:35.686 | INFO     | [OP-20260104_164243-0004] SCAN_RESULT | Devices_Found: 1
2026-01-04 16:43:35.687 | DEBUG    | [OP-20260104_164243-0004]   Device_1: Name: rafa-ubuntu | Address: E0:D3:62:D7:47:03 | RSSI: -56 dBm | Services: 1
2026-01-04 16:43:39.358 | INFO     | A fazer scan BLE durante 5000ms...
2026-01-04 16:43:39.359 | INFO     | [OP-20260104_164243-0005] SCAN_START | Duration: 5000ms | Filter_IoT: True
2026-01-04 16:43:44.484 | DEBUG    |   Encontrado: IoT-Node-0abd8260 (E0:D3:62:D6:EE:A0) RSSI: -58 dBm
2026-01-04 16:43:44.487 | DEBUG    |   Encontrado: rafa-ubuntu (E0:D3:62:D7:47:03) RSSI: -66 dBm
2026-01-04 16:43:44.488 | INFO     | Scan concluído: 2 dispositivos encontrados
2026-01-04 16:43:44.489 | INFO     | [OP-20260104_164243-0006] SCAN_RESULT | Devices_Found: 2
2026-01-04 16:43:44.490 | DEBUG    | [OP-20260104_164243-0006]   Device_1: Name: IoT-Node-0abd8260 | Address: E0:D3:62:D6:EE:A0 | RSSI: -58 dBm | Services: 1
2026-01-04 16:43:44.492 | DEBUG    | [OP-20260104_164243-0006]   Device_2: Name: rafa-ubuntu | Address: E0:D3:62:D7:47:03 | RSSI: -66 dBm | Services: 1
2026-01-04 16:43:44.492 | INFO     | A fazer scan BLE durante 5000ms...
2026-01-04 16:43:44.494 | INFO     | [OP-20260104_164243-0007] SCAN_START | Duration: 5000ms | Filter_IoT: True
2026-01-04 16:43:49.525 | DEBUG    |   Encontrado: IoT-Node-0abd8260 (E0:D3:62:D6:EE:A0) RSSI: -54 dBm
2026-01-04 16:43:49.526 | INFO     | Scan concluído: 1 dispositivos encontrados
2026-01-04 16:43:49.527 | INFO     | [OP-20260104_164243-0008] SCAN_RESULT | Devices_Found: 1
2026-01-04 16:43:49.529 | DEBUG    | [OP-20260104_164243-0008]   Device_1: Name: IoT-Node-0abd8260 | Address: E0:D3:62:D6:EE:A0 | RSSI: -54 dBm | Services: 1
2026-01-04 16:43:51.470 | INFO     | A conectar ao Sink E0:D3:62:D6:EE:A0...
2026-01-04 16:43:51.471 | DEBUG    | BLEConnection criada para E0:D3:62:D6:EE:A0
2026-01-04 16:43:51.472 | INFO     | A conectar a E0:D3:62:D6:EE:A0...
2026-01-04 16:43:51.473 | INFO     | [OP-20260104_164243-0009] CONNECT_ATTEMPT | Local: 58:00:E3:66:74:7C | Remote: E0:D3:62:D6:EE:A0
2026-01-04 16:44:05.558 | ERROR    | Erro ao conectar a E0:D3:62:D6:EE:A0: The requested operation has failed.
2026-01-04 16:44:05.559 | ERROR    | [OP-20260104_164243-0010] CONNECT_FAILED | Remote: E0:D3:62:D6:EE:A0 | Error: The requested operation has failed.
2026-01-04 16:44:05.560 | DEBUG    | Conexão falhou, tentando refresh do cache e retry...
2026-01-04 16:44:07.572 | DEBUG    | Peripheral refreshed, tentando conectar novamente...
2026-01-04 16:44:07.573 | DEBUG    | BLEConnection criada para E0:D3:62:D6:EE:A0
2026-01-04 16:44:07.575 | INFO     | A conectar a E0:D3:62:D6:EE:A0...
2026-01-04 16:44:07.576 | INFO     | [OP-20260104_164243-0011] CONNECT_ATTEMPT | Local: 58:00:E3:66:74:7C | Remote: E0:D3:62:D6:EE:A0
2026-01-04 16:44:24.252 | ERROR    | Erro ao conectar a E0:D3:62:D6:EE:A0: The requested operation has failed.
2026-01-04 16:44:24.254 | ERROR    | [OP-20260104_164243-0012] CONNECT_FAILED | Remote: E0:D3:62:D6:EE:A0 | Error: The requested operation has failed.
2026-01-04 16:44:24.255 | ERROR    | Falha ao conectar a E0:D3:62:D6:EE:A0 após todas as tentativas
2026-01-04 16:44:24.257 | ERROR    | ❌ Falha ao conectar ao Sink
2026-01-04 16:45:30.654 | INFO     | A parar Node...
2026-01-04 16:45:30.655 | INFO     | A parar GATT Server...
2026-01-04 16:45:30.657 | INFO     | ✅ GATT Server parado
2026-01-04 16:45:30.660 | INFO     | ✅ Node parado
