2025-12-28 00:22:17.882 | INFO     | BLE Operation Logger iniciado: ble_operations_A08869B6F7D2_20251228_002217.log
2025-12-28 00:22:17.883 | INFO     | Scanner BLE iniciado: hci0 (A0:88:69:B6:F7:D2)
2025-12-28 00:22:17.884 | INFO     | BLE Client iniciado
2025-12-28 00:22:17.884 | INFO     | BLE Client criado
2025-12-28 00:22:17.885 | INFO     | NeighborDiscovery inicializado: scan_interval=30s, scan_duration=5000ms, timeout=120s
2025-12-28 00:22:17.885 | INFO     | NeighborDiscovery criado
2025-12-28 00:22:17.885 | INFO     | Link Manager iniciado
2025-12-28 00:22:17.886 | INFO     | LinkManager criado
2025-12-28 00:22:22.323 | INFO     | A iniciar scan de vizinhos...
2025-12-28 00:22:22.324 | DEBUG    | A limpar cache de scan BLE...
2025-12-28 00:22:22.532 | DEBUG    | Cache de scan limpo
2025-12-28 00:22:22.533 | INFO     | A fazer scan BLE durante 5000ms...
2025-12-28 00:22:22.534 | INFO     | [OP-20251228_002217-0001] SCAN_START | Duration: 5000ms | Filter_IoT: True
2025-12-28 00:22:27.684 | DEBUG    |   Encontrado: IoT-Node (E0:D3:62:D6:EE:A0) RSSI: -52 dBm
2025-12-28 00:22:27.684 | INFO     | Scan concluído: 1 dispositivos encontrados
2025-12-28 00:22:27.685 | INFO     | [OP-20251228_002217-0002] SCAN_RESULT | Devices_Found: 1
2025-12-28 00:22:27.686 | DEBUG    | [OP-20251228_002217-0002]   Device_1: Name: IoT-Node | Address: E0:D3:62:D6:EE:A0 | RSSI: -52 dBm | Services: 1
2025-12-28 00:22:27.687 | INFO     | Scan concluído: 1 dispositivos IoT encontrados
2025-12-28 00:22:27.688 | DEBUG    | A conectar a E0:D3:62:D6:EE:A0 para ler DeviceInfo...
2025-12-28 00:22:27.689 | DEBUG    | BLEConnection criada para E0:D3:62:D6:EE:A0
2025-12-28 00:22:27.690 | INFO     | A conectar a E0:D3:62:D6:EE:A0...
2025-12-28 00:22:27.693 | INFO     | [OP-20251228_002217-0003] CONNECT_ATTEMPT | Local: A0:88:69:B6:F7:D2 | Remote: E0:D3:62:D6:EE:A0
2025-12-28 00:22:31.338 | INFO     | ✅ Conectado a E0:D3:62:D6:EE:A0
2025-12-28 00:22:31.339 | INFO     | [OP-20251228_002217-0004] CONNECT_SUCCESS | Remote: E0:D3:62:D6:EE:A0 | Time: 3639.36ms
2025-12-28 00:22:31.340 | DEBUG    | [OP-20251228_002217-0005] READ_REQUEST | Remote: E0:D3:62:D6:EE:A0 | Service: 12340000-0000-1000-8000-00805f9b34fb | Char: 12340002-0000-1000-8000-00805f9b34fb
2025-12-28 00:22:31.833 | DEBUG    | Read 12340002-0000-1000-8000-00805f9b34fb: 18 bytes
2025-12-28 00:22:31.834 | INFO     | [OP-20251228_002217-0006] READ_RESPONSE | Remote: E0:D3:62:D6:EE:A0 | Char: 12340002-0000-1000-8000-00805f9b34fb | Data: 18 bytes | Hex: 84942b133fcd4c19ba44786ee9cb7f360100 | ASCII: ..+.?.L..Dxn...6..
2025-12-28 00:22:31.835 | INFO     | Vizinho descoberto: E0:D3:62:D6:EE:A0 (84942b13...) hop=1 rssi=-52dBm type=node disconnected seen=0.0s ago
2025-12-28 00:22:33.643 | INFO     | Desconectado de E0:D3:62:D6:EE:A0
2025-12-28 00:22:33.644 | INFO     | [OP-20251228_002217-0007] DISCONNECT | Remote: E0:D3:62:D6:EE:A0 | Reason: normal
2025-12-28 00:22:33.646 | INFO     | Novo vizinho adicionado: E0:D3:62:D6:EE:A0
2025-12-28 00:23:05.411 | INFO     | A iniciar scan de vizinhos...
2025-12-28 00:23:05.412 | DEBUG    | A limpar cache de scan BLE...
2025-12-28 00:23:05.617 | DEBUG    | Cache de scan limpo
2025-12-28 00:23:05.618 | INFO     | A fazer scan BLE durante 5000ms...
2025-12-28 00:23:05.619 | INFO     | [OP-20251228_002217-0008] SCAN_START | Duration: 5000ms | Filter_IoT: True
2025-12-28 00:23:10.632 | INFO     | Scan concluído: 0 dispositivos encontrados
2025-12-28 00:23:10.634 | INFO     | [OP-20251228_002217-0009] SCAN_RESULT | Devices_Found: 0
2025-12-28 00:23:10.637 | INFO     | Scan concluído: 0 dispositivos IoT encontrados
2025-12-28 00:23:13.654 | INFO     | A iniciar scan de vizinhos...
2025-12-28 00:23:13.656 | DEBUG    | A limpar cache de scan BLE...
2025-12-28 00:23:13.865 | DEBUG    | Cache de scan limpo
2025-12-28 00:23:13.866 | INFO     | A fazer scan BLE durante 5000ms...
2025-12-28 00:23:13.867 | INFO     | [OP-20251228_002217-0010] SCAN_START | Duration: 5000ms | Filter_IoT: True
2025-12-28 00:23:18.886 | DEBUG    |   Encontrado: IoT-Node (E0:D3:62:D6:EE:A0) RSSI: -51 dBm
2025-12-28 00:23:18.887 | INFO     | Scan concluído: 1 dispositivos encontrados
2025-12-28 00:23:18.888 | INFO     | [OP-20251228_002217-0011] SCAN_RESULT | Devices_Found: 1
2025-12-28 00:23:18.889 | DEBUG    | [OP-20251228_002217-0011]   Device_1: Name: IoT-Node | Address: E0:D3:62:D6:EE:A0 | RSSI: -51 dBm | Services: 1
2025-12-28 00:23:18.889 | INFO     | Scan concluído: 1 dispositivos IoT encontrados
2025-12-28 00:23:18.892 | DEBUG    | A conectar a E0:D3:62:D6:EE:A0 para ler DeviceInfo...
2025-12-28 00:23:18.893 | DEBUG    | BLEConnection criada para E0:D3:62:D6:EE:A0
2025-12-28 00:23:18.894 | INFO     | A conectar a E0:D3:62:D6:EE:A0...
2025-12-28 00:23:18.895 | INFO     | [OP-20251228_002217-0012] CONNECT_ATTEMPT | Local: A0:88:69:B6:F7:D2 | Remote: E0:D3:62:D6:EE:A0
2025-12-28 00:23:22.926 | INFO     | ✅ Conectado a E0:D3:62:D6:EE:A0
2025-12-28 00:23:22.928 | INFO     | [OP-20251228_002217-0013] CONNECT_SUCCESS | Remote: E0:D3:62:D6:EE:A0 | Time: 4027.00ms
2025-12-28 00:23:22.930 | DEBUG    | [OP-20251228_002217-0014] READ_REQUEST | Remote: E0:D3:62:D6:EE:A0 | Service: 12340000-0000-1000-8000-00805f9b34fb | Char: 12340002-0000-1000-8000-00805f9b34fb
2025-12-28 00:23:23.432 | DEBUG    | Read 12340002-0000-1000-8000-00805f9b34fb: 18 bytes
2025-12-28 00:23:23.433 | INFO     | [OP-20251228_002217-0015] READ_RESPONSE | Remote: E0:D3:62:D6:EE:A0 | Char: 12340002-0000-1000-8000-00805f9b34fb | Data: 18 bytes | Hex: 84942b133fcd4c19ba44786ee9cb7f360100 | ASCII: ..+.?.L..Dxn...6..
2025-12-28 00:23:23.434 | INFO     | Vizinho descoberto: E0:D3:62:D6:EE:A0 (84942b13...) hop=1 rssi=-51dBm type=node disconnected seen=0.0s ago
2025-12-28 00:23:25.633 | INFO     | Desconectado de E0:D3:62:D6:EE:A0
2025-12-28 00:23:25.635 | INFO     | [OP-20251228_002217-0016] DISCONNECT | Remote: E0:D3:62:D6:EE:A0 | Reason: normal
2025-12-28 00:23:43.119 | INFO     | A conectar a vizinho E0:D3:62:D6:EE:A0...
2025-12-28 00:23:43.121 | DEBUG    | BLEConnection criada para E0:D3:62:D6:EE:A0
2025-12-28 00:23:43.122 | INFO     | A conectar a E0:D3:62:D6:EE:A0...
2025-12-28 00:23:43.124 | INFO     | [OP-20251228_002217-0017] CONNECT_ATTEMPT | Local: A0:88:69:B6:F7:D2 | Remote: E0:D3:62:D6:EE:A0
2025-12-28 00:23:45.883 | INFO     | ✅ Conectado a E0:D3:62:D6:EE:A0
2025-12-28 00:23:45.884 | INFO     | [OP-20251228_002217-0018] CONNECT_SUCCESS | Remote: E0:D3:62:D6:EE:A0 | Time: 2755.72ms
2025-12-28 00:23:45.885 | INFO     | Link criado: Link[E0:D3:62:D6:EE:A0] -> NODE NID=84942b13... hop=1 (UPLINK)
2025-12-28 00:23:45.886 | INFO     | ✅ Uplink definido: Link[E0:D3:62:D6:EE:A0] -> NODE NID=84942b13... hop=1
2025-12-28 00:23:45.887 | INFO     | ✅ Conectado a E0:D3:62:D6:EE:A0 e uplink estabelecido
2025-12-28 00:23:45.888 | DEBUG    | Vizinho E0:D3:62:D6:EE:A0 marcado como conectado
2025-12-28 00:24:46.922 | INFO     | A desconectar do uplink E0:D3:62:D6:EE:A0
2025-12-28 00:24:49.651 | INFO     | Desconectado de E0:D3:62:D6:EE:A0
2025-12-28 00:24:49.653 | INFO     | [OP-20251228_002217-0019] DISCONNECT | Remote: E0:D3:62:D6:EE:A0 | Reason: normal
2025-12-28 00:24:49.654 | WARNING  | ⚠️  Uplink desconectado!
