2025-12-29 19:35:26.263 | INFO     | BLE Operation Logger iniciado: ble_operations_A08869B6F7D2_20251229_193526.log
2025-12-29 19:35:26.264 | INFO     | Scanner BLE iniciado: hci0 (A0:88:69:B6:F7:D2)
2025-12-29 19:35:26.264 | INFO     | BLE Client iniciado
2025-12-29 19:35:26.264 | INFO     | BLE Client criado
2025-12-29 19:35:26.265 | INFO     | NeighborDiscovery inicializado: scan_interval=30s, scan_duration=5000ms, timeout=120s
2025-12-29 19:35:26.265 | INFO     | NeighborDiscovery criado
2025-12-29 19:35:26.266 | INFO     | Link Manager iniciado
2025-12-29 19:35:26.266 | INFO     | LinkManager criado
2025-12-29 19:35:29.689 | INFO     | A iniciar scan de vizinhos...
2025-12-29 19:35:29.689 | DEBUG    | A limpar cache de scan BLE...
2025-12-29 19:35:29.900 | DEBUG    | Cache de scan limpo
2025-12-29 19:35:29.900 | INFO     | A fazer scan BLE durante 5000ms...
2025-12-29 19:35:29.902 | INFO     | [OP-20251229_193526-0001] SCAN_START | Duration: 5000ms | Filter_IoT: True
2025-12-29 19:35:35.016 | DEBUG    |   Encontrado: IoT-Node (E0:D3:62:D6:EE:A0) RSSI: -50 dBm
2025-12-29 19:35:35.019 | INFO     | Scan concluído: 1 dispositivos encontrados
2025-12-29 19:35:35.020 | INFO     | [OP-20251229_193526-0002] SCAN_RESULT | Devices_Found: 1
2025-12-29 19:35:35.021 | DEBUG    | [OP-20251229_193526-0002]   Device_1: Name: IoT-Node | Address: E0:D3:62:D6:EE:A0 | RSSI: -50 dBm | Services: 1
2025-12-29 19:35:35.022 | INFO     | Scan concluído: 1 dispositivos IoT encontrados
2025-12-29 19:35:35.023 | DEBUG    | A conectar a E0:D3:62:D6:EE:A0 para ler DeviceInfo...
2025-12-29 19:35:35.026 | DEBUG    | BLEConnection criada para E0:D3:62:D6:EE:A0
2025-12-29 19:35:35.027 | INFO     | A conectar a E0:D3:62:D6:EE:A0...
2025-12-29 19:35:35.028 | INFO     | [OP-20251229_193526-0003] CONNECT_ATTEMPT | Local: A0:88:69:B6:F7:D2 | Remote: E0:D3:62:D6:EE:A0
2025-12-29 19:35:39.192 | INFO     | ✅ Conectado a E0:D3:62:D6:EE:A0
2025-12-29 19:35:39.193 | INFO     | [OP-20251229_193526-0004] CONNECT_SUCCESS | Remote: E0:D3:62:D6:EE:A0 | Time: 4160.07ms
2025-12-29 19:35:39.194 | DEBUG    | ✅ Conexão estabelecida. Operações GATT usarão D-Bus se necessário.
2025-12-29 19:35:39.194 | DEBUG    | [OP-20251229_193526-0005] READ_REQUEST | Remote: E0:D3:62:D6:EE:A0 | Service: 12340000-0000-1000-8000-00805f9b34fb | Char: 12340002-0000-1000-8000-00805f9b34fb
2025-12-29 19:35:39.710 | DEBUG    | Read 12340002-0000-1000-8000-00805f9b34fb: 18 bytes
2025-12-29 19:35:39.711 | INFO     | [OP-20251229_193526-0006] READ_RESPONSE | Remote: E0:D3:62:D6:EE:A0 | Char: 12340002-0000-1000-8000-00805f9b34fb | Data: 18 bytes | Hex: 0550058401034fb2bc527efbd813573f0100 | ASCII: .P....O..R~...W?..
2025-12-29 19:35:39.712 | INFO     | Vizinho descoberto: E0:D3:62:D6:EE:A0 (05500584...) hop=1 rssi=-50dBm type=node disconnected seen=0.0s ago
2025-12-29 19:35:41.569 | INFO     | Desconectado de E0:D3:62:D6:EE:A0
2025-12-29 19:35:41.572 | INFO     | [OP-20251229_193526-0007] DISCONNECT | Remote: E0:D3:62:D6:EE:A0 | Reason: normal
2025-12-29 19:35:41.574 | INFO     | Novo vizinho adicionado: E0:D3:62:D6:EE:A0
2025-12-29 19:35:52.831 | INFO     | A conectar a vizinho E0:D3:62:D6:EE:A0...
2025-12-29 19:35:52.833 | DEBUG    | BLEConnection criada para E0:D3:62:D6:EE:A0
2025-12-29 19:35:52.834 | INFO     | A conectar a E0:D3:62:D6:EE:A0...
2025-12-29 19:35:52.836 | INFO     | [OP-20251229_193526-0008] CONNECT_ATTEMPT | Local: A0:88:69:B6:F7:D2 | Remote: E0:D3:62:D6:EE:A0
2025-12-29 19:35:55.394 | INFO     | ✅ Conectado a E0:D3:62:D6:EE:A0
2025-12-29 19:35:55.395 | INFO     | [OP-20251229_193526-0009] CONNECT_SUCCESS | Remote: E0:D3:62:D6:EE:A0 | Time: 2554.03ms
2025-12-29 19:35:55.396 | DEBUG    | ✅ Conexão estabelecida. Operações GATT usarão D-Bus se necessário.
2025-12-29 19:35:55.397 | INFO     | Link criado: Link[E0:D3:62:D6:EE:A0] -> NODE NID=05500584... hop=1 (UPLINK)
2025-12-29 19:35:55.398 | INFO     | ✅ Uplink definido: Link[E0:D3:62:D6:EE:A0] -> NODE NID=05500584... hop=1
2025-12-29 19:35:55.400 | INFO     | ✅ Conectado a E0:D3:62:D6:EE:A0 e uplink estabelecido
2025-12-29 19:35:55.403 | DEBUG    | Vizinho E0:D3:62:D6:EE:A0 marcado como conectado
2025-12-29 19:36:21.819 | INFO     | Comando resume_heartbeat enviado
2025-12-29 19:39:34.492 | INFO     | A limpar recursos...
2025-12-29 19:39:34.494 | INFO     | A desconectar uplink E0:D3:62:D6:EE:A0...
2025-12-29 19:39:34.495 | INFO     | A desconectar do uplink E0:D3:62:D6:EE:A0
2025-12-29 19:39:36.317 | INFO     | Desconectado de E0:D3:62:D6:EE:A0
2025-12-29 19:39:36.319 | INFO     | [OP-20251229_193526-0010] DISCONNECT | Remote: E0:D3:62:D6:EE:A0 | Reason: normal
2025-12-29 19:39:36.323 | WARNING  | ⚠️  Uplink desconectado!
2025-12-29 19:39:36.325 | INFO     | Uplink removido
2025-12-29 19:39:36.326 | INFO     | ✅ Recursos limpos
