2026-01-02 20:52:01.839 | INFO     | BLE Operation Logger iniciado: ble_operations_E0D362D6EEA0_20260102_205201.log
2026-01-02 20:52:01.840 | INFO     | Scanner BLE iniciado: hci0 (E0:D3:62:D6:EE:A0)
2026-01-02 20:52:01.841 | INFO     | BLE Client iniciado
2026-01-02 20:52:01.842 | DEBUG    | FragmentReassembler inicializado
2026-01-02 20:52:01.842 | INFO     | IoT Node inicializado (adapter=hci0)
2026-01-02 20:52:01.842 | INFO     | A configurar GATT Server...
2026-01-02 20:52:01.845 | INFO     | Application criada: /
2026-01-02 20:52:01.845 | INFO     | Service criado: /0 (UUID: 12340000-0000-1000-8000-00805f9b34fb, primary: True)
2026-01-02 20:52:01.846 | INFO     | A criar IoTNetworkService...
2026-01-02 20:52:01.846 | DEBUG    | Characteristic criada: /0/char0 (UUID: 12340001-0000-1000-8000-00805f9b34fb, flags: ['write', 'notify'])
2026-01-02 20:52:01.846 | INFO     | NetworkPacketCharacteristic criada
2026-01-02 20:52:01.847 | DEBUG    | Characteristic criada: /0/char1 (UUID: 12340002-0000-1000-8000-00805f9b34fb, flags: ['read'])
2026-01-02 20:52:01.847 | INFO     | DeviceInfoCharacteristic criada: NID=74383752..., type=node
2026-01-02 20:52:01.848 | DEBUG    | Characteristic criada: /0/char2 (UUID: 12340003-0000-1000-8000-00805f9b34fb, flags: ['read', 'notify'])
2026-01-02 20:52:01.849 | INFO     | NeighborTableCharacteristic criada
2026-01-02 20:52:01.850 | DEBUG    | Characteristic criada: /0/char3 (UUID: 12340004-0000-1000-8000-00805f9b34fb, flags: ['write', 'indicate'])
2026-01-02 20:52:01.850 | INFO     | AuthCharacteristic criada
2026-01-02 20:52:01.851 | DEBUG    | Characteristic adicionada a /0: /0/char0
2026-01-02 20:52:01.851 | DEBUG    | Characteristic adicionada a /0: /0/char1
2026-01-02 20:52:01.851 | DEBUG    | Characteristic adicionada a /0: /0/char2
2026-01-02 20:52:01.851 | DEBUG    | Characteristic adicionada a /0: /0/char3
2026-01-02 20:52:01.852 | INFO     | ✅ IoTNetworkService criado com sucesso!
2026-01-02 20:52:01.852 | INFO     | Service adicionado à aplicação: /0
2026-01-02 20:52:01.853 | DEBUG    | Packet callback definido
2026-01-02 20:52:01.853 | DEBUG    | Auth callback definido
2026-01-02 20:52:01.854 | INFO     | Advertisement criado: /org/bluez/iot/advertisement0 (type: peripheral)
2026-01-02 20:52:01.854 | INFO     | ✅ Service UUID adicionado ao advertising: 12340000-0000-1000-8000-00805f9b34fb
2026-01-02 20:52:01.855 | INFO     |    Lista atual de UUIDs: ['12340000-0000-1000-8000-00805f9b34fb']
2026-01-02 20:52:01.855 | DEBUG    | Local name definido: IoT-Node-74383752
2026-01-02 20:52:01.855 | DEBUG    | Manufacturer data adicionado: ID=65535
2026-01-02 20:52:01.857 | INFO     | ✅ GATT Server configurado
2026-01-02 20:52:01.858 | INFO     | A iniciar GATT Server...
2026-01-02 20:52:01.861 | INFO     | ✅ GATT Server iniciado em thread separada
2026-01-02 20:52:01.863 | INFO     | ✅ Node Device iniciado - CLI interativo pronto
2026-01-02 20:52:01.866 | DEBUG    | GetManagedObjects called
2026-01-02 20:52:01.866 | DEBUG    | GetManagedObjects returning 5 objects
2026-01-02 20:52:01.934 | INFO     | ✅ GATT application registada!
2026-01-02 20:52:01.935 | DEBUG    | GetAll called on /org/bluez/iot/advertisement0
2026-01-02 20:52:01.936 | INFO     | 📡 Advertising com ServiceUUIDs: ['12340000-0000-1000-8000-00805f9b34fb']
2026-01-02 20:52:02.039 | INFO     | ✅ Advertisement registado!
2026-01-02 20:52:03.469 | INFO     | A fazer scan BLE durante 5000ms...
2026-01-02 20:52:03.470 | INFO     | [OP-20260102_205201-0001] SCAN_START | Duration: 5000ms | Filter_IoT: True
2026-01-02 20:52:08.584 | DEBUG    |   Encontrado: IoT-Sink-54c225f2 (E0:D3:62:D7:47:03) RSSI: -48 dBm
2026-01-02 20:52:08.584 | INFO     | Scan concluído: 1 dispositivos encontrados
2026-01-02 20:52:08.585 | INFO     | [OP-20260102_205201-0002] SCAN_RESULT | Devices_Found: 1
2026-01-02 20:52:08.586 | DEBUG    | [OP-20260102_205201-0002]   Device_1: Name: IoT-Sink-54c225f2 | Address: E0:D3:62:D7:47:03 | RSSI: -48 dBm | Services: 1
2026-01-02 20:52:08.586 | INFO     | A fazer scan BLE durante 5000ms...
2026-01-02 20:52:08.587 | INFO     | [OP-20260102_205201-0003] SCAN_START | Duration: 5000ms | Filter_IoT: True
2026-01-02 20:52:13.602 | DEBUG    |   Encontrado: IoT-Sink-54c225f2 (E0:D3:62:D7:47:03) RSSI: -46 dBm
2026-01-02 20:52:13.603 | INFO     | Scan concluído: 1 dispositivos encontrados
2026-01-02 20:52:13.603 | INFO     | [OP-20260102_205201-0004] SCAN_RESULT | Devices_Found: 1
2026-01-02 20:52:13.604 | DEBUG    | [OP-20260102_205201-0004]   Device_1: Name: IoT-Sink-54c225f2 | Address: E0:D3:62:D7:47:03 | RSSI: -46 dBm | Services: 1
2026-01-02 20:52:15.343 | INFO     | A conectar ao Sink E0:D3:62:D7:47:03...
2026-01-02 20:52:15.345 | DEBUG    | BLEConnection criada para E0:D3:62:D7:47:03
2026-01-02 20:52:15.346 | INFO     | A conectar a E0:D3:62:D7:47:03...
2026-01-02 20:52:15.347 | INFO     | [OP-20260102_205201-0005] CONNECT_ATTEMPT | Local: E0:D3:62:D6:EE:A0 | Remote: E0:D3:62:D7:47:03
2026-01-02 20:52:18.921 | INFO     | ✅ Conectado a E0:D3:62:D7:47:03
2026-01-02 20:52:18.921 | INFO     | [OP-20260102_205201-0006] CONNECT_SUCCESS | Remote: E0:D3:62:D7:47:03 | Time: 3572.02ms
2026-01-02 20:52:18.922 | DEBUG    | ✅ Conexão estabelecida. Operações GATT usarão D-Bus se necessário.
2026-01-02 20:52:18.922 | INFO     | ✅ Conectado ao Sink via GATT
2026-01-02 20:52:18.924 | DEBUG    | Descobertos 4 serviços
2026-01-02 20:52:18.925 | DEBUG    | Serviço 12340000-0000-1000-8000-00805f9b34fb encontrado
2026-01-02 20:52:18.925 | INFO     | ✅ Serviço IoT Network encontrado
2026-01-02 20:52:18.927 | INFO     | A subscrever a notificações...
2026-01-02 20:52:19.366 | INFO     | ✅ Subscrito a notificações: 12340001-0000-1000-8000-00805f9b34fb
2026-01-02 20:52:19.368 | INFO     | [OP-20260102_205201-0007] SUBSCRIBE_SUCCESS | Remote: E0:D3:62:D7:47:03 | Char: 12340001-0000-1000-8000-00805f9b34fb
2026-01-02 20:52:19.368 | INFO     | ✅ Subscrito a NETWORK_PACKET
2026-01-02 20:52:19.371 | DEBUG    | [OP-20260102_205201-0008] READ_REQUEST | Remote: E0:D3:62:D7:47:03 | Service: 12340000-0000-1000-8000-00805f9b34fb | Char: 12340002-0000-1000-8000-00805f9b34fb
2026-01-02 20:52:19.455 | DEBUG    | Read 12340002-0000-1000-8000-00805f9b34fb: 18 bytes
2026-01-02 20:52:19.456 | INFO     | [OP-20260102_205201-0009] READ_RESPONSE | Remote: E0:D3:62:D7:47:03 | Char: 12340002-0000-1000-8000-00805f9b34fb | Data: 18 bytes | Hex: 54c225f24e894134bf27c5e9148e17c1ff01 | ASCII: T.%.N.A4.'........
2026-01-02 20:52:19.456 | INFO     | ✅ Conectado ao Sink - hop_count=0
2026-01-02 20:52:19.458 | INFO     | 🔐 A iniciar autenticação com Sink...
2026-01-02 20:52:19.458 | DEBUG    | 📡 A subscrever a AUTH characteristic...
2026-01-02 20:52:19.545 | INFO     | ✅ Subscrito a notificações: 12340004-0000-1000-8000-00805f9b34fb
2026-01-02 20:52:19.546 | INFO     | [OP-20260102_205201-0010] SUBSCRIBE_SUCCESS | Remote: E0:D3:62:D7:47:03 | Char: 12340004-0000-1000-8000-00805f9b34fb
2026-01-02 20:52:19.546 | DEBUG    | ✅ Subscrito a AUTH indications
2026-01-02 20:52:19.546 | INFO     | AuthenticationProtocol inicializado para 74383752...
2026-01-02 20:52:19.547 | INFO     | 📤 Enviando certificado...
2026-01-02 20:52:19.547 | INFO     | 🔐 Iniciando autenticação - enviando certificado...
2026-01-02 20:52:19.548 | INFO     |    Certificado: 887 bytes
2026-01-02 20:52:19.548 | DEBUG    |    Estado: IDLE → CERT_SENT
2026-01-02 20:52:19.548 | INFO     | Fragmentando mensagem de 890 bytes em 5 fragmentos
2026-01-02 20:52:19.549 | DEBUG    |   Fragmento 1/5: 180 bytes, flags=0x01
2026-01-02 20:52:19.549 | DEBUG    |   Fragmento 2/5: 180 bytes, flags=0x00
2026-01-02 20:52:19.549 | DEBUG    |   Fragmento 3/5: 180 bytes, flags=0x00
2026-01-02 20:52:19.549 | DEBUG    |   Fragmento 4/5: 180 bytes, flags=0x00
2026-01-02 20:52:19.549 | DEBUG    |   Fragmento 5/5: 170 bytes, flags=0x02
2026-01-02 20:52:19.549 | DEBUG    | Enviando mensagem auth: 890 bytes em 5 fragmento(s)
2026-01-02 20:52:19.550 | INFO     | [OP-20260102_205201-0011] WRITE_REQUEST | Remote: E0:D3:62:D7:47:03 | Char: 12340004-0000-1000-8000-00805f9b34fb | Data: 183 bytes | Hex: 0100050103772d2d2d2d2d424547494e2043455254494649434154452d2d2d2d2d0a4d4949435954434341634b674177494241674955503456317a7156365177 | ASCII: .....w-----BEGIN CERTIFICATE-----.MIICYTCCAcKgAwIBAgIUP4V1zqV6Qw [TRUNCATED]
2026-01-02 20:52:19.634 | DEBUG    | ✅ Write via SimpleBLE: 12340004-0000-1000-8000-00805f9b34fb (183 bytes)
2026-01-02 20:52:19.635 | INFO     | [OP-20260102_205201-0012] WRITE_SUCCESS | Remote: E0:D3:62:D7:47:03 | Char: 12340004-0000-1000-8000-00805f9b34fb
2026-01-02 20:52:19.636 | DEBUG    |   Fragmento 1/5 enviado
2026-01-02 20:52:19.737 | INFO     | [OP-20260102_205201-0013] WRITE_REQUEST | Remote: E0:D3:62:D7:47:03 | Char: 12340004-0000-1000-8000-00805f9b34fb | Data: 183 bytes | Hex: 0001054d446b6c765643424f5a58523362334a7249454e424d423458445449324d4445774d6a45794e446b304d316f580a44544d314d54497a4d5445794e446b | ASCII: ...MDklvVCBOZXR3b3JrIENBMB4XDTI2MDEwMjEyNDk0M1oX.DTM1MTIzMTEyNDk [TRUNCATED]
2026-01-02 20:52:19.815 | DEBUG    | ✅ Write via SimpleBLE: 12340004-0000-1000-8000-00805f9b34fb (183 bytes)
2026-01-02 20:52:19.816 | INFO     | [OP-20260102_205201-0014] WRITE_SUCCESS | Remote: E0:D3:62:D7:47:03 | Char: 12340004-0000-1000-8000-00805f9b34fb
2026-01-02 20:52:19.816 | DEBUG    |   Fragmento 2/5 enviado
2026-01-02 20:52:19.920 | INFO     | [OP-20260102_205201-0015] WRITE_REQUEST | Remote: E0:D3:62:D7:47:03 | Char: 12340004-0000-1000-8000-00805f9b34fb | Data: 183 bytes | Hex: 000205675a7377454159484b6f5a497a6a3043415159464b34454541434d4467595941424145694e696357395555554c7a5a7a31477641556d77426e636f670a | ASCII: ...gZswEAYHKoZIzj0CAQYFK4EEACMDgYYABAEiNicW9UUULzZz1GvAUmwBncog. [TRUNCATED]
2026-01-02 20:52:19.994 | DEBUG    | ✅ Write via SimpleBLE: 12340004-0000-1000-8000-00805f9b34fb (183 bytes)
2026-01-02 20:52:19.995 | INFO     | [OP-20260102_205201-0016] WRITE_SUCCESS | Remote: E0:D3:62:D7:47:03 | Char: 12340004-0000-1000-8000-00805f9b34fb
2026-01-02 20:52:19.995 | DEBUG    |   Fragmento 3/5 enviado
2026-01-02 20:52:20.099 | INFO     | [OP-20260102_205201-0017] WRITE_REQUEST | Remote: E0:D3:62:D7:47:03 | Char: 12340004-0000-1000-8000-00805f9b34fb | Data: 183 bytes | Hex: 0003056f394a6e616a4d494f760a734344654e443674516a39337452687558446a6d524b4d344d44597744415944565230544151482f424149774144414f4267 | ASCII: ...o9JnajMIOv.sCDeND6tQj93tRhuXDjmRKM4MDYwDAYDVR0TAQH/BAIwADAOBg [TRUNCATED]
2026-01-02 20:52:20.174 | DEBUG    | ✅ Write via SimpleBLE: 12340004-0000-1000-8000-00805f9b34fb (183 bytes)
2026-01-02 20:52:20.177 | INFO     | [OP-20260102_205201-0018] WRITE_SUCCESS | Remote: E0:D3:62:D7:47:03 | Char: 12340004-0000-1000-8000-00805f9b34fb
2026-01-02 20:52:20.177 | DEBUG    |   Fragmento 4/5 enviado
2026-01-02 20:52:20.279 | INFO     | [OP-20260102_205201-0019] WRITE_REQUEST | Remote: E0:D3:62:D7:47:03 | Char: 12340004-0000-1000-8000-00805f9b34fb | Data: 173 bytes | Hex: 0204056c466935494f443142454578567254414b2b776c774e2b676a0a4e3249572b3450556a78466643654f6152762b794a3734435167452b4654787a433554 | ASCII: ...lFi5IOD1BEExVrTAK+wlwN+gj.N2IW+4PUjxFfCeOaRv+yJ74CQgE+FTxzC5T [TRUNCATED]
2026-01-02 20:52:20.401 | DEBUG    | ✅ Write via SimpleBLE: 12340004-0000-1000-8000-00805f9b34fb (173 bytes)
2026-01-02 20:52:20.401 | INFO     | [OP-20260102_205201-0020] NOTIFICATION | Remote: E0:D3:62:D7:47:03 | Char: 12340004-0000-1000-8000-00805f9b34fb | Data: 183 bytes | Hex: 0100060203b00000038c2d2d2d2d2d424547494e2043455254494649434154452d2d2d2d2d0a4d494943634443434164476741774942416749554a787a6b7455 | ASCII: ..........-----BEGIN CERTIFICATE-----.MIICcDCCAdGgAwIBAgIUJxzktU [TRUNCATED]
2026-01-02 20:52:20.403 | DEBUG    | 🔐 AUTH indication recebida: 183 bytes
2026-01-02 20:52:20.403 | DEBUG    | Fragmento recebido: seq=0, total=6, payload=180 bytes, flags=0x01
2026-01-02 20:52:20.403 | INFO     | [OP-20260102_205201-0021] WRITE_SUCCESS | Remote: E0:D3:62:D7:47:03 | Char: 12340004-0000-1000-8000-00805f9b34fb
2026-01-02 20:52:20.404 | DEBUG    |   Fragmento 5/5 enviado
2026-01-02 20:52:20.404 | INFO     | Iniciando recepção de 6 fragmentos
2026-01-02 20:52:20.406 | DEBUG    | Fragmento 1/6 armazenado (1 de 6 recebidos)
2026-01-02 20:52:20.406 | DEBUG    | 🔐 Aguardando mais fragmentos AUTH...
2026-01-02 20:52:20.446 | INFO     | [OP-20260102_205201-0022] NOTIFICATION | Remote: E0:D3:62:D7:47:03 | Char: 12340001-0000-1000-8000-00805f9b34fb | Data: 236 bytes | Hex: 54c225f24e894134bf27c5e9148e17c154c225f24e894134bf27c5e9148e17c1020100000008e7bd9caf481a65a773c6cda28f84bd781a286745e10aee52a98a | ASCII: T.%.N.A4.'......T.%.N.A4.'................H.e.s......x.(gE...R.. [TRUNCATED]
2026-01-02 20:52:20.448 | INFO     | Sink NID identificado: 54c225f2...
2026-01-02 20:52:20.449 | DEBUG    | Novo source 54c225f2...: seq=8 (primeiro pacote)
2026-01-02 20:52:20.449 | WARNING  | ⚠️  Certificado do Sink não disponível para verificação
2026-01-02 20:52:20.450 | DEBUG    |    hasattr _sink_cert: False
2026-01-02 20:52:20.450 | ERROR    | ❌ Assinatura de heartbeat inválida!
2026-01-02 20:52:20.492 | INFO     | [OP-20260102_205201-0023] NOTIFICATION | Remote: E0:D3:62:D7:47:03 | Char: 12340004-0000-1000-8000-00805f9b34fb | Data: 183 bytes | Hex: 0001065642414d4d446b6c765643424f5a58523362334a7249454e424d423458445449324d4445774d6a45794e446b7a4d6c6f580a44544d314d54497a4d5445 | ASCII: ...VBAMMDklvVCBOZXR3b3JrIENBMB4XDTI2MDEwMjEyNDkzMloX.DTM1MTIzMTE [TRUNCATED]
2026-01-02 20:52:20.493 | DEBUG    | 🔐 AUTH indication recebida: 183 bytes
2026-01-02 20:52:20.493 | DEBUG    | Fragmento recebido: seq=1, total=6, payload=180 bytes, flags=0x00
2026-01-02 20:52:20.493 | DEBUG    | Fragmento 2/6 armazenado (2 de 6 recebidos)
2026-01-02 20:52:20.493 | DEBUG    | 🔐 Aguardando mais fragmentos AUTH...
2026-01-02 20:52:20.506 | DEBUG    | Autenticação round 1/10
2026-01-02 20:52:20.588 | INFO     | [OP-20260102_205201-0024] NOTIFICATION | Remote: E0:D3:62:D7:47:03 | Char: 12340004-0000-1000-8000-00805f9b34fb | Data: 183 bytes | Hex: 000206597a45784454414c42674e564241734d42464e70626d7377675a7377454159484b6f5a497a6a3043415159464b34454541434d44675959414241415377 | ASCII: ...YzExDTALBgNVBAsMBFNpbmswgZswEAYHKoZIzj0CAQYFK4EEACMDgYYABAASw [TRUNCATED]
2026-01-02 20:52:20.589 | DEBUG    | 🔐 AUTH indication recebida: 183 bytes
2026-01-02 20:52:20.589 | DEBUG    | Fragmento recebido: seq=2, total=6, payload=180 bytes, flags=0x00
2026-01-02 20:52:20.589 | DEBUG    | Fragmento 3/6 armazenado (3 de 6 recebidos)
2026-01-02 20:52:20.589 | DEBUG    | 🔐 Aguardando mais fragmentos AUTH...
2026-01-02 20:52:20.673 | INFO     | [OP-20260102_205201-0025] NOTIFICATION | Remote: E0:D3:62:D7:47:03 | Char: 12340004-0000-1000-8000-00805f9b34fb | Data: 183 bytes | Hex: 000306386e6a795a48523051644f4375300a6f4e41363237777a484f3239624a6f6b67614b4c486e66436d2b505643727934344a64307a434d4e50614d344d44 | ASCII: ...8njyZHR0QdOCu0.oNA627wzHO29bJokgaKLHnfCm+PVCry44Jd0zCMNPaM4MD [TRUNCATED]
2026-01-02 20:52:20.673 | DEBUG    | 🔐 AUTH indication recebida: 183 bytes
2026-01-02 20:52:20.673 | DEBUG    | Fragmento recebido: seq=3, total=6, payload=180 bytes, flags=0x00
2026-01-02 20:52:20.673 | DEBUG    | Fragmento 4/6 armazenado (4 de 6 recebidos)
2026-01-02 20:52:20.674 | DEBUG    | 🔐 Aguardando mais fragmentos AUTH...
2026-01-02 20:52:20.762 | INFO     | [OP-20260102_205201-0026] NOTIFICATION | Remote: E0:D3:62:D7:47:03 | Char: 12340004-0000-1000-8000-00805f9b34fb | Data: 183 bytes | Hex: 00040634706d4967797a644e615a4e4a506a66796561623859385839394141680a6158316663585374655142344b476a74343969626571735a70734d59754675 | ASCII: ...4pmIgyzdNaZNJPjfyeab8Y8X99AAh.aX1fcXSteQB4KGjt49ibeqsZpsMYuFu [TRUNCATED]
2026-01-02 20:52:20.763 | DEBUG    | 🔐 AUTH indication recebida: 183 bytes
2026-01-02 20:52:20.763 | DEBUG    | Fragmento recebido: seq=4, total=6, payload=180 bytes, flags=0x00
2026-01-02 20:52:20.763 | DEBUG    | Fragmento 5/6 armazenado (5 de 6 recebidos)
2026-01-02 20:52:20.763 | DEBUG    | 🔐 Aguardando mais fragmentos AUTH...
2026-01-02 20:52:20.852 | INFO     | [OP-20260102_205201-0027] NOTIFICATION | Remote: E0:D3:62:D7:47:03 | Char: 12340004-0000-1000-8000-00805f9b34fb | Data: 50 bytes | Hex: 0205065254494649434154452d2d2d2d2d0a8be1415b25f4970b729225c98011204e514ac8444cdcfa1cf51a4325e8f507d1 | ASCII: ...RTIFICATE-----...A[%...r.%... NQJ.DL.....C%....
2026-01-02 20:52:20.853 | DEBUG    | 🔐 AUTH indication recebida: 50 bytes
2026-01-02 20:52:20.853 | DEBUG    | Fragmento recebido: seq=5, total=6, payload=47 bytes, flags=0x02
2026-01-02 20:52:20.853 | DEBUG    | Fragmento 6/6 armazenado (6 de 6 recebidos)
2026-01-02 20:52:20.853 | INFO     | ✅ Mensagem reconstruída: 947 bytes (6 fragmentos)
2026-01-02 20:52:20.854 | DEBUG    | FragmentReassembler resetado
2026-01-02 20:52:20.854 | DEBUG    | 🔐 AUTH mensagem completa: 947 bytes
2026-01-02 20:52:21.010 | DEBUG    | Resposta auth lida do buffer: 947 bytes
2026-01-02 20:52:21.010 | DEBUG    | 📨 Recebido: AuthMessage(type=CHALLENGE, payload=944 bytes)
2026-01-02 20:52:21.010 | INFO     | 🎲 Challenge recebido - processando certificado + challenge...
2026-01-02 20:52:21.011 | INFO     | 📜 Extraindo certificado do peer do payload...
2026-01-02 20:52:21.021 | DEBUG    | ✅ Assinatura da CA válida
2026-01-02 20:52:21.022 | DEBUG    | ✅ Certificado válido temporalmente (expira em 2035-12-31 12:49:32+00:00)
2026-01-02 20:52:21.022 | INFO     | ✅ Certificado validado com sucesso
2026-01-02 20:52:21.023 | INFO     | ✅ Certificado do peer validado!
2026-01-02 20:52:21.024 | INFO     |    Peer NID: 54c225f2...
2026-01-02 20:52:21.024 | INFO     |    Peer tipo: SINK
2026-01-02 20:52:21.025 | DEBUG    |    Challenge: 8be1415b25f4970b729225c98011204e...
2026-01-02 20:52:21.025 | INFO     | ✍️  Assinando dados:
2026-01-02 20:52:21.026 | INFO     |    Data: 32 bytes | 8be1415b25f4970b729225c98011204e514ac8444cdcfa1cf51a4325e8f507d1...
2026-01-02 20:52:21.029 | INFO     |    Signature: 139 bytes | 308188024201f9d3e9ae60e177e61692720c47cf8faf20ccc8702948b779a423...
2026-01-02 20:52:21.029 | INFO     | ✍️  Response gerada: 139 bytes
2026-01-02 20:52:21.029 | DEBUG    |    Estado: CHALLENGE_RECEIVED
2026-01-02 20:52:21.030 | DEBUG    | 📤 Enviando resposta (142 bytes)
2026-01-02 20:52:21.030 | DEBUG    | Mensagem pequena (142 bytes), 1 fragmento
2026-01-02 20:52:21.030 | DEBUG    | Enviando mensagem auth: 142 bytes em 1 fragmento(s)
2026-01-02 20:52:21.032 | INFO     | [OP-20260102_205201-0028] WRITE_REQUEST | Remote: E0:D3:62:D7:47:03 | Char: 12340004-0000-1000-8000-00805f9b34fb | Data: 145 bytes | Hex: 03000103008b308188024201f9d3e9ae60e177e61692720c47cf8faf20ccc8702948b779a4232310d68f5bb1b62c7a7ae20d97bea745ae64b45783cd06462efe | ASCII: ......0...B.....`.w...r.G... ..p)H.y.##...[..,zz.....E.d.W...F.. [TRUNCATED]
2026-01-02 20:52:21.120 | DEBUG    | ✅ Write via SimpleBLE: 12340004-0000-1000-8000-00805f9b34fb (145 bytes)
2026-01-02 20:52:21.120 | INFO     | [OP-20260102_205201-0029] WRITE_SUCCESS | Remote: E0:D3:62:D7:47:03 | Char: 12340004-0000-1000-8000-00805f9b34fb
2026-01-02 20:52:21.121 | DEBUG    |   Fragmento 1/1 enviado
2026-01-02 20:52:21.122 | DEBUG    | Autenticação round 2/10
2026-01-02 20:52:21.121 | INFO     | [OP-20260102_205201-0030] NOTIFICATION | Remote: E0:D3:62:D7:47:03 | Char: 12340004-0000-1000-8000-00805f9b34fb | Data: 6 bytes | Hex: 030001040000 | ASCII: ......
2026-01-02 20:52:21.122 | DEBUG    | 🔐 AUTH indication recebida: 6 bytes
2026-01-02 20:52:21.122 | DEBUG    | Fragmento recebido: seq=0, total=1, payload=3 bytes, flags=0x03
2026-01-02 20:52:21.122 | INFO     | Iniciando recepção de 1 fragmentos
2026-01-02 20:52:21.124 | DEBUG    | Fragmento 1/1 armazenado (1 de 1 recebidos)
2026-01-02 20:52:21.125 | INFO     | ✅ Mensagem reconstruída: 3 bytes (1 fragmentos)
2026-01-02 20:52:21.125 | DEBUG    | FragmentReassembler resetado
2026-01-02 20:52:21.125 | DEBUG    | 🔐 AUTH mensagem completa: 3 bytes
2026-01-02 20:52:21.622 | DEBUG    | Resposta auth lida do buffer: 3 bytes
2026-01-02 20:52:21.623 | DEBUG    | 📨 Recebido: AuthMessage(type=AUTH_SUCCESS, payload=0 bytes)
2026-01-02 20:52:21.623 | INFO     | ✅ Peer confirmou autenticação bem sucedida!
2026-01-02 20:52:21.624 | INFO     | ✅ Autenticação bem-sucedida!
2026-01-02 20:52:21.632 | DEBUG    | 🔑 Session key derivada: 32 bytes
2026-01-02 20:52:21.632 | INFO     | 🔑 Session key estabelecida
2026-01-02 20:52:21.634 | INFO     | ✅ Certificado do Sink armazenado para verificação de heartbeats
2026-01-02 20:52:21.635 | ERROR    | ❌ Erro durante autenticação: 'IoTNode' object has no attribute 'cert_path'
2026-01-02 20:52:25.397 | INFO     | [OP-20260102_205201-0031] NOTIFICATION | Remote: E0:D3:62:D7:47:03 | Char: 12340001-0000-1000-8000-00805f9b34fb | Data: 236 bytes | Hex: 54c225f24e894134bf27c5e9148e17c154c225f24e894134bf27c5e9148e17c1020100000009fd08bd6e8260a47dc91f21a17b744ad0cddef645e35c3e31cda7 | ASCII: T.%.N.A4.'......T.%.N.A4.'...............n.`.}..!.{tJ....E.\>1.. [TRUNCATED]
2026-01-02 20:52:25.398 | DEBUG    | Source 54c225f2...: seq=9 (novo highest, window: 2 seqs)
2026-01-02 20:52:25.399 | DEBUG    | 🔍 Verificando assinatura: sig_len=139, signature_raw_len=139
2026-01-02 20:52:25.399 | INFO     | 💓 Verificando heartbeat:
2026-01-02 20:52:25.400 | INFO     |    Sink NID: 54c225f24e894134bf27c5e9148e17c1
2026-01-02 20:52:25.401 | INFO     |    Timestamp: 1767387145.3563607
2026-01-02 20:52:25.402 | INFO     |    Data to verify: 54c225f24e894134bf27c5e9148e17c141da560c0256ce9d
2026-01-02 20:52:25.403 | INFO     | 🔍 Verificando assinatura:
2026-01-02 20:52:25.404 | INFO     |    Data: 24 bytes | 54c225f24e894134bf27c5e9148e17c141da560c0256ce9d...
2026-01-02 20:52:25.408 | INFO     |    Signature: 139 bytes | 308188024200a0b37e59b6c2dc8e52d1fbaffda15ef97d82374f1ad4dbbb578f...
2026-01-02 20:52:25.414 | INFO     | ✅ Assinatura verificada com sucesso!
2026-01-02 20:52:25.416 | DEBUG    | ✅ Assinatura de heartbeat válida
2026-01-02 20:52:25.417 | DEBUG    | 💓 Heartbeat recebido (seq=9, age=0.06s)
2026-01-02 20:52:30.435 | INFO     | [OP-20260102_205201-0032] NOTIFICATION | Remote: E0:D3:62:D7:47:03 | Char: 12340001-0000-1000-8000-00805f9b34fb | Data: 236 bytes | Hex: 54c225f24e894134bf27c5e9148e17c154c225f24e894134bf27c5e9148e17c102010000000adbcaf1e60a1a187be93642f366e9decd59663206b7b0ffa1ff25 | ASCII: T.%.N.A4.'......T.%.N.A4.'...................{.6B.f...Yf2......% [TRUNCATED]
2026-01-02 20:52:30.436 | DEBUG    | Source 54c225f2...: seq=10 (novo highest, window: 3 seqs)
2026-01-02 20:52:30.436 | DEBUG    | 🔍 Verificando assinatura: sig_len=137, signature_raw_len=137
2026-01-02 20:52:30.436 | INFO     | 💓 Verificando heartbeat:
2026-01-02 20:52:30.439 | INFO     |    Sink NID: 54c225f24e894134bf27c5e9148e17c1
2026-01-02 20:52:30.439 | INFO     |    Timestamp: 1767387150.3572812
2026-01-02 20:52:30.440 | INFO     |    Data to verify: 54c225f24e894134bf27c5e9148e17c141da560c0396ddb2
2026-01-02 20:52:30.441 | INFO     | 🔍 Verificando assinatura:
2026-01-02 20:52:30.443 | INFO     |    Data: 24 bytes | 54c225f24e894134bf27c5e9148e17c141da560c0396ddb2...
2026-01-02 20:52:30.443 | INFO     |    Signature: 137 bytes | 30818602412ddad9112ff8201dba7235069a9c769846be45fc0f8bae21fd613f...
2026-01-02 20:52:30.446 | INFO     | ✅ Assinatura verificada com sucesso!
2026-01-02 20:52:30.446 | DEBUG    | ✅ Assinatura de heartbeat válida
2026-01-02 20:52:30.447 | DEBUG    | 💓 Heartbeat recebido (seq=10, age=0.09s)
2026-01-02 20:52:35.432 | INFO     | [OP-20260102_205201-0033] NOTIFICATION | Remote: E0:D3:62:D7:47:03 | Char: 12340001-0000-1000-8000-00805f9b34fb | Data: 236 bytes | Hex: 54c225f24e894134bf27c5e9148e17c154c225f24e894134bf27c5e9148e17c102010000000ba169295285e831086cedeb6f058b78920dfbca50a360b0c9da0d | ASCII: T.%.N.A4.'......T.%.N.A4.'.............i)R..1.l..o..x....P.`.... [TRUNCATED]
2026-01-02 20:52:35.433 | DEBUG    | Source 54c225f2...: seq=11 (novo highest, window: 4 seqs)
2026-01-02 20:52:35.434 | DEBUG    | 🔍 Verificando assinatura: sig_len=139, signature_raw_len=139
2026-01-02 20:52:35.434 | INFO     | 💓 Verificando heartbeat:
2026-01-02 20:52:35.435 | INFO     |    Sink NID: 54c225f24e894134bf27c5e9148e17c1
2026-01-02 20:52:35.436 | INFO     |    Timestamp: 1767387155.3571904
2026-01-02 20:52:35.437 | INFO     |    Data to verify: 54c225f24e894134bf27c5e9148e17c141da560c04d6dc35
2026-01-02 20:52:35.438 | INFO     | 🔍 Verificando assinatura:
2026-01-02 20:52:35.440 | INFO     |    Data: 24 bytes | 54c225f24e894134bf27c5e9148e17c141da560c04d6dc35...
2026-01-02 20:52:35.442 | INFO     |    Signature: 139 bytes | 308188024200c7a54322a978f317b2cfcf88a9a76f20b710424d6a27bc81d01b...
2026-01-02 20:52:35.449 | INFO     | ✅ Assinatura verificada com sucesso!
2026-01-02 20:52:35.451 | DEBUG    | ✅ Assinatura de heartbeat válida
2026-01-02 20:52:35.452 | DEBUG    | 💓 Heartbeat recebido (seq=11, age=0.09s)
2026-01-02 20:52:40.426 | INFO     | [OP-20260102_205201-0034] NOTIFICATION | Remote: E0:D3:62:D7:47:03 | Char: 12340001-0000-1000-8000-00805f9b34fb | Data: 236 bytes | Hex: 54c225f24e894134bf27c5e9148e17c154c225f24e894134bf27c5e9148e17c102010000000c852d53e58c53ad2e9c396ee76a8337c1a16e65b716498eaba4a5 | ASCII: T.%.N.A4.'......T.%.N.A4.'.............-S..S...9n.j.7..ne..I.... [TRUNCATED]
2026-01-02 20:52:40.426 | DEBUG    | Source 54c225f2...: seq=12 (novo highest, window: 5 seqs)
2026-01-02 20:52:40.427 | DEBUG    | 🔍 Verificando assinatura: sig_len=139, signature_raw_len=139
2026-01-02 20:52:40.428 | INFO     | 💓 Verificando heartbeat:
2026-01-02 20:52:40.429 | INFO     |    Sink NID: 54c225f24e894134bf27c5e9148e17c1
2026-01-02 20:52:40.431 | INFO     |    Timestamp: 1767387160.3572097
2026-01-02 20:52:40.433 | INFO     |    Data to verify: 54c225f24e894134bf27c5e9148e17c141da560c0616dc86
2026-01-02 20:52:40.434 | INFO     | 🔍 Verificando assinatura:
2026-01-02 20:52:40.435 | INFO     |    Data: 24 bytes | 54c225f24e894134bf27c5e9148e17c141da560c0616dc86...
2026-01-02 20:52:40.436 | INFO     |    Signature: 139 bytes | 3081880242012eb6005dbd3ab9a69ace0fcd4a2cb18084fe12e3f22449f4b865...
2026-01-02 20:52:40.438 | INFO     | ✅ Assinatura verificada com sucesso!
2026-01-02 20:52:40.439 | DEBUG    | ✅ Assinatura de heartbeat válida
2026-01-02 20:52:40.439 | DEBUG    | 💓 Heartbeat recebido (seq=12, age=0.08s)
2026-01-02 20:52:42.199 | INFO     | A parar Node...
2026-01-02 20:52:42.200 | INFO     | A parar GATT Server...
