2026-01-02 13:13:45.107 | INFO     | BLE Operation Logger iniciado: ble_operations_A08869B6F7D2_20260102_131345.log
2026-01-02 13:13:45.108 | INFO     | Scanner BLE iniciado: hci0 (A0:88:69:B6:F7:D2)
2026-01-02 13:13:45.108 | INFO     | BLE Client iniciado
2026-01-02 13:13:45.108 | DEBUG    | FragmentReassembler inicializado
2026-01-02 13:13:45.108 | INFO     | IoT Node inicializado (adapter=hci0)
2026-01-02 13:13:45.109 | INFO     | A configurar GATT Server...
2026-01-02 13:13:45.111 | INFO     | Application criada: /
2026-01-02 13:13:45.111 | INFO     | Service criado: /0 (UUID: 12340000-0000-1000-8000-00805f9b34fb, primary: True)
2026-01-02 13:13:45.112 | INFO     | A criar IoTNetworkService...
2026-01-02 13:13:45.112 | DEBUG    | Characteristic criada: /0/char0 (UUID: 12340001-0000-1000-8000-00805f9b34fb, flags: ['write', 'notify'])
2026-01-02 13:13:45.113 | INFO     | NetworkPacketCharacteristic criada
2026-01-02 13:13:45.113 | DEBUG    | Characteristic criada: /0/char1 (UUID: 12340002-0000-1000-8000-00805f9b34fb, flags: ['read'])
2026-01-02 13:13:45.113 | INFO     | DeviceInfoCharacteristic criada: NID=74383752..., type=node
2026-01-02 13:13:45.114 | DEBUG    | Characteristic criada: /0/char2 (UUID: 12340003-0000-1000-8000-00805f9b34fb, flags: ['read', 'notify'])
2026-01-02 13:13:45.115 | INFO     | NeighborTableCharacteristic criada
2026-01-02 13:13:45.115 | DEBUG    | Characteristic criada: /0/char3 (UUID: 12340004-0000-1000-8000-00805f9b34fb, flags: ['write', 'indicate'])
2026-01-02 13:13:45.115 | INFO     | AuthCharacteristic criada
2026-01-02 13:13:45.116 | DEBUG    | Characteristic adicionada a /0: /0/char0
2026-01-02 13:13:45.116 | DEBUG    | Characteristic adicionada a /0: /0/char1
2026-01-02 13:13:45.116 | DEBUG    | Characteristic adicionada a /0: /0/char2
2026-01-02 13:13:45.116 | DEBUG    | Characteristic adicionada a /0: /0/char3
2026-01-02 13:13:45.117 | INFO     | ✅ IoTNetworkService criado com sucesso!
2026-01-02 13:13:45.117 | INFO     | Service adicionado à aplicação: /0
2026-01-02 13:13:45.118 | DEBUG    | Packet callback definido
2026-01-02 13:13:45.118 | DEBUG    | Auth callback definido
2026-01-02 13:13:45.119 | INFO     | Advertisement criado: /org/bluez/iot/advertisement0 (type: peripheral)
2026-01-02 13:13:45.120 | INFO     | ✅ Service UUID adicionado ao advertising: 12340000-0000-1000-8000-00805f9b34fb
2026-01-02 13:13:45.121 | INFO     |    Lista atual de UUIDs: ['12340000-0000-1000-8000-00805f9b34fb']
2026-01-02 13:13:45.121 | DEBUG    | Local name definido: IoT-Node-74383752
2026-01-02 13:13:45.122 | DEBUG    | Manufacturer data adicionado: ID=65535
2026-01-02 13:13:45.122 | INFO     | ✅ GATT Server configurado
2026-01-02 13:13:45.122 | INFO     | A iniciar GATT Server...
2026-01-02 13:13:45.126 | INFO     | ✅ GATT Server iniciado em thread separada
2026-01-02 13:13:45.126 | INFO     | ✅ Node Device iniciado - CLI interativo pronto
2026-01-02 13:13:45.130 | DEBUG    | GetManagedObjects called
2026-01-02 13:13:45.130 | DEBUG    | GetManagedObjects returning 5 objects
2026-01-02 13:13:45.203 | INFO     | ✅ GATT application registada!
2026-01-02 13:13:45.204 | DEBUG    | GetAll called on /org/bluez/iot/advertisement0
2026-01-02 13:13:45.204 | INFO     | 📡 Advertising com ServiceUUIDs: ['12340000-0000-1000-8000-00805f9b34fb']
2026-01-02 13:13:45.312 | INFO     | ✅ Advertisement registado!
2026-01-02 13:13:59.314 | INFO     | A fazer scan BLE durante 5000ms...
2026-01-02 13:13:59.315 | INFO     | [OP-20260102_131345-0001] SCAN_START | Duration: 5000ms | Filter_IoT: True
2026-01-02 13:14:04.442 | INFO     | Scan concluído: 0 dispositivos encontrados
2026-01-02 13:14:04.444 | INFO     | [OP-20260102_131345-0002] SCAN_RESULT | Devices_Found: 0
2026-01-02 13:14:04.445 | INFO     | A fazer scan BLE durante 5000ms...
2026-01-02 13:14:04.445 | INFO     | [OP-20260102_131345-0003] SCAN_START | Duration: 5000ms | Filter_IoT: True
2026-01-02 13:14:09.567 | DEBUG    |   Encontrado: IoT-Sink-54c225f2 (E0:D3:62:D6:EE:A0) RSSI: -47 dBm
2026-01-02 13:14:09.569 | INFO     | Scan concluído: 1 dispositivos encontrados
2026-01-02 13:14:09.569 | INFO     | [OP-20260102_131345-0004] SCAN_RESULT | Devices_Found: 1
2026-01-02 13:14:09.570 | DEBUG    | [OP-20260102_131345-0004]   Device_1: Name: IoT-Sink-54c225f2 | Address: E0:D3:62:D6:EE:A0 | RSSI: -47 dBm | Services: 1
2026-01-02 13:14:15.638 | INFO     | A conectar ao Sink E0:D3:62:D6:EE:A0...
2026-01-02 13:14:15.639 | DEBUG    | BLEConnection criada para E0:D3:62:D6:EE:A0
2026-01-02 13:14:15.639 | INFO     | A conectar a E0:D3:62:D6:EE:A0...
2026-01-02 13:14:15.640 | INFO     | [OP-20260102_131345-0005] CONNECT_ATTEMPT | Local: A0:88:69:B6:F7:D2 | Remote: E0:D3:62:D6:EE:A0
2026-01-02 13:14:19.041 | INFO     | ✅ Conectado a E0:D3:62:D6:EE:A0
2026-01-02 13:14:19.042 | INFO     | [OP-20260102_131345-0006] CONNECT_SUCCESS | Remote: E0:D3:62:D6:EE:A0 | Time: 3398.62ms
2026-01-02 13:14:19.043 | DEBUG    | ✅ Conexão estabelecida. Operações GATT usarão D-Bus se necessário.
2026-01-02 13:14:19.044 | INFO     | ✅ Conectado ao Sink via GATT
2026-01-02 13:14:19.047 | DEBUG    | Descobertos 4 serviços
2026-01-02 13:14:19.052 | DEBUG    | Serviço 12340000-0000-1000-8000-00805f9b34fb encontrado
2026-01-02 13:14:19.052 | INFO     | ✅ Serviço IoT Network encontrado
2026-01-02 13:14:19.054 | INFO     | A subscrever a notificações...
2026-01-02 13:14:19.571 | INFO     | ✅ Subscrito a notificações: 12340001-0000-1000-8000-00805f9b34fb
2026-01-02 13:14:19.572 | INFO     | [OP-20260102_131345-0007] SUBSCRIBE_SUCCESS | Remote: E0:D3:62:D6:EE:A0 | Char: 12340001-0000-1000-8000-00805f9b34fb
2026-01-02 13:14:19.573 | INFO     | ✅ Subscrito a NETWORK_PACKET
2026-01-02 13:14:19.574 | DEBUG    | [OP-20260102_131345-0008] READ_REQUEST | Remote: E0:D3:62:D6:EE:A0 | Service: 12340000-0000-1000-8000-00805f9b34fb | Char: 12340002-0000-1000-8000-00805f9b34fb
2026-01-02 13:14:19.673 | DEBUG    | Read 12340002-0000-1000-8000-00805f9b34fb: 18 bytes
2026-01-02 13:14:19.673 | INFO     | [OP-20260102_131345-0009] READ_RESPONSE | Remote: E0:D3:62:D6:EE:A0 | Char: 12340002-0000-1000-8000-00805f9b34fb | Data: 18 bytes | Hex: 54c225f24e894134bf27c5e9148e17c1ff01 | ASCII: T.%.N.A4.'........
2026-01-02 13:14:19.674 | INFO     | ✅ Conectado ao Sink - hop_count=0
2026-01-02 13:14:19.677 | INFO     | 🔐 A iniciar autenticação com Sink...
2026-01-02 13:14:19.679 | DEBUG    | 📡 A subscrever a AUTH characteristic...
2026-01-02 13:14:19.773 | INFO     | ✅ Subscrito a notificações: 12340004-0000-1000-8000-00805f9b34fb
2026-01-02 13:14:19.774 | INFO     | [OP-20260102_131345-0010] SUBSCRIBE_SUCCESS | Remote: E0:D3:62:D6:EE:A0 | Char: 12340004-0000-1000-8000-00805f9b34fb
2026-01-02 13:14:19.774 | DEBUG    | ✅ Subscrito a AUTH indications
2026-01-02 13:14:19.774 | INFO     | AuthenticationProtocol inicializado para 74383752...
2026-01-02 13:14:19.775 | INFO     | 📤 Enviando certificado...
2026-01-02 13:14:19.775 | INFO     | 🔐 Iniciando autenticação - enviando certificado...
2026-01-02 13:14:19.776 | INFO     |    Certificado: 887 bytes
2026-01-02 13:14:19.776 | DEBUG    |    Estado: IDLE → CERT_SENT
2026-01-02 13:14:19.776 | INFO     | Fragmentando mensagem de 890 bytes em 5 fragmentos
2026-01-02 13:14:19.777 | DEBUG    |   Fragmento 1/5: 180 bytes, flags=0x01
2026-01-02 13:14:19.777 | DEBUG    |   Fragmento 2/5: 180 bytes, flags=0x00
2026-01-02 13:14:19.777 | DEBUG    |   Fragmento 3/5: 180 bytes, flags=0x00
2026-01-02 13:14:19.777 | DEBUG    |   Fragmento 4/5: 180 bytes, flags=0x00
2026-01-02 13:14:19.778 | DEBUG    |   Fragmento 5/5: 170 bytes, flags=0x02
2026-01-02 13:14:19.778 | DEBUG    | Enviando mensagem auth: 890 bytes em 5 fragmento(s)
2026-01-02 13:14:19.779 | INFO     | [OP-20260102_131345-0011] WRITE_REQUEST | Remote: E0:D3:62:D6:EE:A0 | Char: 12340004-0000-1000-8000-00805f9b34fb | Data: 183 bytes | Hex: 0100050103772d2d2d2d2d424547494e2043455254494649434154452d2d2d2d2d0a4d4949435954434341634b674177494241674955503456317a7156365177 | ASCII: .....w-----BEGIN CERTIFICATE-----.MIICYTCCAcKgAwIBAgIUP4V1zqV6Qw [TRUNCATED]
2026-01-02 13:14:19.921 | DEBUG    | ✅ Write via SimpleBLE: 12340004-0000-1000-8000-00805f9b34fb (183 bytes)
2026-01-02 13:14:19.921 | INFO     | [OP-20260102_131345-0012] WRITE_SUCCESS | Remote: E0:D3:62:D6:EE:A0 | Char: 12340004-0000-1000-8000-00805f9b34fb
2026-01-02 13:14:19.922 | DEBUG    |   Fragmento 1/5 enviado
2026-01-02 13:14:20.023 | INFO     | [OP-20260102_131345-0013] WRITE_REQUEST | Remote: E0:D3:62:D6:EE:A0 | Char: 12340004-0000-1000-8000-00805f9b34fb | Data: 183 bytes | Hex: 0001054d446b6c765643424f5a58523362334a7249454e424d423458445449324d4445774d6a45794e446b304d316f580a44544d314d54497a4d5445794e446b | ASCII: ...MDklvVCBOZXR3b3JrIENBMB4XDTI2MDEwMjEyNDk0M1oX.DTM1MTIzMTEyNDk [TRUNCATED]
2026-01-02 13:14:20.173 | DEBUG    | ✅ Write via SimpleBLE: 12340004-0000-1000-8000-00805f9b34fb (183 bytes)
2026-01-02 13:14:20.173 | INFO     | [OP-20260102_131345-0014] WRITE_SUCCESS | Remote: E0:D3:62:D6:EE:A0 | Char: 12340004-0000-1000-8000-00805f9b34fb
2026-01-02 13:14:20.174 | DEBUG    |   Fragmento 2/5 enviado
2026-01-02 13:14:20.275 | INFO     | [OP-20260102_131345-0015] WRITE_REQUEST | Remote: E0:D3:62:D6:EE:A0 | Char: 12340004-0000-1000-8000-00805f9b34fb | Data: 183 bytes | Hex: 000205675a7377454159484b6f5a497a6a3043415159464b34454541434d4467595941424145694e696357395555554c7a5a7a31477641556d77426e636f670a | ASCII: ...gZswEAYHKoZIzj0CAQYFK4EEACMDgYYABAEiNicW9UUULzZz1GvAUmwBncog. [TRUNCATED]
2026-01-02 13:14:20.421 | DEBUG    | ✅ Write via SimpleBLE: 12340004-0000-1000-8000-00805f9b34fb (183 bytes)
2026-01-02 13:14:20.421 | INFO     | [OP-20260102_131345-0016] WRITE_SUCCESS | Remote: E0:D3:62:D6:EE:A0 | Char: 12340004-0000-1000-8000-00805f9b34fb
2026-01-02 13:14:20.422 | DEBUG    |   Fragmento 3/5 enviado
2026-01-02 13:14:20.524 | INFO     | [OP-20260102_131345-0017] WRITE_REQUEST | Remote: E0:D3:62:D6:EE:A0 | Char: 12340004-0000-1000-8000-00805f9b34fb | Data: 183 bytes | Hex: 0003056f394a6e616a4d494f760a734344654e443674516a39337452687558446a6d524b4d344d44597744415944565230544151482f424149774144414f4267 | ASCII: ...o9JnajMIOv.sCDeND6tQj93tRhuXDjmRKM4MDYwDAYDVR0TAQH/BAIwADAOBg [TRUNCATED]
2026-01-02 13:14:20.671 | DEBUG    | ✅ Write via SimpleBLE: 12340004-0000-1000-8000-00805f9b34fb (183 bytes)
2026-01-02 13:14:20.671 | INFO     | [OP-20260102_131345-0018] WRITE_SUCCESS | Remote: E0:D3:62:D6:EE:A0 | Char: 12340004-0000-1000-8000-00805f9b34fb
2026-01-02 13:14:20.672 | DEBUG    |   Fragmento 4/5 enviado
2026-01-02 13:14:20.776 | INFO     | [OP-20260102_131345-0019] WRITE_REQUEST | Remote: E0:D3:62:D6:EE:A0 | Char: 12340004-0000-1000-8000-00805f9b34fb | Data: 173 bytes | Hex: 0204056c466935494f443142454578567254414b2b776c774e2b676a0a4e3249572b3450556a78466643654f6152762b794a3734435167452b4654787a433554 | ASCII: ...lFi5IOD1BEExVrTAK+wlwN+gj.N2IW+4PUjxFfCeOaRv+yJ74CQgE+FTxzC5T [TRUNCATED]
2026-01-02 13:14:20.924 | DEBUG    | ✅ Write via SimpleBLE: 12340004-0000-1000-8000-00805f9b34fb (173 bytes)
2026-01-02 13:14:20.924 | INFO     | [OP-20260102_131345-0020] WRITE_SUCCESS | Remote: E0:D3:62:D6:EE:A0 | Char: 12340004-0000-1000-8000-00805f9b34fb
2026-01-02 13:14:20.926 | DEBUG    |   Fragmento 5/5 enviado
2026-01-02 13:14:20.925 | INFO     | [OP-20260102_131345-0021] NOTIFICATION | Remote: E0:D3:62:D6:EE:A0 | Char: 12340004-0000-1000-8000-00805f9b34fb | Data: 183 bytes | Hex: 0100060203b00000038c2d2d2d2d2d424547494e2043455254494649434154452d2d2d2d2d0a4d494943634443434164476741774942416749554a787a6b7455 | ASCII: ..........-----BEGIN CERTIFICATE-----.MIICcDCCAdGgAwIBAgIUJxzktU [TRUNCATED]
2026-01-02 13:14:20.928 | DEBUG    | 🔐 AUTH indication recebida: 183 bytes
2026-01-02 13:14:20.928 | DEBUG    | Fragmento recebido: seq=0, total=6, payload=180 bytes, flags=0x01
2026-01-02 13:14:20.928 | INFO     | Iniciando recepção de 6 fragmentos
2026-01-02 13:14:20.930 | DEBUG    | Fragmento 1/6 armazenado (1 de 6 recebidos)
2026-01-02 13:14:20.930 | DEBUG    | 🔐 Aguardando mais fragmentos AUTH...
2026-01-02 13:14:21.023 | INFO     | [OP-20260102_131345-0022] NOTIFICATION | Remote: E0:D3:62:D6:EE:A0 | Char: 12340004-0000-1000-8000-00805f9b34fb | Data: 183 bytes | Hex: 0001065642414d4d446b6c765643424f5a58523362334a7249454e424d423458445449324d4445774d6a45794e446b7a4d6c6f580a44544d314d54497a4d5445 | ASCII: ...VBAMMDklvVCBOZXR3b3JrIENBMB4XDTI2MDEwMjEyNDkzMloX.DTM1MTIzMTE [TRUNCATED]
2026-01-02 13:14:21.024 | DEBUG    | 🔐 AUTH indication recebida: 183 bytes
2026-01-02 13:14:21.024 | DEBUG    | Fragmento recebido: seq=1, total=6, payload=180 bytes, flags=0x00
2026-01-02 13:14:21.025 | DEBUG    | Fragmento 2/6 armazenado (2 de 6 recebidos)
2026-01-02 13:14:21.025 | DEBUG    | 🔐 Aguardando mais fragmentos AUTH...
2026-01-02 13:14:21.028 | DEBUG    | Autenticação round 1/10
2026-01-02 13:14:21.127 | INFO     | [OP-20260102_131345-0023] NOTIFICATION | Remote: E0:D3:62:D6:EE:A0 | Char: 12340004-0000-1000-8000-00805f9b34fb | Data: 183 bytes | Hex: 000206597a45784454414c42674e564241734d42464e70626d7377675a7377454159484b6f5a497a6a3043415159464b34454541434d44675959414241415377 | ASCII: ...YzExDTALBgNVBAsMBFNpbmswgZswEAYHKoZIzj0CAQYFK4EEACMDgYYABAASw [TRUNCATED]
2026-01-02 13:14:21.127 | DEBUG    | 🔐 AUTH indication recebida: 183 bytes
2026-01-02 13:14:21.128 | DEBUG    | Fragmento recebido: seq=2, total=6, payload=180 bytes, flags=0x00
2026-01-02 13:14:21.128 | DEBUG    | Fragmento 3/6 armazenado (3 de 6 recebidos)
2026-01-02 13:14:21.128 | DEBUG    | 🔐 Aguardando mais fragmentos AUTH...
2026-01-02 13:14:21.225 | INFO     | [OP-20260102_131345-0024] NOTIFICATION | Remote: E0:D3:62:D6:EE:A0 | Char: 12340004-0000-1000-8000-00805f9b34fb | Data: 183 bytes | Hex: 000306386e6a795a48523051644f4375300a6f4e41363237777a484f3239624a6f6b67614b4c486e66436d2b505643727934344a64307a434d4e50614d344d44 | ASCII: ...8njyZHR0QdOCu0.oNA627wzHO29bJokgaKLHnfCm+PVCry44Jd0zCMNPaM4MD [TRUNCATED]
2026-01-02 13:14:21.227 | DEBUG    | 🔐 AUTH indication recebida: 183 bytes
2026-01-02 13:14:21.227 | DEBUG    | Fragmento recebido: seq=3, total=6, payload=180 bytes, flags=0x00
2026-01-02 13:14:21.227 | DEBUG    | Fragmento 4/6 armazenado (4 de 6 recebidos)
2026-01-02 13:14:21.228 | DEBUG    | 🔐 Aguardando mais fragmentos AUTH...
2026-01-02 13:14:21.326 | INFO     | [OP-20260102_131345-0025] NOTIFICATION | Remote: E0:D3:62:D6:EE:A0 | Char: 12340004-0000-1000-8000-00805f9b34fb | Data: 183 bytes | Hex: 00040634706d4967797a644e615a4e4a506a66796561623859385839394141680a6158316663585374655142344b476a74343969626571735a70734d59754675 | ASCII: ...4pmIgyzdNaZNJPjfyeab8Y8X99AAh.aX1fcXSteQB4KGjt49ibeqsZpsMYuFu [TRUNCATED]
2026-01-02 13:14:21.327 | DEBUG    | 🔐 AUTH indication recebida: 183 bytes
2026-01-02 13:14:21.327 | DEBUG    | Fragmento recebido: seq=4, total=6, payload=180 bytes, flags=0x00
2026-01-02 13:14:21.328 | DEBUG    | Fragmento 5/6 armazenado (5 de 6 recebidos)
2026-01-02 13:14:21.328 | DEBUG    | 🔐 Aguardando mais fragmentos AUTH...
2026-01-02 13:14:21.422 | INFO     | [OP-20260102_131345-0026] NOTIFICATION | Remote: E0:D3:62:D6:EE:A0 | Char: 12340004-0000-1000-8000-00805f9b34fb | Data: 50 bytes | Hex: 0205065254494649434154452d2d2d2d2d0a643298edcf311580a6d06ad53f54c55250e0bd89cb088a3c2275ae15aff8abcd | ASCII: ...RTIFICATE-----.d2...1....j.?T.RP......<"u......
2026-01-02 13:14:21.423 | DEBUG    | 🔐 AUTH indication recebida: 50 bytes
2026-01-02 13:14:21.423 | DEBUG    | Fragmento recebido: seq=5, total=6, payload=47 bytes, flags=0x02
2026-01-02 13:14:21.423 | DEBUG    | Fragmento 6/6 armazenado (6 de 6 recebidos)
2026-01-02 13:14:21.423 | INFO     | ✅ Mensagem reconstruída: 947 bytes (6 fragmentos)
2026-01-02 13:14:21.425 | DEBUG    | FragmentReassembler resetado
2026-01-02 13:14:21.425 | DEBUG    | 🔐 AUTH mensagem completa: 947 bytes
2026-01-02 13:14:21.529 | DEBUG    | Resposta auth lida do buffer: 947 bytes
2026-01-02 13:14:21.530 | DEBUG    | 📨 Recebido: AuthMessage(type=CHALLENGE, payload=944 bytes)
2026-01-02 13:14:21.531 | INFO     | 🎲 Challenge recebido - processando certificado + challenge...
2026-01-02 13:14:21.533 | INFO     | 📜 Extraindo certificado do peer do payload...
2026-01-02 13:14:21.540 | DEBUG    | ✅ Assinatura da CA válida
2026-01-02 13:14:21.541 | DEBUG    | ✅ Certificado válido temporalmente (expira em 2035-12-31 12:49:32+00:00)
2026-01-02 13:14:21.541 | INFO     | ✅ Certificado validado com sucesso
2026-01-02 13:14:21.543 | INFO     | ✅ Certificado do peer validado!
2026-01-02 13:14:21.544 | INFO     |    Peer NID: 54c225f2...
2026-01-02 13:14:21.545 | INFO     |    Peer tipo: SINK
2026-01-02 13:14:21.546 | DEBUG    |    Challenge: 643298edcf311580a6d06ad53f54c552...
2026-01-02 13:14:21.546 | INFO     | ✍️  Assinando dados:
2026-01-02 13:14:21.547 | INFO     |    Data: 32 bytes | 643298edcf311580a6d06ad53f54c55250e0bd89cb088a3c2275ae15aff8abcd...
2026-01-02 13:14:21.552 | INFO     |    Signature: 139 bytes | 3081880242010f0355217ee199bd8a69f2fc544341d43332ded8887ad380486a...
2026-01-02 13:14:21.553 | INFO     | ✍️  Response gerada: 139 bytes
2026-01-02 13:14:21.554 | DEBUG    |    Estado: CHALLENGE_RECEIVED
2026-01-02 13:14:21.554 | DEBUG    | 📤 Enviando resposta (142 bytes)
2026-01-02 13:14:21.554 | DEBUG    | Mensagem pequena (142 bytes), 1 fragmento
2026-01-02 13:14:21.555 | DEBUG    | Enviando mensagem auth: 142 bytes em 1 fragmento(s)
2026-01-02 13:14:21.557 | INFO     | [OP-20260102_131345-0027] WRITE_REQUEST | Remote: E0:D3:62:D6:EE:A0 | Char: 12340004-0000-1000-8000-00805f9b34fb | Data: 145 bytes | Hex: 03000103008b3081880242010f0355217ee199bd8a69f2fc544341d43332ded8887ad380486ac0e8156139d3a0a44749bd5d235008ac9f3f8b09074ec8e0e3cc | ASCII: ......0...B...U!~....i..TCA.32...z..Hj...a9...GI.]#P...?...N.... [TRUNCATED]
2026-01-02 13:14:21.624 | DEBUG    | ✅ Write via SimpleBLE: 12340004-0000-1000-8000-00805f9b34fb (145 bytes)
2026-01-02 13:14:21.624 | INFO     | [OP-20260102_131345-0028] WRITE_SUCCESS | Remote: E0:D3:62:D6:EE:A0 | Char: 12340004-0000-1000-8000-00805f9b34fb
2026-01-02 13:14:21.625 | DEBUG    |   Fragmento 1/1 enviado
2026-01-02 13:14:21.625 | DEBUG    | Autenticação round 2/10
2026-01-02 13:14:21.624 | INFO     | [OP-20260102_131345-0029] NOTIFICATION | Remote: E0:D3:62:D6:EE:A0 | Char: 12340004-0000-1000-8000-00805f9b34fb | Data: 6 bytes | Hex: 030001040000 | ASCII: ......
2026-01-02 13:14:21.628 | DEBUG    | 🔐 AUTH indication recebida: 6 bytes
2026-01-02 13:14:21.628 | DEBUG    | Fragmento recebido: seq=0, total=1, payload=3 bytes, flags=0x03
2026-01-02 13:14:21.628 | INFO     | Iniciando recepção de 1 fragmentos
2026-01-02 13:14:21.628 | DEBUG    | Fragmento 1/1 armazenado (1 de 1 recebidos)
2026-01-02 13:14:21.629 | INFO     | ✅ Mensagem reconstruída: 3 bytes (1 fragmentos)
2026-01-02 13:14:21.630 | DEBUG    | FragmentReassembler resetado
2026-01-02 13:14:21.630 | DEBUG    | 🔐 AUTH mensagem completa: 3 bytes
2026-01-02 13:14:22.125 | DEBUG    | Resposta auth lida do buffer: 3 bytes
2026-01-02 13:14:22.126 | DEBUG    | 📨 Recebido: AuthMessage(type=AUTH_SUCCESS, payload=0 bytes)
2026-01-02 13:14:22.126 | INFO     | ✅ Peer confirmou autenticação bem sucedida!
2026-01-02 13:14:22.127 | INFO     | ✅ Autenticação bem-sucedida!
2026-01-02 13:14:22.132 | DEBUG    | 🔑 Session key derivada: 32 bytes
2026-01-02 13:14:22.133 | INFO     | 🔑 Session key estabelecida
2026-01-02 13:14:22.134 | INFO     | ✅ Certificado do Sink armazenado para verificação de heartbeats
2026-01-02 13:14:22.672 | INFO     | [OP-20260102_131345-0030] NOTIFICATION | Remote: E0:D3:62:D6:EE:A0 | Char: 12340001-0000-1000-8000-00805f9b34fb | Data: 236 bytes | Hex: 54c225f24e894134bf27c5e9148e17c154c225f24e894134bf27c5e9148e17c1020100000006d0f71af14424537a3ced8276d7da4eeda1ca29f82d46c2340be1 | ASCII: T.%.N.A4.'......T.%.N.A4.'................D$Sz<..v..N...).-F.4.. [TRUNCATED]
2026-01-02 13:14:22.673 | DEBUG    | Novo source 54c225f2...: seq=6 (primeiro pacote)
2026-01-02 13:14:22.673 | DEBUG    | 🔍 Verificando assinatura: sig_len=137, signature_raw_len=137
2026-01-02 13:14:22.673 | INFO     | 💓 Verificando heartbeat:
2026-01-02 13:14:22.674 | INFO     |    Sink NID: 54c225f24e894134bf27c5e9148e17c1
2026-01-02 13:14:22.674 | INFO     |    Timestamp: 1767359662.6231992
2026-01-02 13:14:22.675 | INFO     |    Data to verify: 54c225f24e894134bf27c5e9148e17c141da55f12ba7e27f
2026-01-02 13:14:22.675 | INFO     | 🔍 Verificando assinatura:
2026-01-02 13:14:22.676 | INFO     |    Data: 24 bytes | 54c225f24e894134bf27c5e9148e17c141da55f12ba7e27f...
2026-01-02 13:14:22.676 | INFO     |    Signature: 137 bytes | 30818602416a068a9c7a19804bbbf9747e82fa90eb26a386175f93debebec4fa...
2026-01-02 13:14:22.678 | INFO     | ✅ Assinatura verificada com sucesso!
2026-01-02 13:14:22.679 | DEBUG    | ✅ Assinatura de heartbeat válida
2026-01-02 13:14:22.679 | DEBUG    | 💓 Heartbeat recebido (seq=6, age=0.06s)
2026-01-02 13:14:27.674 | INFO     | [OP-20260102_131345-0031] NOTIFICATION | Remote: E0:D3:62:D6:EE:A0 | Char: 12340001-0000-1000-8000-00805f9b34fb | Data: 236 bytes | Hex: 54c225f24e894134bf27c5e9148e17c154c225f24e894134bf27c5e9148e17c102010000000758e38566f96bf74a1db06b1daca8edf530a300831b1dba0595f4 | ASCII: T.%.N.A4.'......T.%.N.A4.'............X..f.k.J..k.....0......... [TRUNCATED]
2026-01-02 13:14:27.676 | DEBUG    | Source 54c225f2...: seq=7 (novo highest, window: 2 seqs)
2026-01-02 13:14:27.676 | DEBUG    | 🔍 Verificando assinatura: sig_len=138, signature_raw_len=138
2026-01-02 13:14:27.677 | INFO     | 💓 Verificando heartbeat:
2026-01-02 13:14:27.677 | INFO     |    Sink NID: 54c225f24e894134bf27c5e9148e17c1
2026-01-02 13:14:27.678 | INFO     |    Timestamp: 1767359667.6267486
2026-01-02 13:14:27.678 | INFO     |    Data to verify: 54c225f24e894134bf27c5e9148e17c141da55f12ce81ca6
2026-01-02 13:14:27.678 | INFO     | 🔍 Verificando assinatura:
2026-01-02 13:14:27.679 | INFO     |    Data: 24 bytes | 54c225f24e894134bf27c5e9148e17c141da55f12ce81ca6...
2026-01-02 13:14:27.681 | INFO     |    Signature: 138 bytes | 308187024201dfed5a5010a18091ce19ffd079ac2d2748ba5a908afb58193bd6...
2026-01-02 13:14:27.688 | INFO     | ✅ Assinatura verificada com sucesso!
2026-01-02 13:14:27.689 | DEBUG    | ✅ Assinatura de heartbeat válida
2026-01-02 13:14:27.691 | DEBUG    | 💓 Heartbeat recebido (seq=7, age=0.06s)
2026-01-02 13:14:32.674 | INFO     | [OP-20260102_131345-0032] NOTIFICATION | Remote: E0:D3:62:D6:EE:A0 | Char: 12340001-0000-1000-8000-00805f9b34fb | Data: 236 bytes | Hex: 54c225f24e894134bf27c5e9148e17c154c225f24e894134bf27c5e9148e17c1020100000008df5f335f778236784f7e3b6aeaf989e1c90fe85be9bc1ea2cc21 | ASCII: T.%.N.A4.'......T.%.N.A4.'............._3_w.6xO~;j.......[.....! [TRUNCATED]
2026-01-02 13:14:32.676 | DEBUG    | Source 54c225f2...: seq=8 (novo highest, window: 3 seqs)
2026-01-02 13:14:32.676 | DEBUG    | 🔍 Verificando assinatura: sig_len=139, signature_raw_len=139
2026-01-02 13:14:32.677 | INFO     | 💓 Verificando heartbeat:
2026-01-02 13:14:32.678 | INFO     |    Sink NID: 54c225f24e894134bf27c5e9148e17c1
2026-01-02 13:14:32.679 | INFO     |    Timestamp: 1767359672.6272447
2026-01-02 13:14:32.680 | INFO     |    Data to verify: 54c225f24e894134bf27c5e9148e17c141da55f12e2824c7
2026-01-02 13:14:32.681 | INFO     | 🔍 Verificando assinatura:
2026-01-02 13:14:32.683 | INFO     |    Data: 24 bytes | 54c225f24e894134bf27c5e9148e17c141da55f12e2824c7...
2026-01-02 13:14:32.685 | INFO     |    Signature: 139 bytes | 308188024200a844abb7baa014bf17274139c62e479e39c7b26ceb5c06b9a9df...
2026-01-02 13:14:32.690 | INFO     | ✅ Assinatura verificada com sucesso!
2026-01-02 13:14:32.691 | DEBUG    | ✅ Assinatura de heartbeat válida
2026-01-02 13:14:32.692 | DEBUG    | 💓 Heartbeat recebido (seq=8, age=0.06s)
2026-01-02 13:14:37.674 | INFO     | [OP-20260102_131345-0033] NOTIFICATION | Remote: E0:D3:62:D6:EE:A0 | Char: 12340001-0000-1000-8000-00805f9b34fb | Data: 236 bytes | Hex: 54c225f24e894134bf27c5e9148e17c154c225f24e894134bf27c5e9148e17c102010000000987c57763ef208dc0f223f11686868db4e5aff7dafd23e926445a | ASCII: T.%.N.A4.'......T.%.N.A4.'..............wc. ...#...........#.&DZ [TRUNCATED]
2026-01-02 13:14:37.676 | DEBUG    | Source 54c225f2...: seq=9 (novo highest, window: 4 seqs)
2026-01-02 13:14:37.677 | DEBUG    | 🔍 Verificando assinatura: sig_len=139, signature_raw_len=139
2026-01-02 13:14:37.677 | INFO     | 💓 Verificando heartbeat:
2026-01-02 13:14:37.678 | INFO     |    Sink NID: 54c225f24e894134bf27c5e9148e17c1
2026-01-02 13:14:37.679 | INFO     |    Timestamp: 1767359677.6271496
2026-01-02 13:14:37.680 | INFO     |    Data to verify: 54c225f24e894134bf27c5e9148e17c141da55f12f682338
2026-01-02 13:14:37.681 | INFO     | 🔍 Verificando assinatura:
2026-01-02 13:14:37.682 | INFO     |    Data: 24 bytes | 54c225f24e894134bf27c5e9148e17c141da55f12f682338...
2026-01-02 13:14:37.683 | INFO     |    Signature: 139 bytes | 308188024201d353d5271adb1f2b69a54e8e6d2a2ca2b4c3ace725dd757e0f5f...
2026-01-02 13:14:37.689 | INFO     | ✅ Assinatura verificada com sucesso!
2026-01-02 13:14:37.690 | DEBUG    | ✅ Assinatura de heartbeat válida
2026-01-02 13:14:37.692 | DEBUG    | 💓 Heartbeat recebido (seq=9, age=0.07s)
2026-01-02 13:14:48.138 | WARNING  | ⚠️  Sem heartbeat há 10.4s (último seq=9)
2026-01-02 13:14:49.139 | WARNING  | ⚠️  Sem heartbeat há 11.4s (último seq=9)
2026-01-02 13:14:50.140 | WARNING  | ⚠️  Sem heartbeat há 12.4s (último seq=9)
2026-01-02 13:14:51.141 | WARNING  | ⚠️  Sem heartbeat há 13.4s (último seq=9)
2026-01-02 13:14:52.142 | WARNING  | ⚠️  Sem heartbeat há 14.5s (último seq=9)
2026-01-02 13:14:53.143 | ERROR    | ❌ Timeout de heartbeat! Sem heartbeat há 15.5s (último seq=9)
2026-01-02 13:14:53.144 | WARNING  | ⚠️  Desconectando do uplink devido a timeout de heartbeat...
2026-01-02 13:14:54.980 | INFO     | Desconectado de E0:D3:62:D6:EE:A0
2026-01-02 13:14:54.982 | INFO     | [OP-20260102_131345-0034] DISCONNECT | Remote: E0:D3:62:D6:EE:A0 | Reason: normal
2026-01-02 13:14:55.983 | WARNING  | ⚠️  Conexão perdida com Sink
2026-01-02 13:14:56.985 | WARNING  | ⚠️  Conexão perdida com Sink
2026-01-02 13:14:57.988 | WARNING  | ⚠️  Conexão perdida com Sink
2026-01-02 13:14:58.991 | WARNING  | ⚠️  Conexão perdida com Sink
2026-01-02 13:14:59.993 | WARNING  | ⚠️  Conexão perdida com Sink
2026-01-02 13:15:00.994 | WARNING  | ⚠️  Conexão perdida com Sink
2026-01-02 13:15:01.995 | WARNING  | ⚠️  Conexão perdida com Sink
2026-01-02 13:15:02.996 | WARNING  | ⚠️  Conexão perdida com Sink
2026-01-02 13:15:04.000 | WARNING  | ⚠️  Conexão perdida com Sink
2026-01-02 13:15:05.002 | WARNING  | ⚠️  Conexão perdida com Sink
2026-01-02 13:15:06.003 | WARNING  | ⚠️  Conexão perdida com Sink
2026-01-02 13:15:07.004 | WARNING  | ⚠️  Conexão perdida com Sink
2026-01-02 13:15:08.005 | WARNING  | ⚠️  Conexão perdida com Sink
2026-01-02 13:15:09.008 | WARNING  | ⚠️  Conexão perdida com Sink
2026-01-02 13:15:10.009 | WARNING  | ⚠️  Conexão perdida com Sink
2026-01-02 13:15:11.011 | WARNING  | ⚠️  Conexão perdida com Sink
2026-01-02 13:15:12.013 | WARNING  | ⚠️  Conexão perdida com Sink
2026-01-02 13:15:13.015 | WARNING  | ⚠️  Conexão perdida com Sink
2026-01-02 13:15:14.017 | WARNING  | ⚠️  Conexão perdida com Sink
2026-01-02 13:15:15.019 | WARNING  | ⚠️  Conexão perdida com Sink
2026-01-02 13:15:16.020 | WARNING  | ⚠️  Conexão perdida com Sink
2026-01-02 13:15:17.021 | WARNING  | ⚠️  Conexão perdida com Sink
2026-01-02 13:15:18.023 | WARNING  | ⚠️  Conexão perdida com Sink
2026-01-02 13:15:19.025 | WARNING  | ⚠️  Conexão perdida com Sink
2026-01-02 13:15:20.027 | WARNING  | ⚠️  Conexão perdida com Sink
2026-01-02 13:15:21.028 | WARNING  | ⚠️  Conexão perdida com Sink
2026-01-02 13:15:22.029 | WARNING  | ⚠️  Conexão perdida com Sink
2026-01-02 13:15:22.838 | INFO     | A fazer scan BLE durante 5000ms...
2026-01-02 13:15:22.839 | INFO     | [OP-20260102_131345-0035] SCAN_START | Duration: 5000ms | Filter_IoT: True
2026-01-02 13:15:23.031 | WARNING  | ⚠️  Conexão perdida com Sink
2026-01-02 13:15:24.033 | WARNING  | ⚠️  Conexão perdida com Sink
2026-01-02 13:15:25.034 | WARNING  | ⚠️  Conexão perdida com Sink
2026-01-02 13:15:26.036 | WARNING  | ⚠️  Conexão perdida com Sink
2026-01-02 13:15:27.037 | WARNING  | ⚠️  Conexão perdida com Sink
2026-01-02 13:15:27.958 | INFO     | Scan concluído: 0 dispositivos encontrados
2026-01-02 13:15:27.959 | INFO     | [OP-20260102_131345-0036] SCAN_RESULT | Devices_Found: 0
2026-01-02 13:15:27.959 | INFO     | A fazer scan BLE durante 5000ms...
2026-01-02 13:15:27.960 | INFO     | [OP-20260102_131345-0037] SCAN_START | Duration: 5000ms | Filter_IoT: True
2026-01-02 13:15:28.038 | WARNING  | ⚠️  Conexão perdida com Sink
2026-01-02 13:15:29.040 | WARNING  | ⚠️  Conexão perdida com Sink
2026-01-02 13:15:30.041 | WARNING  | ⚠️  Conexão perdida com Sink
2026-01-02 13:15:31.042 | WARNING  | ⚠️  Conexão perdida com Sink
2026-01-02 13:15:32.043 | WARNING  | ⚠️  Conexão perdida com Sink
2026-01-02 13:15:32.983 | INFO     | Scan concluído: 0 dispositivos encontrados
2026-01-02 13:15:32.984 | INFO     | [OP-20260102_131345-0038] SCAN_RESULT | Devices_Found: 0
2026-01-02 13:15:33.046 | WARNING  | ⚠️  Conexão perdida com Sink
2026-01-02 13:15:34.047 | WARNING  | ⚠️  Conexão perdida com Sink
2026-01-02 13:15:35.048 | WARNING  | ⚠️  Conexão perdida com Sink
2026-01-02 13:15:36.050 | WARNING  | ⚠️  Conexão perdida com Sink
2026-01-02 13:15:37.052 | WARNING  | ⚠️  Conexão perdida com Sink
2026-01-02 13:15:38.053 | WARNING  | ⚠️  Conexão perdida com Sink
2026-01-02 13:15:39.057 | WARNING  | ⚠️  Conexão perdida com Sink
2026-01-02 13:15:39.846 | INFO     | A fazer scan BLE durante 5000ms...
2026-01-02 13:15:39.848 | INFO     | [OP-20260102_131345-0039] SCAN_START | Duration: 5000ms | Filter_IoT: True
2026-01-02 13:15:40.060 | WARNING  | ⚠️  Conexão perdida com Sink
2026-01-02 13:15:41.061 | WARNING  | ⚠️  Conexão perdida com Sink
2026-01-02 13:15:42.063 | WARNING  | ⚠️  Conexão perdida com Sink
2026-01-02 13:15:43.066 | WARNING  | ⚠️  Conexão perdida com Sink
2026-01-02 13:15:44.067 | WARNING  | ⚠️  Conexão perdida com Sink
2026-01-02 13:15:44.967 | INFO     | Scan concluído: 0 dispositivos encontrados
2026-01-02 13:15:44.967 | INFO     | [OP-20260102_131345-0040] SCAN_RESULT | Devices_Found: 0
2026-01-02 13:15:44.968 | INFO     | A fazer scan BLE durante 5000ms...
2026-01-02 13:15:44.969 | INFO     | [OP-20260102_131345-0041] SCAN_START | Duration: 5000ms | Filter_IoT: True
2026-01-02 13:15:45.069 | WARNING  | ⚠️  Conexão perdida com Sink
2026-01-02 13:15:46.070 | WARNING  | ⚠️  Conexão perdida com Sink
2026-01-02 13:15:47.071 | WARNING  | ⚠️  Conexão perdida com Sink
2026-01-02 13:15:48.073 | WARNING  | ⚠️  Conexão perdida com Sink
2026-01-02 13:15:49.074 | WARNING  | ⚠️  Conexão perdida com Sink
2026-01-02 13:15:49.987 | INFO     | Scan concluído: 0 dispositivos encontrados
2026-01-02 13:15:49.987 | INFO     | [OP-20260102_131345-0042] SCAN_RESULT | Devices_Found: 0
2026-01-02 13:15:50.076 | WARNING  | ⚠️  Conexão perdida com Sink
2026-01-02 13:15:51.077 | WARNING  | ⚠️  Conexão perdida com Sink
2026-01-02 13:15:52.079 | WARNING  | ⚠️  Conexão perdida com Sink
2026-01-02 13:15:53.080 | WARNING  | ⚠️  Conexão perdida com Sink
2026-01-02 13:15:54.081 | WARNING  | ⚠️  Conexão perdida com Sink
2026-01-02 13:15:55.083 | WARNING  | ⚠️  Conexão perdida com Sink
2026-01-02 13:15:56.086 | WARNING  | ⚠️  Conexão perdida com Sink
2026-01-02 13:15:57.087 | WARNING  | ⚠️  Conexão perdida com Sink
2026-01-02 13:15:58.088 | WARNING  | ⚠️  Conexão perdida com Sink
2026-01-02 13:15:59.090 | WARNING  | ⚠️  Conexão perdida com Sink
2026-01-02 13:16:00.091 | WARNING  | ⚠️  Conexão perdida com Sink
2026-01-02 13:16:01.092 | WARNING  | ⚠️  Conexão perdida com Sink
2026-01-02 13:16:02.094 | WARNING  | ⚠️  Conexão perdida com Sink
2026-01-02 13:16:02.818 | INFO     | A parar Node...
2026-01-02 13:16:02.819 | INFO     | A parar GATT Server...
2026-01-02 13:16:02.821 | INFO     | ✅ GATT Server parado
2026-01-02 13:16:02.821 | INFO     | ✅ Node parado
