2025-12-31 01:29:12.845 | INFO     | BLE Operation Logger iniciado: ble_operations_A08869B6F7D2_20251231_012912.log
2025-12-31 01:29:12.846 | INFO     | Scanner BLE iniciado: hci0 (A0:88:69:B6:F7:D2)
2025-12-31 01:29:12.847 | INFO     | BLE Client iniciado
2025-12-31 01:29:12.848 | INFO     | IoT Node inicializado (adapter=hci0)
2025-12-31 01:29:12.849 | INFO     | ============================================================
2025-12-31 01:29:12.849 | INFO     |   A iniciar IoT Node (dual-mode)
2025-12-31 01:29:12.850 | INFO     | ============================================================
2025-12-31 01:29:12.851 | INFO     | A configurar GATT Server...
2025-12-31 01:29:12.854 | INFO     | Application criada: /
2025-12-31 01:29:12.855 | INFO     | Service criado: /0 (UUID: 12340000-0000-1000-8000-00805f9b34fb, primary: True)
2025-12-31 01:29:12.855 | INFO     | A criar IoTNetworkService...
2025-12-31 01:29:12.855 | DEBUG    | Characteristic criada: /0/char0 (UUID: 12340001-0000-1000-8000-00805f9b34fb, flags: ['write', 'notify'])
2025-12-31 01:29:12.856 | INFO     | NetworkPacketCharacteristic criada
2025-12-31 01:29:12.856 | DEBUG    | Characteristic criada: /0/char1 (UUID: 12340002-0000-1000-8000-00805f9b34fb, flags: ['read'])
2025-12-31 01:29:12.856 | INFO     | DeviceInfoCharacteristic criada: NID=53a84472..., type=node
2025-12-31 01:29:12.859 | DEBUG    | Characteristic criada: /0/char2 (UUID: 12340003-0000-1000-8000-00805f9b34fb, flags: ['read', 'notify'])
2025-12-31 01:29:12.860 | INFO     | NeighborTableCharacteristic criada
2025-12-31 01:29:12.860 | DEBUG    | Characteristic criada: /0/char3 (UUID: 12340004-0000-1000-8000-00805f9b34fb, flags: ['write', 'indicate'])
2025-12-31 01:29:12.861 | INFO     | AuthCharacteristic criada
2025-12-31 01:29:12.862 | DEBUG    | Characteristic adicionada a /0: /0/char0
2025-12-31 01:29:12.862 | DEBUG    | Characteristic adicionada a /0: /0/char1
2025-12-31 01:29:12.862 | DEBUG    | Characteristic adicionada a /0: /0/char2
2025-12-31 01:29:12.863 | DEBUG    | Characteristic adicionada a /0: /0/char3
2025-12-31 01:29:12.863 | INFO     | ✅ IoTNetworkService criado com sucesso!
2025-12-31 01:29:12.864 | INFO     | Service adicionado à aplicação: /0
2025-12-31 01:29:12.865 | DEBUG    | Packet callback definido
2025-12-31 01:29:12.865 | DEBUG    | Auth callback definido
2025-12-31 01:29:12.865 | INFO     | Advertisement criado: /org/bluez/iot/advertisement0 (type: peripheral)
2025-12-31 01:29:12.866 | INFO     | ✅ Service UUID adicionado ao advertising: 12340000-0000-1000-8000-00805f9b34fb
2025-12-31 01:29:12.867 | INFO     |    Lista atual de UUIDs: ['12340000-0000-1000-8000-00805f9b34fb']
2025-12-31 01:29:12.868 | DEBUG    | Local name definido: IoT-Node-53a84472
2025-12-31 01:29:12.868 | DEBUG    | Manufacturer data adicionado: ID=65535
2025-12-31 01:29:12.868 | INFO     | ✅ GATT Server configurado
2025-12-31 01:29:12.869 | INFO     | A iniciar GATT Server...
2025-12-31 01:29:12.873 | INFO     | ✅ GATT Server iniciado em thread separada
2025-12-31 01:29:12.875 | INFO     | ✅ GATT Server ativo - aguardando downlinks
2025-12-31 01:29:12.876 | INFO     | 🔍 A procurar Sink...
2025-12-31 01:29:12.877 | INFO     | A fazer scan BLE durante 5000ms...
2025-12-31 01:29:12.878 | DEBUG    | GetManagedObjects called
2025-12-31 01:29:12.879 | DEBUG    | GetManagedObjects returning 5 objects
2025-12-31 01:29:12.878 | INFO     | [OP-20251231_012912-0001] SCAN_START | Duration: 5000ms | Filter_IoT: True
2025-12-31 01:29:12.975 | INFO     | ✅ GATT application registada!
2025-12-31 01:29:12.976 | DEBUG    | GetAll called on /org/bluez/iot/advertisement0
2025-12-31 01:29:12.976 | INFO     | 📡 Advertising com ServiceUUIDs: ['12340000-0000-1000-8000-00805f9b34fb']
2025-12-31 01:29:13.089 | INFO     | ✅ Advertisement registado!
2025-12-31 01:29:18.192 | DEBUG    |   Encontrado: IoT-Sink-c5c55ab2 (E0:D3:62:D6:EE:A0) RSSI: -42 dBm
2025-12-31 01:29:18.193 | INFO     | Scan concluído: 1 dispositivos encontrados
2025-12-31 01:29:18.194 | INFO     | [OP-20251231_012912-0002] SCAN_RESULT | Devices_Found: 1
2025-12-31 01:29:18.195 | DEBUG    | [OP-20251231_012912-0002]   Device_1: Name: IoT-Sink-c5c55ab2 | Address: E0:D3:62:D6:EE:A0 | RSSI: -42 dBm | Services: 1
2025-12-31 01:29:18.196 | INFO     | Encontrados 1 dispositivos IoT
2025-12-31 01:29:18.197 | DEBUG    |   Device: IoT-Sink-c5c55ab2 (E0:D3:62:D6:EE:A0) RSSI: -42 dBm
2025-12-31 01:29:18.197 | DEBUG    |     Type=0, HopCount=255
2025-12-31 01:29:18.198 | INFO     | ✅ Sink encontrado: IoT-Sink-c5c55ab2 (E0:D3:62:D6:EE:A0) RSSI: -42 dBm
2025-12-31 01:29:18.198 | INFO     | A conectar ao Sink E0:D3:62:D6:EE:A0...
2025-12-31 01:29:18.201 | DEBUG    | BLEConnection criada para E0:D3:62:D6:EE:A0
2025-12-31 01:29:18.201 | INFO     | A conectar a E0:D3:62:D6:EE:A0...
2025-12-31 01:29:18.202 | INFO     | [OP-20251231_012912-0003] CONNECT_ATTEMPT | Local: A0:88:69:B6:F7:D2 | Remote: E0:D3:62:D6:EE:A0
2025-12-31 01:29:21.952 | INFO     | ✅ Conectado a E0:D3:62:D6:EE:A0
2025-12-31 01:29:21.953 | INFO     | [OP-20251231_012912-0004] CONNECT_SUCCESS | Remote: E0:D3:62:D6:EE:A0 | Time: 3745.47ms
2025-12-31 01:29:21.954 | DEBUG    | ✅ Conexão estabelecida. Operações GATT usarão D-Bus se necessário.
2025-12-31 01:29:21.954 | INFO     | ✅ Conectado ao Sink via GATT
2025-12-31 01:29:21.958 | DEBUG    | Descobertos 4 serviços
2025-12-31 01:29:21.964 | DEBUG    | Serviço 12340000-0000-1000-8000-00805f9b34fb encontrado
2025-12-31 01:29:21.965 | INFO     | ✅ Serviço IoT Network encontrado
2025-12-31 01:29:21.967 | INFO     | A subscrever a notificações...
2025-12-31 01:29:22.510 | INFO     | ✅ Subscrito a notificações: 12340001-0000-1000-8000-00805f9b34fb
2025-12-31 01:29:22.512 | INFO     | [OP-20251231_012912-0005] SUBSCRIBE_SUCCESS | Remote: E0:D3:62:D6:EE:A0 | Char: 12340001-0000-1000-8000-00805f9b34fb
2025-12-31 01:29:22.513 | INFO     | ✅ Subscrito a NETWORK_PACKET
2025-12-31 01:29:22.515 | DEBUG    | [OP-20251231_012912-0006] READ_REQUEST | Remote: E0:D3:62:D6:EE:A0 | Service: 12340000-0000-1000-8000-00805f9b34fb | Char: 12340002-0000-1000-8000-00805f9b34fb
2025-12-31 01:29:22.610 | DEBUG    | Read 12340002-0000-1000-8000-00805f9b34fb: 18 bytes
2025-12-31 01:29:22.611 | INFO     | [OP-20251231_012912-0007] READ_RESPONSE | Remote: E0:D3:62:D6:EE:A0 | Char: 12340002-0000-1000-8000-00805f9b34fb | Data: 18 bytes | Hex: c5c55ab2c469427db40fbf51ab0af380ff01 | ASCII: ..Z..iB}...Q......
2025-12-31 01:29:22.611 | INFO     | ✅ Conectado ao Sink - hop_count=0
2025-12-31 01:29:22.612 | DEBUG    | Manufacturer data adicionado: ID=65535
2025-12-31 01:29:22.613 | DEBUG    | Advertisement atualizado: hop_count=0
2025-12-31 01:29:22.613 | INFO     | 🔐 A iniciar autenticação com Sink...
2025-12-31 01:29:22.614 | INFO     | AuthenticationProtocol inicializado para 53a84472...
2025-12-31 01:29:22.616 | INFO     | 📤 Enviando certificado...
2025-12-31 01:29:22.618 | INFO     | 🔐 Iniciando autenticação - enviando certificado...
2025-12-31 01:29:22.619 | INFO     |    Certificado: 887 bytes
2025-12-31 01:29:22.622 | DEBUG    |    Estado: IDLE → CERT_SENT
2025-12-31 01:29:22.623 | INFO     | Fragmentando mensagem de 890 bytes em 5 fragmentos
2025-12-31 01:29:22.624 | DEBUG    |   Fragmento 1/5: 180 bytes, flags=0x01
2025-12-31 01:29:22.625 | DEBUG    |   Fragmento 2/5: 180 bytes, flags=0x00
2025-12-31 01:29:22.626 | DEBUG    |   Fragmento 3/5: 180 bytes, flags=0x00
2025-12-31 01:29:22.626 | DEBUG    |   Fragmento 4/5: 180 bytes, flags=0x00
2025-12-31 01:29:22.627 | DEBUG    |   Fragmento 5/5: 170 bytes, flags=0x02
2025-12-31 01:29:22.628 | DEBUG    | Enviando mensagem auth: 890 bytes em 5 fragmento(s)
2025-12-31 01:29:22.631 | INFO     | [OP-20251231_012912-0008] WRITE_REQUEST | Remote: E0:D3:62:D6:EE:A0 | Char: 12340004-0000-1000-8000-00805f9b34fb | Data: 183 bytes | Hex: 0100050103772d2d2d2d2d424547494e2043455254494649434154452d2d2d2d2d0a4d4949435954434341634b674177494241674955657479325a6c55354642 | ASCII: .....w-----BEGIN CERTIFICATE-----.MIICYTCCAcKgAwIBAgIUety2ZlU5FB [TRUNCATED]
2025-12-31 01:29:22.758 | DEBUG    | ✅ Write via SimpleBLE: 12340004-0000-1000-8000-00805f9b34fb (183 bytes)
2025-12-31 01:29:22.759 | INFO     | [OP-20251231_012912-0009] WRITE_SUCCESS | Remote: E0:D3:62:D6:EE:A0 | Char: 12340004-0000-1000-8000-00805f9b34fb
2025-12-31 01:29:22.760 | DEBUG    |   Fragmento 1/5 enviado
2025-12-31 01:29:22.861 | INFO     | [OP-20251231_012912-0010] WRITE_REQUEST | Remote: E0:D3:62:D6:EE:A0 | Char: 12340004-0000-1000-8000-00805f9b34fb | Data: 183 bytes | Hex: 0001054d446b6c765643424f5a58523362334a7249454e424d423458445449314d5449794f54497a4e44517a4d6c6f580a44544d314d5449794e7a497a4e4451 | ASCII: ...MDklvVCBOZXR3b3JrIENBMB4XDTI1MTIyOTIzNDQzMloX.DTM1MTIyNzIzNDQ [TRUNCATED]
2025-12-31 01:29:23.009 | DEBUG    | ✅ Write via SimpleBLE: 12340004-0000-1000-8000-00805f9b34fb (183 bytes)
2025-12-31 01:29:23.009 | INFO     | [OP-20251231_012912-0011] WRITE_SUCCESS | Remote: E0:D3:62:D6:EE:A0 | Char: 12340004-0000-1000-8000-00805f9b34fb
2025-12-31 01:29:23.010 | DEBUG    |   Fragmento 2/5 enviado
2025-12-31 01:29:23.112 | INFO     | [OP-20251231_012912-0012] WRITE_REQUEST | Remote: E0:D3:62:D6:EE:A0 | Char: 12340004-0000-1000-8000-00805f9b34fb | Data: 183 bytes | Hex: 000205675a7377454159484b6f5a497a6a3043415159464b34454541434d44675959414241456a5a664e4f582f456157716c626755424372633971676b43350a | ASCII: ...gZswEAYHKoZIzj0CAQYFK4EEACMDgYYABAEjZfNOX/EaWqlbgUBCrc9qgkC5. [TRUNCATED]
2025-12-31 01:29:23.258 | DEBUG    | ✅ Write via SimpleBLE: 12340004-0000-1000-8000-00805f9b34fb (183 bytes)
2025-12-31 01:29:23.259 | INFO     | [OP-20251231_012912-0013] WRITE_SUCCESS | Remote: E0:D3:62:D6:EE:A0 | Char: 12340004-0000-1000-8000-00805f9b34fb
2025-12-31 01:29:23.260 | DEBUG    |   Fragmento 3/5 enviado
2025-12-31 01:29:23.362 | INFO     | [OP-20251231_012912-0014] WRITE_REQUEST | Remote: E0:D3:62:D6:EE:A0 | Char: 12340004-0000-1000-8000-00805f9b34fb | Data: 183 bytes | Hex: 000305322b7557522b624835560a3147525a7964677179532f365a50456b4778617937714d344d44597744415944565230544151482f424149774144414f4267 | ASCII: ...2+uWR+bH5V.1GRZydgqyS/6ZPEkGxay7qM4MDYwDAYDVR0TAQH/BAIwADAOBg [TRUNCATED]
2025-12-31 01:29:23.508 | DEBUG    | ✅ Write via SimpleBLE: 12340004-0000-1000-8000-00805f9b34fb (183 bytes)
2025-12-31 01:29:23.508 | INFO     | [OP-20251231_012912-0015] WRITE_SUCCESS | Remote: E0:D3:62:D6:EE:A0 | Char: 12340004-0000-1000-8000-00805f9b34fb
2025-12-31 01:29:23.509 | DEBUG    |   Fragmento 4/5 enviado
2025-12-31 01:29:23.611 | INFO     | [OP-20251231_012912-0016] WRITE_REQUEST | Remote: E0:D3:62:D6:EE:A0 | Char: 12340004-0000-1000-8000-00805f9b34fb | Data: 173 bytes | Hex: 0204057a4233785053466831484d2f79427553464f702f794b5767580a69446f397832696f457134374b4e51567878794859475143516744444c625662666e58 | ASCII: ...zB3xPSFh1HM/yBuSFOp/yKWgX.iDo9x2ioEq47KNQVxxyHYGQCQgDDLbVbfnX [TRUNCATED]
2025-12-31 01:29:23.708 | DEBUG    | ✅ Write via SimpleBLE: 12340004-0000-1000-8000-00805f9b34fb (173 bytes)
2025-12-31 01:29:23.708 | INFO     | [OP-20251231_012912-0017] WRITE_SUCCESS | Remote: E0:D3:62:D6:EE:A0 | Char: 12340004-0000-1000-8000-00805f9b34fb
2025-12-31 01:29:23.709 | DEBUG    |   Fragmento 5/5 enviado
2025-12-31 01:29:23.809 | DEBUG    | Autenticação round 1/10
2025-12-31 01:29:24.310 | DEBUG    | [OP-20251231_012912-0018] READ_REQUEST | Remote: E0:D3:62:D6:EE:A0 | Service: 12340000-0000-1000-8000-00805f9b34fb | Char: 12340004-0000-1000-8000-00805f9b34fb
2025-12-31 01:29:24.408 | ERROR    | Erro ao ler 12340004-0000-1000-8000-00805f9b34fb: org.bluez.Error.NotPermitted: Read not permitted
[142] method call[(null)->org.bluez] /org/bluez/hci0/dev_E0_D3_62_D6_EE_A0/service004a/char0053 org.bluez.GattCharacteristic1 ReadValue
2025-12-31 01:29:24.409 | ERROR    | [OP-20251231_012912-0019] READ_FAILED | Remote: E0:D3:62:D6:EE:A0 | Char: 12340004-0000-1000-8000-00805f9b34fb
2025-12-31 01:29:24.410 | DEBUG    | Sem resposta ainda, continuando...
2025-12-31 01:29:24.411 | DEBUG    | Autenticação round 2/10
2025-12-31 01:29:24.911 | DEBUG    | [OP-20251231_012912-0020] READ_REQUEST | Remote: E0:D3:62:D6:EE:A0 | Service: 12340000-0000-1000-8000-00805f9b34fb | Char: 12340004-0000-1000-8000-00805f9b34fb
2025-12-31 01:29:25.008 | ERROR    | Erro ao ler 12340004-0000-1000-8000-00805f9b34fb: org.bluez.Error.NotPermitted: Read not permitted
[147] method call[(null)->org.bluez] /org/bluez/hci0/dev_E0_D3_62_D6_EE_A0/service004a/char0053 org.bluez.GattCharacteristic1 ReadValue
2025-12-31 01:29:25.010 | ERROR    | [OP-20251231_012912-0021] READ_FAILED | Remote: E0:D3:62:D6:EE:A0 | Char: 12340004-0000-1000-8000-00805f9b34fb
2025-12-31 01:29:25.011 | DEBUG    | Sem resposta ainda, continuando...
2025-12-31 01:29:25.011 | DEBUG    | Autenticação round 3/10
2025-12-31 01:29:25.161 | INFO     | [OP-20251231_012912-0022] NOTIFICATION | Remote: E0:D3:62:D6:EE:A0 | Char: 12340001-0000-1000-8000-00805f9b34fb | Data: 158 bytes | Hex: c5c55ab2c469427db40fbf51ab0af380c5c55ab2c469427db40fbf51ab0af380020100000003968c28079baceb781bb7b0464cfd74fd4b7192df37e96692bd2b | ASCII: ..Z..iB}...Q......Z..iB}...Q............(....x...FL.t.Kq..7.f..+ [TRUNCATED]
2025-12-31 01:29:25.163 | INFO     | Sink NID identificado: c5c55ab2...
2025-12-31 01:29:25.164 | DEBUG    | Novo source c5c55ab2...: seq=3 (primeiro pacote)
2025-12-31 01:29:25.164 | DEBUG    | 💓 Heartbeat recebido (seq=3, age=0.06s)
2025-12-31 01:29:25.512 | DEBUG    | [OP-20251231_012912-0023] READ_REQUEST | Remote: E0:D3:62:D6:EE:A0 | Service: 12340000-0000-1000-8000-00805f9b34fb | Char: 12340004-0000-1000-8000-00805f9b34fb
2025-12-31 01:29:25.607 | ERROR    | Erro ao ler 12340004-0000-1000-8000-00805f9b34fb: org.bluez.Error.NotPermitted: Read not permitted
[153] method call[(null)->org.bluez] /org/bluez/hci0/dev_E0_D3_62_D6_EE_A0/service004a/char0053 org.bluez.GattCharacteristic1 ReadValue
2025-12-31 01:29:25.609 | ERROR    | [OP-20251231_012912-0024] READ_FAILED | Remote: E0:D3:62:D6:EE:A0 | Char: 12340004-0000-1000-8000-00805f9b34fb
2025-12-31 01:29:25.610 | DEBUG    | Sem resposta ainda, continuando...
2025-12-31 01:29:25.611 | DEBUG    | Autenticação round 4/10
2025-12-31 01:29:26.111 | DEBUG    | [OP-20251231_012912-0025] READ_REQUEST | Remote: E0:D3:62:D6:EE:A0 | Service: 12340000-0000-1000-8000-00805f9b34fb | Char: 12340004-0000-1000-8000-00805f9b34fb
2025-12-31 01:29:26.207 | ERROR    | Erro ao ler 12340004-0000-1000-8000-00805f9b34fb: org.bluez.Error.NotPermitted: Read not permitted
[158] method call[(null)->org.bluez] /org/bluez/hci0/dev_E0_D3_62_D6_EE_A0/service004a/char0053 org.bluez.GattCharacteristic1 ReadValue
2025-12-31 01:29:26.208 | ERROR    | [OP-20251231_012912-0026] READ_FAILED | Remote: E0:D3:62:D6:EE:A0 | Char: 12340004-0000-1000-8000-00805f9b34fb
2025-12-31 01:29:26.209 | DEBUG    | Sem resposta ainda, continuando...
2025-12-31 01:29:26.209 | DEBUG    | Autenticação round 5/10
2025-12-31 01:29:26.710 | DEBUG    | [OP-20251231_012912-0027] READ_REQUEST | Remote: E0:D3:62:D6:EE:A0 | Service: 12340000-0000-1000-8000-00805f9b34fb | Char: 12340004-0000-1000-8000-00805f9b34fb
2025-12-31 01:29:26.807 | ERROR    | Erro ao ler 12340004-0000-1000-8000-00805f9b34fb: org.bluez.Error.NotPermitted: Read not permitted
[163] method call[(null)->org.bluez] /org/bluez/hci0/dev_E0_D3_62_D6_EE_A0/service004a/char0053 org.bluez.GattCharacteristic1 ReadValue
2025-12-31 01:29:26.808 | ERROR    | [OP-20251231_012912-0028] READ_FAILED | Remote: E0:D3:62:D6:EE:A0 | Char: 12340004-0000-1000-8000-00805f9b34fb
2025-12-31 01:29:26.809 | DEBUG    | Sem resposta ainda, continuando...
2025-12-31 01:29:26.809 | DEBUG    | Autenticação round 6/10
2025-12-31 01:29:27.310 | DEBUG    | [OP-20251231_012912-0029] READ_REQUEST | Remote: E0:D3:62:D6:EE:A0 | Service: 12340000-0000-1000-8000-00805f9b34fb | Char: 12340004-0000-1000-8000-00805f9b34fb
2025-12-31 01:29:27.406 | ERROR    | Erro ao ler 12340004-0000-1000-8000-00805f9b34fb: org.bluez.Error.NotPermitted: Read not permitted
[168] method call[(null)->org.bluez] /org/bluez/hci0/dev_E0_D3_62_D6_EE_A0/service004a/char0053 org.bluez.GattCharacteristic1 ReadValue
2025-12-31 01:29:27.407 | ERROR    | [OP-20251231_012912-0030] READ_FAILED | Remote: E0:D3:62:D6:EE:A0 | Char: 12340004-0000-1000-8000-00805f9b34fb
2025-12-31 01:29:27.408 | DEBUG    | Sem resposta ainda, continuando...
2025-12-31 01:29:27.408 | DEBUG    | Autenticação round 7/10
2025-12-31 01:29:27.909 | DEBUG    | [OP-20251231_012912-0031] READ_REQUEST | Remote: E0:D3:62:D6:EE:A0 | Service: 12340000-0000-1000-8000-00805f9b34fb | Char: 12340004-0000-1000-8000-00805f9b34fb
2025-12-31 01:29:28.006 | ERROR    | Erro ao ler 12340004-0000-1000-8000-00805f9b34fb: org.bluez.Error.NotPermitted: Read not permitted
[173] method call[(null)->org.bluez] /org/bluez/hci0/dev_E0_D3_62_D6_EE_A0/service004a/char0053 org.bluez.GattCharacteristic1 ReadValue
2025-12-31 01:29:28.007 | ERROR    | [OP-20251231_012912-0032] READ_FAILED | Remote: E0:D3:62:D6:EE:A0 | Char: 12340004-0000-1000-8000-00805f9b34fb
2025-12-31 01:29:28.008 | DEBUG    | Sem resposta ainda, continuando...
2025-12-31 01:29:28.009 | DEBUG    | Autenticação round 8/10
2025-12-31 01:29:28.510 | DEBUG    | [OP-20251231_012912-0033] READ_REQUEST | Remote: E0:D3:62:D6:EE:A0 | Service: 12340000-0000-1000-8000-00805f9b34fb | Char: 12340004-0000-1000-8000-00805f9b34fb
2025-12-31 01:29:28.605 | ERROR    | Erro ao ler 12340004-0000-1000-8000-00805f9b34fb: org.bluez.Error.NotPermitted: Read not permitted
[178] method call[(null)->org.bluez] /org/bluez/hci0/dev_E0_D3_62_D6_EE_A0/service004a/char0053 org.bluez.GattCharacteristic1 ReadValue
2025-12-31 01:29:28.606 | ERROR    | [OP-20251231_012912-0034] READ_FAILED | Remote: E0:D3:62:D6:EE:A0 | Char: 12340004-0000-1000-8000-00805f9b34fb
2025-12-31 01:29:28.606 | DEBUG    | Sem resposta ainda, continuando...
2025-12-31 01:29:28.606 | DEBUG    | Autenticação round 9/10
2025-12-31 01:29:29.107 | DEBUG    | [OP-20251231_012912-0035] READ_REQUEST | Remote: E0:D3:62:D6:EE:A0 | Service: 12340000-0000-1000-8000-00805f9b34fb | Char: 12340004-0000-1000-8000-00805f9b34fb
2025-12-31 01:29:29.206 | ERROR    | Erro ao ler 12340004-0000-1000-8000-00805f9b34fb: org.bluez.Error.NotPermitted: Read not permitted
[183] method call[(null)->org.bluez] /org/bluez/hci0/dev_E0_D3_62_D6_EE_A0/service004a/char0053 org.bluez.GattCharacteristic1 ReadValue
2025-12-31 01:29:29.207 | ERROR    | [OP-20251231_012912-0036] READ_FAILED | Remote: E0:D3:62:D6:EE:A0 | Char: 12340004-0000-1000-8000-00805f9b34fb
2025-12-31 01:29:29.208 | DEBUG    | Sem resposta ainda, continuando...
2025-12-31 01:29:29.208 | DEBUG    | Autenticação round 10/10
2025-12-31 01:29:29.709 | DEBUG    | [OP-20251231_012912-0037] READ_REQUEST | Remote: E0:D3:62:D6:EE:A0 | Service: 12340000-0000-1000-8000-00805f9b34fb | Char: 12340004-0000-1000-8000-00805f9b34fb
2025-12-31 01:29:29.805 | ERROR    | Erro ao ler 12340004-0000-1000-8000-00805f9b34fb: org.bluez.Error.NotPermitted: Read not permitted
[188] method call[(null)->org.bluez] /org/bluez/hci0/dev_E0_D3_62_D6_EE_A0/service004a/char0053 org.bluez.GattCharacteristic1 ReadValue
2025-12-31 01:29:29.806 | ERROR    | [OP-20251231_012912-0038] READ_FAILED | Remote: E0:D3:62:D6:EE:A0 | Char: 12340004-0000-1000-8000-00805f9b34fb
2025-12-31 01:29:29.807 | DEBUG    | Sem resposta ainda, continuando...
2025-12-31 01:29:29.807 | ERROR    | ❌ Autenticação expirou (timeout)
2025-12-31 01:29:29.808 | ERROR    | ❌ Falha na autenticação
2025-12-31 01:29:29.812 | INFO     | A parar Node...
2025-12-31 01:29:29.813 | INFO     | A parar GATT Server...
2025-12-31 01:29:29.818 | INFO     | ✅ GATT Server parado
2025-12-31 01:29:32.415 | INFO     | Desconectado de E0:D3:62:D6:EE:A0
2025-12-31 01:29:32.416 | INFO     | [OP-20251231_012912-0039] DISCONNECT | Remote: E0:D3:62:D6:EE:A0 | Reason: normal
2025-12-31 01:29:32.421 | INFO     | ✅ Node parado
