2026-01-02 03:10:12.433 | INFO     | BLE Operation Logger iniciado: ble_operations_A08869B6F7D2_20260102_031012.log
2026-01-02 03:10:12.434 | INFO     | Scanner BLE iniciado: hci0 (A0:88:69:B6:F7:D2)
2026-01-02 03:10:12.435 | INFO     | BLE Client iniciado
2026-01-02 03:10:12.435 | DEBUG    | FragmentReassembler inicializado
2026-01-02 03:10:12.435 | INFO     | IoT Node inicializado (adapter=hci0)
2026-01-02 03:10:12.436 | INFO     | ============================================================
2026-01-02 03:10:12.437 | INFO     |   A iniciar IoT Node (dual-mode)
2026-01-02 03:10:12.438 | INFO     | ============================================================
2026-01-02 03:10:12.438 | INFO     | A configurar GATT Server...
2026-01-02 03:10:12.441 | INFO     | Application criada: /
2026-01-02 03:10:12.444 | INFO     | Service criado: /0 (UUID: 12340000-0000-1000-8000-00805f9b34fb, primary: True)
2026-01-02 03:10:12.445 | INFO     | A criar IoTNetworkService...
2026-01-02 03:10:12.445 | DEBUG    | Characteristic criada: /0/char0 (UUID: 12340001-0000-1000-8000-00805f9b34fb, flags: ['write', 'notify'])
2026-01-02 03:10:12.446 | INFO     | NetworkPacketCharacteristic criada
2026-01-02 03:10:12.448 | DEBUG    | Characteristic criada: /0/char1 (UUID: 12340002-0000-1000-8000-00805f9b34fb, flags: ['read'])
2026-01-02 03:10:12.448 | INFO     | DeviceInfoCharacteristic criada: NID=53a84472..., type=node
2026-01-02 03:10:12.448 | DEBUG    | Characteristic criada: /0/char2 (UUID: 12340003-0000-1000-8000-00805f9b34fb, flags: ['read', 'notify'])
2026-01-02 03:10:12.449 | INFO     | NeighborTableCharacteristic criada
2026-01-02 03:10:12.449 | DEBUG    | Characteristic criada: /0/char3 (UUID: 12340004-0000-1000-8000-00805f9b34fb, flags: ['write', 'indicate'])
2026-01-02 03:10:12.449 | INFO     | AuthCharacteristic criada
2026-01-02 03:10:12.449 | DEBUG    | Characteristic adicionada a /0: /0/char0
2026-01-02 03:10:12.450 | DEBUG    | Characteristic adicionada a /0: /0/char1
2026-01-02 03:10:12.450 | DEBUG    | Characteristic adicionada a /0: /0/char2
2026-01-02 03:10:12.450 | DEBUG    | Characteristic adicionada a /0: /0/char3
2026-01-02 03:10:12.450 | INFO     | ✅ IoTNetworkService criado com sucesso!
2026-01-02 03:10:12.452 | INFO     | Service adicionado à aplicação: /0
2026-01-02 03:10:12.452 | DEBUG    | Packet callback definido
2026-01-02 03:10:12.452 | DEBUG    | Auth callback definido
2026-01-02 03:10:12.453 | INFO     | Advertisement criado: /org/bluez/iot/advertisement0 (type: peripheral)
2026-01-02 03:10:12.453 | INFO     | ✅ Service UUID adicionado ao advertising: 12340000-0000-1000-8000-00805f9b34fb
2026-01-02 03:10:12.454 | INFO     |    Lista atual de UUIDs: ['12340000-0000-1000-8000-00805f9b34fb']
2026-01-02 03:10:12.455 | DEBUG    | Local name definido: IoT-Node-53a84472
2026-01-02 03:10:12.455 | DEBUG    | Manufacturer data adicionado: ID=65535
2026-01-02 03:10:12.456 | INFO     | ✅ GATT Server configurado
2026-01-02 03:10:12.456 | INFO     | A iniciar GATT Server...
2026-01-02 03:10:12.460 | INFO     | ✅ GATT Server iniciado em thread separada
2026-01-02 03:10:12.462 | INFO     | ✅ GATT Server ativo - aguardando downlinks
2026-01-02 03:10:12.462 | INFO     | 🔍 A procurar Sink...
2026-01-02 03:10:12.462 | INFO     | A fazer scan BLE durante 5000ms...
2026-01-02 03:10:12.464 | INFO     | [OP-20260102_031012-0001] SCAN_START | Duration: 5000ms | Filter_IoT: True
2026-01-02 03:10:12.465 | DEBUG    | GetManagedObjects called
2026-01-02 03:10:12.466 | DEBUG    | GetManagedObjects returning 5 objects
2026-01-02 03:10:12.517 | INFO     | ✅ GATT application registada!
2026-01-02 03:10:12.518 | DEBUG    | GetAll called on /org/bluez/iot/advertisement0
2026-01-02 03:10:12.518 | INFO     | 📡 Advertising com ServiceUUIDs: ['12340000-0000-1000-8000-00805f9b34fb']
2026-01-02 03:10:12.579 | INFO     | ✅ Advertisement registado!
2026-01-02 03:10:17.576 | DEBUG    |   Encontrado: IoT-Sink-c5c55ab2 (E0:D3:62:D6:EE:A0) RSSI: -53 dBm
2026-01-02 03:10:17.576 | INFO     | Scan concluído: 1 dispositivos encontrados
2026-01-02 03:10:17.577 | INFO     | [OP-20260102_031012-0002] SCAN_RESULT | Devices_Found: 1
2026-01-02 03:10:17.577 | DEBUG    | [OP-20260102_031012-0002]   Device_1: Name: IoT-Sink-c5c55ab2 | Address: E0:D3:62:D6:EE:A0 | RSSI: -53 dBm | Services: 1
2026-01-02 03:10:17.578 | INFO     | Encontrados 1 dispositivos IoT
2026-01-02 03:10:17.578 | DEBUG    |   Device: IoT-Sink-c5c55ab2 (E0:D3:62:D6:EE:A0) RSSI: -53 dBm
2026-01-02 03:10:17.578 | DEBUG    |     Type=0, HopCount=255
2026-01-02 03:10:17.578 | INFO     | ✅ Sink encontrado: IoT-Sink-c5c55ab2 (E0:D3:62:D6:EE:A0) RSSI: -53 dBm
2026-01-02 03:10:17.579 | INFO     | A conectar ao Sink E0:D3:62:D6:EE:A0...
2026-01-02 03:10:17.580 | DEBUG    | BLEConnection criada para E0:D3:62:D6:EE:A0
2026-01-02 03:10:17.580 | INFO     | A conectar a E0:D3:62:D6:EE:A0...
2026-01-02 03:10:17.581 | INFO     | [OP-20260102_031012-0003] CONNECT_ATTEMPT | Local: A0:88:69:B6:F7:D2 | Remote: E0:D3:62:D6:EE:A0
2026-01-02 03:10:21.457 | INFO     | ✅ Conectado a E0:D3:62:D6:EE:A0
2026-01-02 03:10:21.458 | INFO     | [OP-20260102_031012-0004] CONNECT_SUCCESS | Remote: E0:D3:62:D6:EE:A0 | Time: 3870.26ms
2026-01-02 03:10:21.459 | DEBUG    | ✅ Conexão estabelecida. Operações GATT usarão D-Bus se necessário.
2026-01-02 03:10:21.459 | INFO     | ✅ Conectado ao Sink via GATT
2026-01-02 03:10:21.461 | DEBUG    | Descobertos 4 serviços
2026-01-02 03:10:21.463 | DEBUG    | Serviço 12340000-0000-1000-8000-00805f9b34fb encontrado
2026-01-02 03:10:21.463 | INFO     | ✅ Serviço IoT Network encontrado
2026-01-02 03:10:21.464 | INFO     | A subscrever a notificações...
2026-01-02 03:10:21.986 | INFO     | ✅ Subscrito a notificações: 12340001-0000-1000-8000-00805f9b34fb
2026-01-02 03:10:21.987 | INFO     | [OP-20260102_031012-0005] SUBSCRIBE_SUCCESS | Remote: E0:D3:62:D6:EE:A0 | Char: 12340001-0000-1000-8000-00805f9b34fb
2026-01-02 03:10:21.987 | INFO     | ✅ Subscrito a NETWORK_PACKET
2026-01-02 03:10:21.988 | DEBUG    | [OP-20260102_031012-0006] READ_REQUEST | Remote: E0:D3:62:D6:EE:A0 | Service: 12340000-0000-1000-8000-00805f9b34fb | Char: 12340002-0000-1000-8000-00805f9b34fb
2026-01-02 03:10:22.085 | DEBUG    | Read 12340002-0000-1000-8000-00805f9b34fb: 18 bytes
2026-01-02 03:10:22.086 | INFO     | [OP-20260102_031012-0007] READ_RESPONSE | Remote: E0:D3:62:D6:EE:A0 | Char: 12340002-0000-1000-8000-00805f9b34fb | Data: 18 bytes | Hex: c5c55ab2c469427db40fbf51ab0af380ff01 | ASCII: ..Z..iB}...Q......
2026-01-02 03:10:22.087 | INFO     | ✅ Conectado ao Sink - hop_count=0
2026-01-02 03:10:22.087 | DEBUG    | Manufacturer data adicionado: ID=65535
2026-01-02 03:10:22.088 | DEBUG    | Advertisement atualizado: hop_count=0
2026-01-02 03:10:22.088 | INFO     | 🔐 A iniciar autenticação com Sink...
2026-01-02 03:10:22.088 | DEBUG    | 📡 A subscrever a AUTH characteristic...
2026-01-02 03:10:22.188 | INFO     | ✅ Subscrito a notificações: 12340004-0000-1000-8000-00805f9b34fb
2026-01-02 03:10:22.189 | INFO     | [OP-20260102_031012-0008] SUBSCRIBE_SUCCESS | Remote: E0:D3:62:D6:EE:A0 | Char: 12340004-0000-1000-8000-00805f9b34fb
2026-01-02 03:10:22.189 | DEBUG    | ✅ Subscrito a AUTH indications
2026-01-02 03:10:22.190 | INFO     | AuthenticationProtocol inicializado para 53a84472...
2026-01-02 03:10:22.190 | INFO     | 📤 Enviando certificado...
2026-01-02 03:10:22.191 | INFO     | 🔐 Iniciando autenticação - enviando certificado...
2026-01-02 03:10:22.192 | INFO     |    Certificado: 887 bytes
2026-01-02 03:10:22.193 | DEBUG    |    Estado: IDLE → CERT_SENT
2026-01-02 03:10:22.193 | INFO     | Fragmentando mensagem de 890 bytes em 5 fragmentos
2026-01-02 03:10:22.195 | DEBUG    |   Fragmento 1/5: 180 bytes, flags=0x01
2026-01-02 03:10:22.195 | DEBUG    |   Fragmento 2/5: 180 bytes, flags=0x00
2026-01-02 03:10:22.195 | DEBUG    |   Fragmento 3/5: 180 bytes, flags=0x00
2026-01-02 03:10:22.196 | DEBUG    |   Fragmento 4/5: 180 bytes, flags=0x00
2026-01-02 03:10:22.196 | DEBUG    |   Fragmento 5/5: 170 bytes, flags=0x02
2026-01-02 03:10:22.196 | DEBUG    | Enviando mensagem auth: 890 bytes em 5 fragmento(s)
2026-01-02 03:10:22.198 | INFO     | [OP-20260102_031012-0009] WRITE_REQUEST | Remote: E0:D3:62:D6:EE:A0 | Char: 12340004-0000-1000-8000-00805f9b34fb | Data: 183 bytes | Hex: 0100050103772d2d2d2d2d424547494e2043455254494649434154452d2d2d2d2d0a4d4949435954434341634b674177494241674955657479325a6c55354642 | ASCII: .....w-----BEGIN CERTIFICATE-----.MIICYTCCAcKgAwIBAgIUety2ZlU5FB [TRUNCATED]
2026-01-02 03:10:22.335 | DEBUG    | ✅ Write via SimpleBLE: 12340004-0000-1000-8000-00805f9b34fb (183 bytes)
2026-01-02 03:10:22.335 | INFO     | [OP-20260102_031012-0010] WRITE_SUCCESS | Remote: E0:D3:62:D6:EE:A0 | Char: 12340004-0000-1000-8000-00805f9b34fb
2026-01-02 03:10:22.336 | DEBUG    |   Fragmento 1/5 enviado
2026-01-02 03:10:22.438 | INFO     | [OP-20260102_031012-0011] WRITE_REQUEST | Remote: E0:D3:62:D6:EE:A0 | Char: 12340004-0000-1000-8000-00805f9b34fb | Data: 183 bytes | Hex: 0001054d446b6c765643424f5a58523362334a7249454e424d423458445449314d5449794f54497a4e44517a4d6c6f580a44544d314d5449794e7a497a4e4451 | ASCII: ...MDklvVCBOZXR3b3JrIENBMB4XDTI1MTIyOTIzNDQzMloX.DTM1MTIyNzIzNDQ [TRUNCATED]
2026-01-02 03:10:22.585 | DEBUG    | ✅ Write via SimpleBLE: 12340004-0000-1000-8000-00805f9b34fb (183 bytes)
2026-01-02 03:10:22.585 | INFO     | [OP-20260102_031012-0012] WRITE_SUCCESS | Remote: E0:D3:62:D6:EE:A0 | Char: 12340004-0000-1000-8000-00805f9b34fb
2026-01-02 03:10:22.586 | DEBUG    |   Fragmento 2/5 enviado
2026-01-02 03:10:22.687 | INFO     | [OP-20260102_031012-0013] WRITE_REQUEST | Remote: E0:D3:62:D6:EE:A0 | Char: 12340004-0000-1000-8000-00805f9b34fb | Data: 183 bytes | Hex: 000205675a7377454159484b6f5a497a6a3043415159464b34454541434d44675959414241456a5a664e4f582f456157716c626755424372633971676b43350a | ASCII: ...gZswEAYHKoZIzj0CAQYFK4EEACMDgYYABAEjZfNOX/EaWqlbgUBCrc9qgkC5. [TRUNCATED]
2026-01-02 03:10:22.835 | DEBUG    | ✅ Write via SimpleBLE: 12340004-0000-1000-8000-00805f9b34fb (183 bytes)
2026-01-02 03:10:22.835 | INFO     | [OP-20260102_031012-0014] WRITE_SUCCESS | Remote: E0:D3:62:D6:EE:A0 | Char: 12340004-0000-1000-8000-00805f9b34fb
2026-01-02 03:10:22.836 | DEBUG    |   Fragmento 3/5 enviado
2026-01-02 03:10:22.937 | INFO     | [OP-20260102_031012-0015] WRITE_REQUEST | Remote: E0:D3:62:D6:EE:A0 | Char: 12340004-0000-1000-8000-00805f9b34fb | Data: 183 bytes | Hex: 000305322b7557522b624835560a3147525a7964677179532f365a50456b4778617937714d344d44597744415944565230544151482f424149774144414f4267 | ASCII: ...2+uWR+bH5V.1GRZydgqyS/6ZPEkGxay7qM4MDYwDAYDVR0TAQH/BAIwADAOBg [TRUNCATED]
2026-01-02 03:10:23.087 | DEBUG    | ✅ Write via SimpleBLE: 12340004-0000-1000-8000-00805f9b34fb (183 bytes)
2026-01-02 03:10:23.087 | INFO     | [OP-20260102_031012-0016] WRITE_SUCCESS | Remote: E0:D3:62:D6:EE:A0 | Char: 12340004-0000-1000-8000-00805f9b34fb
2026-01-02 03:10:23.088 | DEBUG    |   Fragmento 4/5 enviado
2026-01-02 03:10:23.189 | INFO     | [OP-20260102_031012-0017] WRITE_REQUEST | Remote: E0:D3:62:D6:EE:A0 | Char: 12340004-0000-1000-8000-00805f9b34fb | Data: 173 bytes | Hex: 0204057a4233785053466831484d2f79427553464f702f794b5767580a69446f397832696f457134374b4e51567878794859475143516744444c625662666e58 | ASCII: ...zB3xPSFh1HM/yBuSFOp/yKWgX.iDo9x2ioEq47KNQVxxyHYGQCQgDDLbVbfnX [TRUNCATED]
2026-01-02 03:10:23.335 | DEBUG    | ✅ Write via SimpleBLE: 12340004-0000-1000-8000-00805f9b34fb (173 bytes)
2026-01-02 03:10:23.335 | INFO     | [OP-20260102_031012-0018] WRITE_SUCCESS | Remote: E0:D3:62:D6:EE:A0 | Char: 12340004-0000-1000-8000-00805f9b34fb
2026-01-02 03:10:23.335 | DEBUG    |   Fragmento 5/5 enviado
2026-01-02 03:10:23.340 | INFO     | [OP-20260102_031012-0019] NOTIFICATION | Remote: E0:D3:62:D6:EE:A0 | Char: 12340004-0000-1000-8000-00805f9b34fb | Data: 183 bytes | Hex: 0100060203b00000038c2d2d2d2d2d424547494e2043455254494649434154452d2d2d2d2d0a4d4949436344434341644767417749424167495558355a615754 | ASCII: ..........-----BEGIN CERTIFICATE-----.MIICcDCCAdGgAwIBAgIUX5ZaWT [TRUNCATED]
2026-01-02 03:10:23.340 | DEBUG    | 🔐 AUTH indication recebida: 183 bytes
2026-01-02 03:10:23.340 | DEBUG    | Fragmento recebido: seq=0, total=6, payload=180 bytes, flags=0x01
2026-01-02 03:10:23.341 | INFO     | Iniciando recepção de 6 fragmentos
2026-01-02 03:10:23.341 | DEBUG    | Fragmento 1/6 armazenado (1 de 6 recebidos)
2026-01-02 03:10:23.342 | DEBUG    | 🔐 Aguardando mais fragmentos AUTH...
2026-01-02 03:10:23.439 | INFO     | [OP-20260102_031012-0020] NOTIFICATION | Remote: E0:D3:62:D6:EE:A0 | Char: 12340004-0000-1000-8000-00805f9b34fb | Data: 183 bytes | Hex: 0001065642414d4d446b6c765643424f5a58523362334a7249454e424d423458445449314d54497a4d4441784e446b794e466f580a44544d314d5449794f4441 | ASCII: ...VBAMMDklvVCBOZXR3b3JrIENBMB4XDTI1MTIzMDAxNDkyNFoX.DTM1MTIyODA [TRUNCATED]
2026-01-02 03:10:23.439 | DEBUG    | 🔐 AUTH indication recebida: 183 bytes
2026-01-02 03:10:23.440 | DEBUG    | Fragmento recebido: seq=1, total=6, payload=180 bytes, flags=0x00
2026-01-02 03:10:23.440 | DEBUG    | Fragmento 2/6 armazenado (2 de 6 recebidos)
2026-01-02 03:10:23.440 | DEBUG    | 🔐 Aguardando mais fragmentos AUTH...
2026-01-02 03:10:23.440 | DEBUG    | Autenticação round 1/10
2026-01-02 03:10:23.541 | INFO     | [OP-20260102_031012-0021] NOTIFICATION | Remote: E0:D3:62:D6:EE:A0 | Char: 12340004-0000-1000-8000-00805f9b34fb | Data: 183 bytes | Hex: 0002064f4441784454414c42674e564241734d42464e70626d7377675a7377454159484b6f5a497a6a3043415159464b34454541434d44675959414241423243 | ASCII: ...ODAxDTALBgNVBAsMBFNpbmswgZswEAYHKoZIzj0CAQYFK4EEACMDgYYABAB2C [TRUNCATED]
2026-01-02 03:10:23.541 | DEBUG    | 🔐 AUTH indication recebida: 183 bytes
2026-01-02 03:10:23.542 | DEBUG    | Fragmento recebido: seq=2, total=6, payload=180 bytes, flags=0x00
2026-01-02 03:10:23.542 | DEBUG    | Fragmento 3/6 armazenado (3 de 6 recebidos)
2026-01-02 03:10:23.542 | DEBUG    | 🔐 Aguardando mais fragmentos AUTH...
2026-01-02 03:10:23.641 | INFO     | [OP-20260102_031012-0022] NOTIFICATION | Remote: E0:D3:62:D6:EE:A0 | Char: 12340004-0000-1000-8000-00805f9b34fb | Data: 183 bytes | Hex: 0003064569796e614b424c72536939516e0a695050563154362b33326e30466d39562b30376a33567052686c5941467a615036443374536d386647364d344d44 | ASCII: ...EiynaKBLrSi9Qn.iPPV1T6+32n0Fm9V+07j3VpRhlYAFzaP6D3tSm8fG6M4MD [TRUNCATED]
2026-01-02 03:10:23.642 | DEBUG    | 🔐 AUTH indication recebida: 183 bytes
2026-01-02 03:10:23.643 | DEBUG    | Fragmento recebido: seq=3, total=6, payload=180 bytes, flags=0x00
2026-01-02 03:10:23.644 | DEBUG    | Fragmento 4/6 armazenado (4 de 6 recebidos)
2026-01-02 03:10:23.644 | DEBUG    | 🔐 Aguardando mais fragmentos AUTH...
2026-01-02 03:10:23.741 | INFO     | [OP-20260102_031012-0023] NOTIFICATION | Remote: E0:D3:62:D6:EE:A0 | Char: 12340004-0000-1000-8000-00805f9b34fb | Data: 183 bytes | Hex: 0004067a3743426962455851666c4c564a2b47464b772f37666f5935637655610a6d4c435933457041355152552f3439457676693132312b346c556c4361684d | ASCII: ...z7CBibEXQflLVJ+GFKw/7foY5cvUa.mLCY3EpA5QRU/49Evvi121+4lUlCahM [TRUNCATED]
2026-01-02 03:10:23.741 | DEBUG    | 🔐 AUTH indication recebida: 183 bytes
2026-01-02 03:10:23.741 | DEBUG    | Fragmento recebido: seq=4, total=6, payload=180 bytes, flags=0x00
2026-01-02 03:10:23.742 | DEBUG    | Fragmento 5/6 armazenado (5 de 6 recebidos)
2026-01-02 03:10:23.742 | DEBUG    | 🔐 Aguardando mais fragmentos AUTH...
2026-01-02 03:10:23.838 | INFO     | [OP-20260102_031012-0024] NOTIFICATION | Remote: E0:D3:62:D6:EE:A0 | Char: 12340004-0000-1000-8000-00805f9b34fb | Data: 50 bytes | Hex: 0205065254494649434154452d2d2d2d2d0a6fc96350c5a6ed915e091887672bdec4274207e7c10733af61cd5fea1c6f2a02 | ASCII: ...RTIFICATE-----.o.cP....^...g+..'B....3.a._..o*.
2026-01-02 03:10:23.838 | DEBUG    | 🔐 AUTH indication recebida: 50 bytes
2026-01-02 03:10:23.839 | DEBUG    | Fragmento recebido: seq=5, total=6, payload=47 bytes, flags=0x02
2026-01-02 03:10:23.839 | DEBUG    | Fragmento 6/6 armazenado (6 de 6 recebidos)
2026-01-02 03:10:23.839 | INFO     | ✅ Mensagem reconstruída: 947 bytes (6 fragmentos)
2026-01-02 03:10:23.841 | DEBUG    | FragmentReassembler resetado
2026-01-02 03:10:23.841 | DEBUG    | 🔐 AUTH mensagem completa: 947 bytes
2026-01-02 03:10:23.940 | DEBUG    | Resposta auth lida do buffer: 947 bytes
2026-01-02 03:10:23.941 | DEBUG    | 📨 Recebido: AuthMessage(type=CHALLENGE, payload=944 bytes)
2026-01-02 03:10:23.941 | INFO     | 🎲 Challenge recebido - processando certificado + challenge...
2026-01-02 03:10:23.942 | INFO     | 📜 Extraindo certificado do peer do payload...
2026-01-02 03:10:23.945 | DEBUG    | ✅ Assinatura da CA válida
2026-01-02 03:10:23.945 | DEBUG    | ✅ Certificado válido temporalmente (expira em 2035-12-28 01:49:24+00:00)
2026-01-02 03:10:23.945 | INFO     | ✅ Certificado validado com sucesso
2026-01-02 03:10:23.946 | INFO     | ✅ Certificado do peer validado!
2026-01-02 03:10:23.947 | INFO     |    Peer NID: c5c55ab2...
2026-01-02 03:10:23.947 | INFO     |    Peer tipo: SINK
2026-01-02 03:10:23.948 | DEBUG    |    Challenge: 6fc96350c5a6ed915e091887672bdec4...
2026-01-02 03:10:23.950 | INFO     | ✍️  Response gerada: 138 bytes
2026-01-02 03:10:23.952 | DEBUG    |    Estado: CHALLENGE_RECEIVED
2026-01-02 03:10:23.953 | DEBUG    | 📤 Enviando resposta (141 bytes)
2026-01-02 03:10:23.953 | DEBUG    | Mensagem pequena (141 bytes), 1 fragmento
2026-01-02 03:10:23.953 | DEBUG    | Enviando mensagem auth: 141 bytes em 1 fragmento(s)
2026-01-02 03:10:23.955 | INFO     | [OP-20260102_031012-0025] WRITE_REQUEST | Remote: E0:D3:62:D6:EE:A0 | Char: 12340004-0000-1000-8000-00805f9b34fb | Data: 144 bytes | Hex: 03000103008a30818702416e7479a956a6a78393b613d0082db13d4f5929aad434f1b1a54e279c43e87150078432fcb04a8c03ef684fd14127a5a969ff8acda6 | ASCII: ......0...Anty.V........-.=OY)..4...N'.C.qP..2..J...hO.A'..i.... [TRUNCATED]
2026-01-02 03:10:24.036 | DEBUG    | ✅ Write via SimpleBLE: 12340004-0000-1000-8000-00805f9b34fb (144 bytes)
2026-01-02 03:10:24.037 | INFO     | [OP-20260102_031012-0026] NOTIFICATION | Remote: E0:D3:62:D6:EE:A0 | Char: 12340001-0000-1000-8000-00805f9b34fb | Data: 158 bytes | Hex: c5c55ab2c469427db40fbf51ab0af380c5c55ab2c469427db40fbf51ab0af38002010000000fe61712ff18a10c42134d82d919ea882779a9292ad4bbe18fe130 | ASCII: ..Z..iB}...Q......Z..iB}...Q.................B.M.....'y.)*.....0 [TRUNCATED]
2026-01-02 03:10:24.038 | INFO     | [OP-20260102_031012-0027] WRITE_SUCCESS | Remote: E0:D3:62:D6:EE:A0 | Char: 12340004-0000-1000-8000-00805f9b34fb
2026-01-02 03:10:24.040 | DEBUG    |   Fragmento 1/1 enviado
2026-01-02 03:10:24.040 | DEBUG    | Autenticação round 2/10
2026-01-02 03:10:24.039 | INFO     | Sink NID identificado: c5c55ab2...
2026-01-02 03:10:24.040 | DEBUG    | Novo source c5c55ab2...: seq=15 (primeiro pacote)
2026-01-02 03:10:24.041 | WARNING  | ⚠️  Certificado do Sink não disponível para verificação
2026-01-02 03:10:24.041 | ERROR    | ❌ Assinatura de heartbeat inválida!
2026-01-02 03:10:24.043 | INFO     | [OP-20260102_031012-0028] NOTIFICATION | Remote: E0:D3:62:D6:EE:A0 | Char: 12340004-0000-1000-8000-00805f9b34fb | Data: 6 bytes | Hex: 030001040000 | ASCII: ......
2026-01-02 03:10:24.043 | DEBUG    | 🔐 AUTH indication recebida: 6 bytes
2026-01-02 03:10:24.043 | DEBUG    | Fragmento recebido: seq=0, total=1, payload=3 bytes, flags=0x03
2026-01-02 03:10:24.043 | INFO     | Iniciando recepção de 1 fragmentos
2026-01-02 03:10:24.045 | DEBUG    | Fragmento 1/1 armazenado (1 de 1 recebidos)
2026-01-02 03:10:24.045 | INFO     | ✅ Mensagem reconstruída: 3 bytes (1 fragmentos)
2026-01-02 03:10:24.045 | DEBUG    | FragmentReassembler resetado
2026-01-02 03:10:24.046 | DEBUG    | 🔐 AUTH mensagem completa: 3 bytes
2026-01-02 03:10:24.540 | DEBUG    | Resposta auth lida do buffer: 3 bytes
2026-01-02 03:10:24.541 | DEBUG    | 📨 Recebido: AuthMessage(type=AUTH_SUCCESS, payload=0 bytes)
2026-01-02 03:10:24.541 | INFO     | ✅ Peer confirmou autenticação bem sucedida!
2026-01-02 03:10:24.542 | INFO     | ✅ Autenticação bem-sucedida!
2026-01-02 03:10:24.545 | DEBUG    | 🔑 Session key derivada: 32 bytes
2026-01-02 03:10:24.546 | INFO     | 🔑 Session key estabelecida
2026-01-02 03:10:24.547 | DEBUG    | ✅ Certificado do Sink armazenado
2026-01-02 03:10:24.548 | INFO     | ============================================================
2026-01-02 03:10:24.549 | INFO     | ✅ Node pronto! Uplink conectado (hop=0)
2026-01-02 03:10:24.549 | INFO     | ============================================================
2026-01-02 03:10:28.990 | INFO     | [OP-20260102_031012-0029] NOTIFICATION | Remote: E0:D3:62:D6:EE:A0 | Char: 12340001-0000-1000-8000-00805f9b34fb | Data: 158 bytes | Hex: c5c55ab2c469427db40fbf51ab0af380c5c55ab2c469427db40fbf51ab0af380020100000010f7ee1aa38779044fdb74eb21a5188cfd9418d8d2b3a42cecb18a | ASCII: ..Z..iB}...Q......Z..iB}...Q...............y.O.t.!..........,... [TRUNCATED]
2026-01-02 03:10:28.992 | DEBUG    | Source c5c55ab2...: seq=16 (novo highest, window: 2 seqs)
2026-01-02 03:10:28.993 | WARNING  | ❌ Assinatura inválida
2026-01-02 03:10:28.994 | WARNING  | ❌ Assinatura de heartbeat inválida
2026-01-02 03:10:28.995 | ERROR    | ❌ Assinatura de heartbeat inválida!
2026-01-02 03:10:33.992 | INFO     | [OP-20260102_031012-0030] NOTIFICATION | Remote: E0:D3:62:D6:EE:A0 | Char: 12340001-0000-1000-8000-00805f9b34fb | Data: 158 bytes | Hex: c5c55ab2c469427db40fbf51ab0af380c5c55ab2c469427db40fbf51ab0af38002010000001170a904e40d2028ba96900b2563367e6e260e76657dda7c33f780 | ASCII: ..Z..iB}...Q......Z..iB}...Q..........p.... (....%c6~n&.ve}.|3.. [TRUNCATED]
2026-01-02 03:10:33.992 | DEBUG    | Source c5c55ab2...: seq=17 (novo highest, window: 3 seqs)
2026-01-02 03:10:33.993 | WARNING  | ❌ Assinatura inválida
2026-01-02 03:10:33.993 | WARNING  | ❌ Assinatura de heartbeat inválida
2026-01-02 03:10:33.994 | ERROR    | ❌ Assinatura de heartbeat inválida!
2026-01-02 03:10:38.992 | INFO     | [OP-20260102_031012-0031] NOTIFICATION | Remote: E0:D3:62:D6:EE:A0 | Char: 12340001-0000-1000-8000-00805f9b34fb | Data: 158 bytes | Hex: c5c55ab2c469427db40fbf51ab0af380c5c55ab2c469427db40fbf51ab0af380020100000012bb823dd210a3526d136a8c60f3409e2c8a86a4b1e610f387b769 | ASCII: ..Z..iB}...Q......Z..iB}...Q............=...Rm.j.`.@.,.........i [TRUNCATED]
2026-01-02 03:10:38.993 | DEBUG    | Source c5c55ab2...: seq=18 (novo highest, window: 4 seqs)
2026-01-02 03:10:38.994 | WARNING  | ❌ Assinatura inválida
2026-01-02 03:10:38.995 | WARNING  | ❌ Assinatura de heartbeat inválida
2026-01-02 03:10:38.996 | ERROR    | ❌ Assinatura de heartbeat inválida!
2026-01-02 03:10:43.992 | INFO     | [OP-20260102_031012-0032] NOTIFICATION | Remote: E0:D3:62:D6:EE:A0 | Char: 12340001-0000-1000-8000-00805f9b34fb | Data: 158 bytes | Hex: c5c55ab2c469427db40fbf51ab0af380c5c55ab2c469427db40fbf51ab0af38002010000001304b523b5b22e43457522ea037b5791100383df2bddd975f3935a | ASCII: ..Z..iB}...Q......Z..iB}...Q............#...CEu"..{W.....+..u..Z [TRUNCATED]
2026-01-02 03:10:43.994 | DEBUG    | Source c5c55ab2...: seq=19 (novo highest, window: 5 seqs)
2026-01-02 03:10:43.995 | WARNING  | ❌ Assinatura inválida
2026-01-02 03:10:43.996 | WARNING  | ❌ Assinatura de heartbeat inválida
2026-01-02 03:10:43.997 | ERROR    | ❌ Assinatura de heartbeat inválida!
2026-01-02 03:10:48.992 | INFO     | [OP-20260102_031012-0033] NOTIFICATION | Remote: E0:D3:62:D6:EE:A0 | Char: 12340001-0000-1000-8000-00805f9b34fb | Data: 158 bytes | Hex: c5c55ab2c469427db40fbf51ab0af380c5c55ab2c469427db40fbf51ab0af3800201000000143b48c8e07597004f27586c965d02105a87744381d56988346849 | ASCII: ..Z..iB}...Q......Z..iB}...Q..........;H..u..O'Xl.]..Z.tC..i.4hI [TRUNCATED]
2026-01-02 03:10:48.994 | DEBUG    | Source c5c55ab2...: seq=20 (novo highest, window: 6 seqs)
2026-01-02 03:10:48.995 | WARNING  | ❌ Assinatura inválida
2026-01-02 03:10:48.996 | WARNING  | ❌ Assinatura de heartbeat inválida
2026-01-02 03:10:48.996 | ERROR    | ❌ Assinatura de heartbeat inválida!
2026-01-02 03:10:53.287 | INFO     | 
Sinal 2 recebido, a parar...
2026-01-02 03:10:53.288 | INFO     | A parar Node...
2026-01-02 03:10:53.289 | INFO     | A parar GATT Server...
2026-01-02 03:10:53.291 | INFO     | ✅ GATT Server parado
2026-01-02 03:10:55.248 | INFO     | Desconectado de E0:D3:62:D6:EE:A0
2026-01-02 03:10:55.249 | INFO     | [OP-20260102_031012-0034] DISCONNECT | Remote: E0:D3:62:D6:EE:A0 | Reason: normal
2026-01-02 03:10:55.251 | INFO     | ✅ Node parado
2026-01-02 03:10:55.253 | WARNING  | ⚠️  Conexão perdida com Sink
2026-01-02 03:10:55.254 | INFO     | A parar Node...
2026-01-02 03:10:55.255 | INFO     | A parar GATT Server...
2026-01-02 03:10:55.257 | INFO     | ✅ GATT Server parado
2026-01-02 03:10:55.258 | INFO     | ✅ Node parado
