2025-12-27 19:29:16.543 | INFO     | BLE Operation Logger iniciado: ble_operations_A08869B6F7D2_20251227_192916.log
2025-12-27 19:29:16.543 | INFO     | Scanner BLE iniciado: hci0 (A0:88:69:B6:F7:D2)
2025-12-27 19:29:16.544 | INFO     | BLE Client iniciado
2025-12-27 19:29:16.544 | INFO     | 🔍 A fazer scan de dispositivos IoT...
2025-12-27 19:29:16.544 | INFO     |    (aguarda 5 segundos)
2025-12-27 19:29:16.545 | INFO     | 
2025-12-27 19:29:16.546 | INFO     | A fazer scan BLE durante 5000ms...
2025-12-27 19:29:16.549 | INFO     | [OP-20251227_192916-0001] SCAN_START | Duration: 5000ms | Filter_IoT: True
2025-12-27 19:29:21.571 | DEBUG    |   Encontrado: IoT-Node (E0:D3:62:D6:EE:A0) RSSI: -55 dBm
2025-12-27 19:29:21.573 | INFO     | Scan concluído: 1 dispositivos encontrados
2025-12-27 19:29:21.574 | INFO     | [OP-20251227_192916-0002] SCAN_RESULT | Devices_Found: 1
2025-12-27 19:29:21.575 | DEBUG    | [OP-20251227_192916-0002]   Device_1: Name: IoT-Node | Address: E0:D3:62:D6:EE:A0 | RSSI: -55 dBm | Services: 4
2025-12-27 19:29:21.575 | INFO     | ✅ Encontrados 1 dispositivos IoT:
2025-12-27 19:29:21.576 | INFO     | 
2025-12-27 19:29:21.576 | INFO     |   1. IoT-Node (E0:D3:62:D6:EE:A0) RSSI: -55 dBm
2025-12-27 19:29:21.577 | INFO     |      Address: E0:D3:62:D6:EE:A0
2025-12-27 19:29:21.577 | INFO     |      RSSI: -55 dBm
2025-12-27 19:29:21.578 | INFO     |      Services: 4
2025-12-27 19:29:21.578 | INFO     | 
2025-12-27 19:29:21.579 | INFO     | ============================================================
2025-12-27 19:29:21.579 | INFO     | 🔗 A conectar ao primeiro dispositivo: E0:D3:62:D6:EE:A0
2025-12-27 19:29:21.581 | INFO     | ============================================================
2025-12-27 19:29:21.584 | INFO     | 
2025-12-27 19:29:21.589 | ERROR    | Dispositivo E0:D3:62:D6:EE:A0 não encontrado
2025-12-27 19:29:21.591 | ERROR    | ❌ Falha ao conectar
