2026-01-04 00:07:02.219 | INFO     | BLE Operation Logger iniciado: ble_operations_E0D362D6EEA0_20260104_000702.log
2026-01-04 00:07:02.220 | INFO     | Scanner BLE iniciado: hci0 (E0:D3:62:D6:EE:A0)
2026-01-04 00:07:02.221 | INFO     | BLE Client iniciado
2026-01-04 00:07:02.221 | DEBUG    | FragmentReassembler inicializado
2026-01-04 00:07:02.221 | INFO     | ReplayProtection iniciado (window_size=100)
2026-01-04 00:07:02.222 | INFO     | 🔀 Router Daemon inicializado para NID=74383752...
2026-01-04 00:07:02.222 | DEBUG    | ✅ Send callback configurado
2026-01-04 00:07:02.222 | DEBUG    | ✅ Handler registado para MessageType(1)
2026-01-04 00:07:02.222 | DEBUG    | ✅ Handler registado para MessageType(2)
2026-01-04 00:07:02.222 | INFO     | IoT Node inicializado (adapter=hci0)
2026-01-04 00:07:02.223 | INFO     | ✅ Router Daemon integrado
2026-01-04 00:07:02.223 | INFO     | A configurar GATT Server...
2026-01-04 00:07:02.226 | INFO     | Application criada: /
2026-01-04 00:07:02.227 | INFO     | Service criado: /0 (UUID: 12340000-0000-1000-8000-00805f9b34fb, primary: True)
2026-01-04 00:07:02.227 | INFO     | A criar IoTNetworkService...
2026-01-04 00:07:02.228 | DEBUG    | Characteristic criada: /0/char0 (UUID: 12340001-0000-1000-8000-00805f9b34fb, flags: ['write', 'notify'])
2026-01-04 00:07:02.228 | INFO     | NetworkPacketCharacteristic criada
2026-01-04 00:07:02.228 | DEBUG    | Characteristic criada: /0/char1 (UUID: 12340002-0000-1000-8000-00805f9b34fb, flags: ['read'])
2026-01-04 00:07:02.229 | INFO     | DeviceInfoCharacteristic criada: NID=74383752..., type=node
2026-01-04 00:07:02.229 | DEBUG    | Characteristic criada: /0/char2 (UUID: 12340003-0000-1000-8000-00805f9b34fb, flags: ['read', 'notify'])
2026-01-04 00:07:02.229 | INFO     | NeighborTableCharacteristic criada
2026-01-04 00:07:02.230 | DEBUG    | Characteristic criada: /0/char3 (UUID: 12340004-0000-1000-8000-00805f9b34fb, flags: ['write', 'indicate'])
2026-01-04 00:07:02.231 | INFO     | AuthCharacteristic criada
2026-01-04 00:07:02.231 | DEBUG    | Characteristic adicionada a /0: /0/char0
2026-01-04 00:07:02.231 | DEBUG    | Characteristic adicionada a /0: /0/char1
2026-01-04 00:07:02.231 | DEBUG    | Characteristic adicionada a /0: /0/char2
2026-01-04 00:07:02.231 | DEBUG    | Characteristic adicionada a /0: /0/char3
2026-01-04 00:07:02.231 | INFO     | ✅ IoTNetworkService criado com sucesso!
2026-01-04 00:07:02.232 | INFO     | Service adicionado à aplicação: /0
2026-01-04 00:07:02.232 | DEBUG    | Packet callback definido
2026-01-04 00:07:02.233 | DEBUG    | Auth callback definido
2026-01-04 00:07:02.233 | INFO     | Advertisement criado: /org/bluez/iot/advertisement0 (type: peripheral)
2026-01-04 00:07:02.233 | INFO     | ✅ Service UUID adicionado ao advertising: 12340000-0000-1000-8000-00805f9b34fb
2026-01-04 00:07:02.234 | INFO     |    Lista atual de UUIDs: ['12340000-0000-1000-8000-00805f9b34fb']
2026-01-04 00:07:02.235 | DEBUG    | Local name definido: IoT-Node-74383752
2026-01-04 00:07:02.235 | DEBUG    | Manufacturer data adicionado: ID=65535
2026-01-04 00:07:02.235 | INFO     | ✅ GATT Server configurado
2026-01-04 00:07:02.235 | INFO     | A iniciar GATT Server...
2026-01-04 00:07:02.243 | DEBUG    | GetManagedObjects called
2026-01-04 00:07:02.243 | DEBUG    | GetManagedObjects returning 5 objects
2026-01-04 00:07:02.239 | INFO     | ✅ GATT Server iniciado em thread separada
2026-01-04 00:07:02.246 | INFO     | ✅ Node Device iniciado - CLI interativo pronto
2026-01-04 00:07:02.425 | INFO     | ✅ GATT application registada!
2026-01-04 00:07:02.426 | DEBUG    | GetAll called on /org/bluez/iot/advertisement0
2026-01-04 00:07:02.427 | INFO     | 📡 Advertising com ServiceUUIDs: ['12340000-0000-1000-8000-00805f9b34fb']
2026-01-04 00:07:02.530 | INFO     | ✅ Advertisement registado!
2026-01-04 00:07:06.409 | INFO     | A fazer scan BLE durante 5000ms...
2026-01-04 00:07:06.411 | INFO     | [OP-20260104_000702-0001] SCAN_START | Duration: 5000ms | Filter_IoT: True
2026-01-04 00:07:11.619 | INFO     | Scan concluído: 0 dispositivos encontrados
2026-01-04 00:07:11.621 | INFO     | [OP-20260104_000702-0002] SCAN_RESULT | Devices_Found: 0
2026-01-04 00:07:11.622 | INFO     | A fazer scan BLE durante 5000ms...
2026-01-04 00:07:11.624 | INFO     | [OP-20260104_000702-0003] SCAN_START | Duration: 5000ms | Filter_IoT: True
2026-01-04 00:07:16.741 | INFO     | Scan concluído: 0 dispositivos encontrados
2026-01-04 00:07:16.742 | INFO     | [OP-20260104_000702-0004] SCAN_RESULT | Devices_Found: 0
2026-01-04 00:07:26.683 | INFO     | A fazer scan BLE durante 5000ms...
2026-01-04 00:07:26.685 | INFO     | [OP-20260104_000702-0005] SCAN_START | Duration: 5000ms | Filter_IoT: True
2026-01-04 00:07:31.897 | INFO     | Scan concluído: 0 dispositivos encontrados
2026-01-04 00:07:31.898 | INFO     | [OP-20260104_000702-0006] SCAN_RESULT | Devices_Found: 0
2026-01-04 00:07:31.899 | INFO     | A fazer scan BLE durante 5000ms...
2026-01-04 00:07:31.900 | INFO     | [OP-20260104_000702-0007] SCAN_START | Duration: 5000ms | Filter_IoT: True
2026-01-04 00:07:37.016 | INFO     | Scan concluído: 0 dispositivos encontrados
2026-01-04 00:07:37.017 | INFO     | [OP-20260104_000702-0008] SCAN_RESULT | Devices_Found: 0
2026-01-04 00:07:45.073 | INFO     | A fazer scan BLE durante 5000ms...
2026-01-04 00:07:45.074 | INFO     | [OP-20260104_000702-0009] SCAN_START | Duration: 5000ms | Filter_IoT: True
2026-01-04 00:07:50.188 | DEBUG    |   Encontrado: IoT-Sink-54c225f2 (E0:D3:62:D7:47:03) RSSI: -60 dBm
2026-01-04 00:07:50.189 | INFO     | Scan concluído: 1 dispositivos encontrados
2026-01-04 00:07:50.190 | INFO     | [OP-20260104_000702-0010] SCAN_RESULT | Devices_Found: 1
2026-01-04 00:07:50.192 | DEBUG    | [OP-20260104_000702-0010]   Device_1: Name: IoT-Sink-54c225f2 | Address: E0:D3:62:D7:47:03 | RSSI: -60 dBm | Services: 1
2026-01-04 00:07:50.192 | INFO     | A fazer scan BLE durante 5000ms...
2026-01-04 00:07:50.193 | INFO     | [OP-20260104_000702-0011] SCAN_START | Duration: 5000ms | Filter_IoT: True
2026-01-04 00:07:55.214 | DEBUG    |   Encontrado: IoT-Sink-54c225f2 (E0:D3:62:D7:47:03) RSSI: -56 dBm
2026-01-04 00:07:55.215 | INFO     | Scan concluído: 1 dispositivos encontrados
2026-01-04 00:07:55.216 | INFO     | [OP-20260104_000702-0012] SCAN_RESULT | Devices_Found: 1
2026-01-04 00:07:55.217 | DEBUG    | [OP-20260104_000702-0012]   Device_1: Name: IoT-Sink-54c225f2 | Address: E0:D3:62:D7:47:03 | RSSI: -56 dBm | Services: 1
