2025-12-29 20:07:30.888 | INFO     | BLE Operation Logger iniciado: ble_operations_A08869B6F7D2_20251229_200730.log
2025-12-29 20:07:30.888 | INFO     | Scanner BLE iniciado: hci0 (A0:88:69:B6:F7:D2)
2025-12-29 20:07:30.889 | INFO     | BLE Client iniciado
2025-12-29 20:07:30.889 | INFO     | BLE Client criado
2025-12-29 20:07:30.890 | INFO     | NeighborDiscovery inicializado: scan_interval=30s, scan_duration=5000ms, timeout=120s
2025-12-29 20:07:30.890 | INFO     | NeighborDiscovery criado
2025-12-29 20:07:30.891 | INFO     | Link Manager iniciado
2025-12-29 20:07:30.891 | INFO     | LinkManager criado
2025-12-29 20:07:33.756 | INFO     | A iniciar scan de vizinhos...
2025-12-29 20:07:33.757 | DEBUG    | A limpar cache de scan BLE...
2025-12-29 20:07:33.964 | DEBUG    | Cache de scan limpo
2025-12-29 20:07:33.965 | INFO     | A fazer scan BLE durante 5000ms...
2025-12-29 20:07:33.967 | INFO     | [OP-20251229_200730-0001] SCAN_START | Duration: 5000ms | Filter_IoT: True
2025-12-29 20:07:38.983 | DEBUG    |   Encontrado: IoT-Node (E0:D3:62:D6:EE:A0) RSSI: -47 dBm
2025-12-29 20:07:38.983 | INFO     | Scan concluído: 1 dispositivos encontrados
2025-12-29 20:07:38.986 | INFO     | [OP-20251229_200730-0002] SCAN_RESULT | Devices_Found: 1
2025-12-29 20:07:38.987 | DEBUG    | [OP-20251229_200730-0002]   Device_1: Name: IoT-Node | Address: E0:D3:62:D6:EE:A0 | RSSI: -47 dBm | Services: 1
2025-12-29 20:07:38.987 | INFO     | Scan concluído: 1 dispositivos IoT encontrados
2025-12-29 20:07:38.988 | DEBUG    | A conectar a E0:D3:62:D6:EE:A0 para ler DeviceInfo...
2025-12-29 20:07:38.993 | DEBUG    | BLEConnection criada para E0:D3:62:D6:EE:A0
2025-12-29 20:07:38.994 | INFO     | A conectar a E0:D3:62:D6:EE:A0...
2025-12-29 20:07:38.995 | INFO     | [OP-20251229_200730-0003] CONNECT_ATTEMPT | Local: A0:88:69:B6:F7:D2 | Remote: E0:D3:62:D6:EE:A0
2025-12-29 20:07:42.211 | INFO     | ✅ Conectado a E0:D3:62:D6:EE:A0
2025-12-29 20:07:42.212 | INFO     | [OP-20251229_200730-0004] CONNECT_SUCCESS | Remote: E0:D3:62:D6:EE:A0 | Time: 3211.51ms
2025-12-29 20:07:42.214 | DEBUG    | ✅ Conexão estabelecida. Operações GATT usarão D-Bus se necessário.
2025-12-29 20:07:42.214 | DEBUG    | [OP-20251229_200730-0005] READ_REQUEST | Remote: E0:D3:62:D6:EE:A0 | Service: 12340000-0000-1000-8000-00805f9b34fb | Char: 12340002-0000-1000-8000-00805f9b34fb
2025-12-29 20:07:42.738 | DEBUG    | Read 12340002-0000-1000-8000-00805f9b34fb: 18 bytes
2025-12-29 20:07:42.738 | INFO     | [OP-20251229_200730-0006] READ_RESPONSE | Remote: E0:D3:62:D6:EE:A0 | Char: 12340002-0000-1000-8000-00805f9b34fb | Data: 18 bytes | Hex: 468a1b10818f4604a993da62bf8362a20100 | ASCII: F.....F....b..b...
2025-12-29 20:07:42.739 | INFO     | Vizinho descoberto: E0:D3:62:D6:EE:A0 (468a1b10...) hop=1 rssi=-47dBm type=node disconnected seen=0.0s ago
2025-12-29 20:07:45.299 | INFO     | Desconectado de E0:D3:62:D6:EE:A0
2025-12-29 20:07:45.301 | INFO     | [OP-20251229_200730-0007] DISCONNECT | Remote: E0:D3:62:D6:EE:A0 | Reason: normal
2025-12-29 20:07:45.302 | INFO     | Novo vizinho adicionado: E0:D3:62:D6:EE:A0
2025-12-29 20:07:59.525 | INFO     | A conectar a vizinho E0:D3:62:D6:EE:A0...
2025-12-29 20:07:59.527 | DEBUG    | BLEConnection criada para E0:D3:62:D6:EE:A0
2025-12-29 20:07:59.528 | INFO     | A conectar a E0:D3:62:D6:EE:A0...
2025-12-29 20:07:59.531 | INFO     | [OP-20251229_200730-0008] CONNECT_ATTEMPT | Local: A0:88:69:B6:F7:D2 | Remote: E0:D3:62:D6:EE:A0
2025-12-29 20:08:02.977 | INFO     | ✅ Conectado a E0:D3:62:D6:EE:A0
2025-12-29 20:08:02.979 | INFO     | [OP-20251229_200730-0009] CONNECT_SUCCESS | Remote: E0:D3:62:D6:EE:A0 | Time: 3442.24ms
2025-12-29 20:08:02.980 | DEBUG    | ✅ Conexão estabelecida. Operações GATT usarão D-Bus se necessário.
2025-12-29 20:08:02.980 | INFO     | Link criado: Link[E0:D3:62:D6:EE:A0] -> NODE NID=468a1b10... hop=1 (UPLINK)
2025-12-29 20:08:02.981 | INFO     | ✅ Uplink definido: Link[E0:D3:62:D6:EE:A0] -> NODE NID=468a1b10... hop=1
2025-12-29 20:08:02.982 | DEBUG    | HeartbeatMonitor criado: interval=5.0s, max_missed=3
2025-12-29 20:08:03.191 | INFO     | ✅ Subscrito a notificações: 12340001-0000-1000-8000-00805f9b34fb
2025-12-29 20:08:03.192 | INFO     | [OP-20251229_200730-0010] SUBSCRIBE_SUCCESS | Remote: E0:D3:62:D6:EE:A0 | Char: 12340001-0000-1000-8000-00805f9b34fb
2025-12-29 20:08:03.194 | INFO     | 💓 HeartbeatMonitor iniciado: verificação a cada 5.0s, timeout após 3 misses
2025-12-29 20:08:03.195 | INFO     | 💓 Monitoramento de heartbeat iniciado
2025-12-29 20:08:03.195 | INFO     | ✅ Conectado a E0:D3:62:D6:EE:A0 e uplink estabelecido
2025-12-29 20:08:03.196 | DEBUG    | Vizinho E0:D3:62:D6:EE:A0 marcado como conectado
2025-12-29 20:08:05.195 | INFO     | [OP-20251229_200730-0011] NOTIFICATION | Remote: E0:D3:62:D6:EE:A0 | Char: 12340001-0000-1000-8000-00805f9b34fb | Data: 158 bytes | Hex: 468a1b10818f4604a993da62bf8362a2468a1b10818f4604a993da62bf8362a202010000000a0000000000000000000000000000000000000000000000000000 | ASCII: F.....F....b..b.F.....F....b..b................................. [TRUNCATED]
2025-12-29 20:08:05.196 | DEBUG    | 💓 Heartbeat recebido: seq=10
2025-12-29 20:08:05.197 | DEBUG    | 💓 Heartbeat recebido (seq=10)
2025-12-29 20:08:10.195 | INFO     | [OP-20251229_200730-0012] NOTIFICATION | Remote: E0:D3:62:D6:EE:A0 | Char: 12340001-0000-1000-8000-00805f9b34fb | Data: 158 bytes | Hex: 468a1b10818f4604a993da62bf8362a2468a1b10818f4604a993da62bf8362a202010000000b0000000000000000000000000000000000000000000000000000 | ASCII: F.....F....b..b.F.....F....b..b................................. [TRUNCATED]
2025-12-29 20:08:10.196 | DEBUG    | 💓 Heartbeat recebido: seq=11
2025-12-29 20:08:10.196 | DEBUG    | 💓 Heartbeat recebido (seq=11)
2025-12-29 20:08:15.195 | INFO     | [OP-20251229_200730-0013] NOTIFICATION | Remote: E0:D3:62:D6:EE:A0 | Char: 12340001-0000-1000-8000-00805f9b34fb | Data: 158 bytes | Hex: 468a1b10818f4604a993da62bf8362a2468a1b10818f4604a993da62bf8362a202010000000c0000000000000000000000000000000000000000000000000000 | ASCII: F.....F....b..b.F.....F....b..b................................. [TRUNCATED]
2025-12-29 20:08:15.196 | DEBUG    | 💓 Heartbeat recebido: seq=12
2025-12-29 20:08:15.197 | DEBUG    | 💓 Heartbeat recebido (seq=12)
2025-12-29 20:08:20.194 | INFO     | [OP-20251229_200730-0014] NOTIFICATION | Remote: E0:D3:62:D6:EE:A0 | Char: 12340001-0000-1000-8000-00805f9b34fb | Data: 158 bytes | Hex: 468a1b10818f4604a993da62bf8362a2468a1b10818f4604a993da62bf8362a202010000000d0000000000000000000000000000000000000000000000000000 | ASCII: F.....F....b..b.F.....F....b..b................................. [TRUNCATED]
2025-12-29 20:08:20.196 | DEBUG    | 💓 Heartbeat recebido: seq=13
2025-12-29 20:08:20.196 | DEBUG    | 💓 Heartbeat recebido (seq=13)
2025-12-29 20:08:25.195 | INFO     | [OP-20251229_200730-0015] NOTIFICATION | Remote: E0:D3:62:D6:EE:A0 | Char: 12340001-0000-1000-8000-00805f9b34fb | Data: 158 bytes | Hex: 468a1b10818f4604a993da62bf8362a2468a1b10818f4604a993da62bf8362a202010000000e0000000000000000000000000000000000000000000000000000 | ASCII: F.....F....b..b.F.....F....b..b................................. [TRUNCATED]
2025-12-29 20:08:25.196 | DEBUG    | 💓 Heartbeat recebido: seq=14
2025-12-29 20:08:25.196 | DEBUG    | 💓 Heartbeat recebido (seq=14)
2025-12-29 20:08:30.195 | INFO     | [OP-20251229_200730-0016] NOTIFICATION | Remote: E0:D3:62:D6:EE:A0 | Char: 12340001-0000-1000-8000-00805f9b34fb | Data: 158 bytes | Hex: 468a1b10818f4604a993da62bf8362a2468a1b10818f4604a993da62bf8362a202010000000f0000000000000000000000000000000000000000000000000000 | ASCII: F.....F....b..b.F.....F....b..b................................. [TRUNCATED]
2025-12-29 20:08:30.196 | DEBUG    | 💓 Heartbeat recebido: seq=15
2025-12-29 20:08:30.197 | DEBUG    | 💓 Heartbeat recebido (seq=15)
2025-12-29 20:08:35.193 | INFO     | [OP-20251229_200730-0017] NOTIFICATION | Remote: E0:D3:62:D6:EE:A0 | Char: 12340001-0000-1000-8000-00805f9b34fb | Data: 158 bytes | Hex: 468a1b10818f4604a993da62bf8362a2468a1b10818f4604a993da62bf8362a20201000000100000000000000000000000000000000000000000000000000000 | ASCII: F.....F....b..b.F.....F....b..b................................. [TRUNCATED]
2025-12-29 20:08:35.193 | DEBUG    | 💓 Heartbeat recebido: seq=16
2025-12-29 20:08:35.194 | DEBUG    | 💓 Heartbeat recebido (seq=16)
2025-12-29 20:08:40.194 | INFO     | [OP-20251229_200730-0018] NOTIFICATION | Remote: E0:D3:62:D6:EE:A0 | Char: 12340001-0000-1000-8000-00805f9b34fb | Data: 158 bytes | Hex: 468a1b10818f4604a993da62bf8362a2468a1b10818f4604a993da62bf8362a20201000000110000000000000000000000000000000000000000000000000000 | ASCII: F.....F....b..b.F.....F....b..b................................. [TRUNCATED]
2025-12-29 20:08:40.196 | DEBUG    | 💓 Heartbeat recebido: seq=17
2025-12-29 20:08:40.197 | DEBUG    | 💓 Heartbeat recebido (seq=17)
2025-12-29 20:08:45.195 | INFO     | [OP-20251229_200730-0019] NOTIFICATION | Remote: E0:D3:62:D6:EE:A0 | Char: 12340001-0000-1000-8000-00805f9b34fb | Data: 158 bytes | Hex: 468a1b10818f4604a993da62bf8362a2468a1b10818f4604a993da62bf8362a20201000000120000000000000000000000000000000000000000000000000000 | ASCII: F.....F....b..b.F.....F....b..b................................. [TRUNCATED]
2025-12-29 20:08:45.196 | DEBUG    | 💓 Heartbeat recebido: seq=18
2025-12-29 20:08:45.197 | DEBUG    | 💓 Heartbeat recebido (seq=18)
2025-12-29 20:08:50.195 | INFO     | [OP-20251229_200730-0020] NOTIFICATION | Remote: E0:D3:62:D6:EE:A0 | Char: 12340001-0000-1000-8000-00805f9b34fb | Data: 158 bytes | Hex: 468a1b10818f4604a993da62bf8362a2468a1b10818f4604a993da62bf8362a20201000000130000000000000000000000000000000000000000000000000000 | ASCII: F.....F....b..b.F.....F....b..b................................. [TRUNCATED]
2025-12-29 20:08:50.196 | DEBUG    | 💓 Heartbeat recebido: seq=19
2025-12-29 20:08:50.197 | DEBUG    | 💓 Heartbeat recebido (seq=19)
2025-12-29 20:08:55.195 | INFO     | [OP-20251229_200730-0021] NOTIFICATION | Remote: E0:D3:62:D6:EE:A0 | Char: 12340001-0000-1000-8000-00805f9b34fb | Data: 158 bytes | Hex: 468a1b10818f4604a993da62bf8362a2468a1b10818f4604a993da62bf8362a20201000000140000000000000000000000000000000000000000000000000000 | ASCII: F.....F....b..b.F.....F....b..b................................. [TRUNCATED]
2025-12-29 20:08:55.196 | DEBUG    | 💓 Heartbeat recebido: seq=20
2025-12-29 20:08:55.197 | DEBUG    | 💓 Heartbeat recebido (seq=20)
2025-12-29 20:08:59.862 | INFO     | Comando stop_heartbeat enviado
2025-12-29 20:09:00.195 | INFO     | [OP-20251229_200730-0022] NOTIFICATION | Remote: E0:D3:62:D6:EE:A0 | Char: 12340001-0000-1000-8000-00805f9b34fb | Data: 158 bytes | Hex: 468a1b10818f4604a993da62bf8362a2468a1b10818f4604a993da62bf8362a20201000000150000000000000000000000000000000000000000000000000000 | ASCII: F.....F....b..b.F.....F....b..b................................. [TRUNCATED]
2025-12-29 20:09:00.196 | DEBUG    | 💓 Heartbeat recebido: seq=21
2025-12-29 20:09:00.196 | DEBUG    | 💓 Heartbeat recebido (seq=21)
2025-12-29 20:09:05.195 | INFO     | [OP-20251229_200730-0023] NOTIFICATION | Remote: E0:D3:62:D6:EE:A0 | Char: 12340001-0000-1000-8000-00805f9b34fb | Data: 158 bytes | Hex: 468a1b10818f4604a993da62bf8362a2468a1b10818f4604a993da62bf8362a20201000000160000000000000000000000000000000000000000000000000000 | ASCII: F.....F....b..b.F.....F....b..b................................. [TRUNCATED]
2025-12-29 20:09:05.196 | DEBUG    | 💓 Heartbeat recebido: seq=22
2025-12-29 20:09:05.197 | DEBUG    | 💓 Heartbeat recebido (seq=22)
2025-12-29 20:09:10.195 | INFO     | [OP-20251229_200730-0024] NOTIFICATION | Remote: E0:D3:62:D6:EE:A0 | Char: 12340001-0000-1000-8000-00805f9b34fb | Data: 158 bytes | Hex: 468a1b10818f4604a993da62bf8362a2468a1b10818f4604a993da62bf8362a20201000000170000000000000000000000000000000000000000000000000000 | ASCII: F.....F....b..b.F.....F....b..b................................. [TRUNCATED]
2025-12-29 20:09:10.196 | DEBUG    | 💓 Heartbeat recebido: seq=23
2025-12-29 20:09:10.197 | DEBUG    | 💓 Heartbeat recebido (seq=23)
2025-12-29 20:09:15.193 | INFO     | [OP-20251229_200730-0025] NOTIFICATION | Remote: E0:D3:62:D6:EE:A0 | Char: 12340001-0000-1000-8000-00805f9b34fb | Data: 158 bytes | Hex: 468a1b10818f4604a993da62bf8362a2468a1b10818f4604a993da62bf8362a20201000000180000000000000000000000000000000000000000000000000000 | ASCII: F.....F....b..b.F.....F....b..b................................. [TRUNCATED]
2025-12-29 20:09:15.195 | DEBUG    | 💓 Heartbeat recebido: seq=24
2025-12-29 20:09:15.195 | DEBUG    | 💓 Heartbeat recebido (seq=24)
