2026-01-02 12:09:21.618 | INFO     | BLE Operation Logger iniciado: ble_operations_A08869B6F7D2_20260102_120921.log
2026-01-02 12:09:21.619 | INFO     | Scanner BLE iniciado: hci0 (A0:88:69:B6:F7:D2)
2026-01-02 12:09:21.619 | INFO     | BLE Client iniciado
2026-01-02 12:09:21.619 | DEBUG    | FragmentReassembler inicializado
2026-01-02 12:09:21.620 | INFO     | IoT Node inicializado (adapter=hci0)
2026-01-02 12:09:21.620 | INFO     | A configurar GATT Server...
2026-01-02 12:09:21.623 | INFO     | Application criada: /
2026-01-02 12:09:21.623 | INFO     | Service criado: /0 (UUID: 12340000-0000-1000-8000-00805f9b34fb, primary: True)
2026-01-02 12:09:21.624 | INFO     | A criar IoTNetworkService...
2026-01-02 12:09:21.624 | DEBUG    | Characteristic criada: /0/char0 (UUID: 12340001-0000-1000-8000-00805f9b34fb, flags: ['write', 'notify'])
2026-01-02 12:09:21.624 | INFO     | NetworkPacketCharacteristic criada
2026-01-02 12:09:21.625 | DEBUG    | Characteristic criada: /0/char1 (UUID: 12340002-0000-1000-8000-00805f9b34fb, flags: ['read'])
2026-01-02 12:09:21.626 | INFO     | DeviceInfoCharacteristic criada: NID=323b6aad..., type=node
2026-01-02 12:09:21.628 | DEBUG    | Characteristic criada: /0/char2 (UUID: 12340003-0000-1000-8000-00805f9b34fb, flags: ['read', 'notify'])
2026-01-02 12:09:21.629 | INFO     | NeighborTableCharacteristic criada
2026-01-02 12:09:21.632 | DEBUG    | Characteristic criada: /0/char3 (UUID: 12340004-0000-1000-8000-00805f9b34fb, flags: ['write', 'indicate'])
2026-01-02 12:09:21.632 | INFO     | AuthCharacteristic criada
2026-01-02 12:09:21.637 | DEBUG    | Characteristic adicionada a /0: /0/char0
2026-01-02 12:09:21.637 | DEBUG    | Characteristic adicionada a /0: /0/char1
2026-01-02 12:09:21.637 | DEBUG    | Characteristic adicionada a /0: /0/char2
2026-01-02 12:09:21.641 | DEBUG    | Characteristic adicionada a /0: /0/char3
2026-01-02 12:09:21.642 | INFO     | ✅ IoTNetworkService criado com sucesso!
2026-01-02 12:09:21.644 | INFO     | Service adicionado à aplicação: /0
2026-01-02 12:09:21.645 | DEBUG    | Packet callback definido
2026-01-02 12:09:21.645 | DEBUG    | Auth callback definido
2026-01-02 12:09:21.645 | INFO     | Advertisement criado: /org/bluez/iot/advertisement0 (type: peripheral)
2026-01-02 12:09:21.646 | INFO     | ✅ Service UUID adicionado ao advertising: 12340000-0000-1000-8000-00805f9b34fb
2026-01-02 12:09:21.646 | INFO     |    Lista atual de UUIDs: ['12340000-0000-1000-8000-00805f9b34fb']
2026-01-02 12:09:21.647 | DEBUG    | Local name definido: IoT-Node-323b6aad
2026-01-02 12:09:21.647 | DEBUG    | Manufacturer data adicionado: ID=65535
2026-01-02 12:09:21.647 | INFO     | ✅ GATT Server configurado
2026-01-02 12:09:21.647 | INFO     | A iniciar GATT Server...
2026-01-02 12:09:21.651 | INFO     | ✅ GATT Server iniciado em thread separada
2026-01-02 12:09:21.652 | INFO     | ✅ Node Device iniciado - CLI interativo pronto
2026-01-02 12:09:21.716 | DEBUG    | GetManagedObjects called
2026-01-02 12:09:21.717 | DEBUG    | GetManagedObjects returning 5 objects
2026-01-02 12:09:21.785 | INFO     | ✅ GATT application registada!
2026-01-02 12:09:21.786 | DEBUG    | GetAll called on /org/bluez/iot/advertisement0
2026-01-02 12:09:21.787 | INFO     | 📡 Advertising com ServiceUUIDs: ['12340000-0000-1000-8000-00805f9b34fb']
2026-01-02 12:09:21.885 | INFO     | ✅ Advertisement registado!
2026-01-02 12:09:25.766 | INFO     | A parar Node...
2026-01-02 12:09:25.767 | INFO     | A parar GATT Server...
2026-01-02 12:09:25.768 | INFO     | ✅ GATT Server parado
2026-01-02 12:09:25.769 | INFO     | ✅ Node parado
