2026-01-02 02:51:21.149 | INFO     | BLE Operation Logger iniciado: ble_operations_A08869B6F7D2_20260102_025121.log
2026-01-02 02:51:21.150 | INFO     | Scanner BLE iniciado: hci0 (A0:88:69:B6:F7:D2)
2026-01-02 02:51:21.151 | INFO     | BLE Client iniciado
2026-01-02 02:51:21.152 | DEBUG    | FragmentReassembler inicializado
2026-01-02 02:51:21.152 | INFO     | IoT Node inicializado (adapter=hci0)
2026-01-02 02:51:21.153 | INFO     | ============================================================
2026-01-02 02:51:21.153 | INFO     |   A iniciar IoT Node (dual-mode)
2026-01-02 02:51:21.154 | INFO     | ============================================================
2026-01-02 02:51:21.154 | INFO     | A configurar GATT Server...
2026-01-02 02:51:21.156 | INFO     | Application criada: /
2026-01-02 02:51:21.157 | INFO     | Service criado: /0 (UUID: 12340000-0000-1000-8000-00805f9b34fb, primary: True)
2026-01-02 02:51:21.159 | INFO     | A criar IoTNetworkService...
2026-01-02 02:51:21.159 | DEBUG    | Characteristic criada: /0/char0 (UUID: 12340001-0000-1000-8000-00805f9b34fb, flags: ['write', 'notify'])
2026-01-02 02:51:21.159 | INFO     | NetworkPacketCharacteristic criada
2026-01-02 02:51:21.160 | DEBUG    | Characteristic criada: /0/char1 (UUID: 12340002-0000-1000-8000-00805f9b34fb, flags: ['read'])
2026-01-02 02:51:21.160 | INFO     | DeviceInfoCharacteristic criada: NID=53a84472..., type=node
2026-01-02 02:51:21.160 | DEBUG    | Characteristic criada: /0/char2 (UUID: 12340003-0000-1000-8000-00805f9b34fb, flags: ['read', 'notify'])
2026-01-02 02:51:21.161 | INFO     | NeighborTableCharacteristic criada
2026-01-02 02:51:21.161 | DEBUG    | Characteristic criada: /0/char3 (UUID: 12340004-0000-1000-8000-00805f9b34fb, flags: ['write', 'indicate'])
2026-01-02 02:51:21.161 | INFO     | AuthCharacteristic criada
2026-01-02 02:51:21.162 | DEBUG    | Characteristic adicionada a /0: /0/char0
2026-01-02 02:51:21.163 | DEBUG    | Characteristic adicionada a /0: /0/char1
2026-01-02 02:51:21.163 | DEBUG    | Characteristic adicionada a /0: /0/char2
2026-01-02 02:51:21.163 | DEBUG    | Characteristic adicionada a /0: /0/char3
2026-01-02 02:51:21.163 | INFO     | ✅ IoTNetworkService criado com sucesso!
2026-01-02 02:51:21.164 | INFO     | Service adicionado à aplicação: /0
2026-01-02 02:51:21.165 | DEBUG    | Packet callback definido
2026-01-02 02:51:21.165 | DEBUG    | Auth callback definido
2026-01-02 02:51:21.165 | INFO     | Advertisement criado: /org/bluez/iot/advertisement0 (type: peripheral)
2026-01-02 02:51:21.166 | INFO     | ✅ Service UUID adicionado ao advertising: 12340000-0000-1000-8000-00805f9b34fb
2026-01-02 02:51:21.167 | INFO     |    Lista atual de UUIDs: ['12340000-0000-1000-8000-00805f9b34fb']
2026-01-02 02:51:21.167 | DEBUG    | Local name definido: IoT-Node-53a84472
2026-01-02 02:51:21.167 | DEBUG    | Manufacturer data adicionado: ID=65535
2026-01-02 02:51:21.167 | INFO     | ✅ GATT Server configurado
2026-01-02 02:51:21.168 | INFO     | A iniciar GATT Server...
2026-01-02 02:51:21.171 | INFO     | ✅ GATT Server iniciado em thread separada
2026-01-02 02:51:21.173 | INFO     | ✅ GATT Server ativo - aguardando downlinks
2026-01-02 02:51:21.174 | INFO     | 🔍 A procurar Sink...
2026-01-02 02:51:21.176 | DEBUG    | GetManagedObjects called
2026-01-02 02:51:21.177 | DEBUG    | GetManagedObjects returning 5 objects
2026-01-02 02:51:21.174 | INFO     | A fazer scan BLE durante 5000ms...
2026-01-02 02:51:21.178 | INFO     | [OP-20260102_025121-0001] SCAN_START | Duration: 5000ms | Filter_IoT: True
2026-01-02 02:51:21.242 | INFO     | ✅ GATT application registada!
2026-01-02 02:51:21.243 | DEBUG    | GetAll called on /org/bluez/iot/advertisement0
2026-01-02 02:51:21.243 | INFO     | 📡 Advertising com ServiceUUIDs: ['12340000-0000-1000-8000-00805f9b34fb']
2026-01-02 02:51:21.354 | INFO     | ✅ Advertisement registado!
2026-01-02 02:51:26.351 | INFO     | Scan concluído: 0 dispositivos encontrados
2026-01-02 02:51:26.352 | INFO     | [OP-20260102_025121-0002] SCAN_RESULT | Devices_Found: 0
2026-01-02 02:51:26.353 | INFO     | Encontrados 0 dispositivos IoT
2026-01-02 02:51:26.353 | INFO     | A fazer scan BLE durante 5000ms...
2026-01-02 02:51:26.353 | INFO     | [OP-20260102_025121-0003] SCAN_START | Duration: 5000ms | Filter_IoT: True
2026-01-02 02:51:31.465 | DEBUG    |   Encontrado: IoT-Sink-c5c55ab2 (E0:D3:62:D6:EE:A0) RSSI: -51 dBm
2026-01-02 02:51:31.465 | INFO     | Scan concluído: 1 dispositivos encontrados
2026-01-02 02:51:31.466 | INFO     | [OP-20260102_025121-0004] SCAN_RESULT | Devices_Found: 1
2026-01-02 02:51:31.467 | DEBUG    | [OP-20260102_025121-0004]   Device_1: Name: IoT-Sink-c5c55ab2 | Address: E0:D3:62:D6:EE:A0 | RSSI: -51 dBm | Services: 1
2026-01-02 02:51:31.468 | INFO     | Encontrados 1 dispositivos IoT
2026-01-02 02:51:31.469 | DEBUG    |   Device: IoT-Sink-c5c55ab2 (E0:D3:62:D6:EE:A0) RSSI: -51 dBm
2026-01-02 02:51:31.469 | DEBUG    |     Type=0, HopCount=255
2026-01-02 02:51:31.469 | INFO     | ✅ Sink encontrado: IoT-Sink-c5c55ab2 (E0:D3:62:D6:EE:A0) RSSI: -51 dBm
2026-01-02 02:51:31.470 | INFO     | A conectar ao Sink E0:D3:62:D6:EE:A0...
2026-01-02 02:51:31.471 | DEBUG    | BLEConnection criada para E0:D3:62:D6:EE:A0
2026-01-02 02:51:31.472 | INFO     | A conectar a E0:D3:62:D6:EE:A0...
2026-01-02 02:51:31.473 | INFO     | [OP-20260102_025121-0005] CONNECT_ATTEMPT | Local: A0:88:69:B6:F7:D2 | Remote: E0:D3:62:D6:EE:A0
2026-01-02 02:51:35.127 | INFO     | ✅ Conectado a E0:D3:62:D6:EE:A0
2026-01-02 02:51:35.129 | INFO     | [OP-20260102_025121-0006] CONNECT_SUCCESS | Remote: E0:D3:62:D6:EE:A0 | Time: 3648.93ms
2026-01-02 02:51:35.130 | DEBUG    | ✅ Conexão estabelecida. Operações GATT usarão D-Bus se necessário.
2026-01-02 02:51:35.131 | INFO     | ✅ Conectado ao Sink via GATT
2026-01-02 02:51:35.134 | DEBUG    | Descobertos 4 serviços
2026-01-02 02:51:35.138 | DEBUG    | Serviço 12340000-0000-1000-8000-00805f9b34fb encontrado
2026-01-02 02:51:35.139 | INFO     | ✅ Serviço IoT Network encontrado
2026-01-02 02:51:35.140 | INFO     | A subscrever a notificações...
2026-01-02 02:51:35.663 | INFO     | ✅ Subscrito a notificações: 12340001-0000-1000-8000-00805f9b34fb
2026-01-02 02:51:35.665 | INFO     | [OP-20260102_025121-0007] SUBSCRIBE_SUCCESS | Remote: E0:D3:62:D6:EE:A0 | Char: 12340001-0000-1000-8000-00805f9b34fb
2026-01-02 02:51:35.666 | INFO     | ✅ Subscrito a NETWORK_PACKET
2026-01-02 02:51:35.667 | DEBUG    | [OP-20260102_025121-0008] READ_REQUEST | Remote: E0:D3:62:D6:EE:A0 | Service: 12340000-0000-1000-8000-00805f9b34fb | Char: 12340002-0000-1000-8000-00805f9b34fb
2026-01-02 02:51:35.762 | DEBUG    | Read 12340002-0000-1000-8000-00805f9b34fb: 18 bytes
2026-01-02 02:51:35.763 | INFO     | [OP-20260102_025121-0009] READ_RESPONSE | Remote: E0:D3:62:D6:EE:A0 | Char: 12340002-0000-1000-8000-00805f9b34fb | Data: 18 bytes | Hex: c5c55ab2c469427db40fbf51ab0af380ff01 | ASCII: ..Z..iB}...Q......
2026-01-02 02:51:35.764 | INFO     | ✅ Conectado ao Sink - hop_count=0
2026-01-02 02:51:35.766 | DEBUG    | Manufacturer data adicionado: ID=65535
2026-01-02 02:51:35.766 | DEBUG    | Advertisement atualizado: hop_count=0
2026-01-02 02:51:35.766 | INFO     | 🔐 A iniciar autenticação com Sink...
2026-01-02 02:51:35.767 | DEBUG    | 📡 A subscrever a AUTH characteristic...
2026-01-02 02:51:35.863 | INFO     | ✅ Subscrito a notificações: 12340004-0000-1000-8000-00805f9b34fb
2026-01-02 02:51:35.864 | INFO     | [OP-20260102_025121-0010] SUBSCRIBE_SUCCESS | Remote: E0:D3:62:D6:EE:A0 | Char: 12340004-0000-1000-8000-00805f9b34fb
2026-01-02 02:51:35.864 | DEBUG    | ✅ Subscrito a AUTH indications
2026-01-02 02:51:35.864 | INFO     | AuthenticationProtocol inicializado para 53a84472...
2026-01-02 02:51:35.865 | INFO     | 📤 Enviando certificado...
2026-01-02 02:51:35.866 | INFO     | 🔐 Iniciando autenticação - enviando certificado...
2026-01-02 02:51:35.866 | INFO     |    Certificado: 887 bytes
2026-01-02 02:51:35.867 | DEBUG    |    Estado: IDLE → CERT_SENT
2026-01-02 02:51:35.867 | INFO     | Fragmentando mensagem de 890 bytes em 5 fragmentos
2026-01-02 02:51:35.867 | DEBUG    |   Fragmento 1/5: 180 bytes, flags=0x01
2026-01-02 02:51:35.867 | DEBUG    |   Fragmento 2/5: 180 bytes, flags=0x00
2026-01-02 02:51:35.868 | DEBUG    |   Fragmento 3/5: 180 bytes, flags=0x00
2026-01-02 02:51:35.868 | DEBUG    |   Fragmento 4/5: 180 bytes, flags=0x00
2026-01-02 02:51:35.868 | DEBUG    |   Fragmento 5/5: 170 bytes, flags=0x02
2026-01-02 02:51:35.868 | DEBUG    | Enviando mensagem auth: 890 bytes em 5 fragmento(s)
2026-01-02 02:51:35.869 | INFO     | [OP-20260102_025121-0011] WRITE_REQUEST | Remote: E0:D3:62:D6:EE:A0 | Char: 12340004-0000-1000-8000-00805f9b34fb | Data: 183 bytes | Hex: 0100050103772d2d2d2d2d424547494e2043455254494649434154452d2d2d2d2d0a4d4949435954434341634b674177494241674955657479325a6c55354642 | ASCII: .....w-----BEGIN CERTIFICATE-----.MIICYTCCAcKgAwIBAgIUety2ZlU5FB [TRUNCATED]
2026-01-02 02:51:36.012 | DEBUG    | ✅ Write via SimpleBLE: 12340004-0000-1000-8000-00805f9b34fb (183 bytes)
2026-01-02 02:51:36.012 | INFO     | [OP-20260102_025121-0012] WRITE_SUCCESS | Remote: E0:D3:62:D6:EE:A0 | Char: 12340004-0000-1000-8000-00805f9b34fb
2026-01-02 02:51:36.013 | DEBUG    |   Fragmento 1/5 enviado
2026-01-02 02:51:36.114 | INFO     | [OP-20260102_025121-0013] WRITE_REQUEST | Remote: E0:D3:62:D6:EE:A0 | Char: 12340004-0000-1000-8000-00805f9b34fb | Data: 183 bytes | Hex: 0001054d446b6c765643424f5a58523362334a7249454e424d423458445449314d5449794f54497a4e44517a4d6c6f580a44544d314d5449794e7a497a4e4451 | ASCII: ...MDklvVCBOZXR3b3JrIENBMB4XDTI1MTIyOTIzNDQzMloX.DTM1MTIyNzIzNDQ [TRUNCATED]
2026-01-02 02:51:36.262 | DEBUG    | ✅ Write via SimpleBLE: 12340004-0000-1000-8000-00805f9b34fb (183 bytes)
2026-01-02 02:51:36.262 | INFO     | [OP-20260102_025121-0014] WRITE_SUCCESS | Remote: E0:D3:62:D6:EE:A0 | Char: 12340004-0000-1000-8000-00805f9b34fb
2026-01-02 02:51:36.263 | DEBUG    |   Fragmento 2/5 enviado
2026-01-02 02:51:36.365 | INFO     | [OP-20260102_025121-0015] WRITE_REQUEST | Remote: E0:D3:62:D6:EE:A0 | Char: 12340004-0000-1000-8000-00805f9b34fb | Data: 183 bytes | Hex: 000205675a7377454159484b6f5a497a6a3043415159464b34454541434d44675959414241456a5a664e4f582f456157716c626755424372633971676b43350a | ASCII: ...gZswEAYHKoZIzj0CAQYFK4EEACMDgYYABAEjZfNOX/EaWqlbgUBCrc9qgkC5. [TRUNCATED]
2026-01-02 02:51:36.512 | DEBUG    | ✅ Write via SimpleBLE: 12340004-0000-1000-8000-00805f9b34fb (183 bytes)
2026-01-02 02:51:36.512 | INFO     | [OP-20260102_025121-0016] WRITE_SUCCESS | Remote: E0:D3:62:D6:EE:A0 | Char: 12340004-0000-1000-8000-00805f9b34fb
2026-01-02 02:51:36.513 | DEBUG    |   Fragmento 3/5 enviado
2026-01-02 02:51:36.614 | INFO     | [OP-20260102_025121-0017] WRITE_REQUEST | Remote: E0:D3:62:D6:EE:A0 | Char: 12340004-0000-1000-8000-00805f9b34fb | Data: 183 bytes | Hex: 000305322b7557522b624835560a3147525a7964677179532f365a50456b4778617937714d344d44597744415944565230544151482f424149774144414f4267 | ASCII: ...2+uWR+bH5V.1GRZydgqyS/6ZPEkGxay7qM4MDYwDAYDVR0TAQH/BAIwADAOBg [TRUNCATED]
2026-01-02 02:51:36.762 | DEBUG    | ✅ Write via SimpleBLE: 12340004-0000-1000-8000-00805f9b34fb (183 bytes)
2026-01-02 02:51:36.762 | INFO     | [OP-20260102_025121-0018] WRITE_SUCCESS | Remote: E0:D3:62:D6:EE:A0 | Char: 12340004-0000-1000-8000-00805f9b34fb
2026-01-02 02:51:36.763 | DEBUG    |   Fragmento 4/5 enviado
2026-01-02 02:51:36.865 | INFO     | [OP-20260102_025121-0019] WRITE_REQUEST | Remote: E0:D3:62:D6:EE:A0 | Char: 12340004-0000-1000-8000-00805f9b34fb | Data: 173 bytes | Hex: 0204057a4233785053466831484d2f79427553464f702f794b5767580a69446f397832696f457134374b4e51567878794859475143516744444c625662666e58 | ASCII: ...zB3xPSFh1HM/yBuSFOp/yKWgX.iDo9x2ioEq47KNQVxxyHYGQCQgDDLbVbfnX [TRUNCATED]
2026-01-02 02:51:37.012 | DEBUG    | ✅ Write via SimpleBLE: 12340004-0000-1000-8000-00805f9b34fb (173 bytes)
2026-01-02 02:51:37.012 | INFO     | [OP-20260102_025121-0020] WRITE_SUCCESS | Remote: E0:D3:62:D6:EE:A0 | Char: 12340004-0000-1000-8000-00805f9b34fb
2026-01-02 02:51:37.013 | DEBUG    |   Fragmento 5/5 enviado
2026-01-02 02:51:37.013 | INFO     | [OP-20260102_025121-0021] NOTIFICATION | Remote: E0:D3:62:D6:EE:A0 | Char: 12340004-0000-1000-8000-00805f9b34fb | Data: 183 bytes | Hex: 0100060203b00000038c2d2d2d2d2d424547494e2043455254494649434154452d2d2d2d2d0a4d4949436344434341644767417749424167495558355a615754 | ASCII: ..........-----BEGIN CERTIFICATE-----.MIICcDCCAdGgAwIBAgIUX5ZaWT [TRUNCATED]
2026-01-02 02:51:37.014 | DEBUG    | 🔐 AUTH indication recebida: 183 bytes
2026-01-02 02:51:37.014 | DEBUG    | Fragmento recebido: seq=0, total=6, payload=180 bytes, flags=0x01
2026-01-02 02:51:37.014 | INFO     | Iniciando recepção de 6 fragmentos
2026-01-02 02:51:37.015 | DEBUG    | Fragmento 1/6 armazenado (1 de 6 recebidos)
2026-01-02 02:51:37.015 | DEBUG    | 🔐 Aguardando mais fragmentos AUTH...
2026-01-02 02:51:37.063 | INFO     | [OP-20260102_025121-0022] NOTIFICATION | Remote: E0:D3:62:D6:EE:A0 | Char: 12340001-0000-1000-8000-00805f9b34fb | Data: 158 bytes | Hex: c5c55ab2c469427db40fbf51ab0af380c5c55ab2c469427db40fbf51ab0af3800201000000053e82bd13714e410772a40ca5a39820ee59182ed13f422f0028ba | ASCII: ..Z..iB}...Q......Z..iB}...Q..........>...qNA.r..... .Y...?B/.(. [TRUNCATED]
2026-01-02 02:51:37.064 | INFO     | Sink NID identificado: c5c55ab2...
2026-01-02 02:51:37.064 | DEBUG    | Novo source c5c55ab2...: seq=5 (primeiro pacote)
2026-01-02 02:51:37.064 | DEBUG    | 💓 Heartbeat recebido (seq=5, age=0.14s)
2026-01-02 02:51:37.113 | INFO     | [OP-20260102_025121-0023] NOTIFICATION | Remote: E0:D3:62:D6:EE:A0 | Char: 12340004-0000-1000-8000-00805f9b34fb | Data: 183 bytes | Hex: 0001065642414d4d446b6c765643424f5a58523362334a7249454e424d423458445449314d54497a4d4441784e446b794e466f580a44544d314d5449794f4441 | ASCII: ...VBAMMDklvVCBOZXR3b3JrIENBMB4XDTI1MTIzMDAxNDkyNFoX.DTM1MTIyODA [TRUNCATED]
2026-01-02 02:51:37.113 | DEBUG    | 🔐 AUTH indication recebida: 183 bytes
2026-01-02 02:51:37.114 | DEBUG    | Fragmento recebido: seq=1, total=6, payload=180 bytes, flags=0x00
2026-01-02 02:51:37.114 | DEBUG    | Fragmento 2/6 armazenado (2 de 6 recebidos)
2026-01-02 02:51:37.114 | DEBUG    | 🔐 Aguardando mais fragmentos AUTH...
2026-01-02 02:51:37.114 | DEBUG    | Autenticação round 1/10
2026-01-02 02:51:37.220 | INFO     | [OP-20260102_025121-0024] NOTIFICATION | Remote: E0:D3:62:D6:EE:A0 | Char: 12340004-0000-1000-8000-00805f9b34fb | Data: 183 bytes | Hex: 0002064f4441784454414c42674e564241734d42464e70626d7377675a7377454159484b6f5a497a6a3043415159464b34454541434d44675959414241423243 | ASCII: ...ODAxDTALBgNVBAsMBFNpbmswgZswEAYHKoZIzj0CAQYFK4EEACMDgYYABAB2C [TRUNCATED]
2026-01-02 02:51:37.221 | DEBUG    | 🔐 AUTH indication recebida: 183 bytes
2026-01-02 02:51:37.221 | DEBUG    | Fragmento recebido: seq=2, total=6, payload=180 bytes, flags=0x00
2026-01-02 02:51:37.222 | DEBUG    | Fragmento 3/6 armazenado (3 de 6 recebidos)
2026-01-02 02:51:37.222 | DEBUG    | 🔐 Aguardando mais fragmentos AUTH...
2026-01-02 02:51:37.318 | INFO     | [OP-20260102_025121-0025] NOTIFICATION | Remote: E0:D3:62:D6:EE:A0 | Char: 12340004-0000-1000-8000-00805f9b34fb | Data: 183 bytes | Hex: 0003064569796e614b424c72536939516e0a695050563154362b33326e30466d39562b30376a33567052686c5941467a615036443374536d386647364d344d44 | ASCII: ...EiynaKBLrSi9Qn.iPPV1T6+32n0Fm9V+07j3VpRhlYAFzaP6D3tSm8fG6M4MD [TRUNCATED]
2026-01-02 02:51:37.319 | DEBUG    | 🔐 AUTH indication recebida: 183 bytes
2026-01-02 02:51:37.319 | DEBUG    | Fragmento recebido: seq=3, total=6, payload=180 bytes, flags=0x00
2026-01-02 02:51:37.319 | DEBUG    | Fragmento 4/6 armazenado (4 de 6 recebidos)
2026-01-02 02:51:37.320 | DEBUG    | 🔐 Aguardando mais fragmentos AUTH...
2026-01-02 02:51:37.417 | INFO     | [OP-20260102_025121-0026] NOTIFICATION | Remote: E0:D3:62:D6:EE:A0 | Char: 12340004-0000-1000-8000-00805f9b34fb | Data: 183 bytes | Hex: 0004067a3743426962455851666c4c564a2b47464b772f37666f5935637655610a6d4c435933457041355152552f3439457676693132312b346c556c4361684d | ASCII: ...z7CBibEXQflLVJ+GFKw/7foY5cvUa.mLCY3EpA5QRU/49Evvi121+4lUlCahM [TRUNCATED]
2026-01-02 02:51:37.419 | DEBUG    | 🔐 AUTH indication recebida: 183 bytes
2026-01-02 02:51:37.419 | DEBUG    | Fragmento recebido: seq=4, total=6, payload=180 bytes, flags=0x00
2026-01-02 02:51:37.419 | DEBUG    | Fragmento 5/6 armazenado (5 de 6 recebidos)
2026-01-02 02:51:37.419 | DEBUG    | 🔐 Aguardando mais fragmentos AUTH...
2026-01-02 02:51:37.513 | INFO     | [OP-20260102_025121-0027] NOTIFICATION | Remote: E0:D3:62:D6:EE:A0 | Char: 12340004-0000-1000-8000-00805f9b34fb | Data: 50 bytes | Hex: 0205065254494649434154452d2d2d2d2d0a7495c327f64fc9fc7c72c6eb1de84a9f8238d25f67e86eff2d887dc41c1ad832 | ASCII: ...RTIFICATE-----.t..'.O..|r....J..8._g.n.-.}....2
2026-01-02 02:51:37.516 | DEBUG    | 🔐 AUTH indication recebida: 50 bytes
2026-01-02 02:51:37.517 | DEBUG    | Fragmento recebido: seq=5, total=6, payload=47 bytes, flags=0x02
2026-01-02 02:51:37.517 | DEBUG    | Fragmento 6/6 armazenado (6 de 6 recebidos)
2026-01-02 02:51:37.517 | INFO     | ✅ Mensagem reconstruída: 947 bytes (6 fragmentos)
2026-01-02 02:51:37.518 | DEBUG    | FragmentReassembler resetado
2026-01-02 02:51:37.519 | DEBUG    | 🔐 AUTH mensagem completa: 947 bytes
2026-01-02 02:51:37.615 | DEBUG    | Resposta auth lida do buffer: 947 bytes
2026-01-02 02:51:37.616 | DEBUG    | 📨 Recebido: AuthMessage(type=CHALLENGE, payload=944 bytes)
2026-01-02 02:51:37.616 | INFO     | 🎲 Challenge recebido - processando certificado + challenge...
2026-01-02 02:51:37.617 | INFO     | 📜 Extraindo certificado do peer do payload...
2026-01-02 02:51:37.622 | DEBUG    | ✅ Assinatura da CA válida
2026-01-02 02:51:37.623 | DEBUG    | ✅ Certificado válido temporalmente (expira em 2035-12-28 01:49:24+00:00)
2026-01-02 02:51:37.625 | INFO     | ✅ Certificado validado com sucesso
2026-01-02 02:51:37.627 | INFO     | ✅ Certificado do peer validado!
2026-01-02 02:51:37.630 | INFO     |    Peer NID: c5c55ab2...
2026-01-02 02:51:37.633 | INFO     |    Peer tipo: SINK
2026-01-02 02:51:37.636 | DEBUG    |    Challenge: 7495c327f64fc9fc7c72c6eb1de84a9f...
2026-01-02 02:51:37.639 | INFO     | ✍️  Response gerada: 139 bytes
2026-01-02 02:51:37.641 | DEBUG    |    Estado: CHALLENGE_RECEIVED
2026-01-02 02:51:37.641 | DEBUG    | 📤 Enviando resposta (142 bytes)
2026-01-02 02:51:37.642 | DEBUG    | Mensagem pequena (142 bytes), 1 fragmento
2026-01-02 02:51:37.642 | DEBUG    | Enviando mensagem auth: 142 bytes em 1 fragmento(s)
2026-01-02 02:51:37.643 | INFO     | [OP-20260102_025121-0028] WRITE_REQUEST | Remote: E0:D3:62:D6:EE:A0 | Char: 12340004-0000-1000-8000-00805f9b34fb | Data: 145 bytes | Hex: 03000103008b3081880242010dfa8b2ba34763a2f7e773c45d83e082bf08af4b3789e5eadfa7a2386a77f3b883e74c79ddc8f5f745773da84dc9ceface092f42 | ASCII: ......0...B....+.Gc...s.]......K7......8jw....Ly....Ew=.M...../B [TRUNCATED]
2026-01-02 02:51:37.716 | DEBUG    | ✅ Write via SimpleBLE: 12340004-0000-1000-8000-00805f9b34fb (145 bytes)
2026-01-02 02:51:37.716 | INFO     | [OP-20260102_025121-0029] WRITE_SUCCESS | Remote: E0:D3:62:D6:EE:A0 | Char: 12340004-0000-1000-8000-00805f9b34fb
2026-01-02 02:51:37.719 | DEBUG    |   Fragmento 1/1 enviado
2026-01-02 02:51:37.722 | DEBUG    | Autenticação round 2/10
2026-01-02 02:51:37.716 | INFO     | [OP-20260102_025121-0030] NOTIFICATION | Remote: E0:D3:62:D6:EE:A0 | Char: 12340004-0000-1000-8000-00805f9b34fb | Data: 6 bytes | Hex: 030001040000 | ASCII: ......
2026-01-02 02:51:37.723 | DEBUG    | 🔐 AUTH indication recebida: 6 bytes
2026-01-02 02:51:37.723 | DEBUG    | Fragmento recebido: seq=0, total=1, payload=3 bytes, flags=0x03
2026-01-02 02:51:37.724 | INFO     | Iniciando recepção de 1 fragmentos
2026-01-02 02:51:37.724 | DEBUG    | Fragmento 1/1 armazenado (1 de 1 recebidos)
2026-01-02 02:51:37.724 | INFO     | ✅ Mensagem reconstruída: 3 bytes (1 fragmentos)
2026-01-02 02:51:37.726 | DEBUG    | FragmentReassembler resetado
2026-01-02 02:51:37.726 | DEBUG    | 🔐 AUTH mensagem completa: 3 bytes
2026-01-02 02:51:38.223 | DEBUG    | Resposta auth lida do buffer: 3 bytes
2026-01-02 02:51:38.223 | DEBUG    | 📨 Recebido: AuthMessage(type=AUTH_SUCCESS, payload=0 bytes)
2026-01-02 02:51:38.223 | INFO     | ✅ Peer confirmou autenticação bem sucedida!
2026-01-02 02:51:38.224 | INFO     | ✅ Autenticação bem-sucedida!
2026-01-02 02:51:38.263 | DEBUG    | 🔑 Session key derivada: 32 bytes
2026-01-02 02:51:38.263 | INFO     | 🔑 Session key estabelecida
2026-01-02 02:51:38.264 | INFO     | ============================================================
2026-01-02 02:51:38.265 | INFO     | ✅ Node pronto! Uplink conectado (hop=0)
2026-01-02 02:51:38.265 | INFO     | ============================================================
2026-01-02 02:51:42.019 | INFO     | [OP-20260102_025121-0031] NOTIFICATION | Remote: E0:D3:62:D6:EE:A0 | Char: 12340001-0000-1000-8000-00805f9b34fb | Data: 158 bytes | Hex: c5c55ab2c469427db40fbf51ab0af380c5c55ab2c469427db40fbf51ab0af38002010000000699d1c75811824460a3f956a91d9329b6b78d346e917b1caf374d | ASCII: ..Z..iB}...Q......Z..iB}...Q.............X..D`..V...)...4n.{..7M [TRUNCATED]
2026-01-02 02:51:42.020 | DEBUG    | Source c5c55ab2...: seq=6 (novo highest, window: 2 seqs)
2026-01-02 02:51:42.021 | ERROR    | ❌ MAC inválido em heartbeat!
2026-01-02 02:51:47.018 | INFO     | [OP-20260102_025121-0032] NOTIFICATION | Remote: E0:D3:62:D6:EE:A0 | Char: 12340001-0000-1000-8000-00805f9b34fb | Data: 158 bytes | Hex: c5c55ab2c469427db40fbf51ab0af380c5c55ab2c469427db40fbf51ab0af380020100000007d56d34945a65b99607a8d50a026f46a8c77cd00835b8a025e2ee | ASCII: ..Z..iB}...Q......Z..iB}...Q...........m4.Ze.......oF..|..5..%.. [TRUNCATED]
2026-01-02 02:51:47.019 | DEBUG    | Source c5c55ab2...: seq=7 (novo highest, window: 3 seqs)
2026-01-02 02:51:47.020 | ERROR    | ❌ MAC inválido em heartbeat!
2026-01-02 02:51:47.267 | WARNING  | ⚠️  Sem heartbeat há 10.2s (último seq=5)
2026-01-02 02:51:48.268 | WARNING  | ⚠️  Sem heartbeat há 11.2s (último seq=5)
2026-01-02 02:51:49.269 | WARNING  | ⚠️  Sem heartbeat há 12.2s (último seq=5)
2026-01-02 02:51:50.270 | WARNING  | ⚠️  Sem heartbeat há 13.2s (último seq=5)
2026-01-02 02:51:51.271 | WARNING  | ⚠️  Sem heartbeat há 14.2s (último seq=5)
2026-01-02 02:51:52.021 | INFO     | [OP-20260102_025121-0033] NOTIFICATION | Remote: E0:D3:62:D6:EE:A0 | Char: 12340001-0000-1000-8000-00805f9b34fb | Data: 158 bytes | Hex: c5c55ab2c469427db40fbf51ab0af380c5c55ab2c469427db40fbf51ab0af380020100000008ce6ca50d7012633be2e97ce453276defddfc03820350a6146782 | ASCII: ..Z..iB}...Q......Z..iB}...Q...........l..p.c;..|.S'm......P..g. [TRUNCATED]
2026-01-02 02:51:52.024 | DEBUG    | Source c5c55ab2...: seq=8 (novo highest, window: 4 seqs)
2026-01-02 02:51:52.025 | ERROR    | ❌ MAC inválido em heartbeat!
2026-01-02 02:51:52.272 | WARNING  | ⚠️  Sem heartbeat há 15.2s (último seq=5)
2026-01-02 02:51:53.273 | WARNING  | ⚠️  Sem heartbeat há 16.2s (último seq=5)
2026-01-02 02:51:54.275 | WARNING  | ⚠️  Sem heartbeat há 17.2s (último seq=5)
2026-01-02 02:51:55.276 | WARNING  | ⚠️  Sem heartbeat há 18.2s (último seq=5)
2026-01-02 02:51:55.984 | INFO     | 
Sinal 2 recebido, a parar...
2026-01-02 02:51:55.985 | INFO     | A parar Node...
2026-01-02 02:51:55.986 | INFO     | A parar GATT Server...
2026-01-02 02:51:55.987 | INFO     | ✅ GATT Server parado
2026-01-02 02:51:58.273 | INFO     | Desconectado de E0:D3:62:D6:EE:A0
2026-01-02 02:51:58.274 | INFO     | [OP-20260102_025121-0034] DISCONNECT | Remote: E0:D3:62:D6:EE:A0 | Reason: normal
2026-01-02 02:51:58.276 | INFO     | ✅ Node parado
2026-01-02 02:51:58.278 | WARNING  | ⚠️  Conexão perdida com Sink
2026-01-02 02:51:58.279 | INFO     | A parar Node...
2026-01-02 02:51:58.280 | INFO     | A parar GATT Server...
2026-01-02 02:51:58.281 | INFO     | ✅ GATT Server parado
2026-01-02 02:51:58.283 | INFO     | ✅ Node parado
