2026-01-04 04:14:05.682 | INFO     | BLE Operation Logger iniciado: ble_operations_5800E366747C_20260104_041405.log
2026-01-04 04:14:05.682 | INFO     | Scanner BLE iniciado: hci0 (58:00:E3:66:74:7C)
2026-01-04 04:14:05.682 | INFO     | BLE Client iniciado
2026-01-04 04:14:05.683 | DEBUG    | FragmentReassembler inicializado
2026-01-04 04:14:05.683 | INFO     | ReplayProtection iniciado (window_size=100)
2026-01-04 04:14:05.683 | INFO     | 🔀 Router Daemon inicializado para NID=a40543fa...
2026-01-04 04:14:05.684 | DEBUG    | ✅ Send callback configurado
2026-01-04 04:14:05.684 | DEBUG    | ✅ Handler registado para MessageType(1)
2026-01-04 04:14:05.684 | DEBUG    | ✅ Handler registado para MessageType(2)
2026-01-04 04:14:05.684 | INFO     | IoT Node inicializado (adapter=hci0)
2026-01-04 04:14:05.685 | INFO     | ✅ Router Daemon integrado
2026-01-04 04:14:05.685 | INFO     | A configurar GATT Server...
2026-01-04 04:14:05.686 | INFO     | Application criada: /
2026-01-04 04:14:05.687 | INFO     | Service criado: /0 (UUID: 12340000-0000-1000-8000-00805f9b34fb, primary: True)
2026-01-04 04:14:05.687 | INFO     | A criar IoTNetworkService...
2026-01-04 04:14:05.688 | DEBUG    | Characteristic criada: /0/char0 (UUID: 12340001-0000-1000-8000-00805f9b34fb, flags: ['write', 'notify'])
2026-01-04 04:14:05.688 | INFO     | NetworkPacketCharacteristic criada
2026-01-04 04:14:05.688 | DEBUG    | Characteristic criada: /0/char1 (UUID: 12340002-0000-1000-8000-00805f9b34fb, flags: ['read'])
2026-01-04 04:14:05.688 | INFO     | DeviceInfoCharacteristic criada: NID=a40543fa..., type=node
2026-01-04 04:14:05.689 | DEBUG    | Characteristic criada: /0/char2 (UUID: 12340003-0000-1000-8000-00805f9b34fb, flags: ['read', 'notify'])
2026-01-04 04:14:05.689 | INFO     | NeighborTableCharacteristic criada
2026-01-04 04:14:05.689 | DEBUG    | Characteristic criada: /0/char3 (UUID: 12340004-0000-1000-8000-00805f9b34fb, flags: ['write', 'indicate'])
2026-01-04 04:14:05.689 | INFO     | AuthCharacteristic criada
2026-01-04 04:14:05.690 | DEBUG    | Characteristic adicionada a /0: /0/char0
2026-01-04 04:14:05.690 | DEBUG    | Characteristic adicionada a /0: /0/char1
2026-01-04 04:14:05.690 | DEBUG    | Characteristic adicionada a /0: /0/char2
2026-01-04 04:14:05.690 | DEBUG    | Characteristic adicionada a /0: /0/char3
2026-01-04 04:14:05.690 | INFO     | ✅ IoTNetworkService criado com sucesso!
2026-01-04 04:14:05.691 | INFO     | Service adicionado à aplicação: /0
2026-01-04 04:14:05.691 | DEBUG    | Packet callback definido
2026-01-04 04:14:05.691 | DEBUG    | Auth callback definido
2026-01-04 04:14:05.691 | INFO     | Advertisement criado: /org/bluez/iot/advertisement0 (type: peripheral)
2026-01-04 04:14:05.691 | INFO     | ✅ Service UUID adicionado ao advertising: 12340000-0000-1000-8000-00805f9b34fb
2026-01-04 04:14:05.692 | INFO     |    Lista atual de UUIDs: ['12340000-0000-1000-8000-00805f9b34fb']
2026-01-04 04:14:05.693 | DEBUG    | Local name definido: IoT-Node-a40543fa
2026-01-04 04:14:05.693 | DEBUG    | Manufacturer data adicionado: ID=65535
2026-01-04 04:14:05.693 | INFO     | ✅ GATT Server configurado
2026-01-04 04:14:05.694 | INFO     | A iniciar GATT Server...
2026-01-04 04:14:05.698 | INFO     | ✅ GATT Server iniciado em thread separada
2026-01-04 04:14:05.699 | INFO     | ✅ Node Device iniciado - CLI interativo pronto
2026-01-04 04:14:05.701 | DEBUG    | GetManagedObjects called
2026-01-04 04:14:05.701 | DEBUG    | GetManagedObjects returning 5 objects
2026-01-04 04:14:05.704 | INFO     | ✅ GATT application registada!
2026-01-04 04:14:05.704 | DEBUG    | GetAll called on /org/bluez/iot/advertisement0
2026-01-04 04:14:05.704 | INFO     | 📡 Advertising com ServiceUUIDs: ['12340000-0000-1000-8000-00805f9b34fb']
2026-01-04 04:14:05.807 | INFO     | ✅ Advertisement registado!
2026-01-04 04:14:07.562 | INFO     | A fazer scan BLE durante 5000ms...
2026-01-04 04:14:07.563 | INFO     | [OP-20260104_041405-0001] SCAN_START | Duration: 5000ms | Filter_IoT: True
2026-01-04 04:14:12.579 | DEBUG    |   Encontrado: Unknown (E0:D3:62:D6:EE:A0) RSSI: -58 dBm
2026-01-04 04:14:12.580 | DEBUG    |   Encontrado: Unknown (E0:D3:62:D7:47:03) RSSI: -74 dBm
2026-01-04 04:14:12.580 | INFO     | Scan concluído: 2 dispositivos encontrados
2026-01-04 04:14:12.581 | INFO     | [OP-20260104_041405-0002] SCAN_RESULT | Devices_Found: 2
2026-01-04 04:14:12.581 | DEBUG    | [OP-20260104_041405-0002]   Device_1: Name: Unknown | Address: E0:D3:62:D6:EE:A0 | RSSI: -58 dBm | Services: 1
2026-01-04 04:14:12.581 | DEBUG    | [OP-20260104_041405-0002]   Device_2: Name: Unknown | Address: E0:D3:62:D7:47:03 | RSSI: -74 dBm | Services: 1
2026-01-04 04:14:12.581 | INFO     | A fazer scan BLE durante 5000ms...
2026-01-04 04:14:12.581 | INFO     | [OP-20260104_041405-0003] SCAN_START | Duration: 5000ms | Filter_IoT: True
2026-01-04 04:14:17.603 | DEBUG    |   Encontrado: Unknown (E0:D3:62:D7:47:03) RSSI: -62 dBm
2026-01-04 04:14:17.604 | INFO     | Scan concluído: 1 dispositivos encontrados
2026-01-04 04:14:17.605 | INFO     | [OP-20260104_041405-0004] SCAN_RESULT | Devices_Found: 1
2026-01-04 04:14:17.606 | DEBUG    | [OP-20260104_041405-0004]   Device_1: Name: Unknown | Address: E0:D3:62:D7:47:03 | RSSI: -62 dBm | Services: 1
2026-01-04 04:14:22.492 | INFO     | A conectar ao Sink E0:D3:62:D7:47:03...
2026-01-04 04:14:22.494 | DEBUG    | BLEConnection criada para E0:D3:62:D7:47:03
2026-01-04 04:14:22.494 | INFO     | A conectar a E0:D3:62:D7:47:03...
2026-01-04 04:14:22.495 | INFO     | [OP-20260104_041405-0005] CONNECT_ATTEMPT | Local: 58:00:E3:66:74:7C | Remote: E0:D3:62:D7:47:03
2026-01-04 04:14:26.486 | INFO     | ✅ Conectado a E0:D3:62:D7:47:03
2026-01-04 04:14:26.487 | INFO     | [OP-20260104_041405-0006] CONNECT_SUCCESS | Remote: E0:D3:62:D7:47:03 | Time: 3988.76ms
2026-01-04 04:14:26.487 | DEBUG    | ✅ Conexão estabelecida. Operações GATT usarão D-Bus se necessário.
2026-01-04 04:14:26.488 | INFO     | ✅ Conectado ao Sink via GATT
2026-01-04 04:14:26.489 | DEBUG    | Descobertos 4 serviços
2026-01-04 04:14:26.490 | DEBUG    | Serviço 12340000-0000-1000-8000-00805f9b34fb encontrado
2026-01-04 04:14:26.491 | INFO     | ✅ Serviço IoT Network encontrado
2026-01-04 04:14:26.491 | DEBUG    | 🔄 Timestamp de heartbeat resetado para nova conexão
2026-01-04 04:14:26.491 | INFO     | A subscrever a notificações...
2026-01-04 04:14:26.906 | INFO     | ✅ Subscrito a notificações: 12340001-0000-1000-8000-00805f9b34fb
2026-01-04 04:14:26.908 | INFO     | [OP-20260104_041405-0007] SUBSCRIBE_SUCCESS | Remote: E0:D3:62:D7:47:03 | Char: 12340001-0000-1000-8000-00805f9b34fb
2026-01-04 04:14:26.910 | INFO     | ✅ Subscrito a NETWORK_PACKET
2026-01-04 04:14:26.911 | DEBUG    | [OP-20260104_041405-0008] READ_REQUEST | Remote: E0:D3:62:D7:47:03 | Service: 12340000-0000-1000-8000-00805f9b34fb | Char: 12340002-0000-1000-8000-00805f9b34fb
2026-01-04 04:14:26.996 | DEBUG    | Read 12340002-0000-1000-8000-00805f9b34fb: 18 bytes
2026-01-04 04:14:26.997 | INFO     | [OP-20260104_041405-0009] READ_RESPONSE | Remote: E0:D3:62:D7:47:03 | Char: 12340002-0000-1000-8000-00805f9b34fb | Data: 18 bytes | Hex: 4e127252bd1a4c50860cf05dce3e7b17ff01 | ASCII: N.rR..LP...].>{...
2026-01-04 04:14:26.999 | INFO     | ✅ Conectado ao Sink - hop_count=0
2026-01-04 04:14:27.001 | INFO     | 🔐 A iniciar autenticação com Sink...
2026-01-04 04:14:27.003 | DEBUG    | 📡 A subscrever a AUTH characteristic...
2026-01-04 04:14:27.086 | INFO     | ✅ Subscrito a notificações: 12340004-0000-1000-8000-00805f9b34fb
2026-01-04 04:14:27.088 | INFO     | [OP-20260104_041405-0010] SUBSCRIBE_SUCCESS | Remote: E0:D3:62:D7:47:03 | Char: 12340004-0000-1000-8000-00805f9b34fb
2026-01-04 04:14:27.090 | DEBUG    | ✅ Subscrito a AUTH indications
2026-01-04 04:14:27.091 | INFO     | AuthenticationProtocol inicializado para a40543fa...
2026-01-04 04:14:27.093 | INFO     | 📤 Enviando certificado...
2026-01-04 04:14:27.094 | INFO     | 🔐 Iniciando autenticação - enviando certificado...
2026-01-04 04:14:27.097 | INFO     |    Certificado: 887 bytes
2026-01-04 04:14:27.099 | DEBUG    |    Estado: IDLE → CERT_SENT
2026-01-04 04:14:27.099 | INFO     | Fragmentando mensagem de 890 bytes em 5 fragmentos
2026-01-04 04:14:27.100 | DEBUG    |   Fragmento 1/5: 180 bytes, flags=0x01
2026-01-04 04:14:27.101 | DEBUG    |   Fragmento 2/5: 180 bytes, flags=0x00
2026-01-04 04:14:27.102 | DEBUG    |   Fragmento 3/5: 180 bytes, flags=0x00
2026-01-04 04:14:27.102 | DEBUG    |   Fragmento 4/5: 180 bytes, flags=0x00
2026-01-04 04:14:27.103 | DEBUG    |   Fragmento 5/5: 170 bytes, flags=0x02
2026-01-04 04:14:27.103 | DEBUG    | Enviando mensagem auth: 890 bytes em 5 fragmento(s)
2026-01-04 04:14:27.107 | INFO     | [OP-20260104_041405-0011] WRITE_REQUEST | Remote: E0:D3:62:D7:47:03 | Char: 12340004-0000-1000-8000-00805f9b34fb | Data: 183 bytes | Hex: 0100050103772d2d2d2d2d424547494e2043455254494649434154452d2d2d2d2d0a4d4949435954434341634b67417749424167495547784b34596a38596e6c | ASCII: .....w-----BEGIN CERTIFICATE-----.MIICYTCCAcKgAwIBAgIUGxK4Yj8Ynl [TRUNCATED]
2026-01-04 04:14:27.173 | DEBUG    | ✅ Write via SimpleBLE: 12340004-0000-1000-8000-00805f9b34fb (183 bytes)
2026-01-04 04:14:27.174 | INFO     | [OP-20260104_041405-0012] WRITE_SUCCESS | Remote: E0:D3:62:D7:47:03 | Char: 12340004-0000-1000-8000-00805f9b34fb
2026-01-04 04:14:27.175 | DEBUG    |   Fragmento 1/5 enviado
2026-01-04 04:14:27.278 | INFO     | [OP-20260104_041405-0013] WRITE_REQUEST | Remote: E0:D3:62:D7:47:03 | Char: 12340004-0000-1000-8000-00805f9b34fb | Data: 183 bytes | Hex: 0001054d446b6c765643424f5a58523362334a7249454e424d423458445449324d4445774e4441774e546b774e466f580a44544d324d4445774d6a41774e546b | ASCII: ...MDklvVCBOZXR3b3JrIENBMB4XDTI2MDEwNDAwNTkwNFoX.DTM2MDEwMjAwNTk [TRUNCATED]
2026-01-04 04:14:27.355 | DEBUG    | ✅ Write via SimpleBLE: 12340004-0000-1000-8000-00805f9b34fb (183 bytes)
2026-01-04 04:14:27.356 | INFO     | [OP-20260104_041405-0014] WRITE_SUCCESS | Remote: E0:D3:62:D7:47:03 | Char: 12340004-0000-1000-8000-00805f9b34fb
2026-01-04 04:14:27.357 | DEBUG    |   Fragmento 2/5 enviado
2026-01-04 04:14:27.461 | INFO     | [OP-20260104_041405-0015] WRITE_REQUEST | Remote: E0:D3:62:D7:47:03 | Char: 12340004-0000-1000-8000-00805f9b34fb | Data: 183 bytes | Hex: 000205675a7377454159484b6f5a497a6a3043415159464b34454541434d44675959414241466d4779734c45465a4953455936583562416f44472b4138332b0a | ASCII: ...gZswEAYHKoZIzj0CAQYFK4EEACMDgYYABAFmGysLEFZISEY6X5bAoDG+A83+. [TRUNCATED]
2026-01-04 04:14:27.533 | DEBUG    | ✅ Write via SimpleBLE: 12340004-0000-1000-8000-00805f9b34fb (183 bytes)
2026-01-04 04:14:27.534 | INFO     | [OP-20260104_041405-0016] WRITE_SUCCESS | Remote: E0:D3:62:D7:47:03 | Char: 12340004-0000-1000-8000-00805f9b34fb
2026-01-04 04:14:27.535 | DEBUG    |   Fragmento 3/5 enviado
2026-01-04 04:14:27.639 | INFO     | [OP-20260104_041405-0017] WRITE_REQUEST | Remote: E0:D3:62:D7:47:03 | Char: 12340004-0000-1000-8000-00805f9b34fb | Data: 183 bytes | Hex: 000305456d6d4654724a6148340a533231634d4f67325877557a6a54544e61754b3750714d344d44597744415944565230544151482f424149774144414f4267 | ASCII: ...EmmFTrJaH4.S21cMOg2XwUzjTTNauK7PqM4MDYwDAYDVR0TAQH/BAIwADAOBg [TRUNCATED]
2026-01-04 04:14:27.715 | DEBUG    | ✅ Write via SimpleBLE: 12340004-0000-1000-8000-00805f9b34fb (183 bytes)
2026-01-04 04:14:27.716 | INFO     | [OP-20260104_041405-0018] WRITE_SUCCESS | Remote: E0:D3:62:D7:47:03 | Char: 12340004-0000-1000-8000-00805f9b34fb
2026-01-04 04:14:27.718 | DEBUG    |   Fragmento 4/5 enviado
2026-01-04 04:14:27.822 | INFO     | [OP-20260104_041405-0019] WRITE_REQUEST | Remote: E0:D3:62:D7:47:03 | Char: 12340004-0000-1000-8000-00805f9b34fb | Data: 173 bytes | Hex: 02040571754f437562724d66446a575936386b542f6779345a63634d0a546e457775416d736e466742614976584a2b4e656e423843516748637873576a6d7579 | ASCII: ...quOCubrMfDjWY68kT/gy4ZccM.TnEwuAmsnFgBaIvXJ+NenB8CQgHcxsWjmuy [TRUNCATED]
2026-01-04 04:14:27.939 | DEBUG    | ✅ Write via SimpleBLE: 12340004-0000-1000-8000-00805f9b34fb (173 bytes)
2026-01-04 04:14:27.940 | INFO     | [OP-20260104_041405-0020] WRITE_SUCCESS | Remote: E0:D3:62:D7:47:03 | Char: 12340004-0000-1000-8000-00805f9b34fb
2026-01-04 04:14:27.942 | DEBUG    |   Fragmento 5/5 enviado
2026-01-04 04:14:27.944 | INFO     | [OP-20260104_041405-0021] NOTIFICATION | Remote: E0:D3:62:D7:47:03 | Char: 12340004-0000-1000-8000-00805f9b34fb | Data: 183 bytes | Hex: 0100060203b00000038c2d2d2d2d2d424547494e2043455254494649434154452d2d2d2d2d0a4d494943634443434164476741774942416749554847374f5a74 | ASCII: ..........-----BEGIN CERTIFICATE-----.MIICcDCCAdGgAwIBAgIUHG7OZt [TRUNCATED]
2026-01-04 04:14:27.946 | DEBUG    | 🔐 AUTH indication recebida: 183 bytes
2026-01-04 04:14:27.946 | DEBUG    | Fragmento recebido: seq=0, total=6, payload=180 bytes, flags=0x01
2026-01-04 04:14:27.947 | INFO     | Iniciando recepção de 6 fragmentos
2026-01-04 04:14:27.948 | DEBUG    | Fragmento 1/6 armazenado (1 de 6 recebidos)
2026-01-04 04:14:27.949 | DEBUG    | 🔐 Aguardando mais fragmentos AUTH...
2026-01-04 04:14:28.028 | INFO     | [OP-20260104_041405-0022] NOTIFICATION | Remote: E0:D3:62:D7:47:03 | Char: 12340004-0000-1000-8000-00805f9b34fb | Data: 183 bytes | Hex: 0001065642414d4d446b6c765643424f5a58523362334a7249454e424d423458445449324d4445774e4441774e44517a4e466f580a44544d324d4445774d6a41 | ASCII: ...VBAMMDklvVCBOZXR3b3JrIENBMB4XDTI2MDEwNDAwNDQzNFoX.DTM2MDEwMjA [TRUNCATED]
2026-01-04 04:14:28.029 | DEBUG    | 🔐 AUTH indication recebida: 183 bytes
2026-01-04 04:14:28.029 | DEBUG    | Fragmento recebido: seq=1, total=6, payload=180 bytes, flags=0x00
2026-01-04 04:14:28.029 | DEBUG    | Fragmento 2/6 armazenado (2 de 6 recebidos)
2026-01-04 04:14:28.029 | DEBUG    | 🔐 Aguardando mais fragmentos AUTH...
2026-01-04 04:14:28.043 | DEBUG    | Autenticação round 1/10
2026-01-04 04:14:28.163 | INFO     | [OP-20260104_041405-0023] NOTIFICATION | Remote: E0:D3:62:D7:47:03 | Char: 12340004-0000-1000-8000-00805f9b34fb | Data: 183 bytes | Hex: 0002064d5463784454414c42674e564241734d42464e70626d7377675a7377454159484b6f5a497a6a3043415159464b34454541434d44675959414241416965 | ASCII: ...MTcxDTALBgNVBAsMBFNpbmswgZswEAYHKoZIzj0CAQYFK4EEACMDgYYABAAie [TRUNCATED]
2026-01-04 04:14:28.163 | DEBUG    | 🔐 AUTH indication recebida: 183 bytes
2026-01-04 04:14:28.163 | DEBUG    | Fragmento recebido: seq=2, total=6, payload=180 bytes, flags=0x00
2026-01-04 04:14:28.163 | DEBUG    | Fragmento 3/6 armazenado (3 de 6 recebidos)
2026-01-04 04:14:28.163 | DEBUG    | 🔐 Aguardando mais fragmentos AUTH...
2026-01-04 04:14:28.260 | INFO     | [OP-20260104_041405-0024] NOTIFICATION | Remote: E0:D3:62:D7:47:03 | Char: 12340004-0000-1000-8000-00805f9b34fb | Data: 183 bytes | Hex: 000306744e5338774d764f4b683338524e0a68474a6a584d4c4678794e3148747658795a6a6b546f6e452f454b6d542f4f2f676e544b3246515946364d344d44 | ASCII: ...tNS8wMvOKh38RN.hGJjXMLFxyN1HtvXyZjkTonE/EKmT/O/gnTK2FQYF6M4MD [TRUNCATED]
2026-01-04 04:14:28.261 | DEBUG    | 🔐 AUTH indication recebida: 183 bytes
2026-01-04 04:14:28.261 | DEBUG    | Fragmento recebido: seq=3, total=6, payload=180 bytes, flags=0x00
2026-01-04 04:14:28.262 | DEBUG    | Fragmento 4/6 armazenado (4 de 6 recebidos)
2026-01-04 04:14:28.262 | DEBUG    | 🔐 Aguardando mais fragmentos AUTH...
2026-01-04 04:14:28.350 | INFO     | [OP-20260104_041405-0025] NOTIFICATION | Remote: E0:D3:62:D7:47:03 | Char: 12340004-0000-1000-8000-00805f9b34fb | Data: 183 bytes | Hex: 0004067147634b4e4f617968672f445975705336566f6269315549565972784e0a6b5258466b4e49746558616456426f6d324b326a397350446f307978766142 | ASCII: ...qGcKNOayhg/DYupS6Vobi1UIVYrxN.kRXFkNIteXadVBom2K2j9sPDo0yxvaB [TRUNCATED]
2026-01-04 04:14:28.352 | DEBUG    | 🔐 AUTH indication recebida: 183 bytes
2026-01-04 04:14:28.352 | DEBUG    | Fragmento recebido: seq=4, total=6, payload=180 bytes, flags=0x00
2026-01-04 04:14:28.353 | DEBUG    | Fragmento 5/6 armazenado (5 de 6 recebidos)
2026-01-04 04:14:28.353 | DEBUG    | 🔐 Aguardando mais fragmentos AUTH...
2026-01-04 04:14:28.436 | INFO     | [OP-20260104_041405-0026] NOTIFICATION | Remote: E0:D3:62:D7:47:03 | Char: 12340004-0000-1000-8000-00805f9b34fb | Data: 50 bytes | Hex: 0205065254494649434154452d2d2d2d2d0a6651d7a3e193db5a0ad7a3fbdd01e10fe93aae5f4d44763f4a67613d41a4504d | ASCII: ...RTIFICATE-----.fQ.....Z.........:._MDv?Jga=A.PM
2026-01-04 04:14:28.437 | DEBUG    | 🔐 AUTH indication recebida: 50 bytes
2026-01-04 04:14:28.438 | DEBUG    | Fragmento recebido: seq=5, total=6, payload=47 bytes, flags=0x02
2026-01-04 04:14:28.439 | DEBUG    | Fragmento 6/6 armazenado (6 de 6 recebidos)
2026-01-04 04:14:28.439 | INFO     | ✅ Mensagem reconstruída: 947 bytes (6 fragmentos)
2026-01-04 04:14:28.440 | DEBUG    | FragmentReassembler resetado
2026-01-04 04:14:28.441 | DEBUG    | 🔐 AUTH mensagem completa: 947 bytes
2026-01-04 04:14:28.544 | DEBUG    | Resposta auth lida do buffer: 947 bytes
2026-01-04 04:14:28.545 | DEBUG    | 📨 Recebido: AuthMessage(type=CHALLENGE, payload=944 bytes)
2026-01-04 04:14:28.546 | INFO     | 🎲 Challenge recebido - processando certificado + challenge...
2026-01-04 04:14:28.547 | INFO     | 📜 Extraindo certificado do peer do payload...
2026-01-04 04:14:28.556 | DEBUG    | ✅ Assinatura da CA válida
2026-01-04 04:14:28.564 | DEBUG    | ✅ Certificado válido temporalmente (expira em 2036-01-02 00:44:34+00:00)
2026-01-04 04:14:28.567 | INFO     | ✅ Certificado validado com sucesso
2026-01-04 04:14:28.571 | INFO     | ✅ Certificado do peer validado!
2026-01-04 04:14:28.572 | INFO     |    Peer NID: 4e127252...
2026-01-04 04:14:28.575 | INFO     |    Peer tipo: SINK
2026-01-04 04:14:28.577 | DEBUG    |    Challenge: 6651d7a3e193db5a0ad7a3fbdd01e10f...
2026-01-04 04:14:28.577 | INFO     | ✍️  Assinando dados:
2026-01-04 04:14:28.579 | INFO     |    Data: 32 bytes | 6651d7a3e193db5a0ad7a3fbdd01e10fe93aae5f4d44763f4a67613d41a4504d...
2026-01-04 04:14:28.587 | INFO     |    Signature: 139 bytes | 30818802420166036023756c1473b961296f2ee765bb86cc253bcb03c37856a8...
2026-01-04 04:14:28.587 | INFO     | ✍️  Response gerada: 139 bytes
2026-01-04 04:14:28.588 | DEBUG    |    Estado: CHALLENGE_RECEIVED
2026-01-04 04:14:28.589 | DEBUG    | 📤 Enviando resposta (142 bytes)
2026-01-04 04:14:28.589 | DEBUG    | Mensagem pequena (142 bytes), 1 fragmento
2026-01-04 04:14:28.590 | DEBUG    | Enviando mensagem auth: 142 bytes em 1 fragmento(s)
2026-01-04 04:14:28.592 | INFO     | [OP-20260104_041405-0027] WRITE_REQUEST | Remote: E0:D3:62:D7:47:03 | Char: 12340004-0000-1000-8000-00805f9b34fb | Data: 145 bytes | Hex: 03000103008b30818802420166036023756c1473b961296f2ee765bb86cc253bcb03c37856a8ab96ce13c22a374c00a9da78f9862b2b977db40cd8c73c996ff4 | ASCII: ......0...B.f.`#ul.s.a)o..e...%;...xV......*7L...x..++.}....<.o. [TRUNCATED]
2026-01-04 04:14:28.658 | DEBUG    | ✅ Write via SimpleBLE: 12340004-0000-1000-8000-00805f9b34fb (145 bytes)
2026-01-04 04:14:28.660 | INFO     | [OP-20260104_041405-0028] WRITE_SUCCESS | Remote: E0:D3:62:D7:47:03 | Char: 12340004-0000-1000-8000-00805f9b34fb
2026-01-04 04:14:28.662 | DEBUG    |   Fragmento 1/1 enviado
2026-01-04 04:14:28.663 | DEBUG    | Autenticação round 2/10
2026-01-04 04:14:28.664 | INFO     | [OP-20260104_041405-0029] NOTIFICATION | Remote: E0:D3:62:D7:47:03 | Char: 12340004-0000-1000-8000-00805f9b34fb | Data: 6 bytes | Hex: 030001040000 | ASCII: ......
2026-01-04 04:14:28.666 | DEBUG    | 🔐 AUTH indication recebida: 6 bytes
2026-01-04 04:14:28.666 | DEBUG    | Fragmento recebido: seq=0, total=1, payload=3 bytes, flags=0x03
2026-01-04 04:14:28.667 | INFO     | Iniciando recepção de 1 fragmentos
2026-01-04 04:14:28.668 | DEBUG    | Fragmento 1/1 armazenado (1 de 1 recebidos)
2026-01-04 04:14:28.668 | INFO     | ✅ Mensagem reconstruída: 3 bytes (1 fragmentos)
2026-01-04 04:14:28.669 | DEBUG    | FragmentReassembler resetado
2026-01-04 04:14:28.670 | DEBUG    | 🔐 AUTH mensagem completa: 3 bytes
2026-01-04 04:14:29.164 | DEBUG    | Resposta auth lida do buffer: 3 bytes
2026-01-04 04:14:29.165 | DEBUG    | 📨 Recebido: AuthMessage(type=AUTH_SUCCESS, payload=0 bytes)
2026-01-04 04:14:29.166 | INFO     | ✅ Peer confirmou autenticação bem sucedida!
2026-01-04 04:14:29.167 | INFO     | ✅ Autenticação bem-sucedida!
2026-01-04 04:14:29.175 | DEBUG    | 🔑 Session key derivada: 32 bytes
2026-01-04 04:14:29.175 | INFO     | 🔑 Session key estabelecida
2026-01-04 04:14:29.177 | DEBUG    | 🔑 Session key configurada para porta uplink
2026-01-04 04:14:29.178 | INFO     | 🔀 Session key configurada no Router Daemon
2026-01-04 04:14:29.180 | INFO     | ✅ Certificado do Sink armazenado para verificação de heartbeats
2026-01-04 04:14:29.181 | INFO     | DTLSChannel criado (client) com certificado node_a40543fa_cert.pem
2026-01-04 04:14:29.182 | INFO     | Iniciando handshake DTLS...
2026-01-04 04:14:29.184 | WARNING  | DTLS não disponível - operando em modo stub
2026-01-04 04:14:29.185 | INFO     | ✅ Canal DTLS (stub) estabelecido
2026-01-04 04:14:29.187 | INFO     | 🔐 Canal DTLS end-to-end estabelecido com Sink
2026-01-04 04:14:29.191 | INFO     | 🔑 Chave de encriptação end-to-end derivada (AES-256-GCM)
2026-01-04 04:14:29.193 | INFO     | 🔑 Chave de encriptação end-to-end derivada
2026-01-04 04:14:30.596 | INFO     | [OP-20260104_041405-0030] NOTIFICATION | Remote: E0:D3:62:D7:47:03 | Char: 12340001-0000-1000-8000-00805f9b34fb | Data: 236 bytes | Hex: 4e127252bd1a4c50860cf05dce3e7b174e127252bd1a4c50860cf05dce3e7b1702010000000ac5e321617d68372ff856a3b4028f838768d2a70d499d03e4a783 | ASCII: N.rR..LP...].>{.N.rR..LP...].>{.........!a}h7/.V......h...I..... [TRUNCATED]
2026-01-04 04:14:30.597 | DEBUG    | 📥 Pacote recebido de uplink: 4e127252... → 4e127252... (type=MessageType(2), ttl=1)
2026-01-04 04:14:30.598 | DEBUG    | Novo source 4e127252...: seq=10 (primeiro pacote)
2026-01-04 04:14:30.598 | DEBUG    | Learning new route: 4e127252... → uplink
2026-01-04 04:14:30.599 | DEBUG    | 📚 Aprendido: 4e127252... → uplink
2026-01-04 04:14:30.600 | INFO     | 📨 Entregando localmente: 4e127252... → 4e127252... (type=MessageType(2), 166 bytes)
2026-01-04 04:14:30.601 | DEBUG    | Novo source 4e127252...: seq=10 (primeiro pacote)
2026-01-04 04:14:30.601 | DEBUG    | 🔍 Verificando assinatura: sig_len=138, signature_raw_len=138
2026-01-04 04:14:30.602 | INFO     | 💓 Verificando heartbeat:
2026-01-04 04:14:30.603 | INFO     |    Sink NID: 4e127252bd1a4c50860cf05dce3e7b17
2026-01-04 04:14:30.604 | INFO     |    Timestamp: 1767500070.492744
2026-01-04 04:14:30.605 | INFO     |    Data to verify: 4e127252bd1a4c50860cf05dce3e7b1741da567a499f891e
2026-01-04 04:14:30.606 | INFO     | 🔍 Verificando assinatura:
2026-01-04 04:14:30.607 | INFO     |    Data: 24 bytes | 4e127252bd1a4c50860cf05dce3e7b1741da567a499f891e...
2026-01-04 04:14:30.608 | INFO     |    Signature: 138 bytes | 30818702420123343b6dc52c62f2ae747dfce021dafcd35b95050f7b4b1327e5...
2026-01-04 04:14:30.618 | INFO     | ✅ Assinatura verificada com sucesso!
2026-01-04 04:14:30.620 | DEBUG    | ✅ Assinatura de heartbeat válida
2026-01-04 04:14:30.620 | DEBUG    | 💓 Heartbeat recebido (seq=10, age=0.13s)
2026-01-04 04:14:35.592 | INFO     | [OP-20260104_041405-0031] NOTIFICATION | Remote: E0:D3:62:D7:47:03 | Char: 12340001-0000-1000-8000-00805f9b34fb | Data: 236 bytes | Hex: 4e127252bd1a4c50860cf05dce3e7b174e127252bd1a4c50860cf05dce3e7b1702010000000b7e9f71cf8598fd4da52a3397f667afd42923cfb6bb6938ffb210 | ASCII: N.rR..LP...].>{.N.rR..LP...].>{.......~.q....M.*3..g..)#...i8... [TRUNCATED]
2026-01-04 04:14:35.593 | DEBUG    | 📥 Pacote recebido de uplink: 4e127252... → 4e127252... (type=MessageType(2), ttl=1)
2026-01-04 04:14:35.594 | DEBUG    | Source 4e127252...: seq=11 (novo highest, window: 2 seqs)
2026-01-04 04:14:35.594 | DEBUG    | 📚 Aprendido: 4e127252... → uplink
2026-01-04 04:14:35.595 | INFO     | 📨 Entregando localmente: 4e127252... → 4e127252... (type=MessageType(2), 166 bytes)
2026-01-04 04:14:35.596 | DEBUG    | Source 4e127252...: seq=11 (novo highest, window: 2 seqs)
2026-01-04 04:14:35.596 | DEBUG    | 🔍 Verificando assinatura: sig_len=139, signature_raw_len=139
2026-01-04 04:14:35.597 | INFO     | 💓 Verificando heartbeat:
2026-01-04 04:14:35.597 | INFO     |    Sink NID: 4e127252bd1a4c50860cf05dce3e7b17
2026-01-04 04:14:35.598 | INFO     |    Timestamp: 1767500075.495427
2026-01-04 04:14:35.599 | INFO     |    Data to verify: 4e127252bd1a4c50860cf05dce3e7b1741da567a4adfb513
2026-01-04 04:14:35.600 | INFO     | 🔍 Verificando assinatura:
2026-01-04 04:14:35.601 | INFO     |    Data: 24 bytes | 4e127252bd1a4c50860cf05dce3e7b1741da567a4adfb513...
2026-01-04 04:14:35.601 | INFO     |    Signature: 139 bytes | 308188024200f73652b8423c50c57227169c438f5a3508be70b17b5104bbeecf...
2026-01-04 04:14:35.609 | INFO     | ✅ Assinatura verificada com sucesso!
2026-01-04 04:14:35.611 | DEBUG    | ✅ Assinatura de heartbeat válida
2026-01-04 04:14:35.611 | DEBUG    | 💓 Heartbeat recebido (seq=11, age=0.12s)
2026-01-04 04:14:40.587 | INFO     | [OP-20260104_041405-0032] NOTIFICATION | Remote: E0:D3:62:D7:47:03 | Char: 12340001-0000-1000-8000-00805f9b34fb | Data: 236 bytes | Hex: 4e127252bd1a4c50860cf05dce3e7b174e127252bd1a4c50860cf05dce3e7b1702010000000ce7a9ce4d2d8e55aacc241b7d76e59c352b2f6bed2585e101c2e1 | ASCII: N.rR..LP...].>{.N.rR..LP...].>{..........M-.U..$.}v..5+/k.%..... [TRUNCATED]
2026-01-04 04:14:40.589 | DEBUG    | 📥 Pacote recebido de uplink: 4e127252... → 4e127252... (type=MessageType(2), ttl=1)
2026-01-04 04:14:40.589 | DEBUG    | Source 4e127252...: seq=12 (novo highest, window: 3 seqs)
2026-01-04 04:14:40.590 | DEBUG    | 📚 Aprendido: 4e127252... → uplink
2026-01-04 04:14:40.590 | INFO     | 📨 Entregando localmente: 4e127252... → 4e127252... (type=MessageType(2), 166 bytes)
2026-01-04 04:14:40.591 | DEBUG    | Source 4e127252...: seq=12 (novo highest, window: 3 seqs)
2026-01-04 04:14:40.592 | DEBUG    | 🔍 Verificando assinatura: sig_len=139, signature_raw_len=139
2026-01-04 04:14:40.592 | INFO     | 💓 Verificando heartbeat:
2026-01-04 04:14:40.593 | INFO     |    Sink NID: 4e127252bd1a4c50860cf05dce3e7b17
2026-01-04 04:14:40.594 | INFO     |    Timestamp: 1767500080.492476
2026-01-04 04:14:40.595 | INFO     |    Data to verify: 4e127252bd1a4c50860cf05dce3e7b1741da567a4c1f84ba
2026-01-04 04:14:40.596 | INFO     | 🔍 Verificando assinatura:
2026-01-04 04:14:40.597 | INFO     |    Data: 24 bytes | 4e127252bd1a4c50860cf05dce3e7b1741da567a4c1f84ba...
2026-01-04 04:14:40.599 | INFO     |    Signature: 139 bytes | 308188024201984c5afeb708ec3b21893e19e644bae9aaaa97b339f7c0f97d70...
2026-01-04 04:14:40.609 | INFO     | ✅ Assinatura verificada com sucesso!
2026-01-04 04:14:40.610 | DEBUG    | ✅ Assinatura de heartbeat válida
2026-01-04 04:14:40.611 | DEBUG    | 💓 Heartbeat recebido (seq=12, age=0.12s)
2026-01-04 04:14:45.626 | INFO     | [OP-20260104_041405-0033] NOTIFICATION | Remote: E0:D3:62:D7:47:03 | Char: 12340001-0000-1000-8000-00805f9b34fb | Data: 236 bytes | Hex: 4e127252bd1a4c50860cf05dce3e7b174e127252bd1a4c50860cf05dce3e7b1702010000000dffb4d9fb10dfb12f2ad513382759a1747c9de7a9c61f4ad108da | ASCII: N.rR..LP...].>{.N.rR..LP...].>{............../*..8'Y.t|.....J... [TRUNCATED]
2026-01-04 04:14:45.627 | DEBUG    | 📥 Pacote recebido de uplink: 4e127252... → 4e127252... (type=MessageType(2), ttl=1)
2026-01-04 04:14:45.628 | DEBUG    | Source 4e127252...: seq=13 (novo highest, window: 4 seqs)
2026-01-04 04:14:45.629 | DEBUG    | 📚 Aprendido: 4e127252... → uplink
2026-01-04 04:14:45.629 | INFO     | 📨 Entregando localmente: 4e127252... → 4e127252... (type=MessageType(2), 166 bytes)
2026-01-04 04:14:45.630 | DEBUG    | Source 4e127252...: seq=13 (novo highest, window: 4 seqs)
2026-01-04 04:14:45.631 | DEBUG    | 🔍 Verificando assinatura: sig_len=139, signature_raw_len=139
2026-01-04 04:14:45.631 | INFO     | 💓 Verificando heartbeat:
2026-01-04 04:14:45.632 | INFO     |    Sink NID: 4e127252bd1a4c50860cf05dce3e7b17
2026-01-04 04:14:45.633 | INFO     |    Timestamp: 1767500085.4953454
2026-01-04 04:14:45.635 | INFO     |    Data to verify: 4e127252bd1a4c50860cf05dce3e7b1741da567a4d5fb3bd
2026-01-04 04:14:45.636 | INFO     | 🔍 Verificando assinatura:
2026-01-04 04:14:45.637 | INFO     |    Data: 24 bytes | 4e127252bd1a4c50860cf05dce3e7b1741da567a4d5fb3bd...
2026-01-04 04:14:45.638 | INFO     |    Signature: 139 bytes | 30818802420118a8ee29fc6793144664c37e5d64e1e50caa05f79a912953568b...
2026-01-04 04:14:45.648 | INFO     | ✅ Assinatura verificada com sucesso!
2026-01-04 04:14:45.649 | DEBUG    | ✅ Assinatura de heartbeat válida
2026-01-04 04:14:45.649 | DEBUG    | 💓 Heartbeat recebido (seq=13, age=0.15s)
2026-01-04 04:14:50.666 | INFO     | [OP-20260104_041405-0034] NOTIFICATION | Remote: E0:D3:62:D7:47:03 | Char: 12340001-0000-1000-8000-00805f9b34fb | Data: 236 bytes | Hex: 4e127252bd1a4c50860cf05dce3e7b174e127252bd1a4c50860cf05dce3e7b1702010000000e13b6c5e1a60bb6cd93b382190d1cc16dffecf76661bcdf040684 | ASCII: N.rR..LP...].>{.N.rR..LP...].>{......................m...fa..... [TRUNCATED]
2026-01-04 04:14:50.668 | DEBUG    | 📥 Pacote recebido de uplink: 4e127252... → 4e127252... (type=MessageType(2), ttl=1)
2026-01-04 04:14:50.668 | DEBUG    | Source 4e127252...: seq=14 (novo highest, window: 5 seqs)
2026-01-04 04:14:50.669 | DEBUG    | 📚 Aprendido: 4e127252... → uplink
2026-01-04 04:14:50.669 | INFO     | 📨 Entregando localmente: 4e127252... → 4e127252... (type=MessageType(2), 166 bytes)
2026-01-04 04:14:50.670 | DEBUG    | Source 4e127252...: seq=14 (novo highest, window: 5 seqs)
2026-01-04 04:14:50.671 | DEBUG    | 🔍 Verificando assinatura: sig_len=139, signature_raw_len=139
2026-01-04 04:14:50.671 | INFO     | 💓 Verificando heartbeat:
2026-01-04 04:14:50.672 | INFO     |    Sink NID: 4e127252bd1a4c50860cf05dce3e7b17
2026-01-04 04:14:50.673 | INFO     |    Timestamp: 1767500090.4958787
2026-01-04 04:14:50.674 | INFO     |    Data to verify: 4e127252bd1a4c50860cf05dce3e7b1741da567a4e9fbc7a
2026-01-04 04:14:50.675 | INFO     | 🔍 Verificando assinatura:
2026-01-04 04:14:50.676 | INFO     |    Data: 24 bytes | 4e127252bd1a4c50860cf05dce3e7b1741da567a4e9fbc7a...
2026-01-04 04:14:50.676 | INFO     |    Signature: 139 bytes | 3081880242009c58a475151c04be9c307f57046bc835fc9e0a4c3ad4f04fee71...
2026-01-04 04:14:50.686 | INFO     | ✅ Assinatura verificada com sucesso!
2026-01-04 04:14:50.688 | DEBUG    | ✅ Assinatura de heartbeat válida
2026-01-04 04:14:50.688 | DEBUG    | 💓 Heartbeat recebido (seq=14, age=0.19s)
2026-01-04 04:14:55.617 | INFO     | [OP-20260104_041405-0035] NOTIFICATION | Remote: E0:D3:62:D7:47:03 | Char: 12340001-0000-1000-8000-00805f9b34fb | Data: 236 bytes | Hex: 4e127252bd1a4c50860cf05dce3e7b174e127252bd1a4c50860cf05dce3e7b1702010000000f746125202c7dbfab913718804a44ddcdcd182f1f696a5e126511 | ASCII: N.rR..LP...].>{.N.rR..LP...].>{.......ta% ,}...7..JD..../.ij^.e. [TRUNCATED]
2026-01-04 04:14:55.618 | DEBUG    | 📥 Pacote recebido de uplink: 4e127252... → 4e127252... (type=MessageType(2), ttl=1)
2026-01-04 04:14:55.619 | DEBUG    | Source 4e127252...: seq=15 (novo highest, window: 6 seqs)
2026-01-04 04:14:55.619 | DEBUG    | 📚 Aprendido: 4e127252... → uplink
2026-01-04 04:14:55.620 | INFO     | 📨 Entregando localmente: 4e127252... → 4e127252... (type=MessageType(2), 166 bytes)
2026-01-04 04:14:55.621 | DEBUG    | Source 4e127252...: seq=15 (novo highest, window: 6 seqs)
2026-01-04 04:14:55.622 | DEBUG    | 🔍 Verificando assinatura: sig_len=139, signature_raw_len=139
2026-01-04 04:14:55.622 | INFO     | 💓 Verificando heartbeat:
2026-01-04 04:14:55.623 | INFO     |    Sink NID: 4e127252bd1a4c50860cf05dce3e7b17
2026-01-04 04:14:55.624 | INFO     |    Timestamp: 1767500095.4957821
2026-01-04 04:14:55.624 | INFO     |    Data to verify: 4e127252bd1a4c50860cf05dce3e7b1741da567a4fdfbae5
2026-01-04 04:14:55.625 | INFO     | 🔍 Verificando assinatura:
2026-01-04 04:14:55.626 | INFO     |    Data: 24 bytes | 4e127252bd1a4c50860cf05dce3e7b1741da567a4fdfbae5...
2026-01-04 04:14:55.627 | INFO     |    Signature: 139 bytes | 308188024200be627c89f5b8927525f56bd559e9ffe52d564575b050b5931e94...
2026-01-04 04:14:55.635 | INFO     | ✅ Assinatura verificada com sucesso!
2026-01-04 04:14:55.637 | DEBUG    | ✅ Assinatura de heartbeat válida
2026-01-04 04:14:55.637 | DEBUG    | 💓 Heartbeat recebido (seq=15, age=0.14s)
2026-01-04 04:15:00.611 | INFO     | [OP-20260104_041405-0036] NOTIFICATION | Remote: E0:D3:62:D7:47:03 | Char: 12340001-0000-1000-8000-00805f9b34fb | Data: 236 bytes | Hex: 4e127252bd1a4c50860cf05dce3e7b174e127252bd1a4c50860cf05dce3e7b17020100000010d047e8872a2e2ac7e43b55fdbfacc12a8a5090b27b2ec3012371 | ASCII: N.rR..LP...].>{.N.rR..LP...].>{........G..*.*..;U....*.P..{...#q [TRUNCATED]
2026-01-04 04:15:00.612 | DEBUG    | 📥 Pacote recebido de uplink: 4e127252... → 4e127252... (type=MessageType(2), ttl=1)
2026-01-04 04:15:00.613 | DEBUG    | Source 4e127252...: seq=16 (novo highest, window: 7 seqs)
2026-01-04 04:15:00.613 | DEBUG    | 📚 Aprendido: 4e127252... → uplink
2026-01-04 04:15:00.614 | INFO     | 📨 Entregando localmente: 4e127252... → 4e127252... (type=MessageType(2), 166 bytes)
2026-01-04 04:15:00.615 | DEBUG    | Source 4e127252...: seq=16 (novo highest, window: 7 seqs)
2026-01-04 04:15:00.615 | DEBUG    | 🔍 Verificando assinatura: sig_len=139, signature_raw_len=139
2026-01-04 04:15:00.616 | INFO     | 💓 Verificando heartbeat:
2026-01-04 04:15:00.617 | INFO     |    Sink NID: 4e127252bd1a4c50860cf05dce3e7b17
2026-01-04 04:15:00.618 | INFO     |    Timestamp: 1767500100.4960258
2026-01-04 04:15:00.618 | INFO     |    Data to verify: 4e127252bd1a4c50860cf05dce3e7b1741da567a511fbee3
2026-01-04 04:15:00.619 | INFO     | 🔍 Verificando assinatura:
2026-01-04 04:15:00.620 | INFO     |    Data: 24 bytes | 4e127252bd1a4c50860cf05dce3e7b1741da567a511fbee3...
2026-01-04 04:15:00.621 | INFO     |    Signature: 139 bytes | 308188024201298c6854583f80a4c8f156954e0e4fe6fef7eafd186fe7ba9844...
2026-01-04 04:15:00.631 | INFO     | ✅ Assinatura verificada com sucesso!
2026-01-04 04:15:00.632 | DEBUG    | ✅ Assinatura de heartbeat válida
2026-01-04 04:15:00.633 | DEBUG    | 💓 Heartbeat recebido (seq=16, age=0.14s)
2026-01-04 04:15:05.605 | INFO     | [OP-20260104_041405-0037] NOTIFICATION | Remote: E0:D3:62:D7:47:03 | Char: 12340001-0000-1000-8000-00805f9b34fb | Data: 236 bytes | Hex: 4e127252bd1a4c50860cf05dce3e7b174e127252bd1a4c50860cf05dce3e7b17020100000011bb3070b227b4448d277f186086e9b9c56ddeb45585f8772b002f | ASCII: N.rR..LP...].>{.N.rR..LP...].>{........0p.'.D.'..`....m..U..w+./ [TRUNCATED]
2026-01-04 04:15:05.607 | DEBUG    | 📥 Pacote recebido de uplink: 4e127252... → 4e127252... (type=MessageType(2), ttl=1)
2026-01-04 04:15:05.607 | DEBUG    | Source 4e127252...: seq=17 (novo highest, window: 8 seqs)
2026-01-04 04:15:05.608 | DEBUG    | 📚 Aprendido: 4e127252... → uplink
2026-01-04 04:15:05.609 | INFO     | 📨 Entregando localmente: 4e127252... → 4e127252... (type=MessageType(2), 166 bytes)
2026-01-04 04:15:05.610 | DEBUG    | Source 4e127252...: seq=17 (novo highest, window: 8 seqs)
2026-01-04 04:15:05.610 | DEBUG    | 🔍 Verificando assinatura: sig_len=139, signature_raw_len=139
2026-01-04 04:15:05.611 | INFO     | 💓 Verificando heartbeat:
2026-01-04 04:15:05.612 | INFO     |    Sink NID: 4e127252bd1a4c50860cf05dce3e7b17
2026-01-04 04:15:05.613 | INFO     |    Timestamp: 1767500105.4959376
2026-01-04 04:15:05.614 | INFO     |    Data to verify: 4e127252bd1a4c50860cf05dce3e7b1741da567a525fbd71
2026-01-04 04:15:05.615 | INFO     | 🔍 Verificando assinatura:
2026-01-04 04:15:05.616 | INFO     |    Data: 24 bytes | 4e127252bd1a4c50860cf05dce3e7b1741da567a525fbd71...
2026-01-04 04:15:05.617 | INFO     |    Signature: 139 bytes | 308188024200fc1a8934051bc5fd5871c5f05717743ecd18fe8df32beac256b0...
2026-01-04 04:15:05.623 | INFO     | ✅ Assinatura verificada com sucesso!
2026-01-04 04:15:05.624 | DEBUG    | ✅ Assinatura de heartbeat válida
2026-01-04 04:15:05.624 | DEBUG    | 💓 Heartbeat recebido (seq=17, age=0.13s)
2026-01-04 04:15:10.603 | INFO     | [OP-20260104_041405-0038] NOTIFICATION | Remote: E0:D3:62:D7:47:03 | Char: 12340001-0000-1000-8000-00805f9b34fb | Data: 236 bytes | Hex: 4e127252bd1a4c50860cf05dce3e7b174e127252bd1a4c50860cf05dce3e7b17020100000012a6afd9d0188a2676f7d6d21b75c4a2e6369a85feddd9d073e4aa | ASCII: N.rR..LP...].>{.N.rR..LP...].>{.............&v....u...6......s.. [TRUNCATED]
2026-01-04 04:15:10.604 | DEBUG    | 📥 Pacote recebido de uplink: 4e127252... → 4e127252... (type=MessageType(2), ttl=1)
2026-01-04 04:15:10.605 | DEBUG    | Source 4e127252...: seq=18 (novo highest, window: 9 seqs)
2026-01-04 04:15:10.606 | DEBUG    | 📚 Aprendido: 4e127252... → uplink
2026-01-04 04:15:10.606 | INFO     | 📨 Entregando localmente: 4e127252... → 4e127252... (type=MessageType(2), 166 bytes)
2026-01-04 04:15:10.608 | DEBUG    | Source 4e127252...: seq=18 (novo highest, window: 9 seqs)
2026-01-04 04:15:10.608 | DEBUG    | 🔍 Verificando assinatura: sig_len=138, signature_raw_len=138
2026-01-04 04:15:10.609 | INFO     | 💓 Verificando heartbeat:
2026-01-04 04:15:10.610 | INFO     |    Sink NID: 4e127252bd1a4c50860cf05dce3e7b17
2026-01-04 04:15:10.611 | INFO     |    Timestamp: 1767500110.4936423
2026-01-04 04:15:10.612 | INFO     |    Data to verify: 4e127252bd1a4c50860cf05dce3e7b1741da567a539f97d6
2026-01-04 04:15:10.613 | INFO     | 🔍 Verificando assinatura:
2026-01-04 04:15:10.614 | INFO     |    Data: 24 bytes | 4e127252bd1a4c50860cf05dce3e7b1741da567a539f97d6...
2026-01-04 04:15:10.615 | INFO     |    Signature: 138 bytes | 3081870242009520ab8d7bcd046096c5a6447450b85aaa4963996e068bed340e...
2026-01-04 04:15:10.626 | INFO     | ✅ Assinatura verificada com sucesso!
2026-01-04 04:15:10.628 | DEBUG    | ✅ Assinatura de heartbeat válida
2026-01-04 04:15:10.628 | DEBUG    | 💓 Heartbeat recebido (seq=18, age=0.13s)
2026-01-04 04:15:15.330 | INFO     | [OP-20260104_041405-0039] NOTIFICATION | Remote: E0:D3:62:D7:47:03 | Char: 12340004-0000-1000-8000-00805f9b34fb | Data: 183 bytes | Hex: 0100060203b00000038c2d2d2d2d2d424547494e2043455254494649434154452d2d2d2d2d0a4d494943634443434164476741774942416749554847374f5a74 | ASCII: ..........-----BEGIN CERTIFICATE-----.MIICcDCCAdGgAwIBAgIUHG7OZt [TRUNCATED]
2026-01-04 04:15:15.331 | DEBUG    | 🔐 AUTH indication recebida: 183 bytes
2026-01-04 04:15:15.332 | DEBUG    | Fragmento recebido: seq=0, total=6, payload=180 bytes, flags=0x01
2026-01-04 04:15:15.332 | INFO     | Iniciando recepção de 6 fragmentos
2026-01-04 04:15:15.333 | DEBUG    | Fragmento 1/6 armazenado (1 de 6 recebidos)
2026-01-04 04:15:15.333 | DEBUG    | 🔐 Aguardando mais fragmentos AUTH...
2026-01-04 04:15:15.462 | INFO     | [OP-20260104_041405-0040] NOTIFICATION | Remote: E0:D3:62:D7:47:03 | Char: 12340004-0000-1000-8000-00805f9b34fb | Data: 183 bytes | Hex: 0001065642414d4d446b6c765643424f5a58523362334a7249454e424d423458445449324d4445774e4441774e44517a4e466f580a44544d324d4445774d6a41 | ASCII: ...VBAMMDklvVCBOZXR3b3JrIENBMB4XDTI2MDEwNDAwNDQzNFoX.DTM2MDEwMjA [TRUNCATED]
2026-01-04 04:15:15.463 | DEBUG    | 🔐 AUTH indication recebida: 183 bytes
2026-01-04 04:15:15.464 | DEBUG    | Fragmento recebido: seq=1, total=6, payload=180 bytes, flags=0x00
2026-01-04 04:15:15.464 | DEBUG    | Fragmento 2/6 armazenado (2 de 6 recebidos)
2026-01-04 04:15:15.464 | DEBUG    | 🔐 Aguardando mais fragmentos AUTH...
2026-01-04 04:15:15.598 | INFO     | [OP-20260104_041405-0041] NOTIFICATION | Remote: E0:D3:62:D7:47:03 | Char: 12340004-0000-1000-8000-00805f9b34fb | Data: 183 bytes | Hex: 0002064d5463784454414c42674e564241734d42464e70626d7377675a7377454159484b6f5a497a6a3043415159464b34454541434d44675959414241416965 | ASCII: ...MTcxDTALBgNVBAsMBFNpbmswgZswEAYHKoZIzj0CAQYFK4EEACMDgYYABAAie [TRUNCATED]
2026-01-04 04:15:15.599 | DEBUG    | 🔐 AUTH indication recebida: 183 bytes
2026-01-04 04:15:15.600 | DEBUG    | Fragmento recebido: seq=2, total=6, payload=180 bytes, flags=0x00
2026-01-04 04:15:15.601 | DEBUG    | Fragmento 3/6 armazenado (3 de 6 recebidos)
2026-01-04 04:15:15.601 | DEBUG    | 🔐 Aguardando mais fragmentos AUTH...
2026-01-04 04:15:15.733 | INFO     | [OP-20260104_041405-0042] NOTIFICATION | Remote: E0:D3:62:D7:47:03 | Char: 12340001-0000-1000-8000-00805f9b34fb | Data: 236 bytes | Hex: 4e127252bd1a4c50860cf05dce3e7b174e127252bd1a4c50860cf05dce3e7b17020100000013d07d1c7182c09af7071a78b998b72012dd422e469f16098dbdea | ASCII: N.rR..LP...].>{.N.rR..LP...].>{........}.q......x... ..B.F...... [TRUNCATED]
2026-01-04 04:15:15.734 | DEBUG    | 📥 Pacote recebido de uplink: 4e127252... → 4e127252... (type=MessageType(2), ttl=1)
2026-01-04 04:15:15.735 | DEBUG    | Source 4e127252...: seq=19 (novo highest, window: 10 seqs)
2026-01-04 04:15:15.736 | DEBUG    | 📚 Aprendido: 4e127252... → uplink
2026-01-04 04:15:15.736 | INFO     | 📨 Entregando localmente: 4e127252... → 4e127252... (type=MessageType(2), 166 bytes)
2026-01-04 04:15:15.738 | DEBUG    | Source 4e127252...: seq=19 (novo highest, window: 10 seqs)
2026-01-04 04:15:15.738 | DEBUG    | 🔍 Verificando assinatura: sig_len=139, signature_raw_len=139
2026-01-04 04:15:15.739 | INFO     | 💓 Verificando heartbeat:
2026-01-04 04:15:15.740 | INFO     |    Sink NID: 4e127252bd1a4c50860cf05dce3e7b17
2026-01-04 04:15:15.741 | INFO     |    Timestamp: 1767500115.4910228
2026-01-04 04:15:15.742 | INFO     |    Data to verify: 4e127252bd1a4c50860cf05dce3e7b1741da567a54df6ceb
2026-01-04 04:15:15.742 | INFO     | 🔍 Verificando assinatura:
2026-01-04 04:15:15.743 | INFO     |    Data: 24 bytes | 4e127252bd1a4c50860cf05dce3e7b1741da567a54df6ceb...
2026-01-04 04:15:15.745 | INFO     |    Signature: 139 bytes | 3081880242012995e3aa1d535bbbae5eb9201a7e152b91eae3c9132e3b432248...
2026-01-04 04:15:15.754 | INFO     | ✅ Assinatura verificada com sucesso!
2026-01-04 04:15:15.756 | DEBUG    | ✅ Assinatura de heartbeat válida
2026-01-04 04:15:15.757 | DEBUG    | 💓 Heartbeat recebido (seq=19, age=0.27s)
2026-01-04 04:15:15.820 | INFO     | [OP-20260104_041405-0043] NOTIFICATION | Remote: E0:D3:62:D7:47:03 | Char: 12340004-0000-1000-8000-00805f9b34fb | Data: 183 bytes | Hex: 000306744e5338774d764f4b683338524e0a68474a6a584d4c4678794e3148747658795a6a6b546f6e452f454b6d542f4f2f676e544b3246515946364d344d44 | ASCII: ...tNS8wMvOKh38RN.hGJjXMLFxyN1HtvXyZjkTonE/EKmT/O/gnTK2FQYF6M4MD [TRUNCATED]
2026-01-04 04:15:15.821 | DEBUG    | 🔐 AUTH indication recebida: 183 bytes
2026-01-04 04:15:15.822 | DEBUG    | Fragmento recebido: seq=3, total=6, payload=180 bytes, flags=0x00
2026-01-04 04:15:15.822 | DEBUG    | Fragmento 4/6 armazenado (4 de 6 recebidos)
2026-01-04 04:15:15.822 | DEBUG    | 🔐 Aguardando mais fragmentos AUTH...
2026-01-04 04:15:15.915 | INFO     | [OP-20260104_041405-0044] NOTIFICATION | Remote: E0:D3:62:D7:47:03 | Char: 12340004-0000-1000-8000-00805f9b34fb | Data: 183 bytes | Hex: 0004067147634b4e4f617968672f445975705336566f6269315549565972784e0a6b5258466b4e49746558616456426f6d324b326a397350446f307978766142 | ASCII: ...qGcKNOayhg/DYupS6Vobi1UIVYrxN.kRXFkNIteXadVBom2K2j9sPDo0yxvaB [TRUNCATED]
2026-01-04 04:15:15.916 | DEBUG    | 🔐 AUTH indication recebida: 183 bytes
2026-01-04 04:15:15.917 | DEBUG    | Fragmento recebido: seq=4, total=6, payload=180 bytes, flags=0x00
2026-01-04 04:15:15.917 | DEBUG    | Fragmento 5/6 armazenado (5 de 6 recebidos)
2026-01-04 04:15:15.918 | DEBUG    | 🔐 Aguardando mais fragmentos AUTH...
2026-01-04 04:15:16.002 | INFO     | [OP-20260104_041405-0045] NOTIFICATION | Remote: E0:D3:62:D7:47:03 | Char: 12340004-0000-1000-8000-00805f9b34fb | Data: 50 bytes | Hex: 0205065254494649434154452d2d2d2d2d0a91d883c7966e88eaf116e522f14b72a24488cf42faf2941eaeef820834ff0378 | ASCII: ...RTIFICATE-----......n.....".Kr.D..B........4..x
2026-01-04 04:15:16.003 | DEBUG    | 🔐 AUTH indication recebida: 50 bytes
2026-01-04 04:15:16.003 | DEBUG    | Fragmento recebido: seq=5, total=6, payload=47 bytes, flags=0x02
2026-01-04 04:15:16.004 | DEBUG    | Fragmento 6/6 armazenado (6 de 6 recebidos)
2026-01-04 04:15:16.005 | INFO     | ✅ Mensagem reconstruída: 947 bytes (6 fragmentos)
2026-01-04 04:15:16.006 | DEBUG    | FragmentReassembler resetado
2026-01-04 04:15:16.006 | DEBUG    | 🔐 AUTH mensagem completa: 947 bytes
2026-01-04 04:15:16.631 | INFO     | [OP-20260104_041405-0046] NOTIFICATION | Remote: E0:D3:62:D7:47:03 | Char: 12340004-0000-1000-8000-00805f9b34fb | Data: 6 bytes | Hex: 030001040000 | ASCII: ......
2026-01-04 04:15:16.633 | DEBUG    | 🔐 AUTH indication recebida: 6 bytes
2026-01-04 04:15:16.633 | DEBUG    | Fragmento recebido: seq=0, total=1, payload=3 bytes, flags=0x03
2026-01-04 04:15:16.634 | INFO     | Iniciando recepção de 1 fragmentos
2026-01-04 04:15:16.635 | DEBUG    | Fragmento 1/1 armazenado (1 de 1 recebidos)
2026-01-04 04:15:16.635 | INFO     | ✅ Mensagem reconstruída: 3 bytes (1 fragmentos)
2026-01-04 04:15:16.636 | DEBUG    | FragmentReassembler resetado
2026-01-04 04:15:16.636 | DEBUG    | 🔐 AUTH mensagem completa: 3 bytes
2026-01-04 04:15:20.638 | INFO     | [OP-20260104_041405-0047] NOTIFICATION | Remote: E0:D3:62:D7:47:03 | Char: 12340001-0000-1000-8000-00805f9b34fb | Data: 236 bytes | Hex: 4e127252bd1a4c50860cf05dce3e7b174e127252bd1a4c50860cf05dce3e7b170201000000144899decfc725012f094f40e4f2a5c61be980c6f74d58acce8570 | ASCII: N.rR..LP...].>{.N.rR..LP...].>{.......H....%./.O@.........MX...p [TRUNCATED]
2026-01-04 04:15:20.639 | DEBUG    | 📥 Pacote recebido de uplink: 4e127252... → 4e127252... (type=MessageType(2), ttl=1)
2026-01-04 04:15:20.640 | DEBUG    | Source 4e127252...: seq=20 (novo highest, window: 11 seqs)
2026-01-04 04:15:20.641 | DEBUG    | 📚 Aprendido: 4e127252... → uplink
2026-01-04 04:15:20.641 | INFO     | 📨 Entregando localmente: 4e127252... → 4e127252... (type=MessageType(2), 166 bytes)
2026-01-04 04:15:20.642 | DEBUG    | Source 4e127252...: seq=20 (novo highest, window: 11 seqs)
2026-01-04 04:15:20.642 | DEBUG    | 🔍 Verificando assinatura: sig_len=137, signature_raw_len=137
2026-01-04 04:15:20.643 | INFO     | 💓 Verificando heartbeat:
2026-01-04 04:15:20.644 | INFO     |    Sink NID: 4e127252bd1a4c50860cf05dce3e7b17
2026-01-04 04:15:20.645 | INFO     |    Timestamp: 1767500120.494453
2026-01-04 04:15:20.645 | INFO     |    Data to verify: 4e127252bd1a4c50860cf05dce3e7b1741da567a561fa51e
2026-01-04 04:15:20.646 | INFO     | 🔍 Verificando assinatura:
2026-01-04 04:15:20.647 | INFO     |    Data: 24 bytes | 4e127252bd1a4c50860cf05dce3e7b1741da567a561fa51e...
2026-01-04 04:15:20.648 | INFO     |    Signature: 137 bytes | 3081860241485eca95ecee8a199ee6da6cb98fe8e4e04443d700ed7f0063996f...
2026-01-04 04:15:20.657 | INFO     | ✅ Assinatura verificada com sucesso!
2026-01-04 04:15:20.658 | DEBUG    | ✅ Assinatura de heartbeat válida
2026-01-04 04:15:20.659 | DEBUG    | 💓 Heartbeat recebido (seq=20, age=0.16s)
2026-01-04 04:15:25.630 | INFO     | [OP-20260104_041405-0048] NOTIFICATION | Remote: E0:D3:62:D7:47:03 | Char: 12340001-0000-1000-8000-00805f9b34fb | Data: 236 bytes | Hex: 4e127252bd1a4c50860cf05dce3e7b174e127252bd1a4c50860cf05dce3e7b170201000000150c980a473ad22a450238277b55c987b840ab8d22d25ce26880cf | ASCII: N.rR..LP...].>{.N.rR..LP...].>{..........G:.*E.8'{U...@..".\.h.. [TRUNCATED]
2026-01-04 04:15:25.630 | DEBUG    | 📥 Pacote recebido de uplink: 4e127252... → 4e127252... (type=MessageType(2), ttl=1)
2026-01-04 04:15:25.630 | DEBUG    | Source 4e127252...: seq=21 (novo highest, window: 12 seqs)
2026-01-04 04:15:25.630 | DEBUG    | 📚 Aprendido: 4e127252... → uplink
2026-01-04 04:15:25.631 | INFO     | 📨 Entregando localmente: 4e127252... → 4e127252... (type=MessageType(2), 166 bytes)
2026-01-04 04:15:25.631 | DEBUG    | Source 4e127252...: seq=21 (novo highest, window: 12 seqs)
2026-01-04 04:15:25.631 | DEBUG    | 🔍 Verificando assinatura: sig_len=139, signature_raw_len=139
2026-01-04 04:15:25.631 | INFO     | 💓 Verificando heartbeat:
2026-01-04 04:15:25.632 | INFO     |    Sink NID: 4e127252bd1a4c50860cf05dce3e7b17
2026-01-04 04:15:25.632 | INFO     |    Timestamp: 1767500125.4953907
2026-01-04 04:15:25.632 | INFO     |    Data to verify: 4e127252bd1a4c50860cf05dce3e7b1741da567a575fb47b
2026-01-04 04:15:25.633 | INFO     | 🔍 Verificando assinatura:
2026-01-04 04:15:25.633 | INFO     |    Data: 24 bytes | 4e127252bd1a4c50860cf05dce3e7b1741da567a575fb47b...
2026-01-04 04:15:25.633 | INFO     |    Signature: 139 bytes | 308188024200c31d2356086f0580916e179103b435391ed2960170e6755d4402...
2026-01-04 04:15:25.634 | INFO     | ✅ Assinatura verificada com sucesso!
2026-01-04 04:15:25.635 | DEBUG    | ✅ Assinatura de heartbeat válida
2026-01-04 04:15:25.635 | DEBUG    | 💓 Heartbeat recebido (seq=21, age=0.14s)
2026-01-04 04:15:30.626 | INFO     | [OP-20260104_041405-0049] NOTIFICATION | Remote: E0:D3:62:D7:47:03 | Char: 12340001-0000-1000-8000-00805f9b34fb | Data: 236 bytes | Hex: 4e127252bd1a4c50860cf05dce3e7b174e127252bd1a4c50860cf05dce3e7b17020100000016d5d613056869b586f6ca23db6b4fe95bf403bf03101a0270920c | ASCII: N.rR..LP...].>{.N.rR..LP...].>{...........hi....#.kO.[.......p.. [TRUNCATED]
2026-01-04 04:15:30.628 | DEBUG    | 📥 Pacote recebido de uplink: 4e127252... → 4e127252... (type=MessageType(2), ttl=1)
2026-01-04 04:15:30.629 | DEBUG    | Source 4e127252...: seq=22 (novo highest, window: 13 seqs)
2026-01-04 04:15:30.630 | DEBUG    | 📚 Aprendido: 4e127252... → uplink
2026-01-04 04:15:30.630 | INFO     | 📨 Entregando localmente: 4e127252... → 4e127252... (type=MessageType(2), 166 bytes)
2026-01-04 04:15:30.631 | DEBUG    | Source 4e127252...: seq=22 (novo highest, window: 13 seqs)
2026-01-04 04:15:30.632 | DEBUG    | 🔍 Verificando assinatura: sig_len=138, signature_raw_len=138
2026-01-04 04:15:30.632 | INFO     | 💓 Verificando heartbeat:
2026-01-04 04:15:30.633 | INFO     |    Sink NID: 4e127252bd1a4c50860cf05dce3e7b17
2026-01-04 04:15:30.634 | INFO     |    Timestamp: 1767500130.4953537
2026-01-04 04:15:30.635 | INFO     |    Data to verify: 4e127252bd1a4c50860cf05dce3e7b1741da567a589fb3e0
2026-01-04 04:15:30.635 | INFO     | 🔍 Verificando assinatura:
2026-01-04 04:15:30.638 | INFO     |    Data: 24 bytes | 4e127252bd1a4c50860cf05dce3e7b1741da567a589fb3e0...
2026-01-04 04:15:30.639 | INFO     |    Signature: 138 bytes | 308187024201c1fdb9022a714c5d66a041ac3c23031bf8b1b84794d1b2d27687...
2026-01-04 04:15:30.648 | INFO     | ✅ Assinatura verificada com sucesso!
2026-01-04 04:15:30.649 | DEBUG    | ✅ Assinatura de heartbeat válida
2026-01-04 04:15:30.650 | DEBUG    | 💓 Heartbeat recebido (seq=22, age=0.15s)
2026-01-04 04:15:35.667 | INFO     | [OP-20260104_041405-0050] NOTIFICATION | Remote: E0:D3:62:D7:47:03 | Char: 12340001-0000-1000-8000-00805f9b34fb | Data: 236 bytes | Hex: 4e127252bd1a4c50860cf05dce3e7b174e127252bd1a4c50860cf05dce3e7b17020100000017aa8a08b63523502670491435818bb3f87963b4bd3b94d812cd86 | ASCII: N.rR..LP...].>{.N.rR..LP...].>{...........5#P&pI.5....yc..;..... [TRUNCATED]
2026-01-04 04:15:35.668 | DEBUG    | 📥 Pacote recebido de uplink: 4e127252... → 4e127252... (type=MessageType(2), ttl=1)
2026-01-04 04:15:35.669 | DEBUG    | Source 4e127252...: seq=23 (novo highest, window: 14 seqs)
2026-01-04 04:15:35.669 | DEBUG    | 📚 Aprendido: 4e127252... → uplink
2026-01-04 04:15:35.670 | INFO     | 📨 Entregando localmente: 4e127252... → 4e127252... (type=MessageType(2), 166 bytes)
2026-01-04 04:15:35.671 | DEBUG    | Source 4e127252...: seq=23 (novo highest, window: 14 seqs)
2026-01-04 04:15:35.671 | DEBUG    | 🔍 Verificando assinatura: sig_len=139, signature_raw_len=139
2026-01-04 04:15:35.672 | INFO     | 💓 Verificando heartbeat:
2026-01-04 04:15:35.672 | INFO     |    Sink NID: 4e127252bd1a4c50860cf05dce3e7b17
2026-01-04 04:15:35.673 | INFO     |    Timestamp: 1767500135.4915376
2026-01-04 04:15:35.674 | INFO     |    Data to verify: 4e127252bd1a4c50860cf05dce3e7b1741da567a59df755a
2026-01-04 04:15:35.675 | INFO     | 🔍 Verificando assinatura:
2026-01-04 04:15:35.676 | INFO     |    Data: 24 bytes | 4e127252bd1a4c50860cf05dce3e7b1741da567a59df755a...
2026-01-04 04:15:35.677 | INFO     |    Signature: 139 bytes | 308188024201670278ae67d888beb3afc925a036700d6f1618ff98938d981f3b...
2026-01-04 04:15:35.688 | INFO     | ✅ Assinatura verificada com sucesso!
2026-01-04 04:15:35.690 | DEBUG    | ✅ Assinatura de heartbeat válida
2026-01-04 04:15:35.691 | DEBUG    | 💓 Heartbeat recebido (seq=23, age=0.20s)
2026-01-04 04:15:40.662 | INFO     | [OP-20260104_041405-0051] NOTIFICATION | Remote: E0:D3:62:D7:47:03 | Char: 12340001-0000-1000-8000-00805f9b34fb | Data: 236 bytes | Hex: 4e127252bd1a4c50860cf05dce3e7b174e127252bd1a4c50860cf05dce3e7b170201000000180b59c7f9cb4ce60bb904e7264cfb206d6485356f2c5bb026742f | ASCII: N.rR..LP...].>{.N.rR..LP...].>{........Y...L.....&L. md.5o,[.&t/ [TRUNCATED]
2026-01-04 04:15:40.664 | DEBUG    | 📥 Pacote recebido de uplink: 4e127252... → 4e127252... (type=MessageType(2), ttl=1)
2026-01-04 04:15:40.664 | DEBUG    | Source 4e127252...: seq=24 (novo highest, window: 15 seqs)
2026-01-04 04:15:40.665 | DEBUG    | 📚 Aprendido: 4e127252... → uplink
2026-01-04 04:15:40.665 | INFO     | 📨 Entregando localmente: 4e127252... → 4e127252... (type=MessageType(2), 166 bytes)
2026-01-04 04:15:40.666 | DEBUG    | Source 4e127252...: seq=24 (novo highest, window: 15 seqs)
2026-01-04 04:15:40.667 | DEBUG    | 🔍 Verificando assinatura: sig_len=139, signature_raw_len=139
2026-01-04 04:15:40.667 | INFO     | 💓 Verificando heartbeat:
2026-01-04 04:15:40.668 | INFO     |    Sink NID: 4e127252bd1a4c50860cf05dce3e7b17
2026-01-04 04:15:40.669 | INFO     |    Timestamp: 1767500140.4959598
2026-01-04 04:15:40.670 | INFO     |    Data to verify: 4e127252bd1a4c50860cf05dce3e7b1741da567a5b1fbdce
2026-01-04 04:15:40.671 | INFO     | 🔍 Verificando assinatura:
2026-01-04 04:15:40.672 | INFO     |    Data: 24 bytes | 4e127252bd1a4c50860cf05dce3e7b1741da567a5b1fbdce...
2026-01-04 04:15:40.672 | INFO     |    Signature: 139 bytes | 308188024201134d020d126b573f2d77a39e24a5a135c0954ff28834ab1304c7...
2026-01-04 04:15:40.683 | INFO     | ✅ Assinatura verificada com sucesso!
2026-01-04 04:15:40.686 | DEBUG    | ✅ Assinatura de heartbeat válida
2026-01-04 04:15:40.686 | DEBUG    | 💓 Heartbeat recebido (seq=24, age=0.19s)
2026-01-04 04:15:45.611 | INFO     | [OP-20260104_041405-0052] NOTIFICATION | Remote: E0:D3:62:D7:47:03 | Char: 12340001-0000-1000-8000-00805f9b34fb | Data: 236 bytes | Hex: 4e127252bd1a4c50860cf05dce3e7b174e127252bd1a4c50860cf05dce3e7b170201000000194a5b9bcc578a75af1ba38bfd50dc766d187bb269e02251385141 | ASCII: N.rR..LP...].>{.N.rR..LP...].>{.......J[..W.u.....P.vm.{.i."Q8QA [TRUNCATED]
2026-01-04 04:15:45.613 | DEBUG    | 📥 Pacote recebido de uplink: 4e127252... → 4e127252... (type=MessageType(2), ttl=1)
2026-01-04 04:15:45.614 | DEBUG    | Source 4e127252...: seq=25 (novo highest, window: 16 seqs)
2026-01-04 04:15:45.614 | DEBUG    | 📚 Aprendido: 4e127252... → uplink
2026-01-04 04:15:45.615 | INFO     | 📨 Entregando localmente: 4e127252... → 4e127252... (type=MessageType(2), 166 bytes)
2026-01-04 04:15:45.616 | DEBUG    | Source 4e127252...: seq=25 (novo highest, window: 16 seqs)
2026-01-04 04:15:45.616 | DEBUG    | 🔍 Verificando assinatura: sig_len=139, signature_raw_len=139
2026-01-04 04:15:45.617 | INFO     | 💓 Verificando heartbeat:
2026-01-04 04:15:45.618 | INFO     |    Sink NID: 4e127252bd1a4c50860cf05dce3e7b17
2026-01-04 04:15:45.619 | INFO     |    Timestamp: 1767500145.493004
2026-01-04 04:15:45.620 | INFO     |    Data to verify: 4e127252bd1a4c50860cf05dce3e7b1741da567a5c5f8d61
2026-01-04 04:15:45.621 | INFO     | 🔍 Verificando assinatura:
2026-01-04 04:15:45.622 | INFO     |    Data: 24 bytes | 4e127252bd1a4c50860cf05dce3e7b1741da567a5c5f8d61...
2026-01-04 04:15:45.624 | INFO     |    Signature: 139 bytes | 3081880242016b1864892d309136471879ae5d945aefcc3e08ecb39c3bac7acd...
2026-01-04 04:15:45.633 | INFO     | ✅ Assinatura verificada com sucesso!
2026-01-04 04:15:45.634 | DEBUG    | ✅ Assinatura de heartbeat válida
2026-01-04 04:15:45.634 | DEBUG    | 💓 Heartbeat recebido (seq=25, age=0.14s)
2026-01-04 04:15:50.607 | INFO     | [OP-20260104_041405-0053] NOTIFICATION | Remote: E0:D3:62:D7:47:03 | Char: 12340001-0000-1000-8000-00805f9b34fb | Data: 236 bytes | Hex: 4e127252bd1a4c50860cf05dce3e7b174e127252bd1a4c50860cf05dce3e7b1702010000001a311df4726eb455ef6fecfda2212c58f755a8e94d415e51a8697c | ASCII: N.rR..LP...].>{.N.rR..LP...].>{.......1..rn.U.o...!,X.U..MA^Q.i| [TRUNCATED]
2026-01-04 04:15:50.608 | DEBUG    | 📥 Pacote recebido de uplink: 4e127252... → 4e127252... (type=MessageType(2), ttl=1)
2026-01-04 04:15:50.609 | DEBUG    | Source 4e127252...: seq=26 (novo highest, window: 17 seqs)
2026-01-04 04:15:50.609 | DEBUG    | 📚 Aprendido: 4e127252... → uplink
2026-01-04 04:15:50.610 | INFO     | 📨 Entregando localmente: 4e127252... → 4e127252... (type=MessageType(2), 166 bytes)
2026-01-04 04:15:50.611 | DEBUG    | Source 4e127252...: seq=26 (novo highest, window: 17 seqs)
2026-01-04 04:15:50.612 | DEBUG    | 🔍 Verificando assinatura: sig_len=139, signature_raw_len=139
2026-01-04 04:15:50.612 | INFO     | 💓 Verificando heartbeat:
2026-01-04 04:15:50.613 | INFO     |    Sink NID: 4e127252bd1a4c50860cf05dce3e7b17
2026-01-04 04:15:50.614 | INFO     |    Timestamp: 1767500150.4959176
2026-01-04 04:15:50.615 | INFO     |    Data to verify: 4e127252bd1a4c50860cf05dce3e7b1741da567a5d9fbd1d
2026-01-04 04:15:50.616 | INFO     | 🔍 Verificando assinatura:
2026-01-04 04:15:50.617 | INFO     |    Data: 24 bytes | 4e127252bd1a4c50860cf05dce3e7b1741da567a5d9fbd1d...
2026-01-04 04:15:50.618 | INFO     |    Signature: 139 bytes | 308188024201b4bdc8b3be3748ed154b93defe8105a9218b5cb643f7a11570ff...
2026-01-04 04:15:50.625 | INFO     | ✅ Assinatura verificada com sucesso!
2026-01-04 04:15:50.626 | DEBUG    | ✅ Assinatura de heartbeat válida
2026-01-04 04:15:50.626 | DEBUG    | 💓 Heartbeat recebido (seq=26, age=0.13s)
2026-01-04 04:15:54.518 | DEBUG    | 🔐 End-to-end wrap: 8 → 36 bytes (AES-256-GCM)
2026-01-04 04:15:54.519 | INFO     | 🔐 Payload encriptado end-to-end: 8 → 36 bytes
2026-01-04 04:15:54.523 | INFO     | [OP-20260104_041405-0054] WRITE_REQUEST | Remote: E0:D3:62:D7:47:03 | Char: 12340001-0000-1000-8000-00805f9b34fb | Data: 106 bytes | Hex: a40543face324331ad8d4798037bfbc74e127252bd1a4c50860cf05dce3e7b17010a000000009418848bc11ce1566a22f2c0a3a90bc0d2b1f408f8cff9c84154 | ASCII: ..C..2C1..G..{..N.rR..LP...].>{..............Vj"..............AT [TRUNCATED]
2026-01-04 04:15:54.610 | DEBUG    | ✅ Write via SimpleBLE: 12340001-0000-1000-8000-00805f9b34fb (106 bytes)
2026-01-04 04:15:54.611 | INFO     | [OP-20260104_041405-0055] WRITE_SUCCESS | Remote: E0:D3:62:D7:47:03 | Char: 12340001-0000-1000-8000-00805f9b34fb
2026-01-04 04:15:54.613 | INFO     | ✅ Mensagem enviada para 4e127252...
2026-01-04 04:15:55.648 | INFO     | [OP-20260104_041405-0056] NOTIFICATION | Remote: E0:D3:62:D7:47:03 | Char: 12340001-0000-1000-8000-00805f9b34fb | Data: 236 bytes | Hex: 4e127252bd1a4c50860cf05dce3e7b174e127252bd1a4c50860cf05dce3e7b1702010000001b066515dfbc411e435ea6840024152efa2e568d8ecd717094dd80 | ASCII: N.rR..LP...].>{.N.rR..LP...].>{........e...A.C^...$....V...qp... [TRUNCATED]
2026-01-04 04:15:55.650 | DEBUG    | 📥 Pacote recebido de uplink: 4e127252... → 4e127252... (type=MessageType(2), ttl=1)
2026-01-04 04:15:55.650 | DEBUG    | Source 4e127252...: seq=27 (novo highest, window: 18 seqs)
2026-01-04 04:15:55.651 | DEBUG    | 📚 Aprendido: 4e127252... → uplink
2026-01-04 04:15:55.651 | INFO     | 📨 Entregando localmente: 4e127252... → 4e127252... (type=MessageType(2), 166 bytes)
2026-01-04 04:15:55.652 | DEBUG    | Source 4e127252...: seq=27 (novo highest, window: 18 seqs)
2026-01-04 04:15:55.653 | DEBUG    | 🔍 Verificando assinatura: sig_len=139, signature_raw_len=139
2026-01-04 04:15:55.653 | INFO     | 💓 Verificando heartbeat:
2026-01-04 04:15:55.654 | INFO     |    Sink NID: 4e127252bd1a4c50860cf05dce3e7b17
2026-01-04 04:15:55.655 | INFO     |    Timestamp: 1767500155.4919376
2026-01-04 04:15:55.656 | INFO     |    Data to verify: 4e127252bd1a4c50860cf05dce3e7b1741da567a5edf7be8
2026-01-04 04:15:55.657 | INFO     | 🔍 Verificando assinatura:
2026-01-04 04:15:55.658 | INFO     |    Data: 24 bytes | 4e127252bd1a4c50860cf05dce3e7b1741da567a5edf7be8...
2026-01-04 04:15:55.659 | INFO     |    Signature: 139 bytes | 3081880242013f74123a494981407c8326564a389d593aefb74f01972c937e05...
2026-01-04 04:15:55.669 | INFO     | ✅ Assinatura verificada com sucesso!
2026-01-04 04:15:55.670 | DEBUG    | ✅ Assinatura de heartbeat válida
2026-01-04 04:15:55.671 | DEBUG    | 💓 Heartbeat recebido (seq=27, age=0.18s)
2026-01-04 04:16:00.597 | INFO     | [OP-20260104_041405-0057] NOTIFICATION | Remote: E0:D3:62:D7:47:03 | Char: 12340001-0000-1000-8000-00805f9b34fb | Data: 236 bytes | Hex: 4e127252bd1a4c50860cf05dce3e7b174e127252bd1a4c50860cf05dce3e7b1702010000001cf45ce861bd26848c9e7b1f0f4aa16a2e41aa913bb4b519f705eb | ASCII: N.rR..LP...].>{.N.rR..LP...].>{........\.a.&...{..J.j.A..;...... [TRUNCATED]
2026-01-04 04:16:00.598 | DEBUG    | 📥 Pacote recebido de uplink: 4e127252... → 4e127252... (type=MessageType(2), ttl=1)
2026-01-04 04:16:00.598 | DEBUG    | Source 4e127252...: seq=28 (novo highest, window: 19 seqs)
2026-01-04 04:16:00.599 | DEBUG    | 📚 Aprendido: 4e127252... → uplink
2026-01-04 04:16:00.600 | INFO     | 📨 Entregando localmente: 4e127252... → 4e127252... (type=MessageType(2), 166 bytes)
2026-01-04 04:16:00.601 | DEBUG    | Source 4e127252...: seq=28 (novo highest, window: 19 seqs)
2026-01-04 04:16:00.601 | DEBUG    | 🔍 Verificando assinatura: sig_len=138, signature_raw_len=138
2026-01-04 04:16:00.602 | INFO     | 💓 Verificando heartbeat:
2026-01-04 04:16:00.603 | INFO     |    Sink NID: 4e127252bd1a4c50860cf05dce3e7b17
2026-01-04 04:16:00.604 | INFO     |    Timestamp: 1767500160.4958007
2026-01-04 04:16:00.604 | INFO     |    Data to verify: 4e127252bd1a4c50860cf05dce3e7b1741da567a601fbb33
2026-01-04 04:16:00.605 | INFO     | 🔍 Verificando assinatura:
2026-01-04 04:16:00.606 | INFO     |    Data: 24 bytes | 4e127252bd1a4c50860cf05dce3e7b1741da567a601fbb33...
2026-01-04 04:16:00.607 | INFO     |    Signature: 138 bytes | 30818702420115bda340c10593cc6a3fd301819878826b9fb62ca2ace20f6594...
2026-01-04 04:16:00.615 | INFO     | ✅ Assinatura verificada com sucesso!
2026-01-04 04:16:00.618 | DEBUG    | ✅ Assinatura de heartbeat válida
2026-01-04 04:16:00.619 | DEBUG    | 💓 Heartbeat recebido (seq=28, age=0.12s)
2026-01-04 04:16:05.639 | INFO     | [OP-20260104_041405-0058] NOTIFICATION | Remote: E0:D3:62:D7:47:03 | Char: 12340001-0000-1000-8000-00805f9b34fb | Data: 236 bytes | Hex: 4e127252bd1a4c50860cf05dce3e7b174e127252bd1a4c50860cf05dce3e7b1702010000001df733166a69408b94cb8e5f57dd258c3b5b7696271b549867dbca | ASCII: N.rR..LP...].>{.N.rR..LP...].>{........3.ji@...._W.%.;[v.'.T.g.. [TRUNCATED]
2026-01-04 04:16:05.640 | DEBUG    | 📥 Pacote recebido de uplink: 4e127252... → 4e127252... (type=MessageType(2), ttl=1)
2026-01-04 04:16:05.641 | DEBUG    | Source 4e127252...: seq=29 (novo highest, window: 20 seqs)
2026-01-04 04:16:05.641 | DEBUG    | 📚 Aprendido: 4e127252... → uplink
2026-01-04 04:16:05.642 | INFO     | 📨 Entregando localmente: 4e127252... → 4e127252... (type=MessageType(2), 166 bytes)
2026-01-04 04:16:05.643 | DEBUG    | Source 4e127252...: seq=29 (novo highest, window: 20 seqs)
2026-01-04 04:16:05.643 | DEBUG    | 🔍 Verificando assinatura: sig_len=138, signature_raw_len=138
2026-01-04 04:16:05.644 | INFO     | 💓 Verificando heartbeat:
2026-01-04 04:16:05.645 | INFO     |    Sink NID: 4e127252bd1a4c50860cf05dce3e7b17
2026-01-04 04:16:05.646 | INFO     |    Timestamp: 1767500165.4917042
2026-01-04 04:16:05.646 | INFO     |    Data to verify: 4e127252bd1a4c50860cf05dce3e7b1741da567a615f7815
2026-01-04 04:16:05.647 | INFO     | 🔍 Verificando assinatura:
2026-01-04 04:16:05.648 | INFO     |    Data: 24 bytes | 4e127252bd1a4c50860cf05dce3e7b1741da567a615f7815...
2026-01-04 04:16:05.649 | INFO     |    Signature: 138 bytes | 308187024201721128152ceeb6bd36a44e9974354e55257d0bb0f91a090a60f1...
2026-01-04 04:16:05.661 | INFO     | ✅ Assinatura verificada com sucesso!
2026-01-04 04:16:05.662 | DEBUG    | ✅ Assinatura de heartbeat válida
2026-01-04 04:16:05.662 | DEBUG    | 💓 Heartbeat recebido (seq=29, age=0.17s)
2026-01-04 04:16:10.632 | INFO     | [OP-20260104_041405-0059] NOTIFICATION | Remote: E0:D3:62:D7:47:03 | Char: 12340001-0000-1000-8000-00805f9b34fb | Data: 236 bytes | Hex: 4e127252bd1a4c50860cf05dce3e7b174e127252bd1a4c50860cf05dce3e7b1702010000001e0a32f92ccf791a6066b46c32e98a94276d82f9206a3818232ee7 | ASCII: N.rR..LP...].>{.N.rR..LP...].>{........2.,.y.`f.l2...'m.. j8.#.. [TRUNCATED]
2026-01-04 04:16:10.633 | DEBUG    | 📥 Pacote recebido de uplink: 4e127252... → 4e127252... (type=MessageType(2), ttl=1)
2026-01-04 04:16:10.634 | DEBUG    | Source 4e127252...: seq=30 (novo highest, window: 21 seqs)
2026-01-04 04:16:10.634 | DEBUG    | 📚 Aprendido: 4e127252... → uplink
2026-01-04 04:16:10.635 | INFO     | 📨 Entregando localmente: 4e127252... → 4e127252... (type=MessageType(2), 166 bytes)
2026-01-04 04:16:10.636 | DEBUG    | Source 4e127252...: seq=30 (novo highest, window: 21 seqs)
2026-01-04 04:16:10.636 | DEBUG    | 🔍 Verificando assinatura: sig_len=137, signature_raw_len=137
2026-01-04 04:16:10.637 | INFO     | 💓 Verificando heartbeat:
2026-01-04 04:16:10.638 | INFO     |    Sink NID: 4e127252bd1a4c50860cf05dce3e7b17
2026-01-04 04:16:10.639 | INFO     |    Timestamp: 1767500170.4958854
2026-01-04 04:16:10.639 | INFO     |    Data to verify: 4e127252bd1a4c50860cf05dce3e7b1741da567a629fbc96
2026-01-04 04:16:10.640 | INFO     | 🔍 Verificando assinatura:
2026-01-04 04:16:10.641 | INFO     |    Data: 24 bytes | 4e127252bd1a4c50860cf05dce3e7b1741da567a629fbc96...
2026-01-04 04:16:10.642 | INFO     |    Signature: 137 bytes | 30818602414545a1668396a4df39b242195ece01b0c0b0ed01a1c1682f12c432...
2026-01-04 04:16:10.652 | INFO     | ✅ Assinatura verificada com sucesso!
2026-01-04 04:16:10.653 | DEBUG    | ✅ Assinatura de heartbeat válida
2026-01-04 04:16:10.654 | DEBUG    | 💓 Heartbeat recebido (seq=30, age=0.16s)
2026-01-04 04:16:15.674 | INFO     | [OP-20260104_041405-0060] NOTIFICATION | Remote: E0:D3:62:D7:47:03 | Char: 12340001-0000-1000-8000-00805f9b34fb | Data: 236 bytes | Hex: 4e127252bd1a4c50860cf05dce3e7b174e127252bd1a4c50860cf05dce3e7b1702010000001fd7bf80d4d0d349c9e0f7ff0ca43e6f71d611858866dc7176abac | ASCII: N.rR..LP...].>{.N.rR..LP...].>{.............I......>oq....f.qv.. [TRUNCATED]
2026-01-04 04:16:15.675 | DEBUG    | 📥 Pacote recebido de uplink: 4e127252... → 4e127252... (type=MessageType(2), ttl=1)
2026-01-04 04:16:15.676 | DEBUG    | Source 4e127252...: seq=31 (novo highest, window: 22 seqs)
2026-01-04 04:16:15.677 | DEBUG    | 📚 Aprendido: 4e127252... → uplink
2026-01-04 04:16:15.677 | INFO     | 📨 Entregando localmente: 4e127252... → 4e127252... (type=MessageType(2), 166 bytes)
2026-01-04 04:16:15.678 | DEBUG    | Source 4e127252...: seq=31 (novo highest, window: 22 seqs)
2026-01-04 04:16:15.679 | DEBUG    | 🔍 Verificando assinatura: sig_len=138, signature_raw_len=138
2026-01-04 04:16:15.679 | INFO     | 💓 Verificando heartbeat:
2026-01-04 04:16:15.680 | INFO     |    Sink NID: 4e127252bd1a4c50860cf05dce3e7b17
2026-01-04 04:16:15.681 | INFO     |    Timestamp: 1767500175.4957407
2026-01-04 04:16:15.682 | INFO     |    Data to verify: 4e127252bd1a4c50860cf05dce3e7b1741da567a63dfba37
2026-01-04 04:16:15.683 | INFO     | 🔍 Verificando assinatura:
2026-01-04 04:16:15.684 | INFO     |    Data: 24 bytes | 4e127252bd1a4c50860cf05dce3e7b1741da567a63dfba37...
2026-01-04 04:16:15.685 | INFO     |    Signature: 138 bytes | 3081870241284f44a708895c6252ba813db0a7e299302580cca200a022f41a33...
2026-01-04 04:16:15.696 | INFO     | ✅ Assinatura verificada com sucesso!
2026-01-04 04:16:15.698 | DEBUG    | ✅ Assinatura de heartbeat válida
2026-01-04 04:16:15.699 | DEBUG    | 💓 Heartbeat recebido (seq=31, age=0.20s)
2026-01-04 04:16:25.840 | WARNING  | ⚠️  Sem heartbeat há 10.1s (último seq=31)
2026-01-04 04:16:26.841 | WARNING  | ⚠️  Sem heartbeat há 11.1s (último seq=31)
2026-01-04 04:16:27.823 | INFO     | A parar Node...
2026-01-04 04:16:27.825 | INFO     | A parar GATT Server...
2026-01-04 04:16:27.829 | INFO     | ✅ GATT Server parado
2026-01-04 04:16:30.037 | WARNING  | ⚠️  Sem heartbeat há 14.3s (último seq=31)
2026-01-04 04:16:30.043 | INFO     | Desconectado de E0:D3:62:D7:47:03
2026-01-04 04:16:30.045 | INFO     | [OP-20260104_041405-0061] DISCONNECT | Remote: E0:D3:62:D7:47:03 | Reason: normal
2026-01-04 04:16:30.048 | INFO     | ✅ Node parado
