2025-12-27 19:21:08.825 | INFO     | BLE Operation Logger iniciado: ble_operations_A08869B6F7D2_20251227_192108.log
2025-12-27 19:21:08.826 | INFO     | Scanner BLE iniciado: hci0 (A0:88:69:B6:F7:D2)
2025-12-27 19:21:08.827 | INFO     | ✅ Scanner BLE iniciado
2025-12-27 19:21:08.827 | INFO     |    Adaptador: hci0
2025-12-27 19:21:08.827 | INFO     |    Endereço: A0:88:69:B6:F7:D2
2025-12-27 19:21:08.828 | INFO     | 
2025-12-27 19:21:08.829 | INFO     | 🔍 A fazer scan de TODOS os dispositivos BLE...
2025-12-27 19:21:08.829 | INFO     |    Duração: 10 segundos (scan mais longo para aumentar chances)
2025-12-27 19:21:08.829 | INFO     |    ATENÇÃO: Sem filtro - vai mostrar tudo!
2025-12-27 19:21:08.830 | INFO     | 
2025-12-27 19:21:08.832 | INFO     | A fazer scan BLE durante 10000ms...
2025-12-27 19:21:08.833 | INFO     | [OP-20251227_192108-0001] SCAN_START | Duration: 10000ms | Filter_IoT: False
2025-12-27 19:21:18.857 | DEBUG    |   Encontrado: Unknown (49:BD:DD:B8:A7:4C) RSSI: -86 dBm
2025-12-27 19:21:18.858 | DEBUG    |   Encontrado: Unknown (73:8C:06:0A:57:D0) RSSI: -87 dBm
2025-12-27 19:21:18.860 | DEBUG    |   Encontrado: IoT-Node (E0:D3:62:D6:EE:A0) RSSI: -57 dBm
2025-12-27 19:21:18.862 | DEBUG    |   Encontrado: [TV] Samsung 7 Series (65) (FC:03:9F:1D:14:49) RSSI: -94 dBm
2025-12-27 19:21:18.862 | INFO     | Scan concluído: 4 dispositivos encontrados
2025-12-27 19:21:18.863 | INFO     | [OP-20251227_192108-0002] SCAN_RESULT | Devices_Found: 4
2025-12-27 19:21:18.863 | DEBUG    | [OP-20251227_192108-0002]   Device_1: Name: Unknown | Address: 49:BD:DD:B8:A7:4C | RSSI: -86 dBm | Services: 0
2025-12-27 19:21:18.863 | DEBUG    | [OP-20251227_192108-0002]   Device_2: Name: Unknown | Address: 73:8C:06:0A:57:D0 | RSSI: -87 dBm | Services: 0
2025-12-27 19:21:18.864 | DEBUG    | [OP-20251227_192108-0002]   Device_3: Name: IoT-Node | Address: E0:D3:62:D6:EE:A0 | RSSI: -57 dBm | Services: 4
2025-12-27 19:21:18.864 | DEBUG    | [OP-20251227_192108-0002]   Device_4: Name: [TV] Samsung 7 Series (65) | Address: FC:03:9F:1D:14:49 | RSSI: -94 dBm | Services: 5
2025-12-27 19:21:18.864 | INFO     | ======================================================================
2025-12-27 19:21:18.864 | INFO     | 📊 RESULTADOS DO SCAN
2025-12-27 19:21:18.866 | INFO     | ======================================================================
2025-12-27 19:21:18.867 | INFO     | Total de dispositivos BLE encontrados: 4
2025-12-27 19:21:18.868 | INFO     | 
2025-12-27 19:21:18.869 | WARNING  | ⚠️  NENHUM dispositivo IoT Network encontrado
2025-12-27 19:21:18.870 | WARNING  |     (procurando por Service UUID: 12340000-0000-1000-8000-00805f9b34fb)
2025-12-27 19:21:18.871 | WARNING  | 
2025-12-27 19:21:18.873 | INFO     | 📱 OUTROS DISPOSITIVOS BLE (não-IoT):
2025-12-27 19:21:18.873 | INFO     | 
2025-12-27 19:21:18.874 | INFO     |   [1] Unknown
2025-12-27 19:21:18.875 | INFO     |       Endereço BLE: 49:BD:DD:B8:A7:4C
2025-12-27 19:21:18.876 | INFO     |       RSSI: -86 dBm
2025-12-27 19:21:18.877 | INFO     |       Service UUIDs: <nenhum UUID anunciado>
2025-12-27 19:21:18.877 | INFO     |       Manufacturer Data: 1 entries
2025-12-27 19:21:18.879 | INFO     | 
2025-12-27 19:21:18.880 | INFO     |   [2] Unknown
2025-12-27 19:21:18.882 | INFO     |       Endereço BLE: 73:8C:06:0A:57:D0
2025-12-27 19:21:18.883 | INFO     |       RSSI: -87 dBm
2025-12-27 19:21:18.884 | INFO     |       Service UUIDs: <nenhum UUID anunciado>
2025-12-27 19:21:18.885 | INFO     |       Manufacturer Data: 1 entries
2025-12-27 19:21:18.886 | INFO     | 
2025-12-27 19:21:18.887 | INFO     |   [3] IoT-Node
2025-12-27 19:21:18.888 | INFO     |       Endereço BLE: E0:D3:62:D6:EE:A0
2025-12-27 19:21:18.888 | INFO     |       RSSI: -57 dBm
2025-12-27 19:21:18.889 | INFO     |       Service UUIDs anunciados: 4
2025-12-27 19:21:18.890 | INFO     |         - <simplepyble._simplepyble.Service object at 0x7f17ab313c70>
2025-12-27 19:21:18.890 | INFO     |         - <simplepyble._simplepyble.Service object at 0x7f17ab312c30>
2025-12-27 19:21:18.891 | INFO     |         - <simplepyble._simplepyble.Service object at 0x7f17ab313570>
2025-12-27 19:21:18.892 | INFO     |         - <simplepyble._simplepyble.Service object at 0x7f17ab3132f0>
2025-12-27 19:21:18.893 | INFO     | 
2025-12-27 19:21:18.895 | INFO     |   [4] [TV] Samsung 7 Series (65)
2025-12-27 19:21:18.896 | INFO     |       Endereço BLE: FC:03:9F:1D:14:49
2025-12-27 19:21:18.896 | INFO     |       RSSI: -94 dBm
2025-12-27 19:21:18.897 | INFO     |       Service UUIDs anunciados: 5
2025-12-27 19:21:18.898 | INFO     |         - <simplepyble._simplepyble.Service object at 0x7f17ab312d30>
2025-12-27 19:21:18.898 | INFO     |         - <simplepyble._simplepyble.Service object at 0x7f17ab313e70>
2025-12-27 19:21:18.899 | INFO     |         - <simplepyble._simplepyble.Service object at 0x7f17ab313570>
2025-12-27 19:21:18.900 | INFO     |         - <simplepyble._simplepyble.Service object at 0x7f17ab312b30>
2025-12-27 19:21:18.901 | INFO     |         - <simplepyble._simplepyble.Service object at 0x7f17ab312b70>
2025-12-27 19:21:18.901 | INFO     |       Manufacturer Data: 1 entries
2025-12-27 19:21:18.902 | INFO     | 
2025-12-27 19:21:18.902 | INFO     | ======================================================================
2025-12-27 19:21:18.902 | INFO     | 📋 RESUMO DO DIAGNÓSTICO
2025-12-27 19:21:18.903 | INFO     | ======================================================================
2025-12-27 19:21:18.903 | INFO     | Total de dispositivos: 4
2025-12-27 19:21:18.904 | INFO     | Dispositivos IoT Network: 0
2025-12-27 19:21:18.905 | INFO     | Outros dispositivos: 4
2025-12-27 19:21:18.906 | INFO     | 
2025-12-27 19:21:18.906 | WARNING  | ⚠️  DIAGNÓSTICO: Problema identificado!
2025-12-27 19:21:18.907 | WARNING  | 
2025-12-27 19:21:18.907 | WARNING  | CAUSA: GATT Server não está a correr ou não está a anunciar o Service UUID correto
2025-12-27 19:21:18.907 | WARNING  | 
2025-12-27 19:21:18.908 | WARNING  | Verifica no PC do servidor:
2025-12-27 19:21:18.909 | WARNING  |   1. GATT Server está a correr?
2025-12-27 19:21:18.909 | WARNING  |      → sudo python3 examples/test_gatt_server.py hci0
2025-12-27 19:21:18.910 | WARNING  | 
2025-12-27 19:21:18.910 | WARNING  |   2. Procura por 'IoT-Node' na lista acima
2025-12-27 19:21:18.911 | WARNING  |      → Se aparecer mas sem Service UUID, o advertising está mal configurado
2025-12-27 19:21:18.911 | WARNING  |      → Se não aparecer, o servidor não está a correr ou está noutro PC
2025-12-27 19:21:18.912 | WARNING  | 
2025-12-27 19:21:18.912 | WARNING  |   3. Testa no próprio PC do servidor:
2025-12-27 19:21:18.915 | WARNING  |      → bluetoothctl
2025-12-27 19:21:18.917 | WARNING  |      → scan on
2025-12-27 19:21:18.918 | WARNING  |      → Deve aparecer 'IoT-Node'
2025-12-27 19:21:18.921 | INFO     | 
