2026-01-02 03:18:11.632 | INFO     | BLE Operation Logger iniciado: ble_operations_A08869B6F7D2_20260102_031811.log
2026-01-02 03:18:11.632 | INFO     | Scanner BLE iniciado: hci0 (A0:88:69:B6:F7:D2)
2026-01-02 03:18:11.633 | INFO     | BLE Client iniciado
2026-01-02 03:18:11.633 | DEBUG    | FragmentReassembler inicializado
2026-01-02 03:18:11.633 | INFO     | IoT Node inicializado (adapter=hci0)
2026-01-02 03:18:11.633 | INFO     | ============================================================
2026-01-02 03:18:11.634 | INFO     |   A iniciar IoT Node (dual-mode)
2026-01-02 03:18:11.634 | INFO     | ============================================================
2026-01-02 03:18:11.636 | INFO     | A configurar GATT Server...
2026-01-02 03:18:11.639 | INFO     | Application criada: /
2026-01-02 03:18:11.639 | INFO     | Service criado: /0 (UUID: 12340000-0000-1000-8000-00805f9b34fb, primary: True)
2026-01-02 03:18:11.640 | INFO     | A criar IoTNetworkService...
2026-01-02 03:18:11.643 | DEBUG    | Characteristic criada: /0/char0 (UUID: 12340001-0000-1000-8000-00805f9b34fb, flags: ['write', 'notify'])
2026-01-02 03:18:11.644 | INFO     | NetworkPacketCharacteristic criada
2026-01-02 03:18:11.645 | DEBUG    | Characteristic criada: /0/char1 (UUID: 12340002-0000-1000-8000-00805f9b34fb, flags: ['read'])
2026-01-02 03:18:11.645 | INFO     | DeviceInfoCharacteristic criada: NID=53a84472..., type=node
2026-01-02 03:18:11.647 | DEBUG    | Characteristic criada: /0/char2 (UUID: 12340003-0000-1000-8000-00805f9b34fb, flags: ['read', 'notify'])
2026-01-02 03:18:11.648 | INFO     | NeighborTableCharacteristic criada
2026-01-02 03:18:11.649 | DEBUG    | Characteristic criada: /0/char3 (UUID: 12340004-0000-1000-8000-00805f9b34fb, flags: ['write', 'indicate'])
2026-01-02 03:18:11.649 | INFO     | AuthCharacteristic criada
2026-01-02 03:18:11.651 | DEBUG    | Characteristic adicionada a /0: /0/char0
2026-01-02 03:18:11.651 | DEBUG    | Characteristic adicionada a /0: /0/char1
2026-01-02 03:18:11.652 | DEBUG    | Characteristic adicionada a /0: /0/char2
2026-01-02 03:18:11.652 | DEBUG    | Characteristic adicionada a /0: /0/char3
2026-01-02 03:18:11.652 | INFO     | ✅ IoTNetworkService criado com sucesso!
2026-01-02 03:18:11.653 | INFO     | Service adicionado à aplicação: /0
2026-01-02 03:18:11.655 | DEBUG    | Packet callback definido
2026-01-02 03:18:11.655 | DEBUG    | Auth callback definido
2026-01-02 03:18:11.656 | INFO     | Advertisement criado: /org/bluez/iot/advertisement0 (type: peripheral)
2026-01-02 03:18:11.656 | INFO     | ✅ Service UUID adicionado ao advertising: 12340000-0000-1000-8000-00805f9b34fb
2026-01-02 03:18:11.657 | INFO     |    Lista atual de UUIDs: ['12340000-0000-1000-8000-00805f9b34fb']
2026-01-02 03:18:11.659 | DEBUG    | Local name definido: IoT-Node-53a84472
2026-01-02 03:18:11.659 | DEBUG    | Manufacturer data adicionado: ID=65535
2026-01-02 03:18:11.659 | INFO     | ✅ GATT Server configurado
2026-01-02 03:18:11.661 | INFO     | A iniciar GATT Server...
2026-01-02 03:18:11.663 | INFO     | ✅ GATT Server iniciado em thread separada
2026-01-02 03:18:11.664 | INFO     | ✅ GATT Server ativo - aguardando downlinks
2026-01-02 03:18:11.665 | INFO     | 🔍 A procurar Sink...
2026-01-02 03:18:11.666 | INFO     | A fazer scan BLE durante 5000ms...
2026-01-02 03:18:11.667 | DEBUG    | GetManagedObjects called
2026-01-02 03:18:11.667 | DEBUG    | GetManagedObjects returning 5 objects
2026-01-02 03:18:11.667 | INFO     | [OP-20260102_031811-0001] SCAN_START | Duration: 5000ms | Filter_IoT: True
2026-01-02 03:18:11.728 | INFO     | ✅ GATT application registada!
2026-01-02 03:18:11.730 | DEBUG    | GetAll called on /org/bluez/iot/advertisement0
2026-01-02 03:18:11.730 | INFO     | 📡 Advertising com ServiceUUIDs: ['12340000-0000-1000-8000-00805f9b34fb']
2026-01-02 03:18:11.845 | INFO     | ✅ Advertisement registado!
2026-01-02 03:18:16.840 | INFO     | Scan concluído: 0 dispositivos encontrados
2026-01-02 03:18:16.841 | INFO     | [OP-20260102_031811-0002] SCAN_RESULT | Devices_Found: 0
2026-01-02 03:18:16.842 | INFO     | Encontrados 0 dispositivos IoT
2026-01-02 03:18:16.844 | INFO     | A fazer scan BLE durante 5000ms...
2026-01-02 03:18:16.845 | INFO     | [OP-20260102_031811-0003] SCAN_START | Duration: 5000ms | Filter_IoT: True
2026-01-02 03:18:21.861 | DEBUG    |   Encontrado: IoT-Sink-c5c55ab2 (E0:D3:62:D6:EE:A0) RSSI: -50 dBm
2026-01-02 03:18:21.862 | INFO     | Scan concluído: 1 dispositivos encontrados
2026-01-02 03:18:21.863 | INFO     | [OP-20260102_031811-0004] SCAN_RESULT | Devices_Found: 1
2026-01-02 03:18:21.863 | DEBUG    | [OP-20260102_031811-0004]   Device_1: Name: IoT-Sink-c5c55ab2 | Address: E0:D3:62:D6:EE:A0 | RSSI: -50 dBm | Services: 1
2026-01-02 03:18:21.863 | INFO     | Encontrados 1 dispositivos IoT
2026-01-02 03:18:21.863 | DEBUG    |   Device: IoT-Sink-c5c55ab2 (E0:D3:62:D6:EE:A0) RSSI: -50 dBm
2026-01-02 03:18:21.864 | DEBUG    |     Type=0, HopCount=255
2026-01-02 03:18:21.864 | INFO     | ✅ Sink encontrado: IoT-Sink-c5c55ab2 (E0:D3:62:D6:EE:A0) RSSI: -50 dBm
2026-01-02 03:18:21.864 | INFO     | A conectar ao Sink E0:D3:62:D6:EE:A0...
2026-01-02 03:18:21.864 | DEBUG    | BLEConnection criada para E0:D3:62:D6:EE:A0
2026-01-02 03:18:21.865 | INFO     | A conectar a E0:D3:62:D6:EE:A0...
2026-01-02 03:18:21.865 | INFO     | [OP-20260102_031811-0005] CONNECT_ATTEMPT | Local: A0:88:69:B6:F7:D2 | Remote: E0:D3:62:D6:EE:A0
2026-01-02 03:18:25.567 | INFO     | ✅ Conectado a E0:D3:62:D6:EE:A0
2026-01-02 03:18:25.568 | INFO     | [OP-20260102_031811-0006] CONNECT_SUCCESS | Remote: E0:D3:62:D6:EE:A0 | Time: 3700.04ms
2026-01-02 03:18:25.569 | DEBUG    | ✅ Conexão estabelecida. Operações GATT usarão D-Bus se necessário.
2026-01-02 03:18:25.569 | INFO     | ✅ Conectado ao Sink via GATT
2026-01-02 03:18:25.572 | DEBUG    | Descobertos 4 serviços
2026-01-02 03:18:25.577 | DEBUG    | Serviço 12340000-0000-1000-8000-00805f9b34fb encontrado
2026-01-02 03:18:25.579 | INFO     | ✅ Serviço IoT Network encontrado
2026-01-02 03:18:25.580 | INFO     | A subscrever a notificações...
2026-01-02 03:18:26.097 | INFO     | ✅ Subscrito a notificações: 12340001-0000-1000-8000-00805f9b34fb
2026-01-02 03:18:26.099 | INFO     | [OP-20260102_031811-0007] SUBSCRIBE_SUCCESS | Remote: E0:D3:62:D6:EE:A0 | Char: 12340001-0000-1000-8000-00805f9b34fb
2026-01-02 03:18:26.100 | INFO     | ✅ Subscrito a NETWORK_PACKET
2026-01-02 03:18:26.101 | DEBUG    | [OP-20260102_031811-0008] READ_REQUEST | Remote: E0:D3:62:D6:EE:A0 | Service: 12340000-0000-1000-8000-00805f9b34fb | Char: 12340002-0000-1000-8000-00805f9b34fb
2026-01-02 03:18:26.197 | DEBUG    | Read 12340002-0000-1000-8000-00805f9b34fb: 18 bytes
2026-01-02 03:18:26.197 | INFO     | [OP-20260102_031811-0009] READ_RESPONSE | Remote: E0:D3:62:D6:EE:A0 | Char: 12340002-0000-1000-8000-00805f9b34fb | Data: 18 bytes | Hex: c5c55ab2c469427db40fbf51ab0af380ff01 | ASCII: ..Z..iB}...Q......
2026-01-02 03:18:26.198 | INFO     | ✅ Conectado ao Sink - hop_count=0
2026-01-02 03:18:26.198 | DEBUG    | Manufacturer data adicionado: ID=65535
2026-01-02 03:18:26.198 | DEBUG    | Advertisement atualizado: hop_count=0
2026-01-02 03:18:26.199 | INFO     | 🔐 A iniciar autenticação com Sink...
2026-01-02 03:18:26.199 | DEBUG    | 📡 A subscrever a AUTH characteristic...
2026-01-02 03:18:26.297 | INFO     | ✅ Subscrito a notificações: 12340004-0000-1000-8000-00805f9b34fb
2026-01-02 03:18:26.298 | INFO     | [OP-20260102_031811-0010] SUBSCRIBE_SUCCESS | Remote: E0:D3:62:D6:EE:A0 | Char: 12340004-0000-1000-8000-00805f9b34fb
2026-01-02 03:18:26.298 | DEBUG    | ✅ Subscrito a AUTH indications
2026-01-02 03:18:26.298 | INFO     | AuthenticationProtocol inicializado para 53a84472...
2026-01-02 03:18:26.298 | INFO     | 📤 Enviando certificado...
2026-01-02 03:18:26.299 | INFO     | 🔐 Iniciando autenticação - enviando certificado...
2026-01-02 03:18:26.299 | INFO     |    Certificado: 887 bytes
2026-01-02 03:18:26.300 | DEBUG    |    Estado: IDLE → CERT_SENT
2026-01-02 03:18:26.300 | INFO     | Fragmentando mensagem de 890 bytes em 5 fragmentos
2026-01-02 03:18:26.300 | DEBUG    |   Fragmento 1/5: 180 bytes, flags=0x01
2026-01-02 03:18:26.300 | DEBUG    |   Fragmento 2/5: 180 bytes, flags=0x00
2026-01-02 03:18:26.300 | DEBUG    |   Fragmento 3/5: 180 bytes, flags=0x00
2026-01-02 03:18:26.300 | DEBUG    |   Fragmento 4/5: 180 bytes, flags=0x00
2026-01-02 03:18:26.301 | DEBUG    |   Fragmento 5/5: 170 bytes, flags=0x02
2026-01-02 03:18:26.301 | DEBUG    | Enviando mensagem auth: 890 bytes em 5 fragmento(s)
2026-01-02 03:18:26.302 | INFO     | [OP-20260102_031811-0011] WRITE_REQUEST | Remote: E0:D3:62:D6:EE:A0 | Char: 12340004-0000-1000-8000-00805f9b34fb | Data: 183 bytes | Hex: 0100050103772d2d2d2d2d424547494e2043455254494649434154452d2d2d2d2d0a4d4949435954434341634b674177494241674955657479325a6c55354642 | ASCII: .....w-----BEGIN CERTIFICATE-----.MIICYTCCAcKgAwIBAgIUety2ZlU5FB [TRUNCATED]
2026-01-02 03:18:26.447 | DEBUG    | ✅ Write via SimpleBLE: 12340004-0000-1000-8000-00805f9b34fb (183 bytes)
2026-01-02 03:18:26.447 | INFO     | [OP-20260102_031811-0012] WRITE_SUCCESS | Remote: E0:D3:62:D6:EE:A0 | Char: 12340004-0000-1000-8000-00805f9b34fb
2026-01-02 03:18:26.449 | DEBUG    |   Fragmento 1/5 enviado
2026-01-02 03:18:26.550 | INFO     | [OP-20260102_031811-0013] WRITE_REQUEST | Remote: E0:D3:62:D6:EE:A0 | Char: 12340004-0000-1000-8000-00805f9b34fb | Data: 183 bytes | Hex: 0001054d446b6c765643424f5a58523362334a7249454e424d423458445449314d5449794f54497a4e44517a4d6c6f580a44544d314d5449794e7a497a4e4451 | ASCII: ...MDklvVCBOZXR3b3JrIENBMB4XDTI1MTIyOTIzNDQzMloX.DTM1MTIyNzIzNDQ [TRUNCATED]
2026-01-02 03:18:26.697 | DEBUG    | ✅ Write via SimpleBLE: 12340004-0000-1000-8000-00805f9b34fb (183 bytes)
2026-01-02 03:18:26.697 | INFO     | [OP-20260102_031811-0014] WRITE_SUCCESS | Remote: E0:D3:62:D6:EE:A0 | Char: 12340004-0000-1000-8000-00805f9b34fb
2026-01-02 03:18:26.701 | DEBUG    |   Fragmento 2/5 enviado
2026-01-02 03:18:26.804 | INFO     | [OP-20260102_031811-0015] WRITE_REQUEST | Remote: E0:D3:62:D6:EE:A0 | Char: 12340004-0000-1000-8000-00805f9b34fb | Data: 183 bytes | Hex: 000205675a7377454159484b6f5a497a6a3043415159464b34454541434d44675959414241456a5a664e4f582f456157716c626755424372633971676b43350a | ASCII: ...gZswEAYHKoZIzj0CAQYFK4EEACMDgYYABAEjZfNOX/EaWqlbgUBCrc9qgkC5. [TRUNCATED]
2026-01-02 03:18:26.946 | DEBUG    | ✅ Write via SimpleBLE: 12340004-0000-1000-8000-00805f9b34fb (183 bytes)
2026-01-02 03:18:26.947 | INFO     | [OP-20260102_031811-0016] WRITE_SUCCESS | Remote: E0:D3:62:D6:EE:A0 | Char: 12340004-0000-1000-8000-00805f9b34fb
2026-01-02 03:18:26.950 | DEBUG    |   Fragmento 3/5 enviado
2026-01-02 03:18:27.051 | INFO     | [OP-20260102_031811-0017] WRITE_REQUEST | Remote: E0:D3:62:D6:EE:A0 | Char: 12340004-0000-1000-8000-00805f9b34fb | Data: 183 bytes | Hex: 000305322b7557522b624835560a3147525a7964677179532f365a50456b4778617937714d344d44597744415944565230544151482f424149774144414f4267 | ASCII: ...2+uWR+bH5V.1GRZydgqyS/6ZPEkGxay7qM4MDYwDAYDVR0TAQH/BAIwADAOBg [TRUNCATED]
2026-01-02 03:18:27.197 | DEBUG    | ✅ Write via SimpleBLE: 12340004-0000-1000-8000-00805f9b34fb (183 bytes)
2026-01-02 03:18:27.197 | INFO     | [OP-20260102_031811-0018] WRITE_SUCCESS | Remote: E0:D3:62:D6:EE:A0 | Char: 12340004-0000-1000-8000-00805f9b34fb
2026-01-02 03:18:27.200 | DEBUG    |   Fragmento 4/5 enviado
2026-01-02 03:18:27.307 | INFO     | [OP-20260102_031811-0019] WRITE_REQUEST | Remote: E0:D3:62:D6:EE:A0 | Char: 12340004-0000-1000-8000-00805f9b34fb | Data: 173 bytes | Hex: 0204057a4233785053466831484d2f79427553464f702f794b5767580a69446f397832696f457134374b4e51567878794859475143516744444c625662666e58 | ASCII: ...zB3xPSFh1HM/yBuSFOp/yKWgX.iDo9x2ioEq47KNQVxxyHYGQCQgDDLbVbfnX [TRUNCATED]
2026-01-02 03:18:27.446 | INFO     | [OP-20260102_031811-0020] NOTIFICATION | Remote: E0:D3:62:D6:EE:A0 | Char: 12340004-0000-1000-8000-00805f9b34fb | Data: 183 bytes | Hex: 0100060203b00000038c2d2d2d2d2d424547494e2043455254494649434154452d2d2d2d2d0a4d4949436344434341644767417749424167495558355a615754 | ASCII: ..........-----BEGIN CERTIFICATE-----.MIICcDCCAdGgAwIBAgIUX5ZaWT [TRUNCATED]
2026-01-02 03:18:27.448 | DEBUG    | 🔐 AUTH indication recebida: 183 bytes
2026-01-02 03:18:27.449 | DEBUG    | Fragmento recebido: seq=0, total=6, payload=180 bytes, flags=0x01
2026-01-02 03:18:27.448 | DEBUG    | ✅ Write via SimpleBLE: 12340004-0000-1000-8000-00805f9b34fb (173 bytes)
2026-01-02 03:18:27.450 | INFO     | [OP-20260102_031811-0021] WRITE_SUCCESS | Remote: E0:D3:62:D6:EE:A0 | Char: 12340004-0000-1000-8000-00805f9b34fb
2026-01-02 03:18:27.451 | DEBUG    |   Fragmento 5/5 enviado
2026-01-02 03:18:27.449 | INFO     | Iniciando recepção de 6 fragmentos
2026-01-02 03:18:27.452 | DEBUG    | Fragmento 1/6 armazenado (1 de 6 recebidos)
2026-01-02 03:18:27.452 | DEBUG    | 🔐 Aguardando mais fragmentos AUTH...
2026-01-02 03:18:27.549 | INFO     | [OP-20260102_031811-0022] NOTIFICATION | Remote: E0:D3:62:D6:EE:A0 | Char: 12340004-0000-1000-8000-00805f9b34fb | Data: 183 bytes | Hex: 0001065642414d4d446b6c765643424f5a58523362334a7249454e424d423458445449314d54497a4d4441784e446b794e466f580a44544d314d5449794f4441 | ASCII: ...VBAMMDklvVCBOZXR3b3JrIENBMB4XDTI1MTIzMDAxNDkyNFoX.DTM1MTIyODA [TRUNCATED]
2026-01-02 03:18:27.552 | DEBUG    | Autenticação round 1/10
2026-01-02 03:18:27.553 | DEBUG    | 🔐 AUTH indication recebida: 183 bytes
2026-01-02 03:18:27.554 | DEBUG    | Fragmento recebido: seq=1, total=6, payload=180 bytes, flags=0x00
2026-01-02 03:18:27.555 | DEBUG    | Fragmento 2/6 armazenado (2 de 6 recebidos)
2026-01-02 03:18:27.555 | DEBUG    | 🔐 Aguardando mais fragmentos AUTH...
2026-01-02 03:18:27.651 | INFO     | [OP-20260102_031811-0023] NOTIFICATION | Remote: E0:D3:62:D6:EE:A0 | Char: 12340004-0000-1000-8000-00805f9b34fb | Data: 183 bytes | Hex: 0002064f4441784454414c42674e564241734d42464e70626d7377675a7377454159484b6f5a497a6a3043415159464b34454541434d44675959414241423243 | ASCII: ...ODAxDTALBgNVBAsMBFNpbmswgZswEAYHKoZIzj0CAQYFK4EEACMDgYYABAB2C [TRUNCATED]
2026-01-02 03:18:27.655 | DEBUG    | 🔐 AUTH indication recebida: 183 bytes
2026-01-02 03:18:27.656 | DEBUG    | Fragmento recebido: seq=2, total=6, payload=180 bytes, flags=0x00
2026-01-02 03:18:27.656 | DEBUG    | Fragmento 3/6 armazenado (3 de 6 recebidos)
2026-01-02 03:18:27.656 | DEBUG    | 🔐 Aguardando mais fragmentos AUTH...
2026-01-02 03:18:27.751 | INFO     | [OP-20260102_031811-0024] NOTIFICATION | Remote: E0:D3:62:D6:EE:A0 | Char: 12340004-0000-1000-8000-00805f9b34fb | Data: 183 bytes | Hex: 0003064569796e614b424c72536939516e0a695050563154362b33326e30466d39562b30376a33567052686c5941467a615036443374536d386647364d344d44 | ASCII: ...EiynaKBLrSi9Qn.iPPV1T6+32n0Fm9V+07j3VpRhlYAFzaP6D3tSm8fG6M4MD [TRUNCATED]
2026-01-02 03:18:27.753 | DEBUG    | 🔐 AUTH indication recebida: 183 bytes
2026-01-02 03:18:27.753 | DEBUG    | Fragmento recebido: seq=3, total=6, payload=180 bytes, flags=0x00
2026-01-02 03:18:27.753 | DEBUG    | Fragmento 4/6 armazenado (4 de 6 recebidos)
2026-01-02 03:18:27.753 | DEBUG    | 🔐 Aguardando mais fragmentos AUTH...
2026-01-02 03:18:27.851 | INFO     | [OP-20260102_031811-0025] NOTIFICATION | Remote: E0:D3:62:D6:EE:A0 | Char: 12340004-0000-1000-8000-00805f9b34fb | Data: 183 bytes | Hex: 0004067a3743426962455851666c4c564a2b47464b772f37666f5935637655610a6d4c435933457041355152552f3439457676693132312b346c556c4361684d | ASCII: ...z7CBibEXQflLVJ+GFKw/7foY5cvUa.mLCY3EpA5QRU/49Evvi121+4lUlCahM [TRUNCATED]
2026-01-02 03:18:27.853 | DEBUG    | 🔐 AUTH indication recebida: 183 bytes
2026-01-02 03:18:27.853 | DEBUG    | Fragmento recebido: seq=4, total=6, payload=180 bytes, flags=0x00
2026-01-02 03:18:27.854 | DEBUG    | Fragmento 5/6 armazenado (5 de 6 recebidos)
2026-01-02 03:18:27.855 | DEBUG    | 🔐 Aguardando mais fragmentos AUTH...
2026-01-02 03:18:27.948 | INFO     | [OP-20260102_031811-0026] NOTIFICATION | Remote: E0:D3:62:D6:EE:A0 | Char: 12340004-0000-1000-8000-00805f9b34fb | Data: 50 bytes | Hex: 0205065254494649434154452d2d2d2d2d0a84648342a7ef7f487234226cf8e86869061c54c1d19bdedba12b2fbeab9491d3 | ASCII: ...RTIFICATE-----..d.B...Hr4"l..hi..T......+/.....
2026-01-02 03:18:27.949 | DEBUG    | 🔐 AUTH indication recebida: 50 bytes
2026-01-02 03:18:27.949 | DEBUG    | Fragmento recebido: seq=5, total=6, payload=47 bytes, flags=0x02
2026-01-02 03:18:27.949 | DEBUG    | Fragmento 6/6 armazenado (6 de 6 recebidos)
2026-01-02 03:18:27.949 | INFO     | ✅ Mensagem reconstruída: 947 bytes (6 fragmentos)
2026-01-02 03:18:27.950 | DEBUG    | FragmentReassembler resetado
2026-01-02 03:18:27.950 | DEBUG    | 🔐 AUTH mensagem completa: 947 bytes
2026-01-02 03:18:28.053 | DEBUG    | Resposta auth lida do buffer: 947 bytes
2026-01-02 03:18:28.054 | DEBUG    | 📨 Recebido: AuthMessage(type=CHALLENGE, payload=944 bytes)
2026-01-02 03:18:28.054 | INFO     | 🎲 Challenge recebido - processando certificado + challenge...
2026-01-02 03:18:28.055 | INFO     | 📜 Extraindo certificado do peer do payload...
2026-01-02 03:18:28.058 | DEBUG    | ✅ Assinatura da CA válida
2026-01-02 03:18:28.058 | DEBUG    | ✅ Certificado válido temporalmente (expira em 2035-12-28 01:49:24+00:00)
2026-01-02 03:18:28.058 | INFO     | ✅ Certificado validado com sucesso
2026-01-02 03:18:28.059 | INFO     | ✅ Certificado do peer validado!
2026-01-02 03:18:28.060 | INFO     |    Peer NID: c5c55ab2...
2026-01-02 03:18:28.060 | INFO     |    Peer tipo: SINK
2026-01-02 03:18:28.060 | DEBUG    |    Challenge: 84648342a7ef7f487234226cf8e86869...
2026-01-02 03:18:28.062 | INFO     | ✍️  Response gerada: 137 bytes
2026-01-02 03:18:28.062 | DEBUG    |    Estado: CHALLENGE_RECEIVED
2026-01-02 03:18:28.065 | DEBUG    | 📤 Enviando resposta (140 bytes)
2026-01-02 03:18:28.065 | DEBUG    | Mensagem pequena (140 bytes), 1 fragmento
2026-01-02 03:18:28.065 | DEBUG    | Enviando mensagem auth: 140 bytes em 1 fragmento(s)
2026-01-02 03:18:28.068 | INFO     | [OP-20260102_031811-0027] WRITE_REQUEST | Remote: E0:D3:62:D6:EE:A0 | Char: 12340004-0000-1000-8000-00805f9b34fb | Data: 143 bytes | Hex: 030001030089308186024124abf4809c8b82cc1ec938da6477d463eb79a66b260a67cca21f3f9556ea26d0dcbafc868e0b3b6687126398d37b2125de74ae0e32 | ASCII: ......0...A$.........8.dw.c.y.k&.g...?.V.&.......;f..c..{!%.t..2 [TRUNCATED]
2026-01-02 03:18:28.146 | DEBUG    | ✅ Write via SimpleBLE: 12340004-0000-1000-8000-00805f9b34fb (143 bytes)
2026-01-02 03:18:28.146 | INFO     | [OP-20260102_031811-0028] WRITE_SUCCESS | Remote: E0:D3:62:D6:EE:A0 | Char: 12340004-0000-1000-8000-00805f9b34fb
2026-01-02 03:18:28.148 | DEBUG    |   Fragmento 1/1 enviado
2026-01-02 03:18:28.148 | DEBUG    | Autenticação round 2/10
2026-01-02 03:18:28.147 | INFO     | [OP-20260102_031811-0029] NOTIFICATION | Remote: E0:D3:62:D6:EE:A0 | Char: 12340004-0000-1000-8000-00805f9b34fb | Data: 6 bytes | Hex: 030001040000 | ASCII: ......
2026-01-02 03:18:28.149 | DEBUG    | 🔐 AUTH indication recebida: 6 bytes
2026-01-02 03:18:28.149 | DEBUG    | Fragmento recebido: seq=0, total=1, payload=3 bytes, flags=0x03
2026-01-02 03:18:28.149 | INFO     | Iniciando recepção de 1 fragmentos
2026-01-02 03:18:28.150 | DEBUG    | Fragmento 1/1 armazenado (1 de 1 recebidos)
2026-01-02 03:18:28.150 | INFO     | ✅ Mensagem reconstruída: 3 bytes (1 fragmentos)
2026-01-02 03:18:28.151 | DEBUG    | FragmentReassembler resetado
2026-01-02 03:18:28.151 | DEBUG    | 🔐 AUTH mensagem completa: 3 bytes
2026-01-02 03:18:28.648 | DEBUG    | Resposta auth lida do buffer: 3 bytes
2026-01-02 03:18:28.649 | DEBUG    | 📨 Recebido: AuthMessage(type=AUTH_SUCCESS, payload=0 bytes)
2026-01-02 03:18:28.650 | INFO     | ✅ Peer confirmou autenticação bem sucedida!
2026-01-02 03:18:28.651 | INFO     | ✅ Autenticação bem-sucedida!
2026-01-02 03:18:28.661 | DEBUG    | 🔑 Session key derivada: 32 bytes
2026-01-02 03:18:28.662 | INFO     | 🔑 Session key estabelecida
2026-01-02 03:18:28.663 | DEBUG    | ✅ Certificado do Sink armazenado
2026-01-02 03:18:28.664 | INFO     | ============================================================
2026-01-02 03:18:28.665 | INFO     | ✅ Node pronto! Uplink conectado (hop=0)
2026-01-02 03:18:28.666 | INFO     | ============================================================
2026-01-02 03:18:29.051 | INFO     | [OP-20260102_031811-0030] NOTIFICATION | Remote: E0:D3:62:D6:EE:A0 | Char: 12340001-0000-1000-8000-00805f9b34fb | Data: 236 bytes | Hex: c5c55ab2c469427db40fbf51ab0af380c5c55ab2c469427db40fbf51ab0af3800201000000085355658183fcde0385e45d3cee82c206309fdc7025e33c42ae4f | ASCII: ..Z..iB}...Q......Z..iB}...Q..........SUe.......]<....0..p%.<B.O [TRUNCATED]
2026-01-02 03:18:29.053 | DEBUG    | Novo source c5c55ab2...: seq=8 (primeiro pacote)
2026-01-02 03:18:29.058 | DEBUG    | ✅ Assinatura de heartbeat válida
2026-01-02 03:18:29.059 | DEBUG    | 💓 Heartbeat recebido (seq=8, age=0.13s)
2026-01-02 03:18:34.048 | INFO     | [OP-20260102_031811-0031] NOTIFICATION | Remote: E0:D3:62:D6:EE:A0 | Char: 12340001-0000-1000-8000-00805f9b34fb | Data: 236 bytes | Hex: c5c55ab2c469427db40fbf51ab0af380c5c55ab2c469427db40fbf51ab0af3800201000000092c0b47a15f4e46969ba885319292fcd76dbcea630adad25e0550 | ASCII: ..Z..iB}...Q......Z..iB}...Q..........,.G._NF....1....m..c...^.P [TRUNCATED]
2026-01-02 03:18:34.049 | DEBUG    | Source c5c55ab2...: seq=9 (novo highest, window: 2 seqs)
2026-01-02 03:18:34.052 | DEBUG    | ✅ Assinatura de heartbeat válida
2026-01-02 03:18:34.052 | DEBUG    | 💓 Heartbeat recebido (seq=9, age=0.12s)
2026-01-02 03:18:39.048 | INFO     | [OP-20260102_031811-0032] NOTIFICATION | Remote: E0:D3:62:D6:EE:A0 | Char: 12340001-0000-1000-8000-00805f9b34fb | Data: 236 bytes | Hex: c5c55ab2c469427db40fbf51ab0af380c5c55ab2c469427db40fbf51ab0af38002010000000a27f41d8c957bebb1ba902cb1fc8e30368275917e460f2089a617 | ASCII: ..Z..iB}...Q......Z..iB}...Q..........'....{....,...06.u.~F. ... [TRUNCATED]
2026-01-02 03:18:39.050 | DEBUG    | Source c5c55ab2...: seq=10 (novo highest, window: 3 seqs)
2026-01-02 03:18:39.054 | DEBUG    | ✅ Assinatura de heartbeat válida
2026-01-02 03:18:39.054 | DEBUG    | 💓 Heartbeat recebido (seq=10, age=0.12s)
2026-01-02 03:18:44.047 | INFO     | [OP-20260102_031811-0033] NOTIFICATION | Remote: E0:D3:62:D6:EE:A0 | Char: 12340001-0000-1000-8000-00805f9b34fb | Data: 236 bytes | Hex: c5c55ab2c469427db40fbf51ab0af380c5c55ab2c469427db40fbf51ab0af38002010000000b271f7b847a3007466e68ef24fe2b5d99767a3cc885d411a4f961 | ASCII: ..Z..iB}...Q......Z..iB}...Q..........'.{.z0.Fnh.$.+].vz<......a [TRUNCATED]
2026-01-02 03:18:44.049 | DEBUG    | Source c5c55ab2...: seq=11 (novo highest, window: 4 seqs)
2026-01-02 03:18:44.053 | DEBUG    | ✅ Assinatura de heartbeat válida
2026-01-02 03:18:44.053 | DEBUG    | 💓 Heartbeat recebido (seq=11, age=0.12s)
2026-01-02 03:18:49.048 | INFO     | [OP-20260102_031811-0034] NOTIFICATION | Remote: E0:D3:62:D6:EE:A0 | Char: 12340001-0000-1000-8000-00805f9b34fb | Data: 236 bytes | Hex: c5c55ab2c469427db40fbf51ab0af380c5c55ab2c469427db40fbf51ab0af38002010000000cc76f2dd9e2dac09f31ac2dd19c2cb0934138a4f8e8a556eead50 | ASCII: ..Z..iB}...Q......Z..iB}...Q...........o-.....1.-..,..A8....V..P [TRUNCATED]
2026-01-02 03:18:49.050 | DEBUG    | Source c5c55ab2...: seq=12 (novo highest, window: 5 seqs)
2026-01-02 03:18:49.054 | DEBUG    | ✅ Assinatura de heartbeat válida
2026-01-02 03:18:49.054 | DEBUG    | 💓 Heartbeat recebido (seq=12, age=0.12s)
2026-01-02 03:18:54.048 | INFO     | [OP-20260102_031811-0035] NOTIFICATION | Remote: E0:D3:62:D6:EE:A0 | Char: 12340001-0000-1000-8000-00805f9b34fb | Data: 236 bytes | Hex: c5c55ab2c469427db40fbf51ab0af380c5c55ab2c469427db40fbf51ab0af38002010000000d0aad976fd194245f8bd7abaa4ecc2551183257179b086ddbd22d | ASCII: ..Z..iB}...Q......Z..iB}...Q.............o..$_....N.%Q.2W...m..- [TRUNCATED]
2026-01-02 03:18:54.049 | DEBUG    | Source c5c55ab2...: seq=13 (novo highest, window: 6 seqs)
2026-01-02 03:18:54.054 | DEBUG    | ✅ Assinatura de heartbeat válida
2026-01-02 03:18:54.055 | DEBUG    | 💓 Heartbeat recebido (seq=13, age=0.12s)
2026-01-02 03:18:58.357 | INFO     | 
Sinal 2 recebido, a parar...
2026-01-02 03:18:58.358 | INFO     | A parar Node...
2026-01-02 03:18:58.359 | INFO     | A parar GATT Server...
2026-01-02 03:18:58.361 | INFO     | ✅ GATT Server parado
2026-01-02 03:19:00.259 | INFO     | Desconectado de E0:D3:62:D6:EE:A0
2026-01-02 03:19:00.262 | INFO     | [OP-20260102_031811-0036] DISCONNECT | Remote: E0:D3:62:D6:EE:A0 | Reason: normal
2026-01-02 03:19:00.263 | INFO     | ✅ Node parado
2026-01-02 03:19:00.264 | WARNING  | ⚠️  Conexão perdida com Sink
2026-01-02 03:19:00.265 | INFO     | A parar Node...
2026-01-02 03:19:00.266 | INFO     | A parar GATT Server...
2026-01-02 03:19:00.266 | INFO     | ✅ GATT Server parado
2026-01-02 03:19:00.267 | INFO     | ✅ Node parado
