2026-01-03 02:22:27.871 | INFO     | BLE Operation Logger iniciado: ble_operations_E0D362D6EEA0_20260103_022227.log
2026-01-03 02:22:27.872 | INFO     | Scanner BLE iniciado: hci0 (E0:D3:62:D6:EE:A0)
2026-01-03 02:22:27.873 | INFO     | BLE Client iniciado
2026-01-03 02:22:27.874 | DEBUG    | FragmentReassembler inicializado
2026-01-03 02:22:27.874 | INFO     | IoT Node inicializado (adapter=hci0)
2026-01-03 02:22:27.875 | INFO     | A configurar GATT Server...
2026-01-03 02:22:27.879 | INFO     | Application criada: /
2026-01-03 02:22:27.879 | INFO     | Service criado: /0 (UUID: 12340000-0000-1000-8000-00805f9b34fb, primary: True)
2026-01-03 02:22:27.880 | INFO     | A criar IoTNetworkService...
2026-01-03 02:22:27.880 | DEBUG    | Characteristic criada: /0/char0 (UUID: 12340001-0000-1000-8000-00805f9b34fb, flags: ['write', 'notify'])
2026-01-03 02:22:27.881 | INFO     | NetworkPacketCharacteristic criada
2026-01-03 02:22:27.881 | DEBUG    | Characteristic criada: /0/char1 (UUID: 12340002-0000-1000-8000-00805f9b34fb, flags: ['read'])
2026-01-03 02:22:27.881 | INFO     | DeviceInfoCharacteristic criada: NID=74383752..., type=node
2026-01-03 02:22:27.882 | DEBUG    | Characteristic criada: /0/char2 (UUID: 12340003-0000-1000-8000-00805f9b34fb, flags: ['read', 'notify'])
2026-01-03 02:22:27.882 | INFO     | NeighborTableCharacteristic criada
2026-01-03 02:22:27.882 | DEBUG    | Characteristic criada: /0/char3 (UUID: 12340004-0000-1000-8000-00805f9b34fb, flags: ['write', 'indicate'])
2026-01-03 02:22:27.882 | INFO     | AuthCharacteristic criada
2026-01-03 02:22:27.883 | DEBUG    | Characteristic adicionada a /0: /0/char0
2026-01-03 02:22:27.883 | DEBUG    | Characteristic adicionada a /0: /0/char1
2026-01-03 02:22:27.883 | DEBUG    | Characteristic adicionada a /0: /0/char2
2026-01-03 02:22:27.883 | DEBUG    | Characteristic adicionada a /0: /0/char3
2026-01-03 02:22:27.883 | INFO     | ✅ IoTNetworkService criado com sucesso!
2026-01-03 02:22:27.883 | INFO     | Service adicionado à aplicação: /0
2026-01-03 02:22:27.884 | DEBUG    | Packet callback definido
2026-01-03 02:22:27.884 | DEBUG    | Auth callback definido
2026-01-03 02:22:27.884 | INFO     | Advertisement criado: /org/bluez/iot/advertisement0 (type: peripheral)
2026-01-03 02:22:27.886 | INFO     | ✅ Service UUID adicionado ao advertising: 12340000-0000-1000-8000-00805f9b34fb
2026-01-03 02:22:27.887 | INFO     |    Lista atual de UUIDs: ['12340000-0000-1000-8000-00805f9b34fb']
2026-01-03 02:22:27.887 | DEBUG    | Local name definido: IoT-Node-74383752
2026-01-03 02:22:27.887 | DEBUG    | Manufacturer data adicionado: ID=65535
2026-01-03 02:22:27.887 | INFO     | ✅ GATT Server configurado
2026-01-03 02:22:27.888 | INFO     | A iniciar GATT Server...
2026-01-03 02:22:27.892 | INFO     | ✅ GATT Server iniciado em thread separada
2026-01-03 02:22:27.893 | INFO     | ✅ Node Device iniciado - CLI interativo pronto
2026-01-03 02:22:27.897 | DEBUG    | GetManagedObjects called
2026-01-03 02:22:27.898 | DEBUG    | GetManagedObjects returning 5 objects
2026-01-03 02:22:27.973 | INFO     | ✅ GATT application registada!
2026-01-03 02:22:27.974 | DEBUG    | GetAll called on /org/bluez/iot/advertisement0
2026-01-03 02:22:27.974 | INFO     | 📡 Advertising com ServiceUUIDs: ['12340000-0000-1000-8000-00805f9b34fb']
2026-01-03 02:22:28.076 | INFO     | ✅ Advertisement registado!
2026-01-03 02:22:32.106 | INFO     | A fazer scan BLE durante 5000ms...
2026-01-03 02:22:32.107 | INFO     | [OP-20260103_022227-0001] SCAN_START | Duration: 5000ms | Filter_IoT: True
2026-01-03 02:22:37.225 | DEBUG    |   Encontrado: IoT-Sink-54c225f2 (E0:D3:62:D7:47:03) RSSI: -46 dBm
2026-01-03 02:22:37.226 | INFO     | Scan concluído: 1 dispositivos encontrados
2026-01-03 02:22:37.227 | INFO     | [OP-20260103_022227-0002] SCAN_RESULT | Devices_Found: 1
2026-01-03 02:22:37.229 | DEBUG    | [OP-20260103_022227-0002]   Device_1: Name: IoT-Sink-54c225f2 | Address: E0:D3:62:D7:47:03 | RSSI: -46 dBm | Services: 1
2026-01-03 02:22:37.229 | INFO     | A fazer scan BLE durante 5000ms...
2026-01-03 02:22:37.230 | INFO     | [OP-20260103_022227-0003] SCAN_START | Duration: 5000ms | Filter_IoT: True
2026-01-03 02:22:42.259 | DEBUG    |   Encontrado: IoT-Sink-54c225f2 (E0:D3:62:D7:47:03) RSSI: -46 dBm
2026-01-03 02:22:42.260 | INFO     | Scan concluído: 1 dispositivos encontrados
2026-01-03 02:22:42.261 | INFO     | [OP-20260103_022227-0004] SCAN_RESULT | Devices_Found: 1
2026-01-03 02:22:42.263 | DEBUG    | [OP-20260103_022227-0004]   Device_1: Name: IoT-Sink-54c225f2 | Address: E0:D3:62:D7:47:03 | RSSI: -46 dBm | Services: 1
2026-01-03 02:22:47.629 | INFO     | A conectar ao Sink E0:D3:62:D7:47:03...
2026-01-03 02:22:47.631 | DEBUG    | BLEConnection criada para E0:D3:62:D7:47:03
2026-01-03 02:22:47.631 | INFO     | A conectar a E0:D3:62:D7:47:03...
2026-01-03 02:22:47.633 | INFO     | [OP-20260103_022227-0005] CONNECT_ATTEMPT | Local: E0:D3:62:D6:EE:A0 | Remote: E0:D3:62:D7:47:03
2026-01-03 02:22:50.989 | INFO     | ✅ Conectado a E0:D3:62:D7:47:03
2026-01-03 02:22:50.990 | INFO     | [OP-20260103_022227-0006] CONNECT_SUCCESS | Remote: E0:D3:62:D7:47:03 | Time: 3352.49ms
2026-01-03 02:22:50.992 | DEBUG    | ✅ Conexão estabelecida. Operações GATT usarão D-Bus se necessário.
2026-01-03 02:22:50.992 | INFO     | ✅ Conectado ao Sink via GATT
2026-01-03 02:22:50.996 | DEBUG    | Descobertos 4 serviços
2026-01-03 02:22:50.998 | DEBUG    | Serviço 12340000-0000-1000-8000-00805f9b34fb encontrado
2026-01-03 02:22:51.001 | INFO     | ✅ Serviço IoT Network encontrado
2026-01-03 02:22:51.002 | INFO     | A subscrever a notificações...
2026-01-03 02:22:51.448 | INFO     | ✅ Subscrito a notificações: 12340001-0000-1000-8000-00805f9b34fb
2026-01-03 02:22:51.450 | INFO     | [OP-20260103_022227-0007] SUBSCRIBE_SUCCESS | Remote: E0:D3:62:D7:47:03 | Char: 12340001-0000-1000-8000-00805f9b34fb
2026-01-03 02:22:51.450 | INFO     | ✅ Subscrito a NETWORK_PACKET
2026-01-03 02:22:51.452 | DEBUG    | [OP-20260103_022227-0008] READ_REQUEST | Remote: E0:D3:62:D7:47:03 | Service: 12340000-0000-1000-8000-00805f9b34fb | Char: 12340002-0000-1000-8000-00805f9b34fb
2026-01-03 02:22:51.538 | DEBUG    | Read 12340002-0000-1000-8000-00805f9b34fb: 18 bytes
2026-01-03 02:22:51.538 | INFO     | [OP-20260103_022227-0009] READ_RESPONSE | Remote: E0:D3:62:D7:47:03 | Char: 12340002-0000-1000-8000-00805f9b34fb | Data: 18 bytes | Hex: 54c225f24e894134bf27c5e9148e17c1ff01 | ASCII: T.%.N.A4.'........
2026-01-03 02:22:51.539 | INFO     | ✅ Conectado ao Sink - hop_count=0
2026-01-03 02:22:51.540 | INFO     | 🔐 A iniciar autenticação com Sink...
2026-01-03 02:22:51.540 | DEBUG    | 📡 A subscrever a AUTH characteristic...
2026-01-03 02:22:51.629 | INFO     | ✅ Subscrito a notificações: 12340004-0000-1000-8000-00805f9b34fb
2026-01-03 02:22:51.629 | INFO     | [OP-20260103_022227-0010] SUBSCRIBE_SUCCESS | Remote: E0:D3:62:D7:47:03 | Char: 12340004-0000-1000-8000-00805f9b34fb
2026-01-03 02:22:51.630 | DEBUG    | ✅ Subscrito a AUTH indications
2026-01-03 02:22:51.630 | INFO     | AuthenticationProtocol inicializado para 74383752...
2026-01-03 02:22:51.631 | INFO     | 📤 Enviando certificado...
2026-01-03 02:22:51.631 | INFO     | 🔐 Iniciando autenticação - enviando certificado...
2026-01-03 02:22:51.631 | INFO     |    Certificado: 887 bytes
2026-01-03 02:22:51.632 | DEBUG    |    Estado: IDLE → CERT_SENT
2026-01-03 02:22:51.632 | INFO     | Fragmentando mensagem de 890 bytes em 5 fragmentos
2026-01-03 02:22:51.633 | DEBUG    |   Fragmento 1/5: 180 bytes, flags=0x01
2026-01-03 02:22:51.633 | DEBUG    |   Fragmento 2/5: 180 bytes, flags=0x00
2026-01-03 02:22:51.633 | DEBUG    |   Fragmento 3/5: 180 bytes, flags=0x00
2026-01-03 02:22:51.633 | DEBUG    |   Fragmento 4/5: 180 bytes, flags=0x00
2026-01-03 02:22:51.633 | DEBUG    |   Fragmento 5/5: 170 bytes, flags=0x02
2026-01-03 02:22:51.633 | DEBUG    | Enviando mensagem auth: 890 bytes em 5 fragmento(s)
2026-01-03 02:22:51.634 | INFO     | [OP-20260103_022227-0011] WRITE_REQUEST | Remote: E0:D3:62:D7:47:03 | Char: 12340004-0000-1000-8000-00805f9b34fb | Data: 183 bytes | Hex: 0100050103772d2d2d2d2d424547494e2043455254494649434154452d2d2d2d2d0a4d4949435954434341634b674177494241674955503456317a7156365177 | ASCII: .....w-----BEGIN CERTIFICATE-----.MIICYTCCAcKgAwIBAgIUP4V1zqV6Qw [TRUNCATED]
2026-01-03 02:22:51.718 | DEBUG    | ✅ Write via SimpleBLE: 12340004-0000-1000-8000-00805f9b34fb (183 bytes)
2026-01-03 02:22:51.718 | INFO     | [OP-20260103_022227-0012] WRITE_SUCCESS | Remote: E0:D3:62:D7:47:03 | Char: 12340004-0000-1000-8000-00805f9b34fb
2026-01-03 02:22:51.719 | DEBUG    |   Fragmento 1/5 enviado
2026-01-03 02:22:51.820 | INFO     | [OP-20260103_022227-0013] WRITE_REQUEST | Remote: E0:D3:62:D7:47:03 | Char: 12340004-0000-1000-8000-00805f9b34fb | Data: 183 bytes | Hex: 0001054d446b6c765643424f5a58523362334a7249454e424d423458445449324d4445774d6a45794e446b304d316f580a44544d314d54497a4d5445794e446b | ASCII: ...MDklvVCBOZXR3b3JrIENBMB4XDTI2MDEwMjEyNDk0M1oX.DTM1MTIzMTEyNDk [TRUNCATED]
2026-01-03 02:22:51.896 | DEBUG    | ✅ Write via SimpleBLE: 12340004-0000-1000-8000-00805f9b34fb (183 bytes)
2026-01-03 02:22:51.896 | INFO     | [OP-20260103_022227-0014] WRITE_SUCCESS | Remote: E0:D3:62:D7:47:03 | Char: 12340004-0000-1000-8000-00805f9b34fb
2026-01-03 02:22:51.897 | DEBUG    |   Fragmento 2/5 enviado
2026-01-03 02:22:51.998 | INFO     | [OP-20260103_022227-0015] WRITE_REQUEST | Remote: E0:D3:62:D7:47:03 | Char: 12340004-0000-1000-8000-00805f9b34fb | Data: 183 bytes | Hex: 000205675a7377454159484b6f5a497a6a3043415159464b34454541434d4467595941424145694e696357395555554c7a5a7a31477641556d77426e636f670a | ASCII: ...gZswEAYHKoZIzj0CAQYFK4EEACMDgYYABAEiNicW9UUULzZz1GvAUmwBncog. [TRUNCATED]
2026-01-03 02:22:52.076 | DEBUG    | ✅ Write via SimpleBLE: 12340004-0000-1000-8000-00805f9b34fb (183 bytes)
2026-01-03 02:22:52.076 | INFO     | [OP-20260103_022227-0016] WRITE_SUCCESS | Remote: E0:D3:62:D7:47:03 | Char: 12340004-0000-1000-8000-00805f9b34fb
2026-01-03 02:22:52.077 | DEBUG    |   Fragmento 3/5 enviado
2026-01-03 02:22:52.178 | INFO     | [OP-20260103_022227-0017] WRITE_REQUEST | Remote: E0:D3:62:D7:47:03 | Char: 12340004-0000-1000-8000-00805f9b34fb | Data: 183 bytes | Hex: 0003056f394a6e616a4d494f760a734344654e443674516a39337452687558446a6d524b4d344d44597744415944565230544151482f424149774144414f4267 | ASCII: ...o9JnajMIOv.sCDeND6tQj93tRhuXDjmRKM4MDYwDAYDVR0TAQH/BAIwADAOBg [TRUNCATED]
2026-01-03 02:22:52.258 | DEBUG    | ✅ Write via SimpleBLE: 12340004-0000-1000-8000-00805f9b34fb (183 bytes)
2026-01-03 02:22:52.259 | INFO     | [OP-20260103_022227-0018] WRITE_SUCCESS | Remote: E0:D3:62:D7:47:03 | Char: 12340004-0000-1000-8000-00805f9b34fb
2026-01-03 02:22:52.259 | DEBUG    |   Fragmento 4/5 enviado
2026-01-03 02:22:52.361 | INFO     | [OP-20260103_022227-0019] WRITE_REQUEST | Remote: E0:D3:62:D7:47:03 | Char: 12340004-0000-1000-8000-00805f9b34fb | Data: 173 bytes | Hex: 0204056c466935494f443142454578567254414b2b776c774e2b676a0a4e3249572b3450556a78466643654f6152762b794a3734435167452b4654787a433554 | ASCII: ...lFi5IOD1BEExVrTAK+wlwN+gj.N2IW+4PUjxFfCeOaRv+yJ74CQgE+FTxzC5T [TRUNCATED]
2026-01-03 02:22:52.482 | DEBUG    | ✅ Write via SimpleBLE: 12340004-0000-1000-8000-00805f9b34fb (173 bytes)
2026-01-03 02:22:52.483 | INFO     | [OP-20260103_022227-0020] WRITE_SUCCESS | Remote: E0:D3:62:D7:47:03 | Char: 12340004-0000-1000-8000-00805f9b34fb
2026-01-03 02:22:52.483 | DEBUG    |   Fragmento 5/5 enviado
2026-01-03 02:22:52.484 | INFO     | [OP-20260103_022227-0021] NOTIFICATION | Remote: E0:D3:62:D7:47:03 | Char: 12340004-0000-1000-8000-00805f9b34fb | Data: 183 bytes | Hex: 0100060203b00000038c2d2d2d2d2d424547494e2043455254494649434154452d2d2d2d2d0a4d494943634443434164476741774942416749554a787a6b7455 | ASCII: ..........-----BEGIN CERTIFICATE-----.MIICcDCCAdGgAwIBAgIUJxzktU [TRUNCATED]
2026-01-03 02:22:52.485 | DEBUG    | 🔐 AUTH indication recebida: 183 bytes
2026-01-03 02:22:52.485 | DEBUG    | Fragmento recebido: seq=0, total=6, payload=180 bytes, flags=0x01
2026-01-03 02:22:52.485 | INFO     | Iniciando recepção de 6 fragmentos
2026-01-03 02:22:52.486 | DEBUG    | Fragmento 1/6 armazenado (1 de 6 recebidos)
2026-01-03 02:22:52.486 | DEBUG    | 🔐 Aguardando mais fragmentos AUTH...
2026-01-03 02:22:52.575 | INFO     | [OP-20260103_022227-0022] NOTIFICATION | Remote: E0:D3:62:D7:47:03 | Char: 12340004-0000-1000-8000-00805f9b34fb | Data: 183 bytes | Hex: 0001065642414d4d446b6c765643424f5a58523362334a7249454e424d423458445449324d4445774d6a45794e446b7a4d6c6f580a44544d314d54497a4d5445 | ASCII: ...VBAMMDklvVCBOZXR3b3JrIENBMB4XDTI2MDEwMjEyNDkzMloX.DTM1MTIzMTE [TRUNCATED]
2026-01-03 02:22:52.576 | DEBUG    | 🔐 AUTH indication recebida: 183 bytes
2026-01-03 02:22:52.576 | DEBUG    | Fragmento recebido: seq=1, total=6, payload=180 bytes, flags=0x00
2026-01-03 02:22:52.576 | DEBUG    | Fragmento 2/6 armazenado (2 de 6 recebidos)
2026-01-03 02:22:52.576 | DEBUG    | 🔐 Aguardando mais fragmentos AUTH...
2026-01-03 02:22:52.583 | DEBUG    | Autenticação round 1/10
2026-01-03 02:22:52.665 | INFO     | [OP-20260103_022227-0023] NOTIFICATION | Remote: E0:D3:62:D7:47:03 | Char: 12340004-0000-1000-8000-00805f9b34fb | Data: 183 bytes | Hex: 000206597a45784454414c42674e564241734d42464e70626d7377675a7377454159484b6f5a497a6a3043415159464b34454541434d44675959414241415377 | ASCII: ...YzExDTALBgNVBAsMBFNpbmswgZswEAYHKoZIzj0CAQYFK4EEACMDgYYABAASw [TRUNCATED]
2026-01-03 02:22:52.666 | DEBUG    | 🔐 AUTH indication recebida: 183 bytes
2026-01-03 02:22:52.666 | DEBUG    | Fragmento recebido: seq=2, total=6, payload=180 bytes, flags=0x00
2026-01-03 02:22:52.666 | DEBUG    | Fragmento 3/6 armazenado (3 de 6 recebidos)
2026-01-03 02:22:52.666 | DEBUG    | 🔐 Aguardando mais fragmentos AUTH...
2026-01-03 02:22:52.754 | INFO     | [OP-20260103_022227-0024] NOTIFICATION | Remote: E0:D3:62:D7:47:03 | Char: 12340004-0000-1000-8000-00805f9b34fb | Data: 183 bytes | Hex: 000306386e6a795a48523051644f4375300a6f4e41363237777a484f3239624a6f6b67614b4c486e66436d2b505643727934344a64307a434d4e50614d344d44 | ASCII: ...8njyZHR0QdOCu0.oNA627wzHO29bJokgaKLHnfCm+PVCry44Jd0zCMNPaM4MD [TRUNCATED]
2026-01-03 02:22:52.755 | DEBUG    | 🔐 AUTH indication recebida: 183 bytes
2026-01-03 02:22:52.755 | DEBUG    | Fragmento recebido: seq=3, total=6, payload=180 bytes, flags=0x00
2026-01-03 02:22:52.755 | DEBUG    | Fragmento 4/6 armazenado (4 de 6 recebidos)
2026-01-03 02:22:52.755 | DEBUG    | 🔐 Aguardando mais fragmentos AUTH...
2026-01-03 02:22:52.844 | INFO     | [OP-20260103_022227-0025] NOTIFICATION | Remote: E0:D3:62:D7:47:03 | Char: 12340004-0000-1000-8000-00805f9b34fb | Data: 183 bytes | Hex: 00040634706d4967797a644e615a4e4a506a66796561623859385839394141680a6158316663585374655142344b476a74343969626571735a70734d59754675 | ASCII: ...4pmIgyzdNaZNJPjfyeab8Y8X99AAh.aX1fcXSteQB4KGjt49ibeqsZpsMYuFu [TRUNCATED]
2026-01-03 02:22:52.845 | DEBUG    | 🔐 AUTH indication recebida: 183 bytes
2026-01-03 02:22:52.845 | DEBUG    | Fragmento recebido: seq=4, total=6, payload=180 bytes, flags=0x00
2026-01-03 02:22:52.845 | DEBUG    | Fragmento 5/6 armazenado (5 de 6 recebidos)
2026-01-03 02:22:52.845 | DEBUG    | 🔐 Aguardando mais fragmentos AUTH...
2026-01-03 02:22:52.933 | INFO     | [OP-20260103_022227-0026] NOTIFICATION | Remote: E0:D3:62:D7:47:03 | Char: 12340004-0000-1000-8000-00805f9b34fb | Data: 50 bytes | Hex: 0205065254494649434154452d2d2d2d2d0aab9a9e0f1ecd3662e78bf303c094eec28f37eb4b430711fae6d655889d38d7b4 | ASCII: ...RTIFICATE-----.......6b.........7.KC.....U..8..
2026-01-03 02:22:52.934 | DEBUG    | 🔐 AUTH indication recebida: 50 bytes
2026-01-03 02:22:52.934 | DEBUG    | Fragmento recebido: seq=5, total=6, payload=47 bytes, flags=0x02
2026-01-03 02:22:52.934 | DEBUG    | Fragmento 6/6 armazenado (6 de 6 recebidos)
2026-01-03 02:22:52.935 | INFO     | ✅ Mensagem reconstruída: 947 bytes (6 fragmentos)
2026-01-03 02:22:52.937 | DEBUG    | FragmentReassembler resetado
2026-01-03 02:22:52.937 | DEBUG    | 🔐 AUTH mensagem completa: 947 bytes
2026-01-03 02:22:53.084 | DEBUG    | Resposta auth lida do buffer: 947 bytes
2026-01-03 02:22:53.085 | DEBUG    | 📨 Recebido: AuthMessage(type=CHALLENGE, payload=944 bytes)
2026-01-03 02:22:53.085 | INFO     | 🎲 Challenge recebido - processando certificado + challenge...
2026-01-03 02:22:53.087 | INFO     | 📜 Extraindo certificado do peer do payload...
2026-01-03 02:22:53.098 | DEBUG    | ✅ Assinatura da CA válida
2026-01-03 02:22:53.099 | DEBUG    | ✅ Certificado válido temporalmente (expira em 2035-12-31 12:49:32+00:00)
2026-01-03 02:22:53.099 | INFO     | ✅ Certificado validado com sucesso
2026-01-03 02:22:53.101 | INFO     | ✅ Certificado do peer validado!
2026-01-03 02:22:53.102 | INFO     |    Peer NID: 54c225f2...
2026-01-03 02:22:53.103 | INFO     |    Peer tipo: SINK
2026-01-03 02:22:53.104 | DEBUG    |    Challenge: ab9a9e0f1ecd3662e78bf303c094eec2...
2026-01-03 02:22:53.105 | INFO     | ✍️  Assinando dados:
2026-01-03 02:22:53.106 | INFO     |    Data: 32 bytes | ab9a9e0f1ecd3662e78bf303c094eec28f37eb4b430711fae6d655889d38d7b4...
2026-01-03 02:22:53.108 | INFO     |    Signature: 139 bytes | 308188024201f8e00a7bdf1a81c54e7bdeae8a5cb37d3bda84026a927624000c...
2026-01-03 02:22:53.109 | INFO     | ✍️  Response gerada: 139 bytes
2026-01-03 02:22:53.110 | DEBUG    |    Estado: CHALLENGE_RECEIVED
2026-01-03 02:22:53.110 | DEBUG    | 📤 Enviando resposta (142 bytes)
2026-01-03 02:22:53.111 | DEBUG    | Mensagem pequena (142 bytes), 1 fragmento
2026-01-03 02:22:53.112 | DEBUG    | Enviando mensagem auth: 142 bytes em 1 fragmento(s)
2026-01-03 02:22:53.113 | INFO     | [OP-20260103_022227-0027] WRITE_REQUEST | Remote: E0:D3:62:D7:47:03 | Char: 12340004-0000-1000-8000-00805f9b34fb | Data: 145 bytes | Hex: 03000103008b308188024201f8e00a7bdf1a81c54e7bdeae8a5cb37d3bda84026a927624000c783d988cf4c420abf659f2847ee525dbb0d8131a0c9607403c79 | ASCII: ......0...B....{....N{...\.};...j.v$..x=.... ..Y..~.%........@<y [TRUNCATED]
2026-01-03 02:22:53.201 | DEBUG    | ✅ Write via SimpleBLE: 12340004-0000-1000-8000-00805f9b34fb (145 bytes)
2026-01-03 02:22:53.204 | INFO     | [OP-20260103_022227-0028] NOTIFICATION | Remote: E0:D3:62:D7:47:03 | Char: 12340004-0000-1000-8000-00805f9b34fb | Data: 6 bytes | Hex: 030001040000 | ASCII: ......
2026-01-03 02:22:53.206 | DEBUG    | 🔐 AUTH indication recebida: 6 bytes
2026-01-03 02:22:53.206 | DEBUG    | Fragmento recebido: seq=0, total=1, payload=3 bytes, flags=0x03
2026-01-03 02:22:53.205 | INFO     | [OP-20260103_022227-0029] WRITE_SUCCESS | Remote: E0:D3:62:D7:47:03 | Char: 12340004-0000-1000-8000-00805f9b34fb
2026-01-03 02:22:53.211 | DEBUG    |   Fragmento 1/1 enviado
2026-01-03 02:22:53.211 | DEBUG    | Autenticação round 2/10
2026-01-03 02:22:53.206 | INFO     | Iniciando recepção de 1 fragmentos
2026-01-03 02:22:53.212 | DEBUG    | Fragmento 1/1 armazenado (1 de 1 recebidos)
2026-01-03 02:22:53.212 | INFO     | ✅ Mensagem reconstruída: 3 bytes (1 fragmentos)
2026-01-03 02:22:53.215 | DEBUG    | FragmentReassembler resetado
2026-01-03 02:22:53.215 | DEBUG    | 🔐 AUTH mensagem completa: 3 bytes
2026-01-03 02:22:53.711 | DEBUG    | Resposta auth lida do buffer: 3 bytes
2026-01-03 02:22:53.712 | DEBUG    | 📨 Recebido: AuthMessage(type=AUTH_SUCCESS, payload=0 bytes)
2026-01-03 02:22:53.713 | INFO     | ✅ Peer confirmou autenticação bem sucedida!
2026-01-03 02:22:53.714 | INFO     | ✅ Autenticação bem-sucedida!
2026-01-03 02:22:53.718 | DEBUG    | 🔑 Session key derivada: 32 bytes
2026-01-03 02:22:53.719 | INFO     | 🔑 Session key estabelecida
2026-01-03 02:22:53.720 | INFO     | ✅ Certificado do Sink armazenado para verificação de heartbeats
2026-01-03 02:22:53.721 | INFO     | DTLSChannel criado (client) com certificado node_74383752_cert.pem
2026-01-03 02:22:53.722 | INFO     | Iniciando handshake DTLS...
2026-01-03 02:22:53.723 | WARNING  | DTLS não disponível - operando em modo stub
2026-01-03 02:22:53.725 | INFO     | ✅ Canal DTLS (stub) estabelecido
2026-01-03 02:22:53.727 | INFO     | 🔐 Canal DTLS end-to-end estabelecido com Sink
2026-01-03 02:22:53.729 | INFO     | 🔑 Chave de encriptação end-to-end derivada (AES-256-GCM)
2026-01-03 02:22:53.732 | INFO     | 🔑 Chave de encriptação end-to-end derivada
2026-01-03 02:22:56.264 | INFO     | [OP-20260103_022227-0030] NOTIFICATION | Remote: E0:D3:62:D7:47:03 | Char: 12340001-0000-1000-8000-00805f9b34fb | Data: 236 bytes | Hex: 54c225f24e894134bf27c5e9148e17c154c225f24e894134bf27c5e9148e17c1020100000006a0760dab0a2417b6ab5b5cf2f470ad1dc031876563dd409d37b0 | ASCII: T.%.N.A4.'......T.%.N.A4.'.............v...$...[\..p...1.ec.@.7. [TRUNCATED]
2026-01-03 02:22:56.265 | DEBUG    | Novo source 54c225f2...: seq=6 (primeiro pacote)
2026-01-03 02:22:56.266 | DEBUG    | 🔍 Verificando assinatura: sig_len=139, signature_raw_len=139
2026-01-03 02:22:56.266 | INFO     | 💓 Verificando heartbeat:
2026-01-03 02:22:56.267 | INFO     |    Sink NID: 54c225f24e894134bf27c5e9148e17c1
2026-01-03 02:22:56.268 | INFO     |    Timestamp: 1767406976.75842
2026-01-03 02:22:56.269 | INFO     |    Data to verify: 54c225f24e894134bf27c5e9148e17c141da561f603089f4
2026-01-03 02:22:56.273 | INFO     | 🔍 Verificando assinatura:
2026-01-03 02:22:56.274 | INFO     |    Data: 24 bytes | 54c225f24e894134bf27c5e9148e17c141da561f603089f4...
2026-01-03 02:22:56.276 | INFO     |    Signature: 139 bytes | 30818802420097c4479334c45a5f3b3adce54c2618ee94c15869fa2c537699a1...
2026-01-03 02:22:56.281 | INFO     | ✅ Assinatura verificada com sucesso!
2026-01-03 02:22:56.282 | DEBUG    | ✅ Assinatura de heartbeat válida
2026-01-03 02:22:56.283 | DEBUG    | 💓 Heartbeat recebido (seq=6, age=-0.47s)
2026-01-03 02:23:01.257 | INFO     | [OP-20260103_022227-0031] NOTIFICATION | Remote: E0:D3:62:D7:47:03 | Char: 12340001-0000-1000-8000-00805f9b34fb | Data: 236 bytes | Hex: 54c225f24e894134bf27c5e9148e17c154c225f24e894134bf27c5e9148e17c10201000000078992b9da42580870b782d86c1e26f3b4a41f781aa98d282f8e16 | ASCII: T.%.N.A4.'......T.%.N.A4.'................BX.p...l.&....x...(/.. [TRUNCATED]
2026-01-03 02:23:01.258 | DEBUG    | Source 54c225f2...: seq=7 (novo highest, window: 2 seqs)
2026-01-03 02:23:01.258 | DEBUG    | 🔍 Verificando assinatura: sig_len=138, signature_raw_len=138
2026-01-03 02:23:01.259 | INFO     | 💓 Verificando heartbeat:
2026-01-03 02:23:01.259 | INFO     |    Sink NID: 54c225f24e894134bf27c5e9148e17c1
2026-01-03 02:23:01.259 | INFO     |    Timestamp: 1767406981.7606332
2026-01-03 02:23:01.260 | INFO     |    Data to verify: 54c225f24e894134bf27c5e9148e17c141da561f6170ae37
2026-01-03 02:23:01.260 | INFO     | 🔍 Verificando assinatura:
2026-01-03 02:23:01.260 | INFO     |    Data: 24 bytes | 54c225f24e894134bf27c5e9148e17c141da561f6170ae37...
2026-01-03 02:23:01.261 | INFO     |    Signature: 138 bytes | 308187024200f83dfc830e3cd4f3be29a838218f461663cc901f0d597f1c987d...
2026-01-03 02:23:01.262 | INFO     | ✅ Assinatura verificada com sucesso!
2026-01-03 02:23:01.263 | DEBUG    | ✅ Assinatura de heartbeat válida
2026-01-03 02:23:01.263 | DEBUG    | 💓 Heartbeat recebido (seq=7, age=-0.50s)
2026-01-03 02:23:04.199 | INFO     | [OP-20260103_022227-0032] WRITE_REQUEST | Remote: E0:D3:62:D7:47:03 | Char: 12340001-0000-1000-8000-00805f9b34fb | Data: 76 bytes | Hex: 74383752110540b696ca02fb77fc4c7354c225f24e894134bf27c5e9148e17c1010a000000001f48eac037cf9ab8a0c3ffab3dbbe55e8244665730e8809970cf | ASCII: t87R..@.....w.LsT.%.N.A4.'.............H..7.......=..^.DfW0...p. [TRUNCATED]
2026-01-03 02:23:04.272 | DEBUG    | ✅ Write via SimpleBLE: 12340001-0000-1000-8000-00805f9b34fb (76 bytes)
2026-01-03 02:23:04.273 | INFO     | [OP-20260103_022227-0033] WRITE_SUCCESS | Remote: E0:D3:62:D7:47:03 | Char: 12340001-0000-1000-8000-00805f9b34fb
2026-01-03 02:23:04.274 | INFO     | ✅ Mensagem enviada para 54c225f2...
2026-01-03 02:23:06.253 | INFO     | [OP-20260103_022227-0034] NOTIFICATION | Remote: E0:D3:62:D7:47:03 | Char: 12340001-0000-1000-8000-00805f9b34fb | Data: 236 bytes | Hex: 54c225f24e894134bf27c5e9148e17c154c225f24e894134bf27c5e9148e17c1020100000008f404af5cfc1c64ad9afff96fd8e34e4a02b141d60ce026fd01c5 | ASCII: T.%.N.A4.'......T.%.N.A4.'...............\..d....o..NJ..A...&... [TRUNCATED]
2026-01-03 02:23:06.254 | DEBUG    | Source 54c225f2...: seq=8 (novo highest, window: 3 seqs)
2026-01-03 02:23:06.254 | DEBUG    | 🔍 Verificando assinatura: sig_len=137, signature_raw_len=137
2026-01-03 02:23:06.254 | INFO     | 💓 Verificando heartbeat:
2026-01-03 02:23:06.255 | INFO     |    Sink NID: 54c225f24e894134bf27c5e9148e17c1
2026-01-03 02:23:06.255 | INFO     |    Timestamp: 1767406986.7575512
2026-01-03 02:23:06.255 | INFO     |    Data to verify: 54c225f24e894134bf27c5e9148e17c141da561f62b07bb8
2026-01-03 02:23:06.256 | INFO     | 🔍 Verificando assinatura:
2026-01-03 02:23:06.256 | INFO     |    Data: 24 bytes | 54c225f24e894134bf27c5e9148e17c141da561f62b07bb8...
2026-01-03 02:23:06.257 | INFO     |    Signature: 137 bytes | 3081860241343c850f3e1e88b18313b3e0d04cd24bc7f55519c7dc13be169e4b...
2026-01-03 02:23:06.258 | INFO     | ✅ Assinatura verificada com sucesso!
2026-01-03 02:23:06.259 | DEBUG    | ✅ Assinatura de heartbeat válida
2026-01-03 02:23:06.259 | DEBUG    | 💓 Heartbeat recebido (seq=8, age=-0.50s)
2026-01-03 02:23:09.897 | INFO     | [OP-20260103_022227-0035] WRITE_REQUEST | Remote: E0:D3:62:D7:47:03 | Char: 12340001-0000-1000-8000-00805f9b34fb | Data: 76 bytes | Hex: 74383752110540b696ca02fb77fc4c7354c225f24e894134bf27c5e9148e17c1010a00000001d8f5a640638500fb1159d7ca5550935762e71110575a7fb0a5bf | ASCII: t87R..@.....w.LsT.%.N.A4.'...............@c....Y..UP.Wb...WZ.... [TRUNCATED]
2026-01-03 02:23:09.987 | DEBUG    | ✅ Write via SimpleBLE: 12340001-0000-1000-8000-00805f9b34fb (76 bytes)
2026-01-03 02:23:09.987 | INFO     | [OP-20260103_022227-0036] WRITE_SUCCESS | Remote: E0:D3:62:D7:47:03 | Char: 12340001-0000-1000-8000-00805f9b34fb
2026-01-03 02:23:09.988 | INFO     | ✅ Mensagem enviada para 54c225f2...
2026-01-03 02:23:11.247 | INFO     | [OP-20260103_022227-0037] NOTIFICATION | Remote: E0:D3:62:D7:47:03 | Char: 12340001-0000-1000-8000-00805f9b34fb | Data: 236 bytes | Hex: 54c225f24e894134bf27c5e9148e17c154c225f24e894134bf27c5e9148e17c10201000000095d65977270eef71d55765423c5279ba2185f0ae9260c4bf73658 | ASCII: T.%.N.A4.'......T.%.N.A4.'............]e.rp...UvT#.'..._..&.K.6X [TRUNCATED]
2026-01-03 02:23:11.248 | DEBUG    | Source 54c225f2...: seq=9 (novo highest, window: 4 seqs)
2026-01-03 02:23:11.248 | DEBUG    | 🔍 Verificando assinatura: sig_len=139, signature_raw_len=139
2026-01-03 02:23:11.248 | INFO     | 💓 Verificando heartbeat:
2026-01-03 02:23:11.249 | INFO     |    Sink NID: 54c225f24e894134bf27c5e9148e17c1
2026-01-03 02:23:11.249 | INFO     |    Timestamp: 1767406991.7560513
2026-01-03 02:23:11.249 | INFO     |    Data to verify: 54c225f24e894134bf27c5e9148e17c141da561f63f06325
2026-01-03 02:23:11.250 | INFO     | 🔍 Verificando assinatura:
2026-01-03 02:23:11.251 | INFO     |    Data: 24 bytes | 54c225f24e894134bf27c5e9148e17c141da561f63f06325...
2026-01-03 02:23:11.252 | INFO     |    Signature: 139 bytes | 308188024200e2c6a59c11b57c33eecfe1644fbec927e69472efdc71b7ee52d7...
2026-01-03 02:23:11.260 | INFO     | ✅ Assinatura verificada com sucesso!
2026-01-03 02:23:11.262 | DEBUG    | ✅ Assinatura de heartbeat válida
2026-01-03 02:23:11.263 | DEBUG    | 💓 Heartbeat recebido (seq=9, age=-0.49s)
2026-01-03 02:23:16.243 | INFO     | [OP-20260103_022227-0038] NOTIFICATION | Remote: E0:D3:62:D7:47:03 | Char: 12340001-0000-1000-8000-00805f9b34fb | Data: 236 bytes | Hex: 54c225f24e894134bf27c5e9148e17c154c225f24e894134bf27c5e9148e17c102010000000aaeb989849192d9c9a61509fb7048e73118e448c0426fa1003c28 | ASCII: T.%.N.A4.'......T.%.N.A4.'........................pH.1..H.Bo..<( [TRUNCATED]
2026-01-03 02:23:16.244 | DEBUG    | Source 54c225f2...: seq=10 (novo highest, window: 5 seqs)
2026-01-03 02:23:16.244 | DEBUG    | 🔍 Verificando assinatura: sig_len=139, signature_raw_len=139
2026-01-03 02:23:16.244 | INFO     | 💓 Verificando heartbeat:
2026-01-03 02:23:16.244 | INFO     |    Sink NID: 54c225f24e894134bf27c5e9148e17c1
2026-01-03 02:23:16.245 | INFO     |    Timestamp: 1767406996.7606757
2026-01-03 02:23:16.245 | INFO     |    Data to verify: 54c225f24e894134bf27c5e9148e17c141da561f6530aee9
2026-01-03 02:23:16.245 | INFO     | 🔍 Verificando assinatura:
2026-01-03 02:23:16.246 | INFO     |    Data: 24 bytes | 54c225f24e894134bf27c5e9148e17c141da561f6530aee9...
2026-01-03 02:23:16.246 | INFO     |    Signature: 139 bytes | 30818802420140f71e29bf8314b17f4184f9fc5db8551450f4e011dcee94db50...
2026-01-03 02:23:16.247 | INFO     | ✅ Assinatura verificada com sucesso!
2026-01-03 02:23:16.248 | DEBUG    | ✅ Assinatura de heartbeat válida
2026-01-03 02:23:16.248 | DEBUG    | 💓 Heartbeat recebido (seq=10, age=-0.51s)
2026-01-03 02:23:17.760 | INFO     | A parar Node...
2026-01-03 02:23:17.762 | INFO     | A parar GATT Server...
