2025-12-29 14:02:52.930 | INFO     | BLE Operation Logger iniciado: ble_operations_A08869B6F7D2_20251229_140252.log
2025-12-29 14:02:52.931 | INFO     | Scanner BLE iniciado: hci0 (A0:88:69:B6:F7:D2)
2025-12-29 14:02:52.932 | INFO     | BLE Client iniciado
2025-12-29 14:02:52.933 | INFO     | A fazer scan BLE durante 5000ms...
2025-12-29 14:02:52.934 | INFO     | [OP-20251229_140252-0001] SCAN_START | Duration: 5000ms | Filter_IoT: True
2025-12-29 14:02:58.045 | DEBUG    |   Encontrado: rafa-ubuntu (E0:D3:62:D6:EE:A0) RSSI: -47 dBm
2025-12-29 14:02:58.045 | INFO     | Scan concluído: 1 dispositivos encontrados
2025-12-29 14:02:58.046 | INFO     | [OP-20251229_140252-0002] SCAN_RESULT | Devices_Found: 1
2025-12-29 14:02:58.047 | DEBUG    | [OP-20251229_140252-0002]   Device_1: Name: rafa-ubuntu | Address: E0:D3:62:D6:EE:A0 | RSSI: -47 dBm | Services: 1
2025-12-29 14:02:58.050 | DEBUG    | BLEConnection criada para E0:D3:62:D6:EE:A0
2025-12-29 14:02:58.051 | INFO     | A conectar a E0:D3:62:D6:EE:A0...
2025-12-29 14:02:58.052 | INFO     | [OP-20251229_140252-0003] CONNECT_ATTEMPT | Local: A0:88:69:B6:F7:D2 | Remote: E0:D3:62:D6:EE:A0
2025-12-29 14:03:00.596 | INFO     | ✅ Conectado a E0:D3:62:D6:EE:A0
2025-12-29 14:03:00.597 | INFO     | [OP-20251229_140252-0004] CONNECT_SUCCESS | Remote: E0:D3:62:D6:EE:A0 | Time: 2541.44ms
2025-12-29 14:03:00.598 | DEBUG    | A aguardar descoberta de serviços GATT...
2025-12-29 14:03:02.601 | DEBUG    | Tentativa 1/5: 0 serviços, 0 características
2025-12-29 14:03:02.602 | DEBUG    |   Nenhum serviço ainda, a tentar novamente...
2025-12-29 14:03:04.605 | DEBUG    | Tentativa 2/5: 0 serviços, 0 características
2025-12-29 14:03:04.606 | DEBUG    |   Nenhum serviço ainda, a tentar novamente...
2025-12-29 14:03:06.608 | DEBUG    | Tentativa 3/5: 13 serviços, 0 características
2025-12-29 14:03:06.608 | DEBUG    |   - 0000110a-0000-1000-8000-00805f9b34fb (0 características)
2025-12-29 14:03:06.609 | DEBUG    |   - 0000110b-0000-1000-8000-00805f9b34fb (0 características)
2025-12-29 14:03:06.609 | DEBUG    |   - 0000110c-0000-1000-8000-00805f9b34fb (0 características)
2025-12-29 14:03:06.610 | DEBUG    |   - 0000110e-0000-1000-8000-00805f9b34fb (0 características)
2025-12-29 14:03:06.610 | DEBUG    |   - 0000111e-0000-1000-8000-00805f9b34fb (0 características)
2025-12-29 14:03:06.611 | DEBUG    |   - 0000111f-0000-1000-8000-00805f9b34fb (0 características)
2025-12-29 14:03:06.611 | DEBUG    |   - 0000112d-0000-1000-8000-00805f9b34fb (0 características)
2025-12-29 14:03:06.612 | DEBUG    |   - 00001200-0000-1000-8000-00805f9b34fb (0 características)
2025-12-29 14:03:06.612 | DEBUG    |   - 00001800-0000-1000-8000-00805f9b34fb (0 características)
2025-12-29 14:03:06.613 | DEBUG    |   - 00001801-0000-1000-8000-00805f9b34fb (0 características)
2025-12-29 14:03:06.613 | DEBUG    |   - 0000180a-0000-1000-8000-00805f9b34fb (0 características)
2025-12-29 14:03:06.613 | DEBUG    |   - 03b80e5a-ede8-4b33-a751-6ce34ec4c700 (0 características)
2025-12-29 14:03:06.614 | DEBUG    |   - 12340000-0000-1000-8000-00805f9b34fb (0 características)
2025-12-29 14:03:06.614 | DEBUG    |   Serviços encontrados mas sem características, a tentar novamente...
2025-12-29 14:03:08.616 | DEBUG    | Tentativa 4/5: 13 serviços, 0 características
2025-12-29 14:03:08.617 | DEBUG    |   - 0000110a-0000-1000-8000-00805f9b34fb (0 características)
2025-12-29 14:03:08.617 | DEBUG    |   - 0000110b-0000-1000-8000-00805f9b34fb (0 características)
2025-12-29 14:03:08.618 | DEBUG    |   - 0000110c-0000-1000-8000-00805f9b34fb (0 características)
2025-12-29 14:03:08.618 | DEBUG    |   - 0000110e-0000-1000-8000-00805f9b34fb (0 características)
2025-12-29 14:03:08.619 | DEBUG    |   - 0000111e-0000-1000-8000-00805f9b34fb (0 características)
2025-12-29 14:03:08.619 | DEBUG    |   - 0000111f-0000-1000-8000-00805f9b34fb (0 características)
2025-12-29 14:03:08.620 | DEBUG    |   - 0000112d-0000-1000-8000-00805f9b34fb (0 características)
2025-12-29 14:03:08.620 | DEBUG    |   - 00001200-0000-1000-8000-00805f9b34fb (0 características)
2025-12-29 14:03:08.620 | DEBUG    |   - 00001800-0000-1000-8000-00805f9b34fb (0 características)
2025-12-29 14:03:08.621 | DEBUG    |   - 00001801-0000-1000-8000-00805f9b34fb (0 características)
2025-12-29 14:03:08.621 | DEBUG    |   - 0000180a-0000-1000-8000-00805f9b34fb (0 características)
2025-12-29 14:03:08.622 | DEBUG    |   - 03b80e5a-ede8-4b33-a751-6ce34ec4c700 (0 características)
2025-12-29 14:03:08.622 | DEBUG    |   - 12340000-0000-1000-8000-00805f9b34fb (0 características)
2025-12-29 14:03:08.622 | DEBUG    |   Serviços encontrados mas sem características, a tentar novamente...
2025-12-29 14:03:10.624 | DEBUG    | Tentativa 5/5: 13 serviços, 0 características
2025-12-29 14:03:10.624 | DEBUG    |   - 0000110a-0000-1000-8000-00805f9b34fb (0 características)
2025-12-29 14:03:10.624 | DEBUG    |   - 0000110b-0000-1000-8000-00805f9b34fb (0 características)
2025-12-29 14:03:10.624 | DEBUG    |   - 0000110c-0000-1000-8000-00805f9b34fb (0 características)
2025-12-29 14:03:10.624 | DEBUG    |   - 0000110e-0000-1000-8000-00805f9b34fb (0 características)
2025-12-29 14:03:10.625 | DEBUG    |   - 0000111e-0000-1000-8000-00805f9b34fb (0 características)
2025-12-29 14:03:10.625 | DEBUG    |   - 0000111f-0000-1000-8000-00805f9b34fb (0 características)
2025-12-29 14:03:10.625 | DEBUG    |   - 0000112d-0000-1000-8000-00805f9b34fb (0 características)
2025-12-29 14:03:10.625 | DEBUG    |   - 00001200-0000-1000-8000-00805f9b34fb (0 características)
2025-12-29 14:03:10.625 | DEBUG    |   - 00001800-0000-1000-8000-00805f9b34fb (0 características)
2025-12-29 14:03:10.626 | DEBUG    |   - 00001801-0000-1000-8000-00805f9b34fb (0 características)
2025-12-29 14:03:10.626 | DEBUG    |   - 0000180a-0000-1000-8000-00805f9b34fb (0 características)
2025-12-29 14:03:10.626 | DEBUG    |   - 03b80e5a-ede8-4b33-a751-6ce34ec4c700 (0 características)
2025-12-29 14:03:10.627 | DEBUG    |   - 12340000-0000-1000-8000-00805f9b34fb (0 características)
2025-12-29 14:03:10.627 | WARNING  | ⚠️  Serviços descobertos mas sem características - SimpleBLE pode ter limitações
2025-12-29 14:03:10.630 | INFO     | PacketManager iniciado para NID 1adb34ab...
2025-12-29 14:03:10.635 | DEBUG    | Pacote criado: DATA -> 39218e15... (seq=0)
2025-12-29 14:03:10.640 | ERROR    | Não conectado - não é possível escrever
