2026-01-04 21:34:24.645 | INFO     | BLE Operation Logger iniciado: ble_operations_5800E366747C_20260104_213424.log
2026-01-04 21:34:24.646 | INFO     | Scanner BLE iniciado: hci0 (58:00:E3:66:74:7C)
2026-01-04 21:34:24.646 | INFO     | BLE Client iniciado
2026-01-04 21:34:24.646 | DEBUG    | FragmentReassembler inicializado
2026-01-04 21:34:24.646 | INFO     | ReplayProtection iniciado (window_size=100)
2026-01-04 21:34:24.647 | INFO     |  Router Daemon inicializado para NID=a40543fa...
2026-01-04 21:34:24.647 | DEBUG    |  Send callback configurado
2026-01-04 21:34:24.647 | DEBUG    |  Handler registado para MessageType(1)
2026-01-04 21:34:24.647 | DEBUG    |  Handler registado para MessageType(2)
2026-01-04 21:34:24.647 | INFO     | IoT Node inicializado (adapter=hci0)
2026-01-04 21:34:24.648 | INFO     |  Router Daemon integrado
2026-01-04 21:34:24.648 | INFO     | A configurar GATT Server...
2026-01-04 21:34:24.650 | INFO     | Application criada: /
2026-01-04 21:34:24.650 | INFO     | Service criado: /0 (UUID: 12340000-0000-1000-8000-00805f9b34fb, primary: True)
2026-01-04 21:34:24.651 | INFO     | A criar IoTNetworkService...
2026-01-04 21:34:24.651 | DEBUG    | Characteristic criada: /0/char0 (UUID: 12340001-0000-1000-8000-00805f9b34fb, flags: ['write', 'notify'])
2026-01-04 21:34:24.651 | INFO     | NetworkPacketCharacteristic criada
2026-01-04 21:34:24.652 | DEBUG    | Characteristic criada: /0/char1 (UUID: 12340002-0000-1000-8000-00805f9b34fb, flags: ['read'])
2026-01-04 21:34:24.652 | INFO     | DeviceInfoCharacteristic criada: NID=a40543fa..., type=node
2026-01-04 21:34:24.652 | DEBUG    | Characteristic criada: /0/char2 (UUID: 12340003-0000-1000-8000-00805f9b34fb, flags: ['read', 'notify'])
2026-01-04 21:34:24.652 | INFO     | NeighborTableCharacteristic criada
2026-01-04 21:34:24.653 | DEBUG    | Characteristic criada: /0/char3 (UUID: 12340004-0000-1000-8000-00805f9b34fb, flags: ['write', 'indicate'])
2026-01-04 21:34:24.653 | INFO     | AuthCharacteristic criada
2026-01-04 21:34:24.653 | DEBUG    | Characteristic adicionada a /0: /0/char0
2026-01-04 21:34:24.653 | DEBUG    | Characteristic adicionada a /0: /0/char1
2026-01-04 21:34:24.653 | DEBUG    | Characteristic adicionada a /0: /0/char2
2026-01-04 21:34:24.653 | DEBUG    | Characteristic adicionada a /0: /0/char3
2026-01-04 21:34:24.653 | INFO     |  IoTNetworkService criado com sucesso!
2026-01-04 21:34:24.654 | INFO     | Service adicionado à aplicação: /0
2026-01-04 21:34:24.654 | DEBUG    | Packet callback definido
2026-01-04 21:34:24.654 | DEBUG    | Auth callback definido
2026-01-04 21:34:24.654 | INFO     | Advertisement criado: /org/bluez/iot/advertisement0 (type: peripheral)
2026-01-04 21:34:24.654 | INFO     |  Service UUID adicionado ao advertising: 12340000-0000-1000-8000-00805f9b34fb
2026-01-04 21:34:24.655 | INFO     |    Lista atual de UUIDs: ['12340000-0000-1000-8000-00805f9b34fb']
2026-01-04 21:34:24.655 | DEBUG    | Local name definido: IoT-Node-a40543fa
2026-01-04 21:34:24.655 | DEBUG    | Manufacturer data adicionado: ID=65535
2026-01-04 21:34:24.656 | INFO     |  Advertising contínuo configurado (duration=0)
2026-01-04 21:34:24.656 | INFO     |  GATT Server configurado
2026-01-04 21:34:24.656 | INFO     | A iniciar GATT Server...
2026-01-04 21:34:24.661 | INFO     |  GATT Server iniciado em thread separada
2026-01-04 21:34:24.663 | DEBUG    | GetManagedObjects called
2026-01-04 21:34:24.662 | INFO     |  Node Device iniciado - CLI interativo pronto
2026-01-04 21:34:24.663 | DEBUG    | GetManagedObjects returning 5 objects
2026-01-04 21:34:24.666 | INFO     |  GATT application registada!
2026-01-04 21:34:24.667 | DEBUG    | GetAll called on /org/bluez/iot/advertisement0
2026-01-04 21:34:24.667 | INFO     |  Advertising com ServiceUUIDs: ['12340000-0000-1000-8000-00805f9b34fb']
2026-01-04 21:34:24.771 | INFO     |  Advertisement registado!
2026-01-04 21:35:13.052 | INFO     | Cliente :1.328 subscreveu notificações de pacotes
2026-01-04 21:35:13.139 | DEBUG    | DeviceInfo lida: NID=a40543fa..., hops=-1, type=0
2026-01-04 21:35:13.229 | INFO     | Cliente :1.328 subscreveu auth indications
2026-01-04 21:35:13.324 | DEBUG    | Auth data recebida de :1.328: 183 bytes
2026-01-04 21:35:13.325 | DEBUG    | FragmentReassembler inicializado
2026-01-04 21:35:13.325 | DEBUG    | Criado reassembler para cliente :1.328
2026-01-04 21:35:13.326 | DEBUG    | Fragmento recebido: seq=0, total=5, payload=180 bytes, flags=0x01
2026-01-04 21:35:13.326 | INFO     | Iniciando recepção de 5 fragmentos
2026-01-04 21:35:13.328 | DEBUG    | Fragmento 1/5 armazenado (1 de 5 recebidos)
2026-01-04 21:35:13.329 | DEBUG    | Aguardando mais fragmentos de :1.328
2026-01-04 21:35:13.504 | DEBUG    | Auth data recebida de :1.328: 183 bytes
2026-01-04 21:35:13.505 | DEBUG    | Fragmento recebido: seq=1, total=5, payload=180 bytes, flags=0x00
2026-01-04 21:35:13.505 | DEBUG    | Fragmento 2/5 armazenado (2 de 5 recebidos)
2026-01-04 21:35:13.506 | DEBUG    | Aguardando mais fragmentos de :1.328
2026-01-04 21:35:13.684 | DEBUG    | Auth data recebida de :1.328: 183 bytes
2026-01-04 21:35:13.685 | DEBUG    | Fragmento recebido: seq=2, total=5, payload=180 bytes, flags=0x00
2026-01-04 21:35:13.685 | DEBUG    | Fragmento 3/5 armazenado (3 de 5 recebidos)
2026-01-04 21:35:13.686 | DEBUG    | Aguardando mais fragmentos de :1.328
2026-01-04 21:35:13.864 | DEBUG    | Auth data recebida de :1.328: 183 bytes
2026-01-04 21:35:13.865 | DEBUG    | Fragmento recebido: seq=3, total=5, payload=180 bytes, flags=0x00
2026-01-04 21:35:13.865 | DEBUG    | Fragmento 4/5 armazenado (4 de 5 recebidos)
2026-01-04 21:35:13.866 | DEBUG    | Aguardando mais fragmentos de :1.328
2026-01-04 21:35:14.044 | DEBUG    | Auth data recebida de :1.328: 173 bytes
2026-01-04 21:35:14.044 | DEBUG    | Fragmento recebido: seq=4, total=5, payload=170 bytes, flags=0x02
2026-01-04 21:35:14.045 | DEBUG    | Fragmento 5/5 armazenado (5 de 5 recebidos)
2026-01-04 21:35:14.046 | INFO     |  Mensagem reconstruída: 890 bytes (5 fragmentos)
2026-01-04 21:35:14.047 | DEBUG    | FragmentReassembler resetado
2026-01-04 21:35:14.048 | INFO     | Mensagem completa recebida de :1.328: 890 bytes
2026-01-04 21:35:14.049 | INFO     |  Mensagem de autenticação recebida de downlink (sender: :1.328)
2026-01-04 21:35:14.049 | WARNING  |   Autenticação de downlinks não totalmente implementada - usando placeholder
2026-01-04 21:35:14.060 | INFO     |  Enviando resposta AUTH_SUCCESS placeholder (autenticação aceite sem validação)
2026-01-04 21:35:14.063 | DEBUG    | Mensagem pequena (3 bytes), 1 fragmento
2026-01-04 21:35:14.064 | DEBUG    | Enviando fragmento 1/1 da resposta
2026-01-04 21:35:14.066 | DEBUG    | Auth response indicada
2026-01-04 21:35:14.070 | DEBUG    | GetAll called on /org/bluez/iot/advertisement0
2026-01-04 21:35:14.070 | INFO     |  Advertising com ServiceUUIDs: ['12340000-0000-1000-8000-00805f9b34fb']
2026-01-04 21:35:14.075 | WARNING  |   Falha ao re-registar advertising: org.bluez.Error.Failed: Failed to register advertisement
2026-01-04 21:37:04.559 | INFO     | Cliente :1.328 cancelou subscrição de pacotes
2026-01-04 21:37:04.649 | INFO     | Cliente :1.328 cancelou subscrição de auth
2026-01-04 21:37:08.377 | INFO     | A parar Node...
2026-01-04 21:37:08.379 | INFO     | A parar GATT Server...
2026-01-04 21:37:08.382 | INFO     |  GATT Server parado
2026-01-04 21:37:08.384 | INFO     |  Node parado
