2026-01-02 02:49:17.733 | INFO     | BLE Operation Logger iniciado: ble_operations_A08869B6F7D2_20260102_024917.log
2026-01-02 02:49:17.734 | INFO     | Scanner BLE iniciado: hci0 (A0:88:69:B6:F7:D2)
2026-01-02 02:49:17.734 | INFO     | BLE Client iniciado
2026-01-02 02:49:17.735 | DEBUG    | FragmentReassembler inicializado
2026-01-02 02:49:17.735 | INFO     | IoT Node inicializado (adapter=hci0)
2026-01-02 02:49:17.735 | INFO     | ============================================================
2026-01-02 02:49:17.737 | INFO     |   A iniciar IoT Node (dual-mode)
2026-01-02 02:49:17.739 | INFO     | ============================================================
2026-01-02 02:49:17.739 | INFO     | A configurar GATT Server...
2026-01-02 02:49:17.743 | INFO     | Application criada: /
2026-01-02 02:49:17.743 | INFO     | Service criado: /0 (UUID: 12340000-0000-1000-8000-00805f9b34fb, primary: True)
2026-01-02 02:49:17.744 | INFO     | A criar IoTNetworkService...
2026-01-02 02:49:17.745 | DEBUG    | Characteristic criada: /0/char0 (UUID: 12340001-0000-1000-8000-00805f9b34fb, flags: ['write', 'notify'])
2026-01-02 02:49:17.746 | INFO     | NetworkPacketCharacteristic criada
2026-01-02 02:49:17.746 | DEBUG    | Characteristic criada: /0/char1 (UUID: 12340002-0000-1000-8000-00805f9b34fb, flags: ['read'])
2026-01-02 02:49:17.747 | INFO     | DeviceInfoCharacteristic criada: NID=53a84472..., type=node
2026-01-02 02:49:17.749 | DEBUG    | Characteristic criada: /0/char2 (UUID: 12340003-0000-1000-8000-00805f9b34fb, flags: ['read', 'notify'])
2026-01-02 02:49:17.749 | INFO     | NeighborTableCharacteristic criada
2026-01-02 02:49:17.751 | DEBUG    | Characteristic criada: /0/char3 (UUID: 12340004-0000-1000-8000-00805f9b34fb, flags: ['write', 'indicate'])
2026-01-02 02:49:17.752 | INFO     | AuthCharacteristic criada
2026-01-02 02:49:17.753 | DEBUG    | Characteristic adicionada a /0: /0/char0
2026-01-02 02:49:17.753 | DEBUG    | Characteristic adicionada a /0: /0/char1
2026-01-02 02:49:17.753 | DEBUG    | Characteristic adicionada a /0: /0/char2
2026-01-02 02:49:17.753 | DEBUG    | Characteristic adicionada a /0: /0/char3
2026-01-02 02:49:17.753 | INFO     | ✅ IoTNetworkService criado com sucesso!
2026-01-02 02:49:17.754 | INFO     | Service adicionado à aplicação: /0
2026-01-02 02:49:17.755 | DEBUG    | Packet callback definido
2026-01-02 02:49:17.756 | DEBUG    | Auth callback definido
2026-01-02 02:49:17.756 | INFO     | Advertisement criado: /org/bluez/iot/advertisement0 (type: peripheral)
2026-01-02 02:49:17.756 | INFO     | ✅ Service UUID adicionado ao advertising: 12340000-0000-1000-8000-00805f9b34fb
2026-01-02 02:49:17.758 | INFO     |    Lista atual de UUIDs: ['12340000-0000-1000-8000-00805f9b34fb']
2026-01-02 02:49:17.759 | DEBUG    | Local name definido: IoT-Node-53a84472
2026-01-02 02:49:17.759 | DEBUG    | Manufacturer data adicionado: ID=65535
2026-01-02 02:49:17.759 | INFO     | ✅ GATT Server configurado
2026-01-02 02:49:17.760 | INFO     | A iniciar GATT Server...
2026-01-02 02:49:17.763 | INFO     | ✅ GATT Server iniciado em thread separada
2026-01-02 02:49:17.763 | INFO     | ✅ GATT Server ativo - aguardando downlinks
2026-01-02 02:49:17.764 | INFO     | 🔍 A procurar Sink...
2026-01-02 02:49:17.765 | INFO     | A fazer scan BLE durante 5000ms...
2026-01-02 02:49:17.765 | INFO     | [OP-20260102_024917-0001] SCAN_START | Duration: 5000ms | Filter_IoT: True
2026-01-02 02:49:17.767 | DEBUG    | GetManagedObjects called
2026-01-02 02:49:17.768 | DEBUG    | GetManagedObjects returning 5 objects
2026-01-02 02:49:17.837 | INFO     | ✅ GATT application registada!
2026-01-02 02:49:17.838 | DEBUG    | GetAll called on /org/bluez/iot/advertisement0
2026-01-02 02:49:17.838 | INFO     | 📡 Advertising com ServiceUUIDs: ['12340000-0000-1000-8000-00805f9b34fb']
2026-01-02 02:49:17.884 | INFO     | ✅ Advertisement registado!
2026-01-02 02:49:22.974 | DEBUG    |   Encontrado: IoT-Sink-c5c55ab2 (E0:D3:62:D6:EE:A0) RSSI: -48 dBm
2026-01-02 02:49:22.975 | INFO     | Scan concluído: 1 dispositivos encontrados
2026-01-02 02:49:22.976 | INFO     | [OP-20260102_024917-0002] SCAN_RESULT | Devices_Found: 1
2026-01-02 02:49:22.976 | DEBUG    | [OP-20260102_024917-0002]   Device_1: Name: IoT-Sink-c5c55ab2 | Address: E0:D3:62:D6:EE:A0 | RSSI: -48 dBm | Services: 1
2026-01-02 02:49:22.977 | INFO     | Encontrados 1 dispositivos IoT
2026-01-02 02:49:22.977 | DEBUG    |   Device: IoT-Sink-c5c55ab2 (E0:D3:62:D6:EE:A0) RSSI: -48 dBm
2026-01-02 02:49:22.977 | DEBUG    |     Type=0, HopCount=255
2026-01-02 02:49:22.978 | INFO     | ✅ Sink encontrado: IoT-Sink-c5c55ab2 (E0:D3:62:D6:EE:A0) RSSI: -48 dBm
2026-01-02 02:49:22.978 | INFO     | A conectar ao Sink E0:D3:62:D6:EE:A0...
2026-01-02 02:49:22.980 | DEBUG    | BLEConnection criada para E0:D3:62:D6:EE:A0
2026-01-02 02:49:22.981 | INFO     | A conectar a E0:D3:62:D6:EE:A0...
2026-01-02 02:49:22.982 | INFO     | [OP-20260102_024917-0003] CONNECT_ATTEMPT | Local: A0:88:69:B6:F7:D2 | Remote: E0:D3:62:D6:EE:A0
2026-01-02 02:49:26.330 | INFO     | ✅ Conectado a E0:D3:62:D6:EE:A0
2026-01-02 02:49:26.331 | INFO     | [OP-20260102_024917-0004] CONNECT_SUCCESS | Remote: E0:D3:62:D6:EE:A0 | Time: 3342.57ms
2026-01-02 02:49:26.331 | DEBUG    | ✅ Conexão estabelecida. Operações GATT usarão D-Bus se necessário.
2026-01-02 02:49:26.331 | INFO     | ✅ Conectado ao Sink via GATT
2026-01-02 02:49:26.332 | DEBUG    | Descobertos 5 serviços
2026-01-02 02:49:26.333 | DEBUG    | Serviço 12340000-0000-1000-8000-00805f9b34fb encontrado
2026-01-02 02:49:26.334 | INFO     | ✅ Serviço IoT Network encontrado
2026-01-02 02:49:26.334 | INFO     | A subscrever a notificações...
2026-01-02 02:49:27.023 | INFO     | ✅ Subscrito a notificações: 12340001-0000-1000-8000-00805f9b34fb
2026-01-02 02:49:27.024 | INFO     | [OP-20260102_024917-0005] SUBSCRIBE_SUCCESS | Remote: E0:D3:62:D6:EE:A0 | Char: 12340001-0000-1000-8000-00805f9b34fb
2026-01-02 02:49:27.025 | INFO     | ✅ Subscrito a NETWORK_PACKET
2026-01-02 02:49:27.026 | DEBUG    | [OP-20260102_024917-0006] READ_REQUEST | Remote: E0:D3:62:D6:EE:A0 | Service: 12340000-0000-1000-8000-00805f9b34fb | Char: 12340002-0000-1000-8000-00805f9b34fb
2026-01-02 02:49:27.112 | DEBUG    | Read 12340002-0000-1000-8000-00805f9b34fb: 18 bytes
2026-01-02 02:49:27.113 | INFO     | [OP-20260102_024917-0007] READ_RESPONSE | Remote: E0:D3:62:D6:EE:A0 | Char: 12340002-0000-1000-8000-00805f9b34fb | Data: 18 bytes | Hex: c5c55ab2c469427db40fbf51ab0af380ff01 | ASCII: ..Z..iB}...Q......
2026-01-02 02:49:27.114 | INFO     | ✅ Conectado ao Sink - hop_count=0
2026-01-02 02:49:27.114 | DEBUG    | Manufacturer data adicionado: ID=65535
2026-01-02 02:49:27.115 | DEBUG    | Advertisement atualizado: hop_count=0
2026-01-02 02:49:27.115 | INFO     | 🔐 A iniciar autenticação com Sink...
2026-01-02 02:49:27.115 | DEBUG    | 📡 A subscrever a AUTH characteristic...
2026-01-02 02:49:27.212 | INFO     | ✅ Subscrito a notificações: 12340004-0000-1000-8000-00805f9b34fb
2026-01-02 02:49:27.213 | INFO     | [OP-20260102_024917-0008] SUBSCRIBE_SUCCESS | Remote: E0:D3:62:D6:EE:A0 | Char: 12340004-0000-1000-8000-00805f9b34fb
2026-01-02 02:49:27.213 | DEBUG    | ✅ Subscrito a AUTH indications
2026-01-02 02:49:27.214 | INFO     | AuthenticationProtocol inicializado para 53a84472...
2026-01-02 02:49:27.214 | INFO     | 📤 Enviando certificado...
2026-01-02 02:49:27.214 | INFO     | 🔐 Iniciando autenticação - enviando certificado...
2026-01-02 02:49:27.215 | INFO     |    Certificado: 887 bytes
2026-01-02 02:49:27.215 | DEBUG    |    Estado: IDLE → CERT_SENT
2026-01-02 02:49:27.215 | INFO     | Fragmentando mensagem de 890 bytes em 5 fragmentos
2026-01-02 02:49:27.216 | DEBUG    |   Fragmento 1/5: 180 bytes, flags=0x01
2026-01-02 02:49:27.216 | DEBUG    |   Fragmento 2/5: 180 bytes, flags=0x00
2026-01-02 02:49:27.216 | DEBUG    |   Fragmento 3/5: 180 bytes, flags=0x00
2026-01-02 02:49:27.216 | DEBUG    |   Fragmento 4/5: 180 bytes, flags=0x00
2026-01-02 02:49:27.217 | DEBUG    |   Fragmento 5/5: 170 bytes, flags=0x02
2026-01-02 02:49:27.217 | DEBUG    | Enviando mensagem auth: 890 bytes em 5 fragmento(s)
2026-01-02 02:49:27.218 | INFO     | [OP-20260102_024917-0009] WRITE_REQUEST | Remote: E0:D3:62:D6:EE:A0 | Char: 12340004-0000-1000-8000-00805f9b34fb | Data: 183 bytes | Hex: 0100050103772d2d2d2d2d424547494e2043455254494649434154452d2d2d2d2d0a4d4949435954434341634b674177494241674955657479325a6c55354642 | ASCII: .....w-----BEGIN CERTIFICATE-----.MIICYTCCAcKgAwIBAgIUety2ZlU5FB [TRUNCATED]
2026-01-02 02:49:27.362 | DEBUG    | ✅ Write via SimpleBLE: 12340004-0000-1000-8000-00805f9b34fb (183 bytes)
2026-01-02 02:49:27.362 | INFO     | [OP-20260102_024917-0010] WRITE_SUCCESS | Remote: E0:D3:62:D6:EE:A0 | Char: 12340004-0000-1000-8000-00805f9b34fb
2026-01-02 02:49:27.364 | DEBUG    |   Fragmento 1/5 enviado
2026-01-02 02:49:27.466 | INFO     | [OP-20260102_024917-0011] WRITE_REQUEST | Remote: E0:D3:62:D6:EE:A0 | Char: 12340004-0000-1000-8000-00805f9b34fb | Data: 183 bytes | Hex: 0001054d446b6c765643424f5a58523362334a7249454e424d423458445449314d5449794f54497a4e44517a4d6c6f580a44544d314d5449794e7a497a4e4451 | ASCII: ...MDklvVCBOZXR3b3JrIENBMB4XDTI1MTIyOTIzNDQzMloX.DTM1MTIyNzIzNDQ [TRUNCATED]
2026-01-02 02:49:27.662 | DEBUG    | ✅ Write via SimpleBLE: 12340004-0000-1000-8000-00805f9b34fb (183 bytes)
2026-01-02 02:49:27.662 | INFO     | [OP-20260102_024917-0012] WRITE_SUCCESS | Remote: E0:D3:62:D6:EE:A0 | Char: 12340004-0000-1000-8000-00805f9b34fb
2026-01-02 02:49:27.663 | DEBUG    |   Fragmento 2/5 enviado
2026-01-02 02:49:27.765 | INFO     | [OP-20260102_024917-0013] WRITE_REQUEST | Remote: E0:D3:62:D6:EE:A0 | Char: 12340004-0000-1000-8000-00805f9b34fb | Data: 183 bytes | Hex: 000205675a7377454159484b6f5a497a6a3043415159464b34454541434d44675959414241456a5a664e4f582f456157716c626755424372633971676b43350a | ASCII: ...gZswEAYHKoZIzj0CAQYFK4EEACMDgYYABAEjZfNOX/EaWqlbgUBCrc9qgkC5. [TRUNCATED]
2026-01-02 02:49:27.912 | DEBUG    | ✅ Write via SimpleBLE: 12340004-0000-1000-8000-00805f9b34fb (183 bytes)
2026-01-02 02:49:27.912 | INFO     | [OP-20260102_024917-0014] WRITE_SUCCESS | Remote: E0:D3:62:D6:EE:A0 | Char: 12340004-0000-1000-8000-00805f9b34fb
2026-01-02 02:49:27.913 | DEBUG    |   Fragmento 3/5 enviado
2026-01-02 02:49:28.014 | INFO     | [OP-20260102_024917-0015] WRITE_REQUEST | Remote: E0:D3:62:D6:EE:A0 | Char: 12340004-0000-1000-8000-00805f9b34fb | Data: 183 bytes | Hex: 000305322b7557522b624835560a3147525a7964677179532f365a50456b4778617937714d344d44597744415944565230544151482f424149774144414f4267 | ASCII: ...2+uWR+bH5V.1GRZydgqyS/6ZPEkGxay7qM4MDYwDAYDVR0TAQH/BAIwADAOBg [TRUNCATED]
2026-01-02 02:49:28.162 | DEBUG    | ✅ Write via SimpleBLE: 12340004-0000-1000-8000-00805f9b34fb (183 bytes)
2026-01-02 02:49:28.162 | INFO     | [OP-20260102_024917-0016] WRITE_SUCCESS | Remote: E0:D3:62:D6:EE:A0 | Char: 12340004-0000-1000-8000-00805f9b34fb
2026-01-02 02:49:28.163 | DEBUG    |   Fragmento 4/5 enviado
2026-01-02 02:49:28.265 | INFO     | [OP-20260102_024917-0017] WRITE_REQUEST | Remote: E0:D3:62:D6:EE:A0 | Char: 12340004-0000-1000-8000-00805f9b34fb | Data: 173 bytes | Hex: 0204057a4233785053466831484d2f79427553464f702f794b5767580a69446f397832696f457134374b4e51567878794859475143516744444c625662666e58 | ASCII: ...zB3xPSFh1HM/yBuSFOp/yKWgX.iDo9x2ioEq47KNQVxxyHYGQCQgDDLbVbfnX [TRUNCATED]
2026-01-02 02:49:28.362 | DEBUG    | ✅ Write via SimpleBLE: 12340004-0000-1000-8000-00805f9b34fb (173 bytes)
2026-01-02 02:49:28.362 | INFO     | [OP-20260102_024917-0018] WRITE_SUCCESS | Remote: E0:D3:62:D6:EE:A0 | Char: 12340004-0000-1000-8000-00805f9b34fb
2026-01-02 02:49:28.364 | DEBUG    |   Fragmento 5/5 enviado
2026-01-02 02:49:28.363 | INFO     | [OP-20260102_024917-0019] NOTIFICATION | Remote: E0:D3:62:D6:EE:A0 | Char: 12340004-0000-1000-8000-00805f9b34fb | Data: 38 bytes | Hex: 030001020020ddecc5195a46f5080f236ea26f5fc6ce42fbc78536a182dd7bafd3ecdfff077a | ASCII: ..... ....ZF...#n.o_..B...6...{......z
2026-01-02 02:49:28.365 | DEBUG    | 🔐 AUTH indication recebida: 38 bytes
2026-01-02 02:49:28.365 | DEBUG    | Fragmento recebido: seq=0, total=1, payload=35 bytes, flags=0x03
2026-01-02 02:49:28.365 | INFO     | Iniciando recepção de 1 fragmentos
2026-01-02 02:49:28.367 | DEBUG    | Fragmento 1/1 armazenado (1 de 1 recebidos)
2026-01-02 02:49:28.368 | INFO     | ✅ Mensagem reconstruída: 35 bytes (1 fragmentos)
2026-01-02 02:49:28.370 | DEBUG    | FragmentReassembler resetado
2026-01-02 02:49:28.371 | DEBUG    | 🔐 AUTH mensagem completa: 35 bytes
2026-01-02 02:49:28.465 | DEBUG    | Autenticação round 1/10
2026-01-02 02:49:28.966 | DEBUG    | Resposta auth lida do buffer: 35 bytes
2026-01-02 02:49:28.967 | DEBUG    | 📨 Recebido: AuthMessage(type=CHALLENGE, payload=32 bytes)
2026-01-02 02:49:28.967 | INFO     | 🎲 Challenge recebido - processando certificado + challenge...
2026-01-02 02:49:28.969 | ERROR    | ❌ Payload muito curto: 32 bytes
2026-01-02 02:49:28.970 | ERROR    | ❌ Erro ao processar payload: Payload deve ter pelo menos 36 bytes
2026-01-02 02:49:28.971 | ERROR    | ❌ Erro ao processar mensagem: Payload deve ter pelo menos 36 bytes
2026-01-02 02:49:28.971 | ERROR    | ❌ Autenticação falhou: FAILED
2026-01-02 02:49:28.972 | ERROR    | ❌ Falha na autenticação
2026-01-02 02:49:28.973 | INFO     | A parar Node...
2026-01-02 02:49:28.976 | INFO     | A parar GATT Server...
2026-01-02 02:49:28.980 | INFO     | ✅ GATT Server parado
2026-01-02 02:49:31.276 | INFO     | Desconectado de E0:D3:62:D6:EE:A0
2026-01-02 02:49:31.280 | INFO     | [OP-20260102_024917-0020] DISCONNECT | Remote: E0:D3:62:D6:EE:A0 | Reason: normal
2026-01-02 02:49:31.283 | INFO     | ✅ Node parado
