2025-12-27 19:28:47.032 | INFO     | BLE Operation Logger iniciado: ble_operations_A08869B6F7D2_20251227_192847.log
2025-12-27 19:28:47.033 | INFO     | Scanner BLE iniciado: hci0 (A0:88:69:B6:F7:D2)
2025-12-27 19:28:47.033 | INFO     | ✅ Scanner BLE iniciado
2025-12-27 19:28:47.034 | INFO     |    Adaptador: hci0
2025-12-27 19:28:47.034 | INFO     |    Endereço: A0:88:69:B6:F7:D2
2025-12-27 19:28:47.035 | INFO     | 
2025-12-27 19:28:47.035 | INFO     | 🔍 A fazer scan de TODOS os dispositivos BLE...
2025-12-27 19:28:47.036 | INFO     |    Duração: 10 segundos (scan mais longo para aumentar chances)
2025-12-27 19:28:47.036 | INFO     |    ATENÇÃO: Sem filtro - vai mostrar tudo!
2025-12-27 19:28:47.037 | INFO     | 
2025-12-27 19:28:47.037 | INFO     | A fazer scan BLE durante 10000ms...
2025-12-27 19:28:47.038 | INFO     | [OP-20251227_192847-0001] SCAN_START | Duration: 10000ms | Filter_IoT: False
2025-12-27 19:28:57.053 | DEBUG    |   Encontrado: Unknown (49:BD:DD:B8:A7:4C) RSSI: -82 dBm
2025-12-27 19:28:57.054 | DEBUG    |   Encontrado: Unknown (73:8C:06:0A:57:D0) RSSI: -87 dBm
2025-12-27 19:28:57.057 | DEBUG    |   Encontrado: IoT-Node (E0:D3:62:D6:EE:A0) RSSI: -61 dBm
2025-12-27 19:28:57.059 | DEBUG    |   Encontrado: [TV] Samsung 7 Series (65) (FC:03:9F:1D:14:49) RSSI: -93 dBm
2025-12-27 19:28:57.060 | INFO     | Scan concluído: 4 dispositivos encontrados
2025-12-27 19:28:57.061 | INFO     | [OP-20251227_192847-0002] SCAN_RESULT | Devices_Found: 4
2025-12-27 19:28:57.062 | DEBUG    | [OP-20251227_192847-0002]   Device_1: Name: Unknown | Address: 49:BD:DD:B8:A7:4C | RSSI: -82 dBm | Services: 0
2025-12-27 19:28:57.062 | DEBUG    | [OP-20251227_192847-0002]   Device_2: Name: Unknown | Address: 73:8C:06:0A:57:D0 | RSSI: -87 dBm | Services: 0
2025-12-27 19:28:57.063 | DEBUG    | [OP-20251227_192847-0002]   Device_3: Name: IoT-Node | Address: E0:D3:62:D6:EE:A0 | RSSI: -61 dBm | Services: 4
2025-12-27 19:28:57.063 | DEBUG    | [OP-20251227_192847-0002]   Device_4: Name: [TV] Samsung 7 Series (65) | Address: FC:03:9F:1D:14:49 | RSSI: -93 dBm | Services: 5
2025-12-27 19:28:57.063 | INFO     | ======================================================================
2025-12-27 19:28:57.064 | INFO     | 📊 RESULTADOS DO SCAN
2025-12-27 19:28:57.065 | INFO     | ======================================================================
2025-12-27 19:28:57.065 | INFO     | Total de dispositivos BLE encontrados: 4
2025-12-27 19:28:57.066 | INFO     | 
2025-12-27 19:28:57.069 | INFO     | ✅ DISPOSITIVOS IoT NETWORK ENCONTRADOS:
2025-12-27 19:28:57.070 | INFO     | 
2025-12-27 19:28:57.071 | INFO     |   [1] IoT-Node
2025-12-27 19:28:57.072 | INFO     |       Endereço BLE: E0:D3:62:D6:EE:A0
2025-12-27 19:28:57.075 | INFO     |       RSSI: -61 dBm
2025-12-27 19:28:57.078 | INFO     |       Service UUIDs anunciados:
2025-12-27 19:28:57.079 | INFO     |         - 00001801-0000-1000-8000-00805f9b34fb
2025-12-27 19:28:57.080 | INFO     |         - 0000180a-0000-1000-8000-00805f9b34fb
2025-12-27 19:28:57.080 | INFO     |         - 03b80e5a-ede8-4b33-a751-6ce34ec4c700
2025-12-27 19:28:57.081 | INFO     |         - 12340000-0000-1000-8000-00805f9b34fb  ← IoT Network Service
2025-12-27 19:28:57.082 | INFO     | 
2025-12-27 19:28:57.083 | INFO     | 📱 OUTROS DISPOSITIVOS BLE (não-IoT):
2025-12-27 19:28:57.083 | INFO     | 
2025-12-27 19:28:57.084 | INFO     |   [1] Unknown
2025-12-27 19:28:57.085 | INFO     |       Endereço BLE: 49:BD:DD:B8:A7:4C
2025-12-27 19:28:57.086 | INFO     |       RSSI: -82 dBm
2025-12-27 19:28:57.086 | INFO     |       Service UUIDs: <nenhum UUID anunciado>
2025-12-27 19:28:57.086 | INFO     |       Manufacturer Data: 1 entries
2025-12-27 19:28:57.087 | INFO     | 
2025-12-27 19:28:57.088 | INFO     |   [2] Unknown
2025-12-27 19:28:57.088 | INFO     |       Endereço BLE: 73:8C:06:0A:57:D0
2025-12-27 19:28:57.089 | INFO     |       RSSI: -87 dBm
2025-12-27 19:28:57.089 | INFO     |       Service UUIDs: <nenhum UUID anunciado>
2025-12-27 19:28:57.090 | INFO     |       Manufacturer Data: 1 entries
2025-12-27 19:28:57.090 | INFO     | 
2025-12-27 19:28:57.091 | INFO     |   [3] [TV] Samsung 7 Series (65)
2025-12-27 19:28:57.092 | INFO     |       Endereço BLE: FC:03:9F:1D:14:49
2025-12-27 19:28:57.092 | INFO     |       RSSI: -93 dBm
2025-12-27 19:28:57.093 | INFO     |       Service UUIDs anunciados: 5
2025-12-27 19:28:57.094 | INFO     |         - 0000110a-0000-1000-8000-00805f9b34fb
2025-12-27 19:28:57.095 | INFO     |         - 0000110b-0000-1000-8000-00805f9b34fb
2025-12-27 19:28:57.099 | INFO     |         - 0000110c-0000-1000-8000-00805f9b34fb
2025-12-27 19:28:57.099 | INFO     |         - 0000110e-0000-1000-8000-00805f9b34fb
2025-12-27 19:28:57.101 | INFO     |         - 00001200-0000-1000-8000-00805f9b34fb
2025-12-27 19:28:57.103 | INFO     |       Manufacturer Data: 1 entries
2025-12-27 19:28:57.106 | INFO     | 
2025-12-27 19:28:57.108 | INFO     | ======================================================================
2025-12-27 19:28:57.110 | INFO     | 📋 RESUMO DO DIAGNÓSTICO
2025-12-27 19:28:57.110 | INFO     | ======================================================================
2025-12-27 19:28:57.112 | INFO     | Total de dispositivos: 4
2025-12-27 19:28:57.112 | INFO     | Dispositivos IoT Network: 1
2025-12-27 19:28:57.114 | INFO     | Outros dispositivos: 3
2025-12-27 19:28:57.115 | INFO     | 
2025-12-27 19:28:57.116 | INFO     | ✅ DIAGNÓSTICO: Tudo OK!
2025-12-27 19:28:57.117 | INFO     |    O GATT Server está a anunciar corretamente.
2025-12-27 19:28:57.118 | INFO     |    Podes usar test_ble_client.py para conectar.
2025-12-27 19:28:57.119 | INFO     | 
