2025-12-28 13:32:15.049 | INFO     | BLE Operation Logger iniciado: ble_operations_A08869B6F7D2_20251228_133215.log
2025-12-28 13:32:15.050 | INFO     | Scanner BLE iniciado: hci0 (A0:88:69:B6:F7:D2)
2025-12-28 13:32:15.051 | INFO     | BLE Client iniciado
2025-12-28 13:32:15.051 | INFO     | A fazer scan BLE durante 5000ms...
2025-12-28 13:32:15.052 | INFO     | [OP-20251228_133215-0001] SCAN_START | Duration: 5000ms | Filter_IoT: True
2025-12-28 13:32:20.165 | DEBUG    |   Encontrado: rafa-ubuntu (E0:D3:62:D6:EE:A0) RSSI: -46 dBm
2025-12-28 13:32:20.167 | INFO     | Scan concluído: 1 dispositivos encontrados
2025-12-28 13:32:20.169 | INFO     | [OP-20251228_133215-0002] SCAN_RESULT | Devices_Found: 1
2025-12-28 13:32:20.169 | DEBUG    | [OP-20251228_133215-0002]   Device_1: Name: rafa-ubuntu | Address: E0:D3:62:D6:EE:A0 | RSSI: -46 dBm | Services: 1
2025-12-28 13:32:20.170 | DEBUG    | BLEConnection criada para E0:D3:62:D6:EE:A0
2025-12-28 13:32:20.170 | INFO     | A conectar a E0:D3:62:D6:EE:A0...
2025-12-28 13:32:20.171 | INFO     | [OP-20251228_133215-0003] CONNECT_ATTEMPT | Local: A0:88:69:B6:F7:D2 | Remote: E0:D3:62:D6:EE:A0
2025-12-28 13:32:26.601 | INFO     | ✅ Conectado a E0:D3:62:D6:EE:A0
2025-12-28 13:32:26.603 | INFO     | [OP-20251228_133215-0004] CONNECT_SUCCESS | Remote: E0:D3:62:D6:EE:A0 | Time: 6427.97ms
2025-12-28 13:32:26.603 | DEBUG    | A aguardar descoberta de serviços GATT...
2025-12-28 13:32:28.605 | DEBUG    | Tentativa 1/3: 0 serviços descobertos
2025-12-28 13:32:28.606 | DEBUG    |   Nenhum serviço ainda, a tentar novamente...
2025-12-28 13:32:30.608 | DEBUG    | Tentativa 2/3: 0 serviços descobertos
2025-12-28 13:32:30.609 | DEBUG    |   Nenhum serviço ainda, a tentar novamente...
2025-12-28 13:32:32.610 | DEBUG    | Tentativa 3/3: 13 serviços descobertos
2025-12-28 13:32:32.611 | DEBUG    |   - 0000110a-0000-1000-8000-00805f9b34fb (0 características)
2025-12-28 13:32:32.611 | DEBUG    |   - 0000110b-0000-1000-8000-00805f9b34fb (0 características)
2025-12-28 13:32:32.611 | DEBUG    |   - 0000110c-0000-1000-8000-00805f9b34fb (0 características)
2025-12-28 13:32:32.611 | DEBUG    |   - 0000110e-0000-1000-8000-00805f9b34fb (0 características)
2025-12-28 13:32:32.612 | DEBUG    |   - 0000111e-0000-1000-8000-00805f9b34fb (0 características)
2025-12-28 13:32:32.612 | DEBUG    |   - 0000111f-0000-1000-8000-00805f9b34fb (0 características)
2025-12-28 13:32:32.612 | DEBUG    |   - 0000112d-0000-1000-8000-00805f9b34fb (0 características)
2025-12-28 13:32:32.612 | DEBUG    |   - 00001200-0000-1000-8000-00805f9b34fb (0 características)
2025-12-28 13:32:32.612 | DEBUG    |   - 00001800-0000-1000-8000-00805f9b34fb (0 características)
2025-12-28 13:32:32.612 | DEBUG    |   - 00001801-0000-1000-8000-00805f9b34fb (0 características)
2025-12-28 13:32:32.612 | DEBUG    |   - 0000180a-0000-1000-8000-00805f9b34fb (0 características)
2025-12-28 13:32:32.612 | DEBUG    |   - 03b80e5a-ede8-4b33-a751-6ce34ec4c700 (0 características)
2025-12-28 13:32:32.613 | DEBUG    |   - 12340000-0000-1000-8000-00805f9b34fb (0 características)
2025-12-28 13:32:32.622 | INFO     | Desconectado de E0:D3:62:D6:EE:A0
2025-12-28 13:32:32.624 | INFO     | [OP-20251228_133215-0005] DISCONNECT | Remote: E0:D3:62:D6:EE:A0 | Reason: normal
