2026-01-04 15:57:58.069 | INFO     | BLE Operation Logger iniciado: ble_operations_E0D362D6EEA0_20260104_155758.log
2026-01-04 15:57:58.069 | INFO     | Scanner BLE iniciado: hci0 (E0:D3:62:D6:EE:A0)
2026-01-04 15:57:58.070 | INFO     | BLE Client iniciado
2026-01-04 15:57:58.071 | DEBUG    | FragmentReassembler inicializado
2026-01-04 15:57:58.071 | INFO     | ReplayProtection iniciado (window_size=100)
2026-01-04 15:57:58.073 | INFO     | 🔀 Router Daemon inicializado para NID=0abd8260...
2026-01-04 15:57:58.074 | DEBUG    | ✅ Send callback configurado
2026-01-04 15:57:58.074 | DEBUG    | ✅ Handler registado para MessageType(1)
2026-01-04 15:57:58.074 | DEBUG    | ✅ Handler registado para MessageType(2)
2026-01-04 15:57:58.074 | INFO     | IoT Node inicializado (adapter=hci0)
2026-01-04 15:57:58.078 | INFO     | ✅ Router Daemon integrado
2026-01-04 15:57:58.078 | INFO     | A configurar GATT Server...
2026-01-04 15:57:58.081 | INFO     | Application criada: /
2026-01-04 15:57:58.081 | INFO     | Service criado: /0 (UUID: 12340000-0000-1000-8000-00805f9b34fb, primary: True)
2026-01-04 15:57:58.083 | INFO     | A criar IoTNetworkService...
2026-01-04 15:57:58.083 | DEBUG    | Characteristic criada: /0/char0 (UUID: 12340001-0000-1000-8000-00805f9b34fb, flags: ['write', 'notify'])
2026-01-04 15:57:58.083 | INFO     | NetworkPacketCharacteristic criada
2026-01-04 15:57:58.085 | DEBUG    | Characteristic criada: /0/char1 (UUID: 12340002-0000-1000-8000-00805f9b34fb, flags: ['read'])
2026-01-04 15:57:58.085 | INFO     | DeviceInfoCharacteristic criada: NID=0abd8260..., type=node
2026-01-04 15:57:58.086 | DEBUG    | Characteristic criada: /0/char2 (UUID: 12340003-0000-1000-8000-00805f9b34fb, flags: ['read', 'notify'])
2026-01-04 15:57:58.086 | INFO     | NeighborTableCharacteristic criada
2026-01-04 15:57:58.087 | DEBUG    | Characteristic criada: /0/char3 (UUID: 12340004-0000-1000-8000-00805f9b34fb, flags: ['write', 'indicate'])
2026-01-04 15:57:58.087 | INFO     | AuthCharacteristic criada
2026-01-04 15:57:58.087 | DEBUG    | Characteristic adicionada a /0: /0/char0
2026-01-04 15:57:58.087 | DEBUG    | Characteristic adicionada a /0: /0/char1
2026-01-04 15:57:58.088 | DEBUG    | Characteristic adicionada a /0: /0/char2
2026-01-04 15:57:58.088 | DEBUG    | Characteristic adicionada a /0: /0/char3
2026-01-04 15:57:58.088 | INFO     | ✅ IoTNetworkService criado com sucesso!
2026-01-04 15:57:58.088 | INFO     | Service adicionado à aplicação: /0
2026-01-04 15:57:58.089 | DEBUG    | Packet callback definido
2026-01-04 15:57:58.089 | DEBUG    | Auth callback definido
2026-01-04 15:57:58.089 | INFO     | Advertisement criado: /org/bluez/iot/advertisement0 (type: peripheral)
2026-01-04 15:57:58.090 | INFO     | ✅ Service UUID adicionado ao advertising: 12340000-0000-1000-8000-00805f9b34fb
2026-01-04 15:57:58.091 | INFO     |    Lista atual de UUIDs: ['12340000-0000-1000-8000-00805f9b34fb']
2026-01-04 15:57:58.091 | DEBUG    | Local name definido: IoT-Node-0abd8260
2026-01-04 15:57:58.092 | DEBUG    | Manufacturer data adicionado: ID=65535
2026-01-04 15:57:58.092 | INFO     | 🔄 Advertising contínuo configurado (duration=0)
2026-01-04 15:57:58.092 | INFO     | ✅ GATT Server configurado
2026-01-04 15:57:58.093 | INFO     | A iniciar GATT Server...
2026-01-04 15:57:58.095 | INFO     | ✅ GATT Server iniciado em thread separada
2026-01-04 15:57:58.096 | INFO     | ✅ Node Device iniciado - CLI interativo pronto
2026-01-04 15:57:58.101 | DEBUG    | GetManagedObjects called
2026-01-04 15:57:58.102 | DEBUG    | GetManagedObjects returning 5 objects
2026-01-04 15:57:58.165 | INFO     | ✅ GATT application registada!
2026-01-04 15:57:58.166 | DEBUG    | GetAll called on /org/bluez/iot/advertisement0
2026-01-04 15:57:58.166 | INFO     | 📡 Advertising com ServiceUUIDs: ['12340000-0000-1000-8000-00805f9b34fb']
2026-01-04 15:57:58.269 | INFO     | ✅ Advertisement registado!
2026-01-04 15:58:01.152 | INFO     | A fazer scan BLE durante 5000ms...
2026-01-04 15:58:01.154 | INFO     | [OP-20260104_155758-0001] SCAN_START | Duration: 5000ms | Filter_IoT: True
2026-01-04 15:58:06.278 | DEBUG    |   Encontrado: IoT-Node-a40543fa (58:00:E3:66:74:7C) RSSI: -56 dBm
2026-01-04 15:58:06.286 | INFO     | Scan concluído: 1 dispositivos encontrados
2026-01-04 15:58:06.287 | INFO     | [OP-20260104_155758-0002] SCAN_RESULT | Devices_Found: 1
2026-01-04 15:58:06.288 | DEBUG    | [OP-20260104_155758-0002]   Device_1: Name: IoT-Node-a40543fa | Address: 58:00:E3:66:74:7C | RSSI: -56 dBm | Services: 1
2026-01-04 15:58:06.289 | INFO     | A fazer scan BLE durante 5000ms...
2026-01-04 15:58:06.290 | INFO     | [OP-20260104_155758-0003] SCAN_START | Duration: 5000ms | Filter_IoT: True
2026-01-04 15:58:11.319 | DEBUG    |   Encontrado: IoT-Node-a40543fa (58:00:E3:66:74:7C) RSSI: -54 dBm
2026-01-04 15:58:11.329 | INFO     | Scan concluído: 1 dispositivos encontrados
2026-01-04 15:58:11.330 | INFO     | [OP-20260104_155758-0004] SCAN_RESULT | Devices_Found: 1
2026-01-04 15:58:11.331 | DEBUG    | [OP-20260104_155758-0004]   Device_1: Name: IoT-Node-a40543fa | Address: 58:00:E3:66:74:7C | RSSI: -54 dBm | Services: 1
2026-01-04 15:58:15.428 | INFO     | A conectar ao Sink 58:00:E3:66:74:7C...
2026-01-04 15:58:15.431 | DEBUG    | BLEConnection criada para 58:00:E3:66:74:7C
2026-01-04 15:58:15.431 | INFO     | A conectar a 58:00:E3:66:74:7C...
2026-01-04 15:58:15.433 | INFO     | [OP-20260104_155758-0005] CONNECT_ATTEMPT | Local: E0:D3:62:D6:EE:A0 | Remote: 58:00:E3:66:74:7C
2026-01-04 15:58:27.336 | ERROR    | Erro ao conectar a 58:00:E3:66:74:7C: The requested operation has failed.
2026-01-04 15:58:27.337 | ERROR    | [OP-20260104_155758-0006] CONNECT_FAILED | Remote: 58:00:E3:66:74:7C | Error: The requested operation has failed.
2026-01-04 15:58:27.339 | DEBUG    | Conexão falhou, tentando refresh do cache e retry...
2026-01-04 15:58:29.354 | ERROR    | Falha ao conectar a 58:00:E3:66:74:7C após todas as tentativas
2026-01-04 15:58:29.356 | ERROR    | ❌ Falha ao conectar ao Sink
2026-01-04 15:58:35.697 | INFO     | A fazer scan BLE durante 5000ms...
2026-01-04 15:58:35.699 | INFO     | [OP-20260104_155758-0007] SCAN_START | Duration: 5000ms | Filter_IoT: True
2026-01-04 15:58:40.722 | INFO     | Scan concluído: 0 dispositivos encontrados
2026-01-04 15:58:40.723 | INFO     | [OP-20260104_155758-0008] SCAN_RESULT | Devices_Found: 0
2026-01-04 15:58:40.725 | INFO     | A fazer scan BLE durante 5000ms...
2026-01-04 15:58:40.727 | INFO     | [OP-20260104_155758-0009] SCAN_START | Duration: 5000ms | Filter_IoT: True
2026-01-04 15:58:45.754 | INFO     | Scan concluído: 0 dispositivos encontrados
2026-01-04 15:58:45.755 | INFO     | [OP-20260104_155758-0010] SCAN_RESULT | Devices_Found: 0
2026-01-04 15:58:48.729 | INFO     | A fazer scan BLE durante 5000ms...
2026-01-04 15:58:48.731 | INFO     | [OP-20260104_155758-0011] SCAN_START | Duration: 5000ms | Filter_IoT: True
2026-01-04 15:58:53.846 | DEBUG    |   Encontrado: IoT-Node-a40543fa (58:00:E3:66:74:7C) RSSI: -54 dBm
2026-01-04 15:58:53.848 | INFO     | Scan concluído: 1 dispositivos encontrados
2026-01-04 15:58:53.849 | INFO     | [OP-20260104_155758-0012] SCAN_RESULT | Devices_Found: 1
2026-01-04 15:58:53.849 | DEBUG    | [OP-20260104_155758-0012]   Device_1: Name: IoT-Node-a40543fa | Address: 58:00:E3:66:74:7C | RSSI: -54 dBm | Services: 1
2026-01-04 15:58:53.849 | INFO     | A fazer scan BLE durante 5000ms...
2026-01-04 15:58:53.850 | INFO     | [OP-20260104_155758-0013] SCAN_START | Duration: 5000ms | Filter_IoT: True
2026-01-04 15:58:58.873 | DEBUG    |   Encontrado: IoT-Node-a40543fa (58:00:E3:66:74:7C) RSSI: -60 dBm
2026-01-04 15:58:58.878 | INFO     | Scan concluído: 1 dispositivos encontrados
2026-01-04 15:58:58.880 | INFO     | [OP-20260104_155758-0014] SCAN_RESULT | Devices_Found: 1
2026-01-04 15:58:58.883 | DEBUG    | [OP-20260104_155758-0014]   Device_1: Name: IoT-Node-a40543fa | Address: 58:00:E3:66:74:7C | RSSI: -60 dBm | Services: 1
2026-01-04 15:59:03.081 | INFO     | A conectar ao Sink 58:00:E3:66:74:7C...
2026-01-04 15:59:03.083 | DEBUG    | BLEConnection criada para 58:00:E3:66:74:7C
2026-01-04 15:59:03.085 | INFO     | A conectar a 58:00:E3:66:74:7C...
2026-01-04 15:59:03.087 | INFO     | [OP-20260104_155758-0015] CONNECT_ATTEMPT | Local: E0:D3:62:D6:EE:A0 | Remote: 58:00:E3:66:74:7C
2026-01-04 15:59:15.562 | ERROR    | Erro ao conectar a 58:00:E3:66:74:7C: The requested operation has failed.
2026-01-04 15:59:15.564 | ERROR    | [OP-20260104_155758-0016] CONNECT_FAILED | Remote: 58:00:E3:66:74:7C | Error: The requested operation has failed.
2026-01-04 15:59:15.565 | DEBUG    | Conexão falhou, tentando refresh do cache e retry...
2026-01-04 15:59:17.580 | ERROR    | Falha ao conectar a 58:00:E3:66:74:7C após todas as tentativas
2026-01-04 15:59:17.582 | ERROR    | ❌ Falha ao conectar ao Sink
2026-01-04 16:00:53.389 | INFO     | A fazer scan BLE durante 5000ms...
2026-01-04 16:00:53.390 | INFO     | [OP-20260104_155758-0017] SCAN_START | Duration: 5000ms | Filter_IoT: True
2026-01-04 16:00:58.597 | INFO     | Scan concluído: 0 dispositivos encontrados
2026-01-04 16:00:58.598 | INFO     | [OP-20260104_155758-0018] SCAN_RESULT | Devices_Found: 0
2026-01-04 16:00:58.600 | INFO     | A fazer scan BLE durante 5000ms...
2026-01-04 16:00:58.602 | INFO     | [OP-20260104_155758-0019] SCAN_START | Duration: 5000ms | Filter_IoT: True
2026-01-04 16:01:03.622 | DEBUG    |   Encontrado: IoT-Node-a40543fa (58:00:E3:66:74:7C) RSSI: -56 dBm
2026-01-04 16:01:03.623 | INFO     | Scan concluído: 1 dispositivos encontrados
2026-01-04 16:01:03.623 | INFO     | [OP-20260104_155758-0020] SCAN_RESULT | Devices_Found: 1
2026-01-04 16:01:03.624 | DEBUG    | [OP-20260104_155758-0020]   Device_1: Name: IoT-Node-a40543fa | Address: 58:00:E3:66:74:7C | RSSI: -56 dBm | Services: 1
2026-01-04 16:01:07.107 | INFO     | A conectar ao Sink 58:00:E3:66:74:7C...
2026-01-04 16:01:07.109 | DEBUG    | BLEConnection criada para 58:00:E3:66:74:7C
2026-01-04 16:01:07.110 | INFO     | A conectar a 58:00:E3:66:74:7C...
2026-01-04 16:01:07.111 | INFO     | [OP-20260104_155758-0021] CONNECT_ATTEMPT | Local: E0:D3:62:D6:EE:A0 | Remote: 58:00:E3:66:74:7C
2026-01-04 16:01:10.663 | INFO     | ✅ Conectado a 58:00:E3:66:74:7C
2026-01-04 16:01:10.664 | INFO     | [OP-20260104_155758-0022] CONNECT_SUCCESS | Remote: 58:00:E3:66:74:7C | Time: 3549.01ms
2026-01-04 16:01:10.666 | DEBUG    | ✅ Conexão estabelecida. Operações GATT usarão D-Bus se necessário.
2026-01-04 16:01:10.666 | INFO     | ✅ Conectado ao Sink via GATT
2026-01-04 16:01:10.669 | DEBUG    | Descobertos 3 serviços
2026-01-04 16:01:10.672 | DEBUG    | Serviço 12340000-0000-1000-8000-00805f9b34fb encontrado
2026-01-04 16:01:10.674 | INFO     | ✅ Serviço IoT Network encontrado
2026-01-04 16:01:10.677 | DEBUG    | 🔄 Timestamp de heartbeat resetado para nova conexão
2026-01-04 16:01:10.678 | INFO     | A subscrever a notificações...
2026-01-04 16:01:11.120 | INFO     | ✅ Subscrito a notificações: 12340001-0000-1000-8000-00805f9b34fb
2026-01-04 16:01:11.122 | INFO     | [OP-20260104_155758-0023] SUBSCRIBE_SUCCESS | Remote: 58:00:E3:66:74:7C | Char: 12340001-0000-1000-8000-00805f9b34fb
2026-01-04 16:01:11.124 | INFO     | ✅ Subscrito a NETWORK_PACKET
2026-01-04 16:01:11.126 | DEBUG    | [OP-20260104_155758-0024] READ_REQUEST | Remote: 58:00:E3:66:74:7C | Service: 12340000-0000-1000-8000-00805f9b34fb | Char: 12340002-0000-1000-8000-00805f9b34fb
2026-01-04 16:01:11.209 | DEBUG    | Read 12340002-0000-1000-8000-00805f9b34fb: 18 bytes
2026-01-04 16:01:11.210 | INFO     | [OP-20260104_155758-0025] READ_RESPONSE | Remote: 58:00:E3:66:74:7C | Char: 12340002-0000-1000-8000-00805f9b34fb | Data: 18 bytes | Hex: a40543face324331ad8d4798037bfbc7ff00 | ASCII: ..C..2C1..G..{....
2026-01-04 16:01:11.210 | INFO     | ✅ Conectado ao Sink - hop_count=0
2026-01-04 16:01:11.211 | INFO     | 🔐 A iniciar autenticação com Sink...
2026-01-04 16:01:11.211 | DEBUG    | 📡 A subscrever a AUTH characteristic...
2026-01-04 16:01:11.299 | INFO     | ✅ Subscrito a notificações: 12340004-0000-1000-8000-00805f9b34fb
2026-01-04 16:01:11.301 | INFO     | [OP-20260104_155758-0026] SUBSCRIBE_SUCCESS | Remote: 58:00:E3:66:74:7C | Char: 12340004-0000-1000-8000-00805f9b34fb
2026-01-04 16:01:11.302 | DEBUG    | ✅ Subscrito a AUTH indications
2026-01-04 16:01:11.302 | INFO     | AuthenticationProtocol inicializado para 0abd8260...
2026-01-04 16:01:11.303 | INFO     | 📤 Enviando certificado...
2026-01-04 16:01:11.303 | INFO     | 🔐 Iniciando autenticação - enviando certificado...
2026-01-04 16:01:11.304 | INFO     |    Certificado: 887 bytes
2026-01-04 16:01:11.305 | DEBUG    |    Estado: IDLE → CERT_SENT
2026-01-04 16:01:11.305 | INFO     | Fragmentando mensagem de 890 bytes em 5 fragmentos
2026-01-04 16:01:11.306 | DEBUG    |   Fragmento 1/5: 180 bytes, flags=0x01
2026-01-04 16:01:11.306 | DEBUG    |   Fragmento 2/5: 180 bytes, flags=0x00
2026-01-04 16:01:11.307 | DEBUG    |   Fragmento 3/5: 180 bytes, flags=0x00
2026-01-04 16:01:11.307 | DEBUG    |   Fragmento 4/5: 180 bytes, flags=0x00
2026-01-04 16:01:11.307 | DEBUG    |   Fragmento 5/5: 170 bytes, flags=0x02
2026-01-04 16:01:11.308 | DEBUG    | Enviando mensagem auth: 890 bytes em 5 fragmento(s)
2026-01-04 16:01:11.310 | INFO     | [OP-20260104_155758-0027] WRITE_REQUEST | Remote: 58:00:E3:66:74:7C | Char: 12340004-0000-1000-8000-00805f9b34fb | Data: 183 bytes | Hex: 0100050103772d2d2d2d2d424547494e2043455254494649434154452d2d2d2d2d0a4d4949435954434341634b674177494241674955425269314a556f385272 | ASCII: .....w-----BEGIN CERTIFICATE-----.MIICYTCCAcKgAwIBAgIUBRi1JUo8Rr [TRUNCATED]
2026-01-04 16:01:11.388 | DEBUG    | ✅ Write via SimpleBLE: 12340004-0000-1000-8000-00805f9b34fb (183 bytes)
2026-01-04 16:01:11.388 | INFO     | [OP-20260104_155758-0028] WRITE_SUCCESS | Remote: 58:00:E3:66:74:7C | Char: 12340004-0000-1000-8000-00805f9b34fb
2026-01-04 16:01:11.389 | DEBUG    |   Fragmento 1/5 enviado
2026-01-04 16:01:11.491 | INFO     | [OP-20260104_155758-0029] WRITE_REQUEST | Remote: 58:00:E3:66:74:7C | Char: 12340004-0000-1000-8000-00805f9b34fb | Data: 183 bytes | Hex: 0001054d446b6c765643424f5a58523362334a7249454e424d423458445449324d4445774e4441774e5463784e566f580a44544d324d4445774d6a41774e5463 | ASCII: ...MDklvVCBOZXR3b3JrIENBMB4XDTI2MDEwNDAwNTcxNVoX.DTM2MDEwMjAwNTc [TRUNCATED]
2026-01-04 16:01:11.568 | DEBUG    | ✅ Write via SimpleBLE: 12340004-0000-1000-8000-00805f9b34fb (183 bytes)
2026-01-04 16:01:11.568 | INFO     | [OP-20260104_155758-0030] WRITE_SUCCESS | Remote: 58:00:E3:66:74:7C | Char: 12340004-0000-1000-8000-00805f9b34fb
2026-01-04 16:01:11.569 | DEBUG    |   Fragmento 2/5 enviado
2026-01-04 16:01:11.671 | INFO     | [OP-20260104_155758-0031] WRITE_REQUEST | Remote: 58:00:E3:66:74:7C | Char: 12340004-0000-1000-8000-00805f9b34fb | Data: 183 bytes | Hex: 000205675a7377454159484b6f5a497a6a3043415159464b34454541434d44675959414241415a47726f48704c3249416f6e354f56414d2f534c41433941790a | ASCII: ...gZswEAYHKoZIzj0CAQYFK4EEACMDgYYABAAZGroHpL2IAon5OVAM/SLAC9Ay. [TRUNCATED]
2026-01-04 16:01:11.794 | DEBUG    | ✅ Write via SimpleBLE: 12340004-0000-1000-8000-00805f9b34fb (183 bytes)
2026-01-04 16:01:11.794 | INFO     | [OP-20260104_155758-0032] WRITE_SUCCESS | Remote: 58:00:E3:66:74:7C | Char: 12340004-0000-1000-8000-00805f9b34fb
2026-01-04 16:01:11.795 | DEBUG    |   Fragmento 3/5 enviado
2026-01-04 16:01:11.897 | INFO     | [OP-20260104_155758-0033] WRITE_REQUEST | Remote: 58:00:E3:66:74:7C | Char: 12340004-0000-1000-8000-00805f9b34fb | Data: 183 bytes | Hex: 000305594d574c6568665250740a4e64354f775453414a4e694f3069637059514f355a614d344d44597744415944565230544151482f424149774144414f4267 | ASCII: ...YMWLehfRPt.Nd5OwTSAJNiO0icpYQO5ZaM4MDYwDAYDVR0TAQH/BAIwADAOBg [TRUNCATED]
2026-01-04 16:01:11.973 | DEBUG    | ✅ Write via SimpleBLE: 12340004-0000-1000-8000-00805f9b34fb (183 bytes)
2026-01-04 16:01:11.973 | INFO     | [OP-20260104_155758-0034] WRITE_SUCCESS | Remote: 58:00:E3:66:74:7C | Char: 12340004-0000-1000-8000-00805f9b34fb
2026-01-04 16:01:11.974 | DEBUG    |   Fragmento 4/5 enviado
2026-01-04 16:01:12.076 | INFO     | [OP-20260104_155758-0035] WRITE_REQUEST | Remote: 58:00:E3:66:74:7C | Char: 12340004-0000-1000-8000-00805f9b34fb | Data: 173 bytes | Hex: 020405653836677866637859446f747047433179376761726a6850680a547133775375714333506b30754371454b3853702f5345435167456a385939726a546f | ASCII: ...e86gxfcxYDotpGC1y7garjhPh.Tq3wSuqC3Pk0uCqEK8Sp/SECQgEj8Y9rjTo [TRUNCATED]
2026-01-04 16:01:12.154 | DEBUG    | ✅ Write via SimpleBLE: 12340004-0000-1000-8000-00805f9b34fb (173 bytes)
2026-01-04 16:01:12.154 | INFO     | [OP-20260104_155758-0036] WRITE_SUCCESS | Remote: 58:00:E3:66:74:7C | Char: 12340004-0000-1000-8000-00805f9b34fb
2026-01-04 16:01:12.155 | DEBUG    |   Fragmento 5/5 enviado
2026-01-04 16:01:12.154 | INFO     | [OP-20260104_155758-0037] NOTIFICATION | Remote: 58:00:E3:66:74:7C | Char: 12340004-0000-1000-8000-00805f9b34fb | Data: 4 bytes | Hex: 03000100 | ASCII: ....
2026-01-04 16:01:12.155 | DEBUG    | 🔐 AUTH indication recebida: 4 bytes
2026-01-04 16:01:12.156 | DEBUG    | Fragmento recebido: seq=0, total=1, payload=1 bytes, flags=0x03
2026-01-04 16:01:12.156 | INFO     | Iniciando recepção de 1 fragmentos
2026-01-04 16:01:12.156 | DEBUG    | Fragmento 1/1 armazenado (1 de 1 recebidos)
2026-01-04 16:01:12.156 | INFO     | ✅ Mensagem reconstruída: 1 bytes (1 fragmentos)
2026-01-04 16:01:12.157 | DEBUG    | FragmentReassembler resetado
2026-01-04 16:01:12.157 | DEBUG    | 🔐 AUTH mensagem completa: 1 bytes
2026-01-04 16:01:12.255 | DEBUG    | Autenticação round 1/10
2026-01-04 16:01:12.756 | DEBUG    | Resposta auth lida do buffer: 1 bytes
2026-01-04 16:01:12.756 | ERROR    | ❌ Erro ao processar mensagem: Dados insuficientes para AuthMessage: 1 bytes
2026-01-04 16:01:12.758 | ERROR    | ❌ Autenticação falhou: FAILED
2026-01-04 16:01:48.194 | INFO     | A parar Node...
2026-01-04 16:01:48.195 | INFO     | A parar GATT Server...
2026-01-04 16:01:48.199 | INFO     | ✅ GATT Server parado
2026-01-04 16:01:50.952 | INFO     | Desconectado de 58:00:E3:66:74:7C
2026-01-04 16:01:50.954 | INFO     | [OP-20260104_155758-0038] DISCONNECT | Remote: 58:00:E3:66:74:7C | Reason: normal
2026-01-04 16:01:50.956 | INFO     | ✅ Node parado
