2026-01-04 00:02:20.999 | INFO     | BLE Operation Logger iniciado: ble_operations_5800E366747C_20260104_000220.log
2026-01-04 00:02:21.000 | INFO     | Scanner BLE iniciado: hci0 (58:00:E3:66:74:7C)
2026-01-04 00:02:21.001 | INFO     | BLE Client iniciado
2026-01-04 00:02:21.001 | DEBUG    | FragmentReassembler inicializado
2026-01-04 00:02:21.002 | INFO     | ReplayProtection iniciado (window_size=100)
2026-01-04 00:02:21.003 | INFO     | 🔀 Router Daemon inicializado para NID=74383752...
2026-01-04 00:02:21.004 | DEBUG    | ✅ Send callback configurado
2026-01-04 00:02:21.004 | DEBUG    | ✅ Handler registado para MessageType(1)
2026-01-04 00:02:21.004 | DEBUG    | ✅ Handler registado para MessageType(2)
2026-01-04 00:02:21.004 | INFO     | IoT Node inicializado (adapter=hci0)
2026-01-04 00:02:21.004 | INFO     | ✅ Router Daemon integrado
2026-01-04 00:02:21.005 | INFO     | A configurar GATT Server...
2026-01-04 00:02:21.007 | INFO     | Application criada: /
2026-01-04 00:02:21.007 | INFO     | Service criado: /0 (UUID: 12340000-0000-1000-8000-00805f9b34fb, primary: True)
2026-01-04 00:02:21.007 | INFO     | A criar IoTNetworkService...
2026-01-04 00:02:21.007 | DEBUG    | Characteristic criada: /0/char0 (UUID: 12340001-0000-1000-8000-00805f9b34fb, flags: ['write', 'notify'])
2026-01-04 00:02:21.008 | INFO     | NetworkPacketCharacteristic criada
2026-01-04 00:02:21.008 | DEBUG    | Characteristic criada: /0/char1 (UUID: 12340002-0000-1000-8000-00805f9b34fb, flags: ['read'])
2026-01-04 00:02:21.008 | INFO     | DeviceInfoCharacteristic criada: NID=74383752..., type=node
2026-01-04 00:02:21.009 | DEBUG    | Characteristic criada: /0/char2 (UUID: 12340003-0000-1000-8000-00805f9b34fb, flags: ['read', 'notify'])
2026-01-04 00:02:21.009 | INFO     | NeighborTableCharacteristic criada
2026-01-04 00:02:21.010 | DEBUG    | Characteristic criada: /0/char3 (UUID: 12340004-0000-1000-8000-00805f9b34fb, flags: ['write', 'indicate'])
2026-01-04 00:02:21.010 | INFO     | AuthCharacteristic criada
2026-01-04 00:02:21.010 | DEBUG    | Characteristic adicionada a /0: /0/char0
2026-01-04 00:02:21.010 | DEBUG    | Characteristic adicionada a /0: /0/char1
2026-01-04 00:02:21.010 | DEBUG    | Characteristic adicionada a /0: /0/char2
2026-01-04 00:02:21.011 | DEBUG    | Characteristic adicionada a /0: /0/char3
2026-01-04 00:02:21.011 | INFO     | ✅ IoTNetworkService criado com sucesso!
2026-01-04 00:02:21.011 | INFO     | Service adicionado à aplicação: /0
2026-01-04 00:02:21.012 | DEBUG    | Packet callback definido
2026-01-04 00:02:21.012 | DEBUG    | Auth callback definido
2026-01-04 00:02:21.012 | INFO     | Advertisement criado: /org/bluez/iot/advertisement0 (type: peripheral)
2026-01-04 00:02:21.012 | INFO     | ✅ Service UUID adicionado ao advertising: 12340000-0000-1000-8000-00805f9b34fb
2026-01-04 00:02:21.013 | INFO     |    Lista atual de UUIDs: ['12340000-0000-1000-8000-00805f9b34fb']
2026-01-04 00:02:21.013 | DEBUG    | Local name definido: IoT-Node-74383752
2026-01-04 00:02:21.013 | DEBUG    | Manufacturer data adicionado: ID=65535
2026-01-04 00:02:21.013 | INFO     | ✅ GATT Server configurado
2026-01-04 00:02:21.014 | INFO     | A iniciar GATT Server...
2026-01-04 00:02:21.016 | INFO     | ✅ GATT Server iniciado em thread separada
2026-01-04 00:02:21.017 | INFO     | ✅ Node Device iniciado - CLI interativo pronto
2026-01-04 00:02:21.018 | DEBUG    | GetManagedObjects called
2026-01-04 00:02:21.019 | DEBUG    | GetManagedObjects returning 5 objects
2026-01-04 00:02:21.021 | INFO     | ✅ GATT application registada!
2026-01-04 00:02:21.022 | DEBUG    | GetAll called on /org/bluez/iot/advertisement0
2026-01-04 00:02:21.022 | INFO     | 📡 Advertising com ServiceUUIDs: ['12340000-0000-1000-8000-00805f9b34fb']
2026-01-04 00:02:21.124 | INFO     | ✅ Advertisement registado!
2026-01-04 00:02:45.712 | INFO     | A fazer scan BLE durante 5000ms...
2026-01-04 00:02:45.713 | INFO     | [OP-20260104_000220-0001] SCAN_START | Duration: 5000ms | Filter_IoT: True
2026-01-04 00:02:50.918 | INFO     | Scan concluído: 0 dispositivos encontrados
2026-01-04 00:02:50.918 | INFO     | [OP-20260104_000220-0002] SCAN_RESULT | Devices_Found: 0
2026-01-04 00:02:50.918 | INFO     | A fazer scan BLE durante 5000ms...
2026-01-04 00:02:50.919 | INFO     | [OP-20260104_000220-0003] SCAN_START | Duration: 5000ms | Filter_IoT: True
2026-01-04 00:02:55.935 | INFO     | Scan concluído: 0 dispositivos encontrados
2026-01-04 00:02:55.936 | INFO     | [OP-20260104_000220-0004] SCAN_RESULT | Devices_Found: 0
2026-01-04 00:05:04.889 | INFO     | A fazer scan BLE durante 5000ms...
2026-01-04 00:05:04.891 | INFO     | [OP-20260104_000220-0005] SCAN_START | Duration: 5000ms | Filter_IoT: True
2026-01-04 00:05:10.004 | INFO     | Scan concluído: 0 dispositivos encontrados
2026-01-04 00:05:10.004 | INFO     | [OP-20260104_000220-0006] SCAN_RESULT | Devices_Found: 0
2026-01-04 00:05:10.005 | INFO     | A fazer scan BLE durante 5000ms...
2026-01-04 00:05:10.005 | INFO     | [OP-20260104_000220-0007] SCAN_START | Duration: 5000ms | Filter_IoT: True
2026-01-04 00:05:15.023 | DEBUG    |   Encontrado: Unknown (E0:D3:62:D7:47:03) RSSI: -60 dBm
2026-01-04 00:05:15.024 | INFO     | Scan concluído: 1 dispositivos encontrados
2026-01-04 00:05:15.025 | INFO     | [OP-20260104_000220-0008] SCAN_RESULT | Devices_Found: 1
2026-01-04 00:05:15.026 | DEBUG    | [OP-20260104_000220-0008]   Device_1: Name: Unknown | Address: E0:D3:62:D7:47:03 | RSSI: -60 dBm | Services: 1
2026-01-04 00:05:40.156 | INFO     | A conectar ao Sink E0:D3:62:D7:47:03...
2026-01-04 00:05:40.157 | DEBUG    | BLEConnection criada para E0:D3:62:D7:47:03
2026-01-04 00:05:40.158 | INFO     | A conectar a E0:D3:62:D7:47:03...
2026-01-04 00:05:40.159 | INFO     | [OP-20260104_000220-0009] CONNECT_ATTEMPT | Local: 58:00:E3:66:74:7C | Remote: E0:D3:62:D7:47:03
2026-01-04 00:05:43.835 | INFO     | ✅ Conectado a E0:D3:62:D7:47:03
2026-01-04 00:05:43.835 | INFO     | [OP-20260104_000220-0010] CONNECT_SUCCESS | Remote: E0:D3:62:D7:47:03 | Time: 3673.05ms
2026-01-04 00:05:43.836 | DEBUG    | ✅ Conexão estabelecida. Operações GATT usarão D-Bus se necessário.
2026-01-04 00:05:43.836 | INFO     | ✅ Conectado ao Sink via GATT
2026-01-04 00:05:43.838 | DEBUG    | Descobertos 4 serviços
2026-01-04 00:05:43.839 | DEBUG    | Serviço 12340000-0000-1000-8000-00805f9b34fb encontrado
2026-01-04 00:05:43.840 | INFO     | ✅ Serviço IoT Network encontrado
2026-01-04 00:05:43.840 | DEBUG    | 🔄 Timestamp de heartbeat resetado para nova conexão
2026-01-04 00:05:43.840 | INFO     | A subscrever a notificações...
2026-01-04 00:05:44.281 | INFO     | ✅ Subscrito a notificações: 12340001-0000-1000-8000-00805f9b34fb
2026-01-04 00:05:44.284 | INFO     | [OP-20260104_000220-0011] SUBSCRIBE_SUCCESS | Remote: E0:D3:62:D7:47:03 | Char: 12340001-0000-1000-8000-00805f9b34fb
2026-01-04 00:05:44.286 | INFO     | ✅ Subscrito a NETWORK_PACKET
2026-01-04 00:05:44.290 | DEBUG    | [OP-20260104_000220-0012] READ_REQUEST | Remote: E0:D3:62:D7:47:03 | Service: 12340000-0000-1000-8000-00805f9b34fb | Char: 12340002-0000-1000-8000-00805f9b34fb
2026-01-04 00:05:44.372 | DEBUG    | Read 12340002-0000-1000-8000-00805f9b34fb: 18 bytes
2026-01-04 00:05:44.373 | INFO     | [OP-20260104_000220-0013] READ_RESPONSE | Remote: E0:D3:62:D7:47:03 | Char: 12340002-0000-1000-8000-00805f9b34fb | Data: 18 bytes | Hex: 54c225f24e894134bf27c5e9148e17c1ff01 | ASCII: T.%.N.A4.'........
2026-01-04 00:05:44.376 | INFO     | ✅ Conectado ao Sink - hop_count=0
2026-01-04 00:05:44.379 | INFO     | 🔐 A iniciar autenticação com Sink...
2026-01-04 00:05:44.381 | DEBUG    | 📡 A subscrever a AUTH characteristic...
2026-01-04 00:05:44.460 | INFO     | ✅ Subscrito a notificações: 12340004-0000-1000-8000-00805f9b34fb
2026-01-04 00:05:44.462 | INFO     | [OP-20260104_000220-0014] SUBSCRIBE_SUCCESS | Remote: E0:D3:62:D7:47:03 | Char: 12340004-0000-1000-8000-00805f9b34fb
2026-01-04 00:05:44.464 | DEBUG    | ✅ Subscrito a AUTH indications
2026-01-04 00:05:44.465 | INFO     | AuthenticationProtocol inicializado para 74383752...
2026-01-04 00:05:44.466 | INFO     | 📤 Enviando certificado...
2026-01-04 00:05:44.467 | INFO     | 🔐 Iniciando autenticação - enviando certificado...
2026-01-04 00:05:44.471 | INFO     |    Certificado: 887 bytes
2026-01-04 00:05:44.473 | DEBUG    |    Estado: IDLE → CERT_SENT
2026-01-04 00:05:44.474 | INFO     | Fragmentando mensagem de 890 bytes em 5 fragmentos
2026-01-04 00:05:44.476 | DEBUG    |   Fragmento 1/5: 180 bytes, flags=0x01
2026-01-04 00:05:44.477 | DEBUG    |   Fragmento 2/5: 180 bytes, flags=0x00
2026-01-04 00:05:44.477 | DEBUG    |   Fragmento 3/5: 180 bytes, flags=0x00
2026-01-04 00:05:44.478 | DEBUG    |   Fragmento 4/5: 180 bytes, flags=0x00
2026-01-04 00:05:44.478 | DEBUG    |   Fragmento 5/5: 170 bytes, flags=0x02
2026-01-04 00:05:44.479 | DEBUG    | Enviando mensagem auth: 890 bytes em 5 fragmento(s)
2026-01-04 00:05:44.482 | INFO     | [OP-20260104_000220-0015] WRITE_REQUEST | Remote: E0:D3:62:D7:47:03 | Char: 12340004-0000-1000-8000-00805f9b34fb | Data: 183 bytes | Hex: 0100050103772d2d2d2d2d424547494e2043455254494649434154452d2d2d2d2d0a4d4949435954434341634b674177494241674955503456317a7156365177 | ASCII: .....w-----BEGIN CERTIFICATE-----.MIICYTCCAcKgAwIBAgIUP4V1zqV6Qw [TRUNCATED]
2026-01-04 00:05:44.549 | DEBUG    | ✅ Write via SimpleBLE: 12340004-0000-1000-8000-00805f9b34fb (183 bytes)
2026-01-04 00:05:44.550 | INFO     | [OP-20260104_000220-0016] WRITE_SUCCESS | Remote: E0:D3:62:D7:47:03 | Char: 12340004-0000-1000-8000-00805f9b34fb
2026-01-04 00:05:44.551 | DEBUG    |   Fragmento 1/5 enviado
2026-01-04 00:05:44.654 | INFO     | [OP-20260104_000220-0017] WRITE_REQUEST | Remote: E0:D3:62:D7:47:03 | Char: 12340004-0000-1000-8000-00805f9b34fb | Data: 183 bytes | Hex: 0001054d446b6c765643424f5a58523362334a7249454e424d423458445449324d4445774d6a45794e446b304d316f580a44544d314d54497a4d5445794e446b | ASCII: ...MDklvVCBOZXR3b3JrIENBMB4XDTI2MDEwMjEyNDk0M1oX.DTM1MTIzMTEyNDk [TRUNCATED]
2026-01-04 00:05:44.729 | DEBUG    | ✅ Write via SimpleBLE: 12340004-0000-1000-8000-00805f9b34fb (183 bytes)
2026-01-04 00:05:44.730 | INFO     | [OP-20260104_000220-0018] WRITE_SUCCESS | Remote: E0:D3:62:D7:47:03 | Char: 12340004-0000-1000-8000-00805f9b34fb
2026-01-04 00:05:44.732 | DEBUG    |   Fragmento 2/5 enviado
2026-01-04 00:05:44.836 | INFO     | [OP-20260104_000220-0019] WRITE_REQUEST | Remote: E0:D3:62:D7:47:03 | Char: 12340004-0000-1000-8000-00805f9b34fb | Data: 183 bytes | Hex: 000205675a7377454159484b6f5a497a6a3043415159464b34454541434d4467595941424145694e696357395555554c7a5a7a31477641556d77426e636f670a | ASCII: ...gZswEAYHKoZIzj0CAQYFK4EEACMDgYYABAEiNicW9UUULzZz1GvAUmwBncog. [TRUNCATED]
2026-01-04 00:05:44.910 | DEBUG    | ✅ Write via SimpleBLE: 12340004-0000-1000-8000-00805f9b34fb (183 bytes)
2026-01-04 00:05:44.911 | INFO     | [OP-20260104_000220-0020] WRITE_SUCCESS | Remote: E0:D3:62:D7:47:03 | Char: 12340004-0000-1000-8000-00805f9b34fb
2026-01-04 00:05:44.913 | DEBUG    |   Fragmento 3/5 enviado
2026-01-04 00:05:45.014 | INFO     | [OP-20260104_000220-0021] WRITE_REQUEST | Remote: E0:D3:62:D7:47:03 | Char: 12340004-0000-1000-8000-00805f9b34fb | Data: 183 bytes | Hex: 0003056f394a6e616a4d494f760a734344654e443674516a39337452687558446a6d524b4d344d44597744415944565230544151482f424149774144414f4267 | ASCII: ...o9JnajMIOv.sCDeND6tQj93tRhuXDjmRKM4MDYwDAYDVR0TAQH/BAIwADAOBg [TRUNCATED]
2026-01-04 00:05:45.090 | DEBUG    | ✅ Write via SimpleBLE: 12340004-0000-1000-8000-00805f9b34fb (183 bytes)
2026-01-04 00:05:45.091 | INFO     | [OP-20260104_000220-0022] WRITE_SUCCESS | Remote: E0:D3:62:D7:47:03 | Char: 12340004-0000-1000-8000-00805f9b34fb
2026-01-04 00:05:45.092 | DEBUG    |   Fragmento 4/5 enviado
2026-01-04 00:05:45.196 | INFO     | [OP-20260104_000220-0023] WRITE_REQUEST | Remote: E0:D3:62:D7:47:03 | Char: 12340004-0000-1000-8000-00805f9b34fb | Data: 173 bytes | Hex: 0204056c466935494f443142454578567254414b2b776c774e2b676a0a4e3249572b3450556a78466643654f6152762b794a3734435167452b4654787a433554 | ASCII: ...lFi5IOD1BEExVrTAK+wlwN+gj.N2IW+4PUjxFfCeOaRv+yJ74CQgE+FTxzC5T [TRUNCATED]
2026-01-04 00:05:45.313 | DEBUG    | ✅ Write via SimpleBLE: 12340004-0000-1000-8000-00805f9b34fb (173 bytes)
2026-01-04 00:05:45.314 | INFO     | [OP-20260104_000220-0024] WRITE_SUCCESS | Remote: E0:D3:62:D7:47:03 | Char: 12340004-0000-1000-8000-00805f9b34fb
2026-01-04 00:05:45.315 | DEBUG    |   Fragmento 5/5 enviado
2026-01-04 00:05:45.317 | INFO     | [OP-20260104_000220-0025] NOTIFICATION | Remote: E0:D3:62:D7:47:03 | Char: 12340004-0000-1000-8000-00805f9b34fb | Data: 183 bytes | Hex: 0100060203b00000038c2d2d2d2d2d424547494e2043455254494649434154452d2d2d2d2d0a4d494943634443434164476741774942416749554a787a6b7455 | ASCII: ..........-----BEGIN CERTIFICATE-----.MIICcDCCAdGgAwIBAgIUJxzktU [TRUNCATED]
2026-01-04 00:05:45.320 | DEBUG    | 🔐 AUTH indication recebida: 183 bytes
2026-01-04 00:05:45.321 | DEBUG    | Fragmento recebido: seq=0, total=6, payload=180 bytes, flags=0x01
2026-01-04 00:05:45.322 | INFO     | Iniciando recepção de 6 fragmentos
2026-01-04 00:05:45.323 | DEBUG    | Fragmento 1/6 armazenado (1 de 6 recebidos)
2026-01-04 00:05:45.323 | DEBUG    | 🔐 Aguardando mais fragmentos AUTH...
2026-01-04 00:05:45.406 | INFO     | [OP-20260104_000220-0026] NOTIFICATION | Remote: E0:D3:62:D7:47:03 | Char: 12340004-0000-1000-8000-00805f9b34fb | Data: 183 bytes | Hex: 0001065642414d4d446b6c765643424f5a58523362334a7249454e424d423458445449324d4445774d6a45794e446b7a4d6c6f580a44544d314d54497a4d5445 | ASCII: ...VBAMMDklvVCBOZXR3b3JrIENBMB4XDTI2MDEwMjEyNDkzMloX.DTM1MTIzMTE [TRUNCATED]
2026-01-04 00:05:45.407 | DEBUG    | 🔐 AUTH indication recebida: 183 bytes
2026-01-04 00:05:45.408 | DEBUG    | Fragmento recebido: seq=1, total=6, payload=180 bytes, flags=0x00
2026-01-04 00:05:45.408 | DEBUG    | Fragmento 2/6 armazenado (2 de 6 recebidos)
2026-01-04 00:05:45.409 | DEBUG    | 🔐 Aguardando mais fragmentos AUTH...
2026-01-04 00:05:45.416 | DEBUG    | Autenticação round 1/10
2026-01-04 00:05:45.500 | INFO     | [OP-20260104_000220-0027] NOTIFICATION | Remote: E0:D3:62:D7:47:03 | Char: 12340004-0000-1000-8000-00805f9b34fb | Data: 183 bytes | Hex: 000206597a45784454414c42674e564241734d42464e70626d7377675a7377454159484b6f5a497a6a3043415159464b34454541434d44675959414241415377 | ASCII: ...YzExDTALBgNVBAsMBFNpbmswgZswEAYHKoZIzj0CAQYFK4EEACMDgYYABAASw [TRUNCATED]
2026-01-04 00:05:45.501 | DEBUG    | 🔐 AUTH indication recebida: 183 bytes
2026-01-04 00:05:45.502 | DEBUG    | Fragmento recebido: seq=2, total=6, payload=180 bytes, flags=0x00
2026-01-04 00:05:45.502 | DEBUG    | Fragmento 3/6 armazenado (3 de 6 recebidos)
2026-01-04 00:05:45.503 | DEBUG    | 🔐 Aguardando mais fragmentos AUTH...
2026-01-04 00:05:45.586 | INFO     | [OP-20260104_000220-0028] NOTIFICATION | Remote: E0:D3:62:D7:47:03 | Char: 12340001-0000-1000-8000-00805f9b34fb | Data: 236 bytes | Hex: 54c225f24e894134bf27c5e9148e17c154c225f24e894134bf27c5e9148e17c1020100000027118bc645a1551928b0ed6c506d15f4c807f678252a5da5304342 | ASCII: T.%.N.A4.'......T.%.N.A4.'...........'...E.U.(..lPm.....x%*].0CB [TRUNCATED]
2026-01-04 00:05:45.588 | DEBUG    | 📥 Pacote recebido de uplink: 54c225f2... → 54c225f2... (type=MessageType(2), ttl=1)
2026-01-04 00:05:45.588 | DEBUG    | Novo source 54c225f2...: seq=39 (primeiro pacote)
2026-01-04 00:05:45.589 | DEBUG    | Learning new route: 54c225f2... → uplink
2026-01-04 00:05:45.589 | DEBUG    | 📚 Aprendido: 54c225f2... → uplink
2026-01-04 00:05:45.590 | INFO     | 📨 Entregando localmente: 54c225f2... → 54c225f2... (type=MessageType(2), 166 bytes)
2026-01-04 00:05:45.591 | INFO     | Sink NID identificado: 54c225f2...
2026-01-04 00:05:45.592 | DEBUG    | Novo source 54c225f2...: seq=39 (primeiro pacote)
2026-01-04 00:05:45.592 | WARNING  | ⚠️  Certificado do Sink não disponível para verificação
2026-01-04 00:05:45.593 | DEBUG    |    hasattr _sink_cert: False
2026-01-04 00:05:45.594 | ERROR    | ❌ Assinatura de heartbeat inválida!
2026-01-04 00:05:45.633 | INFO     | [OP-20260104_000220-0029] NOTIFICATION | Remote: E0:D3:62:D7:47:03 | Char: 12340004-0000-1000-8000-00805f9b34fb | Data: 183 bytes | Hex: 000306386e6a795a48523051644f4375300a6f4e41363237777a484f3239624a6f6b67614b4c486e66436d2b505643727934344a64307a434d4e50614d344d44 | ASCII: ...8njyZHR0QdOCu0.oNA627wzHO29bJokgaKLHnfCm+PVCry44Jd0zCMNPaM4MD [TRUNCATED]
2026-01-04 00:05:45.635 | DEBUG    | 🔐 AUTH indication recebida: 183 bytes
2026-01-04 00:05:45.635 | DEBUG    | Fragmento recebido: seq=3, total=6, payload=180 bytes, flags=0x00
2026-01-04 00:05:45.636 | DEBUG    | Fragmento 4/6 armazenado (4 de 6 recebidos)
2026-01-04 00:05:45.636 | DEBUG    | 🔐 Aguardando mais fragmentos AUTH...
2026-01-04 00:05:45.726 | INFO     | [OP-20260104_000220-0030] NOTIFICATION | Remote: E0:D3:62:D7:47:03 | Char: 12340004-0000-1000-8000-00805f9b34fb | Data: 183 bytes | Hex: 00040634706d4967797a644e615a4e4a506a66796561623859385839394141680a6158316663585374655142344b476a74343969626571735a70734d59754675 | ASCII: ...4pmIgyzdNaZNJPjfyeab8Y8X99AAh.aX1fcXSteQB4KGjt49ibeqsZpsMYuFu [TRUNCATED]
2026-01-04 00:05:45.728 | DEBUG    | 🔐 AUTH indication recebida: 183 bytes
2026-01-04 00:05:45.728 | DEBUG    | Fragmento recebido: seq=4, total=6, payload=180 bytes, flags=0x00
2026-01-04 00:05:45.729 | DEBUG    | Fragmento 5/6 armazenado (5 de 6 recebidos)
2026-01-04 00:05:45.729 | DEBUG    | 🔐 Aguardando mais fragmentos AUTH...
2026-01-04 00:05:45.811 | INFO     | [OP-20260104_000220-0031] NOTIFICATION | Remote: E0:D3:62:D7:47:03 | Char: 12340004-0000-1000-8000-00805f9b34fb | Data: 50 bytes | Hex: 0205065254494649434154452d2d2d2d2d0a5f4fec0e19e0e6ae527002cd92fecafb0f282d86357bfd8e2773da10e92eeaca | ASCII: ...RTIFICATE-----._O......Rp.......(-.5{..'s......
2026-01-04 00:05:45.813 | DEBUG    | 🔐 AUTH indication recebida: 50 bytes
2026-01-04 00:05:45.813 | DEBUG    | Fragmento recebido: seq=5, total=6, payload=47 bytes, flags=0x02
2026-01-04 00:05:45.814 | DEBUG    | Fragmento 6/6 armazenado (6 de 6 recebidos)
2026-01-04 00:05:45.814 | INFO     | ✅ Mensagem reconstruída: 947 bytes (6 fragmentos)
2026-01-04 00:05:45.815 | DEBUG    | FragmentReassembler resetado
2026-01-04 00:05:45.816 | DEBUG    | 🔐 AUTH mensagem completa: 947 bytes
2026-01-04 00:05:45.917 | DEBUG    | Resposta auth lida do buffer: 947 bytes
2026-01-04 00:05:45.918 | DEBUG    | 📨 Recebido: AuthMessage(type=CHALLENGE, payload=944 bytes)
2026-01-04 00:05:45.919 | INFO     | 🎲 Challenge recebido - processando certificado + challenge...
2026-01-04 00:05:45.921 | INFO     | 📜 Extraindo certificado do peer do payload...
2026-01-04 00:05:45.931 | DEBUG    | ✅ Assinatura da CA válida
2026-01-04 00:05:45.932 | ERROR    | ❌ Erro ao processar payload: '_Certificate' object has no attribute 'not_valid_before_utc'
2026-01-04 00:05:45.933 | ERROR    | ❌ Erro ao processar mensagem: '_Certificate' object has no attribute 'not_valid_before_utc'
2026-01-04 00:05:45.936 | ERROR    | ❌ Autenticação falhou: FAILED
2026-01-04 00:05:50.581 | INFO     | [OP-20260104_000220-0032] NOTIFICATION | Remote: E0:D3:62:D7:47:03 | Char: 12340001-0000-1000-8000-00805f9b34fb | Data: 236 bytes | Hex: 54c225f24e894134bf27c5e9148e17c154c225f24e894134bf27c5e9148e17c10201000000289091f3a666ff0db183322c61775b49c1fdcdd9161c5bb6e3b491 | ASCII: T.%.N.A4.'......T.%.N.A4.'...........(....f....2,aw[I......[.... [TRUNCATED]
2026-01-04 00:05:50.583 | DEBUG    | 📥 Pacote recebido de uplink: 54c225f2... → 54c225f2... (type=MessageType(2), ttl=1)
2026-01-04 00:05:50.584 | DEBUG    | Source 54c225f2...: seq=40 (novo highest, window: 2 seqs)
2026-01-04 00:05:50.584 | DEBUG    | 📚 Aprendido: 54c225f2... → uplink
2026-01-04 00:05:50.585 | INFO     | 📨 Entregando localmente: 54c225f2... → 54c225f2... (type=MessageType(2), 166 bytes)
2026-01-04 00:05:50.586 | DEBUG    | Source 54c225f2...: seq=40 (novo highest, window: 2 seqs)
2026-01-04 00:05:50.586 | WARNING  | ⚠️  Certificado do Sink não disponível para verificação
2026-01-04 00:05:50.587 | DEBUG    |    hasattr _sink_cert: False
2026-01-04 00:05:50.588 | ERROR    | ❌ Assinatura de heartbeat inválida!
2026-01-04 00:05:55.576 | INFO     | [OP-20260104_000220-0033] NOTIFICATION | Remote: E0:D3:62:D7:47:03 | Char: 12340001-0000-1000-8000-00805f9b34fb | Data: 236 bytes | Hex: 54c225f24e894134bf27c5e9148e17c154c225f24e894134bf27c5e9148e17c10201000000291d27c1e63e9cdcb34a9443bf61c54f9ae75de2d1d7468d2c6c21 | ASCII: T.%.N.A4.'......T.%.N.A4.'...........).'..>...J.C.a.O..]...F.,l! [TRUNCATED]
2026-01-04 00:05:55.578 | DEBUG    | 📥 Pacote recebido de uplink: 54c225f2... → 54c225f2... (type=MessageType(2), ttl=1)
2026-01-04 00:05:55.579 | DEBUG    | Source 54c225f2...: seq=41 (novo highest, window: 3 seqs)
2026-01-04 00:05:55.580 | DEBUG    | 📚 Aprendido: 54c225f2... → uplink
2026-01-04 00:05:55.580 | INFO     | 📨 Entregando localmente: 54c225f2... → 54c225f2... (type=MessageType(2), 166 bytes)
2026-01-04 00:05:55.581 | DEBUG    | Source 54c225f2...: seq=41 (novo highest, window: 3 seqs)
2026-01-04 00:05:55.582 | WARNING  | ⚠️  Certificado do Sink não disponível para verificação
2026-01-04 00:05:55.583 | DEBUG    |    hasattr _sink_cert: False
2026-01-04 00:05:55.583 | ERROR    | ❌ Assinatura de heartbeat inválida!
2026-01-04 00:06:00.571 | INFO     | [OP-20260104_000220-0034] NOTIFICATION | Remote: E0:D3:62:D7:47:03 | Char: 12340001-0000-1000-8000-00805f9b34fb | Data: 236 bytes | Hex: 54c225f24e894134bf27c5e9148e17c154c225f24e894134bf27c5e9148e17c102010000002a13dbe38a0a116ff0aa2585c14b423f8a85ed281e4815ec0d77a7 | ASCII: T.%.N.A4.'......T.%.N.A4.'...........*......o..%..KB?...(.H...w. [TRUNCATED]
2026-01-04 00:06:00.572 | DEBUG    | 📥 Pacote recebido de uplink: 54c225f2... → 54c225f2... (type=MessageType(2), ttl=1)
2026-01-04 00:06:00.573 | DEBUG    | Source 54c225f2...: seq=42 (novo highest, window: 4 seqs)
2026-01-04 00:06:00.573 | DEBUG    | 📚 Aprendido: 54c225f2... → uplink
2026-01-04 00:06:00.574 | INFO     | 📨 Entregando localmente: 54c225f2... → 54c225f2... (type=MessageType(2), 166 bytes)
2026-01-04 00:06:00.575 | DEBUG    | Source 54c225f2...: seq=42 (novo highest, window: 4 seqs)
2026-01-04 00:06:00.576 | WARNING  | ⚠️  Certificado do Sink não disponível para verificação
2026-01-04 00:06:00.577 | DEBUG    |    hasattr _sink_cert: False
2026-01-04 00:06:00.577 | ERROR    | ❌ Assinatura de heartbeat inválida!
2026-01-04 00:06:05.565 | INFO     | [OP-20260104_000220-0035] NOTIFICATION | Remote: E0:D3:62:D7:47:03 | Char: 12340001-0000-1000-8000-00805f9b34fb | Data: 236 bytes | Hex: 54c225f24e894134bf27c5e9148e17c154c225f24e894134bf27c5e9148e17c102010000002ba5428278f89e8624338a06b5268b337197147f362e2bfabdf1e4 | ASCII: T.%.N.A4.'......T.%.N.A4.'...........+.B.x...$3...&.3q...6.+.... [TRUNCATED]
2026-01-04 00:06:05.567 | DEBUG    | 📥 Pacote recebido de uplink: 54c225f2... → 54c225f2... (type=MessageType(2), ttl=1)
2026-01-04 00:06:05.567 | DEBUG    | Source 54c225f2...: seq=43 (novo highest, window: 5 seqs)
2026-01-04 00:06:05.568 | DEBUG    | 📚 Aprendido: 54c225f2... → uplink
2026-01-04 00:06:05.568 | INFO     | 📨 Entregando localmente: 54c225f2... → 54c225f2... (type=MessageType(2), 166 bytes)
2026-01-04 00:06:05.568 | DEBUG    | Source 54c225f2...: seq=43 (novo highest, window: 5 seqs)
2026-01-04 00:06:05.569 | WARNING  | ⚠️  Certificado do Sink não disponível para verificação
2026-01-04 00:06:05.569 | DEBUG    |    hasattr _sink_cert: False
2026-01-04 00:06:05.569 | ERROR    | ❌ Assinatura de heartbeat inválida!
2026-01-04 00:06:10.558 | INFO     | [OP-20260104_000220-0036] NOTIFICATION | Remote: E0:D3:62:D7:47:03 | Char: 12340001-0000-1000-8000-00805f9b34fb | Data: 236 bytes | Hex: 54c225f24e894134bf27c5e9148e17c154c225f24e894134bf27c5e9148e17c102010000002c129bf72efa626f1f089987d98ac3b2356b8093f81bff59c58192 | ASCII: T.%.N.A4.'......T.%.N.A4.'...........,.....bo........5k.....Y... [TRUNCATED]
2026-01-04 00:06:10.559 | DEBUG    | 📥 Pacote recebido de uplink: 54c225f2... → 54c225f2... (type=MessageType(2), ttl=1)
2026-01-04 00:06:10.559 | DEBUG    | Source 54c225f2...: seq=44 (novo highest, window: 6 seqs)
2026-01-04 00:06:10.559 | DEBUG    | 📚 Aprendido: 54c225f2... → uplink
2026-01-04 00:06:10.559 | INFO     | 📨 Entregando localmente: 54c225f2... → 54c225f2... (type=MessageType(2), 166 bytes)
2026-01-04 00:06:10.560 | DEBUG    | Source 54c225f2...: seq=44 (novo highest, window: 6 seqs)
2026-01-04 00:06:10.560 | WARNING  | ⚠️  Certificado do Sink não disponível para verificação
2026-01-04 00:06:10.560 | DEBUG    |    hasattr _sink_cert: False
2026-01-04 00:06:10.560 | ERROR    | ❌ Assinatura de heartbeat inválida!
2026-01-04 00:06:15.557 | INFO     | [OP-20260104_000220-0037] NOTIFICATION | Remote: E0:D3:62:D7:47:03 | Char: 12340001-0000-1000-8000-00805f9b34fb | Data: 236 bytes | Hex: 54c225f24e894134bf27c5e9148e17c154c225f24e894134bf27c5e9148e17c102010000002dfdd4e27ef59e93235973dcda70348a033d9605fce91a5bae0274 | ASCII: T.%.N.A4.'......T.%.N.A4.'...........-...~...#Ys..p4..=.....[..t [TRUNCATED]
2026-01-04 00:06:15.558 | DEBUG    | 📥 Pacote recebido de uplink: 54c225f2... → 54c225f2... (type=MessageType(2), ttl=1)
2026-01-04 00:06:15.559 | DEBUG    | Source 54c225f2...: seq=45 (novo highest, window: 7 seqs)
2026-01-04 00:06:15.560 | DEBUG    | 📚 Aprendido: 54c225f2... → uplink
2026-01-04 00:06:15.560 | INFO     | 📨 Entregando localmente: 54c225f2... → 54c225f2... (type=MessageType(2), 166 bytes)
2026-01-04 00:06:15.561 | DEBUG    | Source 54c225f2...: seq=45 (novo highest, window: 7 seqs)
2026-01-04 00:06:15.562 | WARNING  | ⚠️  Certificado do Sink não disponível para verificação
2026-01-04 00:06:15.563 | DEBUG    |    hasattr _sink_cert: False
2026-01-04 00:06:15.563 | ERROR    | ❌ Assinatura de heartbeat inválida!
2026-01-04 00:06:20.551 | INFO     | [OP-20260104_000220-0038] NOTIFICATION | Remote: E0:D3:62:D7:47:03 | Char: 12340001-0000-1000-8000-00805f9b34fb | Data: 236 bytes | Hex: 54c225f24e894134bf27c5e9148e17c154c225f24e894134bf27c5e9148e17c102010000002e95a9065b95765b8bc49274db068c7a755ef785731fc0da1694b4 | ASCII: T.%.N.A4.'......T.%.N.A4.'...............[.v[...t...zu^..s...... [TRUNCATED]
2026-01-04 00:06:20.552 | DEBUG    | 📥 Pacote recebido de uplink: 54c225f2... → 54c225f2... (type=MessageType(2), ttl=1)
2026-01-04 00:06:20.553 | DEBUG    | Source 54c225f2...: seq=46 (novo highest, window: 8 seqs)
2026-01-04 00:06:20.554 | DEBUG    | 📚 Aprendido: 54c225f2... → uplink
2026-01-04 00:06:20.554 | INFO     | 📨 Entregando localmente: 54c225f2... → 54c225f2... (type=MessageType(2), 166 bytes)
2026-01-04 00:06:20.555 | DEBUG    | Source 54c225f2...: seq=46 (novo highest, window: 8 seqs)
2026-01-04 00:06:20.556 | WARNING  | ⚠️  Certificado do Sink não disponível para verificação
2026-01-04 00:06:20.557 | DEBUG    |    hasattr _sink_cert: False
2026-01-04 00:06:20.557 | ERROR    | ❌ Assinatura de heartbeat inválida!
2026-01-04 00:06:25.636 | INFO     | [OP-20260104_000220-0039] NOTIFICATION | Remote: E0:D3:62:D7:47:03 | Char: 12340001-0000-1000-8000-00805f9b34fb | Data: 236 bytes | Hex: 54c225f24e894134bf27c5e9148e17c154c225f24e894134bf27c5e9148e17c102010000002f60b32ff2bcbe82943a9b706e6b333c706590de8230cd01303c68 | ASCII: T.%.N.A4.'......T.%.N.A4.'.........../`./.....:.pnk3<pe...0..0<h [TRUNCATED]
2026-01-04 00:06:25.637 | DEBUG    | 📥 Pacote recebido de uplink: 54c225f2... → 54c225f2... (type=MessageType(2), ttl=1)
2026-01-04 00:06:25.638 | DEBUG    | Source 54c225f2...: seq=47 (novo highest, window: 9 seqs)
2026-01-04 00:06:25.639 | DEBUG    | 📚 Aprendido: 54c225f2... → uplink
2026-01-04 00:06:25.639 | INFO     | 📨 Entregando localmente: 54c225f2... → 54c225f2... (type=MessageType(2), 166 bytes)
2026-01-04 00:06:25.640 | DEBUG    | Source 54c225f2...: seq=47 (novo highest, window: 9 seqs)
2026-01-04 00:06:25.641 | WARNING  | ⚠️  Certificado do Sink não disponível para verificação
2026-01-04 00:06:25.642 | DEBUG    |    hasattr _sink_cert: False
2026-01-04 00:06:25.643 | ERROR    | ❌ Assinatura de heartbeat inválida!
2026-01-04 00:06:30.586 | INFO     | [OP-20260104_000220-0040] NOTIFICATION | Remote: E0:D3:62:D7:47:03 | Char: 12340001-0000-1000-8000-00805f9b34fb | Data: 236 bytes | Hex: 54c225f24e894134bf27c5e9148e17c154c225f24e894134bf27c5e9148e17c10201000000300d71c2fa93f7cb35dda65ed8593b9bbc8c024a0e787b55301658 | ASCII: T.%.N.A4.'......T.%.N.A4.'...........0.q.....5..^.Y;....J.x{U0.X [TRUNCATED]
2026-01-04 00:06:30.587 | DEBUG    | 📥 Pacote recebido de uplink: 54c225f2... → 54c225f2... (type=MessageType(2), ttl=1)
2026-01-04 00:06:30.588 | DEBUG    | Source 54c225f2...: seq=48 (novo highest, window: 10 seqs)
2026-01-04 00:06:30.588 | DEBUG    | 📚 Aprendido: 54c225f2... → uplink
2026-01-04 00:06:30.589 | INFO     | 📨 Entregando localmente: 54c225f2... → 54c225f2... (type=MessageType(2), 166 bytes)
2026-01-04 00:06:30.590 | DEBUG    | Source 54c225f2...: seq=48 (novo highest, window: 10 seqs)
2026-01-04 00:06:30.591 | WARNING  | ⚠️  Certificado do Sink não disponível para verificação
2026-01-04 00:06:30.592 | DEBUG    |    hasattr _sink_cert: False
2026-01-04 00:06:30.593 | ERROR    | ❌ Assinatura de heartbeat inválida!
2026-01-04 00:06:35.580 | INFO     | [OP-20260104_000220-0041] NOTIFICATION | Remote: E0:D3:62:D7:47:03 | Char: 12340001-0000-1000-8000-00805f9b34fb | Data: 236 bytes | Hex: 54c225f24e894134bf27c5e9148e17c154c225f24e894134bf27c5e9148e17c1020100000031289ee705764d9b0b880a680785958b38497a2d6c8ab07a3834c6 | ASCII: T.%.N.A4.'......T.%.N.A4.'...........1(...vM....h....8Iz-l..z84. [TRUNCATED]
2026-01-04 00:06:35.581 | DEBUG    | 📥 Pacote recebido de uplink: 54c225f2... → 54c225f2... (type=MessageType(2), ttl=1)
2026-01-04 00:06:35.582 | DEBUG    | Source 54c225f2...: seq=49 (novo highest, window: 11 seqs)
2026-01-04 00:06:35.582 | DEBUG    | 📚 Aprendido: 54c225f2... → uplink
2026-01-04 00:06:35.583 | INFO     | 📨 Entregando localmente: 54c225f2... → 54c225f2... (type=MessageType(2), 166 bytes)
2026-01-04 00:06:35.584 | DEBUG    | Source 54c225f2...: seq=49 (novo highest, window: 11 seqs)
2026-01-04 00:06:35.584 | WARNING  | ⚠️  Certificado do Sink não disponível para verificação
2026-01-04 00:06:35.584 | DEBUG    |    hasattr _sink_cert: False
2026-01-04 00:06:35.584 | ERROR    | ❌ Assinatura de heartbeat inválida!
2026-01-04 00:06:40.576 | INFO     | [OP-20260104_000220-0042] NOTIFICATION | Remote: E0:D3:62:D7:47:03 | Char: 12340001-0000-1000-8000-00805f9b34fb | Data: 236 bytes | Hex: 54c225f24e894134bf27c5e9148e17c154c225f24e894134bf27c5e9148e17c1020100000032b3838ec8b591024e4685dc85058625378bec7e3a6a0aceadfc43 | ASCII: T.%.N.A4.'......T.%.N.A4.'...........2.......NF.....%7..~:j....C [TRUNCATED]
2026-01-04 00:06:40.577 | DEBUG    | 📥 Pacote recebido de uplink: 54c225f2... → 54c225f2... (type=MessageType(2), ttl=1)
2026-01-04 00:06:40.578 | DEBUG    | Source 54c225f2...: seq=50 (novo highest, window: 12 seqs)
2026-01-04 00:06:40.578 | DEBUG    | 📚 Aprendido: 54c225f2... → uplink
2026-01-04 00:06:40.579 | INFO     | 📨 Entregando localmente: 54c225f2... → 54c225f2... (type=MessageType(2), 166 bytes)
2026-01-04 00:06:40.580 | DEBUG    | Source 54c225f2...: seq=50 (novo highest, window: 12 seqs)
2026-01-04 00:06:40.580 | WARNING  | ⚠️  Certificado do Sink não disponível para verificação
2026-01-04 00:06:40.581 | DEBUG    |    hasattr _sink_cert: False
2026-01-04 00:06:40.582 | ERROR    | ❌ Assinatura de heartbeat inválida!
2026-01-04 00:06:45.575 | INFO     | [OP-20260104_000220-0043] NOTIFICATION | Remote: E0:D3:62:D7:47:03 | Char: 12340001-0000-1000-8000-00805f9b34fb | Data: 236 bytes | Hex: 54c225f24e894134bf27c5e9148e17c154c225f24e894134bf27c5e9148e17c1020100000033d01dcc098700432cc3b06f5de168562091818e60f9ef8e83a343 | ASCII: T.%.N.A4.'......T.%.N.A4.'...........3......C,..o].hV ...`.....C [TRUNCATED]
2026-01-04 00:06:45.576 | DEBUG    | 📥 Pacote recebido de uplink: 54c225f2... → 54c225f2... (type=MessageType(2), ttl=1)
2026-01-04 00:06:45.577 | DEBUG    | Source 54c225f2...: seq=51 (novo highest, window: 13 seqs)
2026-01-04 00:06:45.577 | DEBUG    | 📚 Aprendido: 54c225f2... → uplink
2026-01-04 00:06:45.578 | INFO     | 📨 Entregando localmente: 54c225f2... → 54c225f2... (type=MessageType(2), 166 bytes)
2026-01-04 00:06:45.579 | DEBUG    | Source 54c225f2...: seq=51 (novo highest, window: 13 seqs)
2026-01-04 00:06:45.579 | WARNING  | ⚠️  Certificado do Sink não disponível para verificação
2026-01-04 00:06:45.580 | DEBUG    |    hasattr _sink_cert: False
2026-01-04 00:06:45.581 | ERROR    | ❌ Assinatura de heartbeat inválida!
2026-01-04 00:06:50.565 | INFO     | [OP-20260104_000220-0044] NOTIFICATION | Remote: E0:D3:62:D7:47:03 | Char: 12340001-0000-1000-8000-00805f9b34fb | Data: 236 bytes | Hex: 54c225f24e894134bf27c5e9148e17c154c225f24e894134bf27c5e9148e17c1020100000034810be9b48b3ad65a3bab5dc62aa8c423ad4afc04675cc79bb81e | ASCII: T.%.N.A4.'......T.%.N.A4.'...........4.....:.Z;.].*..#.J..g\.... [TRUNCATED]
2026-01-04 00:06:50.566 | DEBUG    | 📥 Pacote recebido de uplink: 54c225f2... → 54c225f2... (type=MessageType(2), ttl=1)
2026-01-04 00:06:50.567 | DEBUG    | Source 54c225f2...: seq=52 (novo highest, window: 14 seqs)
2026-01-04 00:06:50.568 | DEBUG    | 📚 Aprendido: 54c225f2... → uplink
2026-01-04 00:06:50.568 | INFO     | 📨 Entregando localmente: 54c225f2... → 54c225f2... (type=MessageType(2), 166 bytes)
2026-01-04 00:06:50.569 | DEBUG    | Source 54c225f2...: seq=52 (novo highest, window: 14 seqs)
2026-01-04 00:06:50.569 | WARNING  | ⚠️  Certificado do Sink não disponível para verificação
2026-01-04 00:06:50.570 | DEBUG    |    hasattr _sink_cert: False
2026-01-04 00:06:50.570 | ERROR    | ❌ Assinatura de heartbeat inválida!
2026-01-04 00:06:55.559 | INFO     | [OP-20260104_000220-0045] NOTIFICATION | Remote: E0:D3:62:D7:47:03 | Char: 12340001-0000-1000-8000-00805f9b34fb | Data: 236 bytes | Hex: 54c225f24e894134bf27c5e9148e17c154c225f24e894134bf27c5e9148e17c10201000000357a6d08e0bb7d2465ec80ec930bead0621c1661c91046df6ea032 | ASCII: T.%.N.A4.'......T.%.N.A4.'...........5zm...}$e.......b..a..F.n.2 [TRUNCATED]
2026-01-04 00:06:55.560 | DEBUG    | 📥 Pacote recebido de uplink: 54c225f2... → 54c225f2... (type=MessageType(2), ttl=1)
2026-01-04 00:06:55.561 | DEBUG    | Source 54c225f2...: seq=53 (novo highest, window: 15 seqs)
2026-01-04 00:06:55.562 | DEBUG    | 📚 Aprendido: 54c225f2... → uplink
2026-01-04 00:06:55.562 | INFO     | 📨 Entregando localmente: 54c225f2... → 54c225f2... (type=MessageType(2), 166 bytes)
2026-01-04 00:06:55.564 | DEBUG    | Source 54c225f2...: seq=53 (novo highest, window: 15 seqs)
2026-01-04 00:06:55.564 | WARNING  | ⚠️  Certificado do Sink não disponível para verificação
2026-01-04 00:06:55.565 | DEBUG    |    hasattr _sink_cert: False
2026-01-04 00:06:55.566 | ERROR    | ❌ Assinatura de heartbeat inválida!
2026-01-04 00:07:00.556 | INFO     | [OP-20260104_000220-0046] NOTIFICATION | Remote: E0:D3:62:D7:47:03 | Char: 12340001-0000-1000-8000-00805f9b34fb | Data: 236 bytes | Hex: 54c225f24e894134bf27c5e9148e17c154c225f24e894134bf27c5e9148e17c102010000003638316ee767a1b18c91f2465ea1aac5d31cc83423c17697738ffd | ASCII: T.%.N.A4.'......T.%.N.A4.'...........681n.g.....F^......4#.v.s.. [TRUNCATED]
2026-01-04 00:07:00.557 | DEBUG    | 📥 Pacote recebido de uplink: 54c225f2... → 54c225f2... (type=MessageType(2), ttl=1)
2026-01-04 00:07:00.558 | DEBUG    | Source 54c225f2...: seq=54 (novo highest, window: 16 seqs)
2026-01-04 00:07:00.559 | DEBUG    | 📚 Aprendido: 54c225f2... → uplink
2026-01-04 00:07:00.559 | INFO     | 📨 Entregando localmente: 54c225f2... → 54c225f2... (type=MessageType(2), 166 bytes)
2026-01-04 00:07:00.560 | DEBUG    | Source 54c225f2...: seq=54 (novo highest, window: 16 seqs)
2026-01-04 00:07:00.560 | WARNING  | ⚠️  Certificado do Sink não disponível para verificação
2026-01-04 00:07:00.560 | DEBUG    |    hasattr _sink_cert: False
2026-01-04 00:07:00.560 | ERROR    | ❌ Assinatura de heartbeat inválida!
2026-01-04 00:07:05.550 | INFO     | [OP-20260104_000220-0047] NOTIFICATION | Remote: E0:D3:62:D7:47:03 | Char: 12340001-0000-1000-8000-00805f9b34fb | Data: 236 bytes | Hex: 54c225f24e894134bf27c5e9148e17c154c225f24e894134bf27c5e9148e17c1020100000037451bbbfc8ada6de1f58ac9db0c52bd3edd063c6b7a2d99cb7dfe | ASCII: T.%.N.A4.'......T.%.N.A4.'...........7E.....m......R.>..<kz-..}. [TRUNCATED]
2026-01-04 00:07:05.551 | DEBUG    | 📥 Pacote recebido de uplink: 54c225f2... → 54c225f2... (type=MessageType(2), ttl=1)
2026-01-04 00:07:05.552 | DEBUG    | Source 54c225f2...: seq=55 (novo highest, window: 17 seqs)
2026-01-04 00:07:05.552 | DEBUG    | 📚 Aprendido: 54c225f2... → uplink
2026-01-04 00:07:05.553 | INFO     | 📨 Entregando localmente: 54c225f2... → 54c225f2... (type=MessageType(2), 166 bytes)
2026-01-04 00:07:05.554 | DEBUG    | Source 54c225f2...: seq=55 (novo highest, window: 17 seqs)
2026-01-04 00:07:05.554 | WARNING  | ⚠️  Certificado do Sink não disponível para verificação
2026-01-04 00:07:05.555 | DEBUG    |    hasattr _sink_cert: False
2026-01-04 00:07:05.556 | ERROR    | ❌ Assinatura de heartbeat inválida!
2026-01-04 00:07:10.589 | INFO     | [OP-20260104_000220-0048] NOTIFICATION | Remote: E0:D3:62:D7:47:03 | Char: 12340001-0000-1000-8000-00805f9b34fb | Data: 236 bytes | Hex: 54c225f24e894134bf27c5e9148e17c154c225f24e894134bf27c5e9148e17c1020100000038360cb70b9f5d85bb9e66250b5460698627002afe46d4e26d12ca | ASCII: T.%.N.A4.'......T.%.N.A4.'...........86....]...f%.T`i.'.*.F..m.. [TRUNCATED]
2026-01-04 00:07:10.591 | DEBUG    | 📥 Pacote recebido de uplink: 54c225f2... → 54c225f2... (type=MessageType(2), ttl=1)
2026-01-04 00:07:10.591 | DEBUG    | Source 54c225f2...: seq=56 (novo highest, window: 18 seqs)
2026-01-04 00:07:10.592 | DEBUG    | 📚 Aprendido: 54c225f2... → uplink
2026-01-04 00:07:10.592 | INFO     | 📨 Entregando localmente: 54c225f2... → 54c225f2... (type=MessageType(2), 166 bytes)
2026-01-04 00:07:10.593 | DEBUG    | Source 54c225f2...: seq=56 (novo highest, window: 18 seqs)
2026-01-04 00:07:10.594 | WARNING  | ⚠️  Certificado do Sink não disponível para verificação
2026-01-04 00:07:10.595 | DEBUG    |    hasattr _sink_cert: False
2026-01-04 00:07:10.595 | ERROR    | ❌ Assinatura de heartbeat inválida!
2026-01-04 00:07:15.585 | INFO     | [OP-20260104_000220-0049] NOTIFICATION | Remote: E0:D3:62:D7:47:03 | Char: 12340001-0000-1000-8000-00805f9b34fb | Data: 236 bytes | Hex: 54c225f24e894134bf27c5e9148e17c154c225f24e894134bf27c5e9148e17c102010000003907c861fbb640fff4fd715ffb5c407b6fe7be34eddb239ec51c83 | ASCII: T.%.N.A4.'......T.%.N.A4.'...........9..a..@...q_.\@{o..4..#.... [TRUNCATED]
2026-01-04 00:07:15.586 | DEBUG    | 📥 Pacote recebido de uplink: 54c225f2... → 54c225f2... (type=MessageType(2), ttl=1)
2026-01-04 00:07:15.587 | DEBUG    | Source 54c225f2...: seq=57 (novo highest, window: 19 seqs)
2026-01-04 00:07:15.587 | DEBUG    | 📚 Aprendido: 54c225f2... → uplink
2026-01-04 00:07:15.588 | INFO     | 📨 Entregando localmente: 54c225f2... → 54c225f2... (type=MessageType(2), 166 bytes)
2026-01-04 00:07:15.589 | DEBUG    | Source 54c225f2...: seq=57 (novo highest, window: 19 seqs)
2026-01-04 00:07:15.589 | WARNING  | ⚠️  Certificado do Sink não disponível para verificação
2026-01-04 00:07:15.591 | DEBUG    |    hasattr _sink_cert: False
2026-01-04 00:07:15.591 | ERROR    | ❌ Assinatura de heartbeat inválida!
2026-01-04 00:07:20.578 | INFO     | [OP-20260104_000220-0050] NOTIFICATION | Remote: E0:D3:62:D7:47:03 | Char: 12340001-0000-1000-8000-00805f9b34fb | Data: 236 bytes | Hex: 54c225f24e894134bf27c5e9148e17c154c225f24e894134bf27c5e9148e17c102010000003a9bf11e8d2571ed007be408394856a684e3ad28d5e2e195f10919 | ASCII: T.%.N.A4.'......T.%.N.A4.'...........:....%q..{..9HV....(....... [TRUNCATED]
2026-01-04 00:07:20.580 | DEBUG    | 📥 Pacote recebido de uplink: 54c225f2... → 54c225f2... (type=MessageType(2), ttl=1)
2026-01-04 00:07:20.581 | DEBUG    | Source 54c225f2...: seq=58 (novo highest, window: 20 seqs)
2026-01-04 00:07:20.581 | DEBUG    | 📚 Aprendido: 54c225f2... → uplink
2026-01-04 00:07:20.582 | INFO     | 📨 Entregando localmente: 54c225f2... → 54c225f2... (type=MessageType(2), 166 bytes)
2026-01-04 00:07:20.583 | DEBUG    | Source 54c225f2...: seq=58 (novo highest, window: 20 seqs)
2026-01-04 00:07:20.584 | WARNING  | ⚠️  Certificado do Sink não disponível para verificação
2026-01-04 00:07:20.585 | DEBUG    |    hasattr _sink_cert: False
2026-01-04 00:07:20.585 | ERROR    | ❌ Assinatura de heartbeat inválida!
2026-01-04 00:07:25.574 | INFO     | [OP-20260104_000220-0051] NOTIFICATION | Remote: E0:D3:62:D7:47:03 | Char: 12340001-0000-1000-8000-00805f9b34fb | Data: 236 bytes | Hex: 54c225f24e894134bf27c5e9148e17c154c225f24e894134bf27c5e9148e17c102010000003be50f030faa08bd6e8366c4cdd553edbc75c1aeb97aefece804e1 | ASCII: T.%.N.A4.'......T.%.N.A4.'...........;.......n.f...S..u...z..... [TRUNCATED]
2026-01-04 00:07:25.575 | DEBUG    | 📥 Pacote recebido de uplink: 54c225f2... → 54c225f2... (type=MessageType(2), ttl=1)
2026-01-04 00:07:25.576 | DEBUG    | Source 54c225f2...: seq=59 (novo highest, window: 21 seqs)
2026-01-04 00:07:25.576 | DEBUG    | 📚 Aprendido: 54c225f2... → uplink
2026-01-04 00:07:25.577 | INFO     | 📨 Entregando localmente: 54c225f2... → 54c225f2... (type=MessageType(2), 166 bytes)
2026-01-04 00:07:25.578 | DEBUG    | Source 54c225f2...: seq=59 (novo highest, window: 21 seqs)
2026-01-04 00:07:25.578 | WARNING  | ⚠️  Certificado do Sink não disponível para verificação
2026-01-04 00:07:25.579 | DEBUG    |    hasattr _sink_cert: False
2026-01-04 00:07:25.580 | ERROR    | ❌ Assinatura de heartbeat inválida!
2026-01-04 00:07:30.569 | INFO     | [OP-20260104_000220-0052] NOTIFICATION | Remote: E0:D3:62:D7:47:03 | Char: 12340001-0000-1000-8000-00805f9b34fb | Data: 236 bytes | Hex: 54c225f24e894134bf27c5e9148e17c154c225f24e894134bf27c5e9148e17c102010000003c8bfe9f66a15322ab30d4b11aa2c8ad2304de645adeca066e5a79 | ASCII: T.%.N.A4.'......T.%.N.A4.'...........<...f.S".0......#..dZ...nZy [TRUNCATED]
2026-01-04 00:07:30.571 | DEBUG    | 📥 Pacote recebido de uplink: 54c225f2... → 54c225f2... (type=MessageType(2), ttl=1)
2026-01-04 00:07:30.571 | DEBUG    | Source 54c225f2...: seq=60 (novo highest, window: 22 seqs)
2026-01-04 00:07:30.572 | DEBUG    | 📚 Aprendido: 54c225f2... → uplink
2026-01-04 00:07:30.572 | INFO     | 📨 Entregando localmente: 54c225f2... → 54c225f2... (type=MessageType(2), 166 bytes)
2026-01-04 00:07:30.573 | DEBUG    | Source 54c225f2...: seq=60 (novo highest, window: 22 seqs)
2026-01-04 00:07:30.574 | WARNING  | ⚠️  Certificado do Sink não disponível para verificação
2026-01-04 00:07:30.575 | DEBUG    |    hasattr _sink_cert: False
2026-01-04 00:07:30.575 | ERROR    | ❌ Assinatura de heartbeat inválida!
2026-01-04 00:07:34.869 | INFO     | A parar Node...
2026-01-04 00:07:34.871 | INFO     | A parar GATT Server...
2026-01-04 00:07:34.873 | INFO     | ✅ GATT Server parado
2026-01-04 00:07:37.017 | INFO     | Desconectado de E0:D3:62:D7:47:03
2026-01-04 00:07:37.019 | INFO     | [OP-20260104_000220-0053] DISCONNECT | Remote: E0:D3:62:D7:47:03 | Reason: normal
2026-01-04 00:07:37.023 | INFO     | ✅ Node parado
