2025-12-27 23:26:51.256 | INFO     | BLE Operation Logger iniciado: ble_operations_A08869B6F7D2_20251227_232651.log
2025-12-27 23:26:51.257 | INFO     | Scanner BLE iniciado: hci0 (A0:88:69:B6:F7:D2)
2025-12-27 23:26:51.257 | INFO     | BLE Client iniciado
2025-12-27 23:26:51.258 | INFO     | BLE Client criado
2025-12-27 23:26:51.258 | INFO     | NeighborDiscovery inicializado: scan_interval=30s, scan_duration=5000ms, timeout=120s
2025-12-27 23:26:51.259 | INFO     | NeighborDiscovery criado
2025-12-27 23:26:51.259 | INFO     | Link Manager iniciado
2025-12-27 23:26:51.259 | INFO     | LinkManager criado
2025-12-27 23:26:56.138 | INFO     | A iniciar scan de vizinhos...
2025-12-27 23:26:56.140 | DEBUG    | A limpar cache de scan BLE...
2025-12-27 23:26:56.350 | DEBUG    | Cache de scan limpo
2025-12-27 23:26:56.351 | INFO     | A fazer scan BLE durante 5000ms...
2025-12-27 23:26:56.353 | INFO     | [OP-20251227_232651-0001] SCAN_START | Duration: 5000ms | Filter_IoT: True
2025-12-27 23:27:01.377 | INFO     | Scan concluído: 0 dispositivos encontrados
2025-12-27 23:27:01.379 | INFO     | [OP-20251227_232651-0002] SCAN_RESULT | Devices_Found: 0
2025-12-27 23:27:01.380 | INFO     | Scan concluído: 0 dispositivos IoT encontrados
2025-12-27 23:27:11.107 | INFO     | A iniciar scan de vizinhos...
2025-12-27 23:27:11.109 | DEBUG    | A limpar cache de scan BLE...
2025-12-27 23:27:11.318 | DEBUG    | Cache de scan limpo
2025-12-27 23:27:11.319 | INFO     | A fazer scan BLE durante 5000ms...
2025-12-27 23:27:11.321 | INFO     | [OP-20251227_232651-0003] SCAN_START | Duration: 5000ms | Filter_IoT: True
2025-12-27 23:27:16.348 | INFO     | Scan concluído: 0 dispositivos encontrados
2025-12-27 23:27:16.349 | INFO     | [OP-20251227_232651-0004] SCAN_RESULT | Devices_Found: 0
2025-12-27 23:27:16.350 | INFO     | Scan concluído: 0 dispositivos IoT encontrados
2025-12-27 23:28:03.790 | INFO     | A iniciar scan de vizinhos...
2025-12-27 23:28:03.792 | DEBUG    | A limpar cache de scan BLE...
2025-12-27 23:28:04.001 | DEBUG    | Cache de scan limpo
2025-12-27 23:28:04.002 | INFO     | A fazer scan BLE durante 5000ms...
2025-12-27 23:28:04.003 | INFO     | [OP-20251227_232651-0005] SCAN_START | Duration: 5000ms | Filter_IoT: True
2025-12-27 23:28:09.024 | INFO     | Scan concluído: 0 dispositivos encontrados
2025-12-27 23:28:09.026 | INFO     | [OP-20251227_232651-0006] SCAN_RESULT | Devices_Found: 0
2025-12-27 23:28:09.027 | INFO     | Scan concluído: 0 dispositivos IoT encontrados
2025-12-27 23:28:13.458 | INFO     | A iniciar scan de vizinhos...
2025-12-27 23:28:13.460 | DEBUG    | A limpar cache de scan BLE...
2025-12-27 23:28:13.686 | DEBUG    | Cache de scan limpo
2025-12-27 23:28:13.687 | INFO     | A fazer scan BLE durante 5000ms...
2025-12-27 23:28:13.689 | INFO     | [OP-20251227_232651-0007] SCAN_START | Duration: 5000ms | Filter_IoT: True
2025-12-27 23:28:18.717 | INFO     | Scan concluído: 0 dispositivos encontrados
2025-12-27 23:28:18.719 | INFO     | [OP-20251227_232651-0008] SCAN_RESULT | Devices_Found: 0
2025-12-27 23:28:18.720 | INFO     | Scan concluído: 0 dispositivos IoT encontrados
