2026-01-04 04:41:46.288 | INFO     | BLE Operation Logger iniciado: ble_operations_E0D362D6EEA0_20260104_044146.log
2026-01-04 04:41:46.288 | INFO     | Scanner BLE iniciado: hci0 (E0:D3:62:D6:EE:A0)
2026-01-04 04:41:46.289 | INFO     | BLE Client iniciado
2026-01-04 04:41:46.289 | DEBUG    | FragmentReassembler inicializado
2026-01-04 04:41:46.289 | INFO     | ReplayProtection iniciado (window_size=100)
2026-01-04 04:41:46.290 | INFO     | 🔀 Router Daemon inicializado para NID=0abd8260...
2026-01-04 04:41:46.291 | DEBUG    | ✅ Send callback configurado
2026-01-04 04:41:46.291 | DEBUG    | ✅ Handler registado para MessageType(1)
2026-01-04 04:41:46.291 | DEBUG    | ✅ Handler registado para MessageType(2)
2026-01-04 04:41:46.291 | INFO     | IoT Node inicializado (adapter=hci0)
2026-01-04 04:41:46.293 | INFO     | ✅ Router Daemon integrado
2026-01-04 04:41:46.294 | INFO     | A configurar GATT Server...
2026-01-04 04:41:46.297 | INFO     | Application criada: /
2026-01-04 04:41:46.298 | INFO     | Service criado: /0 (UUID: 12340000-0000-1000-8000-00805f9b34fb, primary: True)
2026-01-04 04:41:46.298 | INFO     | A criar IoTNetworkService...
2026-01-04 04:41:46.299 | DEBUG    | Characteristic criada: /0/char0 (UUID: 12340001-0000-1000-8000-00805f9b34fb, flags: ['write', 'notify'])
2026-01-04 04:41:46.299 | INFO     | NetworkPacketCharacteristic criada
2026-01-04 04:41:46.301 | DEBUG    | Characteristic criada: /0/char1 (UUID: 12340002-0000-1000-8000-00805f9b34fb, flags: ['read'])
2026-01-04 04:41:46.301 | INFO     | DeviceInfoCharacteristic criada: NID=0abd8260..., type=node
2026-01-04 04:41:46.301 | DEBUG    | Characteristic criada: /0/char2 (UUID: 12340003-0000-1000-8000-00805f9b34fb, flags: ['read', 'notify'])
2026-01-04 04:41:46.302 | INFO     | NeighborTableCharacteristic criada
2026-01-04 04:41:46.303 | DEBUG    | Characteristic criada: /0/char3 (UUID: 12340004-0000-1000-8000-00805f9b34fb, flags: ['write', 'indicate'])
2026-01-04 04:41:46.304 | INFO     | AuthCharacteristic criada
2026-01-04 04:41:46.304 | DEBUG    | Characteristic adicionada a /0: /0/char0
2026-01-04 04:41:46.304 | DEBUG    | Characteristic adicionada a /0: /0/char1
2026-01-04 04:41:46.304 | DEBUG    | Characteristic adicionada a /0: /0/char2
2026-01-04 04:41:46.305 | DEBUG    | Characteristic adicionada a /0: /0/char3
2026-01-04 04:41:46.305 | INFO     | ✅ IoTNetworkService criado com sucesso!
2026-01-04 04:41:46.305 | INFO     | Service adicionado à aplicação: /0
2026-01-04 04:41:46.306 | DEBUG    | Packet callback definido
2026-01-04 04:41:46.306 | DEBUG    | Auth callback definido
2026-01-04 04:41:46.306 | INFO     | Advertisement criado: /org/bluez/iot/advertisement0 (type: peripheral)
2026-01-04 04:41:46.307 | INFO     | ✅ Service UUID adicionado ao advertising: 12340000-0000-1000-8000-00805f9b34fb
2026-01-04 04:41:46.308 | INFO     |    Lista atual de UUIDs: ['12340000-0000-1000-8000-00805f9b34fb']
2026-01-04 04:41:46.309 | DEBUG    | Local name definido: IoT-Node-0abd8260
2026-01-04 04:41:46.310 | DEBUG    | Manufacturer data adicionado: ID=65535
2026-01-04 04:41:46.310 | INFO     | ✅ GATT Server configurado
2026-01-04 04:41:46.311 | INFO     | A iniciar GATT Server...
2026-01-04 04:41:46.314 | INFO     | ✅ GATT Server iniciado em thread separada
2026-01-04 04:41:46.315 | INFO     | ✅ Node Device iniciado - CLI interativo pronto
2026-01-04 04:41:46.319 | DEBUG    | GetManagedObjects called
2026-01-04 04:41:46.320 | DEBUG    | GetManagedObjects returning 5 objects
2026-01-04 04:41:46.391 | INFO     | ✅ GATT application registada!
2026-01-04 04:41:46.394 | DEBUG    | GetAll called on /org/bluez/iot/advertisement0
2026-01-04 04:41:46.394 | INFO     | 📡 Advertising com ServiceUUIDs: ['12340000-0000-1000-8000-00805f9b34fb']
2026-01-04 04:41:46.496 | INFO     | ✅ Advertisement registado!
2026-01-04 04:44:45.484 | INFO     | A fazer scan BLE durante 5000ms...
2026-01-04 04:44:45.487 | INFO     | [OP-20260104_044146-0001] SCAN_START | Duration: 5000ms | Filter_IoT: True
2026-01-04 04:44:50.603 | DEBUG    |   Encontrado: IoT-Node-a40543fa (58:00:E3:66:74:7C) RSSI: -78 dBm
2026-01-04 04:44:50.606 | INFO     | Scan concluído: 1 dispositivos encontrados
2026-01-04 04:44:50.608 | INFO     | [OP-20260104_044146-0002] SCAN_RESULT | Devices_Found: 1
2026-01-04 04:44:50.609 | DEBUG    | [OP-20260104_044146-0002]   Device_1: Name: IoT-Node-a40543fa | Address: 58:00:E3:66:74:7C | RSSI: -78 dBm | Services: 1
2026-01-04 04:44:50.610 | INFO     | A fazer scan BLE durante 5000ms...
2026-01-04 04:44:50.610 | INFO     | [OP-20260104_044146-0003] SCAN_START | Duration: 5000ms | Filter_IoT: True
2026-01-04 04:44:55.697 | INFO     | Scan concluído: 0 dispositivos encontrados
2026-01-04 04:44:55.698 | INFO     | [OP-20260104_044146-0004] SCAN_RESULT | Devices_Found: 0
2026-01-04 04:45:00.220 | INFO     | A conectar ao Sink 58:00:E3:66:74:7C...
2026-01-04 04:45:00.222 | DEBUG    | Peripheral 58:00:E3:66:74:7C não está em cache, fazendo scan rápido...
2026-01-04 04:45:02.332 | ERROR    | Dispositivo 58:00:E3:66:74:7C não encontrado mesmo após scan
2026-01-04 04:45:02.334 | ERROR    | ❌ Falha ao conectar ao Sink
2026-01-04 04:45:10.270 | INFO     | A fazer scan BLE durante 5000ms...
2026-01-04 04:45:10.271 | INFO     | [OP-20260104_044146-0005] SCAN_START | Duration: 5000ms | Filter_IoT: True
2026-01-04 04:45:15.382 | DEBUG    |   Encontrado: IoT-Node-a40543fa (58:00:E3:66:74:7C) RSSI: -72 dBm
2026-01-04 04:45:15.383 | INFO     | Scan concluído: 1 dispositivos encontrados
2026-01-04 04:45:15.384 | INFO     | [OP-20260104_044146-0006] SCAN_RESULT | Devices_Found: 1
2026-01-04 04:45:15.384 | DEBUG    | [OP-20260104_044146-0006]   Device_1: Name: IoT-Node-a40543fa | Address: 58:00:E3:66:74:7C | RSSI: -72 dBm | Services: 1
2026-01-04 04:45:15.384 | INFO     | A fazer scan BLE durante 5000ms...
2026-01-04 04:45:15.385 | INFO     | [OP-20260104_044146-0007] SCAN_START | Duration: 5000ms | Filter_IoT: True
2026-01-04 04:45:20.401 | INFO     | Scan concluído: 0 dispositivos encontrados
2026-01-04 04:45:20.402 | INFO     | [OP-20260104_044146-0008] SCAN_RESULT | Devices_Found: 0
2026-01-04 04:45:25.196 | INFO     | A conectar ao Sink 58:00:E3:66:74:7C...
2026-01-04 04:45:25.198 | DEBUG    | Peripheral 58:00:E3:66:74:7C não está em cache, fazendo scan rápido...
2026-01-04 04:45:27.308 | ERROR    | Dispositivo 58:00:E3:66:74:7C não encontrado mesmo após scan
2026-01-04 04:45:27.309 | ERROR    | ❌ Falha ao conectar ao Sink
2026-01-04 04:45:33.798 | INFO     | A fazer scan BLE durante 5000ms...
2026-01-04 04:45:33.799 | INFO     | [OP-20260104_044146-0009] SCAN_START | Duration: 5000ms | Filter_IoT: True
2026-01-04 04:45:38.921 | DEBUG    |   Encontrado: IoT-Node-a40543fa (58:00:E3:66:74:7C) RSSI: -68 dBm
2026-01-04 04:45:38.923 | INFO     | Scan concluído: 1 dispositivos encontrados
2026-01-04 04:45:38.924 | INFO     | [OP-20260104_044146-0010] SCAN_RESULT | Devices_Found: 1
2026-01-04 04:45:38.925 | DEBUG    | [OP-20260104_044146-0010]   Device_1: Name: IoT-Node-a40543fa | Address: 58:00:E3:66:74:7C | RSSI: -68 dBm | Services: 1
2026-01-04 04:45:38.926 | INFO     | A fazer scan BLE durante 5000ms...
2026-01-04 04:45:38.927 | INFO     | [OP-20260104_044146-0011] SCAN_START | Duration: 5000ms | Filter_IoT: True
2026-01-04 04:45:43.952 | DEBUG    |   Encontrado: IoT-Node-a40543fa (58:00:E3:66:74:7C) RSSI: -68 dBm
2026-01-04 04:45:43.955 | INFO     | Scan concluído: 1 dispositivos encontrados
2026-01-04 04:45:43.957 | INFO     | [OP-20260104_044146-0012] SCAN_RESULT | Devices_Found: 1
2026-01-04 04:45:43.958 | DEBUG    | [OP-20260104_044146-0012]   Device_1: Name: IoT-Node-a40543fa | Address: 58:00:E3:66:74:7C | RSSI: -68 dBm | Services: 1
2026-01-04 04:45:48.420 | INFO     | A conectar ao Sink 58:00:E3:66:74:7C...
2026-01-04 04:45:48.422 | DEBUG    | BLEConnection criada para 58:00:E3:66:74:7C
2026-01-04 04:45:48.423 | INFO     | A conectar a 58:00:E3:66:74:7C...
2026-01-04 04:45:48.424 | INFO     | [OP-20260104_044146-0013] CONNECT_ATTEMPT | Local: E0:D3:62:D6:EE:A0 | Remote: 58:00:E3:66:74:7C
2026-01-04 04:46:02.242 | ERROR    | Erro ao conectar a 58:00:E3:66:74:7C: The requested operation has failed.
2026-01-04 04:46:02.243 | ERROR    | [OP-20260104_044146-0014] CONNECT_FAILED | Remote: 58:00:E3:66:74:7C | Error: The requested operation has failed.
2026-01-04 04:46:02.245 | DEBUG    | Conexão falhou, tentando refresh do cache e retry...
2026-01-04 04:46:04.261 | ERROR    | Falha ao conectar a 58:00:E3:66:74:7C após todas as tentativas
2026-01-04 04:46:04.262 | ERROR    | ❌ Falha ao conectar ao Sink
2026-01-04 04:46:07.149 | INFO     | A conectar ao Sink 58:00:E3:66:74:7C...
2026-01-04 04:46:07.150 | DEBUG    | Peripheral 58:00:E3:66:74:7C não está em cache, fazendo scan rápido...
2026-01-04 04:46:09.166 | ERROR    | Dispositivo 58:00:E3:66:74:7C não encontrado mesmo após scan
2026-01-04 04:46:09.167 | ERROR    | ❌ Falha ao conectar ao Sink
2026-01-04 04:46:13.000 | INFO     | A fazer scan BLE durante 5000ms...
2026-01-04 04:46:13.002 | INFO     | [OP-20260104_044146-0015] SCAN_START | Duration: 5000ms | Filter_IoT: True
2026-01-04 04:46:18.016 | INFO     | Scan concluído: 0 dispositivos encontrados
2026-01-04 04:46:18.019 | INFO     | [OP-20260104_044146-0016] SCAN_RESULT | Devices_Found: 0
2026-01-04 04:46:18.020 | INFO     | A fazer scan BLE durante 5000ms...
2026-01-04 04:46:18.024 | INFO     | [OP-20260104_044146-0017] SCAN_START | Duration: 5000ms | Filter_IoT: True
2026-01-04 04:46:23.048 | INFO     | Scan concluído: 0 dispositivos encontrados
2026-01-04 04:46:23.049 | INFO     | [OP-20260104_044146-0018] SCAN_RESULT | Devices_Found: 0
2026-01-04 04:46:26.407 | INFO     | A fazer scan BLE durante 5000ms...
2026-01-04 04:46:26.408 | INFO     | [OP-20260104_044146-0019] SCAN_START | Duration: 5000ms | Filter_IoT: True
2026-01-04 04:46:31.427 | INFO     | Scan concluído: 0 dispositivos encontrados
2026-01-04 04:46:31.428 | INFO     | [OP-20260104_044146-0020] SCAN_RESULT | Devices_Found: 0
2026-01-04 04:46:31.430 | INFO     | A fazer scan BLE durante 5000ms...
2026-01-04 04:46:31.431 | INFO     | [OP-20260104_044146-0021] SCAN_START | Duration: 5000ms | Filter_IoT: True
2026-01-04 04:46:36.453 | DEBUG    |   Encontrado: IoT-Node-a40543fa (58:00:E3:66:74:7C) RSSI: -60 dBm
2026-01-04 04:46:36.456 | INFO     | Scan concluído: 1 dispositivos encontrados
2026-01-04 04:46:36.457 | INFO     | [OP-20260104_044146-0022] SCAN_RESULT | Devices_Found: 1
2026-01-04 04:46:36.459 | DEBUG    | [OP-20260104_044146-0022]   Device_1: Name: IoT-Node-a40543fa | Address: 58:00:E3:66:74:7C | RSSI: -60 dBm | Services: 1
2026-01-04 04:46:42.001 | INFO     | A conectar ao Sink 58:00:E3:66:74:7C...
2026-01-04 04:46:42.003 | DEBUG    | BLEConnection criada para 58:00:E3:66:74:7C
2026-01-04 04:46:42.004 | INFO     | A conectar a 58:00:E3:66:74:7C...
2026-01-04 04:46:42.005 | INFO     | [OP-20260104_044146-0023] CONNECT_ATTEMPT | Local: E0:D3:62:D6:EE:A0 | Remote: 58:00:E3:66:74:7C
2026-01-04 04:46:45.459 | INFO     | ✅ Conectado a 58:00:E3:66:74:7C
2026-01-04 04:46:45.460 | INFO     | [OP-20260104_044146-0024] CONNECT_SUCCESS | Remote: 58:00:E3:66:74:7C | Time: 3452.26ms
2026-01-04 04:46:45.462 | DEBUG    | ✅ Conexão estabelecida. Operações GATT usarão D-Bus se necessário.
2026-01-04 04:46:45.463 | INFO     | ✅ Conectado ao Sink via GATT
2026-01-04 04:46:45.467 | DEBUG    | Descobertos 3 serviços
2026-01-04 04:46:45.469 | DEBUG    | Serviço 12340000-0000-1000-8000-00805f9b34fb encontrado
2026-01-04 04:46:45.470 | INFO     | ✅ Serviço IoT Network encontrado
2026-01-04 04:46:45.472 | DEBUG    | 🔄 Timestamp de heartbeat resetado para nova conexão
2026-01-04 04:46:45.473 | INFO     | A subscrever a notificações...
2026-01-04 04:46:46.082 | INFO     | ✅ Subscrito a notificações: 12340001-0000-1000-8000-00805f9b34fb
2026-01-04 04:46:46.082 | INFO     | [OP-20260104_044146-0025] SUBSCRIBE_SUCCESS | Remote: 58:00:E3:66:74:7C | Char: 12340001-0000-1000-8000-00805f9b34fb
2026-01-04 04:46:46.083 | INFO     | ✅ Subscrito a NETWORK_PACKET
2026-01-04 04:46:46.084 | DEBUG    | [OP-20260104_044146-0026] READ_REQUEST | Remote: 58:00:E3:66:74:7C | Service: 12340000-0000-1000-8000-00805f9b34fb | Char: 12340002-0000-1000-8000-00805f9b34fb
2026-01-04 04:46:46.171 | DEBUG    | Read 12340002-0000-1000-8000-00805f9b34fb: 18 bytes
2026-01-04 04:46:46.171 | INFO     | [OP-20260104_044146-0027] READ_RESPONSE | Remote: 58:00:E3:66:74:7C | Char: 12340002-0000-1000-8000-00805f9b34fb | Data: 18 bytes | Hex: a40543face324331ad8d4798037bfbc7ff00 | ASCII: ..C..2C1..G..{....
2026-01-04 04:46:46.172 | INFO     | ✅ Conectado ao Sink - hop_count=0
2026-01-04 04:46:46.172 | INFO     | 🔐 A iniciar autenticação com Sink...
2026-01-04 04:46:46.173 | DEBUG    | 📡 A subscrever a AUTH characteristic...
2026-01-04 04:46:46.261 | INFO     | ✅ Subscrito a notificações: 12340004-0000-1000-8000-00805f9b34fb
2026-01-04 04:46:46.263 | INFO     | [OP-20260104_044146-0028] SUBSCRIBE_SUCCESS | Remote: 58:00:E3:66:74:7C | Char: 12340004-0000-1000-8000-00805f9b34fb
2026-01-04 04:46:46.264 | DEBUG    | ✅ Subscrito a AUTH indications
2026-01-04 04:46:46.264 | INFO     | AuthenticationProtocol inicializado para 0abd8260...
2026-01-04 04:46:46.265 | INFO     | 📤 Enviando certificado...
2026-01-04 04:46:46.266 | INFO     | 🔐 Iniciando autenticação - enviando certificado...
2026-01-04 04:46:46.266 | INFO     |    Certificado: 887 bytes
2026-01-04 04:46:46.267 | DEBUG    |    Estado: IDLE → CERT_SENT
2026-01-04 04:46:46.267 | INFO     | Fragmentando mensagem de 890 bytes em 5 fragmentos
2026-01-04 04:46:46.268 | DEBUG    |   Fragmento 1/5: 180 bytes, flags=0x01
2026-01-04 04:46:46.269 | DEBUG    |   Fragmento 2/5: 180 bytes, flags=0x00
2026-01-04 04:46:46.270 | DEBUG    |   Fragmento 3/5: 180 bytes, flags=0x00
2026-01-04 04:46:46.270 | DEBUG    |   Fragmento 4/5: 180 bytes, flags=0x00
2026-01-04 04:46:46.271 | DEBUG    |   Fragmento 5/5: 170 bytes, flags=0x02
2026-01-04 04:46:46.271 | DEBUG    | Enviando mensagem auth: 890 bytes em 5 fragmento(s)
2026-01-04 04:46:46.273 | INFO     | [OP-20260104_044146-0029] WRITE_REQUEST | Remote: 58:00:E3:66:74:7C | Char: 12340004-0000-1000-8000-00805f9b34fb | Data: 183 bytes | Hex: 0100050103772d2d2d2d2d424547494e2043455254494649434154452d2d2d2d2d0a4d4949435954434341634b674177494241674955425269314a556f385272 | ASCII: .....w-----BEGIN CERTIFICATE-----.MIICYTCCAcKgAwIBAgIUBRi1JUo8Rr [TRUNCATED]
2026-01-04 04:46:46.349 | DEBUG    | ✅ Write via SimpleBLE: 12340004-0000-1000-8000-00805f9b34fb (183 bytes)
2026-01-04 04:46:46.350 | INFO     | [OP-20260104_044146-0030] WRITE_SUCCESS | Remote: 58:00:E3:66:74:7C | Char: 12340004-0000-1000-8000-00805f9b34fb
2026-01-04 04:46:46.351 | DEBUG    |   Fragmento 1/5 enviado
2026-01-04 04:46:46.455 | INFO     | [OP-20260104_044146-0031] WRITE_REQUEST | Remote: 58:00:E3:66:74:7C | Char: 12340004-0000-1000-8000-00805f9b34fb | Data: 183 bytes | Hex: 0001054d446b6c765643424f5a58523362334a7249454e424d423458445449324d4445774e4441774e5463784e566f580a44544d324d4445774d6a41774e5463 | ASCII: ...MDklvVCBOZXR3b3JrIENBMB4XDTI2MDEwNDAwNTcxNVoX.DTM2MDEwMjAwNTc [TRUNCATED]
2026-01-04 04:46:46.574 | DEBUG    | ✅ Write via SimpleBLE: 12340004-0000-1000-8000-00805f9b34fb (183 bytes)
2026-01-04 04:46:46.574 | INFO     | [OP-20260104_044146-0032] WRITE_SUCCESS | Remote: 58:00:E3:66:74:7C | Char: 12340004-0000-1000-8000-00805f9b34fb
2026-01-04 04:46:46.575 | DEBUG    |   Fragmento 2/5 enviado
2026-01-04 04:46:46.676 | INFO     | [OP-20260104_044146-0033] WRITE_REQUEST | Remote: 58:00:E3:66:74:7C | Char: 12340004-0000-1000-8000-00805f9b34fb | Data: 183 bytes | Hex: 000205675a7377454159484b6f5a497a6a3043415159464b34454541434d44675959414241415a47726f48704c3249416f6e354f56414d2f534c41433941790a | ASCII: ...gZswEAYHKoZIzj0CAQYFK4EEACMDgYYABAAZGroHpL2IAon5OVAM/SLAC9Ay. [TRUNCATED]
2026-01-04 04:46:46.754 | DEBUG    | ✅ Write via SimpleBLE: 12340004-0000-1000-8000-00805f9b34fb (183 bytes)
2026-01-04 04:46:46.755 | INFO     | [OP-20260104_044146-0034] WRITE_SUCCESS | Remote: 58:00:E3:66:74:7C | Char: 12340004-0000-1000-8000-00805f9b34fb
2026-01-04 04:46:46.755 | DEBUG    |   Fragmento 3/5 enviado
2026-01-04 04:46:46.857 | INFO     | [OP-20260104_044146-0035] WRITE_REQUEST | Remote: 58:00:E3:66:74:7C | Char: 12340004-0000-1000-8000-00805f9b34fb | Data: 183 bytes | Hex: 000305594d574c6568665250740a4e64354f775453414a4e694f3069637059514f355a614d344d44597744415944565230544151482f424149774144414f4267 | ASCII: ...YMWLehfRPt.Nd5OwTSAJNiO0icpYQO5ZaM4MDYwDAYDVR0TAQH/BAIwADAOBg [TRUNCATED]
2026-01-04 04:46:46.934 | DEBUG    | ✅ Write via SimpleBLE: 12340004-0000-1000-8000-00805f9b34fb (183 bytes)
2026-01-04 04:46:46.935 | INFO     | [OP-20260104_044146-0036] WRITE_SUCCESS | Remote: 58:00:E3:66:74:7C | Char: 12340004-0000-1000-8000-00805f9b34fb
2026-01-04 04:46:46.936 | DEBUG    |   Fragmento 4/5 enviado
2026-01-04 04:46:47.038 | INFO     | [OP-20260104_044146-0037] WRITE_REQUEST | Remote: 58:00:E3:66:74:7C | Char: 12340004-0000-1000-8000-00805f9b34fb | Data: 173 bytes | Hex: 020405653836677866637859446f747047433179376761726a6850680a547133775375714333506b30754371454b3853702f5345435167456a385939726a546f | ASCII: ...e86gxfcxYDotpGC1y7garjhPh.Tq3wSuqC3Pk0uCqEK8Sp/SECQgEj8Y9rjTo [TRUNCATED]
2026-01-04 04:46:47.115 | DEBUG    | ✅ Write via SimpleBLE: 12340004-0000-1000-8000-00805f9b34fb (173 bytes)
2026-01-04 04:46:47.116 | INFO     | [OP-20260104_044146-0038] WRITE_SUCCESS | Remote: 58:00:E3:66:74:7C | Char: 12340004-0000-1000-8000-00805f9b34fb
2026-01-04 04:46:47.116 | DEBUG    |   Fragmento 5/5 enviado
2026-01-04 04:46:47.219 | DEBUG    | Autenticação round 1/10
2026-01-04 04:46:47.719 | DEBUG    | Sem resposta ainda, continuando...
2026-01-04 04:46:47.719 | DEBUG    | Autenticação round 2/10
2026-01-04 04:46:48.220 | DEBUG    | Sem resposta ainda, continuando...
2026-01-04 04:46:48.220 | DEBUG    | Autenticação round 3/10
2026-01-04 04:46:48.720 | DEBUG    | Sem resposta ainda, continuando...
2026-01-04 04:46:48.720 | DEBUG    | Autenticação round 4/10
2026-01-04 04:46:49.221 | DEBUG    | Sem resposta ainda, continuando...
2026-01-04 04:46:49.221 | DEBUG    | Autenticação round 5/10
2026-01-04 04:46:49.722 | DEBUG    | Sem resposta ainda, continuando...
2026-01-04 04:46:49.722 | DEBUG    | Autenticação round 6/10
2026-01-04 04:46:50.222 | DEBUG    | Sem resposta ainda, continuando...
2026-01-04 04:46:50.223 | DEBUG    | Autenticação round 7/10
2026-01-04 04:46:50.723 | DEBUG    | Sem resposta ainda, continuando...
2026-01-04 04:46:50.724 | DEBUG    | Autenticação round 8/10
2026-01-04 04:46:51.224 | DEBUG    | Sem resposta ainda, continuando...
2026-01-04 04:46:51.225 | DEBUG    | Autenticação round 9/10
2026-01-04 04:46:51.725 | DEBUG    | Sem resposta ainda, continuando...
2026-01-04 04:46:51.726 | DEBUG    | Autenticação round 10/10
2026-01-04 04:46:52.226 | DEBUG    | Sem resposta ainda, continuando...
2026-01-04 04:46:52.227 | ERROR    | ❌ Autenticação expirou (timeout)
2026-01-04 04:46:53.661 | INFO     | A parar Node...
2026-01-04 04:46:53.662 | INFO     | A parar GATT Server...
2026-01-04 04:46:53.663 | INFO     | ✅ GATT Server parado
2026-01-04 04:46:56.252 | INFO     | Desconectado de 58:00:E3:66:74:7C
2026-01-04 04:46:56.252 | WARNING  | ⚠️  Conexão perdida com Sink
2026-01-04 04:46:56.254 | DEBUG    | Nenhum downlink para desconectar
2026-01-04 04:46:56.253 | INFO     | [OP-20260104_044146-0039] DISCONNECT | Remote: 58:00:E3:66:74:7C | Reason: normal
2026-01-04 04:46:56.255 | INFO     | ✅ Node parado
