2025-12-27 20:55:53.048 | INFO     | BLE Operation Logger iniciado: ble_operations_A08869B6F7D2_20251227_205553.log
2025-12-27 20:55:53.049 | INFO     | Scanner BLE iniciado: hci0 (A0:88:69:B6:F7:D2)
2025-12-27 20:55:53.049 | INFO     | BLE Client iniciado
2025-12-27 20:55:53.050 | INFO     | BLE Client criado
2025-12-27 20:55:53.050 | INFO     | NeighborDiscovery inicializado: scan_interval=30s, scan_duration=5000ms, timeout=120s
2025-12-27 20:55:53.051 | INFO     | NeighborDiscovery criado
2025-12-27 20:55:53.051 | INFO     | Link Manager iniciado
2025-12-27 20:55:53.052 | INFO     | LinkManager criado
2025-12-27 20:55:56.483 | INFO     | A iniciar scan de vizinhos...
2025-12-27 20:55:56.484 | DEBUG    | A limpar cache de scan BLE...
2025-12-27 20:55:56.596 | DEBUG    | Cache de scan limpo
2025-12-27 20:55:56.596 | INFO     | A fazer scan BLE durante 5000ms...
2025-12-27 20:55:56.597 | INFO     | [OP-20251227_205553-0001] SCAN_START | Duration: 5000ms | Filter_IoT: True
2025-12-27 20:56:01.614 | INFO     | Scan concluído: 0 dispositivos encontrados
2025-12-27 20:56:01.615 | INFO     | [OP-20251227_205553-0002] SCAN_RESULT | Devices_Found: 0
2025-12-27 20:56:01.615 | INFO     | Scan concluído: 0 dispositivos IoT encontrados
2025-12-27 20:56:08.209 | INFO     | A iniciar scan de vizinhos...
2025-12-27 20:56:08.209 | DEBUG    | A limpar cache de scan BLE...
2025-12-27 20:56:08.320 | DEBUG    | Cache de scan limpo
2025-12-27 20:56:08.320 | INFO     | A fazer scan BLE durante 5000ms...
2025-12-27 20:56:08.322 | INFO     | [OP-20251227_205553-0003] SCAN_START | Duration: 5000ms | Filter_IoT: True
2025-12-27 20:56:13.345 | INFO     | Scan concluído: 0 dispositivos encontrados
2025-12-27 20:56:13.347 | INFO     | [OP-20251227_205553-0004] SCAN_RESULT | Devices_Found: 0
2025-12-27 20:56:13.348 | INFO     | Scan concluído: 0 dispositivos IoT encontrados
2025-12-27 20:56:24.595 | INFO     | A iniciar scan de vizinhos...
2025-12-27 20:56:24.598 | DEBUG    | A limpar cache de scan BLE...
2025-12-27 20:56:24.711 | DEBUG    | Cache de scan limpo
2025-12-27 20:56:24.712 | INFO     | A fazer scan BLE durante 5000ms...
2025-12-27 20:56:24.713 | INFO     | [OP-20251227_205553-0005] SCAN_START | Duration: 5000ms | Filter_IoT: True
2025-12-27 20:56:29.732 | INFO     | Scan concluído: 0 dispositivos encontrados
2025-12-27 20:56:29.733 | INFO     | [OP-20251227_205553-0006] SCAN_RESULT | Devices_Found: 0
2025-12-27 20:56:29.734 | INFO     | Scan concluído: 0 dispositivos IoT encontrados
