2025-12-27 23:31:30.844 | INFO     | common.utils.ble_logger:__init__:49 | BLE Operation Logger iniciado: ble_operations_E0D362D6EEA0_20251227_233130.log
2025-12-27 23:31:30.846 | INFO     | common.ble.gatt_client:__init__:108 | Scanner BLE iniciado: hci0 (E0:D3:62:D6:EE:A0)
2025-12-27 23:31:30.846 | INFO     | common.ble.gatt_client:__init__:442 | BLE Client iniciado
2025-12-27 23:31:48.712 | INFO     | common.utils.ble_logger:__init__:49 | BLE Operation Logger iniciado: ble_operations_E0D362D6EEA0_20251227_233148.log
2025-12-27 23:31:48.713 | INFO     | common.ble.gatt_client:__init__:108 | Scanner BLE iniciado: hci0 (E0:D3:62:D6:EE:A0)
2025-12-27 23:31:48.713 | INFO     | common.ble.gatt_client:__init__:442 | BLE Client iniciado
2025-12-27 23:31:48.713 | INFO     | common.ble.gatt_client:scan:135 | A fazer scan BLE durante 5000ms...
2025-12-27 23:31:48.713 | INFO     | common.utils.ble_logger:log_scan_start:105 | [OP-20251227_233148-0001] SCAN_START | Duration: 5000ms | Filter_IoT: False
2025-12-27 23:31:53.911 | INFO     | common.ble.gatt_client:scan:175 | Scan concluído: 0 dispositivos encontrados
2025-12-27 23:31:53.912 | INFO     | common.utils.ble_logger:log_scan_result:120 | [OP-20251227_233148-0002] SCAN_RESULT | Devices_Found: 0
2025-12-27 23:54:48.047 | INFO     | common.utils.ble_logger:__init__:49 | BLE Operation Logger iniciado: ble_operations_E0D362D6EEA0_20251227_235448.log
2025-12-27 23:54:48.048 | INFO     | common.ble.gatt_client:__init__:108 | Scanner BLE iniciado: hci0 (E0:D3:62:D6:EE:A0)
2025-12-27 23:54:48.048 | INFO     | common.ble.gatt_client:__init__:442 | BLE Client iniciado
2025-12-27 23:54:48.049 | INFO     | common.ble.gatt_client:scan:135 | A fazer scan BLE durante 5000ms...
2025-12-27 23:54:48.049 | INFO     | common.utils.ble_logger:log_scan_start:105 | [OP-20251227_235448-0001] SCAN_START | Duration: 5000ms | Filter_IoT: False
2025-12-27 23:54:53.159 | INFO     | common.ble.gatt_client:scan:175 | Scan concluído: 0 dispositivos encontrados
2025-12-27 23:54:53.160 | INFO     | common.utils.ble_logger:log_scan_result:120 | [OP-20251227_235448-0002] SCAN_RESULT | Devices_Found: 0
2025-12-28 00:00:49.716 | INFO     | common.utils.ble_logger:__init__:49 | BLE Operation Logger iniciado: ble_operations_A08869B6F7D2_20251228_000049.log
2025-12-28 00:00:49.716 | INFO     | common.ble.gatt_client:__init__:108 | Scanner BLE iniciado: hci0 (A0:88:69:B6:F7:D2)
2025-12-28 00:00:49.717 | INFO     | common.ble.gatt_client:__init__:442 | BLE Client iniciado
2025-12-28 00:00:49.717 | INFO     | common.ble.gatt_client:scan:135 | A fazer scan BLE durante 5000ms...
2025-12-28 00:00:49.718 | INFO     | common.utils.ble_logger:log_scan_start:105 | [OP-20251228_000049-0001] SCAN_START | Duration: 5000ms | Filter_IoT: False
2025-12-28 00:00:54.836 | INFO     | common.ble.gatt_client:scan:175 | Scan concluído: 3 dispositivos encontrados
2025-12-28 00:00:54.837 | INFO     | common.utils.ble_logger:log_scan_result:120 | [OP-20251228_000049-0002] SCAN_RESULT | Devices_Found: 3
2025-12-28 01:34:06.471 | INFO     | common.utils.ble_logger:__init__:49 | BLE Operation Logger iniciado: ble_operations_E0D362D74703_20251228_013406.log
2025-12-28 01:34:06.472 | INFO     | common.ble.gatt_client:__init__:108 | Scanner BLE iniciado: hci1 (E0:D3:62:D7:47:03)
2025-12-28 01:34:06.472 | INFO     | common.ble.gatt_client:__init__:442 | BLE Client iniciado
2025-12-28 01:34:06.473 | INFO     | common.ble.gatt_client:scan:135 | A fazer scan BLE durante 10000ms...
2025-12-28 01:34:06.473 | INFO     | common.utils.ble_logger:log_scan_start:105 | [OP-20251228_013406-0001] SCAN_START | Duration: 10000ms | Filter_IoT: False
2025-12-28 01:34:16.590 | INFO     | common.ble.gatt_client:scan:175 | Scan concluído: 4 dispositivos encontrados
2025-12-28 01:34:16.591 | INFO     | common.utils.ble_logger:log_scan_result:120 | [OP-20251228_013406-0002] SCAN_RESULT | Devices_Found: 4
2025-12-28 01:34:16.596 | INFO     | common.ble.gatt_client:scan:135 | A fazer scan BLE durante 10000ms...
2025-12-28 01:34:16.598 | INFO     | common.utils.ble_logger:log_scan_start:105 | [OP-20251228_013406-0003] SCAN_START | Duration: 10000ms | Filter_IoT: True
2025-12-28 01:34:26.617 | INFO     | common.ble.gatt_client:scan:175 | Scan concluído: 0 dispositivos encontrados
2025-12-28 01:34:26.618 | INFO     | common.utils.ble_logger:log_scan_result:120 | [OP-20251228_013406-0004] SCAN_RESULT | Devices_Found: 0
