[32m19:12:35[0m | [1mINFO    [0m | [36m__main__[0m:[36mmain[0m | [1m============================================================[0m
[32m19:12:35[0m | [1mINFO    [0m | [36m__main__[0m:[36mmain[0m | [1m  GATT Server Test - IoT Network Service[0m
[32m19:12:35[0m | [1mINFO    [0m | [36m__main__[0m:[36mmain[0m | [1m============================================================[0m
[32m19:12:35[0m | [1mINFO    [0m | [36m__main__[0m:[36mmain[0m | [1m
📱 Device NID: 4bcb7c06-7280-44fb-b08e-b9d4386b6dc3[0m
[32m19:12:35[0m | [1mINFO    [0m | [36m__main__[0m:[36mmain[0m | [1m   Short: 4bcb7c06...[0m
[32m19:12:35[0m | [1mINFO    [0m | [36mcommon.ble.gatt_server[0m:[36m__init__[0m | [1mApplication criada: /[0m
[32m19:12:35[0m | [1mINFO    [0m | [36m__main__[0m:[36mmain[0m | [1m
🔧 A criar IoTNetworkService...[0m
[32m19:12:35[0m | [1mINFO    [0m | [36mcommon.ble.gatt_server[0m:[36m__init__[0m | [1mService criado: /org/bluez/iot/service0 (UUID: 12340000-0000-1000-8000-00805f9b34fb, primary: True)[0m
[32m19:12:35[0m | [1mINFO    [0m | [36mcommon.ble.gatt_services[0m:[36m__init__[0m | [1mA criar IoTNetworkService...[0m
[32m19:12:35[0m | [1mINFO    [0m | [36mcommon.ble.gatt_services[0m:[36m__init__[0m | [1mNetworkPacketCharacteristic criada[0m
[32m19:12:35[0m | [1mINFO    [0m | [36mcommon.ble.gatt_services[0m:[36m__init__[0m | [1mDeviceInfoCharacteristic criada: NID=4bcb7c06..., type=node[0m
[32m19:12:35[0m | [1mINFO    [0m | [36mcommon.ble.gatt_services[0m:[36m__init__[0m | [1mNeighborTableCharacteristic criada[0m
[32m19:12:35[0m | [1mINFO    [0m | [36mcommon.ble.gatt_services[0m:[36m__init__[0m | [1mAuthCharacteristic criada[0m
[32m19:12:35[0m | [1mINFO    [0m | [36mcommon.ble.gatt_services[0m:[36m__init__[0m | [1m✅ IoTNetworkService criado com sucesso![0m
[32m19:12:35[0m | [1mINFO    [0m | [36mcommon.ble.gatt_server[0m:[36madd_service[0m | [1mService adicionado à aplicação: /org/bluez/iot/service0[0m
[32m19:12:35[0m | [1mINFO    [0m | [36m__main__[0m:[36mmain[0m | [1m
✅ Application criada com sucesso![0m
[32m19:12:35[0m | [1mINFO    [0m | [36m__main__[0m:[36mmain[0m | [1m   Service UUID: 12340000-0000-1000-8000-00805f9b34fb[0m
[32m19:12:35[0m | [1mINFO    [0m | [36m__main__[0m:[36mmain[0m | [1m   Characteristics: 4[0m
[32m19:12:35[0m | [1mINFO    [0m | [36m__main__[0m:[36mmain[0m | [1m
📡 A registar application no adaptador hci0...[0m
[32m19:12:35[0m | [1mINFO    [0m | [36mcommon.ble.gatt_server[0m:[36mregister_application[0m | [1mA usar adaptador: /org/bluez/hci0[0m
[32m19:12:35[0m | [1mINFO    [0m | [36mcommon.ble.gatt_server[0m:[36mregister_application[0m | [1mA registar GATT application...[0m
[32m19:12:35[0m | [1mINFO    [0m | [36m__main__[0m:[36mmain[0m | [1m
📢 A criar BLE Advertisement...[0m
[32m19:12:35[0m | [1mINFO    [0m | [36mcommon.ble.advertising[0m:[36m__init__[0m | [1mAdvertisement criado: /org/bluez/iot/advertisement0 (type: peripheral)[0m
[32m19:12:35[0m | [1mINFO    [0m | [36m__main__[0m:[36mmain[0m | [1m   Service UUID: 12340000-0000-1000-8000-00805f9b34fb[0m
[32m19:12:35[0m | [1mINFO    [0m | [36m__main__[0m:[36mmain[0m | [1m   Local Name: IoT-Node[0m
[32m19:12:35[0m | [1mINFO    [0m | [36m__main__[0m:[36mmain[0m | [1m📡 A registar advertisement...[0m
[32m19:12:35[0m | [1mINFO    [0m | [36mcommon.ble.advertising[0m:[36mregister_advertisement[0m | [1mA registar advertisement no adaptador: /org/bluez/hci0[0m
[32m19:12:35[0m | [1mINFO    [0m | [36m__main__[0m:[36mmain[0m | [1m
============================================================[0m
[32m19:12:35[0m | [1mINFO    [0m | [36m__main__[0m:[36mmain[0m | [1m  ✅ GATT Server a correr com Advertising![0m
[32m19:12:35[0m | [1mINFO    [0m | [36m__main__[0m:[36mmain[0m | [1m============================================================[0m
[32m19:12:35[0m | [1mINFO    [0m | [36m__main__[0m:[36mmain[0m | [1m
Dispositivo visível e disponível para conexões BLE.[0m
[32m19:12:35[0m | [1mINFO    [0m | [36m__main__[0m:[36mmain[0m | [1mPressione Ctrl+C para terminar.
[0m
[32m19:12:35[0m | [1mINFO    [0m | [36m__main__[0m:[36mmain[0m | [1m📱 Para testar com bluetoothctl:[0m
[32m19:12:35[0m | [1mINFO    [0m | [36m__main__[0m:[36mmain[0m | [1m   1. bluetoothctl[0m
[32m19:12:35[0m | [1mINFO    [0m | [36m__main__[0m:[36mmain[0m | [1m   2. scan on  → deve aparecer 'IoT-Node'[0m
[32m19:12:35[0m | [1mINFO    [0m | [36m__main__[0m:[36mmain[0m | [1m   3. connect <MAC_ADDRESS>[0m
[32m19:12:35[0m | [1mINFO    [0m | [36m__main__[0m:[36mmain[0m | [1m   4. list-attributes[0m
[32m19:12:35[0m | [1mINFO    [0m | [36m__main__[0m:[36mmain[0m | [1m[0m
[32m19:12:35[0m | [1mINFO    [0m | [36mcommon.ble.gatt_server[0m:[36m<lambda>[0m | [1m✅ GATT application registada com sucesso![0m
[32m19:12:35[0m | [1mINFO    [0m | [36mcommon.ble.advertising[0m:[36m<lambda>[0m | [1m✅ Advertisement registado com sucesso![0m
